<?xml version="1.0" encoding="UTF-8"?>
<testsuite name="com.example.test.flow.IOUFlowTests" tests="6" skipped="0" failures="0" errors="0" timestamp="2019-04-07T15:11:48" hostname="AMAC02X43TFJHCD" time="30.925">
  <properties/>
  <testcase name="SignedTransaction returned by the flow is signed by the initiator" classname="com.example.test.flow.IOUFlowTests" time="18.888"/>
  <testcase name="flow rejects invalid IOUs" classname="com.example.test.flow.IOUFlowTests" time="2.589"/>
  <testcase name="SignedTransaction returned by the flow is signed by the acceptor" classname="com.example.test.flow.IOUFlowTests" time="2.751"/>
  <testcase name="recorded transaction has no inputs and a single output, the input IOU" classname="com.example.test.flow.IOUFlowTests" time="2.248"/>
  <testcase name="flow records a transaction in both parties' transaction storages" classname="com.example.test.flow.IOUFlowTests" time="2.115"/>
  <testcase name="flow records the correct IOU in both parties' vaults" classname="com.example.test.flow.IOUFlowTests" time="2.334"/>
  <system-out><![CDATA[?[1;31m[ERROR] 11:11:48,437 [Test worker] internal.Verifier. - Error validating transaction F8EF9F428FF6A84CD634494D363A072EC75C7E14497549CA581C0B7B57D4776D. [errorCode=1dpk8h1, moreInformationAt=https://errors.corda.net/OS/4.0/1dpk8h1]
?[m java.lang.IllegalArgumentException: Failed requirement: All of the participants must be signers.
	at com.example.contract.IOUContract.verify(IOUContract.kt:68) ~[cordapp-example-contracts-0.1.jar:?]
	at net.corda.core.internal.Verifier.verifyContracts(TransactionVerifierServiceInternal.kt:377) ~[corda-core-4.0.jar:?]
	at net.corda.core.internal.Verifier.verify(TransactionVerifierServiceInternal.kt:71) ~[corda-core-4.0.jar:?]
	at net.corda.core.transactions.LedgerTransaction.verify(LedgerTransaction.kt:125) ~[corda-core-4.0.jar:?]
	at net.corda.core.transactions.TransactionBuilder.addMissingDependency(TransactionBuilder.kt:173) ~[corda-core-4.0.jar:?]
	at net.corda.core.transactions.TransactionBuilder.toWireTransactionWithContext$core(TransactionBuilder.kt:160) ~[corda-core-4.0.jar:?]
	at net.corda.core.transactions.TransactionBuilder.toWireTransactionWithContext$core$default(TransactionBuilder.kt:128) ~[corda-core-4.0.jar:?]
	at net.corda.core.transactions.TransactionBuilder.toWireTransaction(TransactionBuilder.kt:125) ~[corda-core-4.0.jar:?]
	at net.corda.testing.dsl.TestTransactionDSLInterpreter.toWireTransaction$test_utils(TestDSL.kt:95) ~[corda-test-utils-4.0.jar:?]
	at net.corda.testing.dsl.TestTransactionDSLInterpreter.verifies(TestDSL.kt:139) ~[corda-test-utils-4.0.jar:?]
	at net.corda.testing.dsl.Verifies$DefaultImpls.failsWith(LedgerDSLInterpreter.kt:45) ~[corda-test-utils-4.0.jar:?]
	at net.corda.testing.dsl.TransactionDSLInterpreter$DefaultImpls.failsWith(TransactionDSLInterpreter.kt) ~[corda-test-utils-4.0.jar:?]
	at net.corda.testing.dsl.TestTransactionDSLInterpreter.failsWith(TestDSL.kt:69) ~[corda-test-utils-4.0.jar:?]
	at net.corda.testing.dsl.Verifies$DefaultImpls.fails with(LedgerDSLInterpreter.kt:80) ~[corda-test-utils-4.0.jar:?]
	at net.corda.testing.dsl.TransactionDSLInterpreter$DefaultImpls.fails with(TransactionDSLInterpreter.kt) ~[corda-test-utils-4.0.jar:?]
	at net.corda.testing.dsl.TestTransactionDSLInterpreter.fails with(TestDSL.kt:69) ~[corda-test-utils-4.0.jar:?]
	at net.corda.testing.dsl.TransactionDSL.fails with(TransactionDSLInterpreter.kt) ~[corda-test-utils-4.0.jar:?]
	at com.example.test.contract.IOUContractTests$borrower must sign transaction$1$1.invoke(IOUContractTests.kt:70) ~[test/:?]
	at com.example.test.contract.IOUContractTests$borrower must sign transaction$1$1.invoke(IOUContractTests.kt:11) ~[test/:?]
	at net.corda.testing.dsl.LedgerDSL$transaction$1.invoke(LedgerDSLInterpreter.kt:141) ~[corda-test-utils-4.0.jar:?]
	at net.corda.testing.dsl.LedgerDSL$transaction$1.invoke(LedgerDSLInterpreter.kt:132) ~[corda-test-utils-4.0.jar:?]
	at net.corda.testing.dsl.TestLedgerDSLInterpreter.interpretTransactionDsl(TestDSL.kt:229) ~[corda-test-utils-4.0.jar:?]
	at net.corda.testing.dsl.TestLedgerDSLInterpreter.recordTransactionWithTransactionMap(TestDSL.kt:253) ~[corda-test-utils-4.0.jar:?]
	at net.corda.testing.dsl.TestLedgerDSLInterpreter._transaction(TestDSL.kt:289) ~[corda-test-utils-4.0.jar:?]
	at net.corda.testing.dsl.LedgerDSL._transaction(LedgerDSLInterpreter.kt) ~[corda-test-utils-4.0.jar:?]
	at net.corda.testing.dsl.LedgerDSL.transaction(LedgerDSLInterpreter.kt:141) ~[corda-test-utils-4.0.jar:?]
	at net.corda.testing.dsl.LedgerDSL.transaction$default(LedgerDSLInterpreter.kt:139) ~[corda-test-utils-4.0.jar:?]
	at com.example.test.contract.IOUContractTests$borrower must sign transaction$1.invoke(IOUContractTests.kt:67) ~[test/:?]
	at com.example.test.contract.IOUContractTests$borrower must sign transaction$1.invoke(IOUContractTests.kt:11) ~[test/:?]
	at net.corda.testing.node.NodeTestUtils$ledger$2.invoke(NodeTestUtils.kt:39) ~[corda-node-driver-4.0.jar:?]
	at net.corda.testing.node.NodeTestUtils$ledger$2.invoke(NodeTestUtils.kt) ~[corda-node-driver-4.0.jar:?]
	at net.corda.testing.internal.InternalTestUtilsKt$withTestSerializationEnvIfNotSet$1.invoke(InternalTestUtils.kt:214) ~[corda-test-utils-4.0.jar:?]
	at net.corda.testing.internal.InternalTestUtilsKt$withTestSerializationEnvIfNotSet$1.invoke(InternalTestUtils.kt) ~[corda-test-utils-4.0.jar:?]
	at net.corda.testing.common.internal.CommonSerializationTestHelpersKt.asContextEnv(CommonSerializationTestHelpers.kt:11) ~[corda-test-common-4.0.jar:?]
	at net.corda.testing.internal.InternalSerializationTestHelpersKt.asTestContextEnv(InternalSerializationTestHelpers.kt:33) ~[corda-test-utils-4.0.jar:?]
	at net.corda.testing.internal.InternalSerializationTestHelpersKt.asTestContextEnv$default(InternalSerializationTestHelpers.kt:31) ~[corda-test-utils-4.0.jar:?]
	at net.corda.testing.internal.InternalTestUtilsKt.withTestSerializationEnvIfNotSet(InternalTestUtils.kt:214) ~[corda-test-utils-4.0.jar:?]
	at net.corda.testing.node.NodeTestUtils.ledger(NodeTestUtils.kt:36) ~[corda-node-driver-4.0.jar:?]
	at net.corda.testing.node.NodeTestUtils.ledger$default(NodeTestUtils.kt:23) ~[corda-node-driver-4.0.jar:?]
	at com.example.test.contract.IOUContractTests.borrower must sign transaction(IOUContractTests.kt:66) ~[test/:?]
	at sun.reflect.NativeMethodAccessorImpl.invoke0(Native Method) ~[?:1.8.0_181]
	at sun.reflect.NativeMethodAccessorImpl.invoke(NativeMethodAccessorImpl.java:62) ~[?:1.8.0_181]
	at sun.reflect.DelegatingMethodAccessorImpl.invoke(DelegatingMethodAccessorImpl.java:43) ~[?:1.8.0_181]
	at java.lang.reflect.Method.invoke(Method.java:498) ~[?:1.8.0_181]
	at org.junit.runners.model.FrameworkMethod$1.runReflectiveCall(FrameworkMethod.java:50) ~[junit-4.12.jar:4.12]
	at org.junit.internal.runners.model.ReflectiveCallable.run(ReflectiveCallable.java:12) ~[junit-4.12.jar:4.12]
	at org.junit.runners.model.FrameworkMethod.invokeExplosively(FrameworkMethod.java:47) ~[junit-4.12.jar:4.12]
	at org.junit.internal.runners.statements.InvokeMethod.evaluate(InvokeMethod.java:17) ~[junit-4.12.jar:4.12]
	at org.junit.runners.ParentRunner.runLeaf(ParentRunner.java:325) ~[junit-4.12.jar:4.12]
	at org.junit.runners.BlockJUnit4ClassRunner.runChild(BlockJUnit4ClassRunner.java:78) ~[junit-4.12.jar:4.12]
	at org.junit.runners.BlockJUnit4ClassRunner.runChild(BlockJUnit4ClassRunner.java:57) ~[junit-4.12.jar:4.12]
	at org.junit.runners.ParentRunner$3.run(ParentRunner.java:290) ~[junit-4.12.jar:4.12]
	at org.junit.runners.ParentRunner$1.schedule(ParentRunner.java:71) ~[junit-4.12.jar:4.12]
	at org.junit.runners.ParentRunner.runChildren(ParentRunner.java:288) ~[junit-4.12.jar:4.12]
	at org.junit.runners.ParentRunner.access$000(ParentRunner.java:58) ~[junit-4.12.jar:4.12]
	at org.junit.runners.ParentRunner$2.evaluate(ParentRunner.java:268) ~[junit-4.12.jar:4.12]
	at org.junit.runners.ParentRunner.run(ParentRunner.java:363) ~[junit-4.12.jar:4.12]
	at org.gradle.api.internal.tasks.testing.junit.JUnitTestClassExecutor.runTestClass(JUnitTestClassExecutor.java:106) ~[?:?]
	at org.gradle.api.internal.tasks.testing.junit.JUnitTestClassExecutor.execute(JUnitTestClassExecutor.java:58) ~[?:?]
	at org.gradle.api.internal.tasks.testing.junit.JUnitTestClassExecutor.execute(JUnitTestClassExecutor.java:38) ~[?:?]
	at org.gradle.api.internal.tasks.testing.junit.AbstractJUnitTestClassProcessor.processTestClass(AbstractJUnitTestClassProcessor.java:66) ~[?:?]
	at org.gradle.api.internal.tasks.testing.SuiteTestClassProcessor.processTestClass(SuiteTestClassProcessor.java:51) ~[?:?]
	at sun.reflect.NativeMethodAccessorImpl.invoke0(Native Method) ~[?:1.8.0_181]
	at sun.reflect.NativeMethodAccessorImpl.invoke(NativeMethodAccessorImpl.java:62) ~[?:1.8.0_181]
	at sun.reflect.DelegatingMethodAccessorImpl.invoke(DelegatingMethodAccessorImpl.java:43) ~[?:1.8.0_181]
	at java.lang.reflect.Method.invoke(Method.java:498) ~[?:1.8.0_181]
	at org.gradle.internal.dispatch.ReflectionDispatch.dispatch(ReflectionDispatch.java:35) ~[?:?]
	at org.gradle.internal.dispatch.ReflectionDispatch.dispatch(ReflectionDispatch.java:24) ~[?:?]
	at org.gradle.internal.dispatch.ContextClassLoaderDispatch.dispatch(ContextClassLoaderDispatch.java:32) ~[?:?]
	at org.gradle.internal.dispatch.ProxyDispatchAdapter$DispatchingInvocationHandler.invoke(ProxyDispatchAdapter.java:93) ~[?:?]
	at com.sun.proxy.$Proxy2.processTestClass(Unknown Source) ~[?:?]
	at org.gradle.api.internal.tasks.testing.worker.TestWorker.processTestClass(TestWorker.java:117) ~[?:?]
	at sun.reflect.NativeMethodAccessorImpl.invoke0(Native Method) ~[?:1.8.0_181]
	at sun.reflect.NativeMethodAccessorImpl.invoke(NativeMethodAccessorImpl.java:62) ~[?:1.8.0_181]
	at sun.reflect.DelegatingMethodAccessorImpl.invoke(DelegatingMethodAccessorImpl.java:43) ~[?:1.8.0_181]
	at java.lang.reflect.Method.invoke(Method.java:498) ~[?:1.8.0_181]
	at org.gradle.internal.dispatch.ReflectionDispatch.dispatch(ReflectionDispatch.java:35) ~[?:?]
	at org.gradle.internal.dispatch.ReflectionDispatch.dispatch(ReflectionDispatch.java:24) ~[?:?]
	at org.gradle.internal.remote.internal.hub.MessageHubBackedObjectConnection$DispatchWrapper.dispatch(MessageHubBackedObjectConnection.java:155) ~[?:?]
	at org.gradle.internal.remote.internal.hub.MessageHubBackedObjectConnection$DispatchWrapper.dispatch(MessageHubBackedObjectConnection.java:137) ~[?:?]
	at org.gradle.internal.remote.internal.hub.MessageHub$Handler.run(MessageHub.java:404) ~[?:?]
	at org.gradle.internal.concurrent.ExecutorPolicy$CatchAndRecordFailures.onExecute(ExecutorPolicy.java:63) ~[?:?]
	at org.gradle.internal.concurrent.ManagedExecutorImpl$1.run(ManagedExecutorImpl.java:46) ~[?:?]
	at java.util.concurrent.ThreadPoolExecutor.runWorker(ThreadPoolExecutor.java:1149) ~[?:1.8.0_181]
	at java.util.concurrent.ThreadPoolExecutor$Worker.run(ThreadPoolExecutor.java:624) ~[?:1.8.0_181]
	at org.gradle.internal.concurrent.ThreadFactoryImpl$ManagedThreadRunnable.run(ThreadFactoryImpl.java:55) ~[?:?]
	at java.lang.Thread.run(Thread.java:748) [?:1.8.0_181]
?[1;31m[ERROR] 11:11:48,440 [Test worker] internal.Verifier. - Error validating transaction F8EF9F428FF6A84CD634494D363A072EC75C7E14497549CA581C0B7B57D4776D. [errorCode=1dpk8h1, moreInformationAt=https://errors.corda.net/OS/4.0/1dpk8h1]
?[m java.lang.IllegalArgumentException: Failed requirement: All of the participants must be signers.
	at com.example.contract.IOUContract.verify(IOUContract.kt:68) ~[cordapp-example-contracts-0.1.jar:?]
	at net.corda.core.internal.Verifier.verifyContracts(TransactionVerifierServiceInternal.kt:377) ~[corda-core-4.0.jar:?]
	at net.corda.core.internal.Verifier.verify(TransactionVerifierServiceInternal.kt:71) ~[corda-core-4.0.jar:?]
	at net.corda.core.transactions.LedgerTransaction.verify(LedgerTransaction.kt:125) ~[corda-core-4.0.jar:?]
	at net.corda.testing.dsl.TestTransactionDSLInterpreter.verifies(TestDSL.kt:139) ~[corda-test-utils-4.0.jar:?]
	at net.corda.testing.dsl.Verifies$DefaultImpls.failsWith(LedgerDSLInterpreter.kt:45) ~[corda-test-utils-4.0.jar:?]
	at net.corda.testing.dsl.TransactionDSLInterpreter$DefaultImpls.failsWith(TransactionDSLInterpreter.kt) ~[corda-test-utils-4.0.jar:?]
	at net.corda.testing.dsl.TestTransactionDSLInterpreter.failsWith(TestDSL.kt:69) ~[corda-test-utils-4.0.jar:?]
	at net.corda.testing.dsl.Verifies$DefaultImpls.fails with(LedgerDSLInterpreter.kt:80) ~[corda-test-utils-4.0.jar:?]
	at net.corda.testing.dsl.TransactionDSLInterpreter$DefaultImpls.fails with(TransactionDSLInterpreter.kt) ~[corda-test-utils-4.0.jar:?]
	at net.corda.testing.dsl.TestTransactionDSLInterpreter.fails with(TestDSL.kt:69) ~[corda-test-utils-4.0.jar:?]
	at net.corda.testing.dsl.TransactionDSL.fails with(TransactionDSLInterpreter.kt) ~[corda-test-utils-4.0.jar:?]
	at com.example.test.contract.IOUContractTests$borrower must sign transaction$1$1.invoke(IOUContractTests.kt:70) ~[test/:?]
	at com.example.test.contract.IOUContractTests$borrower must sign transaction$1$1.invoke(IOUContractTests.kt:11) ~[test/:?]
	at net.corda.testing.dsl.LedgerDSL$transaction$1.invoke(LedgerDSLInterpreter.kt:141) ~[corda-test-utils-4.0.jar:?]
	at net.corda.testing.dsl.LedgerDSL$transaction$1.invoke(LedgerDSLInterpreter.kt:132) ~[corda-test-utils-4.0.jar:?]
	at net.corda.testing.dsl.TestLedgerDSLInterpreter.interpretTransactionDsl(TestDSL.kt:229) ~[corda-test-utils-4.0.jar:?]
	at net.corda.testing.dsl.TestLedgerDSLInterpreter.recordTransactionWithTransactionMap(TestDSL.kt:253) ~[corda-test-utils-4.0.jar:?]
	at net.corda.testing.dsl.TestLedgerDSLInterpreter._transaction(TestDSL.kt:289) ~[corda-test-utils-4.0.jar:?]
	at net.corda.testing.dsl.LedgerDSL._transaction(LedgerDSLInterpreter.kt) ~[corda-test-utils-4.0.jar:?]
	at net.corda.testing.dsl.LedgerDSL.transaction(LedgerDSLInterpreter.kt:141) ~[corda-test-utils-4.0.jar:?]
	at net.corda.testing.dsl.LedgerDSL.transaction$default(LedgerDSLInterpreter.kt:139) ~[corda-test-utils-4.0.jar:?]
	at com.example.test.contract.IOUContractTests$borrower must sign transaction$1.invoke(IOUContractTests.kt:67) ~[test/:?]
	at com.example.test.contract.IOUContractTests$borrower must sign transaction$1.invoke(IOUContractTests.kt:11) ~[test/:?]
	at net.corda.testing.node.NodeTestUtils$ledger$2.invoke(NodeTestUtils.kt:39) ~[corda-node-driver-4.0.jar:?]
	at net.corda.testing.node.NodeTestUtils$ledger$2.invoke(NodeTestUtils.kt) ~[corda-node-driver-4.0.jar:?]
	at net.corda.testing.internal.InternalTestUtilsKt$withTestSerializationEnvIfNotSet$1.invoke(InternalTestUtils.kt:214) ~[corda-test-utils-4.0.jar:?]
	at net.corda.testing.internal.InternalTestUtilsKt$withTestSerializationEnvIfNotSet$1.invoke(InternalTestUtils.kt) ~[corda-test-utils-4.0.jar:?]
	at net.corda.testing.common.internal.CommonSerializationTestHelpersKt.asContextEnv(CommonSerializationTestHelpers.kt:11) ~[corda-test-common-4.0.jar:?]
	at net.corda.testing.internal.InternalSerializationTestHelpersKt.asTestContextEnv(InternalSerializationTestHelpers.kt:33) ~[corda-test-utils-4.0.jar:?]
	at net.corda.testing.internal.InternalSerializationTestHelpersKt.asTestContextEnv$default(InternalSerializationTestHelpers.kt:31) ~[corda-test-utils-4.0.jar:?]
	at net.corda.testing.internal.InternalTestUtilsKt.withTestSerializationEnvIfNotSet(InternalTestUtils.kt:214) ~[corda-test-utils-4.0.jar:?]
	at net.corda.testing.node.NodeTestUtils.ledger(NodeTestUtils.kt:36) ~[corda-node-driver-4.0.jar:?]
	at net.corda.testing.node.NodeTestUtils.ledger$default(NodeTestUtils.kt:23) ~[corda-node-driver-4.0.jar:?]
	at com.example.test.contract.IOUContractTests.borrower must sign transaction(IOUContractTests.kt:66) ~[test/:?]
	at sun.reflect.NativeMethodAccessorImpl.invoke0(Native Method) ~[?:1.8.0_181]
	at sun.reflect.NativeMethodAccessorImpl.invoke(NativeMethodAccessorImpl.java:62) ~[?:1.8.0_181]
	at sun.reflect.DelegatingMethodAccessorImpl.invoke(DelegatingMethodAccessorImpl.java:43) ~[?:1.8.0_181]
	at java.lang.reflect.Method.invoke(Method.java:498) ~[?:1.8.0_181]
	at org.junit.runners.model.FrameworkMethod$1.runReflectiveCall(FrameworkMethod.java:50) ~[junit-4.12.jar:4.12]
	at org.junit.internal.runners.model.ReflectiveCallable.run(ReflectiveCallable.java:12) ~[junit-4.12.jar:4.12]
	at org.junit.runners.model.FrameworkMethod.invokeExplosively(FrameworkMethod.java:47) ~[junit-4.12.jar:4.12]
	at org.junit.internal.runners.statements.InvokeMethod.evaluate(InvokeMethod.java:17) ~[junit-4.12.jar:4.12]
	at org.junit.runners.ParentRunner.runLeaf(ParentRunner.java:325) ~[junit-4.12.jar:4.12]
	at org.junit.runners.BlockJUnit4ClassRunner.runChild(BlockJUnit4ClassRunner.java:78) ~[junit-4.12.jar:4.12]
	at org.junit.runners.BlockJUnit4ClassRunner.runChild(BlockJUnit4ClassRunner.java:57) ~[junit-4.12.jar:4.12]
	at org.junit.runners.ParentRunner$3.run(ParentRunner.java:290) ~[junit-4.12.jar:4.12]
	at org.junit.runners.ParentRunner$1.schedule(ParentRunner.java:71) ~[junit-4.12.jar:4.12]
	at org.junit.runners.ParentRunner.runChildren(ParentRunner.java:288) ~[junit-4.12.jar:4.12]
	at org.junit.runners.ParentRunner.access$000(ParentRunner.java:58) ~[junit-4.12.jar:4.12]
	at org.junit.runners.ParentRunner$2.evaluate(ParentRunner.java:268) ~[junit-4.12.jar:4.12]
	at org.junit.runners.ParentRunner.run(ParentRunner.java:363) ~[junit-4.12.jar:4.12]
	at org.gradle.api.internal.tasks.testing.junit.JUnitTestClassExecutor.runTestClass(JUnitTestClassExecutor.java:106) ~[?:?]
	at org.gradle.api.internal.tasks.testing.junit.JUnitTestClassExecutor.execute(JUnitTestClassExecutor.java:58) ~[?:?]
	at org.gradle.api.internal.tasks.testing.junit.JUnitTestClassExecutor.execute(JUnitTestClassExecutor.java:38) ~[?:?]
	at org.gradle.api.internal.tasks.testing.junit.AbstractJUnitTestClassProcessor.processTestClass(AbstractJUnitTestClassProcessor.java:66) ~[?:?]
	at org.gradle.api.internal.tasks.testing.SuiteTestClassProcessor.processTestClass(SuiteTestClassProcessor.java:51) ~[?:?]
	at sun.reflect.NativeMethodAccessorImpl.invoke0(Native Method) ~[?:1.8.0_181]
	at sun.reflect.NativeMethodAccessorImpl.invoke(NativeMethodAccessorImpl.java:62) ~[?:1.8.0_181]
	at sun.reflect.DelegatingMethodAccessorImpl.invoke(DelegatingMethodAccessorImpl.java:43) ~[?:1.8.0_181]
	at java.lang.reflect.Method.invoke(Method.java:498) ~[?:1.8.0_181]
	at org.gradle.internal.dispatch.ReflectionDispatch.dispatch(ReflectionDispatch.java:35) ~[?:?]
	at org.gradle.internal.dispatch.ReflectionDispatch.dispatch(ReflectionDispatch.java:24) ~[?:?]
	at org.gradle.internal.dispatch.ContextClassLoaderDispatch.dispatch(ContextClassLoaderDispatch.java:32) ~[?:?]
	at org.gradle.internal.dispatch.ProxyDispatchAdapter$DispatchingInvocationHandler.invoke(ProxyDispatchAdapter.java:93) ~[?:?]
	at com.sun.proxy.$Proxy2.processTestClass(Unknown Source) ~[?:?]
	at org.gradle.api.internal.tasks.testing.worker.TestWorker.processTestClass(TestWorker.java:117) ~[?:?]
	at sun.reflect.NativeMethodAccessorImpl.invoke0(Native Method) ~[?:1.8.0_181]
	at sun.reflect.NativeMethodAccessorImpl.invoke(NativeMethodAccessorImpl.java:62) ~[?:1.8.0_181]
	at sun.reflect.DelegatingMethodAccessorImpl.invoke(DelegatingMethodAccessorImpl.java:43) ~[?:1.8.0_181]
	at java.lang.reflect.Method.invoke(Method.java:498) ~[?:1.8.0_181]
	at org.gradle.internal.dispatch.ReflectionDispatch.dispatch(ReflectionDispatch.java:35) ~[?:?]
	at org.gradle.internal.dispatch.ReflectionDispatch.dispatch(ReflectionDispatch.java:24) ~[?:?]
	at org.gradle.internal.remote.internal.hub.MessageHubBackedObjectConnection$DispatchWrapper.dispatch(MessageHubBackedObjectConnection.java:155) ~[?:?]
	at org.gradle.internal.remote.internal.hub.MessageHubBackedObjectConnection$DispatchWrapper.dispatch(MessageHubBackedObjectConnection.java:137) ~[?:?]
	at org.gradle.internal.remote.internal.hub.MessageHub$Handler.run(MessageHub.java:404) ~[?:?]
	at org.gradle.internal.concurrent.ExecutorPolicy$CatchAndRecordFailures.onExecute(ExecutorPolicy.java:63) ~[?:?]
	at org.gradle.internal.concurrent.ManagedExecutorImpl$1.run(ManagedExecutorImpl.java:46) ~[?:?]
	at java.util.concurrent.ThreadPoolExecutor.runWorker(ThreadPoolExecutor.java:1149) ~[?:1.8.0_181]
	at java.util.concurrent.ThreadPoolExecutor$Worker.run(ThreadPoolExecutor.java:624) ~[?:1.8.0_181]
	at org.gradle.internal.concurrent.ThreadFactoryImpl$ManagedThreadRunnable.run(ThreadFactoryImpl.java:55) ~[?:?]
	at java.lang.Thread.run(Thread.java:748) [?:1.8.0_181]
?[1;31m[ERROR] 11:11:48,449 [Test worker] internal.Verifier. - Error validating transaction F8EF9F428FF6A84CD634494D363A072EC75C7E14497549CA581C0B7B57D4776D. [errorCode=1dpk8h1, moreInformationAt=https://errors.corda.net/OS/4.0/1dpk8h1]
?[m java.lang.IllegalArgumentException: Failed requirement: All of the participants must be signers.
	at com.example.contract.IOUContract.verify(IOUContract.kt:68) ~[cordapp-example-contracts-0.1.jar:?]
	at net.corda.core.internal.Verifier.verifyContracts(TransactionVerifierServiceInternal.kt:377) ~[corda-core-4.0.jar:?]
	at net.corda.core.internal.Verifier.verify(TransactionVerifierServiceInternal.kt:71) ~[corda-core-4.0.jar:?]
	at net.corda.core.transactions.LedgerTransaction.verify(LedgerTransaction.kt:125) ~[corda-core-4.0.jar:?]
	at net.corda.core.transactions.TransactionBuilder.addMissingDependency(TransactionBuilder.kt:173) ~[corda-core-4.0.jar:?]
	at net.corda.core.transactions.TransactionBuilder.toWireTransactionWithContext$core(TransactionBuilder.kt:160) ~[corda-core-4.0.jar:?]
	at net.corda.core.transactions.TransactionBuilder.toWireTransactionWithContext$core$default(TransactionBuilder.kt:128) ~[corda-core-4.0.jar:?]
	at net.corda.core.transactions.TransactionBuilder.toWireTransaction(TransactionBuilder.kt:125) ~[corda-core-4.0.jar:?]
	at net.corda.testing.dsl.TestTransactionDSLInterpreter.toWireTransaction$test_utils(TestDSL.kt:95) ~[corda-test-utils-4.0.jar:?]
	at net.corda.testing.dsl.TestLedgerDSLInterpreter.recordTransactionWithTransactionMap(TestDSL.kt:257) ~[corda-test-utils-4.0.jar:?]
	at net.corda.testing.dsl.TestLedgerDSLInterpreter._transaction(TestDSL.kt:289) ~[corda-test-utils-4.0.jar:?]
	at net.corda.testing.dsl.LedgerDSL._transaction(LedgerDSLInterpreter.kt) ~[corda-test-utils-4.0.jar:?]
	at net.corda.testing.dsl.LedgerDSL.transaction(LedgerDSLInterpreter.kt:141) ~[corda-test-utils-4.0.jar:?]
	at net.corda.testing.dsl.LedgerDSL.transaction$default(LedgerDSLInterpreter.kt:139) ~[corda-test-utils-4.0.jar:?]
	at com.example.test.contract.IOUContractTests$borrower must sign transaction$1.invoke(IOUContractTests.kt:67) ~[test/:?]
	at com.example.test.contract.IOUContractTests$borrower must sign transaction$1.invoke(IOUContractTests.kt:11) ~[test/:?]
	at net.corda.testing.node.NodeTestUtils$ledger$2.invoke(NodeTestUtils.kt:39) ~[corda-node-driver-4.0.jar:?]
	at net.corda.testing.node.NodeTestUtils$ledger$2.invoke(NodeTestUtils.kt) ~[corda-node-driver-4.0.jar:?]
	at net.corda.testing.internal.InternalTestUtilsKt$withTestSerializationEnvIfNotSet$1.invoke(InternalTestUtils.kt:214) ~[corda-test-utils-4.0.jar:?]
	at net.corda.testing.internal.InternalTestUtilsKt$withTestSerializationEnvIfNotSet$1.invoke(InternalTestUtils.kt) ~[corda-test-utils-4.0.jar:?]
	at net.corda.testing.common.internal.CommonSerializationTestHelpersKt.asContextEnv(CommonSerializationTestHelpers.kt:11) ~[corda-test-common-4.0.jar:?]
	at net.corda.testing.internal.InternalSerializationTestHelpersKt.asTestContextEnv(InternalSerializationTestHelpers.kt:33) ~[corda-test-utils-4.0.jar:?]
	at net.corda.testing.internal.InternalSerializationTestHelpersKt.asTestContextEnv$default(InternalSerializationTestHelpers.kt:31) ~[corda-test-utils-4.0.jar:?]
	at net.corda.testing.internal.InternalTestUtilsKt.withTestSerializationEnvIfNotSet(InternalTestUtils.kt:214) ~[corda-test-utils-4.0.jar:?]
	at net.corda.testing.node.NodeTestUtils.ledger(NodeTestUtils.kt:36) ~[corda-node-driver-4.0.jar:?]
	at net.corda.testing.node.NodeTestUtils.ledger$default(NodeTestUtils.kt:23) ~[corda-node-driver-4.0.jar:?]
	at com.example.test.contract.IOUContractTests.borrower must sign transaction(IOUContractTests.kt:66) ~[test/:?]
	at sun.reflect.NativeMethodAccessorImpl.invoke0(Native Method) ~[?:1.8.0_181]
	at sun.reflect.NativeMethodAccessorImpl.invoke(NativeMethodAccessorImpl.java:62) ~[?:1.8.0_181]
	at sun.reflect.DelegatingMethodAccessorImpl.invoke(DelegatingMethodAccessorImpl.java:43) ~[?:1.8.0_181]
	at java.lang.reflect.Method.invoke(Method.java:498) ~[?:1.8.0_181]
	at org.junit.runners.model.FrameworkMethod$1.runReflectiveCall(FrameworkMethod.java:50) ~[junit-4.12.jar:4.12]
	at org.junit.internal.runners.model.ReflectiveCallable.run(ReflectiveCallable.java:12) ~[junit-4.12.jar:4.12]
	at org.junit.runners.model.FrameworkMethod.invokeExplosively(FrameworkMethod.java:47) ~[junit-4.12.jar:4.12]
	at org.junit.internal.runners.statements.InvokeMethod.evaluate(InvokeMethod.java:17) ~[junit-4.12.jar:4.12]
	at org.junit.runners.ParentRunner.runLeaf(ParentRunner.java:325) ~[junit-4.12.jar:4.12]
	at org.junit.runners.BlockJUnit4ClassRunner.runChild(BlockJUnit4ClassRunner.java:78) ~[junit-4.12.jar:4.12]
	at org.junit.runners.BlockJUnit4ClassRunner.runChild(BlockJUnit4ClassRunner.java:57) ~[junit-4.12.jar:4.12]
	at org.junit.runners.ParentRunner$3.run(ParentRunner.java:290) ~[junit-4.12.jar:4.12]
	at org.junit.runners.ParentRunner$1.schedule(ParentRunner.java:71) ~[junit-4.12.jar:4.12]
	at org.junit.runners.ParentRunner.runChildren(ParentRunner.java:288) ~[junit-4.12.jar:4.12]
	at org.junit.runners.ParentRunner.access$000(ParentRunner.java:58) ~[junit-4.12.jar:4.12]
	at org.junit.runners.ParentRunner$2.evaluate(ParentRunner.java:268) ~[junit-4.12.jar:4.12]
	at org.junit.runners.ParentRunner.run(ParentRunner.java:363) ~[junit-4.12.jar:4.12]
	at org.gradle.api.internal.tasks.testing.junit.JUnitTestClassExecutor.runTestClass(JUnitTestClassExecutor.java:106) ~[?:?]
	at org.gradle.api.internal.tasks.testing.junit.JUnitTestClassExecutor.execute(JUnitTestClassExecutor.java:58) ~[?:?]
	at org.gradle.api.internal.tasks.testing.junit.JUnitTestClassExecutor.execute(JUnitTestClassExecutor.java:38) ~[?:?]
	at org.gradle.api.internal.tasks.testing.junit.AbstractJUnitTestClassProcessor.processTestClass(AbstractJUnitTestClassProcessor.java:66) ~[?:?]
	at org.gradle.api.internal.tasks.testing.SuiteTestClassProcessor.processTestClass(SuiteTestClassProcessor.java:51) ~[?:?]
	at sun.reflect.NativeMethodAccessorImpl.invoke0(Native Method) ~[?:1.8.0_181]
	at sun.reflect.NativeMethodAccessorImpl.invoke(NativeMethodAccessorImpl.java:62) ~[?:1.8.0_181]
	at sun.reflect.DelegatingMethodAccessorImpl.invoke(DelegatingMethodAccessorImpl.java:43) ~[?:1.8.0_181]
	at java.lang.reflect.Method.invoke(Method.java:498) ~[?:1.8.0_181]
	at org.gradle.internal.dispatch.ReflectionDispatch.dispatch(ReflectionDispatch.java:35) ~[?:?]
	at org.gradle.internal.dispatch.ReflectionDispatch.dispatch(ReflectionDispatch.java:24) ~[?:?]
	at org.gradle.internal.dispatch.ContextClassLoaderDispatch.dispatch(ContextClassLoaderDispatch.java:32) ~[?:?]
	at org.gradle.internal.dispatch.ProxyDispatchAdapter$DispatchingInvocationHandler.invoke(ProxyDispatchAdapter.java:93) ~[?:?]
	at com.sun.proxy.$Proxy2.processTestClass(Unknown Source) ~[?:?]
	at org.gradle.api.internal.tasks.testing.worker.TestWorker.processTestClass(TestWorker.java:117) ~[?:?]
	at sun.reflect.NativeMethodAccessorImpl.invoke0(Native Method) ~[?:1.8.0_181]
	at sun.reflect.NativeMethodAccessorImpl.invoke(NativeMethodAccessorImpl.java:62) ~[?:1.8.0_181]
	at sun.reflect.DelegatingMethodAccessorImpl.invoke(DelegatingMethodAccessorImpl.java:43) ~[?:1.8.0_181]
	at java.lang.reflect.Method.invoke(Method.java:498) ~[?:1.8.0_181]
	at org.gradle.internal.dispatch.ReflectionDispatch.dispatch(ReflectionDispatch.java:35) ~[?:?]
	at org.gradle.internal.dispatch.ReflectionDispatch.dispatch(ReflectionDispatch.java:24) ~[?:?]
	at org.gradle.internal.remote.internal.hub.MessageHubBackedObjectConnection$DispatchWrapper.dispatch(MessageHubBackedObjectConnection.java:155) ~[?:?]
	at org.gradle.internal.remote.internal.hub.MessageHubBackedObjectConnection$DispatchWrapper.dispatch(MessageHubBackedObjectConnection.java:137) ~[?:?]
	at org.gradle.internal.remote.internal.hub.MessageHub$Handler.run(MessageHub.java:404) ~[?:?]
	at org.gradle.internal.concurrent.ExecutorPolicy$CatchAndRecordFailures.onExecute(ExecutorPolicy.java:63) ~[?:?]
	at org.gradle.internal.concurrent.ManagedExecutorImpl$1.run(ManagedExecutorImpl.java:46) ~[?:?]
	at java.util.concurrent.ThreadPoolExecutor.runWorker(ThreadPoolExecutor.java:1149) ~[?:1.8.0_181]
	at java.util.concurrent.ThreadPoolExecutor$Worker.run(ThreadPoolExecutor.java:624) ~[?:1.8.0_181]
	at org.gradle.internal.concurrent.ThreadFactoryImpl$ManagedThreadRunnable.run(ThreadFactoryImpl.java:55) ~[?:?]
	at java.lang.Thread.run(Thread.java:748) [?:1.8.0_181]
?[37m[INFO] 11:11:50,471 [Test worker] internal.TestCordappImpl. - Generating CorDapp jar from local project in /Users/vivian.a.chen/Hackathon/samples/cordapp-example/workflows-kotlin ...
?[m?[37m[INFO] 11:11:56,629 [Test worker] cordapp.JarScanningCordappLoader. - Looking for CorDapps in [build/mock-network/20190407-151148.477/nodes/0/cordapps]
?[m?[37m[INFO] 11:11:56,631 [Test worker] cordapp.JarScanningCordappLoader. - Loading CorDapps from RestrictedURL(url=file:/Users/vivian.a.chen/Hackathon/samples/cordapp-example/workflows-kotlin/build/mock-network/20190407-151148.477/nodes/0/cordapps/cordapp-example-workflows-0.1.jar, rootPackageName=null), RestrictedURL(url=file:/Users/vivian.a.chen/Hackathon/samples/cordapp-example/workflows-kotlin/build/mock-network/20190407-151148.477/nodes/0/cordapps/cordapp-example-contracts-0.1.jar, rootPackageName=null)
?[m?[37m[INFO] 11:11:56,639 [Test worker] cordapp.JarScanningCordappLoader. - Scanning CorDapp in file:/Users/vivian.a.chen/Hackathon/samples/cordapp-example/workflows-kotlin/build/mock-network/20190407-151148.477/nodes/0/cordapps/cordapp-example-workflows-0.1.jar
?[m?[37m[INFO] 11:11:56,677 [Test worker] cordapp.JarScanningCordappLoader. - Found notary service CorDapp implementations: 
?[m?[37m[INFO] 11:11:56,678 [Test worker] cordapp.JarScanningCordappLoader. - Scanning CorDapp in file:/Users/vivian.a.chen/Hackathon/samples/cordapp-example/workflows-kotlin/build/mock-network/20190407-151148.477/nodes/0/cordapps/cordapp-example-contracts-0.1.jar
?[m?[37m[INFO] 11:11:56,718 [Test worker] cordapp.JarScanningCordappLoader. - Found notary service CorDapp implementations: 
?[m?[31m[WARN] 11:11:56,718 [Test worker] cordapp.CordappResolver. - More than one CorDapp registered for com.example.flow.CreateFNOLFlow$Initiator.
?[m?[31m[WARN] 11:11:56,718 [Test worker] cordapp.CordappResolver. - More than one CorDapp registered for com.example.flow.ExampleFlow$Initiator.
?[m?[31m[WARN] 11:11:56,718 [Test worker] cordapp.CordappResolver. - More than one CorDapp registered for com.example.flow.UpdateFNOLFlow$Initiator.
?[m?[31m[WARN] 11:11:56,718 [Test worker] cordapp.CordappResolver. - More than one CorDapp registered for com.example.flow.CreateFNOLFlow$Acceptor.
?[m?[31m[WARN] 11:11:56,718 [Test worker] cordapp.CordappResolver. - More than one CorDapp registered for com.example.flow.ExampleFlow$Acceptor.
?[m?[31m[WARN] 11:11:56,718 [Test worker] cordapp.CordappResolver. - More than one CorDapp registered for com.example.flow.UpdateFNOLFlow$Acceptor.
?[m?[31m[WARN] 11:11:56,718 [Test worker] cordapp.CordappResolver. - More than one CorDapp registered for net.corda.core.internal.cordapp.CordappImpl.
?[m?[31m[WARN] 11:11:56,718 [Test worker] cordapp.CordappResolver. - More than one CorDapp registered for com.example.flow.CreateFNOLFlow.
?[m?[31m[WARN] 11:11:56,718 [Test worker] cordapp.CordappResolver. - More than one CorDapp registered for com.example.flow.CreateFNOLFlow$Acceptor$call$signTransactionFlow$1.
?[m?[31m[WARN] 11:11:56,718 [Test worker] cordapp.CordappResolver. - More than one CorDapp registered for com.example.flow.CreateFNOLFlow$Initiator$Companion.
?[m?[31m[WARN] 11:11:56,718 [Test worker] cordapp.CordappResolver. - More than one CorDapp registered for com.example.flow.CreateFNOLFlow$Initiator$Companion$FINALISING_TRANSACTION.
?[m?[31m[WARN] 11:11:56,718 [Test worker] cordapp.CordappResolver. - More than one CorDapp registered for com.example.flow.CreateFNOLFlow$Initiator$Companion$GATHERING_SIGS.
?[m?[31m[WARN] 11:11:56,718 [Test worker] cordapp.CordappResolver. - More than one CorDapp registered for com.example.flow.CreateFNOLFlow$Initiator$Companion$GENERATING_TRANSACTION.
?[m?[31m[WARN] 11:11:56,719 [Test worker] cordapp.CordappResolver. - More than one CorDapp registered for com.example.flow.CreateFNOLFlow$Initiator$Companion$SIGNING_TRANSACTION.
?[m?[31m[WARN] 11:11:56,719 [Test worker] cordapp.CordappResolver. - More than one CorDapp registered for com.example.flow.CreateFNOLFlow$Initiator$Companion$VERIFYING_TRANSACTION.
?[m?[31m[WARN] 11:11:56,719 [Test worker] cordapp.CordappResolver. - More than one CorDapp registered for com.example.flow.ExampleFlow.
?[m?[31m[WARN] 11:11:56,719 [Test worker] cordapp.CordappResolver. - More than one CorDapp registered for com.example.flow.ExampleFlow$Acceptor$call$signTransactionFlow$1.
?[m?[31m[WARN] 11:11:56,719 [Test worker] cordapp.CordappResolver. - More than one CorDapp registered for com.example.flow.ExampleFlow$Initiator$Companion.
?[m?[31m[WARN] 11:11:56,719 [Test worker] cordapp.CordappResolver. - More than one CorDapp registered for com.example.flow.ExampleFlow$Initiator$Companion$FINALISING_TRANSACTION.
?[m?[31m[WARN] 11:11:56,719 [Test worker] cordapp.CordappResolver. - More than one CorDapp registered for com.example.flow.ExampleFlow$Initiator$Companion$GATHERING_SIGS.
?[m?[31m[WARN] 11:11:56,719 [Test worker] cordapp.CordappResolver. - More than one CorDapp registered for com.example.flow.ExampleFlow$Initiator$Companion$GENERATING_TRANSACTION.
?[m?[31m[WARN] 11:11:56,719 [Test worker] cordapp.CordappResolver. - More than one CorDapp registered for com.example.flow.ExampleFlow$Initiator$Companion$SIGNING_TRANSACTION.
?[m?[31m[WARN] 11:11:56,719 [Test worker] cordapp.CordappResolver. - More than one CorDapp registered for com.example.flow.ExampleFlow$Initiator$Companion$VERIFYING_TRANSACTION.
?[m?[31m[WARN] 11:11:56,719 [Test worker] cordapp.CordappResolver. - More than one CorDapp registered for com.example.flow.UpdateFNOLFlow.
?[m?[31m[WARN] 11:11:56,719 [Test worker] cordapp.CordappResolver. - More than one CorDapp registered for com.example.flow.UpdateFNOLFlow$Acceptor$call$signTransactionFlow$1.
?[m?[31m[WARN] 11:11:56,719 [Test worker] cordapp.CordappResolver. - More than one CorDapp registered for com.example.flow.UpdateFNOLFlow$Initiator$Companion.
?[m?[31m[WARN] 11:11:56,719 [Test worker] cordapp.CordappResolver. - More than one CorDapp registered for com.example.flow.UpdateFNOLFlow$Initiator$Companion$FINALISING_TRANSACTION.
?[m?[31m[WARN] 11:11:56,719 [Test worker] cordapp.CordappResolver. - More than one CorDapp registered for com.example.flow.UpdateFNOLFlow$Initiator$Companion$GATHERING_SIGS.
?[m?[31m[WARN] 11:11:56,719 [Test worker] cordapp.CordappResolver. - More than one CorDapp registered for com.example.flow.UpdateFNOLFlow$Initiator$Companion$GENERATING_TRANSACTION.
?[m?[31m[WARN] 11:11:56,719 [Test worker] cordapp.CordappResolver. - More than one CorDapp registered for com.example.flow.UpdateFNOLFlow$Initiator$Companion$SIGNING_TRANSACTION.
?[m?[31m[WARN] 11:11:56,719 [Test worker] cordapp.CordappResolver. - More than one CorDapp registered for com.example.flow.UpdateFNOLFlow$Initiator$Companion$VERIFYING_TRANSACTION.
?[m?[31m[WARN] 11:11:56,719 [Test worker] cordapp.CordappResolver. - More than one CorDapp registered for net.corda.core.internal.cordapp.CordappImpl.
?[m?[31m[WARN] 11:11:56,719 [Test worker] cordapp.CordappResolver. - More than one CorDapp registered for com.example.contract.FNOLContract.
?[m?[31m[WARN] 11:11:56,719 [Test worker] cordapp.CordappResolver. - More than one CorDapp registered for com.example.contract.IOUContract.
?[m?[31m[WARN] 11:11:56,719 [Test worker] cordapp.CordappResolver. - More than one CorDapp registered for com.example.contract.FNOLContract$Commands$Create.
?[m?[31m[WARN] 11:11:56,719 [Test worker] cordapp.CordappResolver. - More than one CorDapp registered for com.example.contract.FNOLContract$Commands$Update.
?[m?[31m[WARN] 11:11:56,719 [Test worker] cordapp.CordappResolver. - More than one CorDapp registered for com.example.contract.FNOLContract$Companion.
?[m?[31m[WARN] 11:11:56,719 [Test worker] cordapp.CordappResolver. - More than one CorDapp registered for com.example.contract.IOUContract$Commands$Create.
?[m?[31m[WARN] 11:11:56,719 [Test worker] cordapp.CordappResolver. - More than one CorDapp registered for com.example.contract.IOUContract$Companion.
?[m?[31m[WARN] 11:11:56,719 [Test worker] cordapp.CordappResolver. - More than one CorDapp registered for com.example.contract.FNOLContract$Commands.
?[m?[31m[WARN] 11:11:56,719 [Test worker] cordapp.CordappResolver. - More than one CorDapp registered for com.example.contract.IOUContract$Commands.
?[m?[37m[INFO] 11:11:57,276 [Test worker] internal.InternalMockNetwork$MockNode. - Node starting up ...
?[m?[37m[INFO] 11:11:57,331 [Test worker] internal.NodeFlowManager. - Registered com.example.flow.CreateFNOLFlow$Initiator to initiate com.example.flow.CreateFNOLFlow$Acceptor (version 1)
?[m?[37m[INFO] 11:11:57,331 [Test worker] internal.NodeFlowManager. - Registered com.example.flow.ExampleFlow$Initiator to initiate com.example.flow.ExampleFlow$Acceptor (version 1)
?[m?[37m[INFO] 11:11:57,331 [Test worker] internal.NodeFlowManager. - Registered com.example.flow.UpdateFNOLFlow$Initiator to initiate com.example.flow.UpdateFNOLFlow$Acceptor (version 1)
?[m?[37m[INFO] 11:11:57,431 [Test worker] internal.InternalMockNetwork$MockNode. - Loaded network parameters: NetworkParameters {
      minimumPlatformVersion=1
      notaries=[NotaryInfo(identity=O=Notary Service, L=Zurich, C=CH, validating=true)]
      maxMessageSize=10485760
      maxTransactionSize=524288000
      whitelistedContractImplementations {
        
      }
      eventHorizon=PT720H
      packageOwnership {
        
      }
      modifiedTime=2019-04-07T15:11:48.469Z
      epoch=1
  }
?[m?[37m[INFO] 11:11:57,472 [Test worker] hikari.HikariDataSource. - HikariPool-1 - Started.
?[m?[37m[INFO] 11:12:00,328 [Test worker] liquibase. - Creating database history table with name: PUBLIC.DATABASECHANGELOG
?[m?[37m[INFO] 11:12:00,340 [Test worker] liquibase. - Reading from PUBLIC.DATABASECHANGELOG
?[m?[37m[INFO] 11:12:00,364 [Test worker] liquibase. - master.changelog.json: migration/common.changelog-init.xml::1511451595465-1.3::R3.Corda: Skipping changeSet migration/common.changelog-init.xml::1511451595465-1.3::R3.Corda due to validation error(s): minValue is not allowed on h2
?[m?[37m[INFO] 11:12:00,398 [Test worker] liquibase. - master.changelog.json: migration/vault-schema.changelog-pkey.xml::non-clustered_pk-11::R3.Corda: Skipping changeSet migration/vault-schema.changelog-pkey.xml::non-clustered_pk-11::R3.Corda due to validation error(s): clustered is not allowed on h2
?[m?[37m[INFO] 11:12:00,399 [Test worker] liquibase. - master.changelog.json: migration/vault-schema.changelog-pkey.xml::non-clustered_pk-12::R3.Corda: Skipping changeSet migration/vault-schema.changelog-pkey.xml::non-clustered_pk-12::R3.Corda due to validation error(s): clustered is not allowed on h2
?[m?[37m[INFO] 11:12:00,401 [Test worker] liquibase. - master.changelog.json: migration/vault-schema.changelog-pkey.xml::non-clustered_pk-13::R3.Corda: Skipping changeSet migration/vault-schema.changelog-pkey.xml::non-clustered_pk-13::R3.Corda due to validation error(s): clustered is not allowed on h2
?[m?[37m[INFO] 11:12:00,446 [Test worker] liquibase. - master.changelog.json: migration/node-core.changelog-pkey.xml::non-clustered_pk-1::R3.Corda: Skipping changeSet migration/node-core.changelog-pkey.xml::non-clustered_pk-1::R3.Corda due to validation error(s): clustered is not allowed on h2
?[m?[37m[INFO] 11:12:00,446 [Test worker] liquibase. - master.changelog.json: migration/node-core.changelog-pkey.xml::non-clustered_pk-2::R3.Corda: Skipping changeSet migration/node-core.changelog-pkey.xml::non-clustered_pk-2::R3.Corda due to validation error(s): clustered is not allowed on h2
?[m?[37m[INFO] 11:12:00,447 [Test worker] liquibase. - master.changelog.json: migration/node-core.changelog-pkey.xml::non-clustered_pk-3::R3.Corda: Skipping changeSet migration/node-core.changelog-pkey.xml::non-clustered_pk-3::R3.Corda due to validation error(s): clustered is not allowed on h2
?[m?[37m[INFO] 11:12:00,448 [Test worker] liquibase. - master.changelog.json: migration/node-core.changelog-pkey.xml::non-clustered_pk-4::R3.Corda: Skipping changeSet migration/node-core.changelog-pkey.xml::non-clustered_pk-4::R3.Corda due to validation error(s): clustered is not allowed on h2
?[m?[37m[INFO] 11:12:00,448 [Test worker] liquibase. - master.changelog.json: migration/node-core.changelog-pkey.xml::non-clustered_pk-5::R3.Corda: Skipping changeSet migration/node-core.changelog-pkey.xml::non-clustered_pk-5::R3.Corda due to validation error(s): clustered is not allowed on h2
?[m?[37m[INFO] 11:12:00,449 [Test worker] liquibase. - master.changelog.json: migration/node-core.changelog-pkey.xml::non-clustered_pk-6::R3.Corda: Skipping changeSet migration/node-core.changelog-pkey.xml::non-clustered_pk-6::R3.Corda due to validation error(s): clustered is not allowed on h2
?[m?[37m[INFO] 11:12:00,450 [Test worker] liquibase. - master.changelog.json: migration/node-core.changelog-pkey.xml::non-clustered_pk-7::R3.Corda: Skipping changeSet migration/node-core.changelog-pkey.xml::non-clustered_pk-7::R3.Corda due to validation error(s): clustered is not allowed on h2
?[m?[37m[INFO] 11:12:00,461 [Test worker] liquibase. - master.changelog.json: migration/node-notary.changelog-pkey.xml::non-clustered_pk-notary_state::R3.Corda: Skipping changeSet migration/node-notary.changelog-pkey.xml::non-clustered_pk-notary_state::R3.Corda due to validation error(s): clustered is not allowed on h2
?[m?[37m[INFO] 11:12:00,477 [Test worker] liquibase. - Successfully acquired change log lock
?[m?[37m[INFO] 11:12:00,478 [Test worker] liquibase. - master.changelog.json: migration/common.changelog-init.xml::1511451595465-1.3::R3.Corda: Skipping changeSet migration/common.changelog-init.xml::1511451595465-1.3::R3.Corda due to validation error(s): minValue is not allowed on h2
?[m?[37m[INFO] 11:12:00,483 [Test worker] liquibase. - master.changelog.json: migration/vault-schema.changelog-pkey.xml::non-clustered_pk-11::R3.Corda: Skipping changeSet migration/vault-schema.changelog-pkey.xml::non-clustered_pk-11::R3.Corda due to validation error(s): clustered is not allowed on h2
?[m?[37m[INFO] 11:12:00,483 [Test worker] liquibase. - master.changelog.json: migration/vault-schema.changelog-pkey.xml::non-clustered_pk-12::R3.Corda: Skipping changeSet migration/vault-schema.changelog-pkey.xml::non-clustered_pk-12::R3.Corda due to validation error(s): clustered is not allowed on h2
?[m?[37m[INFO] 11:12:00,483 [Test worker] liquibase. - master.changelog.json: migration/vault-schema.changelog-pkey.xml::non-clustered_pk-13::R3.Corda: Skipping changeSet migration/vault-schema.changelog-pkey.xml::non-clustered_pk-13::R3.Corda due to validation error(s): clustered is not allowed on h2
?[m?[37m[INFO] 11:12:00,491 [Test worker] liquibase. - master.changelog.json: migration/node-core.changelog-pkey.xml::non-clustered_pk-1::R3.Corda: Skipping changeSet migration/node-core.changelog-pkey.xml::non-clustered_pk-1::R3.Corda due to validation error(s): clustered is not allowed on h2
?[m?[37m[INFO] 11:12:00,491 [Test worker] liquibase. - master.changelog.json: migration/node-core.changelog-pkey.xml::non-clustered_pk-2::R3.Corda: Skipping changeSet migration/node-core.changelog-pkey.xml::non-clustered_pk-2::R3.Corda due to validation error(s): clustered is not allowed on h2
?[m?[37m[INFO] 11:12:00,492 [Test worker] liquibase. - master.changelog.json: migration/node-core.changelog-pkey.xml::non-clustered_pk-3::R3.Corda: Skipping changeSet migration/node-core.changelog-pkey.xml::non-clustered_pk-3::R3.Corda due to validation error(s): clustered is not allowed on h2
?[m?[37m[INFO] 11:12:00,492 [Test worker] liquibase. - master.changelog.json: migration/node-core.changelog-pkey.xml::non-clustered_pk-4::R3.Corda: Skipping changeSet migration/node-core.changelog-pkey.xml::non-clustered_pk-4::R3.Corda due to validation error(s): clustered is not allowed on h2
?[m?[37m[INFO] 11:12:00,492 [Test worker] liquibase. - master.changelog.json: migration/node-core.changelog-pkey.xml::non-clustered_pk-5::R3.Corda: Skipping changeSet migration/node-core.changelog-pkey.xml::non-clustered_pk-5::R3.Corda due to validation error(s): clustered is not allowed on h2
?[m?[37m[INFO] 11:12:00,492 [Test worker] liquibase. - master.changelog.json: migration/node-core.changelog-pkey.xml::non-clustered_pk-6::R3.Corda: Skipping changeSet migration/node-core.changelog-pkey.xml::non-clustered_pk-6::R3.Corda due to validation error(s): clustered is not allowed on h2
?[m?[37m[INFO] 11:12:00,492 [Test worker] liquibase. - master.changelog.json: migration/node-core.changelog-pkey.xml::non-clustered_pk-7::R3.Corda: Skipping changeSet migration/node-core.changelog-pkey.xml::non-clustered_pk-7::R3.Corda due to validation error(s): clustered is not allowed on h2
?[m?[37m[INFO] 11:12:00,512 [Test worker] liquibase. - master.changelog.json: migration/node-notary.changelog-pkey.xml::non-clustered_pk-notary_state::R3.Corda: Skipping changeSet migration/node-notary.changelog-pkey.xml::non-clustered_pk-notary_state::R3.Corda due to validation error(s): clustered is not allowed on h2
?[m?[37m[INFO] 11:12:00,518 [Test worker] liquibase. - master.changelog.json: migration/common.changelog-init.xml::1511451595465-1.1::R3.Corda: Sequence hibernate_sequence created
?[m?[37m[INFO] 11:12:00,519 [Test worker] liquibase. - master.changelog.json: migration/common.changelog-init.xml::1511451595465-1.1::R3.Corda: ChangeSet migration/common.changelog-init.xml::1511451595465-1.1::R3.Corda ran successfully in 5ms
?[m?[37m[INFO] 11:12:00,531 [Test worker] liquibase. - master.changelog.json: migration/vault-schema.changelog-init.xml::1511451595465-22::R3.Corda: Table vault_fungible_states created
?[m?[37m[INFO] 11:12:00,531 [Test worker] liquibase. - master.changelog.json: migration/vault-schema.changelog-init.xml::1511451595465-22::R3.Corda: ChangeSet migration/vault-schema.changelog-init.xml::1511451595465-22::R3.Corda ran successfully in 1ms
?[m?[37m[INFO] 11:12:00,533 [Test worker] liquibase. - master.changelog.json: migration/vault-schema.changelog-init.xml::1511451595465-23::R3.Corda: Table vault_fungible_states_parts created
?[m?[37m[INFO] 11:12:00,533 [Test worker] liquibase. - master.changelog.json: migration/vault-schema.changelog-init.xml::1511451595465-23::R3.Corda: ChangeSet migration/vault-schema.changelog-init.xml::1511451595465-23::R3.Corda ran successfully in 1ms
?[m?[37m[INFO] 11:12:00,535 [Test worker] liquibase. - master.changelog.json: migration/vault-schema.changelog-init.xml::1511451595465-24::R3.Corda: Table vault_linear_states created
?[m?[37m[INFO] 11:12:00,535 [Test worker] liquibase. - master.changelog.json: migration/vault-schema.changelog-init.xml::1511451595465-24::R3.Corda: ChangeSet migration/vault-schema.changelog-init.xml::1511451595465-24::R3.Corda ran successfully in 1ms
?[m?[37m[INFO] 11:12:00,537 [Test worker] liquibase. - master.changelog.json: migration/vault-schema.changelog-init.xml::1511451595465-25::R3.Corda: Table vault_linear_states_parts created
?[m?[37m[INFO] 11:12:00,537 [Test worker] liquibase. - master.changelog.json: migration/vault-schema.changelog-init.xml::1511451595465-25::R3.Corda: ChangeSet migration/vault-schema.changelog-init.xml::1511451595465-25::R3.Corda ran successfully in 1ms
?[m?[37m[INFO] 11:12:00,539 [Test worker] liquibase. - master.changelog.json: migration/vault-schema.changelog-init.xml::1511451595465-26::R3.Corda: Table vault_states created
?[m?[37m[INFO] 11:12:00,539 [Test worker] liquibase. - master.changelog.json: migration/vault-schema.changelog-init.xml::1511451595465-26::R3.Corda: ChangeSet migration/vault-schema.changelog-init.xml::1511451595465-26::R3.Corda ran successfully in 1ms
?[m?[37m[INFO] 11:12:00,541 [Test worker] liquibase. - master.changelog.json: migration/vault-schema.changelog-init.xml::1511451595465-27::R3.Corda: Table vault_transaction_notes created
?[m?[37m[INFO] 11:12:00,541 [Test worker] liquibase. - master.changelog.json: migration/vault-schema.changelog-init.xml::1511451595465-27::R3.Corda: ChangeSet migration/vault-schema.changelog-init.xml::1511451595465-27::R3.Corda ran successfully in 1ms
?[m?[37m[INFO] 11:12:00,544 [Test worker] liquibase. - master.changelog.json: migration/vault-schema.changelog-init.xml::1511451595465-47::R3.Corda: Primary key added to vault_fungible_states (output_index, transaction_id)
?[m?[37m[INFO] 11:12:00,544 [Test worker] liquibase. - master.changelog.json: migration/vault-schema.changelog-init.xml::1511451595465-47::R3.Corda: ChangeSet migration/vault-schema.changelog-init.xml::1511451595465-47::R3.Corda ran successfully in 2ms
?[m?[37m[INFO] 11:12:00,547 [Test worker] liquibase. - master.changelog.json: migration/vault-schema.changelog-init.xml::1511451595465-48::R3.Corda: Primary key added to vault_linear_states (output_index, transaction_id)
?[m?[37m[INFO] 11:12:00,547 [Test worker] liquibase. - master.changelog.json: migration/vault-schema.changelog-init.xml::1511451595465-48::R3.Corda: ChangeSet migration/vault-schema.changelog-init.xml::1511451595465-48::R3.Corda ran successfully in 1ms
?[m?[37m[INFO] 11:12:00,548 [Test worker] liquibase. - master.changelog.json: migration/vault-schema.changelog-init.xml::1511451595465-49::R3.Corda: Primary key added to vault_states (output_index, transaction_id)
?[m?[37m[INFO] 11:12:00,549 [Test worker] liquibase. - master.changelog.json: migration/vault-schema.changelog-init.xml::1511451595465-49::R3.Corda: ChangeSet migration/vault-schema.changelog-init.xml::1511451595465-49::R3.Corda ran successfully in 1ms
?[m?[37m[INFO] 11:12:00,550 [Test worker] liquibase. - master.changelog.json: migration/vault-schema.changelog-init.xml::1511451595465-50::R3.Corda: Primary key added to vault_transaction_notes (seq_no)
?[m?[37m[INFO] 11:12:00,550 [Test worker] liquibase. - master.changelog.json: migration/vault-schema.changelog-init.xml::1511451595465-50::R3.Corda: ChangeSet migration/vault-schema.changelog-init.xml::1511451595465-50::R3.Corda ran successfully in 0ms
?[m?[37m[INFO] 11:12:00,553 [Test worker] liquibase. - master.changelog.json: migration/vault-schema.changelog-init.xml::1511451595465-53::R3.Corda: Index external_id_index created
?[m?[37m[INFO] 11:12:00,553 [Test worker] liquibase. - master.changelog.json: migration/vault-schema.changelog-init.xml::1511451595465-53::R3.Corda: ChangeSet migration/vault-schema.changelog-init.xml::1511451595465-53::R3.Corda ran successfully in 2ms
?[m?[37m[INFO] 11:12:00,555 [Test worker] liquibase. - master.changelog.json: migration/vault-schema.changelog-init.xml::1511451595465-55::R3.Corda: Index lock_id_idx created
?[m?[37m[INFO] 11:12:00,555 [Test worker] liquibase. - master.changelog.json: migration/vault-schema.changelog-init.xml::1511451595465-55::R3.Corda: ChangeSet migration/vault-schema.changelog-init.xml::1511451595465-55::R3.Corda ran successfully in 1ms
?[m?[37m[INFO] 11:12:00,557 [Test worker] liquibase. - master.changelog.json: migration/vault-schema.changelog-init.xml::1511451595465-58::R3.Corda: Index state_status_idx created
?[m?[37m[INFO] 11:12:00,557 [Test worker] liquibase. - master.changelog.json: migration/vault-schema.changelog-init.xml::1511451595465-58::R3.Corda: ChangeSet migration/vault-schema.changelog-init.xml::1511451595465-58::R3.Corda ran successfully in 0ms
?[m?[37m[INFO] 11:12:00,560 [Test worker] liquibase. - master.changelog.json: migration/vault-schema.changelog-init.xml::1511451595465-59::R3.Corda: Index transaction_id_index created
?[m?[37m[INFO] 11:12:00,560 [Test worker] liquibase. - master.changelog.json: migration/vault-schema.changelog-init.xml::1511451595465-59::R3.Corda: ChangeSet migration/vault-schema.changelog-init.xml::1511451595465-59::R3.Corda ran successfully in 1ms
?[m?[37m[INFO] 11:12:00,561 [Test worker] liquibase. - master.changelog.json: migration/vault-schema.changelog-init.xml::1511451595465-60::R3.Corda: Index uuid_index created
?[m?[37m[INFO] 11:12:00,562 [Test worker] liquibase. - master.changelog.json: migration/vault-schema.changelog-init.xml::1511451595465-60::R3.Corda: ChangeSet migration/vault-schema.changelog-init.xml::1511451595465-60::R3.Corda ran successfully in 0ms
?[m?[37m[INFO] 11:12:00,570 [Test worker] liquibase. - master.changelog.json: migration/vault-schema.changelog-init.xml::1511451595465-64::R3.Corda: Foreign key constraint added to vault_fungible_states_parts (output_index,transaction_id)
?[m?[37m[INFO] 11:12:00,570 [Test worker] liquibase. - master.changelog.json: migration/vault-schema.changelog-init.xml::1511451595465-64::R3.Corda: ChangeSet migration/vault-schema.changelog-init.xml::1511451595465-64::R3.Corda ran successfully in 7ms
?[m?[37m[INFO] 11:12:00,572 [Test worker] liquibase. - master.changelog.json: migration/vault-schema.changelog-init.xml::1511451595465-65::R3.Corda: Foreign key constraint added to vault_linear_states_parts (output_index,transaction_id)
?[m?[37m[INFO] 11:12:00,572 [Test worker] liquibase. - master.changelog.json: migration/vault-schema.changelog-init.xml::1511451595465-65::R3.Corda: ChangeSet migration/vault-schema.changelog-init.xml::1511451595465-65::R3.Corda ran successfully in 1ms
?[m?[37m[INFO] 11:12:00,574 [Test worker] liquibase. - master.changelog.json: migration/vault-schema.changelog-v3.xml::clean_vault::R3.Corda: Data deleted from vault_fungible_states_parts
?[m?[37m[INFO] 11:12:00,574 [Test worker] liquibase. - master.changelog.json: migration/vault-schema.changelog-v3.xml::clean_vault::R3.Corda: Data deleted from vault_fungible_states
?[m?[37m[INFO] 11:12:00,574 [Test worker] liquibase. - master.changelog.json: migration/vault-schema.changelog-v3.xml::clean_vault::R3.Corda: Data deleted from vault_linear_states_parts
?[m?[37m[INFO] 11:12:00,574 [Test worker] liquibase. - master.changelog.json: migration/vault-schema.changelog-v3.xml::clean_vault::R3.Corda: Data deleted from vault_linear_states
?[m?[37m[INFO] 11:12:00,574 [Test worker] liquibase. - master.changelog.json: migration/vault-schema.changelog-v3.xml::clean_vault::R3.Corda: Data deleted from vault_states
?[m?[37m[INFO] 11:12:00,574 [Test worker] liquibase. - master.changelog.json: migration/vault-schema.changelog-v3.xml::clean_vault::R3.Corda: Data deleted from vault_transaction_notes
?[m?[37m[INFO] 11:12:00,574 [Test worker] liquibase. - master.changelog.json: migration/vault-schema.changelog-v3.xml::clean_vault::R3.Corda: ChangeSet migration/vault-schema.changelog-v3.xml::clean_vault::R3.Corda ran successfully in 1ms
?[m?[37m[INFO] 11:12:00,578 [Test worker] liquibase. - master.changelog.json: migration/vault-schema.changelog-v4.xml::nullability::R3.Corda: Null constraint has been added to vault_fungible_states.quantity
?[m?[37m[INFO] 11:12:00,579 [Test worker] liquibase. - master.changelog.json: migration/vault-schema.changelog-v4.xml::nullability::R3.Corda: Null constraint has been added to vault_states.contract_state_class_name
?[m?[37m[INFO] 11:12:00,580 [Test worker] liquibase. - master.changelog.json: migration/vault-schema.changelog-v4.xml::nullability::R3.Corda: Null constraint has been added to vault_states.notary_name
?[m?[37m[INFO] 11:12:00,580 [Test worker] liquibase. - master.changelog.json: migration/vault-schema.changelog-v4.xml::nullability::R3.Corda: Null constraint has been added to vault_states.recorded_timestamp
?[m?[37m[INFO] 11:12:00,582 [Test worker] liquibase. - master.changelog.json: migration/vault-schema.changelog-v4.xml::nullability::R3.Corda: Index state_status_idx dropped from table vault_states
?[m?[37m[INFO] 11:12:00,582 [Test worker] liquibase. - master.changelog.json: migration/vault-schema.changelog-v4.xml::nullability::R3.Corda: Index lock_id_idx dropped from table vault_states
?[m?[37m[INFO] 11:12:00,583 [Test worker] liquibase. - master.changelog.json: migration/vault-schema.changelog-v4.xml::nullability::R3.Corda: Null constraint has been added to vault_states.state_status
?[m?[37m[INFO] 11:12:00,583 [Test worker] liquibase. - master.changelog.json: migration/vault-schema.changelog-v4.xml::nullability::R3.Corda: Index state_status_idx created
?[m?[37m[INFO] 11:12:00,584 [Test worker] liquibase. - master.changelog.json: migration/vault-schema.changelog-v4.xml::nullability::R3.Corda: Index lock_id_idx created
?[m?[37m[INFO] 11:12:00,584 [Test worker] liquibase. - master.changelog.json: migration/vault-schema.changelog-v4.xml::nullability::R3.Corda: Index transaction_id_index dropped from table vault_transaction_notes
?[m?[37m[INFO] 11:12:00,585 [Test worker] liquibase. - master.changelog.json: migration/vault-schema.changelog-v4.xml::nullability::R3.Corda: Null constraint has been added to vault_transaction_notes.note
?[m?[37m[INFO] 11:12:00,585 [Test worker] liquibase. - master.changelog.json: migration/vault-schema.changelog-v4.xml::nullability::R3.Corda: Null constraint has been added to vault_transaction_notes.transaction_id
?[m?[37m[INFO] 11:12:00,585 [Test worker] liquibase. - master.changelog.json: migration/vault-schema.changelog-v4.xml::nullability::R3.Corda: Index transaction_id_index created
?[m?[37m[INFO] 11:12:00,585 [Test worker] liquibase. - master.changelog.json: migration/vault-schema.changelog-v4.xml::nullability::R3.Corda: ChangeSet migration/vault-schema.changelog-v4.xml::nullability::R3.Corda ran successfully in 9ms
?[m?[37m[INFO] 11:12:00,601 [Test worker] liquibase. - master.changelog.json: migration/vault-schema.changelog-v5.xml::add_relevancy_status_column::R3.Corda: Columns relevancy_status(INT) added to vault_states
?[m?[37m[INFO] 11:12:00,601 [Test worker] liquibase. - master.changelog.json: migration/vault-schema.changelog-v5.xml::add_relevancy_status_column::R3.Corda: Data updated in vault_states
?[m?[37m[INFO] 11:12:00,602 [Test worker] liquibase. - master.changelog.json: migration/vault-schema.changelog-v5.xml::add_relevancy_status_column::R3.Corda: Null constraint has been added to vault_states.relevancy_status
?[m?[37m[INFO] 11:12:00,602 [Test worker] liquibase. - master.changelog.json: migration/vault-schema.changelog-v5.xml::add_relevancy_status_column::R3.Corda: ChangeSet migration/vault-schema.changelog-v5.xml::add_relevancy_status_column::R3.Corda ran successfully in 11ms
?[m?[37m[INFO] 11:12:00,609 [Test worker] liquibase. - master.changelog.json: migration/vault-schema.changelog-v6.xml::add_is_constraint_information_columns::R3.Corda: Columns constraint_type(INT) added to vault_states
?[m?[37m[INFO] 11:12:00,614 [Test worker] liquibase. - master.changelog.json: migration/vault-schema.changelog-v6.xml::add_is_constraint_information_columns::R3.Corda: Columns constraint_data(varbinary(563)) added to vault_states
?[m?[37m[INFO] 11:12:00,614 [Test worker] liquibase. - master.changelog.json: migration/vault-schema.changelog-v6.xml::add_is_constraint_information_columns::R3.Corda: ChangeSet migration/vault-schema.changelog-v6.xml::add_is_constraint_information_columns::R3.Corda ran successfully in 11ms
?[m?[37m[INFO] 11:12:00,615 [Test worker] liquibase. - master.changelog.json: migration/vault-schema.changelog-v7.xml::make_issuer_ref_nullable::R3.Corda: Null constraint dropped from vault_fungible_states.issuer_ref
?[m?[37m[INFO] 11:12:00,615 [Test worker] liquibase. - master.changelog.json: migration/vault-schema.changelog-v7.xml::make_issuer_ref_nullable::R3.Corda: ChangeSet migration/vault-schema.changelog-v7.xml::make_issuer_ref_nullable::R3.Corda ran successfully in 0ms
?[m?[37m[INFO] 11:12:00,617 [Test worker] liquibase. - master.changelog.json: migration/vault-schema.changelog-v8.xml::create-external-id-to-state-party-view::R3.Corda: Table state_party created
?[m?[37m[INFO] 11:12:00,618 [Test worker] liquibase. - master.changelog.json: migration/vault-schema.changelog-v8.xml::create-external-id-to-state-party-view::R3.Corda: Index state_pk_hash_idx created
?[m?[37m[INFO] 11:12:00,618 [Test worker] liquibase. - master.changelog.json: migration/vault-schema.changelog-v8.xml::create-external-id-to-state-party-view::R3.Corda: Table pk_hash_to_ext_id_map created
?[m?[37m[INFO] 11:12:00,618 [Test worker] liquibase. - master.changelog.json: migration/vault-schema.changelog-v8.xml::create-external-id-to-state-party-view::R3.Corda: Index pk_hash_to_xid_idx created
?[m?[37m[INFO] 11:12:00,621 [Test worker] liquibase. - master.changelog.json: migration/vault-schema.changelog-v8.xml::create-external-id-to-state-party-view::R3.Corda: View v_pkey_hash_ex_id_map created
?[m?[37m[INFO] 11:12:00,621 [Test worker] liquibase. - master.changelog.json: migration/vault-schema.changelog-v8.xml::create-external-id-to-state-party-view::R3.Corda: ChangeSet migration/vault-schema.changelog-v8.xml::create-external-id-to-state-party-view::R3.Corda ran successfully in 5ms
?[m?[37m[INFO] 11:12:00,623 [Test worker] liquibase. - master.changelog.json: migration/node-info.changelog-init.xml::1511451595465-4::R3.Corda: Table node_link_nodeinfo_party created
?[m?[37m[INFO] 11:12:00,623 [Test worker] liquibase. - master.changelog.json: migration/node-info.changelog-init.xml::1511451595465-4::R3.Corda: ChangeSet migration/node-info.changelog-init.xml::1511451595465-4::R3.Corda ran successfully in 0ms
?[m?[37m[INFO] 11:12:00,625 [Test worker] liquibase. - master.changelog.json: migration/node-info.changelog-init.xml::1511451595465-10::R3.Corda: Table node_info_hosts created
?[m?[37m[INFO] 11:12:00,625 [Test worker] liquibase. - master.changelog.json: migration/node-info.changelog-init.xml::1511451595465-10::R3.Corda: ChangeSet migration/node-info.changelog-init.xml::1511451595465-10::R3.Corda ran successfully in 1ms
?[m?[37m[INFO] 11:12:00,626 [Test worker] liquibase. - master.changelog.json: migration/node-info.changelog-init.xml::1511451595465-11::R3.Corda: Table node_info_party_cert created
?[m?[37m[INFO] 11:12:00,627 [Test worker] liquibase. - master.changelog.json: migration/node-info.changelog-init.xml::1511451595465-11::R3.Corda: ChangeSet migration/node-info.changelog-init.xml::1511451595465-11::R3.Corda ran successfully in 1ms
?[m?[37m[INFO] 11:12:00,629 [Test worker] liquibase. - master.changelog.json: migration/node-info.changelog-init.xml::1511451595465-12::R3.Corda: Table node_infos created
?[m?[37m[INFO] 11:12:00,629 [Test worker] liquibase. - master.changelog.json: migration/node-info.changelog-init.xml::1511451595465-12::R3.Corda: ChangeSet migration/node-info.changelog-init.xml::1511451595465-12::R3.Corda ran successfully in 1ms
?[m?[37m[INFO] 11:12:00,630 [Test worker] liquibase. - master.changelog.json: migration/node-info.changelog-init.xml::1511451595465-35::R3.Corda: Primary key added to node_info_hosts (host, port)
?[m?[37m[INFO] 11:12:00,630 [Test worker] liquibase. - master.changelog.json: migration/node-info.changelog-init.xml::1511451595465-35::R3.Corda: ChangeSet migration/node-info.changelog-init.xml::1511451595465-35::R3.Corda ran successfully in 0ms
?[m?[37m[INFO] 11:12:00,632 [Test worker] liquibase. - master.changelog.json: migration/node-info.changelog-init.xml::1511451595465-36::R3.Corda: Primary key added to node_info_party_cert (party_name)
?[m?[37m[INFO] 11:12:00,632 [Test worker] liquibase. - master.changelog.json: migration/node-info.changelog-init.xml::1511451595465-36::R3.Corda: ChangeSet migration/node-info.changelog-init.xml::1511451595465-36::R3.Corda ran successfully in 1ms
?[m?[37m[INFO] 11:12:00,633 [Test worker] liquibase. - master.changelog.json: migration/node-info.changelog-init.xml::1511451595465-37::R3.Corda: Primary key added to node_infos (node_info_id)
?[m?[37m[INFO] 11:12:00,633 [Test worker] liquibase. - master.changelog.json: migration/node-info.changelog-init.xml::1511451595465-37::R3.Corda: ChangeSet migration/node-info.changelog-init.xml::1511451595465-37::R3.Corda ran successfully in 0ms
?[m?[37m[INFO] 11:12:00,636 [Test worker] liquibase. - master.changelog.json: migration/node-info.changelog-init.xml::1511451595465-62::R3.Corda: Foreign key constraint added to node_link_nodeinfo_party (node_info_id)
?[m?[37m[INFO] 11:12:00,636 [Test worker] liquibase. - master.changelog.json: migration/node-info.changelog-init.xml::1511451595465-62::R3.Corda: ChangeSet migration/node-info.changelog-init.xml::1511451595465-62::R3.Corda ran successfully in 2ms
?[m?[37m[INFO] 11:12:00,639 [Test worker] liquibase. - master.changelog.json: migration/node-info.changelog-init.xml::1511451595465-63::R3.Corda: Foreign key constraint added to node_info_hosts (node_info_id)
?[m?[37m[INFO] 11:12:00,639 [Test worker] liquibase. - master.changelog.json: migration/node-info.changelog-init.xml::1511451595465-63::R3.Corda: ChangeSet migration/node-info.changelog-init.xml::1511451595465-63::R3.Corda ran successfully in 1ms
?[m?[37m[INFO] 11:12:00,640 [Test worker] liquibase. - master.changelog.json: migration/node-info.changelog-init.xml::remove_host_port_pk::R3.Corda: Data deleted from node_infos
?[m?[37m[INFO] 11:12:00,641 [Test worker] liquibase. - master.changelog.json: migration/node-info.changelog-init.xml::remove_host_port_pk::R3.Corda: Data deleted from node_link_nodeinfo_party
?[m?[37m[INFO] 11:12:00,641 [Test worker] liquibase. - master.changelog.json: migration/node-info.changelog-init.xml::remove_host_port_pk::R3.Corda: Data deleted from node_info_hosts
?[m?[37m[INFO] 11:12:00,641 [Test worker] liquibase. - master.changelog.json: migration/node-info.changelog-init.xml::remove_host_port_pk::R3.Corda: Data deleted from node_info_party_cert
?[m?[37m[INFO] 11:12:00,641 [Test worker] liquibase. - master.changelog.json: migration/node-info.changelog-init.xml::remove_host_port_pk::R3.Corda: Primary key dropped from node_info_hosts
?[m?[37m[INFO] 11:12:00,644 [Test worker] liquibase. - master.changelog.json: migration/node-info.changelog-init.xml::remove_host_port_pk::R3.Corda: Columns hosts_id(INT) added to node_info_hosts
?[m?[37m[INFO] 11:12:00,645 [Test worker] liquibase. - master.changelog.json: migration/node-info.changelog-init.xml::remove_host_port_pk::R3.Corda: Primary key added to node_info_hosts (hosts_id)
?[m?[37m[INFO] 11:12:00,645 [Test worker] liquibase. - master.changelog.json: migration/node-info.changelog-init.xml::remove_host_port_pk::R3.Corda: ChangeSet migration/node-info.changelog-init.xml::remove_host_port_pk::R3.Corda ran successfully in 5ms
?[m?[37m[INFO] 11:12:00,647 [Test worker] liquibase. - master.changelog.json: migration/node-info.changelog-v1.xml::key/value node properties table::R3.Corda: Table node_properties created
?[m?[37m[INFO] 11:12:00,647 [Test worker] liquibase. - master.changelog.json: migration/node-info.changelog-v1.xml::key/value node properties table::R3.Corda: ChangeSet migration/node-info.changelog-v1.xml::key/value node properties table::R3.Corda ran successfully in 1ms
?[m?[37m[INFO] 11:12:00,648 [Test worker] liquibase. - master.changelog.json: migration/node-info.changelog-v2.xml::1525962920::R3.Corda: Null constraint has been added to node_infos.node_info_hash
?[m?[37m[INFO] 11:12:00,649 [Test worker] liquibase. - master.changelog.json: migration/node-info.changelog-v2.xml::1525962920::R3.Corda: Null constraint has been added to node_infos.platform_version
?[m?[37m[INFO] 11:12:00,649 [Test worker] liquibase. - master.changelog.json: migration/node-info.changelog-v2.xml::1525962920::R3.Corda: Null constraint has been added to node_infos.serial
?[m?[37m[INFO] 11:12:00,650 [Test worker] liquibase. - master.changelog.json: migration/node-info.changelog-v2.xml::1525962920::R3.Corda: Null constraint dropped from node_info_hosts.host
?[m?[37m[INFO] 11:12:00,650 [Test worker] liquibase. - master.changelog.json: migration/node-info.changelog-v2.xml::1525962920::R3.Corda: Null constraint dropped from node_info_hosts.port
?[m?[37m[INFO] 11:12:00,650 [Test worker] liquibase. - master.changelog.json: migration/node-info.changelog-v2.xml::1525962920::R3.Corda: Null constraint has been added to node_info_party_cert.owning_key_hash
?[m?[37m[INFO] 11:12:00,651 [Test worker] liquibase. - master.changelog.json: migration/node-info.changelog-v2.xml::1525962920::R3.Corda: Null constraint has been added to node_info_party_cert.party_cert_binary
?[m?[37m[INFO] 11:12:00,651 [Test worker] liquibase. - master.changelog.json: migration/node-info.changelog-v2.xml::1525962920::R3.Corda: ChangeSet migration/node-info.changelog-v2.xml::1525962920::R3.Corda ran successfully in 3ms
?[m?[37m[INFO] 11:12:00,654 [Test worker] liquibase. - master.changelog.json: migration/node-info.changelog-v3.xml::column_host_name::R3.Corda: Column node_info_hosts.host renamed to host_name
?[m?[37m[INFO] 11:12:00,654 [Test worker] liquibase. - master.changelog.json: migration/node-info.changelog-v3.xml::column_host_name::R3.Corda: ChangeSet migration/node-info.changelog-v3.xml::column_host_name::R3.Corda ran successfully in 2ms
?[m?[37m[INFO] 11:12:00,655 [Test worker] liquibase. - master.changelog.json: migration/node-services.changelog-init.xml::1511451595465-5::R3.Corda: Table node_attachments created
?[m?[37m[INFO] 11:12:00,655 [Test worker] liquibase. - master.changelog.json: migration/node-services.changelog-init.xml::1511451595465-5::R3.Corda: ChangeSet migration/node-services.changelog-init.xml::1511451595465-5::R3.Corda ran successfully in 0ms
?[m?[37m[INFO] 11:12:00,657 [Test worker] liquibase. - master.changelog.json: migration/node-services.changelog-init.xml::1511451595465-7::R3.Corda: Table node_checkpoints created
?[m?[37m[INFO] 11:12:00,657 [Test worker] liquibase. - master.changelog.json: migration/node-services.changelog-init.xml::1511451595465-7::R3.Corda: ChangeSet migration/node-services.changelog-init.xml::1511451595465-7::R3.Corda ran successfully in 1ms
?[m?[37m[INFO] 11:12:00,658 [Test worker] liquibase. - master.changelog.json: migration/node-services.changelog-init.xml::1511451595465-8::R3.Corda: Table node_contract_upgrades created
?[m?[37m[INFO] 11:12:00,658 [Test worker] liquibase. - master.changelog.json: migration/node-services.changelog-init.xml::1511451595465-8::R3.Corda: ChangeSet migration/node-services.changelog-init.xml::1511451595465-8::R3.Corda ran successfully in 0ms
?[m?[37m[INFO] 11:12:00,660 [Test worker] liquibase. - master.changelog.json: migration/node-services.changelog-init.xml::1511451595465-9::R3.Corda: Table node_identities created
?[m?[37m[INFO] 11:12:00,660 [Test worker] liquibase. - master.changelog.json: migration/node-services.changelog-init.xml::1511451595465-9::R3.Corda: ChangeSet migration/node-services.changelog-init.xml::1511451595465-9::R3.Corda ran successfully in 1ms
?[m?[37m[INFO] 11:12:00,662 [Test worker] liquibase. - master.changelog.json: migration/node-services.changelog-init.xml::1511451595465-13::R3.Corda: Table node_message_ids created
?[m?[37m[INFO] 11:12:00,662 [Test worker] liquibase. - master.changelog.json: migration/node-services.changelog-init.xml::1511451595465-13::R3.Corda: ChangeSet migration/node-services.changelog-init.xml::1511451595465-13::R3.Corda ran successfully in 1ms
?[m?[37m[INFO] 11:12:00,663 [Test worker] liquibase. - master.changelog.json: migration/node-services.changelog-init.xml::1511451595465-14::R3.Corda: Table node_message_retry created
?[m?[37m[INFO] 11:12:00,663 [Test worker] liquibase. - master.changelog.json: migration/node-services.changelog-init.xml::1511451595465-14::R3.Corda: ChangeSet migration/node-services.changelog-init.xml::1511451595465-14::R3.Corda ran successfully in 0ms
?[m?[37m[INFO] 11:12:00,665 [Test worker] liquibase. - master.changelog.json: migration/node-services.changelog-init.xml::1511451595465-15::R3.Corda: Table node_named_identities created
?[m?[37m[INFO] 11:12:00,665 [Test worker] liquibase. - master.changelog.json: migration/node-services.changelog-init.xml::1511451595465-15::R3.Corda: ChangeSet migration/node-services.changelog-init.xml::1511451595465-15::R3.Corda ran successfully in 1ms
?[m?[37m[INFO] 11:12:00,667 [Test worker] liquibase. - master.changelog.json: migration/node-services.changelog-init.xml::1511451595465-17::R3.Corda: Table node_our_key_pairs created
?[m?[37m[INFO] 11:12:00,667 [Test worker] liquibase. - master.changelog.json: migration/node-services.changelog-init.xml::1511451595465-17::R3.Corda: ChangeSet migration/node-services.changelog-init.xml::1511451595465-17::R3.Corda ran successfully in 1ms
?[m?[37m[INFO] 11:12:00,668 [Test worker] liquibase. - master.changelog.json: migration/node-services.changelog-init.xml::1511451595465-19::R3.Corda: Table node_scheduled_states created
?[m?[37m[INFO] 11:12:00,668 [Test worker] liquibase. - master.changelog.json: migration/node-services.changelog-init.xml::1511451595465-19::R3.Corda: ChangeSet migration/node-services.changelog-init.xml::1511451595465-19::R3.Corda ran successfully in 0ms
?[m?[37m[INFO] 11:12:00,670 [Test worker] liquibase. - master.changelog.json: migration/node-services.changelog-init.xml::1511451595465-20::R3.Corda: Table node_transaction_mappings created
?[m?[37m[INFO] 11:12:00,670 [Test worker] liquibase. - master.changelog.json: migration/node-services.changelog-init.xml::1511451595465-20::R3.Corda: ChangeSet migration/node-services.changelog-init.xml::1511451595465-20::R3.Corda ran successfully in 1ms
?[m?[37m[INFO] 11:12:00,671 [Test worker] liquibase. - master.changelog.json: migration/node-services.changelog-init.xml::1511451595465-21::R3.Corda: Table node_transactions created
?[m?[37m[INFO] 11:12:00,671 [Test worker] liquibase. - master.changelog.json: migration/node-services.changelog-init.xml::1511451595465-21::R3.Corda: ChangeSet migration/node-services.changelog-init.xml::1511451595465-21::R3.Corda ran successfully in 0ms
?[m?[37m[INFO] 11:12:00,673 [Test worker] liquibase. - master.changelog.json: migration/node-services.changelog-init.xml::1511451595465-30::R3.Corda: Primary key added to node_attachments (att_id)
?[m?[37m[INFO] 11:12:00,673 [Test worker] liquibase. - master.changelog.json: migration/node-services.changelog-init.xml::1511451595465-30::R3.Corda: ChangeSet migration/node-services.changelog-init.xml::1511451595465-30::R3.Corda ran successfully in 1ms
?[m?[37m[INFO] 11:12:00,674 [Test worker] liquibase. - master.changelog.json: migration/node-services.changelog-init.xml::1511451595465-32::R3.Corda: Primary key added to node_checkpoints (checkpoint_id)
?[m?[37m[INFO] 11:12:00,674 [Test worker] liquibase. - master.changelog.json: migration/node-services.changelog-init.xml::1511451595465-32::R3.Corda: ChangeSet migration/node-services.changelog-init.xml::1511451595465-32::R3.Corda ran successfully in 0ms
?[m?[37m[INFO] 11:12:00,676 [Test worker] liquibase. - master.changelog.json: migration/node-services.changelog-init.xml::1511451595465-33::R3.Corda: Primary key added to node_contract_upgrades (state_ref)
?[m?[37m[INFO] 11:12:00,676 [Test worker] liquibase. - master.changelog.json: migration/node-services.changelog-init.xml::1511451595465-33::R3.Corda: ChangeSet migration/node-services.changelog-init.xml::1511451595465-33::R3.Corda ran successfully in 1ms
?[m?[37m[INFO] 11:12:00,678 [Test worker] liquibase. - master.changelog.json: migration/node-services.changelog-init.xml::1511451595465-34::R3.Corda: Primary key added to node_identities (pk_hash)
?[m?[37m[INFO] 11:12:00,678 [Test worker] liquibase. - master.changelog.json: migration/node-services.changelog-init.xml::1511451595465-34::R3.Corda: ChangeSet migration/node-services.changelog-init.xml::1511451595465-34::R3.Corda ran successfully in 1ms
?[m?[37m[INFO] 11:12:00,679 [Test worker] liquibase. - master.changelog.json: migration/node-services.changelog-init.xml::1511451595465-38::R3.Corda: Primary key added to node_message_ids (message_id)
?[m?[37m[INFO] 11:12:00,679 [Test worker] liquibase. - master.changelog.json: migration/node-services.changelog-init.xml::1511451595465-38::R3.Corda: ChangeSet migration/node-services.changelog-init.xml::1511451595465-38::R3.Corda ran successfully in 0ms
?[m?[37m[INFO] 11:12:00,681 [Test worker] liquibase. - master.changelog.json: migration/node-services.changelog-init.xml::1511451595465-39::R3.Corda: Primary key added to node_message_retry (message_id)
?[m?[37m[INFO] 11:12:00,681 [Test worker] liquibase. - master.changelog.json: migration/node-services.changelog-init.xml::1511451595465-39::R3.Corda: ChangeSet migration/node-services.changelog-init.xml::1511451595465-39::R3.Corda ran successfully in 0ms
?[m?[37m[INFO] 11:12:00,683 [Test worker] liquibase. - master.changelog.json: migration/node-services.changelog-init.xml::1511451595465-40::R3.Corda: Primary key added to node_named_identities (name)
?[m?[37m[INFO] 11:12:00,683 [Test worker] liquibase. - master.changelog.json: migration/node-services.changelog-init.xml::1511451595465-40::R3.Corda: ChangeSet migration/node-services.changelog-init.xml::1511451595465-40::R3.Corda ran successfully in 1ms
?[m?[37m[INFO] 11:12:00,684 [Test worker] liquibase. - master.changelog.json: migration/node-services.changelog-init.xml::1511451595465-42::R3.Corda: Primary key added to node_our_key_pairs (public_key_hash)
?[m?[37m[INFO] 11:12:00,685 [Test worker] liquibase. - master.changelog.json: migration/node-services.changelog-init.xml::1511451595465-42::R3.Corda: ChangeSet migration/node-services.changelog-init.xml::1511451595465-42::R3.Corda ran successfully in 1ms
?[m?[37m[INFO] 11:12:00,686 [Test worker] liquibase. - master.changelog.json: migration/node-services.changelog-init.xml::1511451595465-44::R3.Corda: Primary key added to node_scheduled_states (output_index, transaction_id)
?[m?[37m[INFO] 11:12:00,686 [Test worker] liquibase. - master.changelog.json: migration/node-services.changelog-init.xml::1511451595465-44::R3.Corda: ChangeSet migration/node-services.changelog-init.xml::1511451595465-44::R3.Corda ran successfully in 0ms
?[m?[37m[INFO] 11:12:00,688 [Test worker] liquibase. - master.changelog.json: migration/node-services.changelog-init.xml::1511451595465-45::R3.Corda: Primary key added to node_transaction_mappings (tx_id)
?[m?[37m[INFO] 11:12:00,688 [Test worker] liquibase. - master.changelog.json: migration/node-services.changelog-init.xml::1511451595465-45::R3.Corda: ChangeSet migration/node-services.changelog-init.xml::1511451595465-45::R3.Corda ran successfully in 1ms
?[m?[37m[INFO] 11:12:00,690 [Test worker] liquibase. - master.changelog.json: migration/node-services.changelog-init.xml::1511451595465-46::R3.Corda: Primary key added to node_transactions (tx_id)
?[m?[37m[INFO] 11:12:00,690 [Test worker] liquibase. - master.changelog.json: migration/node-services.changelog-init.xml::1511451595465-46::R3.Corda: ChangeSet migration/node-services.changelog-init.xml::1511451595465-46::R3.Corda ran successfully in 1ms
?[m?[37m[INFO] 11:12:00,692 [Test worker] liquibase. - master.changelog.json: migration/node-services.changelog-init.xml::1511451595465-61::R3.Corda: Foreign key constraint added to node_link_nodeinfo_party (party_name)
?[m?[37m[INFO] 11:12:00,692 [Test worker] liquibase. - master.changelog.json: migration/node-services.changelog-init.xml::1511451595465-61::R3.Corda: ChangeSet migration/node-services.changelog-init.xml::1511451595465-61::R3.Corda ran successfully in 1ms
?[m?[37m[INFO] 11:12:00,693 [Test worker] liquibase. - master.changelog.json: migration/node-services.changelog-init.xml::add index att_id::R3.Corda: Index att_id_idx created
?[m?[37m[INFO] 11:12:00,693 [Test worker] liquibase. - master.changelog.json: migration/node-services.changelog-init.xml::add index att_id::R3.Corda: ChangeSet migration/node-services.changelog-init.xml::add index att_id::R3.Corda ran successfully in 0ms
?[m?[37m[INFO] 11:12:00,695 [Test worker] liquibase. - master.changelog.json: migration/node-services.changelog-init.xml::add_contract_attachment::R3.Corda: Table node_attchments_contracts created
?[m?[37m[INFO] 11:12:00,697 [Test worker] liquibase. - master.changelog.json: migration/node-services.changelog-init.xml::add_contract_attachment::R3.Corda: Foreign key constraint added to node_attchments_contracts (att_id)
?[m?[37m[INFO] 11:12:00,697 [Test worker] liquibase. - master.changelog.json: migration/node-services.changelog-init.xml::add_contract_attachment::R3.Corda: Data deleted from node_attachments
?[m?[37m[INFO] 11:12:00,697 [Test worker] liquibase. - master.changelog.json: migration/node-services.changelog-init.xml::add_contract_attachment::R3.Corda: ChangeSet migration/node-services.changelog-init.xml::add_contract_attachment::R3.Corda ran successfully in 3ms
?[m?[37m[INFO] 11:12:00,703 [Test worker] liquibase. - master.changelog.json: migration/node-services.changelog-init.xml::add_dedup_columns::R3.Corda: Columns sender(NVARCHAR(64)),sequence_number(BIGINT) added to node_message_ids
?[m?[37m[INFO] 11:12:00,703 [Test worker] liquibase. - master.changelog.json: migration/node-services.changelog-init.xml::add_dedup_columns::R3.Corda: ChangeSet migration/node-services.changelog-init.xml::add_dedup_columns::R3.Corda ran successfully in 5ms
?[m?[37m[INFO] 11:12:00,705 [Test worker] liquibase. - master.changelog.json: migration/node-core.changelog-v4.xml::attchments_rename::R3.Corda: Table node_attchments_contracts renamed to node_attachments_contracts
?[m?[37m[INFO] 11:12:00,705 [Test worker] liquibase. - master.changelog.json: migration/node-core.changelog-v4.xml::attchments_rename::R3.Corda: ChangeSet migration/node-core.changelog-v4.xml::attchments_rename::R3.Corda ran successfully in 0ms
?[m?[37m[INFO] 11:12:00,707 [Test worker] liquibase. - master.changelog.json: migration/node-core.changelog-v4.xml::nullability::R3.Corda: Null constraint has been added to node_identities.identity_value
?[m?[37m[INFO] 11:12:00,708 [Test worker] liquibase. - master.changelog.json: migration/node-core.changelog-v4.xml::nullability::R3.Corda: Null constraint has been added to node_attachments.content
?[m?[37m[INFO] 11:12:00,708 [Test worker] liquibase. - master.changelog.json: migration/node-core.changelog-v4.xml::nullability::R3.Corda: Null constraint has been added to node_attachments_contracts.contract_class_name
?[m?[37m[INFO] 11:12:00,708 [Test worker] liquibase. - master.changelog.json: migration/node-core.changelog-v4.xml::nullability::R3.Corda: Null constraint has been added to node_checkpoints.checkpoint_value
?[m?[37m[INFO] 11:12:00,709 [Test worker] liquibase. - master.changelog.json: migration/node-core.changelog-v4.xml::nullability::R3.Corda: Null constraint has been added to node_contract_upgrades.contract_class_name
?[m?[37m[INFO] 11:12:00,709 [Test worker] liquibase. - master.changelog.json: migration/node-core.changelog-v4.xml::nullability::R3.Corda: Null constraint has been added to node_message_ids.insertion_time
?[m?[37m[INFO] 11:12:00,710 [Test worker] liquibase. - master.changelog.json: migration/node-core.changelog-v4.xml::nullability::R3.Corda: Null constraint has been added to node_message_retry.message
?[m?[37m[INFO] 11:12:00,710 [Test worker] liquibase. - master.changelog.json: migration/node-core.changelog-v4.xml::nullability::R3.Corda: Null constraint has been added to node_message_retry.recipients
?[m?[37m[INFO] 11:12:00,711 [Test worker] liquibase. - master.changelog.json: migration/node-core.changelog-v4.xml::nullability::R3.Corda: Null constraint has been added to node_named_identities.pk_hash
?[m?[37m[INFO] 11:12:00,711 [Test worker] liquibase. - master.changelog.json: migration/node-core.changelog-v4.xml::nullability::R3.Corda: Null constraint has been added to node_our_key_pairs.private_key
?[m?[37m[INFO] 11:12:00,712 [Test worker] liquibase. - master.changelog.json: migration/node-core.changelog-v4.xml::nullability::R3.Corda: Null constraint has been added to node_our_key_pairs.public_key
?[m?[37m[INFO] 11:12:00,712 [Test worker] liquibase. - master.changelog.json: migration/node-core.changelog-v4.xml::nullability::R3.Corda: Null constraint has been added to node_transaction_mappings.state_machine_run_id
?[m?[37m[INFO] 11:12:00,713 [Test worker] liquibase. - master.changelog.json: migration/node-core.changelog-v4.xml::nullability::R3.Corda: Null constraint has been added to node_transactions.transaction_value
?[m?[37m[INFO] 11:12:00,713 [Test worker] liquibase. - master.changelog.json: migration/node-core.changelog-v4.xml::nullability::R3.Corda: ChangeSet migration/node-core.changelog-v4.xml::nullability::R3.Corda ran successfully in 7ms
?[m?[37m[INFO] 11:12:00,717 [Test worker] liquibase. - master.changelog.json: migration/node-core.changelog-v5.xml::remove_unused_node_message_retry::R3.Corda: Table node_message_retry dropped
?[m?[37m[INFO] 11:12:00,717 [Test worker] liquibase. - master.changelog.json: migration/node-core.changelog-v5.xml::remove_unused_node_message_retry::R3.Corda: ChangeSet migration/node-core.changelog-v5.xml::remove_unused_node_message_retry::R3.Corda ran successfully in 3ms
?[m?[37m[INFO] 11:12:00,757 [Test worker] liquibase. - master.changelog.json: migration/node-core.changelog-v8.xml::conditional_attchments_rename::R3.Corda: Marking ChangeSet: migration/node-core.changelog-v8.xml::conditional_attchments_rename::R3.Corda ran despite precondition failure due to onFail='MARK_RAN': 
          master.changelog.json : Table PUBLIC.NODE_ATTCHMENTS_CONTRACTS does not exist

?[m?[37m[INFO] 11:12:00,774 [Test worker] liquibase. - master.changelog.json: migration/node-core.changelog-v8.xml::conditional_attchments_contracts::R3.Corda: Marking ChangeSet: migration/node-core.changelog-v8.xml::conditional_attchments_contracts::R3.Corda ran despite precondition failure due to onFail='MARK_RAN': 
          master.changelog.json : Table PUBLIC.NODE_ATTACHMENTS_CONTRACT_CLASS_NAME does not exist

?[m?[37m[INFO] 11:12:00,775 [Test worker] liquibase. - master.changelog.json: migration/node-core.changelog-v8.xml::add_signers::R3.Corda: Table node_attachments_signers created
?[m?[37m[INFO] 11:12:00,777 [Test worker] liquibase. - master.changelog.json: migration/node-core.changelog-v8.xml::add_signers::R3.Corda: Foreign key constraint added to node_attachments_signers (att_id)
?[m?[37m[INFO] 11:12:00,777 [Test worker] liquibase. - master.changelog.json: migration/node-core.changelog-v8.xml::add_signers::R3.Corda: ChangeSet migration/node-core.changelog-v8.xml::add_signers::R3.Corda ran successfully in 2ms
?[m?[37m[INFO] 11:12:00,780 [Test worker] liquibase. - master.changelog.json: migration/node-core.changelog-tx-mapping.xml::add_tx_mapping_column::R3.Corda: Columns state_machine_run_id(NVARCHAR(36)) added to node_transactions
?[m?[37m[INFO] 11:12:00,781 [Test worker] liquibase. - master.changelog.json: migration/node-core.changelog-tx-mapping.xml::add_tx_mapping_column::R3.Corda: Custom SQL executed
?[m?[37m[INFO] 11:12:00,782 [Test worker] liquibase. - master.changelog.json: migration/node-core.changelog-tx-mapping.xml::add_tx_mapping_column::R3.Corda: Table node_transaction_mappings dropped
?[m?[37m[INFO] 11:12:00,782 [Test worker] liquibase. - master.changelog.json: migration/node-core.changelog-tx-mapping.xml::add_tx_mapping_column::R3.Corda: ChangeSet migration/node-core.changelog-tx-mapping.xml::add_tx_mapping_column::R3.Corda ran successfully in 4ms
?[m?[37m[INFO] 11:12:00,783 [Test worker] liquibase. - master.changelog.json: migration/node-services.changelog-init.xml::add_network_parameters_storage::R3.Corda: Table node_network_parameters created
?[m?[37m[INFO] 11:12:00,783 [Test worker] liquibase. - master.changelog.json: migration/node-services.changelog-init.xml::add_network_parameters_storage::R3.Corda: ChangeSet migration/node-services.changelog-init.xml::add_network_parameters_storage::R3.Corda ran successfully in 0ms
?[m?[37m[INFO] 11:12:00,785 [Test worker] liquibase. - master.changelog.json: migration/node-services.changelog-init.xml::network_parameters_pk::R3.Corda: Primary key added to node_network_parameters (hash)
?[m?[37m[INFO] 11:12:00,785 [Test worker] liquibase. - master.changelog.json: migration/node-services.changelog-init.xml::network_parameters_pk::R3.Corda: ChangeSet migration/node-services.changelog-init.xml::network_parameters_pk::R3.Corda ran successfully in 1ms
?[m?[37m[INFO] 11:12:00,790 [Test worker] liquibase. - master.changelog.json: migration/node-services.changelog-init.xml::add_version_column::R3.Corda: Columns version(INT) added to node_attachments
?[m?[37m[INFO] 11:12:00,790 [Test worker] liquibase. - master.changelog.json: migration/node-services.changelog-init.xml::add_version_column::R3.Corda: Custom SQL executed
?[m?[37m[INFO] 11:12:00,790 [Test worker] liquibase. - master.changelog.json: migration/node-services.changelog-init.xml::add_version_column::R3.Corda: Null constraint has been added to node_attachments.version
?[m?[37m[INFO] 11:12:00,790 [Test worker] liquibase. - master.changelog.json: migration/node-services.changelog-init.xml::add_version_column::R3.Corda: ChangeSet migration/node-services.changelog-init.xml::add_version_column::R3.Corda ran successfully in 4ms
?[m?[37m[INFO] 11:12:00,792 [Test worker] persistence.AttachmentVersionNumberMigration. - Start executing...
?[m?[37m[INFO] 11:12:00,794 [Test worker] persistence.AttachmentVersionNumberMigration. - Attachment version creation from whitelisted JARs using network parameters from build/mock-network/20190407-151148.477/nodes/0/network-parameters, whitelistedContractImplementations: {}.
?[m?[37m[INFO] 11:12:00,794 [Test worker] persistence.AttachmentVersionNumberMigration. - Attachment version creation from whitelisted JARs skipped, no attachments not found.
?[m?[37m[INFO] 11:12:00,794 [Test worker] liquibase. - master.changelog.json: migration/node-services.changelog-init.xml::update-version-of-whitelisted-jars::R3.Corda: null
?[m?[37m[INFO] 11:12:00,794 [Test worker] liquibase. - master.changelog.json: migration/node-services.changelog-init.xml::update-version-of-whitelisted-jars::R3.Corda: ChangeSet migration/node-services.changelog-init.xml::update-version-of-whitelisted-jars::R3.Corda ran successfully in 3ms
?[m?[37m[INFO] 11:12:00,795 [Test worker] migration.VaultStateMigration. - Migrating vault state data to V4 tables
?[m?[37m[INFO] 11:12:00,840 [Test worker] persistence.HibernateConfiguration. - Init HibernateConfiguration for schemas: [VaultMigrationSchemaV1(name=net.corda.node.migration.VaultMigrationSchema, version=1), VaultSchemaV1(name=net.corda.node.services.vault.VaultSchema, version=1)]
?[m?[37m[INFO] 11:12:00,845 [Test worker] persistence.HibernateConfiguration. - Creating session factory for schemas: [VaultMigrationSchemaV1(name=net.corda.node.migration.VaultMigrationSchema, version=1), VaultSchemaV1(name=net.corda.node.services.vault.VaultSchema, version=1)]
?[m?[37m[INFO] 11:12:01,419 [Test worker] hibernate.Version. - HHH000412: Hibernate Core {5.3.6.Final}
?[m?[37m[INFO] 11:12:01,426 [Test worker] cfg.Environment. - HHH000206: hibernate.properties not found
?[m?[37m[INFO] 11:12:01,574 [Test worker] common.Version. - HCANN000001: Hibernate Commons Annotations {5.0.4.Final}
?[m?[37m[INFO] 11:12:01,773 [Test worker] internal.ConnectionProviderInitiator. - HHH000130: Instantiating explicit connection provider: net.corda.nodeapi.internal.persistence.HibernateConfiguration$NodeDatabaseConnectionProvider
?[m?[37m[INFO] 11:12:01,809 [Test worker] dialect.Dialect. - HHH000400: Using dialect: org.hibernate.dialect.H2Dialect
?[m?[37m[INFO] 11:12:01,877 [Test worker] type.BasicTypeRegistry. - HHH000270: Type registration [materialized_blob] overrides previous : org.hibernate.type.MaterializedBlobType@13ae4c5f
?[m?[37m[INFO] 11:12:03,013 [Test worker] connections.access. - HHH10001501: Connection obtained from JdbcConnectionAccess [org.hibernate.engine.jdbc.env.internal.JdbcEnvironmentInitiator$ConnectionProviderJdbcConnectionAccess@4d896bca] for (non-JTA) DDL execution was not in auto-commit mode; the Connection 'local transaction' will be committed and the Connection will be set into auto-commit mode.
?[m?[37m[INFO] 11:12:03,110 [Test worker] persistence.HibernateConfiguration. - Created session factory for schemas: [VaultMigrationSchemaV1(name=net.corda.node.migration.VaultMigrationSchema, version=1), VaultSchemaV1(name=net.corda.node.services.vault.VaultSchema, version=1)]
?[m?[37m[INFO] 11:12:03,400 [Test worker] internal.QueryTranslatorFactoryInitiator. - HHH000397: Using ASTQueryTranslatorFactory
?[m?[37m[INFO] 11:12:03,672 [Test worker] migration.VaultStateMigration. - Finished performing vault state data migration for 0 states
?[m?[37m[INFO] 11:12:03,672 [Test worker] liquibase. - master.changelog.json: migration/vault-schema.changelog-v9.xml::update-vault-states::R3.Corda: null
?[m?[37m[INFO] 11:12:03,673 [Test worker] liquibase. - master.changelog.json: migration/vault-schema.changelog-v9.xml::update-vault-states::R3.Corda: ChangeSet migration/vault-schema.changelog-v9.xml::update-vault-states::R3.Corda ran successfully in 2877ms
?[m?[37m[INFO] 11:12:03,675 [Test worker] liquibase. - master.changelog.json: migration/node-services.changelog-init.xml::1511451595465-16::R3.Corda: Table node_notary_committed_states created
?[m?[37m[INFO] 11:12:03,675 [Test worker] liquibase. - master.changelog.json: migration/node-services.changelog-init.xml::1511451595465-16::R3.Corda: ChangeSet migration/node-services.changelog-init.xml::1511451595465-16::R3.Corda ran successfully in 1ms
?[m?[37m[INFO] 11:12:03,677 [Test worker] liquibase. - master.changelog.json: migration/node-services.changelog-init.xml::1521131680317-17::R3.Corda: Table node_notary_request_log created
?[m?[37m[INFO] 11:12:03,677 [Test worker] liquibase. - master.changelog.json: migration/node-services.changelog-init.xml::1521131680317-17::R3.Corda: ChangeSet migration/node-services.changelog-init.xml::1521131680317-17::R3.Corda ran successfully in 1ms
?[m?[37m[INFO] 11:12:03,678 [Test worker] liquibase. - master.changelog.json: migration/node-services.changelog-init.xml::1511451595465-41::R3.Corda: Primary key added to node_notary_committed_states (output_index, transaction_id)
?[m?[37m[INFO] 11:12:03,678 [Test worker] liquibase. - master.changelog.json: migration/node-services.changelog-init.xml::1511451595465-41::R3.Corda: ChangeSet migration/node-services.changelog-init.xml::1511451595465-41::R3.Corda ran successfully in 0ms
?[m?[37m[INFO] 11:12:03,680 [Test worker] liquibase. - master.changelog.json: migration/node-services.changelog-init.xml::1521131680317-48::R3.Corda: Primary key added to node_notary_request_log (id)
?[m?[37m[INFO] 11:12:03,680 [Test worker] liquibase. - master.changelog.json: migration/node-services.changelog-init.xml::1521131680317-48::R3.Corda: ChangeSet migration/node-services.changelog-init.xml::1521131680317-48::R3.Corda ran successfully in 0ms
?[m?[37m[INFO] 11:12:03,682 [Test worker] liquibase. - master.changelog.json: migration/node-services.changelog-init.xml::nullability::R3.Corda: Null constraint has been added to node_notary_committed_states.consuming_transaction_id
?[m?[37m[INFO] 11:12:03,682 [Test worker] liquibase. - master.changelog.json: migration/node-services.changelog-init.xml::nullability::R3.Corda: ChangeSet migration/node-services.changelog-init.xml::nullability::R3.Corda ran successfully in 1ms
?[m?[37m[INFO] 11:12:03,702 [Test worker] liquibase. - master.changelog.json: migration/node-notary.changelog-v2.xml::rename-table-notary-commit-log::R3.Corda: Marking ChangeSet: migration/node-notary.changelog-v2.xml::rename-table-notary-commit-log::R3.Corda ran despite precondition failure due to onFail='MARK_RAN': 
          master.changelog.json : Table PUBLIC.node_notary_commit_log does not exist

?[m?[37m[INFO] 11:12:03,706 [Test worker] liquibase. - master.changelog.json: migration/node-notary.changelog-v2.xml::create-notary-request-log-table::R3.Corda: Marking ChangeSet: migration/node-notary.changelog-v2.xml::create-notary-request-log-table::R3.Corda ran despite precondition failure due to onFail='MARK_RAN': 
          master.changelog.json : Not precondition failed

?[m?[37m[INFO] 11:12:03,708 [Test worker] liquibase. - master.changelog.json: migration/node-notary.changelog-committed-transactions-table.xml::create-notary-committed-transactions-table::R3.Corda: Table node_notary_committed_txs created
?[m?[37m[INFO] 11:12:03,709 [Test worker] liquibase. - master.changelog.json: migration/node-notary.changelog-committed-transactions-table.xml::create-notary-committed-transactions-table::R3.Corda: Primary key added to node_notary_committed_txs (transaction_id)
?[m?[37m[INFO] 11:12:03,709 [Test worker] liquibase. - master.changelog.json: migration/node-notary.changelog-committed-transactions-table.xml::create-notary-committed-transactions-table::R3.Corda: ChangeSet migration/node-notary.changelog-committed-transactions-table.xml::create-notary-committed-transactions-table::R3.Corda ran successfully in 1ms
?[m?[37m[INFO] 11:12:03,711 [Test worker] liquibase. - Successfully released change log lock
?[m?[37m[INFO] 11:12:03,713 [Test worker] internal.InternalMockNetwork$MockNode. - Connected to H2 database.
?[m?[37m[INFO] 11:12:03,728 [Test worker] persistence.HibernateConfiguration. - Init HibernateConfiguration for schemas: [CommonSchemaV1(name=net.corda.core.schemas.CommonSchema, version=1), VaultSchemaV1(name=net.corda.node.services.vault.VaultSchema, version=1), NodeInfoSchemaV1(name=net.corda.node.internal.schemas.NodeInfoSchema, version=1), NodeCoreV1(name=net.corda.node.services.schema.NodeSchemaService$NodeCore, version=1), FNOLSchemaV1(name=com.example.schema.FNOLSchema, version=1), IOUSchemaV1(name=com.example.schema.IOUSchema, version=1), NodeNotarySchemaV1(name=net.corda.node.services.transactions.NodeNotarySchema, version=1)]
?[m?[37m[INFO] 11:12:03,728 [Test worker] persistence.HibernateConfiguration. - Creating session factory for schemas: [CommonSchemaV1(name=net.corda.core.schemas.CommonSchema, version=1), VaultSchemaV1(name=net.corda.node.services.vault.VaultSchema, version=1), NodeInfoSchemaV1(name=net.corda.node.internal.schemas.NodeInfoSchema, version=1), NodeCoreV1(name=net.corda.node.services.schema.NodeSchemaService$NodeCore, version=1), FNOLSchemaV1(name=com.example.schema.FNOLSchema, version=1), IOUSchemaV1(name=com.example.schema.IOUSchema, version=1), NodeNotarySchemaV1(name=net.corda.node.services.transactions.NodeNotarySchema, version=1)]
?[m?[37m[INFO] 11:12:03,732 [Test worker] internal.ConnectionProviderInitiator. - HHH000130: Instantiating explicit connection provider: net.corda.nodeapi.internal.persistence.HibernateConfiguration$NodeDatabaseConnectionProvider
?[m?[37m[INFO] 11:12:03,733 [Test worker] dialect.Dialect. - HHH000400: Using dialect: org.hibernate.dialect.H2Dialect
?[m?[37m[INFO] 11:12:03,735 [Test worker] type.BasicTypeRegistry. - HHH000270: Type registration [materialized_blob] overrides previous : org.hibernate.type.MaterializedBlobType@13ae4c5f
?[m?[37m[INFO] 11:12:03,912 [Test worker] connections.access. - HHH10001501: Connection obtained from JdbcConnectionAccess [org.hibernate.engine.jdbc.env.internal.JdbcEnvironmentInitiator$ConnectionProviderJdbcConnectionAccess@23fe96a3] for (non-JTA) DDL execution was not in auto-commit mode; the Connection 'local transaction' will be committed and the Connection will be set into auto-commit mode.
?[m?[37m[INFO] 11:12:03,973 [Test worker] persistence.HibernateConfiguration. - Created session factory for schemas: [CommonSchemaV1(name=net.corda.core.schemas.CommonSchema, version=1), VaultSchemaV1(name=net.corda.node.services.vault.VaultSchema, version=1), NodeInfoSchemaV1(name=net.corda.node.internal.schemas.NodeInfoSchema, version=1), NodeCoreV1(name=net.corda.node.services.schema.NodeSchemaService$NodeCore, version=1), FNOLSchemaV1(name=com.example.schema.FNOLSchema, version=1), IOUSchemaV1(name=com.example.schema.IOUSchema, version=1), NodeNotarySchemaV1(name=net.corda.node.services.transactions.NodeNotarySchema, version=1)]
?[m?[37m[INFO] 11:12:03,975 [Test worker] internal.QueryTranslatorFactoryInitiator. - HHH000397: Using ASTQueryTranslatorFactory
?[m?[37m[INFO] 11:12:03,982 [Test worker] internal.InternalMockNetwork$MockNode. - Node-info has changed so submitting update. Old node-info was null
?[m?[37m[INFO] 11:12:03,982 [Test worker] network.PersistentNetworkMapCache. - Adding node with info: NodeInfo(addresses=[mock.node:1000], legalIdentitiesAndCerts=[O=Notary Service, L=Zurich, C=CH], platformVersion=4, serial=1554649923982)
?[m?[37m[INFO] 11:12:03,985 [Test worker] network.PersistentNetworkMapCache. - No previous node found
?[m?[37m[INFO] 11:12:04,123 [Test worker] internal.InternalMockNetwork$MockNode. - New node-info: NodeInfo(addresses=[mock.node:1000], legalIdentitiesAndCerts=[O=Notary Service, L=Zurich, C=CH], platformVersion=4, serial=1554649923982)
?[m?[37m[INFO] 11:12:04,177 [Test worker] network.NetworkMapUpdater. - Auto-accept enabled for network parameter changes which modify only: [epoch, modifiedTime, packageOwnership, whitelistedContractImplementations]
?[m?[37m[INFO] 11:12:04,196 [MockNode-1-2] network.PersistentNetworkMapCache. - Adding node with info: NodeInfo(addresses=[mock.node:1000], legalIdentitiesAndCerts=[O=Notary Service, L=Zurich, C=CH], platformVersion=4, serial=1554649923982)
?[m?[37m[INFO] 11:12:04,223 [MockNode-1-2] network.PersistentNetworkMapCache. - Previous node was identical to incoming one - doing nothing
?[m?[37m[INFO] 11:12:04,234 [Test worker] ClassloaderUtils. - Contracts loading for '/var/folders/5q/xy985yhj7rg30rc4c_z3gd4m0000gn/T/attachment7719542147016276283.jar' took 22 msec
?[m?[37m[INFO] 11:12:04,254 [Test worker] persistence.NodeAttachmentService. - Stored new attachment: id=B0DC6BB384D1A6B002EFC0F67EDD756DE1A1E8883DAE28EEB966064A6EF48F64 uploader=app filename=null
?[m?[37m[INFO] 11:12:04,258 [Test worker] utilities.NotaryLoader. - Starting notary service: class net.corda.node.services.transactions.SimpleNotaryService
?[m?[37m[INFO] 11:12:04,261 [Test worker] notary.SinglePartyNotaryService. - Starting notary in validating mode
?[m?[37m[INFO] 11:12:04,600 [Test worker] statemachine.SingleThreadedStateMachineManager. - Node ready, info: NodeInfo(addresses=[mock.node:1000], legalIdentitiesAndCerts=[O=Notary Service, L=Zurich, C=CH], platformVersion=4, serial=1554649923982)
?[m?[37m[INFO] 11:12:04,615 [Test worker] network.PersistentNetworkMapCache. - Adding node with info: NodeInfo(addresses=[mock.node:1000], legalIdentitiesAndCerts=[O=Notary Service, L=Zurich, C=CH], platformVersion=4, serial=1554649923982)
?[m?[37m[INFO] 11:12:04,617 [Test worker] network.PersistentNetworkMapCache. - Previous node was identical to incoming one - doing nothing
?[m?[37m[INFO] 11:12:04,617 [Test worker] network.PersistentNetworkMapCache. - Adding node with info: NodeInfo(addresses=[mock.node:1000], legalIdentitiesAndCerts=[O=Notary Service, L=Zurich, C=CH], platformVersion=4, serial=1554649923982)
?[m?[37m[INFO] 11:12:04,617 [Test worker] network.PersistentNetworkMapCache. - Previous node was identical to incoming one - doing nothing
?[m?[37m[INFO] 11:12:04,623 [Test worker] cordapp.JarScanningCordappLoader. - Looking for CorDapps in [build/mock-network/20190407-151148.477/nodes/1/cordapps]
?[m?[37m[INFO] 11:12:04,623 [Test worker] cordapp.JarScanningCordappLoader. - Loading CorDapps from RestrictedURL(url=file:/Users/vivian.a.chen/Hackathon/samples/cordapp-example/workflows-kotlin/build/mock-network/20190407-151148.477/nodes/1/cordapps/cordapp-example-workflows-0.1.jar, rootPackageName=null), RestrictedURL(url=file:/Users/vivian.a.chen/Hackathon/samples/cordapp-example/workflows-kotlin/build/mock-network/20190407-151148.477/nodes/1/cordapps/cordapp-example-contracts-0.1.jar, rootPackageName=null)
?[m?[37m[INFO] 11:12:04,623 [Test worker] cordapp.JarScanningCordappLoader. - Scanning CorDapp in file:/Users/vivian.a.chen/Hackathon/samples/cordapp-example/workflows-kotlin/build/mock-network/20190407-151148.477/nodes/1/cordapps/cordapp-example-workflows-0.1.jar
?[m?[37m[INFO] 11:12:04,646 [Test worker] cordapp.JarScanningCordappLoader. - Found notary service CorDapp implementations: 
?[m?[37m[INFO] 11:12:04,647 [Test worker] cordapp.JarScanningCordappLoader. - Scanning CorDapp in file:/Users/vivian.a.chen/Hackathon/samples/cordapp-example/workflows-kotlin/build/mock-network/20190407-151148.477/nodes/1/cordapps/cordapp-example-contracts-0.1.jar
?[m?[37m[INFO] 11:12:04,668 [Test worker] cordapp.JarScanningCordappLoader. - Found notary service CorDapp implementations: 
?[m?[37m[INFO] 11:12:04,674 [Test worker] internal.InternalMockNetwork$MockNode. - Node starting up ...
?[m?[37m[INFO] 11:12:04,699 [Test worker] internal.NodeFlowManager. - Registered com.example.flow.CreateFNOLFlow$Initiator to initiate com.example.flow.CreateFNOLFlow$Acceptor (version 1)
?[m?[37m[INFO] 11:12:04,700 [Test worker] internal.NodeFlowManager. - Registered com.example.flow.ExampleFlow$Initiator to initiate com.example.flow.ExampleFlow$Acceptor (version 1)
?[m?[37m[INFO] 11:12:04,700 [Test worker] internal.NodeFlowManager. - Registered com.example.flow.UpdateFNOLFlow$Initiator to initiate com.example.flow.UpdateFNOLFlow$Acceptor (version 1)
?[m?[37m[INFO] 11:12:04,703 [Test worker] internal.InternalMockNetwork$MockNode. - Loaded network parameters: NetworkParameters {
      minimumPlatformVersion=1
      notaries=[NotaryInfo(identity=O=Notary Service, L=Zurich, C=CH, validating=true)]
      maxMessageSize=10485760
      maxTransactionSize=524288000
      whitelistedContractImplementations {
        
      }
      eventHorizon=PT720H
      packageOwnership {
        
      }
      modifiedTime=2019-04-07T15:11:48.469Z
      epoch=1
  }
?[m?[37m[INFO] 11:12:04,703 [Test worker] hikari.HikariDataSource. - HikariPool-2 - Started.
?[m?[37m[INFO] 11:12:04,860 [Test worker] liquibase. - Creating database history table with name: PUBLIC.DATABASECHANGELOG
?[m?[37m[INFO] 11:12:04,862 [Test worker] liquibase. - Reading from PUBLIC.DATABASECHANGELOG
?[m?[37m[INFO] 11:12:04,865 [Test worker] liquibase. - master.changelog.json: migration/common.changelog-init.xml::1511451595465-1.3::R3.Corda: Skipping changeSet migration/common.changelog-init.xml::1511451595465-1.3::R3.Corda due to validation error(s): minValue is not allowed on h2
?[m?[37m[INFO] 11:12:04,877 [Test worker] liquibase. - master.changelog.json: migration/vault-schema.changelog-pkey.xml::non-clustered_pk-11::R3.Corda: Skipping changeSet migration/vault-schema.changelog-pkey.xml::non-clustered_pk-11::R3.Corda due to validation error(s): clustered is not allowed on h2
?[m?[37m[INFO] 11:12:04,878 [Test worker] liquibase. - master.changelog.json: migration/vault-schema.changelog-pkey.xml::non-clustered_pk-12::R3.Corda: Skipping changeSet migration/vault-schema.changelog-pkey.xml::non-clustered_pk-12::R3.Corda due to validation error(s): clustered is not allowed on h2
?[m?[37m[INFO] 11:12:04,879 [Test worker] liquibase. - master.changelog.json: migration/vault-schema.changelog-pkey.xml::non-clustered_pk-13::R3.Corda: Skipping changeSet migration/vault-schema.changelog-pkey.xml::non-clustered_pk-13::R3.Corda due to validation error(s): clustered is not allowed on h2
?[m?[37m[INFO] 11:12:04,901 [Test worker] liquibase. - master.changelog.json: migration/node-core.changelog-pkey.xml::non-clustered_pk-1::R3.Corda: Skipping changeSet migration/node-core.changelog-pkey.xml::non-clustered_pk-1::R3.Corda due to validation error(s): clustered is not allowed on h2
?[m?[37m[INFO] 11:12:04,901 [Test worker] liquibase. - master.changelog.json: migration/node-core.changelog-pkey.xml::non-clustered_pk-2::R3.Corda: Skipping changeSet migration/node-core.changelog-pkey.xml::non-clustered_pk-2::R3.Corda due to validation error(s): clustered is not allowed on h2
?[m?[37m[INFO] 11:12:04,902 [Test worker] liquibase. - master.changelog.json: migration/node-core.changelog-pkey.xml::non-clustered_pk-3::R3.Corda: Skipping changeSet migration/node-core.changelog-pkey.xml::non-clustered_pk-3::R3.Corda due to validation error(s): clustered is not allowed on h2
?[m?[37m[INFO] 11:12:04,902 [Test worker] liquibase. - master.changelog.json: migration/node-core.changelog-pkey.xml::non-clustered_pk-4::R3.Corda: Skipping changeSet migration/node-core.changelog-pkey.xml::non-clustered_pk-4::R3.Corda due to validation error(s): clustered is not allowed on h2
?[m?[37m[INFO] 11:12:04,902 [Test worker] liquibase. - master.changelog.json: migration/node-core.changelog-pkey.xml::non-clustered_pk-5::R3.Corda: Skipping changeSet migration/node-core.changelog-pkey.xml::non-clustered_pk-5::R3.Corda due to validation error(s): clustered is not allowed on h2
?[m?[37m[INFO] 11:12:04,903 [Test worker] liquibase. - master.changelog.json: migration/node-core.changelog-pkey.xml::non-clustered_pk-6::R3.Corda: Skipping changeSet migration/node-core.changelog-pkey.xml::non-clustered_pk-6::R3.Corda due to validation error(s): clustered is not allowed on h2
?[m?[37m[INFO] 11:12:04,903 [Test worker] liquibase. - master.changelog.json: migration/node-core.changelog-pkey.xml::non-clustered_pk-7::R3.Corda: Skipping changeSet migration/node-core.changelog-pkey.xml::non-clustered_pk-7::R3.Corda due to validation error(s): clustered is not allowed on h2
?[m?[37m[INFO] 11:12:04,908 [Test worker] liquibase. - Successfully acquired change log lock
?[m?[37m[INFO] 11:12:04,909 [Test worker] liquibase. - master.changelog.json: migration/common.changelog-init.xml::1511451595465-1.3::R3.Corda: Skipping changeSet migration/common.changelog-init.xml::1511451595465-1.3::R3.Corda due to validation error(s): minValue is not allowed on h2
?[m?[37m[INFO] 11:12:04,912 [Test worker] liquibase. - master.changelog.json: migration/vault-schema.changelog-pkey.xml::non-clustered_pk-11::R3.Corda: Skipping changeSet migration/vault-schema.changelog-pkey.xml::non-clustered_pk-11::R3.Corda due to validation error(s): clustered is not allowed on h2
?[m?[37m[INFO] 11:12:04,913 [Test worker] liquibase. - master.changelog.json: migration/vault-schema.changelog-pkey.xml::non-clustered_pk-12::R3.Corda: Skipping changeSet migration/vault-schema.changelog-pkey.xml::non-clustered_pk-12::R3.Corda due to validation error(s): clustered is not allowed on h2
?[m?[37m[INFO] 11:12:04,913 [Test worker] liquibase. - master.changelog.json: migration/vault-schema.changelog-pkey.xml::non-clustered_pk-13::R3.Corda: Skipping changeSet migration/vault-schema.changelog-pkey.xml::non-clustered_pk-13::R3.Corda due to validation error(s): clustered is not allowed on h2
?[m?[37m[INFO] 11:12:04,920 [Test worker] liquibase. - master.changelog.json: migration/node-core.changelog-pkey.xml::non-clustered_pk-1::R3.Corda: Skipping changeSet migration/node-core.changelog-pkey.xml::non-clustered_pk-1::R3.Corda due to validation error(s): clustered is not allowed on h2
?[m?[37m[INFO] 11:12:04,920 [Test worker] liquibase. - master.changelog.json: migration/node-core.changelog-pkey.xml::non-clustered_pk-2::R3.Corda: Skipping changeSet migration/node-core.changelog-pkey.xml::non-clustered_pk-2::R3.Corda due to validation error(s): clustered is not allowed on h2
?[m?[37m[INFO] 11:12:04,920 [Test worker] liquibase. - master.changelog.json: migration/node-core.changelog-pkey.xml::non-clustered_pk-3::R3.Corda: Skipping changeSet migration/node-core.changelog-pkey.xml::non-clustered_pk-3::R3.Corda due to validation error(s): clustered is not allowed on h2
?[m?[37m[INFO] 11:12:04,920 [Test worker] liquibase. - master.changelog.json: migration/node-core.changelog-pkey.xml::non-clustered_pk-4::R3.Corda: Skipping changeSet migration/node-core.changelog-pkey.xml::non-clustered_pk-4::R3.Corda due to validation error(s): clustered is not allowed on h2
?[m?[37m[INFO] 11:12:04,920 [Test worker] liquibase. - master.changelog.json: migration/node-core.changelog-pkey.xml::non-clustered_pk-5::R3.Corda: Skipping changeSet migration/node-core.changelog-pkey.xml::non-clustered_pk-5::R3.Corda due to validation error(s): clustered is not allowed on h2
?[m?[37m[INFO] 11:12:04,920 [Test worker] liquibase. - master.changelog.json: migration/node-core.changelog-pkey.xml::non-clustered_pk-6::R3.Corda: Skipping changeSet migration/node-core.changelog-pkey.xml::non-clustered_pk-6::R3.Corda due to validation error(s): clustered is not allowed on h2
?[m?[37m[INFO] 11:12:04,920 [Test worker] liquibase. - master.changelog.json: migration/node-core.changelog-pkey.xml::non-clustered_pk-7::R3.Corda: Skipping changeSet migration/node-core.changelog-pkey.xml::non-clustered_pk-7::R3.Corda due to validation error(s): clustered is not allowed on h2
?[m?[37m[INFO] 11:12:04,921 [Test worker] liquibase. - master.changelog.json: migration/common.changelog-init.xml::1511451595465-1.1::R3.Corda: Sequence hibernate_sequence created
?[m?[37m[INFO] 11:12:04,921 [Test worker] liquibase. - master.changelog.json: migration/common.changelog-init.xml::1511451595465-1.1::R3.Corda: ChangeSet migration/common.changelog-init.xml::1511451595465-1.1::R3.Corda ran successfully in 0ms
?[m?[37m[INFO] 11:12:04,924 [Test worker] liquibase. - master.changelog.json: migration/vault-schema.changelog-init.xml::1511451595465-22::R3.Corda: Table vault_fungible_states created
?[m?[37m[INFO] 11:12:04,924 [Test worker] liquibase. - master.changelog.json: migration/vault-schema.changelog-init.xml::1511451595465-22::R3.Corda: ChangeSet migration/vault-schema.changelog-init.xml::1511451595465-22::R3.Corda ran successfully in 0ms
?[m?[37m[INFO] 11:12:04,926 [Test worker] liquibase. - master.changelog.json: migration/vault-schema.changelog-init.xml::1511451595465-23::R3.Corda: Table vault_fungible_states_parts created
?[m?[37m[INFO] 11:12:04,926 [Test worker] liquibase. - master.changelog.json: migration/vault-schema.changelog-init.xml::1511451595465-23::R3.Corda: ChangeSet migration/vault-schema.changelog-init.xml::1511451595465-23::R3.Corda ran successfully in 1ms
?[m?[37m[INFO] 11:12:04,927 [Test worker] liquibase. - master.changelog.json: migration/vault-schema.changelog-init.xml::1511451595465-24::R3.Corda: Table vault_linear_states created
?[m?[37m[INFO] 11:12:04,927 [Test worker] liquibase. - master.changelog.json: migration/vault-schema.changelog-init.xml::1511451595465-24::R3.Corda: ChangeSet migration/vault-schema.changelog-init.xml::1511451595465-24::R3.Corda ran successfully in 1ms
?[m?[37m[INFO] 11:12:04,928 [Test worker] liquibase. - master.changelog.json: migration/vault-schema.changelog-init.xml::1511451595465-25::R3.Corda: Table vault_linear_states_parts created
?[m?[37m[INFO] 11:12:04,928 [Test worker] liquibase. - master.changelog.json: migration/vault-schema.changelog-init.xml::1511451595465-25::R3.Corda: ChangeSet migration/vault-schema.changelog-init.xml::1511451595465-25::R3.Corda ran successfully in 1ms
?[m?[37m[INFO] 11:12:04,930 [Test worker] liquibase. - master.changelog.json: migration/vault-schema.changelog-init.xml::1511451595465-26::R3.Corda: Table vault_states created
?[m?[37m[INFO] 11:12:04,930 [Test worker] liquibase. - master.changelog.json: migration/vault-schema.changelog-init.xml::1511451595465-26::R3.Corda: ChangeSet migration/vault-schema.changelog-init.xml::1511451595465-26::R3.Corda ran successfully in 1ms
?[m?[37m[INFO] 11:12:04,931 [Test worker] liquibase. - master.changelog.json: migration/vault-schema.changelog-init.xml::1511451595465-27::R3.Corda: Table vault_transaction_notes created
?[m?[37m[INFO] 11:12:04,931 [Test worker] liquibase. - master.changelog.json: migration/vault-schema.changelog-init.xml::1511451595465-27::R3.Corda: ChangeSet migration/vault-schema.changelog-init.xml::1511451595465-27::R3.Corda ran successfully in 1ms
?[m?[37m[INFO] 11:12:04,932 [Test worker] liquibase. - master.changelog.json: migration/vault-schema.changelog-init.xml::1511451595465-47::R3.Corda: Primary key added to vault_fungible_states (output_index, transaction_id)
?[m?[37m[INFO] 11:12:04,932 [Test worker] liquibase. - master.changelog.json: migration/vault-schema.changelog-init.xml::1511451595465-47::R3.Corda: ChangeSet migration/vault-schema.changelog-init.xml::1511451595465-47::R3.Corda ran successfully in 0ms
?[m?[37m[INFO] 11:12:04,933 [Test worker] liquibase. - master.changelog.json: migration/vault-schema.changelog-init.xml::1511451595465-48::R3.Corda: Primary key added to vault_linear_states (output_index, transaction_id)
?[m?[37m[INFO] 11:12:04,933 [Test worker] liquibase. - master.changelog.json: migration/vault-schema.changelog-init.xml::1511451595465-48::R3.Corda: ChangeSet migration/vault-schema.changelog-init.xml::1511451595465-48::R3.Corda ran successfully in 0ms
?[m?[37m[INFO] 11:12:04,934 [Test worker] liquibase. - master.changelog.json: migration/vault-schema.changelog-init.xml::1511451595465-49::R3.Corda: Primary key added to vault_states (output_index, transaction_id)
?[m?[37m[INFO] 11:12:04,934 [Test worker] liquibase. - master.changelog.json: migration/vault-schema.changelog-init.xml::1511451595465-49::R3.Corda: ChangeSet migration/vault-schema.changelog-init.xml::1511451595465-49::R3.Corda ran successfully in 0ms
?[m?[37m[INFO] 11:12:04,936 [Test worker] liquibase. - master.changelog.json: migration/vault-schema.changelog-init.xml::1511451595465-50::R3.Corda: Primary key added to vault_transaction_notes (seq_no)
?[m?[37m[INFO] 11:12:04,936 [Test worker] liquibase. - master.changelog.json: migration/vault-schema.changelog-init.xml::1511451595465-50::R3.Corda: ChangeSet migration/vault-schema.changelog-init.xml::1511451595465-50::R3.Corda ran successfully in 1ms
?[m?[37m[INFO] 11:12:04,937 [Test worker] liquibase. - master.changelog.json: migration/vault-schema.changelog-init.xml::1511451595465-53::R3.Corda: Index external_id_index created
?[m?[37m[INFO] 11:12:04,937 [Test worker] liquibase. - master.changelog.json: migration/vault-schema.changelog-init.xml::1511451595465-53::R3.Corda: ChangeSet migration/vault-schema.changelog-init.xml::1511451595465-53::R3.Corda ran successfully in 1ms
?[m?[37m[INFO] 11:12:04,938 [Test worker] liquibase. - master.changelog.json: migration/vault-schema.changelog-init.xml::1511451595465-55::R3.Corda: Index lock_id_idx created
?[m?[37m[INFO] 11:12:04,938 [Test worker] liquibase. - master.changelog.json: migration/vault-schema.changelog-init.xml::1511451595465-55::R3.Corda: ChangeSet migration/vault-schema.changelog-init.xml::1511451595465-55::R3.Corda ran successfully in 0ms
?[m?[37m[INFO] 11:12:04,939 [Test worker] liquibase. - master.changelog.json: migration/vault-schema.changelog-init.xml::1511451595465-58::R3.Corda: Index state_status_idx created
?[m?[37m[INFO] 11:12:04,939 [Test worker] liquibase. - master.changelog.json: migration/vault-schema.changelog-init.xml::1511451595465-58::R3.Corda: ChangeSet migration/vault-schema.changelog-init.xml::1511451595465-58::R3.Corda ran successfully in 0ms
?[m?[37m[INFO] 11:12:04,940 [Test worker] liquibase. - master.changelog.json: migration/vault-schema.changelog-init.xml::1511451595465-59::R3.Corda: Index transaction_id_index created
?[m?[37m[INFO] 11:12:04,940 [Test worker] liquibase. - master.changelog.json: migration/vault-schema.changelog-init.xml::1511451595465-59::R3.Corda: ChangeSet migration/vault-schema.changelog-init.xml::1511451595465-59::R3.Corda ran successfully in 0ms
?[m?[37m[INFO] 11:12:04,941 [Test worker] liquibase. - master.changelog.json: migration/vault-schema.changelog-init.xml::1511451595465-60::R3.Corda: Index uuid_index created
?[m?[37m[INFO] 11:12:04,941 [Test worker] liquibase. - master.changelog.json: migration/vault-schema.changelog-init.xml::1511451595465-60::R3.Corda: ChangeSet migration/vault-schema.changelog-init.xml::1511451595465-60::R3.Corda ran successfully in 0ms
?[m?[37m[INFO] 11:12:04,944 [Test worker] liquibase. - master.changelog.json: migration/vault-schema.changelog-init.xml::1511451595465-64::R3.Corda: Foreign key constraint added to vault_fungible_states_parts (output_index,transaction_id)
?[m?[37m[INFO] 11:12:04,944 [Test worker] liquibase. - master.changelog.json: migration/vault-schema.changelog-init.xml::1511451595465-64::R3.Corda: ChangeSet migration/vault-schema.changelog-init.xml::1511451595465-64::R3.Corda ran successfully in 2ms
?[m?[37m[INFO] 11:12:04,946 [Test worker] liquibase. - master.changelog.json: migration/vault-schema.changelog-init.xml::1511451595465-65::R3.Corda: Foreign key constraint added to vault_linear_states_parts (output_index,transaction_id)
?[m?[37m[INFO] 11:12:04,946 [Test worker] liquibase. - master.changelog.json: migration/vault-schema.changelog-init.xml::1511451595465-65::R3.Corda: ChangeSet migration/vault-schema.changelog-init.xml::1511451595465-65::R3.Corda ran successfully in 1ms
?[m?[37m[INFO] 11:12:04,947 [Test worker] liquibase. - master.changelog.json: migration/vault-schema.changelog-v3.xml::clean_vault::R3.Corda: Data deleted from vault_fungible_states_parts
?[m?[37m[INFO] 11:12:04,947 [Test worker] liquibase. - master.changelog.json: migration/vault-schema.changelog-v3.xml::clean_vault::R3.Corda: Data deleted from vault_fungible_states
?[m?[37m[INFO] 11:12:04,947 [Test worker] liquibase. - master.changelog.json: migration/vault-schema.changelog-v3.xml::clean_vault::R3.Corda: Data deleted from vault_linear_states_parts
?[m?[37m[INFO] 11:12:04,947 [Test worker] liquibase. - master.changelog.json: migration/vault-schema.changelog-v3.xml::clean_vault::R3.Corda: Data deleted from vault_linear_states
?[m?[37m[INFO] 11:12:04,947 [Test worker] liquibase. - master.changelog.json: migration/vault-schema.changelog-v3.xml::clean_vault::R3.Corda: Data deleted from vault_states
?[m?[37m[INFO] 11:12:04,947 [Test worker] liquibase. - master.changelog.json: migration/vault-schema.changelog-v3.xml::clean_vault::R3.Corda: Data deleted from vault_transaction_notes
?[m?[37m[INFO] 11:12:04,948 [Test worker] liquibase. - master.changelog.json: migration/vault-schema.changelog-v3.xml::clean_vault::R3.Corda: ChangeSet migration/vault-schema.changelog-v3.xml::clean_vault::R3.Corda ran successfully in 1ms
?[m?[37m[INFO] 11:12:04,949 [Test worker] liquibase. - master.changelog.json: migration/vault-schema.changelog-v4.xml::nullability::R3.Corda: Null constraint has been added to vault_fungible_states.quantity
?[m?[37m[INFO] 11:12:04,949 [Test worker] liquibase. - master.changelog.json: migration/vault-schema.changelog-v4.xml::nullability::R3.Corda: Null constraint has been added to vault_states.contract_state_class_name
?[m?[37m[INFO] 11:12:04,949 [Test worker] liquibase. - master.changelog.json: migration/vault-schema.changelog-v4.xml::nullability::R3.Corda: Null constraint has been added to vault_states.notary_name
?[m?[37m[INFO] 11:12:04,949 [Test worker] liquibase. - master.changelog.json: migration/vault-schema.changelog-v4.xml::nullability::R3.Corda: Null constraint has been added to vault_states.recorded_timestamp
?[m?[37m[INFO] 11:12:04,950 [Test worker] liquibase. - master.changelog.json: migration/vault-schema.changelog-v4.xml::nullability::R3.Corda: Index state_status_idx dropped from table vault_states
?[m?[37m[INFO] 11:12:04,950 [Test worker] liquibase. - master.changelog.json: migration/vault-schema.changelog-v4.xml::nullability::R3.Corda: Index lock_id_idx dropped from table vault_states
?[m?[37m[INFO] 11:12:04,950 [Test worker] liquibase. - master.changelog.json: migration/vault-schema.changelog-v4.xml::nullability::R3.Corda: Null constraint has been added to vault_states.state_status
?[m?[37m[INFO] 11:12:04,950 [Test worker] liquibase. - master.changelog.json: migration/vault-schema.changelog-v4.xml::nullability::R3.Corda: Index state_status_idx created
?[m?[37m[INFO] 11:12:04,950 [Test worker] liquibase. - master.changelog.json: migration/vault-schema.changelog-v4.xml::nullability::R3.Corda: Index lock_id_idx created
?[m?[37m[INFO] 11:12:04,951 [Test worker] liquibase. - master.changelog.json: migration/vault-schema.changelog-v4.xml::nullability::R3.Corda: Index transaction_id_index dropped from table vault_transaction_notes
?[m?[37m[INFO] 11:12:04,951 [Test worker] liquibase. - master.changelog.json: migration/vault-schema.changelog-v4.xml::nullability::R3.Corda: Null constraint has been added to vault_transaction_notes.note
?[m?[37m[INFO] 11:12:04,951 [Test worker] liquibase. - master.changelog.json: migration/vault-schema.changelog-v4.xml::nullability::R3.Corda: Null constraint has been added to vault_transaction_notes.transaction_id
?[m?[37m[INFO] 11:12:04,951 [Test worker] liquibase. - master.changelog.json: migration/vault-schema.changelog-v4.xml::nullability::R3.Corda: Index transaction_id_index created
?[m?[37m[INFO] 11:12:04,951 [Test worker] liquibase. - master.changelog.json: migration/vault-schema.changelog-v4.xml::nullability::R3.Corda: ChangeSet migration/vault-schema.changelog-v4.xml::nullability::R3.Corda ran successfully in 3ms
?[m?[37m[INFO] 11:12:04,960 [Test worker] liquibase. - master.changelog.json: migration/vault-schema.changelog-v5.xml::add_relevancy_status_column::R3.Corda: Columns relevancy_status(INT) added to vault_states
?[m?[37m[INFO] 11:12:04,960 [Test worker] liquibase. - master.changelog.json: migration/vault-schema.changelog-v5.xml::add_relevancy_status_column::R3.Corda: Data updated in vault_states
?[m?[37m[INFO] 11:12:04,961 [Test worker] liquibase. - master.changelog.json: migration/vault-schema.changelog-v5.xml::add_relevancy_status_column::R3.Corda: Null constraint has been added to vault_states.relevancy_status
?[m?[37m[INFO] 11:12:04,961 [Test worker] liquibase. - master.changelog.json: migration/vault-schema.changelog-v5.xml::add_relevancy_status_column::R3.Corda: ChangeSet migration/vault-schema.changelog-v5.xml::add_relevancy_status_column::R3.Corda ran successfully in 4ms
?[m?[37m[INFO] 11:12:04,963 [Test worker] liquibase. - master.changelog.json: migration/vault-schema.changelog-v6.xml::add_is_constraint_information_columns::R3.Corda: Columns constraint_type(INT) added to vault_states
?[m?[37m[INFO] 11:12:04,965 [Test worker] liquibase. - master.changelog.json: migration/vault-schema.changelog-v6.xml::add_is_constraint_information_columns::R3.Corda: Columns constraint_data(varbinary(563)) added to vault_states
?[m?[37m[INFO] 11:12:04,965 [Test worker] liquibase. - master.changelog.json: migration/vault-schema.changelog-v6.xml::add_is_constraint_information_columns::R3.Corda: ChangeSet migration/vault-schema.changelog-v6.xml::add_is_constraint_information_columns::R3.Corda ran successfully in 3ms
?[m?[37m[INFO] 11:12:04,966 [Test worker] liquibase. - master.changelog.json: migration/vault-schema.changelog-v7.xml::make_issuer_ref_nullable::R3.Corda: Null constraint dropped from vault_fungible_states.issuer_ref
?[m?[37m[INFO] 11:12:04,966 [Test worker] liquibase. - master.changelog.json: migration/vault-schema.changelog-v7.xml::make_issuer_ref_nullable::R3.Corda: ChangeSet migration/vault-schema.changelog-v7.xml::make_issuer_ref_nullable::R3.Corda ran successfully in 0ms
?[m?[37m[INFO] 11:12:04,968 [Test worker] liquibase. - master.changelog.json: migration/vault-schema.changelog-v8.xml::create-external-id-to-state-party-view::R3.Corda: Table state_party created
?[m?[37m[INFO] 11:12:04,968 [Test worker] liquibase. - master.changelog.json: migration/vault-schema.changelog-v8.xml::create-external-id-to-state-party-view::R3.Corda: Index state_pk_hash_idx created
?[m?[37m[INFO] 11:12:04,968 [Test worker] liquibase. - master.changelog.json: migration/vault-schema.changelog-v8.xml::create-external-id-to-state-party-view::R3.Corda: Table pk_hash_to_ext_id_map created
?[m?[37m[INFO] 11:12:04,969 [Test worker] liquibase. - master.changelog.json: migration/vault-schema.changelog-v8.xml::create-external-id-to-state-party-view::R3.Corda: Index pk_hash_to_xid_idx created
?[m?[37m[INFO] 11:12:04,969 [Test worker] liquibase. - master.changelog.json: migration/vault-schema.changelog-v8.xml::create-external-id-to-state-party-view::R3.Corda: View v_pkey_hash_ex_id_map created
?[m?[37m[INFO] 11:12:04,969 [Test worker] liquibase. - master.changelog.json: migration/vault-schema.changelog-v8.xml::create-external-id-to-state-party-view::R3.Corda: ChangeSet migration/vault-schema.changelog-v8.xml::create-external-id-to-state-party-view::R3.Corda ran successfully in 2ms
?[m?[37m[INFO] 11:12:04,971 [Test worker] liquibase. - master.changelog.json: migration/node-info.changelog-init.xml::1511451595465-4::R3.Corda: Table node_link_nodeinfo_party created
?[m?[37m[INFO] 11:12:04,971 [Test worker] liquibase. - master.changelog.json: migration/node-info.changelog-init.xml::1511451595465-4::R3.Corda: ChangeSet migration/node-info.changelog-init.xml::1511451595465-4::R3.Corda ran successfully in 0ms
?[m?[37m[INFO] 11:12:04,972 [Test worker] liquibase. - master.changelog.json: migration/node-info.changelog-init.xml::1511451595465-10::R3.Corda: Table node_info_hosts created
?[m?[37m[INFO] 11:12:04,973 [Test worker] liquibase. - master.changelog.json: migration/node-info.changelog-init.xml::1511451595465-10::R3.Corda: ChangeSet migration/node-info.changelog-init.xml::1511451595465-10::R3.Corda ran successfully in 1ms
?[m?[37m[INFO] 11:12:04,974 [Test worker] liquibase. - master.changelog.json: migration/node-info.changelog-init.xml::1511451595465-11::R3.Corda: Table node_info_party_cert created
?[m?[37m[INFO] 11:12:04,974 [Test worker] liquibase. - master.changelog.json: migration/node-info.changelog-init.xml::1511451595465-11::R3.Corda: ChangeSet migration/node-info.changelog-init.xml::1511451595465-11::R3.Corda ran successfully in 1ms
?[m?[37m[INFO] 11:12:04,975 [Test worker] liquibase. - master.changelog.json: migration/node-info.changelog-init.xml::1511451595465-12::R3.Corda: Table node_infos created
?[m?[37m[INFO] 11:12:04,975 [Test worker] liquibase. - master.changelog.json: migration/node-info.changelog-init.xml::1511451595465-12::R3.Corda: ChangeSet migration/node-info.changelog-init.xml::1511451595465-12::R3.Corda ran successfully in 0ms
?[m?[37m[INFO] 11:12:04,976 [Test worker] liquibase. - master.changelog.json: migration/node-info.changelog-init.xml::1511451595465-35::R3.Corda: Primary key added to node_info_hosts (host, port)
?[m?[37m[INFO] 11:12:04,976 [Test worker] liquibase. - master.changelog.json: migration/node-info.changelog-init.xml::1511451595465-35::R3.Corda: ChangeSet migration/node-info.changelog-init.xml::1511451595465-35::R3.Corda ran successfully in 0ms
?[m?[37m[INFO] 11:12:04,978 [Test worker] liquibase. - master.changelog.json: migration/node-info.changelog-init.xml::1511451595465-36::R3.Corda: Primary key added to node_info_party_cert (party_name)
?[m?[37m[INFO] 11:12:04,978 [Test worker] liquibase. - master.changelog.json: migration/node-info.changelog-init.xml::1511451595465-36::R3.Corda: ChangeSet migration/node-info.changelog-init.xml::1511451595465-36::R3.Corda ran successfully in 0ms
?[m?[37m[INFO] 11:12:04,980 [Test worker] liquibase. - master.changelog.json: migration/node-info.changelog-init.xml::1511451595465-37::R3.Corda: Primary key added to node_infos (node_info_id)
?[m?[37m[INFO] 11:12:04,980 [Test worker] liquibase. - master.changelog.json: migration/node-info.changelog-init.xml::1511451595465-37::R3.Corda: ChangeSet migration/node-info.changelog-init.xml::1511451595465-37::R3.Corda ran successfully in 1ms
?[m?[37m[INFO] 11:12:04,981 [Test worker] liquibase. - master.changelog.json: migration/node-info.changelog-init.xml::1511451595465-62::R3.Corda: Foreign key constraint added to node_link_nodeinfo_party (node_info_id)
?[m?[37m[INFO] 11:12:04,981 [Test worker] liquibase. - master.changelog.json: migration/node-info.changelog-init.xml::1511451595465-62::R3.Corda: ChangeSet migration/node-info.changelog-init.xml::1511451595465-62::R3.Corda ran successfully in 1ms
?[m?[37m[INFO] 11:12:04,983 [Test worker] liquibase. - master.changelog.json: migration/node-info.changelog-init.xml::1511451595465-63::R3.Corda: Foreign key constraint added to node_info_hosts (node_info_id)
?[m?[37m[INFO] 11:12:04,984 [Test worker] liquibase. - master.changelog.json: migration/node-info.changelog-init.xml::1511451595465-63::R3.Corda: ChangeSet migration/node-info.changelog-init.xml::1511451595465-63::R3.Corda ran successfully in 2ms
?[m?[37m[INFO] 11:12:04,985 [Test worker] liquibase. - master.changelog.json: migration/node-info.changelog-init.xml::remove_host_port_pk::R3.Corda: Data deleted from node_infos
?[m?[37m[INFO] 11:12:04,985 [Test worker] liquibase. - master.changelog.json: migration/node-info.changelog-init.xml::remove_host_port_pk::R3.Corda: Data deleted from node_link_nodeinfo_party
?[m?[37m[INFO] 11:12:04,985 [Test worker] liquibase. - master.changelog.json: migration/node-info.changelog-init.xml::remove_host_port_pk::R3.Corda: Data deleted from node_info_hosts
?[m?[37m[INFO] 11:12:04,985 [Test worker] liquibase. - master.changelog.json: migration/node-info.changelog-init.xml::remove_host_port_pk::R3.Corda: Data deleted from node_info_party_cert
?[m?[37m[INFO] 11:12:04,985 [Test worker] liquibase. - master.changelog.json: migration/node-info.changelog-init.xml::remove_host_port_pk::R3.Corda: Primary key dropped from node_info_hosts
?[m?[37m[INFO] 11:12:04,987 [Test worker] liquibase. - master.changelog.json: migration/node-info.changelog-init.xml::remove_host_port_pk::R3.Corda: Columns hosts_id(INT) added to node_info_hosts
?[m?[37m[INFO] 11:12:04,987 [Test worker] liquibase. - master.changelog.json: migration/node-info.changelog-init.xml::remove_host_port_pk::R3.Corda: Primary key added to node_info_hosts (hosts_id)
?[m?[37m[INFO] 11:12:04,987 [Test worker] liquibase. - master.changelog.json: migration/node-info.changelog-init.xml::remove_host_port_pk::R3.Corda: ChangeSet migration/node-info.changelog-init.xml::remove_host_port_pk::R3.Corda ran successfully in 3ms
?[m?[37m[INFO] 11:12:04,989 [Test worker] liquibase. - master.changelog.json: migration/node-info.changelog-v1.xml::key/value node properties table::R3.Corda: Table node_properties created
?[m?[37m[INFO] 11:12:04,989 [Test worker] liquibase. - master.changelog.json: migration/node-info.changelog-v1.xml::key/value node properties table::R3.Corda: ChangeSet migration/node-info.changelog-v1.xml::key/value node properties table::R3.Corda ran successfully in 1ms
?[m?[37m[INFO] 11:12:04,990 [Test worker] liquibase. - master.changelog.json: migration/node-info.changelog-v2.xml::1525962920::R3.Corda: Null constraint has been added to node_infos.node_info_hash
?[m?[37m[INFO] 11:12:04,990 [Test worker] liquibase. - master.changelog.json: migration/node-info.changelog-v2.xml::1525962920::R3.Corda: Null constraint has been added to node_infos.platform_version
?[m?[37m[INFO] 11:12:04,990 [Test worker] liquibase. - master.changelog.json: migration/node-info.changelog-v2.xml::1525962920::R3.Corda: Null constraint has been added to node_infos.serial
?[m?[37m[INFO] 11:12:04,991 [Test worker] liquibase. - master.changelog.json: migration/node-info.changelog-v2.xml::1525962920::R3.Corda: Null constraint dropped from node_info_hosts.host
?[m?[37m[INFO] 11:12:04,991 [Test worker] liquibase. - master.changelog.json: migration/node-info.changelog-v2.xml::1525962920::R3.Corda: Null constraint dropped from node_info_hosts.port
?[m?[37m[INFO] 11:12:04,991 [Test worker] liquibase. - master.changelog.json: migration/node-info.changelog-v2.xml::1525962920::R3.Corda: Null constraint has been added to node_info_party_cert.owning_key_hash
?[m?[37m[INFO] 11:12:04,991 [Test worker] liquibase. - master.changelog.json: migration/node-info.changelog-v2.xml::1525962920::R3.Corda: Null constraint has been added to node_info_party_cert.party_cert_binary
?[m?[37m[INFO] 11:12:04,991 [Test worker] liquibase. - master.changelog.json: migration/node-info.changelog-v2.xml::1525962920::R3.Corda: ChangeSet migration/node-info.changelog-v2.xml::1525962920::R3.Corda ran successfully in 2ms
?[m?[37m[INFO] 11:12:04,994 [Test worker] liquibase. - master.changelog.json: migration/node-info.changelog-v3.xml::column_host_name::R3.Corda: Column node_info_hosts.host renamed to host_name
?[m?[37m[INFO] 11:12:04,994 [Test worker] liquibase. - master.changelog.json: migration/node-info.changelog-v3.xml::column_host_name::R3.Corda: ChangeSet migration/node-info.changelog-v3.xml::column_host_name::R3.Corda ran successfully in 1ms
?[m?[37m[INFO] 11:12:04,996 [Test worker] liquibase. - master.changelog.json: migration/node-services.changelog-init.xml::1511451595465-5::R3.Corda: Table node_attachments created
?[m?[37m[INFO] 11:12:04,996 [Test worker] liquibase. - master.changelog.json: migration/node-services.changelog-init.xml::1511451595465-5::R3.Corda: ChangeSet migration/node-services.changelog-init.xml::1511451595465-5::R3.Corda ran successfully in 1ms
?[m?[37m[INFO] 11:12:04,997 [Test worker] liquibase. - master.changelog.json: migration/node-services.changelog-init.xml::1511451595465-7::R3.Corda: Table node_checkpoints created
?[m?[37m[INFO] 11:12:04,997 [Test worker] liquibase. - master.changelog.json: migration/node-services.changelog-init.xml::1511451595465-7::R3.Corda: ChangeSet migration/node-services.changelog-init.xml::1511451595465-7::R3.Corda ran successfully in 0ms
?[m?[37m[INFO] 11:12:04,999 [Test worker] liquibase. - master.changelog.json: migration/node-services.changelog-init.xml::1511451595465-8::R3.Corda: Table node_contract_upgrades created
?[m?[37m[INFO] 11:12:04,999 [Test worker] liquibase. - master.changelog.json: migration/node-services.changelog-init.xml::1511451595465-8::R3.Corda: ChangeSet migration/node-services.changelog-init.xml::1511451595465-8::R3.Corda ran successfully in 1ms
?[m?[37m[INFO] 11:12:05,000 [Test worker] liquibase. - master.changelog.json: migration/node-services.changelog-init.xml::1511451595465-9::R3.Corda: Table node_identities created
?[m?[37m[INFO] 11:12:05,000 [Test worker] liquibase. - master.changelog.json: migration/node-services.changelog-init.xml::1511451595465-9::R3.Corda: ChangeSet migration/node-services.changelog-init.xml::1511451595465-9::R3.Corda ran successfully in 0ms
?[m?[37m[INFO] 11:12:05,001 [Test worker] liquibase. - master.changelog.json: migration/node-services.changelog-init.xml::1511451595465-13::R3.Corda: Table node_message_ids created
?[m?[37m[INFO] 11:12:05,001 [Test worker] liquibase. - master.changelog.json: migration/node-services.changelog-init.xml::1511451595465-13::R3.Corda: ChangeSet migration/node-services.changelog-init.xml::1511451595465-13::R3.Corda ran successfully in 0ms
?[m?[37m[INFO] 11:12:05,002 [Test worker] liquibase. - master.changelog.json: migration/node-services.changelog-init.xml::1511451595465-14::R3.Corda: Table node_message_retry created
?[m?[37m[INFO] 11:12:05,002 [Test worker] liquibase. - master.changelog.json: migration/node-services.changelog-init.xml::1511451595465-14::R3.Corda: ChangeSet migration/node-services.changelog-init.xml::1511451595465-14::R3.Corda ran successfully in 0ms
?[m?[37m[INFO] 11:12:05,003 [Test worker] liquibase. - master.changelog.json: migration/node-services.changelog-init.xml::1511451595465-15::R3.Corda: Table node_named_identities created
?[m?[37m[INFO] 11:12:05,003 [Test worker] liquibase. - master.changelog.json: migration/node-services.changelog-init.xml::1511451595465-15::R3.Corda: ChangeSet migration/node-services.changelog-init.xml::1511451595465-15::R3.Corda ran successfully in 0ms
?[m?[37m[INFO] 11:12:05,005 [Test worker] liquibase. - master.changelog.json: migration/node-services.changelog-init.xml::1511451595465-17::R3.Corda: Table node_our_key_pairs created
?[m?[37m[INFO] 11:12:05,005 [Test worker] liquibase. - master.changelog.json: migration/node-services.changelog-init.xml::1511451595465-17::R3.Corda: ChangeSet migration/node-services.changelog-init.xml::1511451595465-17::R3.Corda ran successfully in 1ms
?[m?[37m[INFO] 11:12:05,007 [Test worker] liquibase. - master.changelog.json: migration/node-services.changelog-init.xml::1511451595465-19::R3.Corda: Table node_scheduled_states created
?[m?[37m[INFO] 11:12:05,007 [Test worker] liquibase. - master.changelog.json: migration/node-services.changelog-init.xml::1511451595465-19::R3.Corda: ChangeSet migration/node-services.changelog-init.xml::1511451595465-19::R3.Corda ran successfully in 1ms
?[m?[37m[INFO] 11:12:05,008 [Test worker] liquibase. - master.changelog.json: migration/node-services.changelog-init.xml::1511451595465-20::R3.Corda: Table node_transaction_mappings created
?[m?[37m[INFO] 11:12:05,008 [Test worker] liquibase. - master.changelog.json: migration/node-services.changelog-init.xml::1511451595465-20::R3.Corda: ChangeSet migration/node-services.changelog-init.xml::1511451595465-20::R3.Corda ran successfully in 0ms
?[m?[37m[INFO] 11:12:05,009 [Test worker] liquibase. - master.changelog.json: migration/node-services.changelog-init.xml::1511451595465-21::R3.Corda: Table node_transactions created
?[m?[37m[INFO] 11:12:05,009 [Test worker] liquibase. - master.changelog.json: migration/node-services.changelog-init.xml::1511451595465-21::R3.Corda: ChangeSet migration/node-services.changelog-init.xml::1511451595465-21::R3.Corda ran successfully in 0ms
?[m?[37m[INFO] 11:12:05,011 [Test worker] liquibase. - master.changelog.json: migration/node-services.changelog-init.xml::1511451595465-30::R3.Corda: Primary key added to node_attachments (att_id)
?[m?[37m[INFO] 11:12:05,011 [Test worker] liquibase. - master.changelog.json: migration/node-services.changelog-init.xml::1511451595465-30::R3.Corda: ChangeSet migration/node-services.changelog-init.xml::1511451595465-30::R3.Corda ran successfully in 1ms
?[m?[37m[INFO] 11:12:05,012 [Test worker] liquibase. - master.changelog.json: migration/node-services.changelog-init.xml::1511451595465-32::R3.Corda: Primary key added to node_checkpoints (checkpoint_id)
?[m?[37m[INFO] 11:12:05,012 [Test worker] liquibase. - master.changelog.json: migration/node-services.changelog-init.xml::1511451595465-32::R3.Corda: ChangeSet migration/node-services.changelog-init.xml::1511451595465-32::R3.Corda ran successfully in 0ms
?[m?[37m[INFO] 11:12:05,013 [Test worker] liquibase. - master.changelog.json: migration/node-services.changelog-init.xml::1511451595465-33::R3.Corda: Primary key added to node_contract_upgrades (state_ref)
?[m?[37m[INFO] 11:12:05,013 [Test worker] liquibase. - master.changelog.json: migration/node-services.changelog-init.xml::1511451595465-33::R3.Corda: ChangeSet migration/node-services.changelog-init.xml::1511451595465-33::R3.Corda ran successfully in 0ms
?[m?[37m[INFO] 11:12:05,015 [Test worker] liquibase. - master.changelog.json: migration/node-services.changelog-init.xml::1511451595465-34::R3.Corda: Primary key added to node_identities (pk_hash)
?[m?[37m[INFO] 11:12:05,015 [Test worker] liquibase. - master.changelog.json: migration/node-services.changelog-init.xml::1511451595465-34::R3.Corda: ChangeSet migration/node-services.changelog-init.xml::1511451595465-34::R3.Corda ran successfully in 1ms
?[m?[37m[INFO] 11:12:05,016 [Test worker] liquibase. - master.changelog.json: migration/node-services.changelog-init.xml::1511451595465-38::R3.Corda: Primary key added to node_message_ids (message_id)
?[m?[37m[INFO] 11:12:05,016 [Test worker] liquibase. - master.changelog.json: migration/node-services.changelog-init.xml::1511451595465-38::R3.Corda: ChangeSet migration/node-services.changelog-init.xml::1511451595465-38::R3.Corda ran successfully in 0ms
?[m?[37m[INFO] 11:12:05,018 [Test worker] liquibase. - master.changelog.json: migration/node-services.changelog-init.xml::1511451595465-39::R3.Corda: Primary key added to node_message_retry (message_id)
?[m?[37m[INFO] 11:12:05,018 [Test worker] liquibase. - master.changelog.json: migration/node-services.changelog-init.xml::1511451595465-39::R3.Corda: ChangeSet migration/node-services.changelog-init.xml::1511451595465-39::R3.Corda ran successfully in 1ms
?[m?[37m[INFO] 11:12:05,019 [Test worker] liquibase. - master.changelog.json: migration/node-services.changelog-init.xml::1511451595465-40::R3.Corda: Primary key added to node_named_identities (name)
?[m?[37m[INFO] 11:12:05,019 [Test worker] liquibase. - master.changelog.json: migration/node-services.changelog-init.xml::1511451595465-40::R3.Corda: ChangeSet migration/node-services.changelog-init.xml::1511451595465-40::R3.Corda ran successfully in 0ms
?[m?[37m[INFO] 11:12:05,021 [Test worker] liquibase. - master.changelog.json: migration/node-services.changelog-init.xml::1511451595465-42::R3.Corda: Primary key added to node_our_key_pairs (public_key_hash)
?[m?[37m[INFO] 11:12:05,021 [Test worker] liquibase. - master.changelog.json: migration/node-services.changelog-init.xml::1511451595465-42::R3.Corda: ChangeSet migration/node-services.changelog-init.xml::1511451595465-42::R3.Corda ran successfully in 1ms
?[m?[37m[INFO] 11:12:05,022 [Test worker] liquibase. - master.changelog.json: migration/node-services.changelog-init.xml::1511451595465-44::R3.Corda: Primary key added to node_scheduled_states (output_index, transaction_id)
?[m?[37m[INFO] 11:12:05,022 [Test worker] liquibase. - master.changelog.json: migration/node-services.changelog-init.xml::1511451595465-44::R3.Corda: ChangeSet migration/node-services.changelog-init.xml::1511451595465-44::R3.Corda ran successfully in 0ms
?[m?[37m[INFO] 11:12:05,024 [Test worker] liquibase. - master.changelog.json: migration/node-services.changelog-init.xml::1511451595465-45::R3.Corda: Primary key added to node_transaction_mappings (tx_id)
?[m?[37m[INFO] 11:12:05,024 [Test worker] liquibase. - master.changelog.json: migration/node-services.changelog-init.xml::1511451595465-45::R3.Corda: ChangeSet migration/node-services.changelog-init.xml::1511451595465-45::R3.Corda ran successfully in 1ms
?[m?[37m[INFO] 11:12:05,025 [Test worker] liquibase. - master.changelog.json: migration/node-services.changelog-init.xml::1511451595465-46::R3.Corda: Primary key added to node_transactions (tx_id)
?[m?[37m[INFO] 11:12:05,025 [Test worker] liquibase. - master.changelog.json: migration/node-services.changelog-init.xml::1511451595465-46::R3.Corda: ChangeSet migration/node-services.changelog-init.xml::1511451595465-46::R3.Corda ran successfully in 0ms
?[m?[37m[INFO] 11:12:05,027 [Test worker] liquibase. - master.changelog.json: migration/node-services.changelog-init.xml::1511451595465-61::R3.Corda: Foreign key constraint added to node_link_nodeinfo_party (party_name)
?[m?[37m[INFO] 11:12:05,027 [Test worker] liquibase. - master.changelog.json: migration/node-services.changelog-init.xml::1511451595465-61::R3.Corda: ChangeSet migration/node-services.changelog-init.xml::1511451595465-61::R3.Corda ran successfully in 1ms
?[m?[37m[INFO] 11:12:05,029 [Test worker] liquibase. - master.changelog.json: migration/node-services.changelog-init.xml::add index att_id::R3.Corda: Index att_id_idx created
?[m?[37m[INFO] 11:12:05,029 [Test worker] liquibase. - master.changelog.json: migration/node-services.changelog-init.xml::add index att_id::R3.Corda: ChangeSet migration/node-services.changelog-init.xml::add index att_id::R3.Corda ran successfully in 1ms
?[m?[37m[INFO] 11:12:05,031 [Test worker] liquibase. - master.changelog.json: migration/node-services.changelog-init.xml::add_contract_attachment::R3.Corda: Table node_attchments_contracts created
?[m?[37m[INFO] 11:12:05,031 [Test worker] liquibase. - master.changelog.json: migration/node-services.changelog-init.xml::add_contract_attachment::R3.Corda: Foreign key constraint added to node_attchments_contracts (att_id)
?[m?[37m[INFO] 11:12:05,032 [Test worker] liquibase. - master.changelog.json: migration/node-services.changelog-init.xml::add_contract_attachment::R3.Corda: Data deleted from node_attachments
?[m?[37m[INFO] 11:12:05,032 [Test worker] liquibase. - master.changelog.json: migration/node-services.changelog-init.xml::add_contract_attachment::R3.Corda: ChangeSet migration/node-services.changelog-init.xml::add_contract_attachment::R3.Corda ran successfully in 2ms
?[m?[37m[INFO] 11:12:05,036 [Test worker] liquibase. - master.changelog.json: migration/node-services.changelog-init.xml::add_dedup_columns::R3.Corda: Columns sender(NVARCHAR(64)),sequence_number(BIGINT) added to node_message_ids
?[m?[37m[INFO] 11:12:05,036 [Test worker] liquibase. - master.changelog.json: migration/node-services.changelog-init.xml::add_dedup_columns::R3.Corda: ChangeSet migration/node-services.changelog-init.xml::add_dedup_columns::R3.Corda ran successfully in 3ms
?[m?[37m[INFO] 11:12:05,038 [Test worker] liquibase. - master.changelog.json: migration/node-core.changelog-v4.xml::attchments_rename::R3.Corda: Table node_attchments_contracts renamed to node_attachments_contracts
?[m?[37m[INFO] 11:12:05,038 [Test worker] liquibase. - master.changelog.json: migration/node-core.changelog-v4.xml::attchments_rename::R3.Corda: ChangeSet migration/node-core.changelog-v4.xml::attchments_rename::R3.Corda ran successfully in 1ms
?[m?[37m[INFO] 11:12:05,039 [Test worker] liquibase. - master.changelog.json: migration/node-core.changelog-v4.xml::nullability::R3.Corda: Null constraint has been added to node_identities.identity_value
?[m?[37m[INFO] 11:12:05,039 [Test worker] liquibase. - master.changelog.json: migration/node-core.changelog-v4.xml::nullability::R3.Corda: Null constraint has been added to node_attachments.content
?[m?[37m[INFO] 11:12:05,039 [Test worker] liquibase. - master.changelog.json: migration/node-core.changelog-v4.xml::nullability::R3.Corda: Null constraint has been added to node_attachments_contracts.contract_class_name
?[m?[37m[INFO] 11:12:05,039 [Test worker] liquibase. - master.changelog.json: migration/node-core.changelog-v4.xml::nullability::R3.Corda: Null constraint has been added to node_checkpoints.checkpoint_value
?[m?[37m[INFO] 11:12:05,039 [Test worker] liquibase. - master.changelog.json: migration/node-core.changelog-v4.xml::nullability::R3.Corda: Null constraint has been added to node_contract_upgrades.contract_class_name
?[m?[37m[INFO] 11:12:05,040 [Test worker] liquibase. - master.changelog.json: migration/node-core.changelog-v4.xml::nullability::R3.Corda: Null constraint has been added to node_message_ids.insertion_time
?[m?[37m[INFO] 11:12:05,040 [Test worker] liquibase. - master.changelog.json: migration/node-core.changelog-v4.xml::nullability::R3.Corda: Null constraint has been added to node_message_retry.message
?[m?[37m[INFO] 11:12:05,040 [Test worker] liquibase. - master.changelog.json: migration/node-core.changelog-v4.xml::nullability::R3.Corda: Null constraint has been added to node_message_retry.recipients
?[m?[37m[INFO] 11:12:05,040 [Test worker] liquibase. - master.changelog.json: migration/node-core.changelog-v4.xml::nullability::R3.Corda: Null constraint has been added to node_named_identities.pk_hash
?[m?[37m[INFO] 11:12:05,040 [Test worker] liquibase. - master.changelog.json: migration/node-core.changelog-v4.xml::nullability::R3.Corda: Null constraint has been added to node_our_key_pairs.private_key
?[m?[37m[INFO] 11:12:05,041 [Test worker] liquibase. - master.changelog.json: migration/node-core.changelog-v4.xml::nullability::R3.Corda: Null constraint has been added to node_our_key_pairs.public_key
?[m?[37m[INFO] 11:12:05,041 [Test worker] liquibase. - master.changelog.json: migration/node-core.changelog-v4.xml::nullability::R3.Corda: Null constraint has been added to node_transaction_mappings.state_machine_run_id
?[m?[37m[INFO] 11:12:05,041 [Test worker] liquibase. - master.changelog.json: migration/node-core.changelog-v4.xml::nullability::R3.Corda: Null constraint has been added to node_transactions.transaction_value
?[m?[37m[INFO] 11:12:05,041 [Test worker] liquibase. - master.changelog.json: migration/node-core.changelog-v4.xml::nullability::R3.Corda: ChangeSet migration/node-core.changelog-v4.xml::nullability::R3.Corda ran successfully in 3ms
?[m?[37m[INFO] 11:12:05,043 [Test worker] liquibase. - master.changelog.json: migration/node-core.changelog-v5.xml::remove_unused_node_message_retry::R3.Corda: Table node_message_retry dropped
?[m?[37m[INFO] 11:12:05,043 [Test worker] liquibase. - master.changelog.json: migration/node-core.changelog-v5.xml::remove_unused_node_message_retry::R3.Corda: ChangeSet migration/node-core.changelog-v5.xml::remove_unused_node_message_retry::R3.Corda ran successfully in 0ms
?[m?[37m[INFO] 11:12:05,068 [Test worker] liquibase. - master.changelog.json: migration/node-core.changelog-v8.xml::conditional_attchments_rename::R3.Corda: Marking ChangeSet: migration/node-core.changelog-v8.xml::conditional_attchments_rename::R3.Corda ran despite precondition failure due to onFail='MARK_RAN': 
          master.changelog.json : Table PUBLIC.NODE_ATTCHMENTS_CONTRACTS does not exist

?[m?[37m[INFO] 11:12:05,082 [Test worker] liquibase. - master.changelog.json: migration/node-core.changelog-v8.xml::conditional_attchments_contracts::R3.Corda: Marking ChangeSet: migration/node-core.changelog-v8.xml::conditional_attchments_contracts::R3.Corda ran despite precondition failure due to onFail='MARK_RAN': 
          master.changelog.json : Table PUBLIC.NODE_ATTACHMENTS_CONTRACT_CLASS_NAME does not exist

?[m?[37m[INFO] 11:12:05,083 [Test worker] liquibase. - master.changelog.json: migration/node-core.changelog-v8.xml::add_signers::R3.Corda: Table node_attachments_signers created
?[m?[37m[INFO] 11:12:05,084 [Test worker] liquibase. - master.changelog.json: migration/node-core.changelog-v8.xml::add_signers::R3.Corda: Foreign key constraint added to node_attachments_signers (att_id)
?[m?[37m[INFO] 11:12:05,084 [Test worker] liquibase. - master.changelog.json: migration/node-core.changelog-v8.xml::add_signers::R3.Corda: ChangeSet migration/node-core.changelog-v8.xml::add_signers::R3.Corda ran successfully in 1ms
?[m?[37m[INFO] 11:12:05,087 [Test worker] liquibase. - master.changelog.json: migration/node-core.changelog-tx-mapping.xml::add_tx_mapping_column::R3.Corda: Columns state_machine_run_id(NVARCHAR(36)) added to node_transactions
?[m?[37m[INFO] 11:12:05,088 [Test worker] liquibase. - master.changelog.json: migration/node-core.changelog-tx-mapping.xml::add_tx_mapping_column::R3.Corda: Custom SQL executed
?[m?[37m[INFO] 11:12:05,088 [Test worker] liquibase. - master.changelog.json: migration/node-core.changelog-tx-mapping.xml::add_tx_mapping_column::R3.Corda: Table node_transaction_mappings dropped
?[m?[37m[INFO] 11:12:05,088 [Test worker] liquibase. - master.changelog.json: migration/node-core.changelog-tx-mapping.xml::add_tx_mapping_column::R3.Corda: ChangeSet migration/node-core.changelog-tx-mapping.xml::add_tx_mapping_column::R3.Corda ran successfully in 3ms
?[m?[37m[INFO] 11:12:05,091 [Test worker] liquibase. - master.changelog.json: migration/node-services.changelog-init.xml::add_network_parameters_storage::R3.Corda: Table node_network_parameters created
?[m?[37m[INFO] 11:12:05,091 [Test worker] liquibase. - master.changelog.json: migration/node-services.changelog-init.xml::add_network_parameters_storage::R3.Corda: ChangeSet migration/node-services.changelog-init.xml::add_network_parameters_storage::R3.Corda ran successfully in 0ms
?[m?[37m[INFO] 11:12:05,092 [Test worker] liquibase. - master.changelog.json: migration/node-services.changelog-init.xml::network_parameters_pk::R3.Corda: Primary key added to node_network_parameters (hash)
?[m?[37m[INFO] 11:12:05,092 [Test worker] liquibase. - master.changelog.json: migration/node-services.changelog-init.xml::network_parameters_pk::R3.Corda: ChangeSet migration/node-services.changelog-init.xml::network_parameters_pk::R3.Corda ran successfully in 0ms
?[m?[37m[INFO] 11:12:05,096 [Test worker] liquibase. - master.changelog.json: migration/node-services.changelog-init.xml::add_version_column::R3.Corda: Columns version(INT) added to node_attachments
?[m?[37m[INFO] 11:12:05,096 [Test worker] liquibase. - master.changelog.json: migration/node-services.changelog-init.xml::add_version_column::R3.Corda: Custom SQL executed
?[m?[37m[INFO] 11:12:05,096 [Test worker] liquibase. - master.changelog.json: migration/node-services.changelog-init.xml::add_version_column::R3.Corda: Null constraint has been added to node_attachments.version
?[m?[37m[INFO] 11:12:05,096 [Test worker] liquibase. - master.changelog.json: migration/node-services.changelog-init.xml::add_version_column::R3.Corda: ChangeSet migration/node-services.changelog-init.xml::add_version_column::R3.Corda ran successfully in 3ms
?[m?[37m[INFO] 11:12:05,097 [Test worker] persistence.AttachmentVersionNumberMigration. - Start executing...
?[m?[37m[INFO] 11:12:05,100 [Test worker] persistence.AttachmentVersionNumberMigration. - Attachment version creation from whitelisted JARs using network parameters from build/mock-network/20190407-151148.477/nodes/1/network-parameters, whitelistedContractImplementations: {}.
?[m?[37m[INFO] 11:12:05,100 [Test worker] persistence.AttachmentVersionNumberMigration. - Attachment version creation from whitelisted JARs skipped, no attachments not found.
?[m?[37m[INFO] 11:12:05,100 [Test worker] liquibase. - master.changelog.json: migration/node-services.changelog-init.xml::update-version-of-whitelisted-jars::R3.Corda: null
?[m?[37m[INFO] 11:12:05,100 [Test worker] liquibase. - master.changelog.json: migration/node-services.changelog-init.xml::update-version-of-whitelisted-jars::R3.Corda: ChangeSet migration/node-services.changelog-init.xml::update-version-of-whitelisted-jars::R3.Corda ran successfully in 3ms
?[m?[37m[INFO] 11:12:05,101 [Test worker] migration.VaultStateMigration. - Migrating vault state data to V4 tables
?[m?[37m[INFO] 11:12:05,103 [Test worker] persistence.HibernateConfiguration. - Init HibernateConfiguration for schemas: [VaultMigrationSchemaV1(name=net.corda.node.migration.VaultMigrationSchema, version=1), VaultSchemaV1(name=net.corda.node.services.vault.VaultSchema, version=1)]
?[m?[37m[INFO] 11:12:05,103 [Test worker] persistence.HibernateConfiguration. - Creating session factory for schemas: [VaultMigrationSchemaV1(name=net.corda.node.migration.VaultMigrationSchema, version=1), VaultSchemaV1(name=net.corda.node.services.vault.VaultSchema, version=1)]
?[m?[37m[INFO] 11:12:05,107 [Test worker] internal.ConnectionProviderInitiator. - HHH000130: Instantiating explicit connection provider: net.corda.nodeapi.internal.persistence.HibernateConfiguration$NodeDatabaseConnectionProvider
?[m?[37m[INFO] 11:12:05,108 [Test worker] dialect.Dialect. - HHH000400: Using dialect: org.hibernate.dialect.H2Dialect
?[m?[37m[INFO] 11:12:05,111 [Test worker] type.BasicTypeRegistry. - HHH000270: Type registration [materialized_blob] overrides previous : org.hibernate.type.MaterializedBlobType@13ae4c5f
?[m?[37m[INFO] 11:12:05,151 [Test worker] connections.access. - HHH10001501: Connection obtained from JdbcConnectionAccess [org.hibernate.engine.jdbc.env.internal.JdbcEnvironmentInitiator$ConnectionProviderJdbcConnectionAccess@565b9fc2] for (non-JTA) DDL execution was not in auto-commit mode; the Connection 'local transaction' will be committed and the Connection will be set into auto-commit mode.
?[m?[37m[INFO] 11:12:05,196 [Test worker] persistence.HibernateConfiguration. - Created session factory for schemas: [VaultMigrationSchemaV1(name=net.corda.node.migration.VaultMigrationSchema, version=1), VaultSchemaV1(name=net.corda.node.services.vault.VaultSchema, version=1)]
?[m?[37m[INFO] 11:12:05,197 [Test worker] internal.QueryTranslatorFactoryInitiator. - HHH000397: Using ASTQueryTranslatorFactory
?[m?[37m[INFO] 11:12:05,204 [Test worker] migration.VaultStateMigration. - Finished performing vault state data migration for 0 states
?[m?[37m[INFO] 11:12:05,204 [Test worker] liquibase. - master.changelog.json: migration/vault-schema.changelog-v9.xml::update-vault-states::R3.Corda: null
?[m?[37m[INFO] 11:12:05,204 [Test worker] liquibase. - master.changelog.json: migration/vault-schema.changelog-v9.xml::update-vault-states::R3.Corda: ChangeSet migration/vault-schema.changelog-v9.xml::update-vault-states::R3.Corda ran successfully in 103ms
?[m?[37m[INFO] 11:12:05,205 [Test worker] liquibase. - Successfully released change log lock
?[m?[37m[INFO] 11:12:05,205 [Test worker] internal.InternalMockNetwork$MockNode. - Connected to H2 database.
?[m?[37m[INFO] 11:12:05,206 [Test worker] internal.InternalMockNetwork$MockNode. - identity-private-key not found in key store, generating fresh key!
?[m?[37m[INFO] 11:12:05,221 [Test worker] persistence.HibernateConfiguration. - Init HibernateConfiguration for schemas: [CommonSchemaV1(name=net.corda.core.schemas.CommonSchema, version=1), VaultSchemaV1(name=net.corda.node.services.vault.VaultSchema, version=1), NodeInfoSchemaV1(name=net.corda.node.internal.schemas.NodeInfoSchema, version=1), NodeCoreV1(name=net.corda.node.services.schema.NodeSchemaService$NodeCore, version=1), FNOLSchemaV1(name=com.example.schema.FNOLSchema, version=1), IOUSchemaV1(name=com.example.schema.IOUSchema, version=1)]
?[m?[37m[INFO] 11:12:05,221 [Test worker] persistence.HibernateConfiguration. - Creating session factory for schemas: [CommonSchemaV1(name=net.corda.core.schemas.CommonSchema, version=1), VaultSchemaV1(name=net.corda.node.services.vault.VaultSchema, version=1), NodeInfoSchemaV1(name=net.corda.node.internal.schemas.NodeInfoSchema, version=1), NodeCoreV1(name=net.corda.node.services.schema.NodeSchemaService$NodeCore, version=1), FNOLSchemaV1(name=com.example.schema.FNOLSchema, version=1), IOUSchemaV1(name=com.example.schema.IOUSchema, version=1)]
?[m?[37m[INFO] 11:12:05,226 [Test worker] internal.ConnectionProviderInitiator. - HHH000130: Instantiating explicit connection provider: net.corda.nodeapi.internal.persistence.HibernateConfiguration$NodeDatabaseConnectionProvider
?[m?[37m[INFO] 11:12:05,226 [Test worker] dialect.Dialect. - HHH000400: Using dialect: org.hibernate.dialect.H2Dialect
?[m?[37m[INFO] 11:12:05,228 [Test worker] type.BasicTypeRegistry. - HHH000270: Type registration [materialized_blob] overrides previous : org.hibernate.type.MaterializedBlobType@13ae4c5f
?[m?[37m[INFO] 11:12:05,292 [Test worker] connections.access. - HHH10001501: Connection obtained from JdbcConnectionAccess [org.hibernate.engine.jdbc.env.internal.JdbcEnvironmentInitiator$ConnectionProviderJdbcConnectionAccess@242b5275] for (non-JTA) DDL execution was not in auto-commit mode; the Connection 'local transaction' will be committed and the Connection will be set into auto-commit mode.
?[m?[37m[INFO] 11:12:05,331 [Test worker] persistence.HibernateConfiguration. - Created session factory for schemas: [CommonSchemaV1(name=net.corda.core.schemas.CommonSchema, version=1), VaultSchemaV1(name=net.corda.node.services.vault.VaultSchema, version=1), NodeInfoSchemaV1(name=net.corda.node.internal.schemas.NodeInfoSchema, version=1), NodeCoreV1(name=net.corda.node.services.schema.NodeSchemaService$NodeCore, version=1), FNOLSchemaV1(name=com.example.schema.FNOLSchema, version=1), IOUSchemaV1(name=com.example.schema.IOUSchema, version=1)]
?[m?[37m[INFO] 11:12:05,333 [Test worker] internal.QueryTranslatorFactoryInitiator. - HHH000397: Using ASTQueryTranslatorFactory
?[m?[37m[INFO] 11:12:05,335 [Test worker] internal.InternalMockNetwork$MockNode. - Node-info has changed so submitting update. Old node-info was null
?[m?[37m[INFO] 11:12:05,335 [Test worker] network.PersistentNetworkMapCache. - Adding node with info: NodeInfo(addresses=[mock.node:1000], legalIdentitiesAndCerts=[O=Mock Company 1, L=London, C=GB], platformVersion=4, serial=1554649925335)
?[m?[37m[INFO] 11:12:05,338 [Test worker] network.PersistentNetworkMapCache. - No previous node found
?[m?[37m[INFO] 11:12:05,344 [Test worker] internal.InternalMockNetwork$MockNode. - New node-info: NodeInfo(addresses=[mock.node:1000], legalIdentitiesAndCerts=[O=Mock Company 1, L=London, C=GB], platformVersion=4, serial=1554649925335)
?[m?[37m[INFO] 11:12:05,350 [Test worker] network.NetworkMapUpdater. - Auto-accept enabled for network parameter changes which modify only: [epoch, modifiedTime, packageOwnership, whitelistedContractImplementations]
?[m?[37m[INFO] 11:12:05,352 [MockNode-2-2] network.PersistentNetworkMapCache. - Adding node with info: NodeInfo(addresses=[mock.node:1000], legalIdentitiesAndCerts=[O=Mock Company 1, L=London, C=GB], platformVersion=4, serial=1554649925335)
?[m?[37m[INFO] 11:12:05,357 [MockNode-2-2] network.PersistentNetworkMapCache. - Previous node was identical to incoming one - doing nothing
?[m?[37m[INFO] 11:12:05,378 [Test worker] ClassloaderUtils. - Contracts loading for '/var/folders/5q/xy985yhj7rg30rc4c_z3gd4m0000gn/T/attachment5067030376062273818.jar' took 20 msec
?[m?[37m[INFO] 11:12:05,390 [Test worker] persistence.NodeAttachmentService. - Stored new attachment: id=B0DC6BB384D1A6B002EFC0F67EDD756DE1A1E8883DAE28EEB966064A6EF48F64 uploader=app filename=null
?[m?[37m[INFO] 11:12:05,398 [Test worker] statemachine.SingleThreadedStateMachineManager. - Node ready, info: NodeInfo(addresses=[mock.node:1000], legalIdentitiesAndCerts=[O=Mock Company 1, L=London, C=GB], platformVersion=4, serial=1554649925335)
?[m?[37m[INFO] 11:12:05,400 [Test worker] network.PersistentNetworkMapCache. - Adding node with info: NodeInfo(addresses=[mock.node:1000], legalIdentitiesAndCerts=[O=Notary Service, L=Zurich, C=CH], platformVersion=4, serial=1554649923982)
?[m?[37m[INFO] 11:12:05,401 [Test worker] network.PersistentNetworkMapCache. - No previous node found
?[m?[37m[INFO] 11:12:05,409 [Test worker] network.PersistentNetworkMapCache. - Adding node with info: NodeInfo(addresses=[mock.node:1000], legalIdentitiesAndCerts=[O=Mock Company 1, L=London, C=GB], platformVersion=4, serial=1554649925335)
?[m?[37m[INFO] 11:12:05,410 [Test worker] network.PersistentNetworkMapCache. - No previous node found
?[m?[37m[INFO] 11:12:05,418 [Test worker] network.PersistentNetworkMapCache. - Adding node with info: NodeInfo(addresses=[mock.node:1000], legalIdentitiesAndCerts=[O=Mock Company 1, L=London, C=GB], platformVersion=4, serial=1554649925335)
?[m?[37m[INFO] 11:12:05,418 [Test worker] network.PersistentNetworkMapCache. - Previous node was identical to incoming one - doing nothing
?[m?[37m[INFO] 11:12:05,418 [Test worker] network.PersistentNetworkMapCache. - Adding node with info: NodeInfo(addresses=[mock.node:1000], legalIdentitiesAndCerts=[O=Mock Company 1, L=London, C=GB], platformVersion=4, serial=1554649925335)
?[m?[37m[INFO] 11:12:05,418 [Test worker] network.PersistentNetworkMapCache. - Previous node was identical to incoming one - doing nothing
?[m?[37m[INFO] 11:12:05,423 [Test worker] cordapp.JarScanningCordappLoader. - Looking for CorDapps in [build/mock-network/20190407-151148.477/nodes/2/cordapps]
?[m?[37m[INFO] 11:12:05,423 [Test worker] cordapp.JarScanningCordappLoader. - Loading CorDapps from RestrictedURL(url=file:/Users/vivian.a.chen/Hackathon/samples/cordapp-example/workflows-kotlin/build/mock-network/20190407-151148.477/nodes/2/cordapps/cordapp-example-workflows-0.1.jar, rootPackageName=null), RestrictedURL(url=file:/Users/vivian.a.chen/Hackathon/samples/cordapp-example/workflows-kotlin/build/mock-network/20190407-151148.477/nodes/2/cordapps/cordapp-example-contracts-0.1.jar, rootPackageName=null)
?[m?[37m[INFO] 11:12:05,424 [Test worker] cordapp.JarScanningCordappLoader. - Scanning CorDapp in file:/Users/vivian.a.chen/Hackathon/samples/cordapp-example/workflows-kotlin/build/mock-network/20190407-151148.477/nodes/2/cordapps/cordapp-example-workflows-0.1.jar
?[m?[37m[INFO] 11:12:05,446 [Test worker] cordapp.JarScanningCordappLoader. - Found notary service CorDapp implementations: 
?[m?[37m[INFO] 11:12:05,446 [Test worker] cordapp.JarScanningCordappLoader. - Scanning CorDapp in file:/Users/vivian.a.chen/Hackathon/samples/cordapp-example/workflows-kotlin/build/mock-network/20190407-151148.477/nodes/2/cordapps/cordapp-example-contracts-0.1.jar
?[m?[37m[INFO] 11:12:05,468 [Test worker] cordapp.JarScanningCordappLoader. - Found notary service CorDapp implementations: 
?[m?[37m[INFO] 11:12:05,474 [Test worker] internal.InternalMockNetwork$MockNode. - Node starting up ...
?[m?[37m[INFO] 11:12:05,496 [Test worker] internal.NodeFlowManager. - Registered com.example.flow.CreateFNOLFlow$Initiator to initiate com.example.flow.CreateFNOLFlow$Acceptor (version 1)
?[m?[37m[INFO] 11:12:05,496 [Test worker] internal.NodeFlowManager. - Registered com.example.flow.ExampleFlow$Initiator to initiate com.example.flow.ExampleFlow$Acceptor (version 1)
?[m?[37m[INFO] 11:12:05,496 [Test worker] internal.NodeFlowManager. - Registered com.example.flow.UpdateFNOLFlow$Initiator to initiate com.example.flow.UpdateFNOLFlow$Acceptor (version 1)
?[m?[37m[INFO] 11:12:05,499 [Test worker] internal.InternalMockNetwork$MockNode. - Loaded network parameters: NetworkParameters {
      minimumPlatformVersion=1
      notaries=[NotaryInfo(identity=O=Notary Service, L=Zurich, C=CH, validating=true)]
      maxMessageSize=10485760
      maxTransactionSize=524288000
      whitelistedContractImplementations {
        
      }
      eventHorizon=PT720H
      packageOwnership {
        
      }
      modifiedTime=2019-04-07T15:11:48.469Z
      epoch=1
  }
?[m?[37m[INFO] 11:12:05,500 [Test worker] hikari.HikariDataSource. - HikariPool-3 - Started.
?[m?[37m[INFO] 11:12:05,638 [Test worker] liquibase. - Creating database history table with name: PUBLIC.DATABASECHANGELOG
?[m?[37m[INFO] 11:12:05,641 [Test worker] liquibase. - Reading from PUBLIC.DATABASECHANGELOG
?[m?[37m[INFO] 11:12:05,643 [Test worker] liquibase. - master.changelog.json: migration/common.changelog-init.xml::1511451595465-1.3::R3.Corda: Skipping changeSet migration/common.changelog-init.xml::1511451595465-1.3::R3.Corda due to validation error(s): minValue is not allowed on h2
?[m?[37m[INFO] 11:12:05,650 [Test worker] liquibase. - master.changelog.json: migration/vault-schema.changelog-pkey.xml::non-clustered_pk-11::R3.Corda: Skipping changeSet migration/vault-schema.changelog-pkey.xml::non-clustered_pk-11::R3.Corda due to validation error(s): clustered is not allowed on h2
?[m?[37m[INFO] 11:12:05,651 [Test worker] liquibase. - master.changelog.json: migration/vault-schema.changelog-pkey.xml::non-clustered_pk-12::R3.Corda: Skipping changeSet migration/vault-schema.changelog-pkey.xml::non-clustered_pk-12::R3.Corda due to validation error(s): clustered is not allowed on h2
?[m?[37m[INFO] 11:12:05,652 [Test worker] liquibase. - master.changelog.json: migration/vault-schema.changelog-pkey.xml::non-clustered_pk-13::R3.Corda: Skipping changeSet migration/vault-schema.changelog-pkey.xml::non-clustered_pk-13::R3.Corda due to validation error(s): clustered is not allowed on h2
?[m?[37m[INFO] 11:12:05,671 [Test worker] liquibase. - master.changelog.json: migration/node-core.changelog-pkey.xml::non-clustered_pk-1::R3.Corda: Skipping changeSet migration/node-core.changelog-pkey.xml::non-clustered_pk-1::R3.Corda due to validation error(s): clustered is not allowed on h2
?[m?[37m[INFO] 11:12:05,671 [Test worker] liquibase. - master.changelog.json: migration/node-core.changelog-pkey.xml::non-clustered_pk-2::R3.Corda: Skipping changeSet migration/node-core.changelog-pkey.xml::non-clustered_pk-2::R3.Corda due to validation error(s): clustered is not allowed on h2
?[m?[37m[INFO] 11:12:05,672 [Test worker] liquibase. - master.changelog.json: migration/node-core.changelog-pkey.xml::non-clustered_pk-3::R3.Corda: Skipping changeSet migration/node-core.changelog-pkey.xml::non-clustered_pk-3::R3.Corda due to validation error(s): clustered is not allowed on h2
?[m?[37m[INFO] 11:12:05,672 [Test worker] liquibase. - master.changelog.json: migration/node-core.changelog-pkey.xml::non-clustered_pk-4::R3.Corda: Skipping changeSet migration/node-core.changelog-pkey.xml::non-clustered_pk-4::R3.Corda due to validation error(s): clustered is not allowed on h2
?[m?[37m[INFO] 11:12:05,673 [Test worker] liquibase. - master.changelog.json: migration/node-core.changelog-pkey.xml::non-clustered_pk-5::R3.Corda: Skipping changeSet migration/node-core.changelog-pkey.xml::non-clustered_pk-5::R3.Corda due to validation error(s): clustered is not allowed on h2
?[m?[37m[INFO] 11:12:05,673 [Test worker] liquibase. - master.changelog.json: migration/node-core.changelog-pkey.xml::non-clustered_pk-6::R3.Corda: Skipping changeSet migration/node-core.changelog-pkey.xml::non-clustered_pk-6::R3.Corda due to validation error(s): clustered is not allowed on h2
?[m?[37m[INFO] 11:12:05,673 [Test worker] liquibase. - master.changelog.json: migration/node-core.changelog-pkey.xml::non-clustered_pk-7::R3.Corda: Skipping changeSet migration/node-core.changelog-pkey.xml::non-clustered_pk-7::R3.Corda due to validation error(s): clustered is not allowed on h2
?[m?[37m[INFO] 11:12:05,678 [Test worker] liquibase. - Successfully acquired change log lock
?[m?[37m[INFO] 11:12:05,678 [Test worker] liquibase. - master.changelog.json: migration/common.changelog-init.xml::1511451595465-1.3::R3.Corda: Skipping changeSet migration/common.changelog-init.xml::1511451595465-1.3::R3.Corda due to validation error(s): minValue is not allowed on h2
?[m?[37m[INFO] 11:12:05,680 [Test worker] liquibase. - master.changelog.json: migration/vault-schema.changelog-pkey.xml::non-clustered_pk-11::R3.Corda: Skipping changeSet migration/vault-schema.changelog-pkey.xml::non-clustered_pk-11::R3.Corda due to validation error(s): clustered is not allowed on h2
?[m?[37m[INFO] 11:12:05,681 [Test worker] liquibase. - master.changelog.json: migration/vault-schema.changelog-pkey.xml::non-clustered_pk-12::R3.Corda: Skipping changeSet migration/vault-schema.changelog-pkey.xml::non-clustered_pk-12::R3.Corda due to validation error(s): clustered is not allowed on h2
?[m?[37m[INFO] 11:12:05,681 [Test worker] liquibase. - master.changelog.json: migration/vault-schema.changelog-pkey.xml::non-clustered_pk-13::R3.Corda: Skipping changeSet migration/vault-schema.changelog-pkey.xml::non-clustered_pk-13::R3.Corda due to validation error(s): clustered is not allowed on h2
?[m?[37m[INFO] 11:12:05,685 [Test worker] liquibase. - master.changelog.json: migration/node-core.changelog-pkey.xml::non-clustered_pk-1::R3.Corda: Skipping changeSet migration/node-core.changelog-pkey.xml::non-clustered_pk-1::R3.Corda due to validation error(s): clustered is not allowed on h2
?[m?[37m[INFO] 11:12:05,685 [Test worker] liquibase. - master.changelog.json: migration/node-core.changelog-pkey.xml::non-clustered_pk-2::R3.Corda: Skipping changeSet migration/node-core.changelog-pkey.xml::non-clustered_pk-2::R3.Corda due to validation error(s): clustered is not allowed on h2
?[m?[37m[INFO] 11:12:05,685 [Test worker] liquibase. - master.changelog.json: migration/node-core.changelog-pkey.xml::non-clustered_pk-3::R3.Corda: Skipping changeSet migration/node-core.changelog-pkey.xml::non-clustered_pk-3::R3.Corda due to validation error(s): clustered is not allowed on h2
?[m?[37m[INFO] 11:12:05,685 [Test worker] liquibase. - master.changelog.json: migration/node-core.changelog-pkey.xml::non-clustered_pk-4::R3.Corda: Skipping changeSet migration/node-core.changelog-pkey.xml::non-clustered_pk-4::R3.Corda due to validation error(s): clustered is not allowed on h2
?[m?[37m[INFO] 11:12:05,685 [Test worker] liquibase. - master.changelog.json: migration/node-core.changelog-pkey.xml::non-clustered_pk-5::R3.Corda: Skipping changeSet migration/node-core.changelog-pkey.xml::non-clustered_pk-5::R3.Corda due to validation error(s): clustered is not allowed on h2
?[m?[37m[INFO] 11:12:05,685 [Test worker] liquibase. - master.changelog.json: migration/node-core.changelog-pkey.xml::non-clustered_pk-6::R3.Corda: Skipping changeSet migration/node-core.changelog-pkey.xml::non-clustered_pk-6::R3.Corda due to validation error(s): clustered is not allowed on h2
?[m?[37m[INFO] 11:12:05,685 [Test worker] liquibase. - master.changelog.json: migration/node-core.changelog-pkey.xml::non-clustered_pk-7::R3.Corda: Skipping changeSet migration/node-core.changelog-pkey.xml::non-clustered_pk-7::R3.Corda due to validation error(s): clustered is not allowed on h2
?[m?[37m[INFO] 11:12:05,686 [Test worker] liquibase. - master.changelog.json: migration/common.changelog-init.xml::1511451595465-1.1::R3.Corda: Sequence hibernate_sequence created
?[m?[37m[INFO] 11:12:05,686 [Test worker] liquibase. - master.changelog.json: migration/common.changelog-init.xml::1511451595465-1.1::R3.Corda: ChangeSet migration/common.changelog-init.xml::1511451595465-1.1::R3.Corda ran successfully in 0ms
?[m?[37m[INFO] 11:12:05,689 [Test worker] liquibase. - master.changelog.json: migration/vault-schema.changelog-init.xml::1511451595465-22::R3.Corda: Table vault_fungible_states created
?[m?[37m[INFO] 11:12:05,689 [Test worker] liquibase. - master.changelog.json: migration/vault-schema.changelog-init.xml::1511451595465-22::R3.Corda: ChangeSet migration/vault-schema.changelog-init.xml::1511451595465-22::R3.Corda ran successfully in 1ms
?[m?[37m[INFO] 11:12:05,690 [Test worker] liquibase. - master.changelog.json: migration/vault-schema.changelog-init.xml::1511451595465-23::R3.Corda: Table vault_fungible_states_parts created
?[m?[37m[INFO] 11:12:05,690 [Test worker] liquibase. - master.changelog.json: migration/vault-schema.changelog-init.xml::1511451595465-23::R3.Corda: ChangeSet migration/vault-schema.changelog-init.xml::1511451595465-23::R3.Corda ran successfully in 0ms
?[m?[37m[INFO] 11:12:05,692 [Test worker] liquibase. - master.changelog.json: migration/vault-schema.changelog-init.xml::1511451595465-24::R3.Corda: Table vault_linear_states created
?[m?[37m[INFO] 11:12:05,692 [Test worker] liquibase. - master.changelog.json: migration/vault-schema.changelog-init.xml::1511451595465-24::R3.Corda: ChangeSet migration/vault-schema.changelog-init.xml::1511451595465-24::R3.Corda ran successfully in 1ms
?[m?[37m[INFO] 11:12:05,693 [Test worker] liquibase. - master.changelog.json: migration/vault-schema.changelog-init.xml::1511451595465-25::R3.Corda: Table vault_linear_states_parts created
?[m?[37m[INFO] 11:12:05,693 [Test worker] liquibase. - master.changelog.json: migration/vault-schema.changelog-init.xml::1511451595465-25::R3.Corda: ChangeSet migration/vault-schema.changelog-init.xml::1511451595465-25::R3.Corda ran successfully in 0ms
?[m?[37m[INFO] 11:12:05,694 [Test worker] liquibase. - master.changelog.json: migration/vault-schema.changelog-init.xml::1511451595465-26::R3.Corda: Table vault_states created
?[m?[37m[INFO] 11:12:05,694 [Test worker] liquibase. - master.changelog.json: migration/vault-schema.changelog-init.xml::1511451595465-26::R3.Corda: ChangeSet migration/vault-schema.changelog-init.xml::1511451595465-26::R3.Corda ran successfully in 0ms
?[m?[37m[INFO] 11:12:05,695 [Test worker] liquibase. - master.changelog.json: migration/vault-schema.changelog-init.xml::1511451595465-27::R3.Corda: Table vault_transaction_notes created
?[m?[37m[INFO] 11:12:05,695 [Test worker] liquibase. - master.changelog.json: migration/vault-schema.changelog-init.xml::1511451595465-27::R3.Corda: ChangeSet migration/vault-schema.changelog-init.xml::1511451595465-27::R3.Corda ran successfully in 0ms
?[m?[37m[INFO] 11:12:05,696 [Test worker] liquibase. - master.changelog.json: migration/vault-schema.changelog-init.xml::1511451595465-47::R3.Corda: Primary key added to vault_fungible_states (output_index, transaction_id)
?[m?[37m[INFO] 11:12:05,696 [Test worker] liquibase. - master.changelog.json: migration/vault-schema.changelog-init.xml::1511451595465-47::R3.Corda: ChangeSet migration/vault-schema.changelog-init.xml::1511451595465-47::R3.Corda ran successfully in 0ms
?[m?[37m[INFO] 11:12:05,697 [Test worker] liquibase. - master.changelog.json: migration/vault-schema.changelog-init.xml::1511451595465-48::R3.Corda: Primary key added to vault_linear_states (output_index, transaction_id)
?[m?[37m[INFO] 11:12:05,697 [Test worker] liquibase. - master.changelog.json: migration/vault-schema.changelog-init.xml::1511451595465-48::R3.Corda: ChangeSet migration/vault-schema.changelog-init.xml::1511451595465-48::R3.Corda ran successfully in 0ms
?[m?[37m[INFO] 11:12:05,698 [Test worker] liquibase. - master.changelog.json: migration/vault-schema.changelog-init.xml::1511451595465-49::R3.Corda: Primary key added to vault_states (output_index, transaction_id)
?[m?[37m[INFO] 11:12:05,698 [Test worker] liquibase. - master.changelog.json: migration/vault-schema.changelog-init.xml::1511451595465-49::R3.Corda: ChangeSet migration/vault-schema.changelog-init.xml::1511451595465-49::R3.Corda ran successfully in 0ms
?[m?[37m[INFO] 11:12:05,699 [Test worker] liquibase. - master.changelog.json: migration/vault-schema.changelog-init.xml::1511451595465-50::R3.Corda: Primary key added to vault_transaction_notes (seq_no)
?[m?[37m[INFO] 11:12:05,699 [Test worker] liquibase. - master.changelog.json: migration/vault-schema.changelog-init.xml::1511451595465-50::R3.Corda: ChangeSet migration/vault-schema.changelog-init.xml::1511451595465-50::R3.Corda ran successfully in 0ms
?[m?[37m[INFO] 11:12:05,700 [Test worker] liquibase. - master.changelog.json: migration/vault-schema.changelog-init.xml::1511451595465-53::R3.Corda: Index external_id_index created
?[m?[37m[INFO] 11:12:05,700 [Test worker] liquibase. - master.changelog.json: migration/vault-schema.changelog-init.xml::1511451595465-53::R3.Corda: ChangeSet migration/vault-schema.changelog-init.xml::1511451595465-53::R3.Corda ran successfully in 0ms
?[m?[37m[INFO] 11:12:05,702 [Test worker] liquibase. - master.changelog.json: migration/vault-schema.changelog-init.xml::1511451595465-55::R3.Corda: Index lock_id_idx created
?[m?[37m[INFO] 11:12:05,702 [Test worker] liquibase. - master.changelog.json: migration/vault-schema.changelog-init.xml::1511451595465-55::R3.Corda: ChangeSet migration/vault-schema.changelog-init.xml::1511451595465-55::R3.Corda ran successfully in 1ms
?[m?[37m[INFO] 11:12:05,702 [Test worker] liquibase. - master.changelog.json: migration/vault-schema.changelog-init.xml::1511451595465-58::R3.Corda: Index state_status_idx created
?[m?[37m[INFO] 11:12:05,702 [Test worker] liquibase. - master.changelog.json: migration/vault-schema.changelog-init.xml::1511451595465-58::R3.Corda: ChangeSet migration/vault-schema.changelog-init.xml::1511451595465-58::R3.Corda ran successfully in 0ms
?[m?[37m[INFO] 11:12:05,703 [Test worker] liquibase. - master.changelog.json: migration/vault-schema.changelog-init.xml::1511451595465-59::R3.Corda: Index transaction_id_index created
?[m?[37m[INFO] 11:12:05,703 [Test worker] liquibase. - master.changelog.json: migration/vault-schema.changelog-init.xml::1511451595465-59::R3.Corda: ChangeSet migration/vault-schema.changelog-init.xml::1511451595465-59::R3.Corda ran successfully in 0ms
?[m?[37m[INFO] 11:12:05,704 [Test worker] liquibase. - master.changelog.json: migration/vault-schema.changelog-init.xml::1511451595465-60::R3.Corda: Index uuid_index created
?[m?[37m[INFO] 11:12:05,704 [Test worker] liquibase. - master.changelog.json: migration/vault-schema.changelog-init.xml::1511451595465-60::R3.Corda: ChangeSet migration/vault-schema.changelog-init.xml::1511451595465-60::R3.Corda ran successfully in 0ms
?[m?[37m[INFO] 11:12:05,706 [Test worker] liquibase. - master.changelog.json: migration/vault-schema.changelog-init.xml::1511451595465-64::R3.Corda: Foreign key constraint added to vault_fungible_states_parts (output_index,transaction_id)
?[m?[37m[INFO] 11:12:05,706 [Test worker] liquibase. - master.changelog.json: migration/vault-schema.changelog-init.xml::1511451595465-64::R3.Corda: ChangeSet migration/vault-schema.changelog-init.xml::1511451595465-64::R3.Corda ran successfully in 1ms
?[m?[37m[INFO] 11:12:05,708 [Test worker] liquibase. - master.changelog.json: migration/vault-schema.changelog-init.xml::1511451595465-65::R3.Corda: Foreign key constraint added to vault_linear_states_parts (output_index,transaction_id)
?[m?[37m[INFO] 11:12:05,708 [Test worker] liquibase. - master.changelog.json: migration/vault-schema.changelog-init.xml::1511451595465-65::R3.Corda: ChangeSet migration/vault-schema.changelog-init.xml::1511451595465-65::R3.Corda ran successfully in 1ms
?[m?[37m[INFO] 11:12:05,709 [Test worker] liquibase. - master.changelog.json: migration/vault-schema.changelog-v3.xml::clean_vault::R3.Corda: Data deleted from vault_fungible_states_parts
?[m?[37m[INFO] 11:12:05,709 [Test worker] liquibase. - master.changelog.json: migration/vault-schema.changelog-v3.xml::clean_vault::R3.Corda: Data deleted from vault_fungible_states
?[m?[37m[INFO] 11:12:05,709 [Test worker] liquibase. - master.changelog.json: migration/vault-schema.changelog-v3.xml::clean_vault::R3.Corda: Data deleted from vault_linear_states_parts
?[m?[37m[INFO] 11:12:05,709 [Test worker] liquibase. - master.changelog.json: migration/vault-schema.changelog-v3.xml::clean_vault::R3.Corda: Data deleted from vault_linear_states
?[m?[37m[INFO] 11:12:05,709 [Test worker] liquibase. - master.changelog.json: migration/vault-schema.changelog-v3.xml::clean_vault::R3.Corda: Data deleted from vault_states
?[m?[37m[INFO] 11:12:05,709 [Test worker] liquibase. - master.changelog.json: migration/vault-schema.changelog-v3.xml::clean_vault::R3.Corda: Data deleted from vault_transaction_notes
?[m?[37m[INFO] 11:12:05,709 [Test worker] liquibase. - master.changelog.json: migration/vault-schema.changelog-v3.xml::clean_vault::R3.Corda: ChangeSet migration/vault-schema.changelog-v3.xml::clean_vault::R3.Corda ran successfully in 1ms
?[m?[37m[INFO] 11:12:05,710 [Test worker] liquibase. - master.changelog.json: migration/vault-schema.changelog-v4.xml::nullability::R3.Corda: Null constraint has been added to vault_fungible_states.quantity
?[m?[37m[INFO] 11:12:05,710 [Test worker] liquibase. - master.changelog.json: migration/vault-schema.changelog-v4.xml::nullability::R3.Corda: Null constraint has been added to vault_states.contract_state_class_name
?[m?[37m[INFO] 11:12:05,710 [Test worker] liquibase. - master.changelog.json: migration/vault-schema.changelog-v4.xml::nullability::R3.Corda: Null constraint has been added to vault_states.notary_name
?[m?[37m[INFO] 11:12:05,710 [Test worker] liquibase. - master.changelog.json: migration/vault-schema.changelog-v4.xml::nullability::R3.Corda: Null constraint has been added to vault_states.recorded_timestamp
?[m?[37m[INFO] 11:12:05,711 [Test worker] liquibase. - master.changelog.json: migration/vault-schema.changelog-v4.xml::nullability::R3.Corda: Index state_status_idx dropped from table vault_states
?[m?[37m[INFO] 11:12:05,711 [Test worker] liquibase. - master.changelog.json: migration/vault-schema.changelog-v4.xml::nullability::R3.Corda: Index lock_id_idx dropped from table vault_states
?[m?[37m[INFO] 11:12:05,711 [Test worker] liquibase. - master.changelog.json: migration/vault-schema.changelog-v4.xml::nullability::R3.Corda: Null constraint has been added to vault_states.state_status
?[m?[37m[INFO] 11:12:05,711 [Test worker] liquibase. - master.changelog.json: migration/vault-schema.changelog-v4.xml::nullability::R3.Corda: Index state_status_idx created
?[m?[37m[INFO] 11:12:05,711 [Test worker] liquibase. - master.changelog.json: migration/vault-schema.changelog-v4.xml::nullability::R3.Corda: Index lock_id_idx created
?[m?[37m[INFO] 11:12:05,711 [Test worker] liquibase. - master.changelog.json: migration/vault-schema.changelog-v4.xml::nullability::R3.Corda: Index transaction_id_index dropped from table vault_transaction_notes
?[m?[37m[INFO] 11:12:05,711 [Test worker] liquibase. - master.changelog.json: migration/vault-schema.changelog-v4.xml::nullability::R3.Corda: Null constraint has been added to vault_transaction_notes.note
?[m?[37m[INFO] 11:12:05,712 [Test worker] liquibase. - master.changelog.json: migration/vault-schema.changelog-v4.xml::nullability::R3.Corda: Null constraint has been added to vault_transaction_notes.transaction_id
?[m?[37m[INFO] 11:12:05,712 [Test worker] liquibase. - master.changelog.json: migration/vault-schema.changelog-v4.xml::nullability::R3.Corda: Index transaction_id_index created
?[m?[37m[INFO] 11:12:05,712 [Test worker] liquibase. - master.changelog.json: migration/vault-schema.changelog-v4.xml::nullability::R3.Corda: ChangeSet migration/vault-schema.changelog-v4.xml::nullability::R3.Corda ran successfully in 2ms
?[m?[37m[INFO] 11:12:05,718 [Test worker] liquibase. - master.changelog.json: migration/vault-schema.changelog-v5.xml::add_relevancy_status_column::R3.Corda: Columns relevancy_status(INT) added to vault_states
?[m?[37m[INFO] 11:12:05,718 [Test worker] liquibase. - master.changelog.json: migration/vault-schema.changelog-v5.xml::add_relevancy_status_column::R3.Corda: Data updated in vault_states
?[m?[37m[INFO] 11:12:05,719 [Test worker] liquibase. - master.changelog.json: migration/vault-schema.changelog-v5.xml::add_relevancy_status_column::R3.Corda: Null constraint has been added to vault_states.relevancy_status
?[m?[37m[INFO] 11:12:05,719 [Test worker] liquibase. - master.changelog.json: migration/vault-schema.changelog-v5.xml::add_relevancy_status_column::R3.Corda: ChangeSet migration/vault-schema.changelog-v5.xml::add_relevancy_status_column::R3.Corda ran successfully in 2ms
?[m?[37m[INFO] 11:12:05,721 [Test worker] liquibase. - master.changelog.json: migration/vault-schema.changelog-v6.xml::add_is_constraint_information_columns::R3.Corda: Columns constraint_type(INT) added to vault_states
?[m?[37m[INFO] 11:12:05,723 [Test worker] liquibase. - master.changelog.json: migration/vault-schema.changelog-v6.xml::add_is_constraint_information_columns::R3.Corda: Columns constraint_data(varbinary(563)) added to vault_states
?[m?[37m[INFO] 11:12:05,723 [Test worker] liquibase. - master.changelog.json: migration/vault-schema.changelog-v6.xml::add_is_constraint_information_columns::R3.Corda: ChangeSet migration/vault-schema.changelog-v6.xml::add_is_constraint_information_columns::R3.Corda ran successfully in 4ms
?[m?[37m[INFO] 11:12:05,724 [Test worker] liquibase. - master.changelog.json: migration/vault-schema.changelog-v7.xml::make_issuer_ref_nullable::R3.Corda: Null constraint dropped from vault_fungible_states.issuer_ref
?[m?[37m[INFO] 11:12:05,724 [Test worker] liquibase. - master.changelog.json: migration/vault-schema.changelog-v7.xml::make_issuer_ref_nullable::R3.Corda: ChangeSet migration/vault-schema.changelog-v7.xml::make_issuer_ref_nullable::R3.Corda ran successfully in 0ms
?[m?[37m[INFO] 11:12:05,725 [Test worker] liquibase. - master.changelog.json: migration/vault-schema.changelog-v8.xml::create-external-id-to-state-party-view::R3.Corda: Table state_party created
?[m?[37m[INFO] 11:12:05,725 [Test worker] liquibase. - master.changelog.json: migration/vault-schema.changelog-v8.xml::create-external-id-to-state-party-view::R3.Corda: Index state_pk_hash_idx created
?[m?[37m[INFO] 11:12:05,725 [Test worker] liquibase. - master.changelog.json: migration/vault-schema.changelog-v8.xml::create-external-id-to-state-party-view::R3.Corda: Table pk_hash_to_ext_id_map created
?[m?[37m[INFO] 11:12:05,725 [Test worker] liquibase. - master.changelog.json: migration/vault-schema.changelog-v8.xml::create-external-id-to-state-party-view::R3.Corda: Index pk_hash_to_xid_idx created
?[m?[37m[INFO] 11:12:05,726 [Test worker] liquibase. - master.changelog.json: migration/vault-schema.changelog-v8.xml::create-external-id-to-state-party-view::R3.Corda: View v_pkey_hash_ex_id_map created
?[m?[37m[INFO] 11:12:05,726 [Test worker] liquibase. - master.changelog.json: migration/vault-schema.changelog-v8.xml::create-external-id-to-state-party-view::R3.Corda: ChangeSet migration/vault-schema.changelog-v8.xml::create-external-id-to-state-party-view::R3.Corda ran successfully in 2ms
?[m?[37m[INFO] 11:12:05,727 [Test worker] liquibase. - master.changelog.json: migration/node-info.changelog-init.xml::1511451595465-4::R3.Corda: Table node_link_nodeinfo_party created
?[m?[37m[INFO] 11:12:05,727 [Test worker] liquibase. - master.changelog.json: migration/node-info.changelog-init.xml::1511451595465-4::R3.Corda: ChangeSet migration/node-info.changelog-init.xml::1511451595465-4::R3.Corda ran successfully in 1ms
?[m?[37m[INFO] 11:12:05,728 [Test worker] liquibase. - master.changelog.json: migration/node-info.changelog-init.xml::1511451595465-10::R3.Corda: Table node_info_hosts created
?[m?[37m[INFO] 11:12:05,728 [Test worker] liquibase. - master.changelog.json: migration/node-info.changelog-init.xml::1511451595465-10::R3.Corda: ChangeSet migration/node-info.changelog-init.xml::1511451595465-10::R3.Corda ran successfully in 1ms
?[m?[37m[INFO] 11:12:05,729 [Test worker] liquibase. - master.changelog.json: migration/node-info.changelog-init.xml::1511451595465-11::R3.Corda: Table node_info_party_cert created
?[m?[37m[INFO] 11:12:05,729 [Test worker] liquibase. - master.changelog.json: migration/node-info.changelog-init.xml::1511451595465-11::R3.Corda: ChangeSet migration/node-info.changelog-init.xml::1511451595465-11::R3.Corda ran successfully in 1ms
?[m?[37m[INFO] 11:12:05,729 [Test worker] liquibase. - master.changelog.json: migration/node-info.changelog-init.xml::1511451595465-12::R3.Corda: Table node_infos created
?[m?[37m[INFO] 11:12:05,729 [Test worker] liquibase. - master.changelog.json: migration/node-info.changelog-init.xml::1511451595465-12::R3.Corda: ChangeSet migration/node-info.changelog-init.xml::1511451595465-12::R3.Corda ran successfully in 0ms
?[m?[37m[INFO] 11:12:05,730 [Test worker] liquibase. - master.changelog.json: migration/node-info.changelog-init.xml::1511451595465-35::R3.Corda: Primary key added to node_info_hosts (host, port)
?[m?[37m[INFO] 11:12:05,730 [Test worker] liquibase. - master.changelog.json: migration/node-info.changelog-init.xml::1511451595465-35::R3.Corda: ChangeSet migration/node-info.changelog-init.xml::1511451595465-35::R3.Corda ran successfully in 0ms
?[m?[37m[INFO] 11:12:05,731 [Test worker] liquibase. - master.changelog.json: migration/node-info.changelog-init.xml::1511451595465-36::R3.Corda: Primary key added to node_info_party_cert (party_name)
?[m?[37m[INFO] 11:12:05,731 [Test worker] liquibase. - master.changelog.json: migration/node-info.changelog-init.xml::1511451595465-36::R3.Corda: ChangeSet migration/node-info.changelog-init.xml::1511451595465-36::R3.Corda ran successfully in 0ms
?[m?[37m[INFO] 11:12:05,732 [Test worker] liquibase. - master.changelog.json: migration/node-info.changelog-init.xml::1511451595465-37::R3.Corda: Primary key added to node_infos (node_info_id)
?[m?[37m[INFO] 11:12:05,732 [Test worker] liquibase. - master.changelog.json: migration/node-info.changelog-init.xml::1511451595465-37::R3.Corda: ChangeSet migration/node-info.changelog-init.xml::1511451595465-37::R3.Corda ran successfully in 0ms
?[m?[37m[INFO] 11:12:05,734 [Test worker] liquibase. - master.changelog.json: migration/node-info.changelog-init.xml::1511451595465-62::R3.Corda: Foreign key constraint added to node_link_nodeinfo_party (node_info_id)
?[m?[37m[INFO] 11:12:05,734 [Test worker] liquibase. - master.changelog.json: migration/node-info.changelog-init.xml::1511451595465-62::R3.Corda: ChangeSet migration/node-info.changelog-init.xml::1511451595465-62::R3.Corda ran successfully in 1ms
?[m?[37m[INFO] 11:12:05,735 [Test worker] liquibase. - master.changelog.json: migration/node-info.changelog-init.xml::1511451595465-63::R3.Corda: Foreign key constraint added to node_info_hosts (node_info_id)
?[m?[37m[INFO] 11:12:05,735 [Test worker] liquibase. - master.changelog.json: migration/node-info.changelog-init.xml::1511451595465-63::R3.Corda: ChangeSet migration/node-info.changelog-init.xml::1511451595465-63::R3.Corda ran successfully in 1ms
?[m?[37m[INFO] 11:12:05,736 [Test worker] liquibase. - master.changelog.json: migration/node-info.changelog-init.xml::remove_host_port_pk::R3.Corda: Data deleted from node_infos
?[m?[37m[INFO] 11:12:05,736 [Test worker] liquibase. - master.changelog.json: migration/node-info.changelog-init.xml::remove_host_port_pk::R3.Corda: Data deleted from node_link_nodeinfo_party
?[m?[37m[INFO] 11:12:05,736 [Test worker] liquibase. - master.changelog.json: migration/node-info.changelog-init.xml::remove_host_port_pk::R3.Corda: Data deleted from node_info_hosts
?[m?[37m[INFO] 11:12:05,736 [Test worker] liquibase. - master.changelog.json: migration/node-info.changelog-init.xml::remove_host_port_pk::R3.Corda: Data deleted from node_info_party_cert
?[m?[37m[INFO] 11:12:05,736 [Test worker] liquibase. - master.changelog.json: migration/node-info.changelog-init.xml::remove_host_port_pk::R3.Corda: Primary key dropped from node_info_hosts
?[m?[37m[INFO] 11:12:05,738 [Test worker] liquibase. - master.changelog.json: migration/node-info.changelog-init.xml::remove_host_port_pk::R3.Corda: Columns hosts_id(INT) added to node_info_hosts
?[m?[37m[INFO] 11:12:05,738 [Test worker] liquibase. - master.changelog.json: migration/node-info.changelog-init.xml::remove_host_port_pk::R3.Corda: Primary key added to node_info_hosts (hosts_id)
?[m?[37m[INFO] 11:12:05,738 [Test worker] liquibase. - master.changelog.json: migration/node-info.changelog-init.xml::remove_host_port_pk::R3.Corda: ChangeSet migration/node-info.changelog-init.xml::remove_host_port_pk::R3.Corda ran successfully in 2ms
?[m?[37m[INFO] 11:12:05,739 [Test worker] liquibase. - master.changelog.json: migration/node-info.changelog-v1.xml::key/value node properties table::R3.Corda: Table node_properties created
?[m?[37m[INFO] 11:12:05,739 [Test worker] liquibase. - master.changelog.json: migration/node-info.changelog-v1.xml::key/value node properties table::R3.Corda: ChangeSet migration/node-info.changelog-v1.xml::key/value node properties table::R3.Corda ran successfully in 0ms
?[m?[37m[INFO] 11:12:05,740 [Test worker] liquibase. - master.changelog.json: migration/node-info.changelog-v2.xml::1525962920::R3.Corda: Null constraint has been added to node_infos.node_info_hash
?[m?[37m[INFO] 11:12:05,740 [Test worker] liquibase. - master.changelog.json: migration/node-info.changelog-v2.xml::1525962920::R3.Corda: Null constraint has been added to node_infos.platform_version
?[m?[37m[INFO] 11:12:05,740 [Test worker] liquibase. - master.changelog.json: migration/node-info.changelog-v2.xml::1525962920::R3.Corda: Null constraint has been added to node_infos.serial
?[m?[37m[INFO] 11:12:05,741 [Test worker] liquibase. - master.changelog.json: migration/node-info.changelog-v2.xml::1525962920::R3.Corda: Null constraint dropped from node_info_hosts.host
?[m?[37m[INFO] 11:12:05,741 [Test worker] liquibase. - master.changelog.json: migration/node-info.changelog-v2.xml::1525962920::R3.Corda: Null constraint dropped from node_info_hosts.port
?[m?[37m[INFO] 11:12:05,741 [Test worker] liquibase. - master.changelog.json: migration/node-info.changelog-v2.xml::1525962920::R3.Corda: Null constraint has been added to node_info_party_cert.owning_key_hash
?[m?[37m[INFO] 11:12:05,741 [Test worker] liquibase. - master.changelog.json: migration/node-info.changelog-v2.xml::1525962920::R3.Corda: Null constraint has been added to node_info_party_cert.party_cert_binary
?[m?[37m[INFO] 11:12:05,741 [Test worker] liquibase. - master.changelog.json: migration/node-info.changelog-v2.xml::1525962920::R3.Corda: ChangeSet migration/node-info.changelog-v2.xml::1525962920::R3.Corda ran successfully in 1ms
?[m?[37m[INFO] 11:12:05,743 [Test worker] liquibase. - master.changelog.json: migration/node-info.changelog-v3.xml::column_host_name::R3.Corda: Column node_info_hosts.host renamed to host_name
?[m?[37m[INFO] 11:12:05,743 [Test worker] liquibase. - master.changelog.json: migration/node-info.changelog-v3.xml::column_host_name::R3.Corda: ChangeSet migration/node-info.changelog-v3.xml::column_host_name::R3.Corda ran successfully in 0ms
?[m?[37m[INFO] 11:12:05,744 [Test worker] liquibase. - master.changelog.json: migration/node-services.changelog-init.xml::1511451595465-5::R3.Corda: Table node_attachments created
?[m?[37m[INFO] 11:12:05,744 [Test worker] liquibase. - master.changelog.json: migration/node-services.changelog-init.xml::1511451595465-5::R3.Corda: ChangeSet migration/node-services.changelog-init.xml::1511451595465-5::R3.Corda ran successfully in 0ms
?[m?[37m[INFO] 11:12:05,745 [Test worker] liquibase. - master.changelog.json: migration/node-services.changelog-init.xml::1511451595465-7::R3.Corda: Table node_checkpoints created
?[m?[37m[INFO] 11:12:05,745 [Test worker] liquibase. - master.changelog.json: migration/node-services.changelog-init.xml::1511451595465-7::R3.Corda: ChangeSet migration/node-services.changelog-init.xml::1511451595465-7::R3.Corda ran successfully in 0ms
?[m?[37m[INFO] 11:12:05,746 [Test worker] liquibase. - master.changelog.json: migration/node-services.changelog-init.xml::1511451595465-8::R3.Corda: Table node_contract_upgrades created
?[m?[37m[INFO] 11:12:05,746 [Test worker] liquibase. - master.changelog.json: migration/node-services.changelog-init.xml::1511451595465-8::R3.Corda: ChangeSet migration/node-services.changelog-init.xml::1511451595465-8::R3.Corda ran successfully in 0ms
?[m?[37m[INFO] 11:12:05,747 [Test worker] liquibase. - master.changelog.json: migration/node-services.changelog-init.xml::1511451595465-9::R3.Corda: Table node_identities created
?[m?[37m[INFO] 11:12:05,747 [Test worker] liquibase. - master.changelog.json: migration/node-services.changelog-init.xml::1511451595465-9::R3.Corda: ChangeSet migration/node-services.changelog-init.xml::1511451595465-9::R3.Corda ran successfully in 0ms
?[m?[37m[INFO] 11:12:05,748 [Test worker] liquibase. - master.changelog.json: migration/node-services.changelog-init.xml::1511451595465-13::R3.Corda: Table node_message_ids created
?[m?[37m[INFO] 11:12:05,748 [Test worker] liquibase. - master.changelog.json: migration/node-services.changelog-init.xml::1511451595465-13::R3.Corda: ChangeSet migration/node-services.changelog-init.xml::1511451595465-13::R3.Corda ran successfully in 0ms
?[m?[37m[INFO] 11:12:05,749 [Test worker] liquibase. - master.changelog.json: migration/node-services.changelog-init.xml::1511451595465-14::R3.Corda: Table node_message_retry created
?[m?[37m[INFO] 11:12:05,749 [Test worker] liquibase. - master.changelog.json: migration/node-services.changelog-init.xml::1511451595465-14::R3.Corda: ChangeSet migration/node-services.changelog-init.xml::1511451595465-14::R3.Corda ran successfully in 0ms
?[m?[37m[INFO] 11:12:05,750 [Test worker] liquibase. - master.changelog.json: migration/node-services.changelog-init.xml::1511451595465-15::R3.Corda: Table node_named_identities created
?[m?[37m[INFO] 11:12:05,750 [Test worker] liquibase. - master.changelog.json: migration/node-services.changelog-init.xml::1511451595465-15::R3.Corda: ChangeSet migration/node-services.changelog-init.xml::1511451595465-15::R3.Corda ran successfully in 0ms
?[m?[37m[INFO] 11:12:05,751 [Test worker] liquibase. - master.changelog.json: migration/node-services.changelog-init.xml::1511451595465-17::R3.Corda: Table node_our_key_pairs created
?[m?[37m[INFO] 11:12:05,751 [Test worker] liquibase. - master.changelog.json: migration/node-services.changelog-init.xml::1511451595465-17::R3.Corda: ChangeSet migration/node-services.changelog-init.xml::1511451595465-17::R3.Corda ran successfully in 0ms
?[m?[37m[INFO] 11:12:05,752 [Test worker] liquibase. - master.changelog.json: migration/node-services.changelog-init.xml::1511451595465-19::R3.Corda: Table node_scheduled_states created
?[m?[37m[INFO] 11:12:05,752 [Test worker] liquibase. - master.changelog.json: migration/node-services.changelog-init.xml::1511451595465-19::R3.Corda: ChangeSet migration/node-services.changelog-init.xml::1511451595465-19::R3.Corda ran successfully in 0ms
?[m?[37m[INFO] 11:12:05,753 [Test worker] liquibase. - master.changelog.json: migration/node-services.changelog-init.xml::1511451595465-20::R3.Corda: Table node_transaction_mappings created
?[m?[37m[INFO] 11:12:05,753 [Test worker] liquibase. - master.changelog.json: migration/node-services.changelog-init.xml::1511451595465-20::R3.Corda: ChangeSet migration/node-services.changelog-init.xml::1511451595465-20::R3.Corda ran successfully in 0ms
?[m?[37m[INFO] 11:12:05,754 [Test worker] liquibase. - master.changelog.json: migration/node-services.changelog-init.xml::1511451595465-21::R3.Corda: Table node_transactions created
?[m?[37m[INFO] 11:12:05,754 [Test worker] liquibase. - master.changelog.json: migration/node-services.changelog-init.xml::1511451595465-21::R3.Corda: ChangeSet migration/node-services.changelog-init.xml::1511451595465-21::R3.Corda ran successfully in 0ms
?[m?[37m[INFO] 11:12:05,755 [Test worker] liquibase. - master.changelog.json: migration/node-services.changelog-init.xml::1511451595465-30::R3.Corda: Primary key added to node_attachments (att_id)
?[m?[37m[INFO] 11:12:05,755 [Test worker] liquibase. - master.changelog.json: migration/node-services.changelog-init.xml::1511451595465-30::R3.Corda: ChangeSet migration/node-services.changelog-init.xml::1511451595465-30::R3.Corda ran successfully in 0ms
?[m?[37m[INFO] 11:12:05,757 [Test worker] liquibase. - master.changelog.json: migration/node-services.changelog-init.xml::1511451595465-32::R3.Corda: Primary key added to node_checkpoints (checkpoint_id)
?[m?[37m[INFO] 11:12:05,757 [Test worker] liquibase. - master.changelog.json: migration/node-services.changelog-init.xml::1511451595465-32::R3.Corda: ChangeSet migration/node-services.changelog-init.xml::1511451595465-32::R3.Corda ran successfully in 1ms
?[m?[37m[INFO] 11:12:05,758 [Test worker] liquibase. - master.changelog.json: migration/node-services.changelog-init.xml::1511451595465-33::R3.Corda: Primary key added to node_contract_upgrades (state_ref)
?[m?[37m[INFO] 11:12:05,758 [Test worker] liquibase. - master.changelog.json: migration/node-services.changelog-init.xml::1511451595465-33::R3.Corda: ChangeSet migration/node-services.changelog-init.xml::1511451595465-33::R3.Corda ran successfully in 1ms
?[m?[37m[INFO] 11:12:05,759 [Test worker] liquibase. - master.changelog.json: migration/node-services.changelog-init.xml::1511451595465-34::R3.Corda: Primary key added to node_identities (pk_hash)
?[m?[37m[INFO] 11:12:05,759 [Test worker] liquibase. - master.changelog.json: migration/node-services.changelog-init.xml::1511451595465-34::R3.Corda: ChangeSet migration/node-services.changelog-init.xml::1511451595465-34::R3.Corda ran successfully in 0ms
?[m?[37m[INFO] 11:12:05,760 [Test worker] liquibase. - master.changelog.json: migration/node-services.changelog-init.xml::1511451595465-38::R3.Corda: Primary key added to node_message_ids (message_id)
?[m?[37m[INFO] 11:12:05,760 [Test worker] liquibase. - master.changelog.json: migration/node-services.changelog-init.xml::1511451595465-38::R3.Corda: ChangeSet migration/node-services.changelog-init.xml::1511451595465-38::R3.Corda ran successfully in 0ms
?[m?[37m[INFO] 11:12:05,761 [Test worker] liquibase. - master.changelog.json: migration/node-services.changelog-init.xml::1511451595465-39::R3.Corda: Primary key added to node_message_retry (message_id)
?[m?[37m[INFO] 11:12:05,761 [Test worker] liquibase. - master.changelog.json: migration/node-services.changelog-init.xml::1511451595465-39::R3.Corda: ChangeSet migration/node-services.changelog-init.xml::1511451595465-39::R3.Corda ran successfully in 0ms
?[m?[37m[INFO] 11:12:05,762 [Test worker] liquibase. - master.changelog.json: migration/node-services.changelog-init.xml::1511451595465-40::R3.Corda: Primary key added to node_named_identities (name)
?[m?[37m[INFO] 11:12:05,762 [Test worker] liquibase. - master.changelog.json: migration/node-services.changelog-init.xml::1511451595465-40::R3.Corda: ChangeSet migration/node-services.changelog-init.xml::1511451595465-40::R3.Corda ran successfully in 0ms
?[m?[37m[INFO] 11:12:05,763 [Test worker] liquibase. - master.changelog.json: migration/node-services.changelog-init.xml::1511451595465-42::R3.Corda: Primary key added to node_our_key_pairs (public_key_hash)
?[m?[37m[INFO] 11:12:05,763 [Test worker] liquibase. - master.changelog.json: migration/node-services.changelog-init.xml::1511451595465-42::R3.Corda: ChangeSet migration/node-services.changelog-init.xml::1511451595465-42::R3.Corda ran successfully in 0ms
?[m?[37m[INFO] 11:12:05,764 [Test worker] liquibase. - master.changelog.json: migration/node-services.changelog-init.xml::1511451595465-44::R3.Corda: Primary key added to node_scheduled_states (output_index, transaction_id)
?[m?[37m[INFO] 11:12:05,764 [Test worker] liquibase. - master.changelog.json: migration/node-services.changelog-init.xml::1511451595465-44::R3.Corda: ChangeSet migration/node-services.changelog-init.xml::1511451595465-44::R3.Corda ran successfully in 0ms
?[m?[37m[INFO] 11:12:05,765 [Test worker] liquibase. - master.changelog.json: migration/node-services.changelog-init.xml::1511451595465-45::R3.Corda: Primary key added to node_transaction_mappings (tx_id)
?[m?[37m[INFO] 11:12:05,765 [Test worker] liquibase. - master.changelog.json: migration/node-services.changelog-init.xml::1511451595465-45::R3.Corda: ChangeSet migration/node-services.changelog-init.xml::1511451595465-45::R3.Corda ran successfully in 0ms
?[m?[37m[INFO] 11:12:05,766 [Test worker] liquibase. - master.changelog.json: migration/node-services.changelog-init.xml::1511451595465-46::R3.Corda: Primary key added to node_transactions (tx_id)
?[m?[37m[INFO] 11:12:05,766 [Test worker] liquibase. - master.changelog.json: migration/node-services.changelog-init.xml::1511451595465-46::R3.Corda: ChangeSet migration/node-services.changelog-init.xml::1511451595465-46::R3.Corda ran successfully in 0ms
?[m?[37m[INFO] 11:12:05,767 [Test worker] liquibase. - master.changelog.json: migration/node-services.changelog-init.xml::1511451595465-61::R3.Corda: Foreign key constraint added to node_link_nodeinfo_party (party_name)
?[m?[37m[INFO] 11:12:05,767 [Test worker] liquibase. - master.changelog.json: migration/node-services.changelog-init.xml::1511451595465-61::R3.Corda: ChangeSet migration/node-services.changelog-init.xml::1511451595465-61::R3.Corda ran successfully in 0ms
?[m?[37m[INFO] 11:12:05,769 [Test worker] liquibase. - master.changelog.json: migration/node-services.changelog-init.xml::add index att_id::R3.Corda: Index att_id_idx created
?[m?[37m[INFO] 11:12:05,769 [Test worker] liquibase. - master.changelog.json: migration/node-services.changelog-init.xml::add index att_id::R3.Corda: ChangeSet migration/node-services.changelog-init.xml::add index att_id::R3.Corda ran successfully in 1ms
?[m?[37m[INFO] 11:12:05,769 [Test worker] liquibase. - master.changelog.json: migration/node-services.changelog-init.xml::add_contract_attachment::R3.Corda: Table node_attchments_contracts created
?[m?[37m[INFO] 11:12:05,770 [Test worker] liquibase. - master.changelog.json: migration/node-services.changelog-init.xml::add_contract_attachment::R3.Corda: Foreign key constraint added to node_attchments_contracts (att_id)
?[m?[37m[INFO] 11:12:05,770 [Test worker] liquibase. - master.changelog.json: migration/node-services.changelog-init.xml::add_contract_attachment::R3.Corda: Data deleted from node_attachments
?[m?[37m[INFO] 11:12:05,770 [Test worker] liquibase. - master.changelog.json: migration/node-services.changelog-init.xml::add_contract_attachment::R3.Corda: ChangeSet migration/node-services.changelog-init.xml::add_contract_attachment::R3.Corda ran successfully in 1ms
?[m?[37m[INFO] 11:12:05,774 [Test worker] liquibase. - master.changelog.json: migration/node-services.changelog-init.xml::add_dedup_columns::R3.Corda: Columns sender(NVARCHAR(64)),sequence_number(BIGINT) added to node_message_ids
?[m?[37m[INFO] 11:12:05,774 [Test worker] liquibase. - master.changelog.json: migration/node-services.changelog-init.xml::add_dedup_columns::R3.Corda: ChangeSet migration/node-services.changelog-init.xml::add_dedup_columns::R3.Corda ran successfully in 3ms
?[m?[37m[INFO] 11:12:05,775 [Test worker] liquibase. - master.changelog.json: migration/node-core.changelog-v4.xml::attchments_rename::R3.Corda: Table node_attchments_contracts renamed to node_attachments_contracts
?[m?[37m[INFO] 11:12:05,775 [Test worker] liquibase. - master.changelog.json: migration/node-core.changelog-v4.xml::attchments_rename::R3.Corda: ChangeSet migration/node-core.changelog-v4.xml::attchments_rename::R3.Corda ran successfully in 0ms
?[m?[37m[INFO] 11:12:05,777 [Test worker] liquibase. - master.changelog.json: migration/node-core.changelog-v4.xml::nullability::R3.Corda: Null constraint has been added to node_identities.identity_value
?[m?[37m[INFO] 11:12:05,777 [Test worker] liquibase. - master.changelog.json: migration/node-core.changelog-v4.xml::nullability::R3.Corda: Null constraint has been added to node_attachments.content
?[m?[37m[INFO] 11:12:05,777 [Test worker] liquibase. - master.changelog.json: migration/node-core.changelog-v4.xml::nullability::R3.Corda: Null constraint has been added to node_attachments_contracts.contract_class_name
?[m?[37m[INFO] 11:12:05,777 [Test worker] liquibase. - master.changelog.json: migration/node-core.changelog-v4.xml::nullability::R3.Corda: Null constraint has been added to node_checkpoints.checkpoint_value
?[m?[37m[INFO] 11:12:05,777 [Test worker] liquibase. - master.changelog.json: migration/node-core.changelog-v4.xml::nullability::R3.Corda: Null constraint has been added to node_contract_upgrades.contract_class_name
?[m?[37m[INFO] 11:12:05,778 [Test worker] liquibase. - master.changelog.json: migration/node-core.changelog-v4.xml::nullability::R3.Corda: Null constraint has been added to node_message_ids.insertion_time
?[m?[37m[INFO] 11:12:05,778 [Test worker] liquibase. - master.changelog.json: migration/node-core.changelog-v4.xml::nullability::R3.Corda: Null constraint has been added to node_message_retry.message
?[m?[37m[INFO] 11:12:05,778 [Test worker] liquibase. - master.changelog.json: migration/node-core.changelog-v4.xml::nullability::R3.Corda: Null constraint has been added to node_message_retry.recipients
?[m?[37m[INFO] 11:12:05,778 [Test worker] liquibase. - master.changelog.json: migration/node-core.changelog-v4.xml::nullability::R3.Corda: Null constraint has been added to node_named_identities.pk_hash
?[m?[37m[INFO] 11:12:05,779 [Test worker] liquibase. - master.changelog.json: migration/node-core.changelog-v4.xml::nullability::R3.Corda: Null constraint has been added to node_our_key_pairs.private_key
?[m?[37m[INFO] 11:12:05,779 [Test worker] liquibase. - master.changelog.json: migration/node-core.changelog-v4.xml::nullability::R3.Corda: Null constraint has been added to node_our_key_pairs.public_key
?[m?[37m[INFO] 11:12:05,779 [Test worker] liquibase. - master.changelog.json: migration/node-core.changelog-v4.xml::nullability::R3.Corda: Null constraint has been added to node_transaction_mappings.state_machine_run_id
?[m?[37m[INFO] 11:12:05,780 [Test worker] liquibase. - master.changelog.json: migration/node-core.changelog-v4.xml::nullability::R3.Corda: Null constraint has been added to node_transactions.transaction_value
?[m?[37m[INFO] 11:12:05,780 [Test worker] liquibase. - master.changelog.json: migration/node-core.changelog-v4.xml::nullability::R3.Corda: ChangeSet migration/node-core.changelog-v4.xml::nullability::R3.Corda ran successfully in 4ms
?[m?[37m[INFO] 11:12:05,782 [Test worker] liquibase. - master.changelog.json: migration/node-core.changelog-v5.xml::remove_unused_node_message_retry::R3.Corda: Table node_message_retry dropped
?[m?[37m[INFO] 11:12:05,782 [Test worker] liquibase. - master.changelog.json: migration/node-core.changelog-v5.xml::remove_unused_node_message_retry::R3.Corda: ChangeSet migration/node-core.changelog-v5.xml::remove_unused_node_message_retry::R3.Corda ran successfully in 0ms
?[m?[37m[INFO] 11:12:05,800 [Test worker] liquibase. - master.changelog.json: migration/node-core.changelog-v8.xml::conditional_attchments_rename::R3.Corda: Marking ChangeSet: migration/node-core.changelog-v8.xml::conditional_attchments_rename::R3.Corda ran despite precondition failure due to onFail='MARK_RAN': 
          master.changelog.json : Table PUBLIC.NODE_ATTCHMENTS_CONTRACTS does not exist

?[m?[37m[INFO] 11:12:05,812 [Test worker] liquibase. - master.changelog.json: migration/node-core.changelog-v8.xml::conditional_attchments_contracts::R3.Corda: Marking ChangeSet: migration/node-core.changelog-v8.xml::conditional_attchments_contracts::R3.Corda ran despite precondition failure due to onFail='MARK_RAN': 
          master.changelog.json : Table PUBLIC.NODE_ATTACHMENTS_CONTRACT_CLASS_NAME does not exist

?[m?[37m[INFO] 11:12:05,813 [Test worker] liquibase. - master.changelog.json: migration/node-core.changelog-v8.xml::add_signers::R3.Corda: Table node_attachments_signers created
?[m?[37m[INFO] 11:12:05,813 [Test worker] liquibase. - master.changelog.json: migration/node-core.changelog-v8.xml::add_signers::R3.Corda: Foreign key constraint added to node_attachments_signers (att_id)
?[m?[37m[INFO] 11:12:05,813 [Test worker] liquibase. - master.changelog.json: migration/node-core.changelog-v8.xml::add_signers::R3.Corda: ChangeSet migration/node-core.changelog-v8.xml::add_signers::R3.Corda ran successfully in 1ms
?[m?[37m[INFO] 11:12:05,815 [Test worker] liquibase. - master.changelog.json: migration/node-core.changelog-tx-mapping.xml::add_tx_mapping_column::R3.Corda: Columns state_machine_run_id(NVARCHAR(36)) added to node_transactions
?[m?[37m[INFO] 11:12:05,816 [Test worker] liquibase. - master.changelog.json: migration/node-core.changelog-tx-mapping.xml::add_tx_mapping_column::R3.Corda: Custom SQL executed
?[m?[37m[INFO] 11:12:05,816 [Test worker] liquibase. - master.changelog.json: migration/node-core.changelog-tx-mapping.xml::add_tx_mapping_column::R3.Corda: Table node_transaction_mappings dropped
?[m?[37m[INFO] 11:12:05,816 [Test worker] liquibase. - master.changelog.json: migration/node-core.changelog-tx-mapping.xml::add_tx_mapping_column::R3.Corda: ChangeSet migration/node-core.changelog-tx-mapping.xml::add_tx_mapping_column::R3.Corda ran successfully in 2ms
?[m?[37m[INFO] 11:12:05,817 [Test worker] liquibase. - master.changelog.json: migration/node-services.changelog-init.xml::add_network_parameters_storage::R3.Corda: Table node_network_parameters created
?[m?[37m[INFO] 11:12:05,817 [Test worker] liquibase. - master.changelog.json: migration/node-services.changelog-init.xml::add_network_parameters_storage::R3.Corda: ChangeSet migration/node-services.changelog-init.xml::add_network_parameters_storage::R3.Corda ran successfully in 1ms
?[m?[37m[INFO] 11:12:05,818 [Test worker] liquibase. - master.changelog.json: migration/node-services.changelog-init.xml::network_parameters_pk::R3.Corda: Primary key added to node_network_parameters (hash)
?[m?[37m[INFO] 11:12:05,818 [Test worker] liquibase. - master.changelog.json: migration/node-services.changelog-init.xml::network_parameters_pk::R3.Corda: ChangeSet migration/node-services.changelog-init.xml::network_parameters_pk::R3.Corda ran successfully in 1ms
?[m?[37m[INFO] 11:12:05,820 [Test worker] liquibase. - master.changelog.json: migration/node-services.changelog-init.xml::add_version_column::R3.Corda: Columns version(INT) added to node_attachments
?[m?[37m[INFO] 11:12:05,820 [Test worker] liquibase. - master.changelog.json: migration/node-services.changelog-init.xml::add_version_column::R3.Corda: Custom SQL executed
?[m?[37m[INFO] 11:12:05,820 [Test worker] liquibase. - master.changelog.json: migration/node-services.changelog-init.xml::add_version_column::R3.Corda: Null constraint has been added to node_attachments.version
?[m?[37m[INFO] 11:12:05,820 [Test worker] liquibase. - master.changelog.json: migration/node-services.changelog-init.xml::add_version_column::R3.Corda: ChangeSet migration/node-services.changelog-init.xml::add_version_column::R3.Corda ran successfully in 2ms
?[m?[37m[INFO] 11:12:05,821 [Test worker] persistence.AttachmentVersionNumberMigration. - Start executing...
?[m?[37m[INFO] 11:12:05,822 [Test worker] persistence.AttachmentVersionNumberMigration. - Attachment version creation from whitelisted JARs using network parameters from build/mock-network/20190407-151148.477/nodes/2/network-parameters, whitelistedContractImplementations: {}.
?[m?[37m[INFO] 11:12:05,822 [Test worker] persistence.AttachmentVersionNumberMigration. - Attachment version creation from whitelisted JARs skipped, no attachments not found.
?[m?[37m[INFO] 11:12:05,822 [Test worker] liquibase. - master.changelog.json: migration/node-services.changelog-init.xml::update-version-of-whitelisted-jars::R3.Corda: null
?[m?[37m[INFO] 11:12:05,822 [Test worker] liquibase. - master.changelog.json: migration/node-services.changelog-init.xml::update-version-of-whitelisted-jars::R3.Corda: ChangeSet migration/node-services.changelog-init.xml::update-version-of-whitelisted-jars::R3.Corda ran successfully in 1ms
?[m?[37m[INFO] 11:12:05,823 [Test worker] migration.VaultStateMigration. - Migrating vault state data to V4 tables
?[m?[37m[INFO] 11:12:05,824 [Test worker] persistence.HibernateConfiguration. - Init HibernateConfiguration for schemas: [VaultMigrationSchemaV1(name=net.corda.node.migration.VaultMigrationSchema, version=1), VaultSchemaV1(name=net.corda.node.services.vault.VaultSchema, version=1)]
?[m?[37m[INFO] 11:12:05,824 [Test worker] persistence.HibernateConfiguration. - Creating session factory for schemas: [VaultMigrationSchemaV1(name=net.corda.node.migration.VaultMigrationSchema, version=1), VaultSchemaV1(name=net.corda.node.services.vault.VaultSchema, version=1)]
?[m?[37m[INFO] 11:12:05,828 [Test worker] internal.ConnectionProviderInitiator. - HHH000130: Instantiating explicit connection provider: net.corda.nodeapi.internal.persistence.HibernateConfiguration$NodeDatabaseConnectionProvider
?[m?[37m[INFO] 11:12:05,829 [Test worker] dialect.Dialect. - HHH000400: Using dialect: org.hibernate.dialect.H2Dialect
?[m?[37m[INFO] 11:12:05,830 [Test worker] type.BasicTypeRegistry. - HHH000270: Type registration [materialized_blob] overrides previous : org.hibernate.type.MaterializedBlobType@13ae4c5f
?[m?[37m[INFO] 11:12:05,862 [Test worker] connections.access. - HHH10001501: Connection obtained from JdbcConnectionAccess [org.hibernate.engine.jdbc.env.internal.JdbcEnvironmentInitiator$ConnectionProviderJdbcConnectionAccess@607c00f4] for (non-JTA) DDL execution was not in auto-commit mode; the Connection 'local transaction' will be committed and the Connection will be set into auto-commit mode.
?[m?[37m[INFO] 11:12:05,887 [Test worker] persistence.HibernateConfiguration. - Created session factory for schemas: [VaultMigrationSchemaV1(name=net.corda.node.migration.VaultMigrationSchema, version=1), VaultSchemaV1(name=net.corda.node.services.vault.VaultSchema, version=1)]
?[m?[37m[INFO] 11:12:05,888 [Test worker] internal.QueryTranslatorFactoryInitiator. - HHH000397: Using ASTQueryTranslatorFactory
?[m?[37m[INFO] 11:12:05,895 [Test worker] migration.VaultStateMigration. - Finished performing vault state data migration for 0 states
?[m?[37m[INFO] 11:12:05,895 [Test worker] liquibase. - master.changelog.json: migration/vault-schema.changelog-v9.xml::update-vault-states::R3.Corda: null
?[m?[37m[INFO] 11:12:05,895 [Test worker] liquibase. - master.changelog.json: migration/vault-schema.changelog-v9.xml::update-vault-states::R3.Corda: ChangeSet migration/vault-schema.changelog-v9.xml::update-vault-states::R3.Corda ran successfully in 72ms
?[m?[37m[INFO] 11:12:05,896 [Test worker] liquibase. - Successfully released change log lock
?[m?[37m[INFO] 11:12:05,897 [Test worker] internal.InternalMockNetwork$MockNode. - Connected to H2 database.
?[m?[37m[INFO] 11:12:05,898 [Test worker] internal.InternalMockNetwork$MockNode. - identity-private-key not found in key store, generating fresh key!
?[m?[37m[INFO] 11:12:05,912 [Test worker] persistence.HibernateConfiguration. - Init HibernateConfiguration for schemas: [CommonSchemaV1(name=net.corda.core.schemas.CommonSchema, version=1), VaultSchemaV1(name=net.corda.node.services.vault.VaultSchema, version=1), NodeInfoSchemaV1(name=net.corda.node.internal.schemas.NodeInfoSchema, version=1), NodeCoreV1(name=net.corda.node.services.schema.NodeSchemaService$NodeCore, version=1), FNOLSchemaV1(name=com.example.schema.FNOLSchema, version=1), IOUSchemaV1(name=com.example.schema.IOUSchema, version=1)]
?[m?[37m[INFO] 11:12:05,912 [Test worker] persistence.HibernateConfiguration. - Creating session factory for schemas: [CommonSchemaV1(name=net.corda.core.schemas.CommonSchema, version=1), VaultSchemaV1(name=net.corda.node.services.vault.VaultSchema, version=1), NodeInfoSchemaV1(name=net.corda.node.internal.schemas.NodeInfoSchema, version=1), NodeCoreV1(name=net.corda.node.services.schema.NodeSchemaService$NodeCore, version=1), FNOLSchemaV1(name=com.example.schema.FNOLSchema, version=1), IOUSchemaV1(name=com.example.schema.IOUSchema, version=1)]
?[m?[37m[INFO] 11:12:05,916 [Test worker] internal.ConnectionProviderInitiator. - HHH000130: Instantiating explicit connection provider: net.corda.nodeapi.internal.persistence.HibernateConfiguration$NodeDatabaseConnectionProvider
?[m?[37m[INFO] 11:12:05,917 [Test worker] dialect.Dialect. - HHH000400: Using dialect: org.hibernate.dialect.H2Dialect
?[m?[37m[INFO] 11:12:05,919 [Test worker] type.BasicTypeRegistry. - HHH000270: Type registration [materialized_blob] overrides previous : org.hibernate.type.MaterializedBlobType@13ae4c5f
?[m?[37m[INFO] 11:12:05,980 [Test worker] connections.access. - HHH10001501: Connection obtained from JdbcConnectionAccess [org.hibernate.engine.jdbc.env.internal.JdbcEnvironmentInitiator$ConnectionProviderJdbcConnectionAccess@115e3597] for (non-JTA) DDL execution was not in auto-commit mode; the Connection 'local transaction' will be committed and the Connection will be set into auto-commit mode.
?[m?[37m[INFO] 11:12:06,016 [Test worker] persistence.HibernateConfiguration. - Created session factory for schemas: [CommonSchemaV1(name=net.corda.core.schemas.CommonSchema, version=1), VaultSchemaV1(name=net.corda.node.services.vault.VaultSchema, version=1), NodeInfoSchemaV1(name=net.corda.node.internal.schemas.NodeInfoSchema, version=1), NodeCoreV1(name=net.corda.node.services.schema.NodeSchemaService$NodeCore, version=1), FNOLSchemaV1(name=com.example.schema.FNOLSchema, version=1), IOUSchemaV1(name=com.example.schema.IOUSchema, version=1)]
?[m?[37m[INFO] 11:12:06,018 [Test worker] internal.QueryTranslatorFactoryInitiator. - HHH000397: Using ASTQueryTranslatorFactory
?[m?[37m[INFO] 11:12:06,020 [Test worker] internal.InternalMockNetwork$MockNode. - Node-info has changed so submitting update. Old node-info was null
?[m?[37m[INFO] 11:12:06,020 [Test worker] network.PersistentNetworkMapCache. - Adding node with info: NodeInfo(addresses=[mock.node:1000], legalIdentitiesAndCerts=[O=Mock Company 2, L=London, C=GB], platformVersion=4, serial=1554649926020)
?[m?[37m[INFO] 11:12:06,021 [Test worker] network.PersistentNetworkMapCache. - No previous node found
?[m?[37m[INFO] 11:12:06,027 [Test worker] internal.InternalMockNetwork$MockNode. - New node-info: NodeInfo(addresses=[mock.node:1000], legalIdentitiesAndCerts=[O=Mock Company 2, L=London, C=GB], platformVersion=4, serial=1554649926020)
?[m?[37m[INFO] 11:12:06,033 [Test worker] network.NetworkMapUpdater. - Auto-accept enabled for network parameter changes which modify only: [epoch, modifiedTime, packageOwnership, whitelistedContractImplementations]
?[m?[37m[INFO] 11:12:06,035 [MockNode-3-2] network.PersistentNetworkMapCache. - Adding node with info: NodeInfo(addresses=[mock.node:1000], legalIdentitiesAndCerts=[O=Mock Company 2, L=London, C=GB], platformVersion=4, serial=1554649926020)
?[m?[37m[INFO] 11:12:06,039 [MockNode-3-2] network.PersistentNetworkMapCache. - Previous node was identical to incoming one - doing nothing
?[m?[37m[INFO] 11:12:06,060 [Test worker] ClassloaderUtils. - Contracts loading for '/var/folders/5q/xy985yhj7rg30rc4c_z3gd4m0000gn/T/attachment2453884039071777274.jar' took 19 msec
?[m?[37m[INFO] 11:12:06,068 [Test worker] persistence.NodeAttachmentService. - Stored new attachment: id=B0DC6BB384D1A6B002EFC0F67EDD756DE1A1E8883DAE28EEB966064A6EF48F64 uploader=app filename=null
?[m?[37m[INFO] 11:12:06,075 [Test worker] statemachine.SingleThreadedStateMachineManager. - Node ready, info: NodeInfo(addresses=[mock.node:1000], legalIdentitiesAndCerts=[O=Mock Company 2, L=London, C=GB], platformVersion=4, serial=1554649926020)
?[m?[37m[INFO] 11:12:06,077 [Test worker] network.PersistentNetworkMapCache. - Adding node with info: NodeInfo(addresses=[mock.node:1000], legalIdentitiesAndCerts=[O=Notary Service, L=Zurich, C=CH], platformVersion=4, serial=1554649923982)
?[m?[37m[INFO] 11:12:06,078 [Test worker] network.PersistentNetworkMapCache. - No previous node found
?[m?[37m[INFO] 11:12:06,086 [Test worker] network.PersistentNetworkMapCache. - Adding node with info: NodeInfo(addresses=[mock.node:1000], legalIdentitiesAndCerts=[O=Mock Company 2, L=London, C=GB], platformVersion=4, serial=1554649926020)
?[m?[37m[INFO] 11:12:06,087 [Test worker] network.PersistentNetworkMapCache. - No previous node found
?[m?[37m[INFO] 11:12:06,096 [Test worker] network.PersistentNetworkMapCache. - Adding node with info: NodeInfo(addresses=[mock.node:1000], legalIdentitiesAndCerts=[O=Mock Company 1, L=London, C=GB], platformVersion=4, serial=1554649925335)
?[m?[37m[INFO] 11:12:06,098 [Test worker] network.PersistentNetworkMapCache. - No previous node found
?[m?[37m[INFO] 11:12:06,106 [Test worker] network.PersistentNetworkMapCache. - Adding node with info: NodeInfo(addresses=[mock.node:1000], legalIdentitiesAndCerts=[O=Mock Company 2, L=London, C=GB], platformVersion=4, serial=1554649926020)
?[m?[37m[INFO] 11:12:06,107 [Test worker] network.PersistentNetworkMapCache. - No previous node found
?[m?[37m[INFO] 11:12:06,115 [Test worker] network.PersistentNetworkMapCache. - Adding node with info: NodeInfo(addresses=[mock.node:1000], legalIdentitiesAndCerts=[O=Mock Company 2, L=London, C=GB], platformVersion=4, serial=1554649926020)
?[m?[37m[INFO] 11:12:06,115 [Test worker] network.PersistentNetworkMapCache. - Previous node was identical to incoming one - doing nothing
?[m?[37m[INFO] 11:12:06,115 [Test worker] network.PersistentNetworkMapCache. - Adding node with info: NodeInfo(addresses=[mock.node:1000], legalIdentitiesAndCerts=[O=Mock Company 2, L=London, C=GB], platformVersion=4, serial=1554649926020)
?[m?[37m[INFO] 11:12:06,115 [Test worker] network.PersistentNetworkMapCache. - Previous node was identical to incoming one - doing nothing
?[m?[31m[WARN] 11:12:06,116 [Test worker] internal.NodeFlowManager. - Multiple flows are registered for InitiatingFlow: class com.example.flow.ExampleFlow$Initiator, currently using: class com.example.flow.ExampleFlow$Acceptor
?[m?[37m[INFO] 11:12:06,116 [Test worker] internal.NodeFlowManager. - Registered com.example.flow.ExampleFlow$Initiator to initiate com.example.flow.ExampleFlow$Acceptor (version 1)
?[m?[31m[WARN] 11:12:06,120 [Test worker] internal.NodeFlowManager. - Multiple flows are registered for InitiatingFlow: class com.example.flow.ExampleFlow$Initiator, currently using: class com.example.flow.ExampleFlow$Acceptor
?[m?[37m[INFO] 11:12:06,120 [Test worker] internal.NodeFlowManager. - Registered com.example.flow.ExampleFlow$Initiator to initiate com.example.flow.ExampleFlow$Acceptor (version 1)
?[m?[31m[WARN] 11:12:06,337 [Mock network] transactions.TransactionBuilder. - Signature constraints not available on network requiring a minimum platform version of 4. Current is: 1. {actor_id=Only For Testing, actor_owning_identity=O=Mock Company 1, L=London, C=GB, actor_store_id=TEST, fiber-id=10000001, flow-id=dc8aabe5-922f-4b1a-92b7-ca5001f14a71, invocation_id=3f8a9217-b514-470a-bb64-94b316d1c455, invocation_timestamp=2019-04-07T15:12:06.166Z, origin=Only For Testing, session_id=3f8a9217-b514-470a-bb64-94b316d1c455, session_timestamp=2019-04-07T15:12:06.166Z, thread-id=623}
?[m?[31m[WARN] 11:12:06,337 [Mock network] transactions.TransactionBuilder. - Reverting back to using hash constraints for contract com.example.contract.IOUContract {actor_id=Only For Testing, actor_owning_identity=O=Mock Company 1, L=London, C=GB, actor_store_id=TEST, fiber-id=10000001, flow-id=dc8aabe5-922f-4b1a-92b7-ca5001f14a71, invocation_id=3f8a9217-b514-470a-bb64-94b316d1c455, invocation_timestamp=2019-04-07T15:12:06.166Z, origin=Only For Testing, session_id=3f8a9217-b514-470a-bb64-94b316d1c455, session_timestamp=2019-04-07T15:12:06.166Z, thread-id=623}
?[m?[31m[WARN] 11:12:06,965 [Mock network] corda.flow. - ProgressTracker has not been started {actor_id=Only For Testing, actor_owning_identity=O=Mock Company 1, L=London, C=GB, actor_store_id=TEST, fiber-id=10000001, flow-id=dc8aabe5-922f-4b1a-92b7-ca5001f14a71, invocation_id=3f8a9217-b514-470a-bb64-94b316d1c455, invocation_timestamp=2019-04-07T15:12:06.166Z, origin=Only For Testing, session_id=3f8a9217-b514-470a-bb64-94b316d1c455, session_timestamp=2019-04-07T15:12:06.166Z, thread-id=623}
?[m?[37m[INFO] 11:12:07,136 [Mock network] corda.flow. - Received transaction acknowledgement request from party O=Mock Company 1, L=London, C=GB. {fiber-id=10000002, flow-id=869ee9d4-3823-4f6b-bd36-01077e955d33, invocation_id=3f26cf08-64c1-4676-b96c-018c73f30806, invocation_timestamp=2019-04-07T15:12:07.080Z, origin=O=Mock Company 1, L=London, C=GB, session_id=3f26cf08-64c1-4676-b96c-018c73f30806, session_timestamp=2019-04-07T15:12:07.080Z, thread-id=623, tx_id=0C8C78332F68918BD267AD2A314674B1DE8F3826A5197C9C4CBD3DD3C28ABDF2}
?[m?[31m[WARN] 11:12:07,164 [Mock network] corda.flow. - ProgressTracker has not been started {fiber-id=10000002, flow-id=869ee9d4-3823-4f6b-bd36-01077e955d33, invocation_id=3f26cf08-64c1-4676-b96c-018c73f30806, invocation_timestamp=2019-04-07T15:12:07.080Z, origin=O=Mock Company 1, L=London, C=GB, session_id=3f26cf08-64c1-4676-b96c-018c73f30806, session_timestamp=2019-04-07T15:12:07.080Z, thread-id=623, tx_id=0C8C78332F68918BD267AD2A314674B1DE8F3826A5197C9C4CBD3DD3C28ABDF2}
?[m?[37m[INFO] 11:12:07,186 [Mock network] corda.flow. - Transaction dependencies resolution completed. {fiber-id=10000002, flow-id=869ee9d4-3823-4f6b-bd36-01077e955d33, invocation_id=3f26cf08-64c1-4676-b96c-018c73f30806, invocation_timestamp=2019-04-07T15:12:07.080Z, origin=O=Mock Company 1, L=London, C=GB, session_id=3f26cf08-64c1-4676-b96c-018c73f30806, session_timestamp=2019-04-07T15:12:07.080Z, thread-id=623, tx_id=0C8C78332F68918BD267AD2A314674B1DE8F3826A5197C9C4CBD3DD3C28ABDF2}
?[m?[31m[WARN] 11:12:07,234 [Mock network] corda.flow. - ProgressTracker has not been started {fiber-id=10000002, flow-id=869ee9d4-3823-4f6b-bd36-01077e955d33, invocation_id=3f26cf08-64c1-4676-b96c-018c73f30806, invocation_timestamp=2019-04-07T15:12:07.080Z, origin=O=Mock Company 1, L=London, C=GB, session_id=3f26cf08-64c1-4676-b96c-018c73f30806, session_timestamp=2019-04-07T15:12:07.080Z, thread-id=623, tx_id=0C8C78332F68918BD267AD2A314674B1DE8F3826A5197C9C4CBD3DD3C28ABDF2}
?[m?[37m[INFO] 11:12:07,247 [Mock network] corda.flow. - No need to notarise this transaction. {actor_id=Only For Testing, actor_owning_identity=O=Mock Company 1, L=London, C=GB, actor_store_id=TEST, fiber-id=10000001, flow-id=dc8aabe5-922f-4b1a-92b7-ca5001f14a71, invocation_id=3f8a9217-b514-470a-bb64-94b316d1c455, invocation_timestamp=2019-04-07T15:12:06.166Z, origin=Only For Testing, session_id=3f8a9217-b514-470a-bb64-94b316d1c455, session_timestamp=2019-04-07T15:12:06.166Z, thread-id=623, tx_id=0C8C78332F68918BD267AD2A314674B1DE8F3826A5197C9C4CBD3DD3C28ABDF2}
?[m?[37m[INFO] 11:12:07,247 [Mock network] corda.flow. - Recording transaction locally. {actor_id=Only For Testing, actor_owning_identity=O=Mock Company 1, L=London, C=GB, actor_store_id=TEST, fiber-id=10000001, flow-id=dc8aabe5-922f-4b1a-92b7-ca5001f14a71, invocation_id=3f8a9217-b514-470a-bb64-94b316d1c455, invocation_timestamp=2019-04-07T15:12:06.166Z, origin=Only For Testing, session_id=3f8a9217-b514-470a-bb64-94b316d1c455, session_timestamp=2019-04-07T15:12:06.166Z, thread-id=623, tx_id=0C8C78332F68918BD267AD2A314674B1DE8F3826A5197C9C4CBD3DD3C28ABDF2}
?[m?[37m[INFO] 11:12:07,273 [Mock network] corda.flow. - Recorded transaction locally successfully. {actor_id=Only For Testing, actor_owning_identity=O=Mock Company 1, L=London, C=GB, actor_store_id=TEST, fiber-id=10000001, flow-id=dc8aabe5-922f-4b1a-92b7-ca5001f14a71, invocation_id=3f8a9217-b514-470a-bb64-94b316d1c455, invocation_timestamp=2019-04-07T15:12:06.166Z, origin=Only For Testing, session_id=3f8a9217-b514-470a-bb64-94b316d1c455, session_timestamp=2019-04-07T15:12:06.166Z, thread-id=623, tx_id=0C8C78332F68918BD267AD2A314674B1DE8F3826A5197C9C4CBD3DD3C28ABDF2}
?[m?[37m[INFO] 11:12:07,290 [Mock network] corda.flow. - Received transaction acknowledgement request from party O=Mock Company 1, L=London, C=GB. {fiber-id=10000002, flow-id=869ee9d4-3823-4f6b-bd36-01077e955d33, invocation_id=3f26cf08-64c1-4676-b96c-018c73f30806, invocation_timestamp=2019-04-07T15:12:07.080Z, origin=O=Mock Company 1, L=London, C=GB, session_id=3f26cf08-64c1-4676-b96c-018c73f30806, session_timestamp=2019-04-07T15:12:07.080Z, thread-id=623, tx_id=0C8C78332F68918BD267AD2A314674B1DE8F3826A5197C9C4CBD3DD3C28ABDF2}
?[m?[31m[WARN] 11:12:07,290 [Mock network] corda.flow. - ProgressTracker has not been started {fiber-id=10000002, flow-id=869ee9d4-3823-4f6b-bd36-01077e955d33, invocation_id=3f26cf08-64c1-4676-b96c-018c73f30806, invocation_timestamp=2019-04-07T15:12:07.080Z, origin=O=Mock Company 1, L=London, C=GB, session_id=3f26cf08-64c1-4676-b96c-018c73f30806, session_timestamp=2019-04-07T15:12:07.080Z, thread-id=623, tx_id=0C8C78332F68918BD267AD2A314674B1DE8F3826A5197C9C4CBD3DD3C28ABDF2}
?[m?[37m[INFO] 11:12:07,297 [Mock network] corda.flow. - Transaction dependencies resolution completed. {fiber-id=10000002, flow-id=869ee9d4-3823-4f6b-bd36-01077e955d33, invocation_id=3f26cf08-64c1-4676-b96c-018c73f30806, invocation_timestamp=2019-04-07T15:12:07.080Z, origin=O=Mock Company 1, L=London, C=GB, session_id=3f26cf08-64c1-4676-b96c-018c73f30806, session_timestamp=2019-04-07T15:12:07.080Z, thread-id=623, tx_id=0C8C78332F68918BD267AD2A314674B1DE8F3826A5197C9C4CBD3DD3C28ABDF2}
?[m?[37m[INFO] 11:12:07,301 [Mock network] corda.flow. - Successfully received fully signed tx. Sending it to the vault for processing. {fiber-id=10000002, flow-id=869ee9d4-3823-4f6b-bd36-01077e955d33, invocation_id=3f26cf08-64c1-4676-b96c-018c73f30806, invocation_timestamp=2019-04-07T15:12:07.080Z, origin=O=Mock Company 1, L=London, C=GB, session_id=3f26cf08-64c1-4676-b96c-018c73f30806, session_timestamp=2019-04-07T15:12:07.080Z, thread-id=623, tx_id=0C8C78332F68918BD267AD2A314674B1DE8F3826A5197C9C4CBD3DD3C28ABDF2}
?[m?[37m[INFO] 11:12:07,304 [Mock network] corda.flow. - Successfully recorded received transaction locally. {fiber-id=10000002, flow-id=869ee9d4-3823-4f6b-bd36-01077e955d33, invocation_id=3f26cf08-64c1-4676-b96c-018c73f30806, invocation_timestamp=2019-04-07T15:12:07.080Z, origin=O=Mock Company 1, L=London, C=GB, session_id=3f26cf08-64c1-4676-b96c-018c73f30806, session_timestamp=2019-04-07T15:12:07.080Z, thread-id=623, tx_id=0C8C78332F68918BD267AD2A314674B1DE8F3826A5197C9C4CBD3DD3C28ABDF2}
?[m?[37m[INFO] 11:12:07,328 [Mock network] corda.flow. - Party O=Mock Company 2, L=London, C=GB received the transaction. {actor_id=Only For Testing, actor_owning_identity=O=Mock Company 1, L=London, C=GB, actor_store_id=TEST, fiber-id=10000001, flow-id=dc8aabe5-922f-4b1a-92b7-ca5001f14a71, invocation_id=3f8a9217-b514-470a-bb64-94b316d1c455, invocation_timestamp=2019-04-07T15:12:06.166Z, origin=Only For Testing, session_id=3f8a9217-b514-470a-bb64-94b316d1c455, session_timestamp=2019-04-07T15:12:06.166Z, thread-id=623, tx_id=0C8C78332F68918BD267AD2A314674B1DE8F3826A5197C9C4CBD3DD3C28ABDF2}
?[m?[37m[INFO] 11:12:07,328 [Mock network] corda.flow. - All parties received the transaction successfully. {actor_id=Only For Testing, actor_owning_identity=O=Mock Company 1, L=London, C=GB, actor_store_id=TEST, fiber-id=10000001, flow-id=dc8aabe5-922f-4b1a-92b7-ca5001f14a71, invocation_id=3f8a9217-b514-470a-bb64-94b316d1c455, invocation_timestamp=2019-04-07T15:12:06.166Z, origin=Only For Testing, session_id=3f8a9217-b514-470a-bb64-94b316d1c455, session_timestamp=2019-04-07T15:12:06.166Z, thread-id=623, tx_id=0C8C78332F68918BD267AD2A314674B1DE8F3826A5197C9C4CBD3DD3C28ABDF2}
?[m?[37m[INFO] 11:12:07,337 [Test worker] pool.HikariPool. - HikariPool-1 - Close initiated...
?[m?[37m[INFO] 11:12:07,340 [Test worker] pool.HikariPool. - HikariPool-1 - Closed.
?[m?[37m[INFO] 11:12:07,345 [Test worker] pool.HikariPool. - HikariPool-2 - Close initiated...
?[m?[37m[INFO] 11:12:07,347 [Test worker] pool.HikariPool. - HikariPool-2 - Closed.
?[m?[37m[INFO] 11:12:07,348 [Test worker] pool.HikariPool. - HikariPool-3 - Close initiated...
?[m?[37m[INFO] 11:12:07,349 [Test worker] pool.HikariPool. - HikariPool-3 - Closed.
?[m?[37m[INFO] 11:12:07,398 [Test worker] cordapp.JarScanningCordappLoader. - Looking for CorDapps in [build/mock-network/20190407-151207.351/nodes/0/cordapps]
?[m?[37m[INFO] 11:12:07,398 [Test worker] cordapp.JarScanningCordappLoader. - Loading CorDapps from RestrictedURL(url=file:/Users/vivian.a.chen/Hackathon/samples/cordapp-example/workflows-kotlin/build/mock-network/20190407-151207.351/nodes/0/cordapps/cordapp-example-workflows-0.1.jar, rootPackageName=null), RestrictedURL(url=file:/Users/vivian.a.chen/Hackathon/samples/cordapp-example/workflows-kotlin/build/mock-network/20190407-151207.351/nodes/0/cordapps/cordapp-example-contracts-0.1.jar, rootPackageName=null)
?[m?[37m[INFO] 11:12:07,398 [Test worker] cordapp.JarScanningCordappLoader. - Scanning CorDapp in file:/Users/vivian.a.chen/Hackathon/samples/cordapp-example/workflows-kotlin/build/mock-network/20190407-151207.351/nodes/0/cordapps/cordapp-example-workflows-0.1.jar
?[m?[37m[INFO] 11:12:07,421 [Test worker] cordapp.JarScanningCordappLoader. - Found notary service CorDapp implementations: 
?[m?[37m[INFO] 11:12:07,421 [Test worker] cordapp.JarScanningCordappLoader. - Scanning CorDapp in file:/Users/vivian.a.chen/Hackathon/samples/cordapp-example/workflows-kotlin/build/mock-network/20190407-151207.351/nodes/0/cordapps/cordapp-example-contracts-0.1.jar
?[m?[37m[INFO] 11:12:07,442 [Test worker] cordapp.JarScanningCordappLoader. - Found notary service CorDapp implementations: 
?[m?[37m[INFO] 11:12:07,449 [Test worker] internal.InternalMockNetwork$MockNode. - Node starting up ...
?[m?[37m[INFO] 11:12:07,452 [Test worker] internal.NodeFlowManager. - Registered com.example.flow.CreateFNOLFlow$Initiator to initiate com.example.flow.CreateFNOLFlow$Acceptor (version 1)
?[m?[37m[INFO] 11:12:07,452 [Test worker] internal.NodeFlowManager. - Registered com.example.flow.ExampleFlow$Initiator to initiate com.example.flow.ExampleFlow$Acceptor (version 1)
?[m?[37m[INFO] 11:12:07,452 [Test worker] internal.NodeFlowManager. - Registered com.example.flow.UpdateFNOLFlow$Initiator to initiate com.example.flow.UpdateFNOLFlow$Acceptor (version 1)
?[m?[37m[INFO] 11:12:07,456 [Test worker] internal.InternalMockNetwork$MockNode. - Loaded network parameters: NetworkParameters {
      minimumPlatformVersion=1
      notaries=[NotaryInfo(identity=O=Notary Service, L=Zurich, C=CH, validating=true)]
      maxMessageSize=10485760
      maxTransactionSize=524288000
      whitelistedContractImplementations {
        
      }
      eventHorizon=PT720H
      packageOwnership {
        
      }
      modifiedTime=2019-04-07T15:12:07.351Z
      epoch=1
  }
?[m?[37m[INFO] 11:12:07,456 [Test worker] hikari.HikariDataSource. - HikariPool-4 - Started.
?[m?[37m[INFO] 11:12:07,603 [Test worker] liquibase. - Creating database history table with name: PUBLIC.DATABASECHANGELOG
?[m?[37m[INFO] 11:12:07,606 [Test worker] liquibase. - Reading from PUBLIC.DATABASECHANGELOG
?[m?[37m[INFO] 11:12:07,608 [Test worker] liquibase. - master.changelog.json: migration/common.changelog-init.xml::1511451595465-1.3::R3.Corda: Skipping changeSet migration/common.changelog-init.xml::1511451595465-1.3::R3.Corda due to validation error(s): minValue is not allowed on h2
?[m?[37m[INFO] 11:12:07,612 [Test worker] liquibase. - master.changelog.json: migration/vault-schema.changelog-pkey.xml::non-clustered_pk-11::R3.Corda: Skipping changeSet migration/vault-schema.changelog-pkey.xml::non-clustered_pk-11::R3.Corda due to validation error(s): clustered is not allowed on h2
?[m?[37m[INFO] 11:12:07,612 [Test worker] liquibase. - master.changelog.json: migration/vault-schema.changelog-pkey.xml::non-clustered_pk-12::R3.Corda: Skipping changeSet migration/vault-schema.changelog-pkey.xml::non-clustered_pk-12::R3.Corda due to validation error(s): clustered is not allowed on h2
?[m?[37m[INFO] 11:12:07,612 [Test worker] liquibase. - master.changelog.json: migration/vault-schema.changelog-pkey.xml::non-clustered_pk-13::R3.Corda: Skipping changeSet migration/vault-schema.changelog-pkey.xml::non-clustered_pk-13::R3.Corda due to validation error(s): clustered is not allowed on h2
?[m?[37m[INFO] 11:12:07,621 [Test worker] liquibase. - master.changelog.json: migration/node-core.changelog-pkey.xml::non-clustered_pk-1::R3.Corda: Skipping changeSet migration/node-core.changelog-pkey.xml::non-clustered_pk-1::R3.Corda due to validation error(s): clustered is not allowed on h2
?[m?[37m[INFO] 11:12:07,622 [Test worker] liquibase. - master.changelog.json: migration/node-core.changelog-pkey.xml::non-clustered_pk-2::R3.Corda: Skipping changeSet migration/node-core.changelog-pkey.xml::non-clustered_pk-2::R3.Corda due to validation error(s): clustered is not allowed on h2
?[m?[37m[INFO] 11:12:07,622 [Test worker] liquibase. - master.changelog.json: migration/node-core.changelog-pkey.xml::non-clustered_pk-3::R3.Corda: Skipping changeSet migration/node-core.changelog-pkey.xml::non-clustered_pk-3::R3.Corda due to validation error(s): clustered is not allowed on h2
?[m?[37m[INFO] 11:12:07,622 [Test worker] liquibase. - master.changelog.json: migration/node-core.changelog-pkey.xml::non-clustered_pk-4::R3.Corda: Skipping changeSet migration/node-core.changelog-pkey.xml::non-clustered_pk-4::R3.Corda due to validation error(s): clustered is not allowed on h2
?[m?[37m[INFO] 11:12:07,622 [Test worker] liquibase. - master.changelog.json: migration/node-core.changelog-pkey.xml::non-clustered_pk-5::R3.Corda: Skipping changeSet migration/node-core.changelog-pkey.xml::non-clustered_pk-5::R3.Corda due to validation error(s): clustered is not allowed on h2
?[m?[37m[INFO] 11:12:07,622 [Test worker] liquibase. - master.changelog.json: migration/node-core.changelog-pkey.xml::non-clustered_pk-6::R3.Corda: Skipping changeSet migration/node-core.changelog-pkey.xml::non-clustered_pk-6::R3.Corda due to validation error(s): clustered is not allowed on h2
?[m?[37m[INFO] 11:12:07,623 [Test worker] liquibase. - master.changelog.json: migration/node-core.changelog-pkey.xml::non-clustered_pk-7::R3.Corda: Skipping changeSet migration/node-core.changelog-pkey.xml::non-clustered_pk-7::R3.Corda due to validation error(s): clustered is not allowed on h2
?[m?[37m[INFO] 11:12:07,626 [Test worker] liquibase. - master.changelog.json: migration/node-notary.changelog-pkey.xml::non-clustered_pk-notary_state::R3.Corda: Skipping changeSet migration/node-notary.changelog-pkey.xml::non-clustered_pk-notary_state::R3.Corda due to validation error(s): clustered is not allowed on h2
?[m?[37m[INFO] 11:12:07,627 [Test worker] liquibase. - Successfully acquired change log lock
?[m?[37m[INFO] 11:12:07,627 [Test worker] liquibase. - master.changelog.json: migration/common.changelog-init.xml::1511451595465-1.3::R3.Corda: Skipping changeSet migration/common.changelog-init.xml::1511451595465-1.3::R3.Corda due to validation error(s): minValue is not allowed on h2
?[m?[37m[INFO] 11:12:07,629 [Test worker] liquibase. - master.changelog.json: migration/vault-schema.changelog-pkey.xml::non-clustered_pk-11::R3.Corda: Skipping changeSet migration/vault-schema.changelog-pkey.xml::non-clustered_pk-11::R3.Corda due to validation error(s): clustered is not allowed on h2
?[m?[37m[INFO] 11:12:07,629 [Test worker] liquibase. - master.changelog.json: migration/vault-schema.changelog-pkey.xml::non-clustered_pk-12::R3.Corda: Skipping changeSet migration/vault-schema.changelog-pkey.xml::non-clustered_pk-12::R3.Corda due to validation error(s): clustered is not allowed on h2
?[m?[37m[INFO] 11:12:07,629 [Test worker] liquibase. - master.changelog.json: migration/vault-schema.changelog-pkey.xml::non-clustered_pk-13::R3.Corda: Skipping changeSet migration/vault-schema.changelog-pkey.xml::non-clustered_pk-13::R3.Corda due to validation error(s): clustered is not allowed on h2
?[m?[37m[INFO] 11:12:07,633 [Test worker] liquibase. - master.changelog.json: migration/node-core.changelog-pkey.xml::non-clustered_pk-1::R3.Corda: Skipping changeSet migration/node-core.changelog-pkey.xml::non-clustered_pk-1::R3.Corda due to validation error(s): clustered is not allowed on h2
?[m?[37m[INFO] 11:12:07,633 [Test worker] liquibase. - master.changelog.json: migration/node-core.changelog-pkey.xml::non-clustered_pk-2::R3.Corda: Skipping changeSet migration/node-core.changelog-pkey.xml::non-clustered_pk-2::R3.Corda due to validation error(s): clustered is not allowed on h2
?[m?[37m[INFO] 11:12:07,633 [Test worker] liquibase. - master.changelog.json: migration/node-core.changelog-pkey.xml::non-clustered_pk-3::R3.Corda: Skipping changeSet migration/node-core.changelog-pkey.xml::non-clustered_pk-3::R3.Corda due to validation error(s): clustered is not allowed on h2
?[m?[37m[INFO] 11:12:07,633 [Test worker] liquibase. - master.changelog.json: migration/node-core.changelog-pkey.xml::non-clustered_pk-4::R3.Corda: Skipping changeSet migration/node-core.changelog-pkey.xml::non-clustered_pk-4::R3.Corda due to validation error(s): clustered is not allowed on h2
?[m?[37m[INFO] 11:12:07,633 [Test worker] liquibase. - master.changelog.json: migration/node-core.changelog-pkey.xml::non-clustered_pk-5::R3.Corda: Skipping changeSet migration/node-core.changelog-pkey.xml::non-clustered_pk-5::R3.Corda due to validation error(s): clustered is not allowed on h2
?[m?[37m[INFO] 11:12:07,633 [Test worker] liquibase. - master.changelog.json: migration/node-core.changelog-pkey.xml::non-clustered_pk-6::R3.Corda: Skipping changeSet migration/node-core.changelog-pkey.xml::non-clustered_pk-6::R3.Corda due to validation error(s): clustered is not allowed on h2
?[m?[37m[INFO] 11:12:07,633 [Test worker] liquibase. - master.changelog.json: migration/node-core.changelog-pkey.xml::non-clustered_pk-7::R3.Corda: Skipping changeSet migration/node-core.changelog-pkey.xml::non-clustered_pk-7::R3.Corda due to validation error(s): clustered is not allowed on h2
?[m?[37m[INFO] 11:12:07,634 [Test worker] liquibase. - master.changelog.json: migration/node-notary.changelog-pkey.xml::non-clustered_pk-notary_state::R3.Corda: Skipping changeSet migration/node-notary.changelog-pkey.xml::non-clustered_pk-notary_state::R3.Corda due to validation error(s): clustered is not allowed on h2
?[m?[37m[INFO] 11:12:07,635 [Test worker] liquibase. - master.changelog.json: migration/common.changelog-init.xml::1511451595465-1.1::R3.Corda: Sequence hibernate_sequence created
?[m?[37m[INFO] 11:12:07,635 [Test worker] liquibase. - master.changelog.json: migration/common.changelog-init.xml::1511451595465-1.1::R3.Corda: ChangeSet migration/common.changelog-init.xml::1511451595465-1.1::R3.Corda ran successfully in 1ms
?[m?[37m[INFO] 11:12:07,636 [Test worker] liquibase. - master.changelog.json: migration/vault-schema.changelog-init.xml::1511451595465-22::R3.Corda: Table vault_fungible_states created
?[m?[37m[INFO] 11:12:07,636 [Test worker] liquibase. - master.changelog.json: migration/vault-schema.changelog-init.xml::1511451595465-22::R3.Corda: ChangeSet migration/vault-schema.changelog-init.xml::1511451595465-22::R3.Corda ran successfully in 0ms
?[m?[37m[INFO] 11:12:07,637 [Test worker] liquibase. - master.changelog.json: migration/vault-schema.changelog-init.xml::1511451595465-23::R3.Corda: Table vault_fungible_states_parts created
?[m?[37m[INFO] 11:12:07,637 [Test worker] liquibase. - master.changelog.json: migration/vault-schema.changelog-init.xml::1511451595465-23::R3.Corda: ChangeSet migration/vault-schema.changelog-init.xml::1511451595465-23::R3.Corda ran successfully in 0ms
?[m?[37m[INFO] 11:12:07,638 [Test worker] liquibase. - master.changelog.json: migration/vault-schema.changelog-init.xml::1511451595465-24::R3.Corda: Table vault_linear_states created
?[m?[37m[INFO] 11:12:07,638 [Test worker] liquibase. - master.changelog.json: migration/vault-schema.changelog-init.xml::1511451595465-24::R3.Corda: ChangeSet migration/vault-schema.changelog-init.xml::1511451595465-24::R3.Corda ran successfully in 0ms
?[m?[37m[INFO] 11:12:07,639 [Test worker] liquibase. - master.changelog.json: migration/vault-schema.changelog-init.xml::1511451595465-25::R3.Corda: Table vault_linear_states_parts created
?[m?[37m[INFO] 11:12:07,639 [Test worker] liquibase. - master.changelog.json: migration/vault-schema.changelog-init.xml::1511451595465-25::R3.Corda: ChangeSet migration/vault-schema.changelog-init.xml::1511451595465-25::R3.Corda ran successfully in 0ms
?[m?[37m[INFO] 11:12:07,640 [Test worker] liquibase. - master.changelog.json: migration/vault-schema.changelog-init.xml::1511451595465-26::R3.Corda: Table vault_states created
?[m?[37m[INFO] 11:12:07,640 [Test worker] liquibase. - master.changelog.json: migration/vault-schema.changelog-init.xml::1511451595465-26::R3.Corda: ChangeSet migration/vault-schema.changelog-init.xml::1511451595465-26::R3.Corda ran successfully in 0ms
?[m?[37m[INFO] 11:12:07,641 [Test worker] liquibase. - master.changelog.json: migration/vault-schema.changelog-init.xml::1511451595465-27::R3.Corda: Table vault_transaction_notes created
?[m?[37m[INFO] 11:12:07,641 [Test worker] liquibase. - master.changelog.json: migration/vault-schema.changelog-init.xml::1511451595465-27::R3.Corda: ChangeSet migration/vault-schema.changelog-init.xml::1511451595465-27::R3.Corda ran successfully in 0ms
?[m?[37m[INFO] 11:12:07,642 [Test worker] liquibase. - master.changelog.json: migration/vault-schema.changelog-init.xml::1511451595465-47::R3.Corda: Primary key added to vault_fungible_states (output_index, transaction_id)
?[m?[37m[INFO] 11:12:07,642 [Test worker] liquibase. - master.changelog.json: migration/vault-schema.changelog-init.xml::1511451595465-47::R3.Corda: ChangeSet migration/vault-schema.changelog-init.xml::1511451595465-47::R3.Corda ran successfully in 1ms
?[m?[37m[INFO] 11:12:07,643 [Test worker] liquibase. - master.changelog.json: migration/vault-schema.changelog-init.xml::1511451595465-48::R3.Corda: Primary key added to vault_linear_states (output_index, transaction_id)
?[m?[37m[INFO] 11:12:07,643 [Test worker] liquibase. - master.changelog.json: migration/vault-schema.changelog-init.xml::1511451595465-48::R3.Corda: ChangeSet migration/vault-schema.changelog-init.xml::1511451595465-48::R3.Corda ran successfully in 1ms
?[m?[37m[INFO] 11:12:07,644 [Test worker] liquibase. - master.changelog.json: migration/vault-schema.changelog-init.xml::1511451595465-49::R3.Corda: Primary key added to vault_states (output_index, transaction_id)
?[m?[37m[INFO] 11:12:07,644 [Test worker] liquibase. - master.changelog.json: migration/vault-schema.changelog-init.xml::1511451595465-49::R3.Corda: ChangeSet migration/vault-schema.changelog-init.xml::1511451595465-49::R3.Corda ran successfully in 1ms
?[m?[37m[INFO] 11:12:07,645 [Test worker] liquibase. - master.changelog.json: migration/vault-schema.changelog-init.xml::1511451595465-50::R3.Corda: Primary key added to vault_transaction_notes (seq_no)
?[m?[37m[INFO] 11:12:07,645 [Test worker] liquibase. - master.changelog.json: migration/vault-schema.changelog-init.xml::1511451595465-50::R3.Corda: ChangeSet migration/vault-schema.changelog-init.xml::1511451595465-50::R3.Corda ran successfully in 1ms
?[m?[37m[INFO] 11:12:07,646 [Test worker] liquibase. - master.changelog.json: migration/vault-schema.changelog-init.xml::1511451595465-53::R3.Corda: Index external_id_index created
?[m?[37m[INFO] 11:12:07,646 [Test worker] liquibase. - master.changelog.json: migration/vault-schema.changelog-init.xml::1511451595465-53::R3.Corda: ChangeSet migration/vault-schema.changelog-init.xml::1511451595465-53::R3.Corda ran successfully in 0ms
?[m?[37m[INFO] 11:12:07,647 [Test worker] liquibase. - master.changelog.json: migration/vault-schema.changelog-init.xml::1511451595465-55::R3.Corda: Index lock_id_idx created
?[m?[37m[INFO] 11:12:07,647 [Test worker] liquibase. - master.changelog.json: migration/vault-schema.changelog-init.xml::1511451595465-55::R3.Corda: ChangeSet migration/vault-schema.changelog-init.xml::1511451595465-55::R3.Corda ran successfully in 1ms
?[m?[37m[INFO] 11:12:07,648 [Test worker] liquibase. - master.changelog.json: migration/vault-schema.changelog-init.xml::1511451595465-58::R3.Corda: Index state_status_idx created
?[m?[37m[INFO] 11:12:07,648 [Test worker] liquibase. - master.changelog.json: migration/vault-schema.changelog-init.xml::1511451595465-58::R3.Corda: ChangeSet migration/vault-schema.changelog-init.xml::1511451595465-58::R3.Corda ran successfully in 1ms
?[m?[37m[INFO] 11:12:07,649 [Test worker] liquibase. - master.changelog.json: migration/vault-schema.changelog-init.xml::1511451595465-59::R3.Corda: Index transaction_id_index created
?[m?[37m[INFO] 11:12:07,649 [Test worker] liquibase. - master.changelog.json: migration/vault-schema.changelog-init.xml::1511451595465-59::R3.Corda: ChangeSet migration/vault-schema.changelog-init.xml::1511451595465-59::R3.Corda ran successfully in 1ms
?[m?[37m[INFO] 11:12:07,650 [Test worker] liquibase. - master.changelog.json: migration/vault-schema.changelog-init.xml::1511451595465-60::R3.Corda: Index uuid_index created
?[m?[37m[INFO] 11:12:07,650 [Test worker] liquibase. - master.changelog.json: migration/vault-schema.changelog-init.xml::1511451595465-60::R3.Corda: ChangeSet migration/vault-schema.changelog-init.xml::1511451595465-60::R3.Corda ran successfully in 1ms
?[m?[37m[INFO] 11:12:07,651 [Test worker] liquibase. - master.changelog.json: migration/vault-schema.changelog-init.xml::1511451595465-64::R3.Corda: Foreign key constraint added to vault_fungible_states_parts (output_index,transaction_id)
?[m?[37m[INFO] 11:12:07,651 [Test worker] liquibase. - master.changelog.json: migration/vault-schema.changelog-init.xml::1511451595465-64::R3.Corda: ChangeSet migration/vault-schema.changelog-init.xml::1511451595465-64::R3.Corda ran successfully in 1ms
?[m?[37m[INFO] 11:12:07,652 [Test worker] liquibase. - master.changelog.json: migration/vault-schema.changelog-init.xml::1511451595465-65::R3.Corda: Foreign key constraint added to vault_linear_states_parts (output_index,transaction_id)
?[m?[37m[INFO] 11:12:07,652 [Test worker] liquibase. - master.changelog.json: migration/vault-schema.changelog-init.xml::1511451595465-65::R3.Corda: ChangeSet migration/vault-schema.changelog-init.xml::1511451595465-65::R3.Corda ran successfully in 0ms
?[m?[37m[INFO] 11:12:07,653 [Test worker] liquibase. - master.changelog.json: migration/vault-schema.changelog-v3.xml::clean_vault::R3.Corda: Data deleted from vault_fungible_states_parts
?[m?[37m[INFO] 11:12:07,653 [Test worker] liquibase. - master.changelog.json: migration/vault-schema.changelog-v3.xml::clean_vault::R3.Corda: Data deleted from vault_fungible_states
?[m?[37m[INFO] 11:12:07,653 [Test worker] liquibase. - master.changelog.json: migration/vault-schema.changelog-v3.xml::clean_vault::R3.Corda: Data deleted from vault_linear_states_parts
?[m?[37m[INFO] 11:12:07,653 [Test worker] liquibase. - master.changelog.json: migration/vault-schema.changelog-v3.xml::clean_vault::R3.Corda: Data deleted from vault_linear_states
?[m?[37m[INFO] 11:12:07,653 [Test worker] liquibase. - master.changelog.json: migration/vault-schema.changelog-v3.xml::clean_vault::R3.Corda: Data deleted from vault_states
?[m?[37m[INFO] 11:12:07,653 [Test worker] liquibase. - master.changelog.json: migration/vault-schema.changelog-v3.xml::clean_vault::R3.Corda: Data deleted from vault_transaction_notes
?[m?[37m[INFO] 11:12:07,653 [Test worker] liquibase. - master.changelog.json: migration/vault-schema.changelog-v3.xml::clean_vault::R3.Corda: ChangeSet migration/vault-schema.changelog-v3.xml::clean_vault::R3.Corda ran successfully in 0ms
?[m?[37m[INFO] 11:12:07,655 [Test worker] liquibase. - master.changelog.json: migration/vault-schema.changelog-v4.xml::nullability::R3.Corda: Null constraint has been added to vault_fungible_states.quantity
?[m?[37m[INFO] 11:12:07,655 [Test worker] liquibase. - master.changelog.json: migration/vault-schema.changelog-v4.xml::nullability::R3.Corda: Null constraint has been added to vault_states.contract_state_class_name
?[m?[37m[INFO] 11:12:07,655 [Test worker] liquibase. - master.changelog.json: migration/vault-schema.changelog-v4.xml::nullability::R3.Corda: Null constraint has been added to vault_states.notary_name
?[m?[37m[INFO] 11:12:07,655 [Test worker] liquibase. - master.changelog.json: migration/vault-schema.changelog-v4.xml::nullability::R3.Corda: Null constraint has been added to vault_states.recorded_timestamp
?[m?[37m[INFO] 11:12:07,655 [Test worker] liquibase. - master.changelog.json: migration/vault-schema.changelog-v4.xml::nullability::R3.Corda: Index state_status_idx dropped from table vault_states
?[m?[37m[INFO] 11:12:07,655 [Test worker] liquibase. - master.changelog.json: migration/vault-schema.changelog-v4.xml::nullability::R3.Corda: Index lock_id_idx dropped from table vault_states
?[m?[37m[INFO] 11:12:07,656 [Test worker] liquibase. - master.changelog.json: migration/vault-schema.changelog-v4.xml::nullability::R3.Corda: Null constraint has been added to vault_states.state_status
?[m?[37m[INFO] 11:12:07,656 [Test worker] liquibase. - master.changelog.json: migration/vault-schema.changelog-v4.xml::nullability::R3.Corda: Index state_status_idx created
?[m?[37m[INFO] 11:12:07,656 [Test worker] liquibase. - master.changelog.json: migration/vault-schema.changelog-v4.xml::nullability::R3.Corda: Index lock_id_idx created
?[m?[37m[INFO] 11:12:07,656 [Test worker] liquibase. - master.changelog.json: migration/vault-schema.changelog-v4.xml::nullability::R3.Corda: Index transaction_id_index dropped from table vault_transaction_notes
?[m?[37m[INFO] 11:12:07,656 [Test worker] liquibase. - master.changelog.json: migration/vault-schema.changelog-v4.xml::nullability::R3.Corda: Null constraint has been added to vault_transaction_notes.note
?[m?[37m[INFO] 11:12:07,656 [Test worker] liquibase. - master.changelog.json: migration/vault-schema.changelog-v4.xml::nullability::R3.Corda: Null constraint has been added to vault_transaction_notes.transaction_id
?[m?[37m[INFO] 11:12:07,656 [Test worker] liquibase. - master.changelog.json: migration/vault-schema.changelog-v4.xml::nullability::R3.Corda: Index transaction_id_index created
?[m?[37m[INFO] 11:12:07,656 [Test worker] liquibase. - master.changelog.json: migration/vault-schema.changelog-v4.xml::nullability::R3.Corda: ChangeSet migration/vault-schema.changelog-v4.xml::nullability::R3.Corda ran successfully in 2ms
?[m?[37m[INFO] 11:12:07,661 [Test worker] liquibase. - master.changelog.json: migration/vault-schema.changelog-v5.xml::add_relevancy_status_column::R3.Corda: Columns relevancy_status(INT) added to vault_states
?[m?[37m[INFO] 11:12:07,661 [Test worker] liquibase. - master.changelog.json: migration/vault-schema.changelog-v5.xml::add_relevancy_status_column::R3.Corda: Data updated in vault_states
?[m?[37m[INFO] 11:12:07,662 [Test worker] liquibase. - master.changelog.json: migration/vault-schema.changelog-v5.xml::add_relevancy_status_column::R3.Corda: Null constraint has been added to vault_states.relevancy_status
?[m?[37m[INFO] 11:12:07,662 [Test worker] liquibase. - master.changelog.json: migration/vault-schema.changelog-v5.xml::add_relevancy_status_column::R3.Corda: ChangeSet migration/vault-schema.changelog-v5.xml::add_relevancy_status_column::R3.Corda ran successfully in 2ms
?[m?[37m[INFO] 11:12:07,664 [Test worker] liquibase. - master.changelog.json: migration/vault-schema.changelog-v6.xml::add_is_constraint_information_columns::R3.Corda: Columns constraint_type(INT) added to vault_states
?[m?[37m[INFO] 11:12:07,665 [Test worker] liquibase. - master.changelog.json: migration/vault-schema.changelog-v6.xml::add_is_constraint_information_columns::R3.Corda: Columns constraint_data(varbinary(563)) added to vault_states
?[m?[37m[INFO] 11:12:07,665 [Test worker] liquibase. - master.changelog.json: migration/vault-schema.changelog-v6.xml::add_is_constraint_information_columns::R3.Corda: ChangeSet migration/vault-schema.changelog-v6.xml::add_is_constraint_information_columns::R3.Corda ran successfully in 3ms
?[m?[37m[INFO] 11:12:07,666 [Test worker] liquibase. - master.changelog.json: migration/vault-schema.changelog-v7.xml::make_issuer_ref_nullable::R3.Corda: Null constraint dropped from vault_fungible_states.issuer_ref
?[m?[37m[INFO] 11:12:07,666 [Test worker] liquibase. - master.changelog.json: migration/vault-schema.changelog-v7.xml::make_issuer_ref_nullable::R3.Corda: ChangeSet migration/vault-schema.changelog-v7.xml::make_issuer_ref_nullable::R3.Corda ran successfully in 0ms
?[m?[37m[INFO] 11:12:07,667 [Test worker] liquibase. - master.changelog.json: migration/vault-schema.changelog-v8.xml::create-external-id-to-state-party-view::R3.Corda: Table state_party created
?[m?[37m[INFO] 11:12:07,667 [Test worker] liquibase. - master.changelog.json: migration/vault-schema.changelog-v8.xml::create-external-id-to-state-party-view::R3.Corda: Index state_pk_hash_idx created
?[m?[37m[INFO] 11:12:07,667 [Test worker] liquibase. - master.changelog.json: migration/vault-schema.changelog-v8.xml::create-external-id-to-state-party-view::R3.Corda: Table pk_hash_to_ext_id_map created
?[m?[37m[INFO] 11:12:07,668 [Test worker] liquibase. - master.changelog.json: migration/vault-schema.changelog-v8.xml::create-external-id-to-state-party-view::R3.Corda: Index pk_hash_to_xid_idx created
?[m?[37m[INFO] 11:12:07,668 [Test worker] liquibase. - master.changelog.json: migration/vault-schema.changelog-v8.xml::create-external-id-to-state-party-view::R3.Corda: View v_pkey_hash_ex_id_map created
?[m?[37m[INFO] 11:12:07,668 [Test worker] liquibase. - master.changelog.json: migration/vault-schema.changelog-v8.xml::create-external-id-to-state-party-view::R3.Corda: ChangeSet migration/vault-schema.changelog-v8.xml::create-external-id-to-state-party-view::R3.Corda ran successfully in 1ms
?[m?[37m[INFO] 11:12:07,669 [Test worker] liquibase. - master.changelog.json: migration/node-info.changelog-init.xml::1511451595465-4::R3.Corda: Table node_link_nodeinfo_party created
?[m?[37m[INFO] 11:12:07,669 [Test worker] liquibase. - master.changelog.json: migration/node-info.changelog-init.xml::1511451595465-4::R3.Corda: ChangeSet migration/node-info.changelog-init.xml::1511451595465-4::R3.Corda ran successfully in 0ms
?[m?[37m[INFO] 11:12:07,670 [Test worker] liquibase. - master.changelog.json: migration/node-info.changelog-init.xml::1511451595465-10::R3.Corda: Table node_info_hosts created
?[m?[37m[INFO] 11:12:07,670 [Test worker] liquibase. - master.changelog.json: migration/node-info.changelog-init.xml::1511451595465-10::R3.Corda: ChangeSet migration/node-info.changelog-init.xml::1511451595465-10::R3.Corda ran successfully in 0ms
?[m?[37m[INFO] 11:12:07,671 [Test worker] liquibase. - master.changelog.json: migration/node-info.changelog-init.xml::1511451595465-11::R3.Corda: Table node_info_party_cert created
?[m?[37m[INFO] 11:12:07,671 [Test worker] liquibase. - master.changelog.json: migration/node-info.changelog-init.xml::1511451595465-11::R3.Corda: ChangeSet migration/node-info.changelog-init.xml::1511451595465-11::R3.Corda ran successfully in 0ms
?[m?[37m[INFO] 11:12:07,672 [Test worker] liquibase. - master.changelog.json: migration/node-info.changelog-init.xml::1511451595465-12::R3.Corda: Table node_infos created
?[m?[37m[INFO] 11:12:07,672 [Test worker] liquibase. - master.changelog.json: migration/node-info.changelog-init.xml::1511451595465-12::R3.Corda: ChangeSet migration/node-info.changelog-init.xml::1511451595465-12::R3.Corda ran successfully in 0ms
?[m?[37m[INFO] 11:12:07,673 [Test worker] liquibase. - master.changelog.json: migration/node-info.changelog-init.xml::1511451595465-35::R3.Corda: Primary key added to node_info_hosts (host, port)
?[m?[37m[INFO] 11:12:07,673 [Test worker] liquibase. - master.changelog.json: migration/node-info.changelog-init.xml::1511451595465-35::R3.Corda: ChangeSet migration/node-info.changelog-init.xml::1511451595465-35::R3.Corda ran successfully in 1ms
?[m?[37m[INFO] 11:12:07,673 [Test worker] liquibase. - master.changelog.json: migration/node-info.changelog-init.xml::1511451595465-36::R3.Corda: Primary key added to node_info_party_cert (party_name)
?[m?[37m[INFO] 11:12:07,673 [Test worker] liquibase. - master.changelog.json: migration/node-info.changelog-init.xml::1511451595465-36::R3.Corda: ChangeSet migration/node-info.changelog-init.xml::1511451595465-36::R3.Corda ran successfully in 0ms
?[m?[37m[INFO] 11:12:07,674 [Test worker] liquibase. - master.changelog.json: migration/node-info.changelog-init.xml::1511451595465-37::R3.Corda: Primary key added to node_infos (node_info_id)
?[m?[37m[INFO] 11:12:07,674 [Test worker] liquibase. - master.changelog.json: migration/node-info.changelog-init.xml::1511451595465-37::R3.Corda: ChangeSet migration/node-info.changelog-init.xml::1511451595465-37::R3.Corda ran successfully in 0ms
?[m?[37m[INFO] 11:12:07,675 [Test worker] liquibase. - master.changelog.json: migration/node-info.changelog-init.xml::1511451595465-62::R3.Corda: Foreign key constraint added to node_link_nodeinfo_party (node_info_id)
?[m?[37m[INFO] 11:12:07,675 [Test worker] liquibase. - master.changelog.json: migration/node-info.changelog-init.xml::1511451595465-62::R3.Corda: ChangeSet migration/node-info.changelog-init.xml::1511451595465-62::R3.Corda ran successfully in 0ms
?[m?[37m[INFO] 11:12:07,676 [Test worker] liquibase. - master.changelog.json: migration/node-info.changelog-init.xml::1511451595465-63::R3.Corda: Foreign key constraint added to node_info_hosts (node_info_id)
?[m?[37m[INFO] 11:12:07,676 [Test worker] liquibase. - master.changelog.json: migration/node-info.changelog-init.xml::1511451595465-63::R3.Corda: ChangeSet migration/node-info.changelog-init.xml::1511451595465-63::R3.Corda ran successfully in 0ms
?[m?[37m[INFO] 11:12:07,678 [Test worker] liquibase. - master.changelog.json: migration/node-info.changelog-init.xml::remove_host_port_pk::R3.Corda: Data deleted from node_infos
?[m?[37m[INFO] 11:12:07,678 [Test worker] liquibase. - master.changelog.json: migration/node-info.changelog-init.xml::remove_host_port_pk::R3.Corda: Data deleted from node_link_nodeinfo_party
?[m?[37m[INFO] 11:12:07,678 [Test worker] liquibase. - master.changelog.json: migration/node-info.changelog-init.xml::remove_host_port_pk::R3.Corda: Data deleted from node_info_hosts
?[m?[37m[INFO] 11:12:07,678 [Test worker] liquibase. - master.changelog.json: migration/node-info.changelog-init.xml::remove_host_port_pk::R3.Corda: Data deleted from node_info_party_cert
?[m?[37m[INFO] 11:12:07,678 [Test worker] liquibase. - master.changelog.json: migration/node-info.changelog-init.xml::remove_host_port_pk::R3.Corda: Primary key dropped from node_info_hosts
?[m?[37m[INFO] 11:12:07,679 [Test worker] liquibase. - master.changelog.json: migration/node-info.changelog-init.xml::remove_host_port_pk::R3.Corda: Columns hosts_id(INT) added to node_info_hosts
?[m?[37m[INFO] 11:12:07,679 [Test worker] liquibase. - master.changelog.json: migration/node-info.changelog-init.xml::remove_host_port_pk::R3.Corda: Primary key added to node_info_hosts (hosts_id)
?[m?[37m[INFO] 11:12:07,679 [Test worker] liquibase. - master.changelog.json: migration/node-info.changelog-init.xml::remove_host_port_pk::R3.Corda: ChangeSet migration/node-info.changelog-init.xml::remove_host_port_pk::R3.Corda ran successfully in 2ms
?[m?[37m[INFO] 11:12:07,680 [Test worker] liquibase. - master.changelog.json: migration/node-info.changelog-v1.xml::key/value node properties table::R3.Corda: Table node_properties created
?[m?[37m[INFO] 11:12:07,680 [Test worker] liquibase. - master.changelog.json: migration/node-info.changelog-v1.xml::key/value node properties table::R3.Corda: ChangeSet migration/node-info.changelog-v1.xml::key/value node properties table::R3.Corda ran successfully in 0ms
?[m?[37m[INFO] 11:12:07,681 [Test worker] liquibase. - master.changelog.json: migration/node-info.changelog-v2.xml::1525962920::R3.Corda: Null constraint has been added to node_infos.node_info_hash
?[m?[37m[INFO] 11:12:07,681 [Test worker] liquibase. - master.changelog.json: migration/node-info.changelog-v2.xml::1525962920::R3.Corda: Null constraint has been added to node_infos.platform_version
?[m?[37m[INFO] 11:12:07,681 [Test worker] liquibase. - master.changelog.json: migration/node-info.changelog-v2.xml::1525962920::R3.Corda: Null constraint has been added to node_infos.serial
?[m?[37m[INFO] 11:12:07,682 [Test worker] liquibase. - master.changelog.json: migration/node-info.changelog-v2.xml::1525962920::R3.Corda: Null constraint dropped from node_info_hosts.host
?[m?[37m[INFO] 11:12:07,682 [Test worker] liquibase. - master.changelog.json: migration/node-info.changelog-v2.xml::1525962920::R3.Corda: Null constraint dropped from node_info_hosts.port
?[m?[37m[INFO] 11:12:07,682 [Test worker] liquibase. - master.changelog.json: migration/node-info.changelog-v2.xml::1525962920::R3.Corda: Null constraint has been added to node_info_party_cert.owning_key_hash
?[m?[37m[INFO] 11:12:07,682 [Test worker] liquibase. - master.changelog.json: migration/node-info.changelog-v2.xml::1525962920::R3.Corda: Null constraint has been added to node_info_party_cert.party_cert_binary
?[m?[37m[INFO] 11:12:07,682 [Test worker] liquibase. - master.changelog.json: migration/node-info.changelog-v2.xml::1525962920::R3.Corda: ChangeSet migration/node-info.changelog-v2.xml::1525962920::R3.Corda ran successfully in 1ms
?[m?[37m[INFO] 11:12:07,683 [Test worker] liquibase. - master.changelog.json: migration/node-info.changelog-v3.xml::column_host_name::R3.Corda: Column node_info_hosts.host renamed to host_name
?[m?[37m[INFO] 11:12:07,683 [Test worker] liquibase. - master.changelog.json: migration/node-info.changelog-v3.xml::column_host_name::R3.Corda: ChangeSet migration/node-info.changelog-v3.xml::column_host_name::R3.Corda ran successfully in 0ms
?[m?[37m[INFO] 11:12:07,684 [Test worker] liquibase. - master.changelog.json: migration/node-services.changelog-init.xml::1511451595465-5::R3.Corda: Table node_attachments created
?[m?[37m[INFO] 11:12:07,684 [Test worker] liquibase. - master.changelog.json: migration/node-services.changelog-init.xml::1511451595465-5::R3.Corda: ChangeSet migration/node-services.changelog-init.xml::1511451595465-5::R3.Corda ran successfully in 0ms
?[m?[37m[INFO] 11:12:07,685 [Test worker] liquibase. - master.changelog.json: migration/node-services.changelog-init.xml::1511451595465-7::R3.Corda: Table node_checkpoints created
?[m?[37m[INFO] 11:12:07,685 [Test worker] liquibase. - master.changelog.json: migration/node-services.changelog-init.xml::1511451595465-7::R3.Corda: ChangeSet migration/node-services.changelog-init.xml::1511451595465-7::R3.Corda ran successfully in 1ms
?[m?[37m[INFO] 11:12:07,685 [Test worker] liquibase. - master.changelog.json: migration/node-services.changelog-init.xml::1511451595465-8::R3.Corda: Table node_contract_upgrades created
?[m?[37m[INFO] 11:12:07,685 [Test worker] liquibase. - master.changelog.json: migration/node-services.changelog-init.xml::1511451595465-8::R3.Corda: ChangeSet migration/node-services.changelog-init.xml::1511451595465-8::R3.Corda ran successfully in 0ms
?[m?[37m[INFO] 11:12:07,686 [Test worker] liquibase. - master.changelog.json: migration/node-services.changelog-init.xml::1511451595465-9::R3.Corda: Table node_identities created
?[m?[37m[INFO] 11:12:07,686 [Test worker] liquibase. - master.changelog.json: migration/node-services.changelog-init.xml::1511451595465-9::R3.Corda: ChangeSet migration/node-services.changelog-init.xml::1511451595465-9::R3.Corda ran successfully in 0ms
?[m?[37m[INFO] 11:12:07,687 [Test worker] liquibase. - master.changelog.json: migration/node-services.changelog-init.xml::1511451595465-13::R3.Corda: Table node_message_ids created
?[m?[37m[INFO] 11:12:07,687 [Test worker] liquibase. - master.changelog.json: migration/node-services.changelog-init.xml::1511451595465-13::R3.Corda: ChangeSet migration/node-services.changelog-init.xml::1511451595465-13::R3.Corda ran successfully in 0ms
?[m?[37m[INFO] 11:12:07,688 [Test worker] liquibase. - master.changelog.json: migration/node-services.changelog-init.xml::1511451595465-14::R3.Corda: Table node_message_retry created
?[m?[37m[INFO] 11:12:07,688 [Test worker] liquibase. - master.changelog.json: migration/node-services.changelog-init.xml::1511451595465-14::R3.Corda: ChangeSet migration/node-services.changelog-init.xml::1511451595465-14::R3.Corda ran successfully in 1ms
?[m?[37m[INFO] 11:12:07,689 [Test worker] liquibase. - master.changelog.json: migration/node-services.changelog-init.xml::1511451595465-15::R3.Corda: Table node_named_identities created
?[m?[37m[INFO] 11:12:07,689 [Test worker] liquibase. - master.changelog.json: migration/node-services.changelog-init.xml::1511451595465-15::R3.Corda: ChangeSet migration/node-services.changelog-init.xml::1511451595465-15::R3.Corda ran successfully in 0ms
?[m?[37m[INFO] 11:12:07,690 [Test worker] liquibase. - master.changelog.json: migration/node-services.changelog-init.xml::1511451595465-17::R3.Corda: Table node_our_key_pairs created
?[m?[37m[INFO] 11:12:07,690 [Test worker] liquibase. - master.changelog.json: migration/node-services.changelog-init.xml::1511451595465-17::R3.Corda: ChangeSet migration/node-services.changelog-init.xml::1511451595465-17::R3.Corda ran successfully in 0ms
?[m?[37m[INFO] 11:12:07,691 [Test worker] liquibase. - master.changelog.json: migration/node-services.changelog-init.xml::1511451595465-19::R3.Corda: Table node_scheduled_states created
?[m?[37m[INFO] 11:12:07,691 [Test worker] liquibase. - master.changelog.json: migration/node-services.changelog-init.xml::1511451595465-19::R3.Corda: ChangeSet migration/node-services.changelog-init.xml::1511451595465-19::R3.Corda ran successfully in 0ms
?[m?[37m[INFO] 11:12:07,692 [Test worker] liquibase. - master.changelog.json: migration/node-services.changelog-init.xml::1511451595465-20::R3.Corda: Table node_transaction_mappings created
?[m?[37m[INFO] 11:12:07,692 [Test worker] liquibase. - master.changelog.json: migration/node-services.changelog-init.xml::1511451595465-20::R3.Corda: ChangeSet migration/node-services.changelog-init.xml::1511451595465-20::R3.Corda ran successfully in 0ms
?[m?[37m[INFO] 11:12:07,693 [Test worker] liquibase. - master.changelog.json: migration/node-services.changelog-init.xml::1511451595465-21::R3.Corda: Table node_transactions created
?[m?[37m[INFO] 11:12:07,693 [Test worker] liquibase. - master.changelog.json: migration/node-services.changelog-init.xml::1511451595465-21::R3.Corda: ChangeSet migration/node-services.changelog-init.xml::1511451595465-21::R3.Corda ran successfully in 0ms
?[m?[37m[INFO] 11:12:07,694 [Test worker] liquibase. - master.changelog.json: migration/node-services.changelog-init.xml::1511451595465-30::R3.Corda: Primary key added to node_attachments (att_id)
?[m?[37m[INFO] 11:12:07,694 [Test worker] liquibase. - master.changelog.json: migration/node-services.changelog-init.xml::1511451595465-30::R3.Corda: ChangeSet migration/node-services.changelog-init.xml::1511451595465-30::R3.Corda ran successfully in 0ms
?[m?[37m[INFO] 11:12:07,695 [Test worker] liquibase. - master.changelog.json: migration/node-services.changelog-init.xml::1511451595465-32::R3.Corda: Primary key added to node_checkpoints (checkpoint_id)
?[m?[37m[INFO] 11:12:07,695 [Test worker] liquibase. - master.changelog.json: migration/node-services.changelog-init.xml::1511451595465-32::R3.Corda: ChangeSet migration/node-services.changelog-init.xml::1511451595465-32::R3.Corda ran successfully in 0ms
?[m?[37m[INFO] 11:12:07,696 [Test worker] liquibase. - master.changelog.json: migration/node-services.changelog-init.xml::1511451595465-33::R3.Corda: Primary key added to node_contract_upgrades (state_ref)
?[m?[37m[INFO] 11:12:07,696 [Test worker] liquibase. - master.changelog.json: migration/node-services.changelog-init.xml::1511451595465-33::R3.Corda: ChangeSet migration/node-services.changelog-init.xml::1511451595465-33::R3.Corda ran successfully in 0ms
?[m?[37m[INFO] 11:12:07,697 [Test worker] liquibase. - master.changelog.json: migration/node-services.changelog-init.xml::1511451595465-34::R3.Corda: Primary key added to node_identities (pk_hash)
?[m?[37m[INFO] 11:12:07,697 [Test worker] liquibase. - master.changelog.json: migration/node-services.changelog-init.xml::1511451595465-34::R3.Corda: ChangeSet migration/node-services.changelog-init.xml::1511451595465-34::R3.Corda ran successfully in 0ms
?[m?[37m[INFO] 11:12:07,698 [Test worker] liquibase. - master.changelog.json: migration/node-services.changelog-init.xml::1511451595465-38::R3.Corda: Primary key added to node_message_ids (message_id)
?[m?[37m[INFO] 11:12:07,698 [Test worker] liquibase. - master.changelog.json: migration/node-services.changelog-init.xml::1511451595465-38::R3.Corda: ChangeSet migration/node-services.changelog-init.xml::1511451595465-38::R3.Corda ran successfully in 0ms
?[m?[37m[INFO] 11:12:07,699 [Test worker] liquibase. - master.changelog.json: migration/node-services.changelog-init.xml::1511451595465-39::R3.Corda: Primary key added to node_message_retry (message_id)
?[m?[37m[INFO] 11:12:07,699 [Test worker] liquibase. - master.changelog.json: migration/node-services.changelog-init.xml::1511451595465-39::R3.Corda: ChangeSet migration/node-services.changelog-init.xml::1511451595465-39::R3.Corda ran successfully in 0ms
?[m?[37m[INFO] 11:12:07,700 [Test worker] liquibase. - master.changelog.json: migration/node-services.changelog-init.xml::1511451595465-40::R3.Corda: Primary key added to node_named_identities (name)
?[m?[37m[INFO] 11:12:07,700 [Test worker] liquibase. - master.changelog.json: migration/node-services.changelog-init.xml::1511451595465-40::R3.Corda: ChangeSet migration/node-services.changelog-init.xml::1511451595465-40::R3.Corda ran successfully in 1ms
?[m?[37m[INFO] 11:12:07,701 [Test worker] liquibase. - master.changelog.json: migration/node-services.changelog-init.xml::1511451595465-42::R3.Corda: Primary key added to node_our_key_pairs (public_key_hash)
?[m?[37m[INFO] 11:12:07,701 [Test worker] liquibase. - master.changelog.json: migration/node-services.changelog-init.xml::1511451595465-42::R3.Corda: ChangeSet migration/node-services.changelog-init.xml::1511451595465-42::R3.Corda ran successfully in 1ms
?[m?[37m[INFO] 11:12:07,701 [Test worker] liquibase. - master.changelog.json: migration/node-services.changelog-init.xml::1511451595465-44::R3.Corda: Primary key added to node_scheduled_states (output_index, transaction_id)
?[m?[37m[INFO] 11:12:07,701 [Test worker] liquibase. - master.changelog.json: migration/node-services.changelog-init.xml::1511451595465-44::R3.Corda: ChangeSet migration/node-services.changelog-init.xml::1511451595465-44::R3.Corda ran successfully in 0ms
?[m?[37m[INFO] 11:12:07,702 [Test worker] liquibase. - master.changelog.json: migration/node-services.changelog-init.xml::1511451595465-45::R3.Corda: Primary key added to node_transaction_mappings (tx_id)
?[m?[37m[INFO] 11:12:07,702 [Test worker] liquibase. - master.changelog.json: migration/node-services.changelog-init.xml::1511451595465-45::R3.Corda: ChangeSet migration/node-services.changelog-init.xml::1511451595465-45::R3.Corda ran successfully in 0ms
?[m?[37m[INFO] 11:12:07,703 [Test worker] liquibase. - master.changelog.json: migration/node-services.changelog-init.xml::1511451595465-46::R3.Corda: Primary key added to node_transactions (tx_id)
?[m?[37m[INFO] 11:12:07,703 [Test worker] liquibase. - master.changelog.json: migration/node-services.changelog-init.xml::1511451595465-46::R3.Corda: ChangeSet migration/node-services.changelog-init.xml::1511451595465-46::R3.Corda ran successfully in 0ms
?[m?[37m[INFO] 11:12:07,704 [Test worker] liquibase. - master.changelog.json: migration/node-services.changelog-init.xml::1511451595465-61::R3.Corda: Foreign key constraint added to node_link_nodeinfo_party (party_name)
?[m?[37m[INFO] 11:12:07,704 [Test worker] liquibase. - master.changelog.json: migration/node-services.changelog-init.xml::1511451595465-61::R3.Corda: ChangeSet migration/node-services.changelog-init.xml::1511451595465-61::R3.Corda ran successfully in 0ms
?[m?[37m[INFO] 11:12:07,705 [Test worker] liquibase. - master.changelog.json: migration/node-services.changelog-init.xml::add index att_id::R3.Corda: Index att_id_idx created
?[m?[37m[INFO] 11:12:07,705 [Test worker] liquibase. - master.changelog.json: migration/node-services.changelog-init.xml::add index att_id::R3.Corda: ChangeSet migration/node-services.changelog-init.xml::add index att_id::R3.Corda ran successfully in 0ms
?[m?[37m[INFO] 11:12:07,706 [Test worker] liquibase. - master.changelog.json: migration/node-services.changelog-init.xml::add_contract_attachment::R3.Corda: Table node_attchments_contracts created
?[m?[37m[INFO] 11:12:07,707 [Test worker] liquibase. - master.changelog.json: migration/node-services.changelog-init.xml::add_contract_attachment::R3.Corda: Foreign key constraint added to node_attchments_contracts (att_id)
?[m?[37m[INFO] 11:12:07,707 [Test worker] liquibase. - master.changelog.json: migration/node-services.changelog-init.xml::add_contract_attachment::R3.Corda: Data deleted from node_attachments
?[m?[37m[INFO] 11:12:07,707 [Test worker] liquibase. - master.changelog.json: migration/node-services.changelog-init.xml::add_contract_attachment::R3.Corda: ChangeSet migration/node-services.changelog-init.xml::add_contract_attachment::R3.Corda ran successfully in 1ms
?[m?[37m[INFO] 11:12:07,709 [Test worker] liquibase. - master.changelog.json: migration/node-services.changelog-init.xml::add_dedup_columns::R3.Corda: Columns sender(NVARCHAR(64)),sequence_number(BIGINT) added to node_message_ids
?[m?[37m[INFO] 11:12:07,709 [Test worker] liquibase. - master.changelog.json: migration/node-services.changelog-init.xml::add_dedup_columns::R3.Corda: ChangeSet migration/node-services.changelog-init.xml::add_dedup_columns::R3.Corda ran successfully in 1ms
?[m?[37m[INFO] 11:12:07,710 [Test worker] liquibase. - master.changelog.json: migration/node-core.changelog-v4.xml::attchments_rename::R3.Corda: Table node_attchments_contracts renamed to node_attachments_contracts
?[m?[37m[INFO] 11:12:07,710 [Test worker] liquibase. - master.changelog.json: migration/node-core.changelog-v4.xml::attchments_rename::R3.Corda: ChangeSet migration/node-core.changelog-v4.xml::attchments_rename::R3.Corda ran successfully in 1ms
?[m?[37m[INFO] 11:12:07,710 [Test worker] liquibase. - master.changelog.json: migration/node-core.changelog-v4.xml::nullability::R3.Corda: Null constraint has been added to node_identities.identity_value
?[m?[37m[INFO] 11:12:07,710 [Test worker] liquibase. - master.changelog.json: migration/node-core.changelog-v4.xml::nullability::R3.Corda: Null constraint has been added to node_attachments.content
?[m?[37m[INFO] 11:12:07,710 [Test worker] liquibase. - master.changelog.json: migration/node-core.changelog-v4.xml::nullability::R3.Corda: Null constraint has been added to node_attachments_contracts.contract_class_name
?[m?[37m[INFO] 11:12:07,710 [Test worker] liquibase. - master.changelog.json: migration/node-core.changelog-v4.xml::nullability::R3.Corda: Null constraint has been added to node_checkpoints.checkpoint_value
?[m?[37m[INFO] 11:12:07,711 [Test worker] liquibase. - master.changelog.json: migration/node-core.changelog-v4.xml::nullability::R3.Corda: Null constraint has been added to node_contract_upgrades.contract_class_name
?[m?[37m[INFO] 11:12:07,711 [Test worker] liquibase. - master.changelog.json: migration/node-core.changelog-v4.xml::nullability::R3.Corda: Null constraint has been added to node_message_ids.insertion_time
?[m?[37m[INFO] 11:12:07,711 [Test worker] liquibase. - master.changelog.json: migration/node-core.changelog-v4.xml::nullability::R3.Corda: Null constraint has been added to node_message_retry.message
?[m?[37m[INFO] 11:12:07,711 [Test worker] liquibase. - master.changelog.json: migration/node-core.changelog-v4.xml::nullability::R3.Corda: Null constraint has been added to node_message_retry.recipients
?[m?[37m[INFO] 11:12:07,711 [Test worker] liquibase. - master.changelog.json: migration/node-core.changelog-v4.xml::nullability::R3.Corda: Null constraint has been added to node_named_identities.pk_hash
?[m?[37m[INFO] 11:12:07,711 [Test worker] liquibase. - master.changelog.json: migration/node-core.changelog-v4.xml::nullability::R3.Corda: Null constraint has been added to node_our_key_pairs.private_key
?[m?[37m[INFO] 11:12:07,711 [Test worker] liquibase. - master.changelog.json: migration/node-core.changelog-v4.xml::nullability::R3.Corda: Null constraint has been added to node_our_key_pairs.public_key
?[m?[37m[INFO] 11:12:07,711 [Test worker] liquibase. - master.changelog.json: migration/node-core.changelog-v4.xml::nullability::R3.Corda: Null constraint has been added to node_transaction_mappings.state_machine_run_id
?[m?[37m[INFO] 11:12:07,711 [Test worker] liquibase. - master.changelog.json: migration/node-core.changelog-v4.xml::nullability::R3.Corda: Null constraint has been added to node_transactions.transaction_value
?[m?[37m[INFO] 11:12:07,711 [Test worker] liquibase. - master.changelog.json: migration/node-core.changelog-v4.xml::nullability::R3.Corda: ChangeSet migration/node-core.changelog-v4.xml::nullability::R3.Corda ran successfully in 1ms
?[m?[37m[INFO] 11:12:07,712 [Test worker] liquibase. - master.changelog.json: migration/node-core.changelog-v5.xml::remove_unused_node_message_retry::R3.Corda: Table node_message_retry dropped
?[m?[37m[INFO] 11:12:07,712 [Test worker] liquibase. - master.changelog.json: migration/node-core.changelog-v5.xml::remove_unused_node_message_retry::R3.Corda: ChangeSet migration/node-core.changelog-v5.xml::remove_unused_node_message_retry::R3.Corda ran successfully in 0ms
?[m?[37m[INFO] 11:12:07,727 [Test worker] liquibase. - master.changelog.json: migration/node-core.changelog-v8.xml::conditional_attchments_rename::R3.Corda: Marking ChangeSet: migration/node-core.changelog-v8.xml::conditional_attchments_rename::R3.Corda ran despite precondition failure due to onFail='MARK_RAN': 
          master.changelog.json : Table PUBLIC.NODE_ATTCHMENTS_CONTRACTS does not exist

?[m?[37m[INFO] 11:12:07,734 [Test worker] liquibase. - master.changelog.json: migration/node-core.changelog-v8.xml::conditional_attchments_contracts::R3.Corda: Marking ChangeSet: migration/node-core.changelog-v8.xml::conditional_attchments_contracts::R3.Corda ran despite precondition failure due to onFail='MARK_RAN': 
          master.changelog.json : Table PUBLIC.NODE_ATTACHMENTS_CONTRACT_CLASS_NAME does not exist

?[m?[37m[INFO] 11:12:07,735 [Test worker] liquibase. - master.changelog.json: migration/node-core.changelog-v8.xml::add_signers::R3.Corda: Table node_attachments_signers created
?[m?[37m[INFO] 11:12:07,736 [Test worker] liquibase. - master.changelog.json: migration/node-core.changelog-v8.xml::add_signers::R3.Corda: Foreign key constraint added to node_attachments_signers (att_id)
?[m?[37m[INFO] 11:12:07,736 [Test worker] liquibase. - master.changelog.json: migration/node-core.changelog-v8.xml::add_signers::R3.Corda: ChangeSet migration/node-core.changelog-v8.xml::add_signers::R3.Corda ran successfully in 1ms
?[m?[37m[INFO] 11:12:07,738 [Test worker] liquibase. - master.changelog.json: migration/node-core.changelog-tx-mapping.xml::add_tx_mapping_column::R3.Corda: Columns state_machine_run_id(NVARCHAR(36)) added to node_transactions
?[m?[37m[INFO] 11:12:07,738 [Test worker] liquibase. - master.changelog.json: migration/node-core.changelog-tx-mapping.xml::add_tx_mapping_column::R3.Corda: Custom SQL executed
?[m?[37m[INFO] 11:12:07,739 [Test worker] liquibase. - master.changelog.json: migration/node-core.changelog-tx-mapping.xml::add_tx_mapping_column::R3.Corda: Table node_transaction_mappings dropped
?[m?[37m[INFO] 11:12:07,739 [Test worker] liquibase. - master.changelog.json: migration/node-core.changelog-tx-mapping.xml::add_tx_mapping_column::R3.Corda: ChangeSet migration/node-core.changelog-tx-mapping.xml::add_tx_mapping_column::R3.Corda ran successfully in 3ms
?[m?[37m[INFO] 11:12:07,740 [Test worker] liquibase. - master.changelog.json: migration/node-services.changelog-init.xml::add_network_parameters_storage::R3.Corda: Table node_network_parameters created
?[m?[37m[INFO] 11:12:07,740 [Test worker] liquibase. - master.changelog.json: migration/node-services.changelog-init.xml::add_network_parameters_storage::R3.Corda: ChangeSet migration/node-services.changelog-init.xml::add_network_parameters_storage::R3.Corda ran successfully in 1ms
?[m?[37m[INFO] 11:12:07,741 [Test worker] liquibase. - master.changelog.json: migration/node-services.changelog-init.xml::network_parameters_pk::R3.Corda: Primary key added to node_network_parameters (hash)
?[m?[37m[INFO] 11:12:07,741 [Test worker] liquibase. - master.changelog.json: migration/node-services.changelog-init.xml::network_parameters_pk::R3.Corda: ChangeSet migration/node-services.changelog-init.xml::network_parameters_pk::R3.Corda ran successfully in 0ms
?[m?[37m[INFO] 11:12:07,744 [Test worker] liquibase. - master.changelog.json: migration/node-services.changelog-init.xml::add_version_column::R3.Corda: Columns version(INT) added to node_attachments
?[m?[37m[INFO] 11:12:07,745 [Test worker] liquibase. - master.changelog.json: migration/node-services.changelog-init.xml::add_version_column::R3.Corda: Custom SQL executed
?[m?[37m[INFO] 11:12:07,745 [Test worker] liquibase. - master.changelog.json: migration/node-services.changelog-init.xml::add_version_column::R3.Corda: Null constraint has been added to node_attachments.version
?[m?[37m[INFO] 11:12:07,745 [Test worker] liquibase. - master.changelog.json: migration/node-services.changelog-init.xml::add_version_column::R3.Corda: ChangeSet migration/node-services.changelog-init.xml::add_version_column::R3.Corda ran successfully in 3ms
?[m?[37m[INFO] 11:12:07,746 [Test worker] persistence.AttachmentVersionNumberMigration. - Start executing...
?[m?[37m[INFO] 11:12:07,747 [Test worker] persistence.AttachmentVersionNumberMigration. - Attachment version creation from whitelisted JARs using network parameters from build/mock-network/20190407-151207.351/nodes/0/network-parameters, whitelistedContractImplementations: {}.
?[m?[37m[INFO] 11:12:07,747 [Test worker] persistence.AttachmentVersionNumberMigration. - Attachment version creation from whitelisted JARs skipped, no attachments not found.
?[m?[37m[INFO] 11:12:07,747 [Test worker] liquibase. - master.changelog.json: migration/node-services.changelog-init.xml::update-version-of-whitelisted-jars::R3.Corda: null
?[m?[37m[INFO] 11:12:07,747 [Test worker] liquibase. - master.changelog.json: migration/node-services.changelog-init.xml::update-version-of-whitelisted-jars::R3.Corda: ChangeSet migration/node-services.changelog-init.xml::update-version-of-whitelisted-jars::R3.Corda ran successfully in 1ms
?[m?[37m[INFO] 11:12:07,748 [Test worker] migration.VaultStateMigration. - Migrating vault state data to V4 tables
?[m?[37m[INFO] 11:12:07,751 [Test worker] persistence.HibernateConfiguration. - Init HibernateConfiguration for schemas: [VaultMigrationSchemaV1(name=net.corda.node.migration.VaultMigrationSchema, version=1), VaultSchemaV1(name=net.corda.node.services.vault.VaultSchema, version=1)]
?[m?[37m[INFO] 11:12:07,751 [Test worker] persistence.HibernateConfiguration. - Creating session factory for schemas: [VaultMigrationSchemaV1(name=net.corda.node.migration.VaultMigrationSchema, version=1), VaultSchemaV1(name=net.corda.node.services.vault.VaultSchema, version=1)]
?[m?[37m[INFO] 11:12:07,756 [Test worker] internal.ConnectionProviderInitiator. - HHH000130: Instantiating explicit connection provider: net.corda.nodeapi.internal.persistence.HibernateConfiguration$NodeDatabaseConnectionProvider
?[m?[37m[INFO] 11:12:07,756 [Test worker] dialect.Dialect. - HHH000400: Using dialect: org.hibernate.dialect.H2Dialect
?[m?[37m[INFO] 11:12:07,758 [Test worker] type.BasicTypeRegistry. - HHH000270: Type registration [materialized_blob] overrides previous : org.hibernate.type.MaterializedBlobType@13ae4c5f
?[m?[37m[INFO] 11:12:07,795 [Test worker] connections.access. - HHH10001501: Connection obtained from JdbcConnectionAccess [org.hibernate.engine.jdbc.env.internal.JdbcEnvironmentInitiator$ConnectionProviderJdbcConnectionAccess@5103651e] for (non-JTA) DDL execution was not in auto-commit mode; the Connection 'local transaction' will be committed and the Connection will be set into auto-commit mode.
?[m?[37m[INFO] 11:12:07,819 [Test worker] persistence.HibernateConfiguration. - Created session factory for schemas: [VaultMigrationSchemaV1(name=net.corda.node.migration.VaultMigrationSchema, version=1), VaultSchemaV1(name=net.corda.node.services.vault.VaultSchema, version=1)]
?[m?[37m[INFO] 11:12:07,820 [Test worker] internal.QueryTranslatorFactoryInitiator. - HHH000397: Using ASTQueryTranslatorFactory
?[m?[37m[INFO] 11:12:07,825 [Test worker] migration.VaultStateMigration. - Finished performing vault state data migration for 0 states
?[m?[37m[INFO] 11:12:07,825 [Test worker] liquibase. - master.changelog.json: migration/vault-schema.changelog-v9.xml::update-vault-states::R3.Corda: null
?[m?[37m[INFO] 11:12:07,825 [Test worker] liquibase. - master.changelog.json: migration/vault-schema.changelog-v9.xml::update-vault-states::R3.Corda: ChangeSet migration/vault-schema.changelog-v9.xml::update-vault-states::R3.Corda ran successfully in 77ms
?[m?[37m[INFO] 11:12:07,826 [Test worker] liquibase. - master.changelog.json: migration/node-services.changelog-init.xml::1511451595465-16::R3.Corda: Table node_notary_committed_states created
?[m?[37m[INFO] 11:12:07,826 [Test worker] liquibase. - master.changelog.json: migration/node-services.changelog-init.xml::1511451595465-16::R3.Corda: ChangeSet migration/node-services.changelog-init.xml::1511451595465-16::R3.Corda ran successfully in 1ms
?[m?[37m[INFO] 11:12:07,826 [Test worker] liquibase. - master.changelog.json: migration/node-services.changelog-init.xml::1521131680317-17::R3.Corda: Table node_notary_request_log created
?[m?[37m[INFO] 11:12:07,826 [Test worker] liquibase. - master.changelog.json: migration/node-services.changelog-init.xml::1521131680317-17::R3.Corda: ChangeSet migration/node-services.changelog-init.xml::1521131680317-17::R3.Corda ran successfully in 0ms
?[m?[37m[INFO] 11:12:07,827 [Test worker] liquibase. - master.changelog.json: migration/node-services.changelog-init.xml::1511451595465-41::R3.Corda: Primary key added to node_notary_committed_states (output_index, transaction_id)
?[m?[37m[INFO] 11:12:07,827 [Test worker] liquibase. - master.changelog.json: migration/node-services.changelog-init.xml::1511451595465-41::R3.Corda: ChangeSet migration/node-services.changelog-init.xml::1511451595465-41::R3.Corda ran successfully in 0ms
?[m?[37m[INFO] 11:12:07,828 [Test worker] liquibase. - master.changelog.json: migration/node-services.changelog-init.xml::1521131680317-48::R3.Corda: Primary key added to node_notary_request_log (id)
?[m?[37m[INFO] 11:12:07,828 [Test worker] liquibase. - master.changelog.json: migration/node-services.changelog-init.xml::1521131680317-48::R3.Corda: ChangeSet migration/node-services.changelog-init.xml::1521131680317-48::R3.Corda ran successfully in 1ms
?[m?[37m[INFO] 11:12:07,828 [Test worker] liquibase. - master.changelog.json: migration/node-services.changelog-init.xml::nullability::R3.Corda: Null constraint has been added to node_notary_committed_states.consuming_transaction_id
?[m?[37m[INFO] 11:12:07,828 [Test worker] liquibase. - master.changelog.json: migration/node-services.changelog-init.xml::nullability::R3.Corda: ChangeSet migration/node-services.changelog-init.xml::nullability::R3.Corda ran successfully in 0ms
?[m?[37m[INFO] 11:12:07,836 [Test worker] liquibase. - master.changelog.json: migration/node-notary.changelog-v2.xml::rename-table-notary-commit-log::R3.Corda: Marking ChangeSet: migration/node-notary.changelog-v2.xml::rename-table-notary-commit-log::R3.Corda ran despite precondition failure due to onFail='MARK_RAN': 
          master.changelog.json : Table PUBLIC.node_notary_commit_log does not exist

?[m?[37m[INFO] 11:12:07,838 [Test worker] liquibase. - master.changelog.json: migration/node-notary.changelog-v2.xml::create-notary-request-log-table::R3.Corda: Marking ChangeSet: migration/node-notary.changelog-v2.xml::create-notary-request-log-table::R3.Corda ran despite precondition failure due to onFail='MARK_RAN': 
          master.changelog.json : Not precondition failed

?[m?[37m[INFO] 11:12:07,839 [Test worker] liquibase. - master.changelog.json: migration/node-notary.changelog-committed-transactions-table.xml::create-notary-committed-transactions-table::R3.Corda: Table node_notary_committed_txs created
?[m?[37m[INFO] 11:12:07,840 [Test worker] liquibase. - master.changelog.json: migration/node-notary.changelog-committed-transactions-table.xml::create-notary-committed-transactions-table::R3.Corda: Primary key added to node_notary_committed_txs (transaction_id)
?[m?[37m[INFO] 11:12:07,840 [Test worker] liquibase. - master.changelog.json: migration/node-notary.changelog-committed-transactions-table.xml::create-notary-committed-transactions-table::R3.Corda: ChangeSet migration/node-notary.changelog-committed-transactions-table.xml::create-notary-committed-transactions-table::R3.Corda ran successfully in 1ms
?[m?[37m[INFO] 11:12:07,841 [Test worker] liquibase. - Successfully released change log lock
?[m?[37m[INFO] 11:12:07,841 [Test worker] internal.InternalMockNetwork$MockNode. - Connected to H2 database.
?[m?[37m[INFO] 11:12:07,847 [Test worker] persistence.HibernateConfiguration. - Init HibernateConfiguration for schemas: [CommonSchemaV1(name=net.corda.core.schemas.CommonSchema, version=1), VaultSchemaV1(name=net.corda.node.services.vault.VaultSchema, version=1), NodeInfoSchemaV1(name=net.corda.node.internal.schemas.NodeInfoSchema, version=1), NodeCoreV1(name=net.corda.node.services.schema.NodeSchemaService$NodeCore, version=1), FNOLSchemaV1(name=com.example.schema.FNOLSchema, version=1), IOUSchemaV1(name=com.example.schema.IOUSchema, version=1), NodeNotarySchemaV1(name=net.corda.node.services.transactions.NodeNotarySchema, version=1)]
?[m?[37m[INFO] 11:12:07,847 [Test worker] persistence.HibernateConfiguration. - Creating session factory for schemas: [CommonSchemaV1(name=net.corda.core.schemas.CommonSchema, version=1), VaultSchemaV1(name=net.corda.node.services.vault.VaultSchema, version=1), NodeInfoSchemaV1(name=net.corda.node.internal.schemas.NodeInfoSchema, version=1), NodeCoreV1(name=net.corda.node.services.schema.NodeSchemaService$NodeCore, version=1), FNOLSchemaV1(name=com.example.schema.FNOLSchema, version=1), IOUSchemaV1(name=com.example.schema.IOUSchema, version=1), NodeNotarySchemaV1(name=net.corda.node.services.transactions.NodeNotarySchema, version=1)]
?[m?[37m[INFO] 11:12:07,852 [Test worker] internal.ConnectionProviderInitiator. - HHH000130: Instantiating explicit connection provider: net.corda.nodeapi.internal.persistence.HibernateConfiguration$NodeDatabaseConnectionProvider
?[m?[37m[INFO] 11:12:07,852 [Test worker] dialect.Dialect. - HHH000400: Using dialect: org.hibernate.dialect.H2Dialect
?[m?[37m[INFO] 11:12:07,853 [Test worker] type.BasicTypeRegistry. - HHH000270: Type registration [materialized_blob] overrides previous : org.hibernate.type.MaterializedBlobType@13ae4c5f
?[m?[37m[INFO] 11:12:07,903 [Test worker] connections.access. - HHH10001501: Connection obtained from JdbcConnectionAccess [org.hibernate.engine.jdbc.env.internal.JdbcEnvironmentInitiator$ConnectionProviderJdbcConnectionAccess@5aea4b4c] for (non-JTA) DDL execution was not in auto-commit mode; the Connection 'local transaction' will be committed and the Connection will be set into auto-commit mode.
?[m?[37m[INFO] 11:12:07,936 [Test worker] persistence.HibernateConfiguration. - Created session factory for schemas: [CommonSchemaV1(name=net.corda.core.schemas.CommonSchema, version=1), VaultSchemaV1(name=net.corda.node.services.vault.VaultSchema, version=1), NodeInfoSchemaV1(name=net.corda.node.internal.schemas.NodeInfoSchema, version=1), NodeCoreV1(name=net.corda.node.services.schema.NodeSchemaService$NodeCore, version=1), FNOLSchemaV1(name=com.example.schema.FNOLSchema, version=1), IOUSchemaV1(name=com.example.schema.IOUSchema, version=1), NodeNotarySchemaV1(name=net.corda.node.services.transactions.NodeNotarySchema, version=1)]
?[m?[37m[INFO] 11:12:07,938 [Test worker] internal.QueryTranslatorFactoryInitiator. - HHH000397: Using ASTQueryTranslatorFactory
?[m?[37m[INFO] 11:12:07,940 [Test worker] internal.InternalMockNetwork$MockNode. - Node-info has changed so submitting update. Old node-info was null
?[m?[37m[INFO] 11:12:07,940 [Test worker] network.PersistentNetworkMapCache. - Adding node with info: NodeInfo(addresses=[mock.node:1000], legalIdentitiesAndCerts=[O=Notary Service, L=Zurich, C=CH], platformVersion=4, serial=1554649927940)
?[m?[37m[INFO] 11:12:07,942 [Test worker] network.PersistentNetworkMapCache. - No previous node found
?[m?[37m[INFO] 11:12:07,954 [Test worker] internal.InternalMockNetwork$MockNode. - New node-info: NodeInfo(addresses=[mock.node:1000], legalIdentitiesAndCerts=[O=Notary Service, L=Zurich, C=CH], platformVersion=4, serial=1554649927940)
?[m?[37m[INFO] 11:12:07,962 [Test worker] network.NetworkMapUpdater. - Auto-accept enabled for network parameter changes which modify only: [epoch, modifiedTime, packageOwnership, whitelistedContractImplementations]
?[m?[37m[INFO] 11:12:07,964 [MockNode-4-2] network.PersistentNetworkMapCache. - Adding node with info: NodeInfo(addresses=[mock.node:1000], legalIdentitiesAndCerts=[O=Notary Service, L=Zurich, C=CH], platformVersion=4, serial=1554649927940)
?[m?[37m[INFO] 11:12:07,968 [MockNode-4-2] network.PersistentNetworkMapCache. - Previous node was identical to incoming one - doing nothing
?[m?[37m[INFO] 11:12:07,992 [Test worker] ClassloaderUtils. - Contracts loading for '/var/folders/5q/xy985yhj7rg30rc4c_z3gd4m0000gn/T/attachment2657213235128486010.jar' took 19 msec
?[m?[37m[INFO] 11:12:08,001 [Test worker] persistence.NodeAttachmentService. - Stored new attachment: id=B0DC6BB384D1A6B002EFC0F67EDD756DE1A1E8883DAE28EEB966064A6EF48F64 uploader=app filename=null
?[m?[37m[INFO] 11:12:08,003 [Test worker] utilities.NotaryLoader. - Starting notary service: class net.corda.node.services.transactions.SimpleNotaryService
?[m?[37m[INFO] 11:12:08,003 [Test worker] notary.SinglePartyNotaryService. - Starting notary in validating mode
?[m?[37m[INFO] 11:12:08,008 [Test worker] statemachine.SingleThreadedStateMachineManager. - Node ready, info: NodeInfo(addresses=[mock.node:1000], legalIdentitiesAndCerts=[O=Notary Service, L=Zurich, C=CH], platformVersion=4, serial=1554649927940)
?[m?[37m[INFO] 11:12:08,011 [Test worker] network.PersistentNetworkMapCache. - Adding node with info: NodeInfo(addresses=[mock.node:1000], legalIdentitiesAndCerts=[O=Notary Service, L=Zurich, C=CH], platformVersion=4, serial=1554649927940)
?[m?[37m[INFO] 11:12:08,011 [Test worker] network.PersistentNetworkMapCache. - Previous node was identical to incoming one - doing nothing
?[m?[37m[INFO] 11:12:08,011 [Test worker] network.PersistentNetworkMapCache. - Adding node with info: NodeInfo(addresses=[mock.node:1000], legalIdentitiesAndCerts=[O=Notary Service, L=Zurich, C=CH], platformVersion=4, serial=1554649927940)
?[m?[37m[INFO] 11:12:08,011 [Test worker] network.PersistentNetworkMapCache. - Previous node was identical to incoming one - doing nothing
?[m?[37m[INFO] 11:12:08,017 [Test worker] cordapp.JarScanningCordappLoader. - Looking for CorDapps in [build/mock-network/20190407-151207.351/nodes/1/cordapps]
?[m?[37m[INFO] 11:12:08,017 [Test worker] cordapp.JarScanningCordappLoader. - Loading CorDapps from RestrictedURL(url=file:/Users/vivian.a.chen/Hackathon/samples/cordapp-example/workflows-kotlin/build/mock-network/20190407-151207.351/nodes/1/cordapps/cordapp-example-workflows-0.1.jar, rootPackageName=null), RestrictedURL(url=file:/Users/vivian.a.chen/Hackathon/samples/cordapp-example/workflows-kotlin/build/mock-network/20190407-151207.351/nodes/1/cordapps/cordapp-example-contracts-0.1.jar, rootPackageName=null)
?[m?[37m[INFO] 11:12:08,017 [Test worker] cordapp.JarScanningCordappLoader. - Scanning CorDapp in file:/Users/vivian.a.chen/Hackathon/samples/cordapp-example/workflows-kotlin/build/mock-network/20190407-151207.351/nodes/1/cordapps/cordapp-example-workflows-0.1.jar
?[m?[37m[INFO] 11:12:08,039 [Test worker] cordapp.JarScanningCordappLoader. - Found notary service CorDapp implementations: 
?[m?[37m[INFO] 11:12:08,039 [Test worker] cordapp.JarScanningCordappLoader. - Scanning CorDapp in file:/Users/vivian.a.chen/Hackathon/samples/cordapp-example/workflows-kotlin/build/mock-network/20190407-151207.351/nodes/1/cordapps/cordapp-example-contracts-0.1.jar
?[m?[37m[INFO] 11:12:08,061 [Test worker] cordapp.JarScanningCordappLoader. - Found notary service CorDapp implementations: 
?[m?[37m[INFO] 11:12:08,068 [Test worker] internal.InternalMockNetwork$MockNode. - Node starting up ...
?[m?[37m[INFO] 11:12:08,089 [Test worker] internal.NodeFlowManager. - Registered com.example.flow.CreateFNOLFlow$Initiator to initiate com.example.flow.CreateFNOLFlow$Acceptor (version 1)
?[m?[37m[INFO] 11:12:08,089 [Test worker] internal.NodeFlowManager. - Registered com.example.flow.ExampleFlow$Initiator to initiate com.example.flow.ExampleFlow$Acceptor (version 1)
?[m?[37m[INFO] 11:12:08,089 [Test worker] internal.NodeFlowManager. - Registered com.example.flow.UpdateFNOLFlow$Initiator to initiate com.example.flow.UpdateFNOLFlow$Acceptor (version 1)
?[m?[37m[INFO] 11:12:08,093 [Test worker] internal.InternalMockNetwork$MockNode. - Loaded network parameters: NetworkParameters {
      minimumPlatformVersion=1
      notaries=[NotaryInfo(identity=O=Notary Service, L=Zurich, C=CH, validating=true)]
      maxMessageSize=10485760
      maxTransactionSize=524288000
      whitelistedContractImplementations {
        
      }
      eventHorizon=PT720H
      packageOwnership {
        
      }
      modifiedTime=2019-04-07T15:12:07.351Z
      epoch=1
  }
?[m?[37m[INFO] 11:12:08,093 [Test worker] hikari.HikariDataSource. - HikariPool-5 - Started.
?[m?[37m[INFO] 11:12:08,218 [Test worker] liquibase. - Creating database history table with name: PUBLIC.DATABASECHANGELOG
?[m?[37m[INFO] 11:12:08,220 [Test worker] liquibase. - Reading from PUBLIC.DATABASECHANGELOG
?[m?[37m[INFO] 11:12:08,222 [Test worker] liquibase. - master.changelog.json: migration/common.changelog-init.xml::1511451595465-1.3::R3.Corda: Skipping changeSet migration/common.changelog-init.xml::1511451595465-1.3::R3.Corda due to validation error(s): minValue is not allowed on h2
?[m?[37m[INFO] 11:12:08,226 [Test worker] liquibase. - master.changelog.json: migration/vault-schema.changelog-pkey.xml::non-clustered_pk-11::R3.Corda: Skipping changeSet migration/vault-schema.changelog-pkey.xml::non-clustered_pk-11::R3.Corda due to validation error(s): clustered is not allowed on h2
?[m?[37m[INFO] 11:12:08,227 [Test worker] liquibase. - master.changelog.json: migration/vault-schema.changelog-pkey.xml::non-clustered_pk-12::R3.Corda: Skipping changeSet migration/vault-schema.changelog-pkey.xml::non-clustered_pk-12::R3.Corda due to validation error(s): clustered is not allowed on h2
?[m?[37m[INFO] 11:12:08,227 [Test worker] liquibase. - master.changelog.json: migration/vault-schema.changelog-pkey.xml::non-clustered_pk-13::R3.Corda: Skipping changeSet migration/vault-schema.changelog-pkey.xml::non-clustered_pk-13::R3.Corda due to validation error(s): clustered is not allowed on h2
?[m?[37m[INFO] 11:12:08,237 [Test worker] liquibase. - master.changelog.json: migration/node-core.changelog-pkey.xml::non-clustered_pk-1::R3.Corda: Skipping changeSet migration/node-core.changelog-pkey.xml::non-clustered_pk-1::R3.Corda due to validation error(s): clustered is not allowed on h2
?[m?[37m[INFO] 11:12:08,237 [Test worker] liquibase. - master.changelog.json: migration/node-core.changelog-pkey.xml::non-clustered_pk-2::R3.Corda: Skipping changeSet migration/node-core.changelog-pkey.xml::non-clustered_pk-2::R3.Corda due to validation error(s): clustered is not allowed on h2
?[m?[37m[INFO] 11:12:08,237 [Test worker] liquibase. - master.changelog.json: migration/node-core.changelog-pkey.xml::non-clustered_pk-3::R3.Corda: Skipping changeSet migration/node-core.changelog-pkey.xml::non-clustered_pk-3::R3.Corda due to validation error(s): clustered is not allowed on h2
?[m?[37m[INFO] 11:12:08,237 [Test worker] liquibase. - master.changelog.json: migration/node-core.changelog-pkey.xml::non-clustered_pk-4::R3.Corda: Skipping changeSet migration/node-core.changelog-pkey.xml::non-clustered_pk-4::R3.Corda due to validation error(s): clustered is not allowed on h2
?[m?[37m[INFO] 11:12:08,237 [Test worker] liquibase. - master.changelog.json: migration/node-core.changelog-pkey.xml::non-clustered_pk-5::R3.Corda: Skipping changeSet migration/node-core.changelog-pkey.xml::non-clustered_pk-5::R3.Corda due to validation error(s): clustered is not allowed on h2
?[m?[37m[INFO] 11:12:08,238 [Test worker] liquibase. - master.changelog.json: migration/node-core.changelog-pkey.xml::non-clustered_pk-6::R3.Corda: Skipping changeSet migration/node-core.changelog-pkey.xml::non-clustered_pk-6::R3.Corda due to validation error(s): clustered is not allowed on h2
?[m?[37m[INFO] 11:12:08,238 [Test worker] liquibase. - master.changelog.json: migration/node-core.changelog-pkey.xml::non-clustered_pk-7::R3.Corda: Skipping changeSet migration/node-core.changelog-pkey.xml::non-clustered_pk-7::R3.Corda due to validation error(s): clustered is not allowed on h2
?[m?[37m[INFO] 11:12:08,241 [Test worker] liquibase. - Successfully acquired change log lock
?[m?[37m[INFO] 11:12:08,241 [Test worker] liquibase. - master.changelog.json: migration/common.changelog-init.xml::1511451595465-1.3::R3.Corda: Skipping changeSet migration/common.changelog-init.xml::1511451595465-1.3::R3.Corda due to validation error(s): minValue is not allowed on h2
?[m?[37m[INFO] 11:12:08,243 [Test worker] liquibase. - master.changelog.json: migration/vault-schema.changelog-pkey.xml::non-clustered_pk-11::R3.Corda: Skipping changeSet migration/vault-schema.changelog-pkey.xml::non-clustered_pk-11::R3.Corda due to validation error(s): clustered is not allowed on h2
?[m?[37m[INFO] 11:12:08,243 [Test worker] liquibase. - master.changelog.json: migration/vault-schema.changelog-pkey.xml::non-clustered_pk-12::R3.Corda: Skipping changeSet migration/vault-schema.changelog-pkey.xml::non-clustered_pk-12::R3.Corda due to validation error(s): clustered is not allowed on h2
?[m?[37m[INFO] 11:12:08,243 [Test worker] liquibase. - master.changelog.json: migration/vault-schema.changelog-pkey.xml::non-clustered_pk-13::R3.Corda: Skipping changeSet migration/vault-schema.changelog-pkey.xml::non-clustered_pk-13::R3.Corda due to validation error(s): clustered is not allowed on h2
?[m?[37m[INFO] 11:12:08,246 [Test worker] liquibase. - master.changelog.json: migration/node-core.changelog-pkey.xml::non-clustered_pk-1::R3.Corda: Skipping changeSet migration/node-core.changelog-pkey.xml::non-clustered_pk-1::R3.Corda due to validation error(s): clustered is not allowed on h2
?[m?[37m[INFO] 11:12:08,246 [Test worker] liquibase. - master.changelog.json: migration/node-core.changelog-pkey.xml::non-clustered_pk-2::R3.Corda: Skipping changeSet migration/node-core.changelog-pkey.xml::non-clustered_pk-2::R3.Corda due to validation error(s): clustered is not allowed on h2
?[m?[37m[INFO] 11:12:08,246 [Test worker] liquibase. - master.changelog.json: migration/node-core.changelog-pkey.xml::non-clustered_pk-3::R3.Corda: Skipping changeSet migration/node-core.changelog-pkey.xml::non-clustered_pk-3::R3.Corda due to validation error(s): clustered is not allowed on h2
?[m?[37m[INFO] 11:12:08,246 [Test worker] liquibase. - master.changelog.json: migration/node-core.changelog-pkey.xml::non-clustered_pk-4::R3.Corda: Skipping changeSet migration/node-core.changelog-pkey.xml::non-clustered_pk-4::R3.Corda due to validation error(s): clustered is not allowed on h2
?[m?[37m[INFO] 11:12:08,246 [Test worker] liquibase. - master.changelog.json: migration/node-core.changelog-pkey.xml::non-clustered_pk-5::R3.Corda: Skipping changeSet migration/node-core.changelog-pkey.xml::non-clustered_pk-5::R3.Corda due to validation error(s): clustered is not allowed on h2
?[m?[37m[INFO] 11:12:08,246 [Test worker] liquibase. - master.changelog.json: migration/node-core.changelog-pkey.xml::non-clustered_pk-6::R3.Corda: Skipping changeSet migration/node-core.changelog-pkey.xml::non-clustered_pk-6::R3.Corda due to validation error(s): clustered is not allowed on h2
?[m?[37m[INFO] 11:12:08,246 [Test worker] liquibase. - master.changelog.json: migration/node-core.changelog-pkey.xml::non-clustered_pk-7::R3.Corda: Skipping changeSet migration/node-core.changelog-pkey.xml::non-clustered_pk-7::R3.Corda due to validation error(s): clustered is not allowed on h2
?[m?[37m[INFO] 11:12:08,247 [Test worker] liquibase. - master.changelog.json: migration/common.changelog-init.xml::1511451595465-1.1::R3.Corda: Sequence hibernate_sequence created
?[m?[37m[INFO] 11:12:08,247 [Test worker] liquibase. - master.changelog.json: migration/common.changelog-init.xml::1511451595465-1.1::R3.Corda: ChangeSet migration/common.changelog-init.xml::1511451595465-1.1::R3.Corda ran successfully in 0ms
?[m?[37m[INFO] 11:12:08,249 [Test worker] liquibase. - master.changelog.json: migration/vault-schema.changelog-init.xml::1511451595465-22::R3.Corda: Table vault_fungible_states created
?[m?[37m[INFO] 11:12:08,249 [Test worker] liquibase. - master.changelog.json: migration/vault-schema.changelog-init.xml::1511451595465-22::R3.Corda: ChangeSet migration/vault-schema.changelog-init.xml::1511451595465-22::R3.Corda ran successfully in 1ms
?[m?[37m[INFO] 11:12:08,250 [Test worker] liquibase. - master.changelog.json: migration/vault-schema.changelog-init.xml::1511451595465-23::R3.Corda: Table vault_fungible_states_parts created
?[m?[37m[INFO] 11:12:08,250 [Test worker] liquibase. - master.changelog.json: migration/vault-schema.changelog-init.xml::1511451595465-23::R3.Corda: ChangeSet migration/vault-schema.changelog-init.xml::1511451595465-23::R3.Corda ran successfully in 1ms
?[m?[37m[INFO] 11:12:08,250 [Test worker] liquibase. - master.changelog.json: migration/vault-schema.changelog-init.xml::1511451595465-24::R3.Corda: Table vault_linear_states created
?[m?[37m[INFO] 11:12:08,250 [Test worker] liquibase. - master.changelog.json: migration/vault-schema.changelog-init.xml::1511451595465-24::R3.Corda: ChangeSet migration/vault-schema.changelog-init.xml::1511451595465-24::R3.Corda ran successfully in 0ms
?[m?[37m[INFO] 11:12:08,251 [Test worker] liquibase. - master.changelog.json: migration/vault-schema.changelog-init.xml::1511451595465-25::R3.Corda: Table vault_linear_states_parts created
?[m?[37m[INFO] 11:12:08,251 [Test worker] liquibase. - master.changelog.json: migration/vault-schema.changelog-init.xml::1511451595465-25::R3.Corda: ChangeSet migration/vault-schema.changelog-init.xml::1511451595465-25::R3.Corda ran successfully in 0ms
?[m?[37m[INFO] 11:12:08,252 [Test worker] liquibase. - master.changelog.json: migration/vault-schema.changelog-init.xml::1511451595465-26::R3.Corda: Table vault_states created
?[m?[37m[INFO] 11:12:08,252 [Test worker] liquibase. - master.changelog.json: migration/vault-schema.changelog-init.xml::1511451595465-26::R3.Corda: ChangeSet migration/vault-schema.changelog-init.xml::1511451595465-26::R3.Corda ran successfully in 0ms
?[m?[37m[INFO] 11:12:08,253 [Test worker] liquibase. - master.changelog.json: migration/vault-schema.changelog-init.xml::1511451595465-27::R3.Corda: Table vault_transaction_notes created
?[m?[37m[INFO] 11:12:08,253 [Test worker] liquibase. - master.changelog.json: migration/vault-schema.changelog-init.xml::1511451595465-27::R3.Corda: ChangeSet migration/vault-schema.changelog-init.xml::1511451595465-27::R3.Corda ran successfully in 0ms
?[m?[37m[INFO] 11:12:08,253 [Test worker] liquibase. - master.changelog.json: migration/vault-schema.changelog-init.xml::1511451595465-47::R3.Corda: Primary key added to vault_fungible_states (output_index, transaction_id)
?[m?[37m[INFO] 11:12:08,253 [Test worker] liquibase. - master.changelog.json: migration/vault-schema.changelog-init.xml::1511451595465-47::R3.Corda: ChangeSet migration/vault-schema.changelog-init.xml::1511451595465-47::R3.Corda ran successfully in 0ms
?[m?[37m[INFO] 11:12:08,254 [Test worker] liquibase. - master.changelog.json: migration/vault-schema.changelog-init.xml::1511451595465-48::R3.Corda: Primary key added to vault_linear_states (output_index, transaction_id)
?[m?[37m[INFO] 11:12:08,254 [Test worker] liquibase. - master.changelog.json: migration/vault-schema.changelog-init.xml::1511451595465-48::R3.Corda: ChangeSet migration/vault-schema.changelog-init.xml::1511451595465-48::R3.Corda ran successfully in 0ms
?[m?[37m[INFO] 11:12:08,255 [Test worker] liquibase. - master.changelog.json: migration/vault-schema.changelog-init.xml::1511451595465-49::R3.Corda: Primary key added to vault_states (output_index, transaction_id)
?[m?[37m[INFO] 11:12:08,255 [Test worker] liquibase. - master.changelog.json: migration/vault-schema.changelog-init.xml::1511451595465-49::R3.Corda: ChangeSet migration/vault-schema.changelog-init.xml::1511451595465-49::R3.Corda ran successfully in 1ms
?[m?[37m[INFO] 11:12:08,255 [Test worker] liquibase. - master.changelog.json: migration/vault-schema.changelog-init.xml::1511451595465-50::R3.Corda: Primary key added to vault_transaction_notes (seq_no)
?[m?[37m[INFO] 11:12:08,255 [Test worker] liquibase. - master.changelog.json: migration/vault-schema.changelog-init.xml::1511451595465-50::R3.Corda: ChangeSet migration/vault-schema.changelog-init.xml::1511451595465-50::R3.Corda ran successfully in 0ms
?[m?[37m[INFO] 11:12:08,256 [Test worker] liquibase. - master.changelog.json: migration/vault-schema.changelog-init.xml::1511451595465-53::R3.Corda: Index external_id_index created
?[m?[37m[INFO] 11:12:08,256 [Test worker] liquibase. - master.changelog.json: migration/vault-schema.changelog-init.xml::1511451595465-53::R3.Corda: ChangeSet migration/vault-schema.changelog-init.xml::1511451595465-53::R3.Corda ran successfully in 0ms
?[m?[37m[INFO] 11:12:08,257 [Test worker] liquibase. - master.changelog.json: migration/vault-schema.changelog-init.xml::1511451595465-55::R3.Corda: Index lock_id_idx created
?[m?[37m[INFO] 11:12:08,257 [Test worker] liquibase. - master.changelog.json: migration/vault-schema.changelog-init.xml::1511451595465-55::R3.Corda: ChangeSet migration/vault-schema.changelog-init.xml::1511451595465-55::R3.Corda ran successfully in 1ms
?[m?[37m[INFO] 11:12:08,257 [Test worker] liquibase. - master.changelog.json: migration/vault-schema.changelog-init.xml::1511451595465-58::R3.Corda: Index state_status_idx created
?[m?[37m[INFO] 11:12:08,257 [Test worker] liquibase. - master.changelog.json: migration/vault-schema.changelog-init.xml::1511451595465-58::R3.Corda: ChangeSet migration/vault-schema.changelog-init.xml::1511451595465-58::R3.Corda ran successfully in 0ms
?[m?[37m[INFO] 11:12:08,258 [Test worker] liquibase. - master.changelog.json: migration/vault-schema.changelog-init.xml::1511451595465-59::R3.Corda: Index transaction_id_index created
?[m?[37m[INFO] 11:12:08,258 [Test worker] liquibase. - master.changelog.json: migration/vault-schema.changelog-init.xml::1511451595465-59::R3.Corda: ChangeSet migration/vault-schema.changelog-init.xml::1511451595465-59::R3.Corda ran successfully in 0ms
?[m?[37m[INFO] 11:12:08,258 [Test worker] liquibase. - master.changelog.json: migration/vault-schema.changelog-init.xml::1511451595465-60::R3.Corda: Index uuid_index created
?[m?[37m[INFO] 11:12:08,258 [Test worker] liquibase. - master.changelog.json: migration/vault-schema.changelog-init.xml::1511451595465-60::R3.Corda: ChangeSet migration/vault-schema.changelog-init.xml::1511451595465-60::R3.Corda ran successfully in 0ms
?[m?[37m[INFO] 11:12:08,260 [Test worker] liquibase. - master.changelog.json: migration/vault-schema.changelog-init.xml::1511451595465-64::R3.Corda: Foreign key constraint added to vault_fungible_states_parts (output_index,transaction_id)
?[m?[37m[INFO] 11:12:08,260 [Test worker] liquibase. - master.changelog.json: migration/vault-schema.changelog-init.xml::1511451595465-64::R3.Corda: ChangeSet migration/vault-schema.changelog-init.xml::1511451595465-64::R3.Corda ran successfully in 1ms
?[m?[37m[INFO] 11:12:08,281 [Test worker] liquibase. - master.changelog.json: migration/vault-schema.changelog-init.xml::1511451595465-65::R3.Corda: Foreign key constraint added to vault_linear_states_parts (output_index,transaction_id)
?[m?[37m[INFO] 11:12:08,281 [Test worker] liquibase. - master.changelog.json: migration/vault-schema.changelog-init.xml::1511451595465-65::R3.Corda: ChangeSet migration/vault-schema.changelog-init.xml::1511451595465-65::R3.Corda ran successfully in 21ms
?[m?[37m[INFO] 11:12:08,283 [Test worker] liquibase. - master.changelog.json: migration/vault-schema.changelog-v3.xml::clean_vault::R3.Corda: Data deleted from vault_fungible_states_parts
?[m?[37m[INFO] 11:12:08,283 [Test worker] liquibase. - master.changelog.json: migration/vault-schema.changelog-v3.xml::clean_vault::R3.Corda: Data deleted from vault_fungible_states
?[m?[37m[INFO] 11:12:08,283 [Test worker] liquibase. - master.changelog.json: migration/vault-schema.changelog-v3.xml::clean_vault::R3.Corda: Data deleted from vault_linear_states_parts
?[m?[37m[INFO] 11:12:08,283 [Test worker] liquibase. - master.changelog.json: migration/vault-schema.changelog-v3.xml::clean_vault::R3.Corda: Data deleted from vault_linear_states
?[m?[37m[INFO] 11:12:08,283 [Test worker] liquibase. - master.changelog.json: migration/vault-schema.changelog-v3.xml::clean_vault::R3.Corda: Data deleted from vault_states
?[m?[37m[INFO] 11:12:08,283 [Test worker] liquibase. - master.changelog.json: migration/vault-schema.changelog-v3.xml::clean_vault::R3.Corda: Data deleted from vault_transaction_notes
?[m?[37m[INFO] 11:12:08,283 [Test worker] liquibase. - master.changelog.json: migration/vault-schema.changelog-v3.xml::clean_vault::R3.Corda: ChangeSet migration/vault-schema.changelog-v3.xml::clean_vault::R3.Corda ran successfully in 1ms
?[m?[37m[INFO] 11:12:08,284 [Test worker] liquibase. - master.changelog.json: migration/vault-schema.changelog-v4.xml::nullability::R3.Corda: Null constraint has been added to vault_fungible_states.quantity
?[m?[37m[INFO] 11:12:08,284 [Test worker] liquibase. - master.changelog.json: migration/vault-schema.changelog-v4.xml::nullability::R3.Corda: Null constraint has been added to vault_states.contract_state_class_name
?[m?[37m[INFO] 11:12:08,284 [Test worker] liquibase. - master.changelog.json: migration/vault-schema.changelog-v4.xml::nullability::R3.Corda: Null constraint has been added to vault_states.notary_name
?[m?[37m[INFO] 11:12:08,284 [Test worker] liquibase. - master.changelog.json: migration/vault-schema.changelog-v4.xml::nullability::R3.Corda: Null constraint has been added to vault_states.recorded_timestamp
?[m?[37m[INFO] 11:12:08,284 [Test worker] liquibase. - master.changelog.json: migration/vault-schema.changelog-v4.xml::nullability::R3.Corda: Index state_status_idx dropped from table vault_states
?[m?[37m[INFO] 11:12:08,284 [Test worker] liquibase. - master.changelog.json: migration/vault-schema.changelog-v4.xml::nullability::R3.Corda: Index lock_id_idx dropped from table vault_states
?[m?[37m[INFO] 11:12:08,284 [Test worker] liquibase. - master.changelog.json: migration/vault-schema.changelog-v4.xml::nullability::R3.Corda: Null constraint has been added to vault_states.state_status
?[m?[37m[INFO] 11:12:08,285 [Test worker] liquibase. - master.changelog.json: migration/vault-schema.changelog-v4.xml::nullability::R3.Corda: Index state_status_idx created
?[m?[37m[INFO] 11:12:08,285 [Test worker] liquibase. - master.changelog.json: migration/vault-schema.changelog-v4.xml::nullability::R3.Corda: Index lock_id_idx created
?[m?[37m[INFO] 11:12:08,285 [Test worker] liquibase. - master.changelog.json: migration/vault-schema.changelog-v4.xml::nullability::R3.Corda: Index transaction_id_index dropped from table vault_transaction_notes
?[m?[37m[INFO] 11:12:08,285 [Test worker] liquibase. - master.changelog.json: migration/vault-schema.changelog-v4.xml::nullability::R3.Corda: Null constraint has been added to vault_transaction_notes.note
?[m?[37m[INFO] 11:12:08,285 [Test worker] liquibase. - master.changelog.json: migration/vault-schema.changelog-v4.xml::nullability::R3.Corda: Null constraint has been added to vault_transaction_notes.transaction_id
?[m?[37m[INFO] 11:12:08,285 [Test worker] liquibase. - master.changelog.json: migration/vault-schema.changelog-v4.xml::nullability::R3.Corda: Index transaction_id_index created
?[m?[37m[INFO] 11:12:08,285 [Test worker] liquibase. - master.changelog.json: migration/vault-schema.changelog-v4.xml::nullability::R3.Corda: ChangeSet migration/vault-schema.changelog-v4.xml::nullability::R3.Corda ran successfully in 2ms
?[m?[37m[INFO] 11:12:08,290 [Test worker] liquibase. - master.changelog.json: migration/vault-schema.changelog-v5.xml::add_relevancy_status_column::R3.Corda: Columns relevancy_status(INT) added to vault_states
?[m?[37m[INFO] 11:12:08,290 [Test worker] liquibase. - master.changelog.json: migration/vault-schema.changelog-v5.xml::add_relevancy_status_column::R3.Corda: Data updated in vault_states
?[m?[37m[INFO] 11:12:08,290 [Test worker] liquibase. - master.changelog.json: migration/vault-schema.changelog-v5.xml::add_relevancy_status_column::R3.Corda: Null constraint has been added to vault_states.relevancy_status
?[m?[37m[INFO] 11:12:08,290 [Test worker] liquibase. - master.changelog.json: migration/vault-schema.changelog-v5.xml::add_relevancy_status_column::R3.Corda: ChangeSet migration/vault-schema.changelog-v5.xml::add_relevancy_status_column::R3.Corda ran successfully in 2ms
?[m?[37m[INFO] 11:12:08,292 [Test worker] liquibase. - master.changelog.json: migration/vault-schema.changelog-v6.xml::add_is_constraint_information_columns::R3.Corda: Columns constraint_type(INT) added to vault_states
?[m?[37m[INFO] 11:12:08,293 [Test worker] liquibase. - master.changelog.json: migration/vault-schema.changelog-v6.xml::add_is_constraint_information_columns::R3.Corda: Columns constraint_data(varbinary(563)) added to vault_states
?[m?[37m[INFO] 11:12:08,293 [Test worker] liquibase. - master.changelog.json: migration/vault-schema.changelog-v6.xml::add_is_constraint_information_columns::R3.Corda: ChangeSet migration/vault-schema.changelog-v6.xml::add_is_constraint_information_columns::R3.Corda ran successfully in 2ms
?[m?[37m[INFO] 11:12:08,294 [Test worker] liquibase. - master.changelog.json: migration/vault-schema.changelog-v7.xml::make_issuer_ref_nullable::R3.Corda: Null constraint dropped from vault_fungible_states.issuer_ref
?[m?[37m[INFO] 11:12:08,294 [Test worker] liquibase. - master.changelog.json: migration/vault-schema.changelog-v7.xml::make_issuer_ref_nullable::R3.Corda: ChangeSet migration/vault-schema.changelog-v7.xml::make_issuer_ref_nullable::R3.Corda ran successfully in 0ms
?[m?[37m[INFO] 11:12:08,295 [Test worker] liquibase. - master.changelog.json: migration/vault-schema.changelog-v8.xml::create-external-id-to-state-party-view::R3.Corda: Table state_party created
?[m?[37m[INFO] 11:12:08,295 [Test worker] liquibase. - master.changelog.json: migration/vault-schema.changelog-v8.xml::create-external-id-to-state-party-view::R3.Corda: Index state_pk_hash_idx created
?[m?[37m[INFO] 11:12:08,295 [Test worker] liquibase. - master.changelog.json: migration/vault-schema.changelog-v8.xml::create-external-id-to-state-party-view::R3.Corda: Table pk_hash_to_ext_id_map created
?[m?[37m[INFO] 11:12:08,295 [Test worker] liquibase. - master.changelog.json: migration/vault-schema.changelog-v8.xml::create-external-id-to-state-party-view::R3.Corda: Index pk_hash_to_xid_idx created
?[m?[37m[INFO] 11:12:08,296 [Test worker] liquibase. - master.changelog.json: migration/vault-schema.changelog-v8.xml::create-external-id-to-state-party-view::R3.Corda: View v_pkey_hash_ex_id_map created
?[m?[37m[INFO] 11:12:08,296 [Test worker] liquibase. - master.changelog.json: migration/vault-schema.changelog-v8.xml::create-external-id-to-state-party-view::R3.Corda: ChangeSet migration/vault-schema.changelog-v8.xml::create-external-id-to-state-party-view::R3.Corda ran successfully in 1ms
?[m?[37m[INFO] 11:12:08,298 [Test worker] liquibase. - master.changelog.json: migration/node-info.changelog-init.xml::1511451595465-4::R3.Corda: Table node_link_nodeinfo_party created
?[m?[37m[INFO] 11:12:08,298 [Test worker] liquibase. - master.changelog.json: migration/node-info.changelog-init.xml::1511451595465-4::R3.Corda: ChangeSet migration/node-info.changelog-init.xml::1511451595465-4::R3.Corda ran successfully in 1ms
?[m?[37m[INFO] 11:12:08,299 [Test worker] liquibase. - master.changelog.json: migration/node-info.changelog-init.xml::1511451595465-10::R3.Corda: Table node_info_hosts created
?[m?[37m[INFO] 11:12:08,299 [Test worker] liquibase. - master.changelog.json: migration/node-info.changelog-init.xml::1511451595465-10::R3.Corda: ChangeSet migration/node-info.changelog-init.xml::1511451595465-10::R3.Corda ran successfully in 1ms
?[m?[37m[INFO] 11:12:08,300 [Test worker] liquibase. - master.changelog.json: migration/node-info.changelog-init.xml::1511451595465-11::R3.Corda: Table node_info_party_cert created
?[m?[37m[INFO] 11:12:08,300 [Test worker] liquibase. - master.changelog.json: migration/node-info.changelog-init.xml::1511451595465-11::R3.Corda: ChangeSet migration/node-info.changelog-init.xml::1511451595465-11::R3.Corda ran successfully in 0ms
?[m?[37m[INFO] 11:12:08,301 [Test worker] liquibase. - master.changelog.json: migration/node-info.changelog-init.xml::1511451595465-12::R3.Corda: Table node_infos created
?[m?[37m[INFO] 11:12:08,301 [Test worker] liquibase. - master.changelog.json: migration/node-info.changelog-init.xml::1511451595465-12::R3.Corda: ChangeSet migration/node-info.changelog-init.xml::1511451595465-12::R3.Corda ran successfully in 0ms
?[m?[37m[INFO] 11:12:08,302 [Test worker] liquibase. - master.changelog.json: migration/node-info.changelog-init.xml::1511451595465-35::R3.Corda: Primary key added to node_info_hosts (host, port)
?[m?[37m[INFO] 11:12:08,302 [Test worker] liquibase. - master.changelog.json: migration/node-info.changelog-init.xml::1511451595465-35::R3.Corda: ChangeSet migration/node-info.changelog-init.xml::1511451595465-35::R3.Corda ran successfully in 0ms
?[m?[37m[INFO] 11:12:08,303 [Test worker] liquibase. - master.changelog.json: migration/node-info.changelog-init.xml::1511451595465-36::R3.Corda: Primary key added to node_info_party_cert (party_name)
?[m?[37m[INFO] 11:12:08,303 [Test worker] liquibase. - master.changelog.json: migration/node-info.changelog-init.xml::1511451595465-36::R3.Corda: ChangeSet migration/node-info.changelog-init.xml::1511451595465-36::R3.Corda ran successfully in 0ms
?[m?[37m[INFO] 11:12:08,304 [Test worker] liquibase. - master.changelog.json: migration/node-info.changelog-init.xml::1511451595465-37::R3.Corda: Primary key added to node_infos (node_info_id)
?[m?[37m[INFO] 11:12:08,304 [Test worker] liquibase. - master.changelog.json: migration/node-info.changelog-init.xml::1511451595465-37::R3.Corda: ChangeSet migration/node-info.changelog-init.xml::1511451595465-37::R3.Corda ran successfully in 0ms
?[m?[37m[INFO] 11:12:08,305 [Test worker] liquibase. - master.changelog.json: migration/node-info.changelog-init.xml::1511451595465-62::R3.Corda: Foreign key constraint added to node_link_nodeinfo_party (node_info_id)
?[m?[37m[INFO] 11:12:08,305 [Test worker] liquibase. - master.changelog.json: migration/node-info.changelog-init.xml::1511451595465-62::R3.Corda: ChangeSet migration/node-info.changelog-init.xml::1511451595465-62::R3.Corda ran successfully in 0ms
?[m?[37m[INFO] 11:12:08,307 [Test worker] liquibase. - master.changelog.json: migration/node-info.changelog-init.xml::1511451595465-63::R3.Corda: Foreign key constraint added to node_info_hosts (node_info_id)
?[m?[37m[INFO] 11:12:08,307 [Test worker] liquibase. - master.changelog.json: migration/node-info.changelog-init.xml::1511451595465-63::R3.Corda: ChangeSet migration/node-info.changelog-init.xml::1511451595465-63::R3.Corda ran successfully in 1ms
?[m?[37m[INFO] 11:12:08,308 [Test worker] liquibase. - master.changelog.json: migration/node-info.changelog-init.xml::remove_host_port_pk::R3.Corda: Data deleted from node_infos
?[m?[37m[INFO] 11:12:08,308 [Test worker] liquibase. - master.changelog.json: migration/node-info.changelog-init.xml::remove_host_port_pk::R3.Corda: Data deleted from node_link_nodeinfo_party
?[m?[37m[INFO] 11:12:08,308 [Test worker] liquibase. - master.changelog.json: migration/node-info.changelog-init.xml::remove_host_port_pk::R3.Corda: Data deleted from node_info_hosts
?[m?[37m[INFO] 11:12:08,308 [Test worker] liquibase. - master.changelog.json: migration/node-info.changelog-init.xml::remove_host_port_pk::R3.Corda: Data deleted from node_info_party_cert
?[m?[37m[INFO] 11:12:08,308 [Test worker] liquibase. - master.changelog.json: migration/node-info.changelog-init.xml::remove_host_port_pk::R3.Corda: Primary key dropped from node_info_hosts
?[m?[37m[INFO] 11:12:08,309 [Test worker] liquibase. - master.changelog.json: migration/node-info.changelog-init.xml::remove_host_port_pk::R3.Corda: Columns hosts_id(INT) added to node_info_hosts
?[m?[37m[INFO] 11:12:08,309 [Test worker] liquibase. - master.changelog.json: migration/node-info.changelog-init.xml::remove_host_port_pk::R3.Corda: Primary key added to node_info_hosts (hosts_id)
?[m?[37m[INFO] 11:12:08,309 [Test worker] liquibase. - master.changelog.json: migration/node-info.changelog-init.xml::remove_host_port_pk::R3.Corda: ChangeSet migration/node-info.changelog-init.xml::remove_host_port_pk::R3.Corda ran successfully in 2ms
?[m?[37m[INFO] 11:12:08,310 [Test worker] liquibase. - master.changelog.json: migration/node-info.changelog-v1.xml::key/value node properties table::R3.Corda: Table node_properties created
?[m?[37m[INFO] 11:12:08,310 [Test worker] liquibase. - master.changelog.json: migration/node-info.changelog-v1.xml::key/value node properties table::R3.Corda: ChangeSet migration/node-info.changelog-v1.xml::key/value node properties table::R3.Corda ran successfully in 0ms
?[m?[37m[INFO] 11:12:08,311 [Test worker] liquibase. - master.changelog.json: migration/node-info.changelog-v2.xml::1525962920::R3.Corda: Null constraint has been added to node_infos.node_info_hash
?[m?[37m[INFO] 11:12:08,311 [Test worker] liquibase. - master.changelog.json: migration/node-info.changelog-v2.xml::1525962920::R3.Corda: Null constraint has been added to node_infos.platform_version
?[m?[37m[INFO] 11:12:08,311 [Test worker] liquibase. - master.changelog.json: migration/node-info.changelog-v2.xml::1525962920::R3.Corda: Null constraint has been added to node_infos.serial
?[m?[37m[INFO] 11:12:08,311 [Test worker] liquibase. - master.changelog.json: migration/node-info.changelog-v2.xml::1525962920::R3.Corda: Null constraint dropped from node_info_hosts.host
?[m?[37m[INFO] 11:12:08,311 [Test worker] liquibase. - master.changelog.json: migration/node-info.changelog-v2.xml::1525962920::R3.Corda: Null constraint dropped from node_info_hosts.port
?[m?[37m[INFO] 11:12:08,312 [Test worker] liquibase. - master.changelog.json: migration/node-info.changelog-v2.xml::1525962920::R3.Corda: Null constraint has been added to node_info_party_cert.owning_key_hash
?[m?[37m[INFO] 11:12:08,312 [Test worker] liquibase. - master.changelog.json: migration/node-info.changelog-v2.xml::1525962920::R3.Corda: Null constraint has been added to node_info_party_cert.party_cert_binary
?[m?[37m[INFO] 11:12:08,312 [Test worker] liquibase. - master.changelog.json: migration/node-info.changelog-v2.xml::1525962920::R3.Corda: ChangeSet migration/node-info.changelog-v2.xml::1525962920::R3.Corda ran successfully in 1ms
?[m?[37m[INFO] 11:12:08,313 [Test worker] liquibase. - master.changelog.json: migration/node-info.changelog-v3.xml::column_host_name::R3.Corda: Column node_info_hosts.host renamed to host_name
?[m?[37m[INFO] 11:12:08,313 [Test worker] liquibase. - master.changelog.json: migration/node-info.changelog-v3.xml::column_host_name::R3.Corda: ChangeSet migration/node-info.changelog-v3.xml::column_host_name::R3.Corda ran successfully in 0ms
?[m?[37m[INFO] 11:12:08,314 [Test worker] liquibase. - master.changelog.json: migration/node-services.changelog-init.xml::1511451595465-5::R3.Corda: Table node_attachments created
?[m?[37m[INFO] 11:12:08,314 [Test worker] liquibase. - master.changelog.json: migration/node-services.changelog-init.xml::1511451595465-5::R3.Corda: ChangeSet migration/node-services.changelog-init.xml::1511451595465-5::R3.Corda ran successfully in 0ms
?[m?[37m[INFO] 11:12:08,316 [Test worker] liquibase. - master.changelog.json: migration/node-services.changelog-init.xml::1511451595465-7::R3.Corda: Table node_checkpoints created
?[m?[37m[INFO] 11:12:08,316 [Test worker] liquibase. - master.changelog.json: migration/node-services.changelog-init.xml::1511451595465-7::R3.Corda: ChangeSet migration/node-services.changelog-init.xml::1511451595465-7::R3.Corda ran successfully in 1ms
?[m?[37m[INFO] 11:12:08,317 [Test worker] liquibase. - master.changelog.json: migration/node-services.changelog-init.xml::1511451595465-8::R3.Corda: Table node_contract_upgrades created
?[m?[37m[INFO] 11:12:08,317 [Test worker] liquibase. - master.changelog.json: migration/node-services.changelog-init.xml::1511451595465-8::R3.Corda: ChangeSet migration/node-services.changelog-init.xml::1511451595465-8::R3.Corda ran successfully in 1ms
?[m?[37m[INFO] 11:12:08,317 [Test worker] liquibase. - master.changelog.json: migration/node-services.changelog-init.xml::1511451595465-9::R3.Corda: Table node_identities created
?[m?[37m[INFO] 11:12:08,317 [Test worker] liquibase. - master.changelog.json: migration/node-services.changelog-init.xml::1511451595465-9::R3.Corda: ChangeSet migration/node-services.changelog-init.xml::1511451595465-9::R3.Corda ran successfully in 0ms
?[m?[37m[INFO] 11:12:08,318 [Test worker] liquibase. - master.changelog.json: migration/node-services.changelog-init.xml::1511451595465-13::R3.Corda: Table node_message_ids created
?[m?[37m[INFO] 11:12:08,318 [Test worker] liquibase. - master.changelog.json: migration/node-services.changelog-init.xml::1511451595465-13::R3.Corda: ChangeSet migration/node-services.changelog-init.xml::1511451595465-13::R3.Corda ran successfully in 0ms
?[m?[37m[INFO] 11:12:08,319 [Test worker] liquibase. - master.changelog.json: migration/node-services.changelog-init.xml::1511451595465-14::R3.Corda: Table node_message_retry created
?[m?[37m[INFO] 11:12:08,319 [Test worker] liquibase. - master.changelog.json: migration/node-services.changelog-init.xml::1511451595465-14::R3.Corda: ChangeSet migration/node-services.changelog-init.xml::1511451595465-14::R3.Corda ran successfully in 1ms
?[m?[37m[INFO] 11:12:08,319 [Test worker] liquibase. - master.changelog.json: migration/node-services.changelog-init.xml::1511451595465-15::R3.Corda: Table node_named_identities created
?[m?[37m[INFO] 11:12:08,319 [Test worker] liquibase. - master.changelog.json: migration/node-services.changelog-init.xml::1511451595465-15::R3.Corda: ChangeSet migration/node-services.changelog-init.xml::1511451595465-15::R3.Corda ran successfully in 0ms
?[m?[37m[INFO] 11:12:08,320 [Test worker] liquibase. - master.changelog.json: migration/node-services.changelog-init.xml::1511451595465-17::R3.Corda: Table node_our_key_pairs created
?[m?[37m[INFO] 11:12:08,320 [Test worker] liquibase. - master.changelog.json: migration/node-services.changelog-init.xml::1511451595465-17::R3.Corda: ChangeSet migration/node-services.changelog-init.xml::1511451595465-17::R3.Corda ran successfully in 0ms
?[m?[37m[INFO] 11:12:08,321 [Test worker] liquibase. - master.changelog.json: migration/node-services.changelog-init.xml::1511451595465-19::R3.Corda: Table node_scheduled_states created
?[m?[37m[INFO] 11:12:08,321 [Test worker] liquibase. - master.changelog.json: migration/node-services.changelog-init.xml::1511451595465-19::R3.Corda: ChangeSet migration/node-services.changelog-init.xml::1511451595465-19::R3.Corda ran successfully in 0ms
?[m?[37m[INFO] 11:12:08,322 [Test worker] liquibase. - master.changelog.json: migration/node-services.changelog-init.xml::1511451595465-20::R3.Corda: Table node_transaction_mappings created
?[m?[37m[INFO] 11:12:08,322 [Test worker] liquibase. - master.changelog.json: migration/node-services.changelog-init.xml::1511451595465-20::R3.Corda: ChangeSet migration/node-services.changelog-init.xml::1511451595465-20::R3.Corda ran successfully in 0ms
?[m?[37m[INFO] 11:12:08,323 [Test worker] liquibase. - master.changelog.json: migration/node-services.changelog-init.xml::1511451595465-21::R3.Corda: Table node_transactions created
?[m?[37m[INFO] 11:12:08,323 [Test worker] liquibase. - master.changelog.json: migration/node-services.changelog-init.xml::1511451595465-21::R3.Corda: ChangeSet migration/node-services.changelog-init.xml::1511451595465-21::R3.Corda ran successfully in 0ms
?[m?[37m[INFO] 11:12:08,324 [Test worker] liquibase. - master.changelog.json: migration/node-services.changelog-init.xml::1511451595465-30::R3.Corda: Primary key added to node_attachments (att_id)
?[m?[37m[INFO] 11:12:08,324 [Test worker] liquibase. - master.changelog.json: migration/node-services.changelog-init.xml::1511451595465-30::R3.Corda: ChangeSet migration/node-services.changelog-init.xml::1511451595465-30::R3.Corda ran successfully in 0ms
?[m?[37m[INFO] 11:12:08,325 [Test worker] liquibase. - master.changelog.json: migration/node-services.changelog-init.xml::1511451595465-32::R3.Corda: Primary key added to node_checkpoints (checkpoint_id)
?[m?[37m[INFO] 11:12:08,325 [Test worker] liquibase. - master.changelog.json: migration/node-services.changelog-init.xml::1511451595465-32::R3.Corda: ChangeSet migration/node-services.changelog-init.xml::1511451595465-32::R3.Corda ran successfully in 1ms
?[m?[37m[INFO] 11:12:08,325 [Test worker] liquibase. - master.changelog.json: migration/node-services.changelog-init.xml::1511451595465-33::R3.Corda: Primary key added to node_contract_upgrades (state_ref)
?[m?[37m[INFO] 11:12:08,325 [Test worker] liquibase. - master.changelog.json: migration/node-services.changelog-init.xml::1511451595465-33::R3.Corda: ChangeSet migration/node-services.changelog-init.xml::1511451595465-33::R3.Corda ran successfully in 0ms
?[m?[37m[INFO] 11:12:08,326 [Test worker] liquibase. - master.changelog.json: migration/node-services.changelog-init.xml::1511451595465-34::R3.Corda: Primary key added to node_identities (pk_hash)
?[m?[37m[INFO] 11:12:08,326 [Test worker] liquibase. - master.changelog.json: migration/node-services.changelog-init.xml::1511451595465-34::R3.Corda: ChangeSet migration/node-services.changelog-init.xml::1511451595465-34::R3.Corda ran successfully in 0ms
?[m?[37m[INFO] 11:12:08,327 [Test worker] liquibase. - master.changelog.json: migration/node-services.changelog-init.xml::1511451595465-38::R3.Corda: Primary key added to node_message_ids (message_id)
?[m?[37m[INFO] 11:12:08,327 [Test worker] liquibase. - master.changelog.json: migration/node-services.changelog-init.xml::1511451595465-38::R3.Corda: ChangeSet migration/node-services.changelog-init.xml::1511451595465-38::R3.Corda ran successfully in 0ms
?[m?[37m[INFO] 11:12:08,328 [Test worker] liquibase. - master.changelog.json: migration/node-services.changelog-init.xml::1511451595465-39::R3.Corda: Primary key added to node_message_retry (message_id)
?[m?[37m[INFO] 11:12:08,328 [Test worker] liquibase. - master.changelog.json: migration/node-services.changelog-init.xml::1511451595465-39::R3.Corda: ChangeSet migration/node-services.changelog-init.xml::1511451595465-39::R3.Corda ran successfully in 0ms
?[m?[37m[INFO] 11:12:08,329 [Test worker] liquibase. - master.changelog.json: migration/node-services.changelog-init.xml::1511451595465-40::R3.Corda: Primary key added to node_named_identities (name)
?[m?[37m[INFO] 11:12:08,329 [Test worker] liquibase. - master.changelog.json: migration/node-services.changelog-init.xml::1511451595465-40::R3.Corda: ChangeSet migration/node-services.changelog-init.xml::1511451595465-40::R3.Corda ran successfully in 0ms
?[m?[37m[INFO] 11:12:08,330 [Test worker] liquibase. - master.changelog.json: migration/node-services.changelog-init.xml::1511451595465-42::R3.Corda: Primary key added to node_our_key_pairs (public_key_hash)
?[m?[37m[INFO] 11:12:08,330 [Test worker] liquibase. - master.changelog.json: migration/node-services.changelog-init.xml::1511451595465-42::R3.Corda: ChangeSet migration/node-services.changelog-init.xml::1511451595465-42::R3.Corda ran successfully in 1ms
?[m?[37m[INFO] 11:12:08,330 [Test worker] liquibase. - master.changelog.json: migration/node-services.changelog-init.xml::1511451595465-44::R3.Corda: Primary key added to node_scheduled_states (output_index, transaction_id)
?[m?[37m[INFO] 11:12:08,330 [Test worker] liquibase. - master.changelog.json: migration/node-services.changelog-init.xml::1511451595465-44::R3.Corda: ChangeSet migration/node-services.changelog-init.xml::1511451595465-44::R3.Corda ran successfully in 0ms
?[m?[37m[INFO] 11:12:08,331 [Test worker] liquibase. - master.changelog.json: migration/node-services.changelog-init.xml::1511451595465-45::R3.Corda: Primary key added to node_transaction_mappings (tx_id)
?[m?[37m[INFO] 11:12:08,331 [Test worker] liquibase. - master.changelog.json: migration/node-services.changelog-init.xml::1511451595465-45::R3.Corda: ChangeSet migration/node-services.changelog-init.xml::1511451595465-45::R3.Corda ran successfully in 0ms
?[m?[37m[INFO] 11:12:08,332 [Test worker] liquibase. - master.changelog.json: migration/node-services.changelog-init.xml::1511451595465-46::R3.Corda: Primary key added to node_transactions (tx_id)
?[m?[37m[INFO] 11:12:08,332 [Test worker] liquibase. - master.changelog.json: migration/node-services.changelog-init.xml::1511451595465-46::R3.Corda: ChangeSet migration/node-services.changelog-init.xml::1511451595465-46::R3.Corda ran successfully in 0ms
?[m?[37m[INFO] 11:12:08,333 [Test worker] liquibase. - master.changelog.json: migration/node-services.changelog-init.xml::1511451595465-61::R3.Corda: Foreign key constraint added to node_link_nodeinfo_party (party_name)
?[m?[37m[INFO] 11:12:08,333 [Test worker] liquibase. - master.changelog.json: migration/node-services.changelog-init.xml::1511451595465-61::R3.Corda: ChangeSet migration/node-services.changelog-init.xml::1511451595465-61::R3.Corda ran successfully in 0ms
?[m?[37m[INFO] 11:12:08,334 [Test worker] liquibase. - master.changelog.json: migration/node-services.changelog-init.xml::add index att_id::R3.Corda: Index att_id_idx created
?[m?[37m[INFO] 11:12:08,334 [Test worker] liquibase. - master.changelog.json: migration/node-services.changelog-init.xml::add index att_id::R3.Corda: ChangeSet migration/node-services.changelog-init.xml::add index att_id::R3.Corda ran successfully in 0ms
?[m?[37m[INFO] 11:12:08,335 [Test worker] liquibase. - master.changelog.json: migration/node-services.changelog-init.xml::add_contract_attachment::R3.Corda: Table node_attchments_contracts created
?[m?[37m[INFO] 11:12:08,335 [Test worker] liquibase. - master.changelog.json: migration/node-services.changelog-init.xml::add_contract_attachment::R3.Corda: Foreign key constraint added to node_attchments_contracts (att_id)
?[m?[37m[INFO] 11:12:08,336 [Test worker] liquibase. - master.changelog.json: migration/node-services.changelog-init.xml::add_contract_attachment::R3.Corda: Data deleted from node_attachments
?[m?[37m[INFO] 11:12:08,336 [Test worker] liquibase. - master.changelog.json: migration/node-services.changelog-init.xml::add_contract_attachment::R3.Corda: ChangeSet migration/node-services.changelog-init.xml::add_contract_attachment::R3.Corda ran successfully in 1ms
?[m?[37m[INFO] 11:12:08,338 [Test worker] liquibase. - master.changelog.json: migration/node-services.changelog-init.xml::add_dedup_columns::R3.Corda: Columns sender(NVARCHAR(64)),sequence_number(BIGINT) added to node_message_ids
?[m?[37m[INFO] 11:12:08,338 [Test worker] liquibase. - master.changelog.json: migration/node-services.changelog-init.xml::add_dedup_columns::R3.Corda: ChangeSet migration/node-services.changelog-init.xml::add_dedup_columns::R3.Corda ran successfully in 2ms
?[m?[37m[INFO] 11:12:08,339 [Test worker] liquibase. - master.changelog.json: migration/node-core.changelog-v4.xml::attchments_rename::R3.Corda: Table node_attchments_contracts renamed to node_attachments_contracts
?[m?[37m[INFO] 11:12:08,339 [Test worker] liquibase. - master.changelog.json: migration/node-core.changelog-v4.xml::attchments_rename::R3.Corda: ChangeSet migration/node-core.changelog-v4.xml::attchments_rename::R3.Corda ran successfully in 0ms
?[m?[37m[INFO] 11:12:08,340 [Test worker] liquibase. - master.changelog.json: migration/node-core.changelog-v4.xml::nullability::R3.Corda: Null constraint has been added to node_identities.identity_value
?[m?[37m[INFO] 11:12:08,340 [Test worker] liquibase. - master.changelog.json: migration/node-core.changelog-v4.xml::nullability::R3.Corda: Null constraint has been added to node_attachments.content
?[m?[37m[INFO] 11:12:08,341 [Test worker] liquibase. - master.changelog.json: migration/node-core.changelog-v4.xml::nullability::R3.Corda: Null constraint has been added to node_attachments_contracts.contract_class_name
?[m?[37m[INFO] 11:12:08,341 [Test worker] liquibase. - master.changelog.json: migration/node-core.changelog-v4.xml::nullability::R3.Corda: Null constraint has been added to node_checkpoints.checkpoint_value
?[m?[37m[INFO] 11:12:08,341 [Test worker] liquibase. - master.changelog.json: migration/node-core.changelog-v4.xml::nullability::R3.Corda: Null constraint has been added to node_contract_upgrades.contract_class_name
?[m?[37m[INFO] 11:12:08,341 [Test worker] liquibase. - master.changelog.json: migration/node-core.changelog-v4.xml::nullability::R3.Corda: Null constraint has been added to node_message_ids.insertion_time
?[m?[37m[INFO] 11:12:08,341 [Test worker] liquibase. - master.changelog.json: migration/node-core.changelog-v4.xml::nullability::R3.Corda: Null constraint has been added to node_message_retry.message
?[m?[37m[INFO] 11:12:08,341 [Test worker] liquibase. - master.changelog.json: migration/node-core.changelog-v4.xml::nullability::R3.Corda: Null constraint has been added to node_message_retry.recipients
?[m?[37m[INFO] 11:12:08,341 [Test worker] liquibase. - master.changelog.json: migration/node-core.changelog-v4.xml::nullability::R3.Corda: Null constraint has been added to node_named_identities.pk_hash
?[m?[37m[INFO] 11:12:08,342 [Test worker] liquibase. - master.changelog.json: migration/node-core.changelog-v4.xml::nullability::R3.Corda: Null constraint has been added to node_our_key_pairs.private_key
?[m?[37m[INFO] 11:12:08,342 [Test worker] liquibase. - master.changelog.json: migration/node-core.changelog-v4.xml::nullability::R3.Corda: Null constraint has been added to node_our_key_pairs.public_key
?[m?[37m[INFO] 11:12:08,342 [Test worker] liquibase. - master.changelog.json: migration/node-core.changelog-v4.xml::nullability::R3.Corda: Null constraint has been added to node_transaction_mappings.state_machine_run_id
?[m?[37m[INFO] 11:12:08,342 [Test worker] liquibase. - master.changelog.json: migration/node-core.changelog-v4.xml::nullability::R3.Corda: Null constraint has been added to node_transactions.transaction_value
?[m?[37m[INFO] 11:12:08,342 [Test worker] liquibase. - master.changelog.json: migration/node-core.changelog-v4.xml::nullability::R3.Corda: ChangeSet migration/node-core.changelog-v4.xml::nullability::R3.Corda ran successfully in 2ms
?[m?[37m[INFO] 11:12:08,343 [Test worker] liquibase. - master.changelog.json: migration/node-core.changelog-v5.xml::remove_unused_node_message_retry::R3.Corda: Table node_message_retry dropped
?[m?[37m[INFO] 11:12:08,343 [Test worker] liquibase. - master.changelog.json: migration/node-core.changelog-v5.xml::remove_unused_node_message_retry::R3.Corda: ChangeSet migration/node-core.changelog-v5.xml::remove_unused_node_message_retry::R3.Corda ran successfully in 0ms
?[m?[37m[INFO] 11:12:08,356 [Test worker] liquibase. - master.changelog.json: migration/node-core.changelog-v8.xml::conditional_attchments_rename::R3.Corda: Marking ChangeSet: migration/node-core.changelog-v8.xml::conditional_attchments_rename::R3.Corda ran despite precondition failure due to onFail='MARK_RAN': 
          master.changelog.json : Table PUBLIC.NODE_ATTCHMENTS_CONTRACTS does not exist

?[m?[37m[INFO] 11:12:08,363 [Test worker] liquibase. - master.changelog.json: migration/node-core.changelog-v8.xml::conditional_attchments_contracts::R3.Corda: Marking ChangeSet: migration/node-core.changelog-v8.xml::conditional_attchments_contracts::R3.Corda ran despite precondition failure due to onFail='MARK_RAN': 
          master.changelog.json : Table PUBLIC.NODE_ATTACHMENTS_CONTRACT_CLASS_NAME does not exist

?[m?[37m[INFO] 11:12:08,364 [Test worker] liquibase. - master.changelog.json: migration/node-core.changelog-v8.xml::add_signers::R3.Corda: Table node_attachments_signers created
?[m?[37m[INFO] 11:12:08,365 [Test worker] liquibase. - master.changelog.json: migration/node-core.changelog-v8.xml::add_signers::R3.Corda: Foreign key constraint added to node_attachments_signers (att_id)
?[m?[37m[INFO] 11:12:08,365 [Test worker] liquibase. - master.changelog.json: migration/node-core.changelog-v8.xml::add_signers::R3.Corda: ChangeSet migration/node-core.changelog-v8.xml::add_signers::R3.Corda ran successfully in 1ms
?[m?[37m[INFO] 11:12:08,366 [Test worker] liquibase. - master.changelog.json: migration/node-core.changelog-tx-mapping.xml::add_tx_mapping_column::R3.Corda: Columns state_machine_run_id(NVARCHAR(36)) added to node_transactions
?[m?[37m[INFO] 11:12:08,367 [Test worker] liquibase. - master.changelog.json: migration/node-core.changelog-tx-mapping.xml::add_tx_mapping_column::R3.Corda: Custom SQL executed
?[m?[37m[INFO] 11:12:08,367 [Test worker] liquibase. - master.changelog.json: migration/node-core.changelog-tx-mapping.xml::add_tx_mapping_column::R3.Corda: Table node_transaction_mappings dropped
?[m?[37m[INFO] 11:12:08,367 [Test worker] liquibase. - master.changelog.json: migration/node-core.changelog-tx-mapping.xml::add_tx_mapping_column::R3.Corda: ChangeSet migration/node-core.changelog-tx-mapping.xml::add_tx_mapping_column::R3.Corda ran successfully in 2ms
?[m?[37m[INFO] 11:12:08,368 [Test worker] liquibase. - master.changelog.json: migration/node-services.changelog-init.xml::add_network_parameters_storage::R3.Corda: Table node_network_parameters created
?[m?[37m[INFO] 11:12:08,368 [Test worker] liquibase. - master.changelog.json: migration/node-services.changelog-init.xml::add_network_parameters_storage::R3.Corda: ChangeSet migration/node-services.changelog-init.xml::add_network_parameters_storage::R3.Corda ran successfully in 1ms
?[m?[37m[INFO] 11:12:08,369 [Test worker] liquibase. - master.changelog.json: migration/node-services.changelog-init.xml::network_parameters_pk::R3.Corda: Primary key added to node_network_parameters (hash)
?[m?[37m[INFO] 11:12:08,369 [Test worker] liquibase. - master.changelog.json: migration/node-services.changelog-init.xml::network_parameters_pk::R3.Corda: ChangeSet migration/node-services.changelog-init.xml::network_parameters_pk::R3.Corda ran successfully in 1ms
?[m?[37m[INFO] 11:12:08,371 [Test worker] liquibase. - master.changelog.json: migration/node-services.changelog-init.xml::add_version_column::R3.Corda: Columns version(INT) added to node_attachments
?[m?[37m[INFO] 11:12:08,371 [Test worker] liquibase. - master.changelog.json: migration/node-services.changelog-init.xml::add_version_column::R3.Corda: Custom SQL executed
?[m?[37m[INFO] 11:12:08,372 [Test worker] liquibase. - master.changelog.json: migration/node-services.changelog-init.xml::add_version_column::R3.Corda: Null constraint has been added to node_attachments.version
?[m?[37m[INFO] 11:12:08,372 [Test worker] liquibase. - master.changelog.json: migration/node-services.changelog-init.xml::add_version_column::R3.Corda: ChangeSet migration/node-services.changelog-init.xml::add_version_column::R3.Corda ran successfully in 3ms
?[m?[37m[INFO] 11:12:08,373 [Test worker] persistence.AttachmentVersionNumberMigration. - Start executing...
?[m?[37m[INFO] 11:12:08,374 [Test worker] persistence.AttachmentVersionNumberMigration. - Attachment version creation from whitelisted JARs using network parameters from build/mock-network/20190407-151207.351/nodes/1/network-parameters, whitelistedContractImplementations: {}.
?[m?[37m[INFO] 11:12:08,374 [Test worker] persistence.AttachmentVersionNumberMigration. - Attachment version creation from whitelisted JARs skipped, no attachments not found.
?[m?[37m[INFO] 11:12:08,374 [Test worker] liquibase. - master.changelog.json: migration/node-services.changelog-init.xml::update-version-of-whitelisted-jars::R3.Corda: null
?[m?[37m[INFO] 11:12:08,374 [Test worker] liquibase. - master.changelog.json: migration/node-services.changelog-init.xml::update-version-of-whitelisted-jars::R3.Corda: ChangeSet migration/node-services.changelog-init.xml::update-version-of-whitelisted-jars::R3.Corda ran successfully in 2ms
?[m?[37m[INFO] 11:12:08,375 [Test worker] migration.VaultStateMigration. - Migrating vault state data to V4 tables
?[m?[37m[INFO] 11:12:08,376 [Test worker] persistence.HibernateConfiguration. - Init HibernateConfiguration for schemas: [VaultMigrationSchemaV1(name=net.corda.node.migration.VaultMigrationSchema, version=1), VaultSchemaV1(name=net.corda.node.services.vault.VaultSchema, version=1)]
?[m?[37m[INFO] 11:12:08,376 [Test worker] persistence.HibernateConfiguration. - Creating session factory for schemas: [VaultMigrationSchemaV1(name=net.corda.node.migration.VaultMigrationSchema, version=1), VaultSchemaV1(name=net.corda.node.services.vault.VaultSchema, version=1)]
?[m?[37m[INFO] 11:12:08,380 [Test worker] internal.ConnectionProviderInitiator. - HHH000130: Instantiating explicit connection provider: net.corda.nodeapi.internal.persistence.HibernateConfiguration$NodeDatabaseConnectionProvider
?[m?[37m[INFO] 11:12:08,381 [Test worker] dialect.Dialect. - HHH000400: Using dialect: org.hibernate.dialect.H2Dialect
?[m?[37m[INFO] 11:12:08,382 [Test worker] type.BasicTypeRegistry. - HHH000270: Type registration [materialized_blob] overrides previous : org.hibernate.type.MaterializedBlobType@13ae4c5f
?[m?[37m[INFO] 11:12:08,408 [Test worker] connections.access. - HHH10001501: Connection obtained from JdbcConnectionAccess [org.hibernate.engine.jdbc.env.internal.JdbcEnvironmentInitiator$ConnectionProviderJdbcConnectionAccess@72f11d60] for (non-JTA) DDL execution was not in auto-commit mode; the Connection 'local transaction' will be committed and the Connection will be set into auto-commit mode.
?[m?[37m[INFO] 11:12:08,430 [Test worker] persistence.HibernateConfiguration. - Created session factory for schemas: [VaultMigrationSchemaV1(name=net.corda.node.migration.VaultMigrationSchema, version=1), VaultSchemaV1(name=net.corda.node.services.vault.VaultSchema, version=1)]
?[m?[37m[INFO] 11:12:08,430 [Test worker] internal.QueryTranslatorFactoryInitiator. - HHH000397: Using ASTQueryTranslatorFactory
?[m?[37m[INFO] 11:12:08,435 [Test worker] migration.VaultStateMigration. - Finished performing vault state data migration for 0 states
?[m?[37m[INFO] 11:12:08,435 [Test worker] liquibase. - master.changelog.json: migration/vault-schema.changelog-v9.xml::update-vault-states::R3.Corda: null
?[m?[37m[INFO] 11:12:08,435 [Test worker] liquibase. - master.changelog.json: migration/vault-schema.changelog-v9.xml::update-vault-states::R3.Corda: ChangeSet migration/vault-schema.changelog-v9.xml::update-vault-states::R3.Corda ran successfully in 60ms
?[m?[37m[INFO] 11:12:08,436 [Test worker] liquibase. - Successfully released change log lock
?[m?[37m[INFO] 11:12:08,437 [Test worker] internal.InternalMockNetwork$MockNode. - Connected to H2 database.
?[m?[37m[INFO] 11:12:08,437 [Test worker] internal.InternalMockNetwork$MockNode. - identity-private-key not found in key store, generating fresh key!
?[m?[37m[INFO] 11:12:08,450 [Test worker] persistence.HibernateConfiguration. - Init HibernateConfiguration for schemas: [CommonSchemaV1(name=net.corda.core.schemas.CommonSchema, version=1), VaultSchemaV1(name=net.corda.node.services.vault.VaultSchema, version=1), NodeInfoSchemaV1(name=net.corda.node.internal.schemas.NodeInfoSchema, version=1), NodeCoreV1(name=net.corda.node.services.schema.NodeSchemaService$NodeCore, version=1), FNOLSchemaV1(name=com.example.schema.FNOLSchema, version=1), IOUSchemaV1(name=com.example.schema.IOUSchema, version=1)]
?[m?[37m[INFO] 11:12:08,450 [Test worker] persistence.HibernateConfiguration. - Creating session factory for schemas: [CommonSchemaV1(name=net.corda.core.schemas.CommonSchema, version=1), VaultSchemaV1(name=net.corda.node.services.vault.VaultSchema, version=1), NodeInfoSchemaV1(name=net.corda.node.internal.schemas.NodeInfoSchema, version=1), NodeCoreV1(name=net.corda.node.services.schema.NodeSchemaService$NodeCore, version=1), FNOLSchemaV1(name=com.example.schema.FNOLSchema, version=1), IOUSchemaV1(name=com.example.schema.IOUSchema, version=1)]
?[m?[37m[INFO] 11:12:08,453 [Test worker] internal.ConnectionProviderInitiator. - HHH000130: Instantiating explicit connection provider: net.corda.nodeapi.internal.persistence.HibernateConfiguration$NodeDatabaseConnectionProvider
?[m?[37m[INFO] 11:12:08,453 [Test worker] dialect.Dialect. - HHH000400: Using dialect: org.hibernate.dialect.H2Dialect
?[m?[37m[INFO] 11:12:08,455 [Test worker] type.BasicTypeRegistry. - HHH000270: Type registration [materialized_blob] overrides previous : org.hibernate.type.MaterializedBlobType@13ae4c5f
?[m?[37m[INFO] 11:12:08,505 [Test worker] connections.access. - HHH10001501: Connection obtained from JdbcConnectionAccess [org.hibernate.engine.jdbc.env.internal.JdbcEnvironmentInitiator$ConnectionProviderJdbcConnectionAccess@68879651] for (non-JTA) DDL execution was not in auto-commit mode; the Connection 'local transaction' will be committed and the Connection will be set into auto-commit mode.
?[m?[37m[INFO] 11:12:08,539 [Test worker] persistence.HibernateConfiguration. - Created session factory for schemas: [CommonSchemaV1(name=net.corda.core.schemas.CommonSchema, version=1), VaultSchemaV1(name=net.corda.node.services.vault.VaultSchema, version=1), NodeInfoSchemaV1(name=net.corda.node.internal.schemas.NodeInfoSchema, version=1), NodeCoreV1(name=net.corda.node.services.schema.NodeSchemaService$NodeCore, version=1), FNOLSchemaV1(name=com.example.schema.FNOLSchema, version=1), IOUSchemaV1(name=com.example.schema.IOUSchema, version=1)]
?[m?[37m[INFO] 11:12:08,541 [Test worker] internal.QueryTranslatorFactoryInitiator. - HHH000397: Using ASTQueryTranslatorFactory
?[m?[37m[INFO] 11:12:08,544 [Test worker] internal.InternalMockNetwork$MockNode. - Node-info has changed so submitting update. Old node-info was null
?[m?[37m[INFO] 11:12:08,544 [Test worker] network.PersistentNetworkMapCache. - Adding node with info: NodeInfo(addresses=[mock.node:1000], legalIdentitiesAndCerts=[O=Mock Company 1, L=London, C=GB], platformVersion=4, serial=1554649928544)
?[m?[37m[INFO] 11:12:08,545 [Test worker] network.PersistentNetworkMapCache. - No previous node found
?[m?[37m[INFO] 11:12:08,550 [Test worker] internal.InternalMockNetwork$MockNode. - New node-info: NodeInfo(addresses=[mock.node:1000], legalIdentitiesAndCerts=[O=Mock Company 1, L=London, C=GB], platformVersion=4, serial=1554649928544)
?[m?[37m[INFO] 11:12:08,556 [Test worker] network.NetworkMapUpdater. - Auto-accept enabled for network parameter changes which modify only: [epoch, modifiedTime, packageOwnership, whitelistedContractImplementations]
?[m?[37m[INFO] 11:12:08,558 [MockNode-5-2] network.PersistentNetworkMapCache. - Adding node with info: NodeInfo(addresses=[mock.node:1000], legalIdentitiesAndCerts=[O=Mock Company 1, L=London, C=GB], platformVersion=4, serial=1554649928544)
?[m?[37m[INFO] 11:12:08,562 [MockNode-5-2] network.PersistentNetworkMapCache. - Previous node was identical to incoming one - doing nothing
?[m?[37m[INFO] 11:12:08,583 [Test worker] ClassloaderUtils. - Contracts loading for '/var/folders/5q/xy985yhj7rg30rc4c_z3gd4m0000gn/T/attachment1338980334311705952.jar' took 20 msec
?[m?[37m[INFO] 11:12:08,592 [Test worker] persistence.NodeAttachmentService. - Stored new attachment: id=B0DC6BB384D1A6B002EFC0F67EDD756DE1A1E8883DAE28EEB966064A6EF48F64 uploader=app filename=null
?[m?[37m[INFO] 11:12:08,599 [Test worker] statemachine.SingleThreadedStateMachineManager. - Node ready, info: NodeInfo(addresses=[mock.node:1000], legalIdentitiesAndCerts=[O=Mock Company 1, L=London, C=GB], platformVersion=4, serial=1554649928544)
?[m?[37m[INFO] 11:12:08,601 [Test worker] network.PersistentNetworkMapCache. - Adding node with info: NodeInfo(addresses=[mock.node:1000], legalIdentitiesAndCerts=[O=Notary Service, L=Zurich, C=CH], platformVersion=4, serial=1554649927940)
?[m?[37m[INFO] 11:12:08,602 [Test worker] network.PersistentNetworkMapCache. - No previous node found
?[m?[37m[INFO] 11:12:08,608 [Test worker] network.PersistentNetworkMapCache. - Adding node with info: NodeInfo(addresses=[mock.node:1000], legalIdentitiesAndCerts=[O=Mock Company 1, L=London, C=GB], platformVersion=4, serial=1554649928544)
?[m?[37m[INFO] 11:12:08,609 [Test worker] network.PersistentNetworkMapCache. - No previous node found
?[m?[37m[INFO] 11:12:08,616 [Test worker] network.PersistentNetworkMapCache. - Adding node with info: NodeInfo(addresses=[mock.node:1000], legalIdentitiesAndCerts=[O=Mock Company 1, L=London, C=GB], platformVersion=4, serial=1554649928544)
?[m?[37m[INFO] 11:12:08,616 [Test worker] network.PersistentNetworkMapCache. - Previous node was identical to incoming one - doing nothing
?[m?[37m[INFO] 11:12:08,616 [Test worker] network.PersistentNetworkMapCache. - Adding node with info: NodeInfo(addresses=[mock.node:1000], legalIdentitiesAndCerts=[O=Mock Company 1, L=London, C=GB], platformVersion=4, serial=1554649928544)
?[m?[37m[INFO] 11:12:08,616 [Test worker] network.PersistentNetworkMapCache. - Previous node was identical to incoming one - doing nothing
?[m?[37m[INFO] 11:12:08,622 [Test worker] cordapp.JarScanningCordappLoader. - Looking for CorDapps in [build/mock-network/20190407-151207.351/nodes/2/cordapps]
?[m?[37m[INFO] 11:12:08,622 [Test worker] cordapp.JarScanningCordappLoader. - Loading CorDapps from RestrictedURL(url=file:/Users/vivian.a.chen/Hackathon/samples/cordapp-example/workflows-kotlin/build/mock-network/20190407-151207.351/nodes/2/cordapps/cordapp-example-workflows-0.1.jar, rootPackageName=null), RestrictedURL(url=file:/Users/vivian.a.chen/Hackathon/samples/cordapp-example/workflows-kotlin/build/mock-network/20190407-151207.351/nodes/2/cordapps/cordapp-example-contracts-0.1.jar, rootPackageName=null)
?[m?[37m[INFO] 11:12:08,622 [Test worker] cordapp.JarScanningCordappLoader. - Scanning CorDapp in file:/Users/vivian.a.chen/Hackathon/samples/cordapp-example/workflows-kotlin/build/mock-network/20190407-151207.351/nodes/2/cordapps/cordapp-example-workflows-0.1.jar
?[m?[37m[INFO] 11:12:08,645 [Test worker] cordapp.JarScanningCordappLoader. - Found notary service CorDapp implementations: 
?[m?[37m[INFO] 11:12:08,645 [Test worker] cordapp.JarScanningCordappLoader. - Scanning CorDapp in file:/Users/vivian.a.chen/Hackathon/samples/cordapp-example/workflows-kotlin/build/mock-network/20190407-151207.351/nodes/2/cordapps/cordapp-example-contracts-0.1.jar
?[m?[37m[INFO] 11:12:08,667 [Test worker] cordapp.JarScanningCordappLoader. - Found notary service CorDapp implementations: 
?[m?[37m[INFO] 11:12:08,679 [Test worker] internal.InternalMockNetwork$MockNode. - Node starting up ...
?[m?[37m[INFO] 11:12:08,702 [Test worker] internal.NodeFlowManager. - Registered com.example.flow.CreateFNOLFlow$Initiator to initiate com.example.flow.CreateFNOLFlow$Acceptor (version 1)
?[m?[37m[INFO] 11:12:08,702 [Test worker] internal.NodeFlowManager. - Registered com.example.flow.ExampleFlow$Initiator to initiate com.example.flow.ExampleFlow$Acceptor (version 1)
?[m?[37m[INFO] 11:12:08,702 [Test worker] internal.NodeFlowManager. - Registered com.example.flow.UpdateFNOLFlow$Initiator to initiate com.example.flow.UpdateFNOLFlow$Acceptor (version 1)
?[m?[37m[INFO] 11:12:08,704 [Test worker] internal.InternalMockNetwork$MockNode. - Loaded network parameters: NetworkParameters {
      minimumPlatformVersion=1
      notaries=[NotaryInfo(identity=O=Notary Service, L=Zurich, C=CH, validating=true)]
      maxMessageSize=10485760
      maxTransactionSize=524288000
      whitelistedContractImplementations {
        
      }
      eventHorizon=PT720H
      packageOwnership {
        
      }
      modifiedTime=2019-04-07T15:12:07.351Z
      epoch=1
  }
?[m?[37m[INFO] 11:12:08,704 [Test worker] hikari.HikariDataSource. - HikariPool-6 - Started.
?[m?[37m[INFO] 11:12:08,816 [Test worker] liquibase. - Creating database history table with name: PUBLIC.DATABASECHANGELOG
?[m?[37m[INFO] 11:12:08,818 [Test worker] liquibase. - Reading from PUBLIC.DATABASECHANGELOG
?[m?[37m[INFO] 11:12:08,819 [Test worker] liquibase. - master.changelog.json: migration/common.changelog-init.xml::1511451595465-1.3::R3.Corda: Skipping changeSet migration/common.changelog-init.xml::1511451595465-1.3::R3.Corda due to validation error(s): minValue is not allowed on h2
?[m?[37m[INFO] 11:12:08,824 [Test worker] liquibase. - master.changelog.json: migration/vault-schema.changelog-pkey.xml::non-clustered_pk-11::R3.Corda: Skipping changeSet migration/vault-schema.changelog-pkey.xml::non-clustered_pk-11::R3.Corda due to validation error(s): clustered is not allowed on h2
?[m?[37m[INFO] 11:12:08,824 [Test worker] liquibase. - master.changelog.json: migration/vault-schema.changelog-pkey.xml::non-clustered_pk-12::R3.Corda: Skipping changeSet migration/vault-schema.changelog-pkey.xml::non-clustered_pk-12::R3.Corda due to validation error(s): clustered is not allowed on h2
?[m?[37m[INFO] 11:12:08,824 [Test worker] liquibase. - master.changelog.json: migration/vault-schema.changelog-pkey.xml::non-clustered_pk-13::R3.Corda: Skipping changeSet migration/vault-schema.changelog-pkey.xml::non-clustered_pk-13::R3.Corda due to validation error(s): clustered is not allowed on h2
?[m?[37m[INFO] 11:12:08,833 [Test worker] liquibase. - master.changelog.json: migration/node-core.changelog-pkey.xml::non-clustered_pk-1::R3.Corda: Skipping changeSet migration/node-core.changelog-pkey.xml::non-clustered_pk-1::R3.Corda due to validation error(s): clustered is not allowed on h2
?[m?[37m[INFO] 11:12:08,833 [Test worker] liquibase. - master.changelog.json: migration/node-core.changelog-pkey.xml::non-clustered_pk-2::R3.Corda: Skipping changeSet migration/node-core.changelog-pkey.xml::non-clustered_pk-2::R3.Corda due to validation error(s): clustered is not allowed on h2
?[m?[37m[INFO] 11:12:08,834 [Test worker] liquibase. - master.changelog.json: migration/node-core.changelog-pkey.xml::non-clustered_pk-3::R3.Corda: Skipping changeSet migration/node-core.changelog-pkey.xml::non-clustered_pk-3::R3.Corda due to validation error(s): clustered is not allowed on h2
?[m?[37m[INFO] 11:12:08,834 [Test worker] liquibase. - master.changelog.json: migration/node-core.changelog-pkey.xml::non-clustered_pk-4::R3.Corda: Skipping changeSet migration/node-core.changelog-pkey.xml::non-clustered_pk-4::R3.Corda due to validation error(s): clustered is not allowed on h2
?[m?[37m[INFO] 11:12:08,834 [Test worker] liquibase. - master.changelog.json: migration/node-core.changelog-pkey.xml::non-clustered_pk-5::R3.Corda: Skipping changeSet migration/node-core.changelog-pkey.xml::non-clustered_pk-5::R3.Corda due to validation error(s): clustered is not allowed on h2
?[m?[37m[INFO] 11:12:08,834 [Test worker] liquibase. - master.changelog.json: migration/node-core.changelog-pkey.xml::non-clustered_pk-6::R3.Corda: Skipping changeSet migration/node-core.changelog-pkey.xml::non-clustered_pk-6::R3.Corda due to validation error(s): clustered is not allowed on h2
?[m?[37m[INFO] 11:12:08,834 [Test worker] liquibase. - master.changelog.json: migration/node-core.changelog-pkey.xml::non-clustered_pk-7::R3.Corda: Skipping changeSet migration/node-core.changelog-pkey.xml::non-clustered_pk-7::R3.Corda due to validation error(s): clustered is not allowed on h2
?[m?[37m[INFO] 11:12:08,837 [Test worker] liquibase. - Successfully acquired change log lock
?[m?[37m[INFO] 11:12:08,837 [Test worker] liquibase. - master.changelog.json: migration/common.changelog-init.xml::1511451595465-1.3::R3.Corda: Skipping changeSet migration/common.changelog-init.xml::1511451595465-1.3::R3.Corda due to validation error(s): minValue is not allowed on h2
?[m?[37m[INFO] 11:12:08,838 [Test worker] liquibase. - master.changelog.json: migration/vault-schema.changelog-pkey.xml::non-clustered_pk-11::R3.Corda: Skipping changeSet migration/vault-schema.changelog-pkey.xml::non-clustered_pk-11::R3.Corda due to validation error(s): clustered is not allowed on h2
?[m?[37m[INFO] 11:12:08,839 [Test worker] liquibase. - master.changelog.json: migration/vault-schema.changelog-pkey.xml::non-clustered_pk-12::R3.Corda: Skipping changeSet migration/vault-schema.changelog-pkey.xml::non-clustered_pk-12::R3.Corda due to validation error(s): clustered is not allowed on h2
?[m?[37m[INFO] 11:12:08,839 [Test worker] liquibase. - master.changelog.json: migration/vault-schema.changelog-pkey.xml::non-clustered_pk-13::R3.Corda: Skipping changeSet migration/vault-schema.changelog-pkey.xml::non-clustered_pk-13::R3.Corda due to validation error(s): clustered is not allowed on h2
?[m?[37m[INFO] 11:12:08,842 [Test worker] liquibase. - master.changelog.json: migration/node-core.changelog-pkey.xml::non-clustered_pk-1::R3.Corda: Skipping changeSet migration/node-core.changelog-pkey.xml::non-clustered_pk-1::R3.Corda due to validation error(s): clustered is not allowed on h2
?[m?[37m[INFO] 11:12:08,842 [Test worker] liquibase. - master.changelog.json: migration/node-core.changelog-pkey.xml::non-clustered_pk-2::R3.Corda: Skipping changeSet migration/node-core.changelog-pkey.xml::non-clustered_pk-2::R3.Corda due to validation error(s): clustered is not allowed on h2
?[m?[37m[INFO] 11:12:08,842 [Test worker] liquibase. - master.changelog.json: migration/node-core.changelog-pkey.xml::non-clustered_pk-3::R3.Corda: Skipping changeSet migration/node-core.changelog-pkey.xml::non-clustered_pk-3::R3.Corda due to validation error(s): clustered is not allowed on h2
?[m?[37m[INFO] 11:12:08,842 [Test worker] liquibase. - master.changelog.json: migration/node-core.changelog-pkey.xml::non-clustered_pk-4::R3.Corda: Skipping changeSet migration/node-core.changelog-pkey.xml::non-clustered_pk-4::R3.Corda due to validation error(s): clustered is not allowed on h2
?[m?[37m[INFO] 11:12:08,842 [Test worker] liquibase. - master.changelog.json: migration/node-core.changelog-pkey.xml::non-clustered_pk-5::R3.Corda: Skipping changeSet migration/node-core.changelog-pkey.xml::non-clustered_pk-5::R3.Corda due to validation error(s): clustered is not allowed on h2
?[m?[37m[INFO] 11:12:08,842 [Test worker] liquibase. - master.changelog.json: migration/node-core.changelog-pkey.xml::non-clustered_pk-6::R3.Corda: Skipping changeSet migration/node-core.changelog-pkey.xml::non-clustered_pk-6::R3.Corda due to validation error(s): clustered is not allowed on h2
?[m?[37m[INFO] 11:12:08,842 [Test worker] liquibase. - master.changelog.json: migration/node-core.changelog-pkey.xml::non-clustered_pk-7::R3.Corda: Skipping changeSet migration/node-core.changelog-pkey.xml::non-clustered_pk-7::R3.Corda due to validation error(s): clustered is not allowed on h2
?[m?[37m[INFO] 11:12:08,843 [Test worker] liquibase. - master.changelog.json: migration/common.changelog-init.xml::1511451595465-1.1::R3.Corda: Sequence hibernate_sequence created
?[m?[37m[INFO] 11:12:08,843 [Test worker] liquibase. - master.changelog.json: migration/common.changelog-init.xml::1511451595465-1.1::R3.Corda: ChangeSet migration/common.changelog-init.xml::1511451595465-1.1::R3.Corda ran successfully in 0ms
?[m?[37m[INFO] 11:12:08,845 [Test worker] liquibase. - master.changelog.json: migration/vault-schema.changelog-init.xml::1511451595465-22::R3.Corda: Table vault_fungible_states created
?[m?[37m[INFO] 11:12:08,845 [Test worker] liquibase. - master.changelog.json: migration/vault-schema.changelog-init.xml::1511451595465-22::R3.Corda: ChangeSet migration/vault-schema.changelog-init.xml::1511451595465-22::R3.Corda ran successfully in 1ms
?[m?[37m[INFO] 11:12:08,845 [Test worker] liquibase. - master.changelog.json: migration/vault-schema.changelog-init.xml::1511451595465-23::R3.Corda: Table vault_fungible_states_parts created
?[m?[37m[INFO] 11:12:08,845 [Test worker] liquibase. - master.changelog.json: migration/vault-schema.changelog-init.xml::1511451595465-23::R3.Corda: ChangeSet migration/vault-schema.changelog-init.xml::1511451595465-23::R3.Corda ran successfully in 0ms
?[m?[37m[INFO] 11:12:08,846 [Test worker] liquibase. - master.changelog.json: migration/vault-schema.changelog-init.xml::1511451595465-24::R3.Corda: Table vault_linear_states created
?[m?[37m[INFO] 11:12:08,846 [Test worker] liquibase. - master.changelog.json: migration/vault-schema.changelog-init.xml::1511451595465-24::R3.Corda: ChangeSet migration/vault-schema.changelog-init.xml::1511451595465-24::R3.Corda ran successfully in 0ms
?[m?[37m[INFO] 11:12:08,847 [Test worker] liquibase. - master.changelog.json: migration/vault-schema.changelog-init.xml::1511451595465-25::R3.Corda: Table vault_linear_states_parts created
?[m?[37m[INFO] 11:12:08,847 [Test worker] liquibase. - master.changelog.json: migration/vault-schema.changelog-init.xml::1511451595465-25::R3.Corda: ChangeSet migration/vault-schema.changelog-init.xml::1511451595465-25::R3.Corda ran successfully in 0ms
?[m?[37m[INFO] 11:12:08,848 [Test worker] liquibase. - master.changelog.json: migration/vault-schema.changelog-init.xml::1511451595465-26::R3.Corda: Table vault_states created
?[m?[37m[INFO] 11:12:08,848 [Test worker] liquibase. - master.changelog.json: migration/vault-schema.changelog-init.xml::1511451595465-26::R3.Corda: ChangeSet migration/vault-schema.changelog-init.xml::1511451595465-26::R3.Corda ran successfully in 0ms
?[m?[37m[INFO] 11:12:08,849 [Test worker] liquibase. - master.changelog.json: migration/vault-schema.changelog-init.xml::1511451595465-27::R3.Corda: Table vault_transaction_notes created
?[m?[37m[INFO] 11:12:08,849 [Test worker] liquibase. - master.changelog.json: migration/vault-schema.changelog-init.xml::1511451595465-27::R3.Corda: ChangeSet migration/vault-schema.changelog-init.xml::1511451595465-27::R3.Corda ran successfully in 0ms
?[m?[37m[INFO] 11:12:08,849 [Test worker] liquibase. - master.changelog.json: migration/vault-schema.changelog-init.xml::1511451595465-47::R3.Corda: Primary key added to vault_fungible_states (output_index, transaction_id)
?[m?[37m[INFO] 11:12:08,849 [Test worker] liquibase. - master.changelog.json: migration/vault-schema.changelog-init.xml::1511451595465-47::R3.Corda: ChangeSet migration/vault-schema.changelog-init.xml::1511451595465-47::R3.Corda ran successfully in 0ms
?[m?[37m[INFO] 11:12:08,850 [Test worker] liquibase. - master.changelog.json: migration/vault-schema.changelog-init.xml::1511451595465-48::R3.Corda: Primary key added to vault_linear_states (output_index, transaction_id)
?[m?[37m[INFO] 11:12:08,850 [Test worker] liquibase. - master.changelog.json: migration/vault-schema.changelog-init.xml::1511451595465-48::R3.Corda: ChangeSet migration/vault-schema.changelog-init.xml::1511451595465-48::R3.Corda ran successfully in 0ms
?[m?[37m[INFO] 11:12:08,851 [Test worker] liquibase. - master.changelog.json: migration/vault-schema.changelog-init.xml::1511451595465-49::R3.Corda: Primary key added to vault_states (output_index, transaction_id)
?[m?[37m[INFO] 11:12:08,851 [Test worker] liquibase. - master.changelog.json: migration/vault-schema.changelog-init.xml::1511451595465-49::R3.Corda: ChangeSet migration/vault-schema.changelog-init.xml::1511451595465-49::R3.Corda ran successfully in 0ms
?[m?[37m[INFO] 11:12:08,852 [Test worker] liquibase. - master.changelog.json: migration/vault-schema.changelog-init.xml::1511451595465-50::R3.Corda: Primary key added to vault_transaction_notes (seq_no)
?[m?[37m[INFO] 11:12:08,852 [Test worker] liquibase. - master.changelog.json: migration/vault-schema.changelog-init.xml::1511451595465-50::R3.Corda: ChangeSet migration/vault-schema.changelog-init.xml::1511451595465-50::R3.Corda ran successfully in 0ms
?[m?[37m[INFO] 11:12:08,852 [Test worker] liquibase. - master.changelog.json: migration/vault-schema.changelog-init.xml::1511451595465-53::R3.Corda: Index external_id_index created
?[m?[37m[INFO] 11:12:08,852 [Test worker] liquibase. - master.changelog.json: migration/vault-schema.changelog-init.xml::1511451595465-53::R3.Corda: ChangeSet migration/vault-schema.changelog-init.xml::1511451595465-53::R3.Corda ran successfully in 0ms
?[m?[37m[INFO] 11:12:08,853 [Test worker] liquibase. - master.changelog.json: migration/vault-schema.changelog-init.xml::1511451595465-55::R3.Corda: Index lock_id_idx created
?[m?[37m[INFO] 11:12:08,853 [Test worker] liquibase. - master.changelog.json: migration/vault-schema.changelog-init.xml::1511451595465-55::R3.Corda: ChangeSet migration/vault-schema.changelog-init.xml::1511451595465-55::R3.Corda ran successfully in 0ms
?[m?[37m[INFO] 11:12:08,854 [Test worker] liquibase. - master.changelog.json: migration/vault-schema.changelog-init.xml::1511451595465-58::R3.Corda: Index state_status_idx created
?[m?[37m[INFO] 11:12:08,854 [Test worker] liquibase. - master.changelog.json: migration/vault-schema.changelog-init.xml::1511451595465-58::R3.Corda: ChangeSet migration/vault-schema.changelog-init.xml::1511451595465-58::R3.Corda ran successfully in 0ms
?[m?[37m[INFO] 11:12:08,855 [Test worker] liquibase. - master.changelog.json: migration/vault-schema.changelog-init.xml::1511451595465-59::R3.Corda: Index transaction_id_index created
?[m?[37m[INFO] 11:12:08,855 [Test worker] liquibase. - master.changelog.json: migration/vault-schema.changelog-init.xml::1511451595465-59::R3.Corda: ChangeSet migration/vault-schema.changelog-init.xml::1511451595465-59::R3.Corda ran successfully in 1ms
?[m?[37m[INFO] 11:12:08,855 [Test worker] liquibase. - master.changelog.json: migration/vault-schema.changelog-init.xml::1511451595465-60::R3.Corda: Index uuid_index created
?[m?[37m[INFO] 11:12:08,855 [Test worker] liquibase. - master.changelog.json: migration/vault-schema.changelog-init.xml::1511451595465-60::R3.Corda: ChangeSet migration/vault-schema.changelog-init.xml::1511451595465-60::R3.Corda ran successfully in 0ms
?[m?[37m[INFO] 11:12:08,856 [Test worker] liquibase. - master.changelog.json: migration/vault-schema.changelog-init.xml::1511451595465-64::R3.Corda: Foreign key constraint added to vault_fungible_states_parts (output_index,transaction_id)
?[m?[37m[INFO] 11:12:08,856 [Test worker] liquibase. - master.changelog.json: migration/vault-schema.changelog-init.xml::1511451595465-64::R3.Corda: ChangeSet migration/vault-schema.changelog-init.xml::1511451595465-64::R3.Corda ran successfully in 0ms
?[m?[37m[INFO] 11:12:08,858 [Test worker] liquibase. - master.changelog.json: migration/vault-schema.changelog-init.xml::1511451595465-65::R3.Corda: Foreign key constraint added to vault_linear_states_parts (output_index,transaction_id)
?[m?[37m[INFO] 11:12:08,858 [Test worker] liquibase. - master.changelog.json: migration/vault-schema.changelog-init.xml::1511451595465-65::R3.Corda: ChangeSet migration/vault-schema.changelog-init.xml::1511451595465-65::R3.Corda ran successfully in 1ms
?[m?[37m[INFO] 11:12:08,858 [Test worker] liquibase. - master.changelog.json: migration/vault-schema.changelog-v3.xml::clean_vault::R3.Corda: Data deleted from vault_fungible_states_parts
?[m?[37m[INFO] 11:12:08,858 [Test worker] liquibase. - master.changelog.json: migration/vault-schema.changelog-v3.xml::clean_vault::R3.Corda: Data deleted from vault_fungible_states
?[m?[37m[INFO] 11:12:08,858 [Test worker] liquibase. - master.changelog.json: migration/vault-schema.changelog-v3.xml::clean_vault::R3.Corda: Data deleted from vault_linear_states_parts
?[m?[37m[INFO] 11:12:08,858 [Test worker] liquibase. - master.changelog.json: migration/vault-schema.changelog-v3.xml::clean_vault::R3.Corda: Data deleted from vault_linear_states
?[m?[37m[INFO] 11:12:08,858 [Test worker] liquibase. - master.changelog.json: migration/vault-schema.changelog-v3.xml::clean_vault::R3.Corda: Data deleted from vault_states
?[m?[37m[INFO] 11:12:08,858 [Test worker] liquibase. - master.changelog.json: migration/vault-schema.changelog-v3.xml::clean_vault::R3.Corda: Data deleted from vault_transaction_notes
?[m?[37m[INFO] 11:12:08,859 [Test worker] liquibase. - master.changelog.json: migration/vault-schema.changelog-v3.xml::clean_vault::R3.Corda: ChangeSet migration/vault-schema.changelog-v3.xml::clean_vault::R3.Corda ran successfully in 0ms
?[m?[37m[INFO] 11:12:08,859 [Test worker] liquibase. - master.changelog.json: migration/vault-schema.changelog-v4.xml::nullability::R3.Corda: Null constraint has been added to vault_fungible_states.quantity
?[m?[37m[INFO] 11:12:08,859 [Test worker] liquibase. - master.changelog.json: migration/vault-schema.changelog-v4.xml::nullability::R3.Corda: Null constraint has been added to vault_states.contract_state_class_name
?[m?[37m[INFO] 11:12:08,859 [Test worker] liquibase. - master.changelog.json: migration/vault-schema.changelog-v4.xml::nullability::R3.Corda: Null constraint has been added to vault_states.notary_name
?[m?[37m[INFO] 11:12:08,860 [Test worker] liquibase. - master.changelog.json: migration/vault-schema.changelog-v4.xml::nullability::R3.Corda: Null constraint has been added to vault_states.recorded_timestamp
?[m?[37m[INFO] 11:12:08,860 [Test worker] liquibase. - master.changelog.json: migration/vault-schema.changelog-v4.xml::nullability::R3.Corda: Index state_status_idx dropped from table vault_states
?[m?[37m[INFO] 11:12:08,860 [Test worker] liquibase. - master.changelog.json: migration/vault-schema.changelog-v4.xml::nullability::R3.Corda: Index lock_id_idx dropped from table vault_states
?[m?[37m[INFO] 11:12:08,860 [Test worker] liquibase. - master.changelog.json: migration/vault-schema.changelog-v4.xml::nullability::R3.Corda: Null constraint has been added to vault_states.state_status
?[m?[37m[INFO] 11:12:08,860 [Test worker] liquibase. - master.changelog.json: migration/vault-schema.changelog-v4.xml::nullability::R3.Corda: Index state_status_idx created
?[m?[37m[INFO] 11:12:08,860 [Test worker] liquibase. - master.changelog.json: migration/vault-schema.changelog-v4.xml::nullability::R3.Corda: Index lock_id_idx created
?[m?[37m[INFO] 11:12:08,860 [Test worker] liquibase. - master.changelog.json: migration/vault-schema.changelog-v4.xml::nullability::R3.Corda: Index transaction_id_index dropped from table vault_transaction_notes
?[m?[37m[INFO] 11:12:08,860 [Test worker] liquibase. - master.changelog.json: migration/vault-schema.changelog-v4.xml::nullability::R3.Corda: Null constraint has been added to vault_transaction_notes.note
?[m?[37m[INFO] 11:12:08,861 [Test worker] liquibase. - master.changelog.json: migration/vault-schema.changelog-v4.xml::nullability::R3.Corda: Null constraint has been added to vault_transaction_notes.transaction_id
?[m?[37m[INFO] 11:12:08,861 [Test worker] liquibase. - master.changelog.json: migration/vault-schema.changelog-v4.xml::nullability::R3.Corda: Index transaction_id_index created
?[m?[37m[INFO] 11:12:08,861 [Test worker] liquibase. - master.changelog.json: migration/vault-schema.changelog-v4.xml::nullability::R3.Corda: ChangeSet migration/vault-schema.changelog-v4.xml::nullability::R3.Corda ran successfully in 2ms
?[m?[37m[INFO] 11:12:08,865 [Test worker] liquibase. - master.changelog.json: migration/vault-schema.changelog-v5.xml::add_relevancy_status_column::R3.Corda: Columns relevancy_status(INT) added to vault_states
?[m?[37m[INFO] 11:12:08,865 [Test worker] liquibase. - master.changelog.json: migration/vault-schema.changelog-v5.xml::add_relevancy_status_column::R3.Corda: Data updated in vault_states
?[m?[37m[INFO] 11:12:08,866 [Test worker] liquibase. - master.changelog.json: migration/vault-schema.changelog-v5.xml::add_relevancy_status_column::R3.Corda: Null constraint has been added to vault_states.relevancy_status
?[m?[37m[INFO] 11:12:08,866 [Test worker] liquibase. - master.changelog.json: migration/vault-schema.changelog-v5.xml::add_relevancy_status_column::R3.Corda: ChangeSet migration/vault-schema.changelog-v5.xml::add_relevancy_status_column::R3.Corda ran successfully in 2ms
?[m?[37m[INFO] 11:12:08,867 [Test worker] liquibase. - master.changelog.json: migration/vault-schema.changelog-v6.xml::add_is_constraint_information_columns::R3.Corda: Columns constraint_type(INT) added to vault_states
?[m?[37m[INFO] 11:12:08,869 [Test worker] liquibase. - master.changelog.json: migration/vault-schema.changelog-v6.xml::add_is_constraint_information_columns::R3.Corda: Columns constraint_data(varbinary(563)) added to vault_states
?[m?[37m[INFO] 11:12:08,869 [Test worker] liquibase. - master.changelog.json: migration/vault-schema.changelog-v6.xml::add_is_constraint_information_columns::R3.Corda: ChangeSet migration/vault-schema.changelog-v6.xml::add_is_constraint_information_columns::R3.Corda ran successfully in 3ms
?[m?[37m[INFO] 11:12:08,869 [Test worker] liquibase. - master.changelog.json: migration/vault-schema.changelog-v7.xml::make_issuer_ref_nullable::R3.Corda: Null constraint dropped from vault_fungible_states.issuer_ref
?[m?[37m[INFO] 11:12:08,869 [Test worker] liquibase. - master.changelog.json: migration/vault-schema.changelog-v7.xml::make_issuer_ref_nullable::R3.Corda: ChangeSet migration/vault-schema.changelog-v7.xml::make_issuer_ref_nullable::R3.Corda ran successfully in 0ms
?[m?[37m[INFO] 11:12:08,870 [Test worker] liquibase. - master.changelog.json: migration/vault-schema.changelog-v8.xml::create-external-id-to-state-party-view::R3.Corda: Table state_party created
?[m?[37m[INFO] 11:12:08,870 [Test worker] liquibase. - master.changelog.json: migration/vault-schema.changelog-v8.xml::create-external-id-to-state-party-view::R3.Corda: Index state_pk_hash_idx created
?[m?[37m[INFO] 11:12:08,871 [Test worker] liquibase. - master.changelog.json: migration/vault-schema.changelog-v8.xml::create-external-id-to-state-party-view::R3.Corda: Table pk_hash_to_ext_id_map created
?[m?[37m[INFO] 11:12:08,871 [Test worker] liquibase. - master.changelog.json: migration/vault-schema.changelog-v8.xml::create-external-id-to-state-party-view::R3.Corda: Index pk_hash_to_xid_idx created
?[m?[37m[INFO] 11:12:08,871 [Test worker] liquibase. - master.changelog.json: migration/vault-schema.changelog-v8.xml::create-external-id-to-state-party-view::R3.Corda: View v_pkey_hash_ex_id_map created
?[m?[37m[INFO] 11:12:08,871 [Test worker] liquibase. - master.changelog.json: migration/vault-schema.changelog-v8.xml::create-external-id-to-state-party-view::R3.Corda: ChangeSet migration/vault-schema.changelog-v8.xml::create-external-id-to-state-party-view::R3.Corda ran successfully in 1ms
?[m?[37m[INFO] 11:12:08,872 [Test worker] liquibase. - master.changelog.json: migration/node-info.changelog-init.xml::1511451595465-4::R3.Corda: Table node_link_nodeinfo_party created
?[m?[37m[INFO] 11:12:08,872 [Test worker] liquibase. - master.changelog.json: migration/node-info.changelog-init.xml::1511451595465-4::R3.Corda: ChangeSet migration/node-info.changelog-init.xml::1511451595465-4::R3.Corda ran successfully in 0ms
?[m?[37m[INFO] 11:12:08,873 [Test worker] liquibase. - master.changelog.json: migration/node-info.changelog-init.xml::1511451595465-10::R3.Corda: Table node_info_hosts created
?[m?[37m[INFO] 11:12:08,873 [Test worker] liquibase. - master.changelog.json: migration/node-info.changelog-init.xml::1511451595465-10::R3.Corda: ChangeSet migration/node-info.changelog-init.xml::1511451595465-10::R3.Corda ran successfully in 0ms
?[m?[37m[INFO] 11:12:08,874 [Test worker] liquibase. - master.changelog.json: migration/node-info.changelog-init.xml::1511451595465-11::R3.Corda: Table node_info_party_cert created
?[m?[37m[INFO] 11:12:08,874 [Test worker] liquibase. - master.changelog.json: migration/node-info.changelog-init.xml::1511451595465-11::R3.Corda: ChangeSet migration/node-info.changelog-init.xml::1511451595465-11::R3.Corda ran successfully in 0ms
?[m?[37m[INFO] 11:12:08,875 [Test worker] liquibase. - master.changelog.json: migration/node-info.changelog-init.xml::1511451595465-12::R3.Corda: Table node_infos created
?[m?[37m[INFO] 11:12:08,875 [Test worker] liquibase. - master.changelog.json: migration/node-info.changelog-init.xml::1511451595465-12::R3.Corda: ChangeSet migration/node-info.changelog-init.xml::1511451595465-12::R3.Corda ran successfully in 1ms
?[m?[37m[INFO] 11:12:08,876 [Test worker] liquibase. - master.changelog.json: migration/node-info.changelog-init.xml::1511451595465-35::R3.Corda: Primary key added to node_info_hosts (host, port)
?[m?[37m[INFO] 11:12:08,876 [Test worker] liquibase. - master.changelog.json: migration/node-info.changelog-init.xml::1511451595465-35::R3.Corda: ChangeSet migration/node-info.changelog-init.xml::1511451595465-35::R3.Corda ran successfully in 1ms
?[m?[37m[INFO] 11:12:08,876 [Test worker] liquibase. - master.changelog.json: migration/node-info.changelog-init.xml::1511451595465-36::R3.Corda: Primary key added to node_info_party_cert (party_name)
?[m?[37m[INFO] 11:12:08,876 [Test worker] liquibase. - master.changelog.json: migration/node-info.changelog-init.xml::1511451595465-36::R3.Corda: ChangeSet migration/node-info.changelog-init.xml::1511451595465-36::R3.Corda ran successfully in 0ms
?[m?[37m[INFO] 11:12:08,877 [Test worker] liquibase. - master.changelog.json: migration/node-info.changelog-init.xml::1511451595465-37::R3.Corda: Primary key added to node_infos (node_info_id)
?[m?[37m[INFO] 11:12:08,877 [Test worker] liquibase. - master.changelog.json: migration/node-info.changelog-init.xml::1511451595465-37::R3.Corda: ChangeSet migration/node-info.changelog-init.xml::1511451595465-37::R3.Corda ran successfully in 0ms
?[m?[37m[INFO] 11:12:08,879 [Test worker] liquibase. - master.changelog.json: migration/node-info.changelog-init.xml::1511451595465-62::R3.Corda: Foreign key constraint added to node_link_nodeinfo_party (node_info_id)
?[m?[37m[INFO] 11:12:08,879 [Test worker] liquibase. - master.changelog.json: migration/node-info.changelog-init.xml::1511451595465-62::R3.Corda: ChangeSet migration/node-info.changelog-init.xml::1511451595465-62::R3.Corda ran successfully in 1ms
?[m?[37m[INFO] 11:12:08,880 [Test worker] liquibase. - master.changelog.json: migration/node-info.changelog-init.xml::1511451595465-63::R3.Corda: Foreign key constraint added to node_info_hosts (node_info_id)
?[m?[37m[INFO] 11:12:08,880 [Test worker] liquibase. - master.changelog.json: migration/node-info.changelog-init.xml::1511451595465-63::R3.Corda: ChangeSet migration/node-info.changelog-init.xml::1511451595465-63::R3.Corda ran successfully in 1ms
?[m?[37m[INFO] 11:12:08,880 [Test worker] liquibase. - master.changelog.json: migration/node-info.changelog-init.xml::remove_host_port_pk::R3.Corda: Data deleted from node_infos
?[m?[37m[INFO] 11:12:08,880 [Test worker] liquibase. - master.changelog.json: migration/node-info.changelog-init.xml::remove_host_port_pk::R3.Corda: Data deleted from node_link_nodeinfo_party
?[m?[37m[INFO] 11:12:08,880 [Test worker] liquibase. - master.changelog.json: migration/node-info.changelog-init.xml::remove_host_port_pk::R3.Corda: Data deleted from node_info_hosts
?[m?[37m[INFO] 11:12:08,880 [Test worker] liquibase. - master.changelog.json: migration/node-info.changelog-init.xml::remove_host_port_pk::R3.Corda: Data deleted from node_info_party_cert
?[m?[37m[INFO] 11:12:08,881 [Test worker] liquibase. - master.changelog.json: migration/node-info.changelog-init.xml::remove_host_port_pk::R3.Corda: Primary key dropped from node_info_hosts
?[m?[37m[INFO] 11:12:08,882 [Test worker] liquibase. - master.changelog.json: migration/node-info.changelog-init.xml::remove_host_port_pk::R3.Corda: Columns hosts_id(INT) added to node_info_hosts
?[m?[37m[INFO] 11:12:08,882 [Test worker] liquibase. - master.changelog.json: migration/node-info.changelog-init.xml::remove_host_port_pk::R3.Corda: Primary key added to node_info_hosts (hosts_id)
?[m?[37m[INFO] 11:12:08,882 [Test worker] liquibase. - master.changelog.json: migration/node-info.changelog-init.xml::remove_host_port_pk::R3.Corda: ChangeSet migration/node-info.changelog-init.xml::remove_host_port_pk::R3.Corda ran successfully in 2ms
?[m?[37m[INFO] 11:12:08,883 [Test worker] liquibase. - master.changelog.json: migration/node-info.changelog-v1.xml::key/value node properties table::R3.Corda: Table node_properties created
?[m?[37m[INFO] 11:12:08,883 [Test worker] liquibase. - master.changelog.json: migration/node-info.changelog-v1.xml::key/value node properties table::R3.Corda: ChangeSet migration/node-info.changelog-v1.xml::key/value node properties table::R3.Corda ran successfully in 0ms
?[m?[37m[INFO] 11:12:08,884 [Test worker] liquibase. - master.changelog.json: migration/node-info.changelog-v2.xml::1525962920::R3.Corda: Null constraint has been added to node_infos.node_info_hash
?[m?[37m[INFO] 11:12:08,884 [Test worker] liquibase. - master.changelog.json: migration/node-info.changelog-v2.xml::1525962920::R3.Corda: Null constraint has been added to node_infos.platform_version
?[m?[37m[INFO] 11:12:08,884 [Test worker] liquibase. - master.changelog.json: migration/node-info.changelog-v2.xml::1525962920::R3.Corda: Null constraint has been added to node_infos.serial
?[m?[37m[INFO] 11:12:08,884 [Test worker] liquibase. - master.changelog.json: migration/node-info.changelog-v2.xml::1525962920::R3.Corda: Null constraint dropped from node_info_hosts.host
?[m?[37m[INFO] 11:12:08,884 [Test worker] liquibase. - master.changelog.json: migration/node-info.changelog-v2.xml::1525962920::R3.Corda: Null constraint dropped from node_info_hosts.port
?[m?[37m[INFO] 11:12:08,884 [Test worker] liquibase. - master.changelog.json: migration/node-info.changelog-v2.xml::1525962920::R3.Corda: Null constraint has been added to node_info_party_cert.owning_key_hash
?[m?[37m[INFO] 11:12:08,885 [Test worker] liquibase. - master.changelog.json: migration/node-info.changelog-v2.xml::1525962920::R3.Corda: Null constraint has been added to node_info_party_cert.party_cert_binary
?[m?[37m[INFO] 11:12:08,885 [Test worker] liquibase. - master.changelog.json: migration/node-info.changelog-v2.xml::1525962920::R3.Corda: ChangeSet migration/node-info.changelog-v2.xml::1525962920::R3.Corda ran successfully in 1ms
?[m?[37m[INFO] 11:12:08,885 [Test worker] liquibase. - master.changelog.json: migration/node-info.changelog-v3.xml::column_host_name::R3.Corda: Column node_info_hosts.host renamed to host_name
?[m?[37m[INFO] 11:12:08,885 [Test worker] liquibase. - master.changelog.json: migration/node-info.changelog-v3.xml::column_host_name::R3.Corda: ChangeSet migration/node-info.changelog-v3.xml::column_host_name::R3.Corda ran successfully in 0ms
?[m?[37m[INFO] 11:12:08,886 [Test worker] liquibase. - master.changelog.json: migration/node-services.changelog-init.xml::1511451595465-5::R3.Corda: Table node_attachments created
?[m?[37m[INFO] 11:12:08,886 [Test worker] liquibase. - master.changelog.json: migration/node-services.changelog-init.xml::1511451595465-5::R3.Corda: ChangeSet migration/node-services.changelog-init.xml::1511451595465-5::R3.Corda ran successfully in 0ms
?[m?[37m[INFO] 11:12:08,887 [Test worker] liquibase. - master.changelog.json: migration/node-services.changelog-init.xml::1511451595465-7::R3.Corda: Table node_checkpoints created
?[m?[37m[INFO] 11:12:08,887 [Test worker] liquibase. - master.changelog.json: migration/node-services.changelog-init.xml::1511451595465-7::R3.Corda: ChangeSet migration/node-services.changelog-init.xml::1511451595465-7::R3.Corda ran successfully in 0ms
?[m?[37m[INFO] 11:12:08,888 [Test worker] liquibase. - master.changelog.json: migration/node-services.changelog-init.xml::1511451595465-8::R3.Corda: Table node_contract_upgrades created
?[m?[37m[INFO] 11:12:08,888 [Test worker] liquibase. - master.changelog.json: migration/node-services.changelog-init.xml::1511451595465-8::R3.Corda: ChangeSet migration/node-services.changelog-init.xml::1511451595465-8::R3.Corda ran successfully in 0ms
?[m?[37m[INFO] 11:12:08,889 [Test worker] liquibase. - master.changelog.json: migration/node-services.changelog-init.xml::1511451595465-9::R3.Corda: Table node_identities created
?[m?[37m[INFO] 11:12:08,889 [Test worker] liquibase. - master.changelog.json: migration/node-services.changelog-init.xml::1511451595465-9::R3.Corda: ChangeSet migration/node-services.changelog-init.xml::1511451595465-9::R3.Corda ran successfully in 0ms
?[m?[37m[INFO] 11:12:08,890 [Test worker] liquibase. - master.changelog.json: migration/node-services.changelog-init.xml::1511451595465-13::R3.Corda: Table node_message_ids created
?[m?[37m[INFO] 11:12:08,890 [Test worker] liquibase. - master.changelog.json: migration/node-services.changelog-init.xml::1511451595465-13::R3.Corda: ChangeSet migration/node-services.changelog-init.xml::1511451595465-13::R3.Corda ran successfully in 0ms
?[m?[37m[INFO] 11:12:08,891 [Test worker] liquibase. - master.changelog.json: migration/node-services.changelog-init.xml::1511451595465-14::R3.Corda: Table node_message_retry created
?[m?[37m[INFO] 11:12:08,891 [Test worker] liquibase. - master.changelog.json: migration/node-services.changelog-init.xml::1511451595465-14::R3.Corda: ChangeSet migration/node-services.changelog-init.xml::1511451595465-14::R3.Corda ran successfully in 0ms
?[m?[37m[INFO] 11:12:08,892 [Test worker] liquibase. - master.changelog.json: migration/node-services.changelog-init.xml::1511451595465-15::R3.Corda: Table node_named_identities created
?[m?[37m[INFO] 11:12:08,892 [Test worker] liquibase. - master.changelog.json: migration/node-services.changelog-init.xml::1511451595465-15::R3.Corda: ChangeSet migration/node-services.changelog-init.xml::1511451595465-15::R3.Corda ran successfully in 1ms
?[m?[37m[INFO] 11:12:08,893 [Test worker] liquibase. - master.changelog.json: migration/node-services.changelog-init.xml::1511451595465-17::R3.Corda: Table node_our_key_pairs created
?[m?[37m[INFO] 11:12:08,893 [Test worker] liquibase. - master.changelog.json: migration/node-services.changelog-init.xml::1511451595465-17::R3.Corda: ChangeSet migration/node-services.changelog-init.xml::1511451595465-17::R3.Corda ran successfully in 1ms
?[m?[37m[INFO] 11:12:08,894 [Test worker] liquibase. - master.changelog.json: migration/node-services.changelog-init.xml::1511451595465-19::R3.Corda: Table node_scheduled_states created
?[m?[37m[INFO] 11:12:08,894 [Test worker] liquibase. - master.changelog.json: migration/node-services.changelog-init.xml::1511451595465-19::R3.Corda: ChangeSet migration/node-services.changelog-init.xml::1511451595465-19::R3.Corda ran successfully in 0ms
?[m?[37m[INFO] 11:12:08,895 [Test worker] liquibase. - master.changelog.json: migration/node-services.changelog-init.xml::1511451595465-20::R3.Corda: Table node_transaction_mappings created
?[m?[37m[INFO] 11:12:08,895 [Test worker] liquibase. - master.changelog.json: migration/node-services.changelog-init.xml::1511451595465-20::R3.Corda: ChangeSet migration/node-services.changelog-init.xml::1511451595465-20::R3.Corda ran successfully in 0ms
?[m?[37m[INFO] 11:12:08,896 [Test worker] liquibase. - master.changelog.json: migration/node-services.changelog-init.xml::1511451595465-21::R3.Corda: Table node_transactions created
?[m?[37m[INFO] 11:12:08,896 [Test worker] liquibase. - master.changelog.json: migration/node-services.changelog-init.xml::1511451595465-21::R3.Corda: ChangeSet migration/node-services.changelog-init.xml::1511451595465-21::R3.Corda ran successfully in 0ms
?[m?[37m[INFO] 11:12:08,897 [Test worker] liquibase. - master.changelog.json: migration/node-services.changelog-init.xml::1511451595465-30::R3.Corda: Primary key added to node_attachments (att_id)
?[m?[37m[INFO] 11:12:08,897 [Test worker] liquibase. - master.changelog.json: migration/node-services.changelog-init.xml::1511451595465-30::R3.Corda: ChangeSet migration/node-services.changelog-init.xml::1511451595465-30::R3.Corda ran successfully in 0ms
?[m?[37m[INFO] 11:12:08,898 [Test worker] liquibase. - master.changelog.json: migration/node-services.changelog-init.xml::1511451595465-32::R3.Corda: Primary key added to node_checkpoints (checkpoint_id)
?[m?[37m[INFO] 11:12:08,898 [Test worker] liquibase. - master.changelog.json: migration/node-services.changelog-init.xml::1511451595465-32::R3.Corda: ChangeSet migration/node-services.changelog-init.xml::1511451595465-32::R3.Corda ran successfully in 0ms
?[m?[37m[INFO] 11:12:08,899 [Test worker] liquibase. - master.changelog.json: migration/node-services.changelog-init.xml::1511451595465-33::R3.Corda: Primary key added to node_contract_upgrades (state_ref)
?[m?[37m[INFO] 11:12:08,899 [Test worker] liquibase. - master.changelog.json: migration/node-services.changelog-init.xml::1511451595465-33::R3.Corda: ChangeSet migration/node-services.changelog-init.xml::1511451595465-33::R3.Corda ran successfully in 1ms
?[m?[37m[INFO] 11:12:08,900 [Test worker] liquibase. - master.changelog.json: migration/node-services.changelog-init.xml::1511451595465-34::R3.Corda: Primary key added to node_identities (pk_hash)
?[m?[37m[INFO] 11:12:08,900 [Test worker] liquibase. - master.changelog.json: migration/node-services.changelog-init.xml::1511451595465-34::R3.Corda: ChangeSet migration/node-services.changelog-init.xml::1511451595465-34::R3.Corda ran successfully in 1ms
?[m?[37m[INFO] 11:12:08,901 [Test worker] liquibase. - master.changelog.json: migration/node-services.changelog-init.xml::1511451595465-38::R3.Corda: Primary key added to node_message_ids (message_id)
?[m?[37m[INFO] 11:12:08,901 [Test worker] liquibase. - master.changelog.json: migration/node-services.changelog-init.xml::1511451595465-38::R3.Corda: ChangeSet migration/node-services.changelog-init.xml::1511451595465-38::R3.Corda ran successfully in 1ms
?[m?[37m[INFO] 11:12:08,901 [Test worker] liquibase. - master.changelog.json: migration/node-services.changelog-init.xml::1511451595465-39::R3.Corda: Primary key added to node_message_retry (message_id)
?[m?[37m[INFO] 11:12:08,901 [Test worker] liquibase. - master.changelog.json: migration/node-services.changelog-init.xml::1511451595465-39::R3.Corda: ChangeSet migration/node-services.changelog-init.xml::1511451595465-39::R3.Corda ran successfully in 0ms
?[m?[37m[INFO] 11:12:08,902 [Test worker] liquibase. - master.changelog.json: migration/node-services.changelog-init.xml::1511451595465-40::R3.Corda: Primary key added to node_named_identities (name)
?[m?[37m[INFO] 11:12:08,902 [Test worker] liquibase. - master.changelog.json: migration/node-services.changelog-init.xml::1511451595465-40::R3.Corda: ChangeSet migration/node-services.changelog-init.xml::1511451595465-40::R3.Corda ran successfully in 0ms
?[m?[37m[INFO] 11:12:08,903 [Test worker] liquibase. - master.changelog.json: migration/node-services.changelog-init.xml::1511451595465-42::R3.Corda: Primary key added to node_our_key_pairs (public_key_hash)
?[m?[37m[INFO] 11:12:08,903 [Test worker] liquibase. - master.changelog.json: migration/node-services.changelog-init.xml::1511451595465-42::R3.Corda: ChangeSet migration/node-services.changelog-init.xml::1511451595465-42::R3.Corda ran successfully in 0ms
?[m?[37m[INFO] 11:12:08,904 [Test worker] liquibase. - master.changelog.json: migration/node-services.changelog-init.xml::1511451595465-44::R3.Corda: Primary key added to node_scheduled_states (output_index, transaction_id)
?[m?[37m[INFO] 11:12:08,904 [Test worker] liquibase. - master.changelog.json: migration/node-services.changelog-init.xml::1511451595465-44::R3.Corda: ChangeSet migration/node-services.changelog-init.xml::1511451595465-44::R3.Corda ran successfully in 0ms
?[m?[37m[INFO] 11:12:08,905 [Test worker] liquibase. - master.changelog.json: migration/node-services.changelog-init.xml::1511451595465-45::R3.Corda: Primary key added to node_transaction_mappings (tx_id)
?[m?[37m[INFO] 11:12:08,905 [Test worker] liquibase. - master.changelog.json: migration/node-services.changelog-init.xml::1511451595465-45::R3.Corda: ChangeSet migration/node-services.changelog-init.xml::1511451595465-45::R3.Corda ran successfully in 0ms
?[m?[37m[INFO] 11:12:08,906 [Test worker] liquibase. - master.changelog.json: migration/node-services.changelog-init.xml::1511451595465-46::R3.Corda: Primary key added to node_transactions (tx_id)
?[m?[37m[INFO] 11:12:08,906 [Test worker] liquibase. - master.changelog.json: migration/node-services.changelog-init.xml::1511451595465-46::R3.Corda: ChangeSet migration/node-services.changelog-init.xml::1511451595465-46::R3.Corda ran successfully in 0ms
?[m?[37m[INFO] 11:12:08,907 [Test worker] liquibase. - master.changelog.json: migration/node-services.changelog-init.xml::1511451595465-61::R3.Corda: Foreign key constraint added to node_link_nodeinfo_party (party_name)
?[m?[37m[INFO] 11:12:08,907 [Test worker] liquibase. - master.changelog.json: migration/node-services.changelog-init.xml::1511451595465-61::R3.Corda: ChangeSet migration/node-services.changelog-init.xml::1511451595465-61::R3.Corda ran successfully in 0ms
?[m?[37m[INFO] 11:12:08,908 [Test worker] liquibase. - master.changelog.json: migration/node-services.changelog-init.xml::add index att_id::R3.Corda: Index att_id_idx created
?[m?[37m[INFO] 11:12:08,908 [Test worker] liquibase. - master.changelog.json: migration/node-services.changelog-init.xml::add index att_id::R3.Corda: ChangeSet migration/node-services.changelog-init.xml::add index att_id::R3.Corda ran successfully in 0ms
?[m?[37m[INFO] 11:12:08,909 [Test worker] liquibase. - master.changelog.json: migration/node-services.changelog-init.xml::add_contract_attachment::R3.Corda: Table node_attchments_contracts created
?[m?[37m[INFO] 11:12:08,910 [Test worker] liquibase. - master.changelog.json: migration/node-services.changelog-init.xml::add_contract_attachment::R3.Corda: Foreign key constraint added to node_attchments_contracts (att_id)
?[m?[37m[INFO] 11:12:08,910 [Test worker] liquibase. - master.changelog.json: migration/node-services.changelog-init.xml::add_contract_attachment::R3.Corda: Data deleted from node_attachments
?[m?[37m[INFO] 11:12:08,910 [Test worker] liquibase. - master.changelog.json: migration/node-services.changelog-init.xml::add_contract_attachment::R3.Corda: ChangeSet migration/node-services.changelog-init.xml::add_contract_attachment::R3.Corda ran successfully in 1ms
?[m?[37m[INFO] 11:12:08,912 [Test worker] liquibase. - master.changelog.json: migration/node-services.changelog-init.xml::add_dedup_columns::R3.Corda: Columns sender(NVARCHAR(64)),sequence_number(BIGINT) added to node_message_ids
?[m?[37m[INFO] 11:12:08,912 [Test worker] liquibase. - master.changelog.json: migration/node-services.changelog-init.xml::add_dedup_columns::R3.Corda: ChangeSet migration/node-services.changelog-init.xml::add_dedup_columns::R3.Corda ran successfully in 1ms
?[m?[37m[INFO] 11:12:08,913 [Test worker] liquibase. - master.changelog.json: migration/node-core.changelog-v4.xml::attchments_rename::R3.Corda: Table node_attchments_contracts renamed to node_attachments_contracts
?[m?[37m[INFO] 11:12:08,913 [Test worker] liquibase. - master.changelog.json: migration/node-core.changelog-v4.xml::attchments_rename::R3.Corda: ChangeSet migration/node-core.changelog-v4.xml::attchments_rename::R3.Corda ran successfully in 0ms
?[m?[37m[INFO] 11:12:08,914 [Test worker] liquibase. - master.changelog.json: migration/node-core.changelog-v4.xml::nullability::R3.Corda: Null constraint has been added to node_identities.identity_value
?[m?[37m[INFO] 11:12:08,914 [Test worker] liquibase. - master.changelog.json: migration/node-core.changelog-v4.xml::nullability::R3.Corda: Null constraint has been added to node_attachments.content
?[m?[37m[INFO] 11:12:08,914 [Test worker] liquibase. - master.changelog.json: migration/node-core.changelog-v4.xml::nullability::R3.Corda: Null constraint has been added to node_attachments_contracts.contract_class_name
?[m?[37m[INFO] 11:12:08,915 [Test worker] liquibase. - master.changelog.json: migration/node-core.changelog-v4.xml::nullability::R3.Corda: Null constraint has been added to node_checkpoints.checkpoint_value
?[m?[37m[INFO] 11:12:08,915 [Test worker] liquibase. - master.changelog.json: migration/node-core.changelog-v4.xml::nullability::R3.Corda: Null constraint has been added to node_contract_upgrades.contract_class_name
?[m?[37m[INFO] 11:12:08,915 [Test worker] liquibase. - master.changelog.json: migration/node-core.changelog-v4.xml::nullability::R3.Corda: Null constraint has been added to node_message_ids.insertion_time
?[m?[37m[INFO] 11:12:08,915 [Test worker] liquibase. - master.changelog.json: migration/node-core.changelog-v4.xml::nullability::R3.Corda: Null constraint has been added to node_message_retry.message
?[m?[37m[INFO] 11:12:08,915 [Test worker] liquibase. - master.changelog.json: migration/node-core.changelog-v4.xml::nullability::R3.Corda: Null constraint has been added to node_message_retry.recipients
?[m?[37m[INFO] 11:12:08,915 [Test worker] liquibase. - master.changelog.json: migration/node-core.changelog-v4.xml::nullability::R3.Corda: Null constraint has been added to node_named_identities.pk_hash
?[m?[37m[INFO] 11:12:08,915 [Test worker] liquibase. - master.changelog.json: migration/node-core.changelog-v4.xml::nullability::R3.Corda: Null constraint has been added to node_our_key_pairs.private_key
?[m?[37m[INFO] 11:12:08,915 [Test worker] liquibase. - master.changelog.json: migration/node-core.changelog-v4.xml::nullability::R3.Corda: Null constraint has been added to node_our_key_pairs.public_key
?[m?[37m[INFO] 11:12:08,915 [Test worker] liquibase. - master.changelog.json: migration/node-core.changelog-v4.xml::nullability::R3.Corda: Null constraint has been added to node_transaction_mappings.state_machine_run_id
?[m?[37m[INFO] 11:12:08,916 [Test worker] liquibase. - master.changelog.json: migration/node-core.changelog-v4.xml::nullability::R3.Corda: Null constraint has been added to node_transactions.transaction_value
?[m?[37m[INFO] 11:12:08,916 [Test worker] liquibase. - master.changelog.json: migration/node-core.changelog-v4.xml::nullability::R3.Corda: ChangeSet migration/node-core.changelog-v4.xml::nullability::R3.Corda ran successfully in 2ms
?[m?[37m[INFO] 11:12:08,917 [Test worker] liquibase. - master.changelog.json: migration/node-core.changelog-v5.xml::remove_unused_node_message_retry::R3.Corda: Table node_message_retry dropped
?[m?[37m[INFO] 11:12:08,917 [Test worker] liquibase. - master.changelog.json: migration/node-core.changelog-v5.xml::remove_unused_node_message_retry::R3.Corda: ChangeSet migration/node-core.changelog-v5.xml::remove_unused_node_message_retry::R3.Corda ran successfully in 0ms
?[m?[37m[INFO] 11:12:08,931 [Test worker] liquibase. - master.changelog.json: migration/node-core.changelog-v8.xml::conditional_attchments_rename::R3.Corda: Marking ChangeSet: migration/node-core.changelog-v8.xml::conditional_attchments_rename::R3.Corda ran despite precondition failure due to onFail='MARK_RAN': 
          master.changelog.json : Table PUBLIC.NODE_ATTCHMENTS_CONTRACTS does not exist

?[m?[37m[INFO] 11:12:08,939 [Test worker] liquibase. - master.changelog.json: migration/node-core.changelog-v8.xml::conditional_attchments_contracts::R3.Corda: Marking ChangeSet: migration/node-core.changelog-v8.xml::conditional_attchments_contracts::R3.Corda ran despite precondition failure due to onFail='MARK_RAN': 
          master.changelog.json : Table PUBLIC.NODE_ATTACHMENTS_CONTRACT_CLASS_NAME does not exist

?[m?[37m[INFO] 11:12:08,940 [Test worker] liquibase. - master.changelog.json: migration/node-core.changelog-v8.xml::add_signers::R3.Corda: Table node_attachments_signers created
?[m?[37m[INFO] 11:12:08,941 [Test worker] liquibase. - master.changelog.json: migration/node-core.changelog-v8.xml::add_signers::R3.Corda: Foreign key constraint added to node_attachments_signers (att_id)
?[m?[37m[INFO] 11:12:08,941 [Test worker] liquibase. - master.changelog.json: migration/node-core.changelog-v8.xml::add_signers::R3.Corda: ChangeSet migration/node-core.changelog-v8.xml::add_signers::R3.Corda ran successfully in 1ms
?[m?[37m[INFO] 11:12:08,943 [Test worker] liquibase. - master.changelog.json: migration/node-core.changelog-tx-mapping.xml::add_tx_mapping_column::R3.Corda: Columns state_machine_run_id(NVARCHAR(36)) added to node_transactions
?[m?[37m[INFO] 11:12:08,944 [Test worker] liquibase. - master.changelog.json: migration/node-core.changelog-tx-mapping.xml::add_tx_mapping_column::R3.Corda: Custom SQL executed
?[m?[37m[INFO] 11:12:08,944 [Test worker] liquibase. - master.changelog.json: migration/node-core.changelog-tx-mapping.xml::add_tx_mapping_column::R3.Corda: Table node_transaction_mappings dropped
?[m?[37m[INFO] 11:12:08,944 [Test worker] liquibase. - master.changelog.json: migration/node-core.changelog-tx-mapping.xml::add_tx_mapping_column::R3.Corda: ChangeSet migration/node-core.changelog-tx-mapping.xml::add_tx_mapping_column::R3.Corda ran successfully in 3ms
?[m?[37m[INFO] 11:12:08,945 [Test worker] liquibase. - master.changelog.json: migration/node-services.changelog-init.xml::add_network_parameters_storage::R3.Corda: Table node_network_parameters created
?[m?[37m[INFO] 11:12:08,945 [Test worker] liquibase. - master.changelog.json: migration/node-services.changelog-init.xml::add_network_parameters_storage::R3.Corda: ChangeSet migration/node-services.changelog-init.xml::add_network_parameters_storage::R3.Corda ran successfully in 0ms
?[m?[37m[INFO] 11:12:08,946 [Test worker] liquibase. - master.changelog.json: migration/node-services.changelog-init.xml::network_parameters_pk::R3.Corda: Primary key added to node_network_parameters (hash)
?[m?[37m[INFO] 11:12:08,946 [Test worker] liquibase. - master.changelog.json: migration/node-services.changelog-init.xml::network_parameters_pk::R3.Corda: ChangeSet migration/node-services.changelog-init.xml::network_parameters_pk::R3.Corda ran successfully in 0ms
?[m?[37m[INFO] 11:12:08,949 [Test worker] liquibase. - master.changelog.json: migration/node-services.changelog-init.xml::add_version_column::R3.Corda: Columns version(INT) added to node_attachments
?[m?[37m[INFO] 11:12:08,949 [Test worker] liquibase. - master.changelog.json: migration/node-services.changelog-init.xml::add_version_column::R3.Corda: Custom SQL executed
?[m?[37m[INFO] 11:12:08,950 [Test worker] liquibase. - master.changelog.json: migration/node-services.changelog-init.xml::add_version_column::R3.Corda: Null constraint has been added to node_attachments.version
?[m?[37m[INFO] 11:12:08,950 [Test worker] liquibase. - master.changelog.json: migration/node-services.changelog-init.xml::add_version_column::R3.Corda: ChangeSet migration/node-services.changelog-init.xml::add_version_column::R3.Corda ran successfully in 3ms
?[m?[37m[INFO] 11:12:08,950 [Test worker] persistence.AttachmentVersionNumberMigration. - Start executing...
?[m?[37m[INFO] 11:12:08,952 [Test worker] persistence.AttachmentVersionNumberMigration. - Attachment version creation from whitelisted JARs using network parameters from build/mock-network/20190407-151207.351/nodes/2/network-parameters, whitelistedContractImplementations: {}.
?[m?[37m[INFO] 11:12:08,952 [Test worker] persistence.AttachmentVersionNumberMigration. - Attachment version creation from whitelisted JARs skipped, no attachments not found.
?[m?[37m[INFO] 11:12:08,952 [Test worker] liquibase. - master.changelog.json: migration/node-services.changelog-init.xml::update-version-of-whitelisted-jars::R3.Corda: null
?[m?[37m[INFO] 11:12:08,952 [Test worker] liquibase. - master.changelog.json: migration/node-services.changelog-init.xml::update-version-of-whitelisted-jars::R3.Corda: ChangeSet migration/node-services.changelog-init.xml::update-version-of-whitelisted-jars::R3.Corda ran successfully in 2ms
?[m?[37m[INFO] 11:12:08,953 [Test worker] migration.VaultStateMigration. - Migrating vault state data to V4 tables
?[m?[37m[INFO] 11:12:08,954 [Test worker] persistence.HibernateConfiguration. - Init HibernateConfiguration for schemas: [VaultMigrationSchemaV1(name=net.corda.node.migration.VaultMigrationSchema, version=1), VaultSchemaV1(name=net.corda.node.services.vault.VaultSchema, version=1)]
?[m?[37m[INFO] 11:12:08,954 [Test worker] persistence.HibernateConfiguration. - Creating session factory for schemas: [VaultMigrationSchemaV1(name=net.corda.node.migration.VaultMigrationSchema, version=1), VaultSchemaV1(name=net.corda.node.services.vault.VaultSchema, version=1)]
?[m?[37m[INFO] 11:12:08,959 [Test worker] internal.ConnectionProviderInitiator. - HHH000130: Instantiating explicit connection provider: net.corda.nodeapi.internal.persistence.HibernateConfiguration$NodeDatabaseConnectionProvider
?[m?[37m[INFO] 11:12:08,960 [Test worker] dialect.Dialect. - HHH000400: Using dialect: org.hibernate.dialect.H2Dialect
?[m?[37m[INFO] 11:12:08,962 [Test worker] type.BasicTypeRegistry. - HHH000270: Type registration [materialized_blob] overrides previous : org.hibernate.type.MaterializedBlobType@13ae4c5f
?[m?[37m[INFO] 11:12:08,996 [Test worker] connections.access. - HHH10001501: Connection obtained from JdbcConnectionAccess [org.hibernate.engine.jdbc.env.internal.JdbcEnvironmentInitiator$ConnectionProviderJdbcConnectionAccess@1fdd5d88] for (non-JTA) DDL execution was not in auto-commit mode; the Connection 'local transaction' will be committed and the Connection will be set into auto-commit mode.
?[m?[37m[INFO] 11:12:09,017 [Test worker] persistence.HibernateConfiguration. - Created session factory for schemas: [VaultMigrationSchemaV1(name=net.corda.node.migration.VaultMigrationSchema, version=1), VaultSchemaV1(name=net.corda.node.services.vault.VaultSchema, version=1)]
?[m?[37m[INFO] 11:12:09,018 [Test worker] internal.QueryTranslatorFactoryInitiator. - HHH000397: Using ASTQueryTranslatorFactory
?[m?[37m[INFO] 11:12:09,024 [Test worker] migration.VaultStateMigration. - Finished performing vault state data migration for 0 states
?[m?[37m[INFO] 11:12:09,024 [Test worker] liquibase. - master.changelog.json: migration/vault-schema.changelog-v9.xml::update-vault-states::R3.Corda: null
?[m?[37m[INFO] 11:12:09,024 [Test worker] liquibase. - master.changelog.json: migration/vault-schema.changelog-v9.xml::update-vault-states::R3.Corda: ChangeSet migration/vault-schema.changelog-v9.xml::update-vault-states::R3.Corda ran successfully in 71ms
?[m?[37m[INFO] 11:12:09,025 [Test worker] liquibase. - Successfully released change log lock
?[m?[37m[INFO] 11:12:09,026 [Test worker] internal.InternalMockNetwork$MockNode. - Connected to H2 database.
?[m?[37m[INFO] 11:12:09,026 [Test worker] internal.InternalMockNetwork$MockNode. - identity-private-key not found in key store, generating fresh key!
?[m?[37m[INFO] 11:12:09,041 [Test worker] persistence.HibernateConfiguration. - Init HibernateConfiguration for schemas: [CommonSchemaV1(name=net.corda.core.schemas.CommonSchema, version=1), VaultSchemaV1(name=net.corda.node.services.vault.VaultSchema, version=1), NodeInfoSchemaV1(name=net.corda.node.internal.schemas.NodeInfoSchema, version=1), NodeCoreV1(name=net.corda.node.services.schema.NodeSchemaService$NodeCore, version=1), FNOLSchemaV1(name=com.example.schema.FNOLSchema, version=1), IOUSchemaV1(name=com.example.schema.IOUSchema, version=1)]
?[m?[37m[INFO] 11:12:09,041 [Test worker] persistence.HibernateConfiguration. - Creating session factory for schemas: [CommonSchemaV1(name=net.corda.core.schemas.CommonSchema, version=1), VaultSchemaV1(name=net.corda.node.services.vault.VaultSchema, version=1), NodeInfoSchemaV1(name=net.corda.node.internal.schemas.NodeInfoSchema, version=1), NodeCoreV1(name=net.corda.node.services.schema.NodeSchemaService$NodeCore, version=1), FNOLSchemaV1(name=com.example.schema.FNOLSchema, version=1), IOUSchemaV1(name=com.example.schema.IOUSchema, version=1)]
?[m?[37m[INFO] 11:12:09,059 [Test worker] internal.ConnectionProviderInitiator. - HHH000130: Instantiating explicit connection provider: net.corda.nodeapi.internal.persistence.HibernateConfiguration$NodeDatabaseConnectionProvider
?[m?[37m[INFO] 11:12:09,060 [Test worker] dialect.Dialect. - HHH000400: Using dialect: org.hibernate.dialect.H2Dialect
?[m?[37m[INFO] 11:12:09,068 [Test worker] type.BasicTypeRegistry. - HHH000270: Type registration [materialized_blob] overrides previous : org.hibernate.type.MaterializedBlobType@13ae4c5f
?[m?[37m[INFO] 11:12:09,185 [Test worker] connections.access. - HHH10001501: Connection obtained from JdbcConnectionAccess [org.hibernate.engine.jdbc.env.internal.JdbcEnvironmentInitiator$ConnectionProviderJdbcConnectionAccess@671179dc] for (non-JTA) DDL execution was not in auto-commit mode; the Connection 'local transaction' will be committed and the Connection will be set into auto-commit mode.
?[m?[37m[INFO] 11:12:09,223 [Test worker] persistence.HibernateConfiguration. - Created session factory for schemas: [CommonSchemaV1(name=net.corda.core.schemas.CommonSchema, version=1), VaultSchemaV1(name=net.corda.node.services.vault.VaultSchema, version=1), NodeInfoSchemaV1(name=net.corda.node.internal.schemas.NodeInfoSchema, version=1), NodeCoreV1(name=net.corda.node.services.schema.NodeSchemaService$NodeCore, version=1), FNOLSchemaV1(name=com.example.schema.FNOLSchema, version=1), IOUSchemaV1(name=com.example.schema.IOUSchema, version=1)]
?[m?[37m[INFO] 11:12:09,225 [Test worker] internal.QueryTranslatorFactoryInitiator. - HHH000397: Using ASTQueryTranslatorFactory
?[m?[37m[INFO] 11:12:09,229 [Test worker] internal.InternalMockNetwork$MockNode. - Node-info has changed so submitting update. Old node-info was null
?[m?[37m[INFO] 11:12:09,229 [Test worker] network.PersistentNetworkMapCache. - Adding node with info: NodeInfo(addresses=[mock.node:1000], legalIdentitiesAndCerts=[O=Mock Company 2, L=London, C=GB], platformVersion=4, serial=1554649929229)
?[m?[37m[INFO] 11:12:09,230 [Test worker] network.PersistentNetworkMapCache. - No previous node found
?[m?[37m[INFO] 11:12:09,238 [Test worker] internal.InternalMockNetwork$MockNode. - New node-info: NodeInfo(addresses=[mock.node:1000], legalIdentitiesAndCerts=[O=Mock Company 2, L=London, C=GB], platformVersion=4, serial=1554649929229)
?[m?[37m[INFO] 11:12:09,245 [Test worker] network.NetworkMapUpdater. - Auto-accept enabled for network parameter changes which modify only: [epoch, modifiedTime, packageOwnership, whitelistedContractImplementations]
?[m?[37m[INFO] 11:12:09,247 [MockNode-6-2] network.PersistentNetworkMapCache. - Adding node with info: NodeInfo(addresses=[mock.node:1000], legalIdentitiesAndCerts=[O=Mock Company 2, L=London, C=GB], platformVersion=4, serial=1554649929229)
?[m?[37m[INFO] 11:12:09,253 [MockNode-6-2] network.PersistentNetworkMapCache. - Previous node was identical to incoming one - doing nothing
?[m?[37m[INFO] 11:12:09,277 [Test worker] ClassloaderUtils. - Contracts loading for '/var/folders/5q/xy985yhj7rg30rc4c_z3gd4m0000gn/T/attachment8062787673663653619.jar' took 21 msec
?[m?[37m[INFO] 11:12:09,294 [Test worker] persistence.NodeAttachmentService. - Stored new attachment: id=B0DC6BB384D1A6B002EFC0F67EDD756DE1A1E8883DAE28EEB966064A6EF48F64 uploader=app filename=null
?[m?[37m[INFO] 11:12:09,299 [Test worker] statemachine.SingleThreadedStateMachineManager. - Node ready, info: NodeInfo(addresses=[mock.node:1000], legalIdentitiesAndCerts=[O=Mock Company 2, L=London, C=GB], platformVersion=4, serial=1554649929229)
?[m?[37m[INFO] 11:12:09,302 [Test worker] network.PersistentNetworkMapCache. - Adding node with info: NodeInfo(addresses=[mock.node:1000], legalIdentitiesAndCerts=[O=Notary Service, L=Zurich, C=CH], platformVersion=4, serial=1554649927940)
?[m?[37m[INFO] 11:12:09,303 [Test worker] network.PersistentNetworkMapCache. - No previous node found
?[m?[37m[INFO] 11:12:09,310 [Test worker] network.PersistentNetworkMapCache. - Adding node with info: NodeInfo(addresses=[mock.node:1000], legalIdentitiesAndCerts=[O=Mock Company 2, L=London, C=GB], platformVersion=4, serial=1554649929229)
?[m?[37m[INFO] 11:12:09,311 [Test worker] network.PersistentNetworkMapCache. - No previous node found
?[m?[37m[INFO] 11:12:09,319 [Test worker] network.PersistentNetworkMapCache. - Adding node with info: NodeInfo(addresses=[mock.node:1000], legalIdentitiesAndCerts=[O=Mock Company 1, L=London, C=GB], platformVersion=4, serial=1554649928544)
?[m?[37m[INFO] 11:12:09,320 [Test worker] network.PersistentNetworkMapCache. - No previous node found
?[m?[37m[INFO] 11:12:09,327 [Test worker] network.PersistentNetworkMapCache. - Adding node with info: NodeInfo(addresses=[mock.node:1000], legalIdentitiesAndCerts=[O=Mock Company 2, L=London, C=GB], platformVersion=4, serial=1554649929229)
?[m?[37m[INFO] 11:12:09,328 [Test worker] network.PersistentNetworkMapCache. - No previous node found
?[m?[37m[INFO] 11:12:09,336 [Test worker] network.PersistentNetworkMapCache. - Adding node with info: NodeInfo(addresses=[mock.node:1000], legalIdentitiesAndCerts=[O=Mock Company 2, L=London, C=GB], platformVersion=4, serial=1554649929229)
?[m?[37m[INFO] 11:12:09,336 [Test worker] network.PersistentNetworkMapCache. - Previous node was identical to incoming one - doing nothing
?[m?[37m[INFO] 11:12:09,336 [Test worker] network.PersistentNetworkMapCache. - Adding node with info: NodeInfo(addresses=[mock.node:1000], legalIdentitiesAndCerts=[O=Mock Company 2, L=London, C=GB], platformVersion=4, serial=1554649929229)
?[m?[37m[INFO] 11:12:09,336 [Test worker] network.PersistentNetworkMapCache. - Previous node was identical to incoming one - doing nothing
?[m?[31m[WARN] 11:12:09,336 [Test worker] internal.NodeFlowManager. - Multiple flows are registered for InitiatingFlow: class com.example.flow.ExampleFlow$Initiator, currently using: class com.example.flow.ExampleFlow$Acceptor
?[m?[37m[INFO] 11:12:09,336 [Test worker] internal.NodeFlowManager. - Registered com.example.flow.ExampleFlow$Initiator to initiate com.example.flow.ExampleFlow$Acceptor (version 1)
?[m?[31m[WARN] 11:12:09,336 [Test worker] internal.NodeFlowManager. - Multiple flows are registered for InitiatingFlow: class com.example.flow.ExampleFlow$Initiator, currently using: class com.example.flow.ExampleFlow$Acceptor
?[m?[37m[INFO] 11:12:09,336 [Test worker] internal.NodeFlowManager. - Registered com.example.flow.ExampleFlow$Initiator to initiate com.example.flow.ExampleFlow$Acceptor (version 1)
?[m?[1;31m[ERROR] 11:12:09,876 [Mock network] internal.Verifier. - Error validating transaction D717E73DAFA9E6FE19EF74D87DBC6CAB34ABF11B2ED600966EC3907A135A0676. [errorCode=1dpk8h1, moreInformationAt=https://errors.corda.net/OS/4.0/1dpk8h1] {actor_id=Only For Testing, actor_owning_identity=O=Mock Company 1, L=London, C=GB, actor_store_id=TEST, fiber-id=10000003, flow-id=e8f452cd-8f4e-4eb0-a323-7dcf6c5a6cc3, invocation_id=62d6b60c-8271-43f4-8329-8f312a3288e6, invocation_timestamp=2019-04-07T15:12:09.337Z, origin=Only For Testing, session_id=62d6b60c-8271-43f4-8329-8f312a3288e6, session_timestamp=2019-04-07T15:12:09.337Z, thread-id=799}
?[m java.lang.IllegalArgumentException: Failed requirement: The IOU's value must be non-negative.
	at com.example.contract.IOUContract.verify(IOUContract.kt:70) ~[cordapp-example-contracts-0.1.jar:?]
	at net.corda.core.internal.Verifier.verifyContracts(TransactionVerifierServiceInternal.kt:377) ~[corda-core-4.0.jar:?]
	at net.corda.core.internal.Verifier.verify(TransactionVerifierServiceInternal.kt:71) ~[corda-core-4.0.jar:?]
	at net.corda.core.transactions.LedgerTransaction.verify(LedgerTransaction.kt:125) ~[corda-core-4.0.jar:?]
	at net.corda.core.transactions.TransactionBuilder.addMissingDependency(TransactionBuilder.kt:173) ~[corda-core-4.0.jar:?]
	at net.corda.core.transactions.TransactionBuilder.toWireTransactionWithContext$core(TransactionBuilder.kt:160) ~[corda-core-4.0.jar:?]
	at net.corda.core.transactions.TransactionBuilder.toWireTransactionWithContext$core$default(TransactionBuilder.kt:128) ~[corda-core-4.0.jar:?]
	at net.corda.core.transactions.TransactionBuilder.toWireTransaction(TransactionBuilder.kt:125) ~[corda-core-4.0.jar:?]
	at net.corda.core.transactions.TransactionBuilder.toLedgerTransaction(TransactionBuilder.kt:451) ~[corda-core-4.0.jar:?]
	at net.corda.core.transactions.TransactionBuilder.verify(TransactionBuilder.kt:459) ~[corda-core-4.0.jar:?]
	at com.example.flow.ExampleFlow$Initiator.call(ExampleFlow.kt:80) ~[main/:?]
	at com.example.flow.ExampleFlow$Initiator.call(ExampleFlow.kt:31) ~[main/:?]
	at net.corda.node.services.statemachine.FlowStateMachineImpl.run(FlowStateMachineImpl.kt:228) ~[corda-node-4.0.jar:?]
	at net.corda.node.services.statemachine.FlowStateMachineImpl.run(FlowStateMachineImpl.kt:45) ~[corda-node-4.0.jar:?]
	at co.paralleluniverse.fibers.Fiber.run1(Fiber.java:1092) ~[quasar-core-0.7.10-jdk8.jar:0.7.10]
	at co.paralleluniverse.fibers.Fiber.exec(Fiber.java:788) ~[quasar-core-0.7.10-jdk8.jar:0.7.10]
	at co.paralleluniverse.fibers.RunnableFiberTask.doExec(RunnableFiberTask.java:100) ~[quasar-core-0.7.10-jdk8.jar:0.7.10]
	at co.paralleluniverse.fibers.RunnableFiberTask.run(RunnableFiberTask.java:91) ~[quasar-core-0.7.10-jdk8.jar:0.7.10]
	at java.util.concurrent.Executors$RunnableAdapter.call(Executors.java:511) ~[?:1.8.0_181]
	at java.util.concurrent.FutureTask.run(FutureTask.java:266) ~[?:1.8.0_181]
	at java.util.concurrent.ScheduledThreadPoolExecutor$ScheduledFutureTask.access$201(ScheduledThreadPoolExecutor.java:180) ~[?:1.8.0_181]
	at java.util.concurrent.ScheduledThreadPoolExecutor$ScheduledFutureTask.run(ScheduledThreadPoolExecutor.java:293) ~[?:1.8.0_181]
	at java.util.concurrent.ThreadPoolExecutor.runWorker(ThreadPoolExecutor.java:1149) ~[?:1.8.0_181]
	at java.util.concurrent.ThreadPoolExecutor$Worker.run(ThreadPoolExecutor.java:624) ~[?:1.8.0_181]
	at net.corda.node.utilities.AffinityExecutor$ServiceAffinityExecutor$1$thread$1.run(AffinityExecutor.kt:63) ~[corda-node-4.0.jar:?]
?[1;31m[ERROR] 11:12:09,879 [Mock network] internal.Verifier. - Error validating transaction D717E73DAFA9E6FE19EF74D87DBC6CAB34ABF11B2ED600966EC3907A135A0676. [errorCode=1dpk8h1, moreInformationAt=https://errors.corda.net/OS/4.0/1dpk8h1] {actor_id=Only For Testing, actor_owning_identity=O=Mock Company 1, L=London, C=GB, actor_store_id=TEST, fiber-id=10000003, flow-id=e8f452cd-8f4e-4eb0-a323-7dcf6c5a6cc3, invocation_id=62d6b60c-8271-43f4-8329-8f312a3288e6, invocation_timestamp=2019-04-07T15:12:09.337Z, origin=Only For Testing, session_id=62d6b60c-8271-43f4-8329-8f312a3288e6, session_timestamp=2019-04-07T15:12:09.337Z, thread-id=799}
?[m java.lang.IllegalArgumentException: Failed requirement: The IOU's value must be non-negative.
	at com.example.contract.IOUContract.verify(IOUContract.kt:70) ~[cordapp-example-contracts-0.1.jar:?]
	at net.corda.core.internal.Verifier.verifyContracts(TransactionVerifierServiceInternal.kt:377) ~[corda-core-4.0.jar:?]
	at net.corda.core.internal.Verifier.verify(TransactionVerifierServiceInternal.kt:71) ~[corda-core-4.0.jar:?]
	at net.corda.core.transactions.LedgerTransaction.verify(LedgerTransaction.kt:125) ~[corda-core-4.0.jar:?]
	at net.corda.core.transactions.TransactionBuilder.verify(TransactionBuilder.kt:459) ~[corda-core-4.0.jar:?]
	at com.example.flow.ExampleFlow$Initiator.call(ExampleFlow.kt:80) ~[main/:?]
	at com.example.flow.ExampleFlow$Initiator.call(ExampleFlow.kt:31) ~[main/:?]
	at net.corda.node.services.statemachine.FlowStateMachineImpl.run(FlowStateMachineImpl.kt:228) ~[corda-node-4.0.jar:?]
	at net.corda.node.services.statemachine.FlowStateMachineImpl.run(FlowStateMachineImpl.kt:45) ~[corda-node-4.0.jar:?]
	at co.paralleluniverse.fibers.Fiber.run1(Fiber.java:1092) ~[quasar-core-0.7.10-jdk8.jar:0.7.10]
	at co.paralleluniverse.fibers.Fiber.exec(Fiber.java:788) ~[quasar-core-0.7.10-jdk8.jar:0.7.10]
	at co.paralleluniverse.fibers.RunnableFiberTask.doExec(RunnableFiberTask.java:100) ~[quasar-core-0.7.10-jdk8.jar:0.7.10]
	at co.paralleluniverse.fibers.RunnableFiberTask.run(RunnableFiberTask.java:91) ~[quasar-core-0.7.10-jdk8.jar:0.7.10]
	at java.util.concurrent.Executors$RunnableAdapter.call(Executors.java:511) ~[?:1.8.0_181]
	at java.util.concurrent.FutureTask.run(FutureTask.java:266) ~[?:1.8.0_181]
	at java.util.concurrent.ScheduledThreadPoolExecutor$ScheduledFutureTask.access$201(ScheduledThreadPoolExecutor.java:180) ~[?:1.8.0_181]
	at java.util.concurrent.ScheduledThreadPoolExecutor$ScheduledFutureTask.run(ScheduledThreadPoolExecutor.java:293) ~[?:1.8.0_181]
	at java.util.concurrent.ThreadPoolExecutor.runWorker(ThreadPoolExecutor.java:1149) ~[?:1.8.0_181]
	at java.util.concurrent.ThreadPoolExecutor$Worker.run(ThreadPoolExecutor.java:624) ~[?:1.8.0_181]
	at net.corda.node.utilities.AffinityExecutor$ServiceAffinityExecutor$1$thread$1.run(AffinityExecutor.kt:63) ~[corda-node-4.0.jar:?]
?[37m[INFO] 11:12:09,879 [Mock network] corda.flow. - Flow raised an error... sending it to flow hospital {actor_id=Only For Testing, actor_owning_identity=O=Mock Company 1, L=London, C=GB, actor_store_id=TEST, fiber-id=10000003, flow-id=e8f452cd-8f4e-4eb0-a323-7dcf6c5a6cc3, invocation_id=62d6b60c-8271-43f4-8329-8f312a3288e6, invocation_timestamp=2019-04-07T15:12:09.337Z, origin=Only For Testing, session_id=62d6b60c-8271-43f4-8329-8f312a3288e6, session_timestamp=2019-04-07T15:12:09.337Z, thread-id=799}
?[m net.corda.core.contracts.TransactionVerificationException$ContractRejection: Contract verification failed: Failed requirement: The IOU's value must be non-negative., contract: com.example.contract.IOUContract, transaction: D717E73DAFA9E6FE19EF74D87DBC6CAB34ABF11B2ED600966EC3907A135A0676
	at net.corda.core.internal.Verifier.verifyContracts(TransactionVerifierServiceInternal.kt:380) ~[corda-core-4.0.jar:?]
	at net.corda.core.internal.Verifier.verify(TransactionVerifierServiceInternal.kt:71) ~[corda-core-4.0.jar:?]
	at net.corda.core.transactions.LedgerTransaction.verify(LedgerTransaction.kt:125) ~[corda-core-4.0.jar:?]
	at net.corda.core.transactions.TransactionBuilder.verify(TransactionBuilder.kt:459) ~[corda-core-4.0.jar:?]
	at com.example.flow.ExampleFlow$Initiator.call(ExampleFlow.kt:80) ~[main/:?]
	at com.example.flow.ExampleFlow$Initiator.call(ExampleFlow.kt:31) ~[main/:?]
	at net.corda.node.services.statemachine.FlowStateMachineImpl.run(FlowStateMachineImpl.kt:228) ~[corda-node-4.0.jar:?]
	at net.corda.node.services.statemachine.FlowStateMachineImpl.run(FlowStateMachineImpl.kt:45) ~[corda-node-4.0.jar:?]
	at co.paralleluniverse.fibers.Fiber.run1(Fiber.java:1092) ~[quasar-core-0.7.10-jdk8.jar:0.7.10]
	at co.paralleluniverse.fibers.Fiber.exec(Fiber.java:788) ~[quasar-core-0.7.10-jdk8.jar:0.7.10]
	at co.paralleluniverse.fibers.RunnableFiberTask.doExec(RunnableFiberTask.java:100) ~[quasar-core-0.7.10-jdk8.jar:0.7.10]
	at co.paralleluniverse.fibers.RunnableFiberTask.run(RunnableFiberTask.java:91) ~[quasar-core-0.7.10-jdk8.jar:0.7.10]
	at java.util.concurrent.Executors$RunnableAdapter.call(Executors.java:511) ~[?:1.8.0_181]
	at java.util.concurrent.FutureTask.run(FutureTask.java:266) ~[?:1.8.0_181]
	at java.util.concurrent.ScheduledThreadPoolExecutor$ScheduledFutureTask.access$201(ScheduledThreadPoolExecutor.java:180) ~[?:1.8.0_181]
	at java.util.concurrent.ScheduledThreadPoolExecutor$ScheduledFutureTask.run(ScheduledThreadPoolExecutor.java:293) ~[?:1.8.0_181]
	at java.util.concurrent.ThreadPoolExecutor.runWorker(ThreadPoolExecutor.java:1149) ~[?:1.8.0_181]
	at java.util.concurrent.ThreadPoolExecutor$Worker.run(ThreadPoolExecutor.java:624) ~[?:1.8.0_181]
	at net.corda.node.utilities.AffinityExecutor$ServiceAffinityExecutor$1$thread$1.run(AffinityExecutor.kt:63) ~[corda-node-4.0.jar:?]
Caused by: java.lang.IllegalArgumentException: Failed requirement: The IOU's value must be non-negative.
	at com.example.contract.IOUContract.verify(IOUContract.kt:70) ~[cordapp-example-contracts-0.1.jar:?]
	at net.corda.core.internal.Verifier.verifyContracts(TransactionVerifierServiceInternal.kt:377) ~[corda-core-4.0.jar:?]
	... 18 more
?[37m[INFO] 11:12:09,883 [Mock network] statemachine.StaffedFlowHospital. - Flow [e8f452cd-8f4e-4eb0-a323-7dcf6c5a6cc3] admitted to hospital in state StateMachineState(checkpoint=Checkpoint(invocationContext=InvocationContext(origin=RPC(actor=Actor(id=Id(value=Only For Testing), serviceId=AuthServiceId(value=TEST), owningLegalIdentity=O=Mock Company 1, L=London, C=GB)), trace=Trace(invocationId=62d6b60c-8271-43f4-8329-8f312a3288e6, timestamp: 2019-04-07T15:12:09.337Z, entityType: Invocation, sessionId=62d6b60c-8271-43f4-8329-8f312a3288e6, timestamp: 2019-04-07T15:12:09.337Z, entityType: Session), actor=Actor(id=Id(value=Only For Testing), serviceId=AuthServiceId(value=TEST), owningLegalIdentity=O=Mock Company 1, L=London, C=GB), externalTrace=null, impersonatedActor=null), ourIdentity=O=Mock Company 1, L=London, C=GB, sessions={}, subFlowStack=[Initiating(flowClass=class com.example.flow.ExampleFlow$Initiator, classToInitiateWith=class com.example.flow.ExampleFlow$Initiator, flowInfo=FlowInfo(flowVersion=1, appName=<unknown>), subFlowVersion=CorDappFlow(platformVersion=4, corDappName=cordapp-example-workflows-0.1, corDappHash=12F8E5011BCE4C9F1E080CD1A1EE0D6BBE63C41F4CB8D489D54AFF0C3830FE8D), isEnabledTimedFlow=false)], flowState=Unstarted(flowStart=Explicit, frozenFlowLogic=E96C83ACA5F90D28E53730972009B4C9EC01E408B54EBDC237146B011EB4F9FF), errorState=Clean, numberOfSuspends=0), flowLogic=com.example.flow.ExampleFlow$Initiator@45592a89, pendingDeduplicationHandlers=[], isFlowResumed=true, isTransactionTracked=false, isAnyCheckpointPersisted=true, isStartIdempotent=false, isRemoved=false, senderUUID=5ac72758-fabd-4cf6-b21c-932167bf6d50) {actor_id=Only For Testing, actor_owning_identity=O=Mock Company 1, L=London, C=GB, actor_store_id=TEST, fiber-id=10000003, flow-id=e8f452cd-8f4e-4eb0-a323-7dcf6c5a6cc3, invocation_id=62d6b60c-8271-43f4-8329-8f312a3288e6, invocation_timestamp=2019-04-07T15:12:09.337Z, origin=Only For Testing, session_id=62d6b60c-8271-43f4-8329-8f312a3288e6, session_timestamp=2019-04-07T15:12:09.337Z, thread-id=799}
?[m?[37m[INFO] 11:12:09,885 [Mock network] statemachine.StaffedFlowHospital. - Flow [e8f452cd-8f4e-4eb0-a323-7dcf6c5a6cc3] has error [0] {actor_id=Only For Testing, actor_owning_identity=O=Mock Company 1, L=London, C=GB, actor_store_id=TEST, fiber-id=10000003, flow-id=e8f452cd-8f4e-4eb0-a323-7dcf6c5a6cc3, invocation_id=62d6b60c-8271-43f4-8329-8f312a3288e6, invocation_timestamp=2019-04-07T15:12:09.337Z, origin=Only For Testing, session_id=62d6b60c-8271-43f4-8329-8f312a3288e6, session_timestamp=2019-04-07T15:12:09.337Z, thread-id=799}
?[m net.corda.core.contracts.TransactionVerificationException$ContractRejection: Contract verification failed: Failed requirement: The IOU's value must be non-negative., contract: com.example.contract.IOUContract, transaction: D717E73DAFA9E6FE19EF74D87DBC6CAB34ABF11B2ED600966EC3907A135A0676
	at net.corda.core.internal.Verifier.verifyContracts(TransactionVerifierServiceInternal.kt:380) ~[corda-core-4.0.jar:?]
	at net.corda.core.internal.Verifier.verify(TransactionVerifierServiceInternal.kt:71) ~[corda-core-4.0.jar:?]
	at net.corda.core.transactions.LedgerTransaction.verify(LedgerTransaction.kt:125) ~[corda-core-4.0.jar:?]
	at net.corda.core.transactions.TransactionBuilder.verify(TransactionBuilder.kt:459) ~[corda-core-4.0.jar:?]
	at com.example.flow.ExampleFlow$Initiator.call(ExampleFlow.kt:80) ~[main/:?]
	at com.example.flow.ExampleFlow$Initiator.call(ExampleFlow.kt:31) ~[main/:?]
	at net.corda.node.services.statemachine.FlowStateMachineImpl.run(FlowStateMachineImpl.kt:228) ~[corda-node-4.0.jar:?]
	at net.corda.node.services.statemachine.FlowStateMachineImpl.run(FlowStateMachineImpl.kt:45) ~[corda-node-4.0.jar:?]
	at co.paralleluniverse.fibers.Fiber.run1(Fiber.java:1092) ~[quasar-core-0.7.10-jdk8.jar:0.7.10]
	at co.paralleluniverse.fibers.Fiber.exec(Fiber.java:788) ~[quasar-core-0.7.10-jdk8.jar:0.7.10]
	at co.paralleluniverse.fibers.RunnableFiberTask.doExec(RunnableFiberTask.java:100) ~[quasar-core-0.7.10-jdk8.jar:0.7.10]
	at co.paralleluniverse.fibers.RunnableFiberTask.run(RunnableFiberTask.java:91) ~[quasar-core-0.7.10-jdk8.jar:0.7.10]
	at java.util.concurrent.Executors$RunnableAdapter.call(Executors.java:511) ~[?:1.8.0_181]
	at java.util.concurrent.FutureTask.run(FutureTask.java:266) ~[?:1.8.0_181]
	at java.util.concurrent.ScheduledThreadPoolExecutor$ScheduledFutureTask.access$201(ScheduledThreadPoolExecutor.java:180) ~[?:1.8.0_181]
	at java.util.concurrent.ScheduledThreadPoolExecutor$ScheduledFutureTask.run(ScheduledThreadPoolExecutor.java:293) ~[?:1.8.0_181]
	at java.util.concurrent.ThreadPoolExecutor.runWorker(ThreadPoolExecutor.java:1149) ~[?:1.8.0_181]
	at java.util.concurrent.ThreadPoolExecutor$Worker.run(ThreadPoolExecutor.java:624) ~[?:1.8.0_181]
	at net.corda.node.utilities.AffinityExecutor$ServiceAffinityExecutor$1$thread$1.run(AffinityExecutor.kt:63) ~[corda-node-4.0.jar:?]
Caused by: java.lang.IllegalArgumentException: Failed requirement: The IOU's value must be non-negative.
	at com.example.contract.IOUContract.verify(IOUContract.kt:70) ~[cordapp-example-contracts-0.1.jar:?]
	at net.corda.core.internal.Verifier.verifyContracts(TransactionVerifierServiceInternal.kt:377) ~[corda-core-4.0.jar:?]
	... 18 more
?[37m[INFO] 11:12:09,887 [Mock network] statemachine.StaffedFlowHospital. - Flow [e8f452cd-8f4e-4eb0-a323-7dcf6c5a6cc3] error allowed to propagate {actor_id=Only For Testing, actor_owning_identity=O=Mock Company 1, L=London, C=GB, actor_store_id=TEST, fiber-id=10000003, flow-id=e8f452cd-8f4e-4eb0-a323-7dcf6c5a6cc3, invocation_id=62d6b60c-8271-43f4-8329-8f312a3288e6, invocation_timestamp=2019-04-07T15:12:09.337Z, origin=Only For Testing, session_id=62d6b60c-8271-43f4-8329-8f312a3288e6, session_timestamp=2019-04-07T15:12:09.337Z, thread-id=799}
?[m?[31m[WARN] 11:12:09,901 [Mock network] interceptors.DumpHistoryOnErrorInterceptor. - Flow [e8f452cd-8f4e-4eb0-a323-7dcf6c5a6cc3] errored, dumping all transitions:

 --- Transition of flow [e8f452cd-8f4e-4eb0-a323-7dcf6c5a6cc3] ---
  Timestamp: 2019-04-07T15:12:09.342Z
  Event: DoRemainingWork
  Actions: 
    CreateTransaction
    PersistCheckpoint(id=[e8f452cd-8f4e-4eb0-a323-7dcf6c5a6cc3], checkpoint=Checkpoint(invocationContext=InvocationContext(origin=RPC(actor=Actor(id=Id(value=Only For Testing), serviceId=AuthServiceId(value=TEST), owningLegalIdentity=O=Mock Company 1, L=London, C=GB)), trace=Trace(invocationId=62d6b60c-8271-43f4-8329-8f312a3288e6, timestamp: 2019-04-07T15:12:09.337Z, entityType: Invocation, sessionId=62d6b60c-8271-43f4-8329-8f312a3288e6, timestamp: 2019-04-07T15:12:09.337Z, entityType: Session), actor=Actor(id=Id(value=Only For Testing), serviceId=AuthServiceId(value=TEST), owningLegalIdentity=O=Mock Company 1, L=London, C=GB), externalTrace=null, impersonatedActor=null), ourIdentity=O=Mock Company 1, L=London, C=GB, sessions={}, subFlowStack=[Initiating(flowClass=class com.example.flow.ExampleFlow$Initiator, classToInitiateWith=class com.example.flow.ExampleFlow$Initiator, flowInfo=FlowInfo(flowVersion=1, appName=<unknown>), subFlowVersion=CorDappFlow(platformVersion=4, corDappName=cordapp-example-workflows-0.1, corDappHash=12F8E5011BCE4C9F1E080CD1A1EE0D6BBE63C41F4CB8D489D54AFF0C3830FE8D), isEnabledTimedFlow=false)], flowState=Unstarted(flowStart=Explicit, frozenFlowLogic=E96C83ACA5F90D28E53730972009B4C9EC01E408B54EBDC237146B011EB4F9FF), errorState=Clean, numberOfSuspends=0), isCheckpointUpdate=false)
    PersistDeduplicationFacts(deduplicationHandlers=[net.corda.node.internal.FlowStarterImpl$startFlow$startFlowEvent$1@39036151])
    CommitTransaction
    AcknowledgeMessages(deduplicationHandlers=[net.corda.node.internal.FlowStarterImpl$startFlow$startFlowEvent$1@39036151])
    SignalFlowHasStarted(flowId=[e8f452cd-8f4e-4eb0-a323-7dcf6c5a6cc3])
    CreateTransaction
  Continuation: Resume(result=null)
  Diff between previous and next state:
isAnyCheckpointPersisted: 
    false
    true
pendingDeduplicationHandlers: 
    [net.corda.node.internal.FlowStarterImpl$startFlow$startFlowEvent$1@39036151]
    []
isFlowResumed: 
    false
    true


 --- Transition of flow [e8f452cd-8f4e-4eb0-a323-7dcf6c5a6cc3] ---
  Timestamp: 2019-04-07T15:12:09.888Z
  Event: Error(exception=net.corda.core.contracts.TransactionVerificationException$ContractRejection: Contract verification failed: Failed requirement: The IOU's value must be non-negative., contract: com.example.contract.IOUContract, transaction: D717E73DAFA9E6FE19EF74D87DBC6CAB34ABF11B2ED600966EC3907A135A0676)
  Actions: 
    RollbackTransaction
    ScheduleEvent(event=DoRemainingWork)
  Continuation: ProcessEvents
  Diff between previous and next state:
checkpoint.errorState: 
    Clean
    Errored(errors=[FlowError(errorId=1967279751519760270, exception=net.corda.core.contracts.TransactionVerificationException$ContractRejection: Contract verification failed: Failed requirement: The IOU's value must be non-negative., contract: com.example.contract.IOUContract, transaction: D717E73DAFA9E6FE19EF74D87DBC6CAB34ABF11B2ED600966EC3907A135A0676)], propagatedIndex=0, propagating=false)
isFlowResumed: 
    true
    false


 --- Transition of flow [e8f452cd-8f4e-4eb0-a323-7dcf6c5a6cc3] ---
  Timestamp: 2019-04-07T15:12:09.892Z
  Event: DoRemainingWork
  Actions: 
    
  Continuation: ProcessEvents
  Diff between previous and next state:
null

 --- Transition of flow [e8f452cd-8f4e-4eb0-a323-7dcf6c5a6cc3] ---
  Timestamp: 2019-04-07T15:12:09.893Z
  Event: StartErrorPropagation
  Actions: 
    ScheduleEvent(event=DoRemainingWork)
  Continuation: ProcessEvents
  Diff between previous and next state:
checkpoint.errorState.propagating: 
    false
    true
 {actor_id=Only For Testing, actor_owning_identity=O=Mock Company 1, L=London, C=GB, actor_store_id=TEST, fiber-id=10000003, flow-id=e8f452cd-8f4e-4eb0-a323-7dcf6c5a6cc3, invocation_id=62d6b60c-8271-43f4-8329-8f312a3288e6, invocation_timestamp=2019-04-07T15:12:09.337Z, origin=Only For Testing, session_id=62d6b60c-8271-43f4-8329-8f312a3288e6, session_timestamp=2019-04-07T15:12:09.337Z, thread-id=799}
?[m?[31m[WARN] 11:12:09,901 [Mock network] interceptors.DumpHistoryOnErrorInterceptor. - Flow [e8f452cd-8f4e-4eb0-a323-7dcf6c5a6cc3] error [errorCode=w80ewk, moreInformationAt=https://errors.corda.net/OS/4.0/w80ewk] {actor_id=Only For Testing, actor_owning_identity=O=Mock Company 1, L=London, C=GB, actor_store_id=TEST, fiber-id=10000003, flow-id=e8f452cd-8f4e-4eb0-a323-7dcf6c5a6cc3, invocation_id=62d6b60c-8271-43f4-8329-8f312a3288e6, invocation_timestamp=2019-04-07T15:12:09.337Z, origin=Only For Testing, session_id=62d6b60c-8271-43f4-8329-8f312a3288e6, session_timestamp=2019-04-07T15:12:09.337Z, thread-id=799}
?[m net.corda.core.contracts.TransactionVerificationException$ContractRejection: Contract verification failed: Failed requirement: The IOU's value must be non-negative., contract: com.example.contract.IOUContract, transaction: D717E73DAFA9E6FE19EF74D87DBC6CAB34ABF11B2ED600966EC3907A135A0676
	at net.corda.core.internal.Verifier.verifyContracts(TransactionVerifierServiceInternal.kt:380) ~[corda-core-4.0.jar:?]
	at net.corda.core.internal.Verifier.verify(TransactionVerifierServiceInternal.kt:71) ~[corda-core-4.0.jar:?]
	at net.corda.core.transactions.LedgerTransaction.verify(LedgerTransaction.kt:125) ~[corda-core-4.0.jar:?]
	at net.corda.core.transactions.TransactionBuilder.verify(TransactionBuilder.kt:459) ~[corda-core-4.0.jar:?]
	at com.example.flow.ExampleFlow$Initiator.call(ExampleFlow.kt:80) ~[main/:?]
	at com.example.flow.ExampleFlow$Initiator.call(ExampleFlow.kt:31) ~[main/:?]
	at net.corda.node.services.statemachine.FlowStateMachineImpl.run(FlowStateMachineImpl.kt:228) ~[corda-node-4.0.jar:?]
	at net.corda.node.services.statemachine.FlowStateMachineImpl.run(FlowStateMachineImpl.kt:45) ~[corda-node-4.0.jar:?]
	at co.paralleluniverse.fibers.Fiber.run1(Fiber.java:1092) ~[quasar-core-0.7.10-jdk8.jar:0.7.10]
	at co.paralleluniverse.fibers.Fiber.exec(Fiber.java:788) ~[quasar-core-0.7.10-jdk8.jar:0.7.10]
	at co.paralleluniverse.fibers.RunnableFiberTask.doExec(RunnableFiberTask.java:100) ~[quasar-core-0.7.10-jdk8.jar:0.7.10]
	at co.paralleluniverse.fibers.RunnableFiberTask.run(RunnableFiberTask.java:91) ~[quasar-core-0.7.10-jdk8.jar:0.7.10]
	at java.util.concurrent.Executors$RunnableAdapter.call(Executors.java:511) ~[?:1.8.0_181]
	at java.util.concurrent.FutureTask.run(FutureTask.java:266) ~[?:1.8.0_181]
	at java.util.concurrent.ScheduledThreadPoolExecutor$ScheduledFutureTask.access$201(ScheduledThreadPoolExecutor.java:180) ~[?:1.8.0_181]
	at java.util.concurrent.ScheduledThreadPoolExecutor$ScheduledFutureTask.run(ScheduledThreadPoolExecutor.java:293) ~[?:1.8.0_181]
	at java.util.concurrent.ThreadPoolExecutor.runWorker(ThreadPoolExecutor.java:1149) ~[?:1.8.0_181]
	at java.util.concurrent.ThreadPoolExecutor$Worker.run(ThreadPoolExecutor.java:624) ~[?:1.8.0_181]
	at net.corda.node.utilities.AffinityExecutor$ServiceAffinityExecutor$1$thread$1.run(AffinityExecutor.kt:63) ~[corda-node-4.0.jar:?]
Caused by: java.lang.IllegalArgumentException: Failed requirement: The IOU's value must be non-negative.
	at com.example.contract.IOUContract.verify(IOUContract.kt:70) ~[cordapp-example-contracts-0.1.jar:?]
	at net.corda.core.internal.Verifier.verifyContracts(TransactionVerifierServiceInternal.kt:377) ~[corda-core-4.0.jar:?]
	... 18 more
?[31m[WARN] 11:12:09,903 [Mock network] statemachine.ActionExecutorImpl. - Propagating error [errorCode=w80ewk, moreInformationAt=https://errors.corda.net/OS/4.0/w80ewk] {actor_id=Only For Testing, actor_owning_identity=O=Mock Company 1, L=London, C=GB, actor_store_id=TEST, fiber-id=10000003, flow-id=e8f452cd-8f4e-4eb0-a323-7dcf6c5a6cc3, invocation_id=62d6b60c-8271-43f4-8329-8f312a3288e6, invocation_timestamp=2019-04-07T15:12:09.337Z, origin=Only For Testing, session_id=62d6b60c-8271-43f4-8329-8f312a3288e6, session_timestamp=2019-04-07T15:12:09.337Z, thread-id=799}
?[m net.corda.core.contracts.TransactionVerificationException$ContractRejection: Contract verification failed: Failed requirement: The IOU's value must be non-negative., contract: com.example.contract.IOUContract, transaction: D717E73DAFA9E6FE19EF74D87DBC6CAB34ABF11B2ED600966EC3907A135A0676
	at net.corda.core.internal.Verifier.verifyContracts(TransactionVerifierServiceInternal.kt:380) ~[corda-core-4.0.jar:?]
	at net.corda.core.internal.Verifier.verify(TransactionVerifierServiceInternal.kt:71) ~[corda-core-4.0.jar:?]
	at net.corda.core.transactions.LedgerTransaction.verify(LedgerTransaction.kt:125) ~[corda-core-4.0.jar:?]
	at net.corda.core.transactions.TransactionBuilder.verify(TransactionBuilder.kt:459) ~[corda-core-4.0.jar:?]
	at com.example.flow.ExampleFlow$Initiator.call(ExampleFlow.kt:80) ~[main/:?]
	at com.example.flow.ExampleFlow$Initiator.call(ExampleFlow.kt:31) ~[main/:?]
	at net.corda.node.services.statemachine.FlowStateMachineImpl.run(FlowStateMachineImpl.kt:228) ~[corda-node-4.0.jar:?]
	at net.corda.node.services.statemachine.FlowStateMachineImpl.run(FlowStateMachineImpl.kt:45) ~[corda-node-4.0.jar:?]
	at co.paralleluniverse.fibers.Fiber.run1(Fiber.java:1092) ~[quasar-core-0.7.10-jdk8.jar:0.7.10]
	at co.paralleluniverse.fibers.Fiber.exec(Fiber.java:788) ~[quasar-core-0.7.10-jdk8.jar:0.7.10]
	at co.paralleluniverse.fibers.RunnableFiberTask.doExec(RunnableFiberTask.java:100) ~[quasar-core-0.7.10-jdk8.jar:0.7.10]
	at co.paralleluniverse.fibers.RunnableFiberTask.run(RunnableFiberTask.java:91) ~[quasar-core-0.7.10-jdk8.jar:0.7.10]
	at java.util.concurrent.Executors$RunnableAdapter.call(Executors.java:511) ~[?:1.8.0_181]
	at java.util.concurrent.FutureTask.run(FutureTask.java:266) ~[?:1.8.0_181]
	at java.util.concurrent.ScheduledThreadPoolExecutor$ScheduledFutureTask.access$201(ScheduledThreadPoolExecutor.java:180) ~[?:1.8.0_181]
	at java.util.concurrent.ScheduledThreadPoolExecutor$ScheduledFutureTask.run(ScheduledThreadPoolExecutor.java:293) ~[?:1.8.0_181]
	at java.util.concurrent.ThreadPoolExecutor.runWorker(ThreadPoolExecutor.java:1149) ~[?:1.8.0_181]
	at java.util.concurrent.ThreadPoolExecutor$Worker.run(ThreadPoolExecutor.java:624) ~[?:1.8.0_181]
	at net.corda.node.utilities.AffinityExecutor$ServiceAffinityExecutor$1$thread$1.run(AffinityExecutor.kt:63) ~[corda-node-4.0.jar:?]
Caused by: java.lang.IllegalArgumentException: Failed requirement: The IOU's value must be non-negative.
	at com.example.contract.IOUContract.verify(IOUContract.kt:70) ~[cordapp-example-contracts-0.1.jar:?]
	at net.corda.core.internal.Verifier.verifyContracts(TransactionVerifierServiceInternal.kt:377) ~[corda-core-4.0.jar:?]
	... 18 more
?[31m[WARN] 11:12:09,924 [Mock network] interceptors.DumpHistoryOnErrorInterceptor. - Flow [e8f452cd-8f4e-4eb0-a323-7dcf6c5a6cc3] errored, dumping all transitions:

 --- Transition of flow [e8f452cd-8f4e-4eb0-a323-7dcf6c5a6cc3] ---
  Timestamp: 2019-04-07T15:12:09.342Z
  Event: DoRemainingWork
  Actions: 
    CreateTransaction
    PersistCheckpoint(id=[e8f452cd-8f4e-4eb0-a323-7dcf6c5a6cc3], checkpoint=Checkpoint(invocationContext=InvocationContext(origin=RPC(actor=Actor(id=Id(value=Only For Testing), serviceId=AuthServiceId(value=TEST), owningLegalIdentity=O=Mock Company 1, L=London, C=GB)), trace=Trace(invocationId=62d6b60c-8271-43f4-8329-8f312a3288e6, timestamp: 2019-04-07T15:12:09.337Z, entityType: Invocation, sessionId=62d6b60c-8271-43f4-8329-8f312a3288e6, timestamp: 2019-04-07T15:12:09.337Z, entityType: Session), actor=Actor(id=Id(value=Only For Testing), serviceId=AuthServiceId(value=TEST), owningLegalIdentity=O=Mock Company 1, L=London, C=GB), externalTrace=null, impersonatedActor=null), ourIdentity=O=Mock Company 1, L=London, C=GB, sessions={}, subFlowStack=[Initiating(flowClass=class com.example.flow.ExampleFlow$Initiator, classToInitiateWith=class com.example.flow.ExampleFlow$Initiator, flowInfo=FlowInfo(flowVersion=1, appName=<unknown>), subFlowVersion=CorDappFlow(platformVersion=4, corDappName=cordapp-example-workflows-0.1, corDappHash=12F8E5011BCE4C9F1E080CD1A1EE0D6BBE63C41F4CB8D489D54AFF0C3830FE8D), isEnabledTimedFlow=false)], flowState=Unstarted(flowStart=Explicit, frozenFlowLogic=E96C83ACA5F90D28E53730972009B4C9EC01E408B54EBDC237146B011EB4F9FF), errorState=Clean, numberOfSuspends=0), isCheckpointUpdate=false)
    PersistDeduplicationFacts(deduplicationHandlers=[net.corda.node.internal.FlowStarterImpl$startFlow$startFlowEvent$1@39036151])
    CommitTransaction
    AcknowledgeMessages(deduplicationHandlers=[net.corda.node.internal.FlowStarterImpl$startFlow$startFlowEvent$1@39036151])
    SignalFlowHasStarted(flowId=[e8f452cd-8f4e-4eb0-a323-7dcf6c5a6cc3])
    CreateTransaction
  Continuation: Resume(result=null)
  Diff between previous and next state:
isAnyCheckpointPersisted: 
    false
    true
pendingDeduplicationHandlers: 
    [net.corda.node.internal.FlowStarterImpl$startFlow$startFlowEvent$1@39036151]
    []
isFlowResumed: 
    false
    true


 --- Transition of flow [e8f452cd-8f4e-4eb0-a323-7dcf6c5a6cc3] ---
  Timestamp: 2019-04-07T15:12:09.888Z
  Event: Error(exception=net.corda.core.contracts.TransactionVerificationException$ContractRejection: Contract verification failed: Failed requirement: The IOU's value must be non-negative., contract: com.example.contract.IOUContract, transaction: D717E73DAFA9E6FE19EF74D87DBC6CAB34ABF11B2ED600966EC3907A135A0676)
  Actions: 
    RollbackTransaction
    ScheduleEvent(event=DoRemainingWork)
  Continuation: ProcessEvents
  Diff between previous and next state:
checkpoint.errorState: 
    Clean
    Errored(errors=[FlowError(errorId=1967279751519760270, exception=net.corda.core.contracts.TransactionVerificationException$ContractRejection: Contract verification failed: Failed requirement: The IOU's value must be non-negative., contract: com.example.contract.IOUContract, transaction: D717E73DAFA9E6FE19EF74D87DBC6CAB34ABF11B2ED600966EC3907A135A0676)], propagatedIndex=0, propagating=false)
isFlowResumed: 
    true
    false


 --- Transition of flow [e8f452cd-8f4e-4eb0-a323-7dcf6c5a6cc3] ---
  Timestamp: 2019-04-07T15:12:09.892Z
  Event: DoRemainingWork
  Actions: 
    
  Continuation: ProcessEvents
  Diff between previous and next state:
null

 --- Transition of flow [e8f452cd-8f4e-4eb0-a323-7dcf6c5a6cc3] ---
  Timestamp: 2019-04-07T15:12:09.893Z
  Event: StartErrorPropagation
  Actions: 
    ScheduleEvent(event=DoRemainingWork)
  Continuation: ProcessEvents
  Diff between previous and next state:
checkpoint.errorState.propagating: 
    false
    true


 --- Transition of flow [e8f452cd-8f4e-4eb0-a323-7dcf6c5a6cc3] ---
  Timestamp: 2019-04-07T15:12:09.920Z
  Event: DoRemainingWork
  Actions: 
    PropagateErrors(errorMessages=[ErrorSessionMessage(flowException=net.corda.core.contracts.TransactionVerificationException$ContractRejection: Contract verification failed: Failed requirement: The IOU's value must be non-negative., contract: com.example.contract.IOUContract, transaction: D717E73DAFA9E6FE19EF74D87DBC6CAB34ABF11B2ED600966EC3907A135A0676, errorId=1967279751519760270)], sessions=[], senderUUID=5ac72758-fabd-4cf6-b21c-932167bf6d50)
    CreateTransaction
    RemoveCheckpoint(id=[e8f452cd-8f4e-4eb0-a323-7dcf6c5a6cc3])
    PersistDeduplicationFacts(deduplicationHandlers=[])
    ReleaseSoftLocks(uuid=e8f452cd-8f4e-4eb0-a323-7dcf6c5a6cc3)
    CommitTransaction
    AcknowledgeMessages(deduplicationHandlers=[])
    RemoveSessionBindings(sessionIds=[])
    RemoveFlow(flowId=[e8f452cd-8f4e-4eb0-a323-7dcf6c5a6cc3], removalReason=ErrorFinish(flowErrors=[FlowError(errorId=1967279751519760270, exception=net.corda.core.contracts.TransactionVerificationException$ContractRejection: Contract verification failed: Failed requirement: The IOU's value must be non-negative., contract: com.example.contract.IOUContract, transaction: D717E73DAFA9E6FE19EF74D87DBC6CAB34ABF11B2ED600966EC3907A135A0676)]), lastState=StateMachineState(checkpoint=Checkpoint(invocationContext=InvocationContext(origin=RPC(actor=Actor(id=Id(value=Only For Testing), serviceId=AuthServiceId(value=TEST), owningLegalIdentity=O=Mock Company 1, L=London, C=GB)), trace=Trace(invocationId=62d6b60c-8271-43f4-8329-8f312a3288e6, timestamp: 2019-04-07T15:12:09.337Z, entityType: Invocation, sessionId=62d6b60c-8271-43f4-8329-8f312a3288e6, timestamp: 2019-04-07T15:12:09.337Z, entityType: Session), actor=Actor(id=Id(value=Only For Testing), serviceId=AuthServiceId(value=TEST), owningLegalIdentity=O=Mock Company 1, L=London, C=GB), externalTrace=null, impersonatedActor=null), ourIdentity=O=Mock Company 1, L=London, C=GB, sessions={}, subFlowStack=[Initiating(flowClass=class com.example.flow.ExampleFlow$Initiator, classToInitiateWith=class com.example.flow.ExampleFlow$Initiator, flowInfo=FlowInfo(flowVersion=1, appName=<unknown>), subFlowVersion=CorDappFlow(platformVersion=4, corDappName=cordapp-example-workflows-0.1, corDappHash=12F8E5011BCE4C9F1E080CD1A1EE0D6BBE63C41F4CB8D489D54AFF0C3830FE8D), isEnabledTimedFlow=false)], flowState=Unstarted(flowStart=Explicit, frozenFlowLogic=E96C83ACA5F90D28E53730972009B4C9EC01E408B54EBDC237146B011EB4F9FF), errorState=Errored(errors=[FlowError(errorId=1967279751519760270, exception=net.corda.core.contracts.TransactionVerificationException$ContractRejection: Contract verification failed: Failed requirement: The IOU's value must be non-negative., contract: com.example.contract.IOUContract, transaction: D717E73DAFA9E6FE19EF74D87DBC6CAB34ABF11B2ED600966EC3907A135A0676)], propagatedIndex=1, propagating=true), numberOfSuspends=0), flowLogic=com.example.flow.ExampleFlow$Initiator@45592a89, pendingDeduplicationHandlers=[], isFlowResumed=false, isTransactionTracked=false, isAnyCheckpointPersisted=true, isStartIdempotent=false, isRemoved=true, senderUUID=5ac72758-fabd-4cf6-b21c-932167bf6d50))
  Continuation: Abort
  Diff between previous and next state:
checkpoint.errorState.propagatedIndex: 
    0
    1
isRemoved: 
    false
    true
 {actor_id=Only For Testing, actor_owning_identity=O=Mock Company 1, L=London, C=GB, actor_store_id=TEST, fiber-id=10000003, flow-id=e8f452cd-8f4e-4eb0-a323-7dcf6c5a6cc3, invocation_id=62d6b60c-8271-43f4-8329-8f312a3288e6, invocation_timestamp=2019-04-07T15:12:09.337Z, origin=Only For Testing, session_id=62d6b60c-8271-43f4-8329-8f312a3288e6, session_timestamp=2019-04-07T15:12:09.337Z, thread-id=799}
?[m?[31m[WARN] 11:12:09,924 [Mock network] interceptors.DumpHistoryOnErrorInterceptor. - Flow [e8f452cd-8f4e-4eb0-a323-7dcf6c5a6cc3] error [errorCode=w80ewk, moreInformationAt=https://errors.corda.net/OS/4.0/w80ewk] {actor_id=Only For Testing, actor_owning_identity=O=Mock Company 1, L=London, C=GB, actor_store_id=TEST, fiber-id=10000003, flow-id=e8f452cd-8f4e-4eb0-a323-7dcf6c5a6cc3, invocation_id=62d6b60c-8271-43f4-8329-8f312a3288e6, invocation_timestamp=2019-04-07T15:12:09.337Z, origin=Only For Testing, session_id=62d6b60c-8271-43f4-8329-8f312a3288e6, session_timestamp=2019-04-07T15:12:09.337Z, thread-id=799}
?[m net.corda.core.contracts.TransactionVerificationException$ContractRejection: Contract verification failed: Failed requirement: The IOU's value must be non-negative., contract: com.example.contract.IOUContract, transaction: D717E73DAFA9E6FE19EF74D87DBC6CAB34ABF11B2ED600966EC3907A135A0676
	at net.corda.core.internal.Verifier.verifyContracts(TransactionVerifierServiceInternal.kt:380) ~[corda-core-4.0.jar:?]
	at net.corda.core.internal.Verifier.verify(TransactionVerifierServiceInternal.kt:71) ~[corda-core-4.0.jar:?]
	at net.corda.core.transactions.LedgerTransaction.verify(LedgerTransaction.kt:125) ~[corda-core-4.0.jar:?]
	at net.corda.core.transactions.TransactionBuilder.verify(TransactionBuilder.kt:459) ~[corda-core-4.0.jar:?]
	at com.example.flow.ExampleFlow$Initiator.call(ExampleFlow.kt:80) ~[main/:?]
	at com.example.flow.ExampleFlow$Initiator.call(ExampleFlow.kt:31) ~[main/:?]
	at net.corda.node.services.statemachine.FlowStateMachineImpl.run(FlowStateMachineImpl.kt:228) ~[corda-node-4.0.jar:?]
	at net.corda.node.services.statemachine.FlowStateMachineImpl.run(FlowStateMachineImpl.kt:45) ~[corda-node-4.0.jar:?]
	at co.paralleluniverse.fibers.Fiber.run1(Fiber.java:1092) ~[quasar-core-0.7.10-jdk8.jar:0.7.10]
	at co.paralleluniverse.fibers.Fiber.exec(Fiber.java:788) ~[quasar-core-0.7.10-jdk8.jar:0.7.10]
	at co.paralleluniverse.fibers.RunnableFiberTask.doExec(RunnableFiberTask.java:100) ~[quasar-core-0.7.10-jdk8.jar:0.7.10]
	at co.paralleluniverse.fibers.RunnableFiberTask.run(RunnableFiberTask.java:91) ~[quasar-core-0.7.10-jdk8.jar:0.7.10]
	at java.util.concurrent.Executors$RunnableAdapter.call(Executors.java:511) ~[?:1.8.0_181]
	at java.util.concurrent.FutureTask.run(FutureTask.java:266) ~[?:1.8.0_181]
	at java.util.concurrent.ScheduledThreadPoolExecutor$ScheduledFutureTask.access$201(ScheduledThreadPoolExecutor.java:180) ~[?:1.8.0_181]
	at java.util.concurrent.ScheduledThreadPoolExecutor$ScheduledFutureTask.run(ScheduledThreadPoolExecutor.java:293) ~[?:1.8.0_181]
	at java.util.concurrent.ThreadPoolExecutor.runWorker(ThreadPoolExecutor.java:1149) ~[?:1.8.0_181]
	at java.util.concurrent.ThreadPoolExecutor$Worker.run(ThreadPoolExecutor.java:624) ~[?:1.8.0_181]
	at net.corda.node.utilities.AffinityExecutor$ServiceAffinityExecutor$1$thread$1.run(AffinityExecutor.kt:63) ~[corda-node-4.0.jar:?]
Caused by: java.lang.IllegalArgumentException: Failed requirement: The IOU's value must be non-negative.
	at com.example.contract.IOUContract.verify(IOUContract.kt:70) ~[cordapp-example-contracts-0.1.jar:?]
	at net.corda.core.internal.Verifier.verifyContracts(TransactionVerifierServiceInternal.kt:377) ~[corda-core-4.0.jar:?]
	... 18 more
?[37m[INFO] 11:12:09,930 [Test worker] pool.HikariPool. - HikariPool-4 - Close initiated...
?[m?[37m[INFO] 11:12:09,933 [Test worker] pool.HikariPool. - HikariPool-4 - Closed.
?[m?[37m[INFO] 11:12:09,934 [Test worker] pool.HikariPool. - HikariPool-5 - Close initiated...
?[m?[37m[INFO] 11:12:09,938 [Test worker] pool.HikariPool. - HikariPool-5 - Closed.
?[m?[37m[INFO] 11:12:09,939 [Test worker] pool.HikariPool. - HikariPool-6 - Close initiated...
?[m?[37m[INFO] 11:12:09,940 [Test worker] pool.HikariPool. - HikariPool-6 - Closed.
?[m?[37m[INFO] 11:12:09,992 [Test worker] cordapp.JarScanningCordappLoader. - Looking for CorDapps in [build/mock-network/20190407-151209.941/nodes/0/cordapps]
?[m?[37m[INFO] 11:12:09,993 [Test worker] cordapp.JarScanningCordappLoader. - Loading CorDapps from RestrictedURL(url=file:/Users/vivian.a.chen/Hackathon/samples/cordapp-example/workflows-kotlin/build/mock-network/20190407-151209.941/nodes/0/cordapps/cordapp-example-workflows-0.1.jar, rootPackageName=null), RestrictedURL(url=file:/Users/vivian.a.chen/Hackathon/samples/cordapp-example/workflows-kotlin/build/mock-network/20190407-151209.941/nodes/0/cordapps/cordapp-example-contracts-0.1.jar, rootPackageName=null)
?[m?[37m[INFO] 11:12:09,993 [Test worker] cordapp.JarScanningCordappLoader. - Scanning CorDapp in file:/Users/vivian.a.chen/Hackathon/samples/cordapp-example/workflows-kotlin/build/mock-network/20190407-151209.941/nodes/0/cordapps/cordapp-example-workflows-0.1.jar
?[m?[37m[INFO] 11:12:10,014 [Test worker] cordapp.JarScanningCordappLoader. - Found notary service CorDapp implementations: 
?[m?[37m[INFO] 11:12:10,014 [Test worker] cordapp.JarScanningCordappLoader. - Scanning CorDapp in file:/Users/vivian.a.chen/Hackathon/samples/cordapp-example/workflows-kotlin/build/mock-network/20190407-151209.941/nodes/0/cordapps/cordapp-example-contracts-0.1.jar
?[m?[37m[INFO] 11:12:10,035 [Test worker] cordapp.JarScanningCordappLoader. - Found notary service CorDapp implementations: 
?[m?[37m[INFO] 11:12:10,043 [Test worker] internal.InternalMockNetwork$MockNode. - Node starting up ...
?[m?[37m[INFO] 11:12:10,047 [Test worker] internal.NodeFlowManager. - Registered com.example.flow.CreateFNOLFlow$Initiator to initiate com.example.flow.CreateFNOLFlow$Acceptor (version 1)
?[m?[37m[INFO] 11:12:10,047 [Test worker] internal.NodeFlowManager. - Registered com.example.flow.ExampleFlow$Initiator to initiate com.example.flow.ExampleFlow$Acceptor (version 1)
?[m?[37m[INFO] 11:12:10,047 [Test worker] internal.NodeFlowManager. - Registered com.example.flow.UpdateFNOLFlow$Initiator to initiate com.example.flow.UpdateFNOLFlow$Acceptor (version 1)
?[m?[37m[INFO] 11:12:10,052 [Test worker] internal.InternalMockNetwork$MockNode. - Loaded network parameters: NetworkParameters {
      minimumPlatformVersion=1
      notaries=[NotaryInfo(identity=O=Notary Service, L=Zurich, C=CH, validating=true)]
      maxMessageSize=10485760
      maxTransactionSize=524288000
      whitelistedContractImplementations {
        
      }
      eventHorizon=PT720H
      packageOwnership {
        
      }
      modifiedTime=2019-04-07T15:12:09.941Z
      epoch=1
  }
?[m?[37m[INFO] 11:12:10,052 [Test worker] hikari.HikariDataSource. - HikariPool-7 - Started.
?[m?[37m[INFO] 11:12:10,189 [Test worker] liquibase. - Creating database history table with name: PUBLIC.DATABASECHANGELOG
?[m?[37m[INFO] 11:12:10,191 [Test worker] liquibase. - Reading from PUBLIC.DATABASECHANGELOG
?[m?[37m[INFO] 11:12:10,193 [Test worker] liquibase. - master.changelog.json: migration/common.changelog-init.xml::1511451595465-1.3::R3.Corda: Skipping changeSet migration/common.changelog-init.xml::1511451595465-1.3::R3.Corda due to validation error(s): minValue is not allowed on h2
?[m?[37m[INFO] 11:12:10,198 [Test worker] liquibase. - master.changelog.json: migration/vault-schema.changelog-pkey.xml::non-clustered_pk-11::R3.Corda: Skipping changeSet migration/vault-schema.changelog-pkey.xml::non-clustered_pk-11::R3.Corda due to validation error(s): clustered is not allowed on h2
?[m?[37m[INFO] 11:12:10,198 [Test worker] liquibase. - master.changelog.json: migration/vault-schema.changelog-pkey.xml::non-clustered_pk-12::R3.Corda: Skipping changeSet migration/vault-schema.changelog-pkey.xml::non-clustered_pk-12::R3.Corda due to validation error(s): clustered is not allowed on h2
?[m?[37m[INFO] 11:12:10,199 [Test worker] liquibase. - master.changelog.json: migration/vault-schema.changelog-pkey.xml::non-clustered_pk-13::R3.Corda: Skipping changeSet migration/vault-schema.changelog-pkey.xml::non-clustered_pk-13::R3.Corda due to validation error(s): clustered is not allowed on h2
?[m?[37m[INFO] 11:12:10,205 [Test worker] liquibase. - master.changelog.json: migration/node-core.changelog-pkey.xml::non-clustered_pk-1::R3.Corda: Skipping changeSet migration/node-core.changelog-pkey.xml::non-clustered_pk-1::R3.Corda due to validation error(s): clustered is not allowed on h2
?[m?[37m[INFO] 11:12:10,206 [Test worker] liquibase. - master.changelog.json: migration/node-core.changelog-pkey.xml::non-clustered_pk-2::R3.Corda: Skipping changeSet migration/node-core.changelog-pkey.xml::non-clustered_pk-2::R3.Corda due to validation error(s): clustered is not allowed on h2
?[m?[37m[INFO] 11:12:10,206 [Test worker] liquibase. - master.changelog.json: migration/node-core.changelog-pkey.xml::non-clustered_pk-3::R3.Corda: Skipping changeSet migration/node-core.changelog-pkey.xml::non-clustered_pk-3::R3.Corda due to validation error(s): clustered is not allowed on h2
?[m?[37m[INFO] 11:12:10,206 [Test worker] liquibase. - master.changelog.json: migration/node-core.changelog-pkey.xml::non-clustered_pk-4::R3.Corda: Skipping changeSet migration/node-core.changelog-pkey.xml::non-clustered_pk-4::R3.Corda due to validation error(s): clustered is not allowed on h2
?[m?[37m[INFO] 11:12:10,206 [Test worker] liquibase. - master.changelog.json: migration/node-core.changelog-pkey.xml::non-clustered_pk-5::R3.Corda: Skipping changeSet migration/node-core.changelog-pkey.xml::non-clustered_pk-5::R3.Corda due to validation error(s): clustered is not allowed on h2
?[m?[37m[INFO] 11:12:10,206 [Test worker] liquibase. - master.changelog.json: migration/node-core.changelog-pkey.xml::non-clustered_pk-6::R3.Corda: Skipping changeSet migration/node-core.changelog-pkey.xml::non-clustered_pk-6::R3.Corda due to validation error(s): clustered is not allowed on h2
?[m?[37m[INFO] 11:12:10,206 [Test worker] liquibase. - master.changelog.json: migration/node-core.changelog-pkey.xml::non-clustered_pk-7::R3.Corda: Skipping changeSet migration/node-core.changelog-pkey.xml::non-clustered_pk-7::R3.Corda due to validation error(s): clustered is not allowed on h2
?[m?[37m[INFO] 11:12:10,209 [Test worker] liquibase. - master.changelog.json: migration/node-notary.changelog-pkey.xml::non-clustered_pk-notary_state::R3.Corda: Skipping changeSet migration/node-notary.changelog-pkey.xml::non-clustered_pk-notary_state::R3.Corda due to validation error(s): clustered is not allowed on h2
?[m?[37m[INFO] 11:12:10,210 [Test worker] liquibase. - Successfully acquired change log lock
?[m?[37m[INFO] 11:12:10,210 [Test worker] liquibase. - master.changelog.json: migration/common.changelog-init.xml::1511451595465-1.3::R3.Corda: Skipping changeSet migration/common.changelog-init.xml::1511451595465-1.3::R3.Corda due to validation error(s): minValue is not allowed on h2
?[m?[37m[INFO] 11:12:10,212 [Test worker] liquibase. - master.changelog.json: migration/vault-schema.changelog-pkey.xml::non-clustered_pk-11::R3.Corda: Skipping changeSet migration/vault-schema.changelog-pkey.xml::non-clustered_pk-11::R3.Corda due to validation error(s): clustered is not allowed on h2
?[m?[37m[INFO] 11:12:10,212 [Test worker] liquibase. - master.changelog.json: migration/vault-schema.changelog-pkey.xml::non-clustered_pk-12::R3.Corda: Skipping changeSet migration/vault-schema.changelog-pkey.xml::non-clustered_pk-12::R3.Corda due to validation error(s): clustered is not allowed on h2
?[m?[37m[INFO] 11:12:10,212 [Test worker] liquibase. - master.changelog.json: migration/vault-schema.changelog-pkey.xml::non-clustered_pk-13::R3.Corda: Skipping changeSet migration/vault-schema.changelog-pkey.xml::non-clustered_pk-13::R3.Corda due to validation error(s): clustered is not allowed on h2
?[m?[37m[INFO] 11:12:10,215 [Test worker] liquibase. - master.changelog.json: migration/node-core.changelog-pkey.xml::non-clustered_pk-1::R3.Corda: Skipping changeSet migration/node-core.changelog-pkey.xml::non-clustered_pk-1::R3.Corda due to validation error(s): clustered is not allowed on h2
?[m?[37m[INFO] 11:12:10,215 [Test worker] liquibase. - master.changelog.json: migration/node-core.changelog-pkey.xml::non-clustered_pk-2::R3.Corda: Skipping changeSet migration/node-core.changelog-pkey.xml::non-clustered_pk-2::R3.Corda due to validation error(s): clustered is not allowed on h2
?[m?[37m[INFO] 11:12:10,215 [Test worker] liquibase. - master.changelog.json: migration/node-core.changelog-pkey.xml::non-clustered_pk-3::R3.Corda: Skipping changeSet migration/node-core.changelog-pkey.xml::non-clustered_pk-3::R3.Corda due to validation error(s): clustered is not allowed on h2
?[m?[37m[INFO] 11:12:10,215 [Test worker] liquibase. - master.changelog.json: migration/node-core.changelog-pkey.xml::non-clustered_pk-4::R3.Corda: Skipping changeSet migration/node-core.changelog-pkey.xml::non-clustered_pk-4::R3.Corda due to validation error(s): clustered is not allowed on h2
?[m?[37m[INFO] 11:12:10,215 [Test worker] liquibase. - master.changelog.json: migration/node-core.changelog-pkey.xml::non-clustered_pk-5::R3.Corda: Skipping changeSet migration/node-core.changelog-pkey.xml::non-clustered_pk-5::R3.Corda due to validation error(s): clustered is not allowed on h2
?[m?[37m[INFO] 11:12:10,215 [Test worker] liquibase. - master.changelog.json: migration/node-core.changelog-pkey.xml::non-clustered_pk-6::R3.Corda: Skipping changeSet migration/node-core.changelog-pkey.xml::non-clustered_pk-6::R3.Corda due to validation error(s): clustered is not allowed on h2
?[m?[37m[INFO] 11:12:10,215 [Test worker] liquibase. - master.changelog.json: migration/node-core.changelog-pkey.xml::non-clustered_pk-7::R3.Corda: Skipping changeSet migration/node-core.changelog-pkey.xml::non-clustered_pk-7::R3.Corda due to validation error(s): clustered is not allowed on h2
?[m?[37m[INFO] 11:12:10,216 [Test worker] liquibase. - master.changelog.json: migration/node-notary.changelog-pkey.xml::non-clustered_pk-notary_state::R3.Corda: Skipping changeSet migration/node-notary.changelog-pkey.xml::non-clustered_pk-notary_state::R3.Corda due to validation error(s): clustered is not allowed on h2
?[m?[37m[INFO] 11:12:10,216 [Test worker] liquibase. - master.changelog.json: migration/common.changelog-init.xml::1511451595465-1.1::R3.Corda: Sequence hibernate_sequence created
?[m?[37m[INFO] 11:12:10,216 [Test worker] liquibase. - master.changelog.json: migration/common.changelog-init.xml::1511451595465-1.1::R3.Corda: ChangeSet migration/common.changelog-init.xml::1511451595465-1.1::R3.Corda ran successfully in 0ms
?[m?[37m[INFO] 11:12:10,218 [Test worker] liquibase. - master.changelog.json: migration/vault-schema.changelog-init.xml::1511451595465-22::R3.Corda: Table vault_fungible_states created
?[m?[37m[INFO] 11:12:10,218 [Test worker] liquibase. - master.changelog.json: migration/vault-schema.changelog-init.xml::1511451595465-22::R3.Corda: ChangeSet migration/vault-schema.changelog-init.xml::1511451595465-22::R3.Corda ran successfully in 0ms
?[m?[37m[INFO] 11:12:10,219 [Test worker] liquibase. - master.changelog.json: migration/vault-schema.changelog-init.xml::1511451595465-23::R3.Corda: Table vault_fungible_states_parts created
?[m?[37m[INFO] 11:12:10,219 [Test worker] liquibase. - master.changelog.json: migration/vault-schema.changelog-init.xml::1511451595465-23::R3.Corda: ChangeSet migration/vault-schema.changelog-init.xml::1511451595465-23::R3.Corda ran successfully in 0ms
?[m?[37m[INFO] 11:12:10,220 [Test worker] liquibase. - master.changelog.json: migration/vault-schema.changelog-init.xml::1511451595465-24::R3.Corda: Table vault_linear_states created
?[m?[37m[INFO] 11:12:10,220 [Test worker] liquibase. - master.changelog.json: migration/vault-schema.changelog-init.xml::1511451595465-24::R3.Corda: ChangeSet migration/vault-schema.changelog-init.xml::1511451595465-24::R3.Corda ran successfully in 1ms
?[m?[37m[INFO] 11:12:10,220 [Test worker] liquibase. - master.changelog.json: migration/vault-schema.changelog-init.xml::1511451595465-25::R3.Corda: Table vault_linear_states_parts created
?[m?[37m[INFO] 11:12:10,220 [Test worker] liquibase. - master.changelog.json: migration/vault-schema.changelog-init.xml::1511451595465-25::R3.Corda: ChangeSet migration/vault-schema.changelog-init.xml::1511451595465-25::R3.Corda ran successfully in 0ms
?[m?[37m[INFO] 11:12:10,221 [Test worker] liquibase. - master.changelog.json: migration/vault-schema.changelog-init.xml::1511451595465-26::R3.Corda: Table vault_states created
?[m?[37m[INFO] 11:12:10,221 [Test worker] liquibase. - master.changelog.json: migration/vault-schema.changelog-init.xml::1511451595465-26::R3.Corda: ChangeSet migration/vault-schema.changelog-init.xml::1511451595465-26::R3.Corda ran successfully in 0ms
?[m?[37m[INFO] 11:12:10,222 [Test worker] liquibase. - master.changelog.json: migration/vault-schema.changelog-init.xml::1511451595465-27::R3.Corda: Table vault_transaction_notes created
?[m?[37m[INFO] 11:12:10,222 [Test worker] liquibase. - master.changelog.json: migration/vault-schema.changelog-init.xml::1511451595465-27::R3.Corda: ChangeSet migration/vault-schema.changelog-init.xml::1511451595465-27::R3.Corda ran successfully in 0ms
?[m?[37m[INFO] 11:12:10,223 [Test worker] liquibase. - master.changelog.json: migration/vault-schema.changelog-init.xml::1511451595465-47::R3.Corda: Primary key added to vault_fungible_states (output_index, transaction_id)
?[m?[37m[INFO] 11:12:10,223 [Test worker] liquibase. - master.changelog.json: migration/vault-schema.changelog-init.xml::1511451595465-47::R3.Corda: ChangeSet migration/vault-schema.changelog-init.xml::1511451595465-47::R3.Corda ran successfully in 0ms
?[m?[37m[INFO] 11:12:10,224 [Test worker] liquibase. - master.changelog.json: migration/vault-schema.changelog-init.xml::1511451595465-48::R3.Corda: Primary key added to vault_linear_states (output_index, transaction_id)
?[m?[37m[INFO] 11:12:10,224 [Test worker] liquibase. - master.changelog.json: migration/vault-schema.changelog-init.xml::1511451595465-48::R3.Corda: ChangeSet migration/vault-schema.changelog-init.xml::1511451595465-48::R3.Corda ran successfully in 1ms
?[m?[37m[INFO] 11:12:10,224 [Test worker] liquibase. - master.changelog.json: migration/vault-schema.changelog-init.xml::1511451595465-49::R3.Corda: Primary key added to vault_states (output_index, transaction_id)
?[m?[37m[INFO] 11:12:10,225 [Test worker] liquibase. - master.changelog.json: migration/vault-schema.changelog-init.xml::1511451595465-49::R3.Corda: ChangeSet migration/vault-schema.changelog-init.xml::1511451595465-49::R3.Corda ran successfully in 1ms
?[m?[37m[INFO] 11:12:10,225 [Test worker] liquibase. - master.changelog.json: migration/vault-schema.changelog-init.xml::1511451595465-50::R3.Corda: Primary key added to vault_transaction_notes (seq_no)
?[m?[37m[INFO] 11:12:10,225 [Test worker] liquibase. - master.changelog.json: migration/vault-schema.changelog-init.xml::1511451595465-50::R3.Corda: ChangeSet migration/vault-schema.changelog-init.xml::1511451595465-50::R3.Corda ran successfully in 0ms
?[m?[37m[INFO] 11:12:10,226 [Test worker] liquibase. - master.changelog.json: migration/vault-schema.changelog-init.xml::1511451595465-53::R3.Corda: Index external_id_index created
?[m?[37m[INFO] 11:12:10,226 [Test worker] liquibase. - master.changelog.json: migration/vault-schema.changelog-init.xml::1511451595465-53::R3.Corda: ChangeSet migration/vault-schema.changelog-init.xml::1511451595465-53::R3.Corda ran successfully in 0ms
?[m?[37m[INFO] 11:12:10,227 [Test worker] liquibase. - master.changelog.json: migration/vault-schema.changelog-init.xml::1511451595465-55::R3.Corda: Index lock_id_idx created
?[m?[37m[INFO] 11:12:10,227 [Test worker] liquibase. - master.changelog.json: migration/vault-schema.changelog-init.xml::1511451595465-55::R3.Corda: ChangeSet migration/vault-schema.changelog-init.xml::1511451595465-55::R3.Corda ran successfully in 0ms
?[m?[37m[INFO] 11:12:10,228 [Test worker] liquibase. - master.changelog.json: migration/vault-schema.changelog-init.xml::1511451595465-58::R3.Corda: Index state_status_idx created
?[m?[37m[INFO] 11:12:10,228 [Test worker] liquibase. - master.changelog.json: migration/vault-schema.changelog-init.xml::1511451595465-58::R3.Corda: ChangeSet migration/vault-schema.changelog-init.xml::1511451595465-58::R3.Corda ran successfully in 0ms
?[m?[37m[INFO] 11:12:10,228 [Test worker] liquibase. - master.changelog.json: migration/vault-schema.changelog-init.xml::1511451595465-59::R3.Corda: Index transaction_id_index created
?[m?[37m[INFO] 11:12:10,228 [Test worker] liquibase. - master.changelog.json: migration/vault-schema.changelog-init.xml::1511451595465-59::R3.Corda: ChangeSet migration/vault-schema.changelog-init.xml::1511451595465-59::R3.Corda ran successfully in 0ms
?[m?[37m[INFO] 11:12:10,229 [Test worker] liquibase. - master.changelog.json: migration/vault-schema.changelog-init.xml::1511451595465-60::R3.Corda: Index uuid_index created
?[m?[37m[INFO] 11:12:10,229 [Test worker] liquibase. - master.changelog.json: migration/vault-schema.changelog-init.xml::1511451595465-60::R3.Corda: ChangeSet migration/vault-schema.changelog-init.xml::1511451595465-60::R3.Corda ran successfully in 0ms
?[m?[37m[INFO] 11:12:10,230 [Test worker] liquibase. - master.changelog.json: migration/vault-schema.changelog-init.xml::1511451595465-64::R3.Corda: Foreign key constraint added to vault_fungible_states_parts (output_index,transaction_id)
?[m?[37m[INFO] 11:12:10,230 [Test worker] liquibase. - master.changelog.json: migration/vault-schema.changelog-init.xml::1511451595465-64::R3.Corda: ChangeSet migration/vault-schema.changelog-init.xml::1511451595465-64::R3.Corda ran successfully in 1ms
?[m?[37m[INFO] 11:12:10,231 [Test worker] liquibase. - master.changelog.json: migration/vault-schema.changelog-init.xml::1511451595465-65::R3.Corda: Foreign key constraint added to vault_linear_states_parts (output_index,transaction_id)
?[m?[37m[INFO] 11:12:10,231 [Test worker] liquibase. - master.changelog.json: migration/vault-schema.changelog-init.xml::1511451595465-65::R3.Corda: ChangeSet migration/vault-schema.changelog-init.xml::1511451595465-65::R3.Corda ran successfully in 1ms
?[m?[37m[INFO] 11:12:10,232 [Test worker] liquibase. - master.changelog.json: migration/vault-schema.changelog-v3.xml::clean_vault::R3.Corda: Data deleted from vault_fungible_states_parts
?[m?[37m[INFO] 11:12:10,232 [Test worker] liquibase. - master.changelog.json: migration/vault-schema.changelog-v3.xml::clean_vault::R3.Corda: Data deleted from vault_fungible_states
?[m?[37m[INFO] 11:12:10,232 [Test worker] liquibase. - master.changelog.json: migration/vault-schema.changelog-v3.xml::clean_vault::R3.Corda: Data deleted from vault_linear_states_parts
?[m?[37m[INFO] 11:12:10,232 [Test worker] liquibase. - master.changelog.json: migration/vault-schema.changelog-v3.xml::clean_vault::R3.Corda: Data deleted from vault_linear_states
?[m?[37m[INFO] 11:12:10,232 [Test worker] liquibase. - master.changelog.json: migration/vault-schema.changelog-v3.xml::clean_vault::R3.Corda: Data deleted from vault_states
?[m?[37m[INFO] 11:12:10,232 [Test worker] liquibase. - master.changelog.json: migration/vault-schema.changelog-v3.xml::clean_vault::R3.Corda: Data deleted from vault_transaction_notes
?[m?[37m[INFO] 11:12:10,232 [Test worker] liquibase. - master.changelog.json: migration/vault-schema.changelog-v3.xml::clean_vault::R3.Corda: ChangeSet migration/vault-schema.changelog-v3.xml::clean_vault::R3.Corda ran successfully in 0ms
?[m?[37m[INFO] 11:12:10,233 [Test worker] liquibase. - master.changelog.json: migration/vault-schema.changelog-v4.xml::nullability::R3.Corda: Null constraint has been added to vault_fungible_states.quantity
?[m?[37m[INFO] 11:12:10,233 [Test worker] liquibase. - master.changelog.json: migration/vault-schema.changelog-v4.xml::nullability::R3.Corda: Null constraint has been added to vault_states.contract_state_class_name
?[m?[37m[INFO] 11:12:10,233 [Test worker] liquibase. - master.changelog.json: migration/vault-schema.changelog-v4.xml::nullability::R3.Corda: Null constraint has been added to vault_states.notary_name
?[m?[37m[INFO] 11:12:10,233 [Test worker] liquibase. - master.changelog.json: migration/vault-schema.changelog-v4.xml::nullability::R3.Corda: Null constraint has been added to vault_states.recorded_timestamp
?[m?[37m[INFO] 11:12:10,233 [Test worker] liquibase. - master.changelog.json: migration/vault-schema.changelog-v4.xml::nullability::R3.Corda: Index state_status_idx dropped from table vault_states
?[m?[37m[INFO] 11:12:10,233 [Test worker] liquibase. - master.changelog.json: migration/vault-schema.changelog-v4.xml::nullability::R3.Corda: Index lock_id_idx dropped from table vault_states
?[m?[37m[INFO] 11:12:10,233 [Test worker] liquibase. - master.changelog.json: migration/vault-schema.changelog-v4.xml::nullability::R3.Corda: Null constraint has been added to vault_states.state_status
?[m?[37m[INFO] 11:12:10,233 [Test worker] liquibase. - master.changelog.json: migration/vault-schema.changelog-v4.xml::nullability::R3.Corda: Index state_status_idx created
?[m?[37m[INFO] 11:12:10,234 [Test worker] liquibase. - master.changelog.json: migration/vault-schema.changelog-v4.xml::nullability::R3.Corda: Index lock_id_idx created
?[m?[37m[INFO] 11:12:10,234 [Test worker] liquibase. - master.changelog.json: migration/vault-schema.changelog-v4.xml::nullability::R3.Corda: Index transaction_id_index dropped from table vault_transaction_notes
?[m?[37m[INFO] 11:12:10,234 [Test worker] liquibase. - master.changelog.json: migration/vault-schema.changelog-v4.xml::nullability::R3.Corda: Null constraint has been added to vault_transaction_notes.note
?[m?[37m[INFO] 11:12:10,234 [Test worker] liquibase. - master.changelog.json: migration/vault-schema.changelog-v4.xml::nullability::R3.Corda: Null constraint has been added to vault_transaction_notes.transaction_id
?[m?[37m[INFO] 11:12:10,234 [Test worker] liquibase. - master.changelog.json: migration/vault-schema.changelog-v4.xml::nullability::R3.Corda: Index transaction_id_index created
?[m?[37m[INFO] 11:12:10,234 [Test worker] liquibase. - master.changelog.json: migration/vault-schema.changelog-v4.xml::nullability::R3.Corda: ChangeSet migration/vault-schema.changelog-v4.xml::nullability::R3.Corda ran successfully in 1ms
?[m?[37m[INFO] 11:12:10,239 [Test worker] liquibase. - master.changelog.json: migration/vault-schema.changelog-v5.xml::add_relevancy_status_column::R3.Corda: Columns relevancy_status(INT) added to vault_states
?[m?[37m[INFO] 11:12:10,239 [Test worker] liquibase. - master.changelog.json: migration/vault-schema.changelog-v5.xml::add_relevancy_status_column::R3.Corda: Data updated in vault_states
?[m?[37m[INFO] 11:12:10,239 [Test worker] liquibase. - master.changelog.json: migration/vault-schema.changelog-v5.xml::add_relevancy_status_column::R3.Corda: Null constraint has been added to vault_states.relevancy_status
?[m?[37m[INFO] 11:12:10,239 [Test worker] liquibase. - master.changelog.json: migration/vault-schema.changelog-v5.xml::add_relevancy_status_column::R3.Corda: ChangeSet migration/vault-schema.changelog-v5.xml::add_relevancy_status_column::R3.Corda ran successfully in 2ms
?[m?[37m[INFO] 11:12:10,241 [Test worker] liquibase. - master.changelog.json: migration/vault-schema.changelog-v6.xml::add_is_constraint_information_columns::R3.Corda: Columns constraint_type(INT) added to vault_states
?[m?[37m[INFO] 11:12:10,243 [Test worker] liquibase. - master.changelog.json: migration/vault-schema.changelog-v6.xml::add_is_constraint_information_columns::R3.Corda: Columns constraint_data(varbinary(563)) added to vault_states
?[m?[37m[INFO] 11:12:10,243 [Test worker] liquibase. - master.changelog.json: migration/vault-schema.changelog-v6.xml::add_is_constraint_information_columns::R3.Corda: ChangeSet migration/vault-schema.changelog-v6.xml::add_is_constraint_information_columns::R3.Corda ran successfully in 3ms
?[m?[37m[INFO] 11:12:10,243 [Test worker] liquibase. - master.changelog.json: migration/vault-schema.changelog-v7.xml::make_issuer_ref_nullable::R3.Corda: Null constraint dropped from vault_fungible_states.issuer_ref
?[m?[37m[INFO] 11:12:10,243 [Test worker] liquibase. - master.changelog.json: migration/vault-schema.changelog-v7.xml::make_issuer_ref_nullable::R3.Corda: ChangeSet migration/vault-schema.changelog-v7.xml::make_issuer_ref_nullable::R3.Corda ran successfully in 0ms
?[m?[37m[INFO] 11:12:10,245 [Test worker] liquibase. - master.changelog.json: migration/vault-schema.changelog-v8.xml::create-external-id-to-state-party-view::R3.Corda: Table state_party created
?[m?[37m[INFO] 11:12:10,245 [Test worker] liquibase. - master.changelog.json: migration/vault-schema.changelog-v8.xml::create-external-id-to-state-party-view::R3.Corda: Index state_pk_hash_idx created
?[m?[37m[INFO] 11:12:10,245 [Test worker] liquibase. - master.changelog.json: migration/vault-schema.changelog-v8.xml::create-external-id-to-state-party-view::R3.Corda: Table pk_hash_to_ext_id_map created
?[m?[37m[INFO] 11:12:10,245 [Test worker] liquibase. - master.changelog.json: migration/vault-schema.changelog-v8.xml::create-external-id-to-state-party-view::R3.Corda: Index pk_hash_to_xid_idx created
?[m?[37m[INFO] 11:12:10,246 [Test worker] liquibase. - master.changelog.json: migration/vault-schema.changelog-v8.xml::create-external-id-to-state-party-view::R3.Corda: View v_pkey_hash_ex_id_map created
?[m?[37m[INFO] 11:12:10,246 [Test worker] liquibase. - master.changelog.json: migration/vault-schema.changelog-v8.xml::create-external-id-to-state-party-view::R3.Corda: ChangeSet migration/vault-schema.changelog-v8.xml::create-external-id-to-state-party-view::R3.Corda ran successfully in 2ms
?[m?[37m[INFO] 11:12:10,247 [Test worker] liquibase. - master.changelog.json: migration/node-info.changelog-init.xml::1511451595465-4::R3.Corda: Table node_link_nodeinfo_party created
?[m?[37m[INFO] 11:12:10,247 [Test worker] liquibase. - master.changelog.json: migration/node-info.changelog-init.xml::1511451595465-4::R3.Corda: ChangeSet migration/node-info.changelog-init.xml::1511451595465-4::R3.Corda ran successfully in 1ms
?[m?[37m[INFO] 11:12:10,247 [Test worker] liquibase. - master.changelog.json: migration/node-info.changelog-init.xml::1511451595465-10::R3.Corda: Table node_info_hosts created
?[m?[37m[INFO] 11:12:10,247 [Test worker] liquibase. - master.changelog.json: migration/node-info.changelog-init.xml::1511451595465-10::R3.Corda: ChangeSet migration/node-info.changelog-init.xml::1511451595465-10::R3.Corda ran successfully in 0ms
?[m?[37m[INFO] 11:12:10,248 [Test worker] liquibase. - master.changelog.json: migration/node-info.changelog-init.xml::1511451595465-11::R3.Corda: Table node_info_party_cert created
?[m?[37m[INFO] 11:12:10,248 [Test worker] liquibase. - master.changelog.json: migration/node-info.changelog-init.xml::1511451595465-11::R3.Corda: ChangeSet migration/node-info.changelog-init.xml::1511451595465-11::R3.Corda ran successfully in 0ms
?[m?[37m[INFO] 11:12:10,249 [Test worker] liquibase. - master.changelog.json: migration/node-info.changelog-init.xml::1511451595465-12::R3.Corda: Table node_infos created
?[m?[37m[INFO] 11:12:10,249 [Test worker] liquibase. - master.changelog.json: migration/node-info.changelog-init.xml::1511451595465-12::R3.Corda: ChangeSet migration/node-info.changelog-init.xml::1511451595465-12::R3.Corda ran successfully in 0ms
?[m?[37m[INFO] 11:12:10,250 [Test worker] liquibase. - master.changelog.json: migration/node-info.changelog-init.xml::1511451595465-35::R3.Corda: Primary key added to node_info_hosts (host, port)
?[m?[37m[INFO] 11:12:10,250 [Test worker] liquibase. - master.changelog.json: migration/node-info.changelog-init.xml::1511451595465-35::R3.Corda: ChangeSet migration/node-info.changelog-init.xml::1511451595465-35::R3.Corda ran successfully in 0ms
?[m?[37m[INFO] 11:12:10,251 [Test worker] liquibase. - master.changelog.json: migration/node-info.changelog-init.xml::1511451595465-36::R3.Corda: Primary key added to node_info_party_cert (party_name)
?[m?[37m[INFO] 11:12:10,251 [Test worker] liquibase. - master.changelog.json: migration/node-info.changelog-init.xml::1511451595465-36::R3.Corda: ChangeSet migration/node-info.changelog-init.xml::1511451595465-36::R3.Corda ran successfully in 1ms
?[m?[37m[INFO] 11:12:10,251 [Test worker] liquibase. - master.changelog.json: migration/node-info.changelog-init.xml::1511451595465-37::R3.Corda: Primary key added to node_infos (node_info_id)
?[m?[37m[INFO] 11:12:10,251 [Test worker] liquibase. - master.changelog.json: migration/node-info.changelog-init.xml::1511451595465-37::R3.Corda: ChangeSet migration/node-info.changelog-init.xml::1511451595465-37::R3.Corda ran successfully in 0ms
?[m?[37m[INFO] 11:12:10,253 [Test worker] liquibase. - master.changelog.json: migration/node-info.changelog-init.xml::1511451595465-62::R3.Corda: Foreign key constraint added to node_link_nodeinfo_party (node_info_id)
?[m?[37m[INFO] 11:12:10,253 [Test worker] liquibase. - master.changelog.json: migration/node-info.changelog-init.xml::1511451595465-62::R3.Corda: ChangeSet migration/node-info.changelog-init.xml::1511451595465-62::R3.Corda ran successfully in 1ms
?[m?[37m[INFO] 11:12:10,254 [Test worker] liquibase. - master.changelog.json: migration/node-info.changelog-init.xml::1511451595465-63::R3.Corda: Foreign key constraint added to node_info_hosts (node_info_id)
?[m?[37m[INFO] 11:12:10,254 [Test worker] liquibase. - master.changelog.json: migration/node-info.changelog-init.xml::1511451595465-63::R3.Corda: ChangeSet migration/node-info.changelog-init.xml::1511451595465-63::R3.Corda ran successfully in 1ms
?[m?[37m[INFO] 11:12:10,255 [Test worker] liquibase. - master.changelog.json: migration/node-info.changelog-init.xml::remove_host_port_pk::R3.Corda: Data deleted from node_infos
?[m?[37m[INFO] 11:12:10,255 [Test worker] liquibase. - master.changelog.json: migration/node-info.changelog-init.xml::remove_host_port_pk::R3.Corda: Data deleted from node_link_nodeinfo_party
?[m?[37m[INFO] 11:12:10,255 [Test worker] liquibase. - master.changelog.json: migration/node-info.changelog-init.xml::remove_host_port_pk::R3.Corda: Data deleted from node_info_hosts
?[m?[37m[INFO] 11:12:10,255 [Test worker] liquibase. - master.changelog.json: migration/node-info.changelog-init.xml::remove_host_port_pk::R3.Corda: Data deleted from node_info_party_cert
?[m?[37m[INFO] 11:12:10,255 [Test worker] liquibase. - master.changelog.json: migration/node-info.changelog-init.xml::remove_host_port_pk::R3.Corda: Primary key dropped from node_info_hosts
?[m?[37m[INFO] 11:12:10,256 [Test worker] liquibase. - master.changelog.json: migration/node-info.changelog-init.xml::remove_host_port_pk::R3.Corda: Columns hosts_id(INT) added to node_info_hosts
?[m?[37m[INFO] 11:12:10,256 [Test worker] liquibase. - master.changelog.json: migration/node-info.changelog-init.xml::remove_host_port_pk::R3.Corda: Primary key added to node_info_hosts (hosts_id)
?[m?[37m[INFO] 11:12:10,256 [Test worker] liquibase. - master.changelog.json: migration/node-info.changelog-init.xml::remove_host_port_pk::R3.Corda: ChangeSet migration/node-info.changelog-init.xml::remove_host_port_pk::R3.Corda ran successfully in 1ms
?[m?[37m[INFO] 11:12:10,257 [Test worker] liquibase. - master.changelog.json: migration/node-info.changelog-v1.xml::key/value node properties table::R3.Corda: Table node_properties created
?[m?[37m[INFO] 11:12:10,257 [Test worker] liquibase. - master.changelog.json: migration/node-info.changelog-v1.xml::key/value node properties table::R3.Corda: ChangeSet migration/node-info.changelog-v1.xml::key/value node properties table::R3.Corda ran successfully in 0ms
?[m?[37m[INFO] 11:12:10,258 [Test worker] liquibase. - master.changelog.json: migration/node-info.changelog-v2.xml::1525962920::R3.Corda: Null constraint has been added to node_infos.node_info_hash
?[m?[37m[INFO] 11:12:10,258 [Test worker] liquibase. - master.changelog.json: migration/node-info.changelog-v2.xml::1525962920::R3.Corda: Null constraint has been added to node_infos.platform_version
?[m?[37m[INFO] 11:12:10,258 [Test worker] liquibase. - master.changelog.json: migration/node-info.changelog-v2.xml::1525962920::R3.Corda: Null constraint has been added to node_infos.serial
?[m?[37m[INFO] 11:12:10,258 [Test worker] liquibase. - master.changelog.json: migration/node-info.changelog-v2.xml::1525962920::R3.Corda: Null constraint dropped from node_info_hosts.host
?[m?[37m[INFO] 11:12:10,258 [Test worker] liquibase. - master.changelog.json: migration/node-info.changelog-v2.xml::1525962920::R3.Corda: Null constraint dropped from node_info_hosts.port
?[m?[37m[INFO] 11:12:10,258 [Test worker] liquibase. - master.changelog.json: migration/node-info.changelog-v2.xml::1525962920::R3.Corda: Null constraint has been added to node_info_party_cert.owning_key_hash
?[m?[37m[INFO] 11:12:10,258 [Test worker] liquibase. - master.changelog.json: migration/node-info.changelog-v2.xml::1525962920::R3.Corda: Null constraint has been added to node_info_party_cert.party_cert_binary
?[m?[37m[INFO] 11:12:10,258 [Test worker] liquibase. - master.changelog.json: migration/node-info.changelog-v2.xml::1525962920::R3.Corda: ChangeSet migration/node-info.changelog-v2.xml::1525962920::R3.Corda ran successfully in 0ms
?[m?[37m[INFO] 11:12:10,259 [Test worker] liquibase. - master.changelog.json: migration/node-info.changelog-v3.xml::column_host_name::R3.Corda: Column node_info_hosts.host renamed to host_name
?[m?[37m[INFO] 11:12:10,259 [Test worker] liquibase. - master.changelog.json: migration/node-info.changelog-v3.xml::column_host_name::R3.Corda: ChangeSet migration/node-info.changelog-v3.xml::column_host_name::R3.Corda ran successfully in 0ms
?[m?[37m[INFO] 11:12:10,260 [Test worker] liquibase. - master.changelog.json: migration/node-services.changelog-init.xml::1511451595465-5::R3.Corda: Table node_attachments created
?[m?[37m[INFO] 11:12:10,260 [Test worker] liquibase. - master.changelog.json: migration/node-services.changelog-init.xml::1511451595465-5::R3.Corda: ChangeSet migration/node-services.changelog-init.xml::1511451595465-5::R3.Corda ran successfully in 0ms
?[m?[37m[INFO] 11:12:10,261 [Test worker] liquibase. - master.changelog.json: migration/node-services.changelog-init.xml::1511451595465-7::R3.Corda: Table node_checkpoints created
?[m?[37m[INFO] 11:12:10,261 [Test worker] liquibase. - master.changelog.json: migration/node-services.changelog-init.xml::1511451595465-7::R3.Corda: ChangeSet migration/node-services.changelog-init.xml::1511451595465-7::R3.Corda ran successfully in 0ms
?[m?[37m[INFO] 11:12:10,262 [Test worker] liquibase. - master.changelog.json: migration/node-services.changelog-init.xml::1511451595465-8::R3.Corda: Table node_contract_upgrades created
?[m?[37m[INFO] 11:12:10,262 [Test worker] liquibase. - master.changelog.json: migration/node-services.changelog-init.xml::1511451595465-8::R3.Corda: ChangeSet migration/node-services.changelog-init.xml::1511451595465-8::R3.Corda ran successfully in 0ms
?[m?[37m[INFO] 11:12:10,263 [Test worker] liquibase. - master.changelog.json: migration/node-services.changelog-init.xml::1511451595465-9::R3.Corda: Table node_identities created
?[m?[37m[INFO] 11:12:10,263 [Test worker] liquibase. - master.changelog.json: migration/node-services.changelog-init.xml::1511451595465-9::R3.Corda: ChangeSet migration/node-services.changelog-init.xml::1511451595465-9::R3.Corda ran successfully in 0ms
?[m?[37m[INFO] 11:12:10,263 [Test worker] liquibase. - master.changelog.json: migration/node-services.changelog-init.xml::1511451595465-13::R3.Corda: Table node_message_ids created
?[m?[37m[INFO] 11:12:10,263 [Test worker] liquibase. - master.changelog.json: migration/node-services.changelog-init.xml::1511451595465-13::R3.Corda: ChangeSet migration/node-services.changelog-init.xml::1511451595465-13::R3.Corda ran successfully in 0ms
?[m?[37m[INFO] 11:12:10,264 [Test worker] liquibase. - master.changelog.json: migration/node-services.changelog-init.xml::1511451595465-14::R3.Corda: Table node_message_retry created
?[m?[37m[INFO] 11:12:10,264 [Test worker] liquibase. - master.changelog.json: migration/node-services.changelog-init.xml::1511451595465-14::R3.Corda: ChangeSet migration/node-services.changelog-init.xml::1511451595465-14::R3.Corda ran successfully in 0ms
?[m?[37m[INFO] 11:12:10,265 [Test worker] liquibase. - master.changelog.json: migration/node-services.changelog-init.xml::1511451595465-15::R3.Corda: Table node_named_identities created
?[m?[37m[INFO] 11:12:10,265 [Test worker] liquibase. - master.changelog.json: migration/node-services.changelog-init.xml::1511451595465-15::R3.Corda: ChangeSet migration/node-services.changelog-init.xml::1511451595465-15::R3.Corda ran successfully in 0ms
?[m?[37m[INFO] 11:12:10,266 [Test worker] liquibase. - master.changelog.json: migration/node-services.changelog-init.xml::1511451595465-17::R3.Corda: Table node_our_key_pairs created
?[m?[37m[INFO] 11:12:10,266 [Test worker] liquibase. - master.changelog.json: migration/node-services.changelog-init.xml::1511451595465-17::R3.Corda: ChangeSet migration/node-services.changelog-init.xml::1511451595465-17::R3.Corda ran successfully in 0ms
?[m?[37m[INFO] 11:12:10,267 [Test worker] liquibase. - master.changelog.json: migration/node-services.changelog-init.xml::1511451595465-19::R3.Corda: Table node_scheduled_states created
?[m?[37m[INFO] 11:12:10,267 [Test worker] liquibase. - master.changelog.json: migration/node-services.changelog-init.xml::1511451595465-19::R3.Corda: ChangeSet migration/node-services.changelog-init.xml::1511451595465-19::R3.Corda ran successfully in 0ms
?[m?[37m[INFO] 11:12:10,267 [Test worker] liquibase. - master.changelog.json: migration/node-services.changelog-init.xml::1511451595465-20::R3.Corda: Table node_transaction_mappings created
?[m?[37m[INFO] 11:12:10,267 [Test worker] liquibase. - master.changelog.json: migration/node-services.changelog-init.xml::1511451595465-20::R3.Corda: ChangeSet migration/node-services.changelog-init.xml::1511451595465-20::R3.Corda ran successfully in 0ms
?[m?[37m[INFO] 11:12:10,268 [Test worker] liquibase. - master.changelog.json: migration/node-services.changelog-init.xml::1511451595465-21::R3.Corda: Table node_transactions created
?[m?[37m[INFO] 11:12:10,268 [Test worker] liquibase. - master.changelog.json: migration/node-services.changelog-init.xml::1511451595465-21::R3.Corda: ChangeSet migration/node-services.changelog-init.xml::1511451595465-21::R3.Corda ran successfully in 0ms
?[m?[37m[INFO] 11:12:10,269 [Test worker] liquibase. - master.changelog.json: migration/node-services.changelog-init.xml::1511451595465-30::R3.Corda: Primary key added to node_attachments (att_id)
?[m?[37m[INFO] 11:12:10,269 [Test worker] liquibase. - master.changelog.json: migration/node-services.changelog-init.xml::1511451595465-30::R3.Corda: ChangeSet migration/node-services.changelog-init.xml::1511451595465-30::R3.Corda ran successfully in 0ms
?[m?[37m[INFO] 11:12:10,270 [Test worker] liquibase. - master.changelog.json: migration/node-services.changelog-init.xml::1511451595465-32::R3.Corda: Primary key added to node_checkpoints (checkpoint_id)
?[m?[37m[INFO] 11:12:10,270 [Test worker] liquibase. - master.changelog.json: migration/node-services.changelog-init.xml::1511451595465-32::R3.Corda: ChangeSet migration/node-services.changelog-init.xml::1511451595465-32::R3.Corda ran successfully in 1ms
?[m?[37m[INFO] 11:12:10,270 [Test worker] liquibase. - master.changelog.json: migration/node-services.changelog-init.xml::1511451595465-33::R3.Corda: Primary key added to node_contract_upgrades (state_ref)
?[m?[37m[INFO] 11:12:10,270 [Test worker] liquibase. - master.changelog.json: migration/node-services.changelog-init.xml::1511451595465-33::R3.Corda: ChangeSet migration/node-services.changelog-init.xml::1511451595465-33::R3.Corda ran successfully in 0ms
?[m?[37m[INFO] 11:12:10,271 [Test worker] liquibase. - master.changelog.json: migration/node-services.changelog-init.xml::1511451595465-34::R3.Corda: Primary key added to node_identities (pk_hash)
?[m?[37m[INFO] 11:12:10,271 [Test worker] liquibase. - master.changelog.json: migration/node-services.changelog-init.xml::1511451595465-34::R3.Corda: ChangeSet migration/node-services.changelog-init.xml::1511451595465-34::R3.Corda ran successfully in 0ms
?[m?[37m[INFO] 11:12:10,272 [Test worker] liquibase. - master.changelog.json: migration/node-services.changelog-init.xml::1511451595465-38::R3.Corda: Primary key added to node_message_ids (message_id)
?[m?[37m[INFO] 11:12:10,272 [Test worker] liquibase. - master.changelog.json: migration/node-services.changelog-init.xml::1511451595465-38::R3.Corda: ChangeSet migration/node-services.changelog-init.xml::1511451595465-38::R3.Corda ran successfully in 0ms
?[m?[37m[INFO] 11:12:10,272 [Test worker] liquibase. - master.changelog.json: migration/node-services.changelog-init.xml::1511451595465-39::R3.Corda: Primary key added to node_message_retry (message_id)
?[m?[37m[INFO] 11:12:10,272 [Test worker] liquibase. - master.changelog.json: migration/node-services.changelog-init.xml::1511451595465-39::R3.Corda: ChangeSet migration/node-services.changelog-init.xml::1511451595465-39::R3.Corda ran successfully in 0ms
?[m?[37m[INFO] 11:12:10,273 [Test worker] liquibase. - master.changelog.json: migration/node-services.changelog-init.xml::1511451595465-40::R3.Corda: Primary key added to node_named_identities (name)
?[m?[37m[INFO] 11:12:10,273 [Test worker] liquibase. - master.changelog.json: migration/node-services.changelog-init.xml::1511451595465-40::R3.Corda: ChangeSet migration/node-services.changelog-init.xml::1511451595465-40::R3.Corda ran successfully in 0ms
?[m?[37m[INFO] 11:12:10,274 [Test worker] liquibase. - master.changelog.json: migration/node-services.changelog-init.xml::1511451595465-42::R3.Corda: Primary key added to node_our_key_pairs (public_key_hash)
?[m?[37m[INFO] 11:12:10,274 [Test worker] liquibase. - master.changelog.json: migration/node-services.changelog-init.xml::1511451595465-42::R3.Corda: ChangeSet migration/node-services.changelog-init.xml::1511451595465-42::R3.Corda ran successfully in 0ms
?[m?[37m[INFO] 11:12:10,275 [Test worker] liquibase. - master.changelog.json: migration/node-services.changelog-init.xml::1511451595465-44::R3.Corda: Primary key added to node_scheduled_states (output_index, transaction_id)
?[m?[37m[INFO] 11:12:10,275 [Test worker] liquibase. - master.changelog.json: migration/node-services.changelog-init.xml::1511451595465-44::R3.Corda: ChangeSet migration/node-services.changelog-init.xml::1511451595465-44::R3.Corda ran successfully in 0ms
?[m?[37m[INFO] 11:12:10,276 [Test worker] liquibase. - master.changelog.json: migration/node-services.changelog-init.xml::1511451595465-45::R3.Corda: Primary key added to node_transaction_mappings (tx_id)
?[m?[37m[INFO] 11:12:10,276 [Test worker] liquibase. - master.changelog.json: migration/node-services.changelog-init.xml::1511451595465-45::R3.Corda: ChangeSet migration/node-services.changelog-init.xml::1511451595465-45::R3.Corda ran successfully in 0ms
?[m?[37m[INFO] 11:12:10,277 [Test worker] liquibase. - master.changelog.json: migration/node-services.changelog-init.xml::1511451595465-46::R3.Corda: Primary key added to node_transactions (tx_id)
?[m?[37m[INFO] 11:12:10,277 [Test worker] liquibase. - master.changelog.json: migration/node-services.changelog-init.xml::1511451595465-46::R3.Corda: ChangeSet migration/node-services.changelog-init.xml::1511451595465-46::R3.Corda ran successfully in 1ms
?[m?[37m[INFO] 11:12:10,278 [Test worker] liquibase. - master.changelog.json: migration/node-services.changelog-init.xml::1511451595465-61::R3.Corda: Foreign key constraint added to node_link_nodeinfo_party (party_name)
?[m?[37m[INFO] 11:12:10,278 [Test worker] liquibase. - master.changelog.json: migration/node-services.changelog-init.xml::1511451595465-61::R3.Corda: ChangeSet migration/node-services.changelog-init.xml::1511451595465-61::R3.Corda ran successfully in 1ms
?[m?[37m[INFO] 11:12:10,279 [Test worker] liquibase. - master.changelog.json: migration/node-services.changelog-init.xml::add index att_id::R3.Corda: Index att_id_idx created
?[m?[37m[INFO] 11:12:10,279 [Test worker] liquibase. - master.changelog.json: migration/node-services.changelog-init.xml::add index att_id::R3.Corda: ChangeSet migration/node-services.changelog-init.xml::add index att_id::R3.Corda ran successfully in 0ms
?[m?[37m[INFO] 11:12:10,280 [Test worker] liquibase. - master.changelog.json: migration/node-services.changelog-init.xml::add_contract_attachment::R3.Corda: Table node_attchments_contracts created
?[m?[37m[INFO] 11:12:10,280 [Test worker] liquibase. - master.changelog.json: migration/node-services.changelog-init.xml::add_contract_attachment::R3.Corda: Foreign key constraint added to node_attchments_contracts (att_id)
?[m?[37m[INFO] 11:12:10,280 [Test worker] liquibase. - master.changelog.json: migration/node-services.changelog-init.xml::add_contract_attachment::R3.Corda: Data deleted from node_attachments
?[m?[37m[INFO] 11:12:10,280 [Test worker] liquibase. - master.changelog.json: migration/node-services.changelog-init.xml::add_contract_attachment::R3.Corda: ChangeSet migration/node-services.changelog-init.xml::add_contract_attachment::R3.Corda ran successfully in 0ms
?[m?[37m[INFO] 11:12:10,283 [Test worker] liquibase. - master.changelog.json: migration/node-services.changelog-init.xml::add_dedup_columns::R3.Corda: Columns sender(NVARCHAR(64)),sequence_number(BIGINT) added to node_message_ids
?[m?[37m[INFO] 11:12:10,283 [Test worker] liquibase. - master.changelog.json: migration/node-services.changelog-init.xml::add_dedup_columns::R3.Corda: ChangeSet migration/node-services.changelog-init.xml::add_dedup_columns::R3.Corda ran successfully in 2ms
?[m?[37m[INFO] 11:12:10,284 [Test worker] liquibase. - master.changelog.json: migration/node-core.changelog-v4.xml::attchments_rename::R3.Corda: Table node_attchments_contracts renamed to node_attachments_contracts
?[m?[37m[INFO] 11:12:10,284 [Test worker] liquibase. - master.changelog.json: migration/node-core.changelog-v4.xml::attchments_rename::R3.Corda: ChangeSet migration/node-core.changelog-v4.xml::attchments_rename::R3.Corda ran successfully in 0ms
?[m?[37m[INFO] 11:12:10,285 [Test worker] liquibase. - master.changelog.json: migration/node-core.changelog-v4.xml::nullability::R3.Corda: Null constraint has been added to node_identities.identity_value
?[m?[37m[INFO] 11:12:10,285 [Test worker] liquibase. - master.changelog.json: migration/node-core.changelog-v4.xml::nullability::R3.Corda: Null constraint has been added to node_attachments.content
?[m?[37m[INFO] 11:12:10,285 [Test worker] liquibase. - master.changelog.json: migration/node-core.changelog-v4.xml::nullability::R3.Corda: Null constraint has been added to node_attachments_contracts.contract_class_name
?[m?[37m[INFO] 11:12:10,285 [Test worker] liquibase. - master.changelog.json: migration/node-core.changelog-v4.xml::nullability::R3.Corda: Null constraint has been added to node_checkpoints.checkpoint_value
?[m?[37m[INFO] 11:12:10,285 [Test worker] liquibase. - master.changelog.json: migration/node-core.changelog-v4.xml::nullability::R3.Corda: Null constraint has been added to node_contract_upgrades.contract_class_name
?[m?[37m[INFO] 11:12:10,286 [Test worker] liquibase. - master.changelog.json: migration/node-core.changelog-v4.xml::nullability::R3.Corda: Null constraint has been added to node_message_ids.insertion_time
?[m?[37m[INFO] 11:12:10,286 [Test worker] liquibase. - master.changelog.json: migration/node-core.changelog-v4.xml::nullability::R3.Corda: Null constraint has been added to node_message_retry.message
?[m?[37m[INFO] 11:12:10,286 [Test worker] liquibase. - master.changelog.json: migration/node-core.changelog-v4.xml::nullability::R3.Corda: Null constraint has been added to node_message_retry.recipients
?[m?[37m[INFO] 11:12:10,286 [Test worker] liquibase. - master.changelog.json: migration/node-core.changelog-v4.xml::nullability::R3.Corda: Null constraint has been added to node_named_identities.pk_hash
?[m?[37m[INFO] 11:12:10,286 [Test worker] liquibase. - master.changelog.json: migration/node-core.changelog-v4.xml::nullability::R3.Corda: Null constraint has been added to node_our_key_pairs.private_key
?[m?[37m[INFO] 11:12:10,286 [Test worker] liquibase. - master.changelog.json: migration/node-core.changelog-v4.xml::nullability::R3.Corda: Null constraint has been added to node_our_key_pairs.public_key
?[m?[37m[INFO] 11:12:10,286 [Test worker] liquibase. - master.changelog.json: migration/node-core.changelog-v4.xml::nullability::R3.Corda: Null constraint has been added to node_transaction_mappings.state_machine_run_id
?[m?[37m[INFO] 11:12:10,286 [Test worker] liquibase. - master.changelog.json: migration/node-core.changelog-v4.xml::nullability::R3.Corda: Null constraint has been added to node_transactions.transaction_value
?[m?[37m[INFO] 11:12:10,286 [Test worker] liquibase. - master.changelog.json: migration/node-core.changelog-v4.xml::nullability::R3.Corda: ChangeSet migration/node-core.changelog-v4.xml::nullability::R3.Corda ran successfully in 1ms
?[m?[37m[INFO] 11:12:10,288 [Test worker] liquibase. - master.changelog.json: migration/node-core.changelog-v5.xml::remove_unused_node_message_retry::R3.Corda: Table node_message_retry dropped
?[m?[37m[INFO] 11:12:10,288 [Test worker] liquibase. - master.changelog.json: migration/node-core.changelog-v5.xml::remove_unused_node_message_retry::R3.Corda: ChangeSet migration/node-core.changelog-v5.xml::remove_unused_node_message_retry::R3.Corda ran successfully in 0ms
?[m?[37m[INFO] 11:12:10,301 [Test worker] liquibase. - master.changelog.json: migration/node-core.changelog-v8.xml::conditional_attchments_rename::R3.Corda: Marking ChangeSet: migration/node-core.changelog-v8.xml::conditional_attchments_rename::R3.Corda ran despite precondition failure due to onFail='MARK_RAN': 
          master.changelog.json : Table PUBLIC.NODE_ATTCHMENTS_CONTRACTS does not exist

?[m?[37m[INFO] 11:12:10,308 [Test worker] liquibase. - master.changelog.json: migration/node-core.changelog-v8.xml::conditional_attchments_contracts::R3.Corda: Marking ChangeSet: migration/node-core.changelog-v8.xml::conditional_attchments_contracts::R3.Corda ran despite precondition failure due to onFail='MARK_RAN': 
          master.changelog.json : Table PUBLIC.NODE_ATTACHMENTS_CONTRACT_CLASS_NAME does not exist

?[m?[37m[INFO] 11:12:10,309 [Test worker] liquibase. - master.changelog.json: migration/node-core.changelog-v8.xml::add_signers::R3.Corda: Table node_attachments_signers created
?[m?[37m[INFO] 11:12:10,309 [Test worker] liquibase. - master.changelog.json: migration/node-core.changelog-v8.xml::add_signers::R3.Corda: Foreign key constraint added to node_attachments_signers (att_id)
?[m?[37m[INFO] 11:12:10,309 [Test worker] liquibase. - master.changelog.json: migration/node-core.changelog-v8.xml::add_signers::R3.Corda: ChangeSet migration/node-core.changelog-v8.xml::add_signers::R3.Corda ran successfully in 1ms
?[m?[37m[INFO] 11:12:10,311 [Test worker] liquibase. - master.changelog.json: migration/node-core.changelog-tx-mapping.xml::add_tx_mapping_column::R3.Corda: Columns state_machine_run_id(NVARCHAR(36)) added to node_transactions
?[m?[37m[INFO] 11:12:10,312 [Test worker] liquibase. - master.changelog.json: migration/node-core.changelog-tx-mapping.xml::add_tx_mapping_column::R3.Corda: Custom SQL executed
?[m?[37m[INFO] 11:12:10,312 [Test worker] liquibase. - master.changelog.json: migration/node-core.changelog-tx-mapping.xml::add_tx_mapping_column::R3.Corda: Table node_transaction_mappings dropped
?[m?[37m[INFO] 11:12:10,312 [Test worker] liquibase. - master.changelog.json: migration/node-core.changelog-tx-mapping.xml::add_tx_mapping_column::R3.Corda: ChangeSet migration/node-core.changelog-tx-mapping.xml::add_tx_mapping_column::R3.Corda ran successfully in 2ms
?[m?[37m[INFO] 11:12:10,313 [Test worker] liquibase. - master.changelog.json: migration/node-services.changelog-init.xml::add_network_parameters_storage::R3.Corda: Table node_network_parameters created
?[m?[37m[INFO] 11:12:10,313 [Test worker] liquibase. - master.changelog.json: migration/node-services.changelog-init.xml::add_network_parameters_storage::R3.Corda: ChangeSet migration/node-services.changelog-init.xml::add_network_parameters_storage::R3.Corda ran successfully in 0ms
?[m?[37m[INFO] 11:12:10,314 [Test worker] liquibase. - master.changelog.json: migration/node-services.changelog-init.xml::network_parameters_pk::R3.Corda: Primary key added to node_network_parameters (hash)
?[m?[37m[INFO] 11:12:10,314 [Test worker] liquibase. - master.changelog.json: migration/node-services.changelog-init.xml::network_parameters_pk::R3.Corda: ChangeSet migration/node-services.changelog-init.xml::network_parameters_pk::R3.Corda ran successfully in 0ms
?[m?[37m[INFO] 11:12:10,317 [Test worker] liquibase. - master.changelog.json: migration/node-services.changelog-init.xml::add_version_column::R3.Corda: Columns version(INT) added to node_attachments
?[m?[37m[INFO] 11:12:10,317 [Test worker] liquibase. - master.changelog.json: migration/node-services.changelog-init.xml::add_version_column::R3.Corda: Custom SQL executed
?[m?[37m[INFO] 11:12:10,317 [Test worker] liquibase. - master.changelog.json: migration/node-services.changelog-init.xml::add_version_column::R3.Corda: Null constraint has been added to node_attachments.version
?[m?[37m[INFO] 11:12:10,317 [Test worker] liquibase. - master.changelog.json: migration/node-services.changelog-init.xml::add_version_column::R3.Corda: ChangeSet migration/node-services.changelog-init.xml::add_version_column::R3.Corda ran successfully in 2ms
?[m?[37m[INFO] 11:12:10,318 [Test worker] persistence.AttachmentVersionNumberMigration. - Start executing...
?[m?[37m[INFO] 11:12:10,320 [Test worker] persistence.AttachmentVersionNumberMigration. - Attachment version creation from whitelisted JARs using network parameters from build/mock-network/20190407-151209.941/nodes/0/network-parameters, whitelistedContractImplementations: {}.
?[m?[37m[INFO] 11:12:10,320 [Test worker] persistence.AttachmentVersionNumberMigration. - Attachment version creation from whitelisted JARs skipped, no attachments not found.
?[m?[37m[INFO] 11:12:10,320 [Test worker] liquibase. - master.changelog.json: migration/node-services.changelog-init.xml::update-version-of-whitelisted-jars::R3.Corda: null
?[m?[37m[INFO] 11:12:10,320 [Test worker] liquibase. - master.changelog.json: migration/node-services.changelog-init.xml::update-version-of-whitelisted-jars::R3.Corda: ChangeSet migration/node-services.changelog-init.xml::update-version-of-whitelisted-jars::R3.Corda ran successfully in 2ms
?[m?[37m[INFO] 11:12:10,320 [Test worker] migration.VaultStateMigration. - Migrating vault state data to V4 tables
?[m?[37m[INFO] 11:12:10,322 [Test worker] persistence.HibernateConfiguration. - Init HibernateConfiguration for schemas: [VaultMigrationSchemaV1(name=net.corda.node.migration.VaultMigrationSchema, version=1), VaultSchemaV1(name=net.corda.node.services.vault.VaultSchema, version=1)]
?[m?[37m[INFO] 11:12:10,322 [Test worker] persistence.HibernateConfiguration. - Creating session factory for schemas: [VaultMigrationSchemaV1(name=net.corda.node.migration.VaultMigrationSchema, version=1), VaultSchemaV1(name=net.corda.node.services.vault.VaultSchema, version=1)]
?[m?[37m[INFO] 11:12:10,326 [Test worker] internal.ConnectionProviderInitiator. - HHH000130: Instantiating explicit connection provider: net.corda.nodeapi.internal.persistence.HibernateConfiguration$NodeDatabaseConnectionProvider
?[m?[37m[INFO] 11:12:10,326 [Test worker] dialect.Dialect. - HHH000400: Using dialect: org.hibernate.dialect.H2Dialect
?[m?[37m[INFO] 11:12:10,327 [Test worker] type.BasicTypeRegistry. - HHH000270: Type registration [materialized_blob] overrides previous : org.hibernate.type.MaterializedBlobType@13ae4c5f
?[m?[37m[INFO] 11:12:10,354 [Test worker] connections.access. - HHH10001501: Connection obtained from JdbcConnectionAccess [org.hibernate.engine.jdbc.env.internal.JdbcEnvironmentInitiator$ConnectionProviderJdbcConnectionAccess@754ff45a] for (non-JTA) DDL execution was not in auto-commit mode; the Connection 'local transaction' will be committed and the Connection will be set into auto-commit mode.
?[m?[37m[INFO] 11:12:10,374 [Test worker] persistence.HibernateConfiguration. - Created session factory for schemas: [VaultMigrationSchemaV1(name=net.corda.node.migration.VaultMigrationSchema, version=1), VaultSchemaV1(name=net.corda.node.services.vault.VaultSchema, version=1)]
?[m?[37m[INFO] 11:12:10,374 [Test worker] internal.QueryTranslatorFactoryInitiator. - HHH000397: Using ASTQueryTranslatorFactory
?[m?[37m[INFO] 11:12:10,380 [Test worker] migration.VaultStateMigration. - Finished performing vault state data migration for 0 states
?[m?[37m[INFO] 11:12:10,380 [Test worker] liquibase. - master.changelog.json: migration/vault-schema.changelog-v9.xml::update-vault-states::R3.Corda: null
?[m?[37m[INFO] 11:12:10,380 [Test worker] liquibase. - master.changelog.json: migration/vault-schema.changelog-v9.xml::update-vault-states::R3.Corda: ChangeSet migration/vault-schema.changelog-v9.xml::update-vault-states::R3.Corda ran successfully in 60ms
?[m?[37m[INFO] 11:12:10,381 [Test worker] liquibase. - master.changelog.json: migration/node-services.changelog-init.xml::1511451595465-16::R3.Corda: Table node_notary_committed_states created
?[m?[37m[INFO] 11:12:10,381 [Test worker] liquibase. - master.changelog.json: migration/node-services.changelog-init.xml::1511451595465-16::R3.Corda: ChangeSet migration/node-services.changelog-init.xml::1511451595465-16::R3.Corda ran successfully in 1ms
?[m?[37m[INFO] 11:12:10,382 [Test worker] liquibase. - master.changelog.json: migration/node-services.changelog-init.xml::1521131680317-17::R3.Corda: Table node_notary_request_log created
?[m?[37m[INFO] 11:12:10,382 [Test worker] liquibase. - master.changelog.json: migration/node-services.changelog-init.xml::1521131680317-17::R3.Corda: ChangeSet migration/node-services.changelog-init.xml::1521131680317-17::R3.Corda ran successfully in 1ms
?[m?[37m[INFO] 11:12:10,383 [Test worker] liquibase. - master.changelog.json: migration/node-services.changelog-init.xml::1511451595465-41::R3.Corda: Primary key added to node_notary_committed_states (output_index, transaction_id)
?[m?[37m[INFO] 11:12:10,383 [Test worker] liquibase. - master.changelog.json: migration/node-services.changelog-init.xml::1511451595465-41::R3.Corda: ChangeSet migration/node-services.changelog-init.xml::1511451595465-41::R3.Corda ran successfully in 1ms
?[m?[37m[INFO] 11:12:10,383 [Test worker] liquibase. - master.changelog.json: migration/node-services.changelog-init.xml::1521131680317-48::R3.Corda: Primary key added to node_notary_request_log (id)
?[m?[37m[INFO] 11:12:10,383 [Test worker] liquibase. - master.changelog.json: migration/node-services.changelog-init.xml::1521131680317-48::R3.Corda: ChangeSet migration/node-services.changelog-init.xml::1521131680317-48::R3.Corda ran successfully in 0ms
?[m?[37m[INFO] 11:12:10,384 [Test worker] liquibase. - master.changelog.json: migration/node-services.changelog-init.xml::nullability::R3.Corda: Null constraint has been added to node_notary_committed_states.consuming_transaction_id
?[m?[37m[INFO] 11:12:10,384 [Test worker] liquibase. - master.changelog.json: migration/node-services.changelog-init.xml::nullability::R3.Corda: ChangeSet migration/node-services.changelog-init.xml::nullability::R3.Corda ran successfully in 0ms
?[m?[37m[INFO] 11:12:10,391 [Test worker] liquibase. - master.changelog.json: migration/node-notary.changelog-v2.xml::rename-table-notary-commit-log::R3.Corda: Marking ChangeSet: migration/node-notary.changelog-v2.xml::rename-table-notary-commit-log::R3.Corda ran despite precondition failure due to onFail='MARK_RAN': 
          master.changelog.json : Table PUBLIC.node_notary_commit_log does not exist

?[m?[37m[INFO] 11:12:10,393 [Test worker] liquibase. - master.changelog.json: migration/node-notary.changelog-v2.xml::create-notary-request-log-table::R3.Corda: Marking ChangeSet: migration/node-notary.changelog-v2.xml::create-notary-request-log-table::R3.Corda ran despite precondition failure due to onFail='MARK_RAN': 
          master.changelog.json : Not precondition failed

?[m?[37m[INFO] 11:12:10,395 [Test worker] liquibase. - master.changelog.json: migration/node-notary.changelog-committed-transactions-table.xml::create-notary-committed-transactions-table::R3.Corda: Table node_notary_committed_txs created
?[m?[37m[INFO] 11:12:10,395 [Test worker] liquibase. - master.changelog.json: migration/node-notary.changelog-committed-transactions-table.xml::create-notary-committed-transactions-table::R3.Corda: Primary key added to node_notary_committed_txs (transaction_id)
?[m?[37m[INFO] 11:12:10,395 [Test worker] liquibase. - master.changelog.json: migration/node-notary.changelog-committed-transactions-table.xml::create-notary-committed-transactions-table::R3.Corda: ChangeSet migration/node-notary.changelog-committed-transactions-table.xml::create-notary-committed-transactions-table::R3.Corda ran successfully in 1ms
?[m?[37m[INFO] 11:12:10,396 [Test worker] liquibase. - Successfully released change log lock
?[m?[37m[INFO] 11:12:10,396 [Test worker] internal.InternalMockNetwork$MockNode. - Connected to H2 database.
?[m?[37m[INFO] 11:12:10,401 [Test worker] persistence.HibernateConfiguration. - Init HibernateConfiguration for schemas: [CommonSchemaV1(name=net.corda.core.schemas.CommonSchema, version=1), VaultSchemaV1(name=net.corda.node.services.vault.VaultSchema, version=1), NodeInfoSchemaV1(name=net.corda.node.internal.schemas.NodeInfoSchema, version=1), NodeCoreV1(name=net.corda.node.services.schema.NodeSchemaService$NodeCore, version=1), FNOLSchemaV1(name=com.example.schema.FNOLSchema, version=1), IOUSchemaV1(name=com.example.schema.IOUSchema, version=1), NodeNotarySchemaV1(name=net.corda.node.services.transactions.NodeNotarySchema, version=1)]
?[m?[37m[INFO] 11:12:10,401 [Test worker] persistence.HibernateConfiguration. - Creating session factory for schemas: [CommonSchemaV1(name=net.corda.core.schemas.CommonSchema, version=1), VaultSchemaV1(name=net.corda.node.services.vault.VaultSchema, version=1), NodeInfoSchemaV1(name=net.corda.node.internal.schemas.NodeInfoSchema, version=1), NodeCoreV1(name=net.corda.node.services.schema.NodeSchemaService$NodeCore, version=1), FNOLSchemaV1(name=com.example.schema.FNOLSchema, version=1), IOUSchemaV1(name=com.example.schema.IOUSchema, version=1), NodeNotarySchemaV1(name=net.corda.node.services.transactions.NodeNotarySchema, version=1)]
?[m?[37m[INFO] 11:12:10,405 [Test worker] internal.ConnectionProviderInitiator. - HHH000130: Instantiating explicit connection provider: net.corda.nodeapi.internal.persistence.HibernateConfiguration$NodeDatabaseConnectionProvider
?[m?[37m[INFO] 11:12:10,405 [Test worker] dialect.Dialect. - HHH000400: Using dialect: org.hibernate.dialect.H2Dialect
?[m?[37m[INFO] 11:12:10,407 [Test worker] type.BasicTypeRegistry. - HHH000270: Type registration [materialized_blob] overrides previous : org.hibernate.type.MaterializedBlobType@13ae4c5f
?[m?[37m[INFO] 11:12:10,450 [Test worker] connections.access. - HHH10001501: Connection obtained from JdbcConnectionAccess [org.hibernate.engine.jdbc.env.internal.JdbcEnvironmentInitiator$ConnectionProviderJdbcConnectionAccess@4e900a7e] for (non-JTA) DDL execution was not in auto-commit mode; the Connection 'local transaction' will be committed and the Connection will be set into auto-commit mode.
?[m?[37m[INFO] 11:12:10,488 [Test worker] persistence.HibernateConfiguration. - Created session factory for schemas: [CommonSchemaV1(name=net.corda.core.schemas.CommonSchema, version=1), VaultSchemaV1(name=net.corda.node.services.vault.VaultSchema, version=1), NodeInfoSchemaV1(name=net.corda.node.internal.schemas.NodeInfoSchema, version=1), NodeCoreV1(name=net.corda.node.services.schema.NodeSchemaService$NodeCore, version=1), FNOLSchemaV1(name=com.example.schema.FNOLSchema, version=1), IOUSchemaV1(name=com.example.schema.IOUSchema, version=1), NodeNotarySchemaV1(name=net.corda.node.services.transactions.NodeNotarySchema, version=1)]
?[m?[37m[INFO] 11:12:10,489 [Test worker] internal.QueryTranslatorFactoryInitiator. - HHH000397: Using ASTQueryTranslatorFactory
?[m?[37m[INFO] 11:12:10,491 [Test worker] internal.InternalMockNetwork$MockNode. - Node-info has changed so submitting update. Old node-info was null
?[m?[37m[INFO] 11:12:10,491 [Test worker] network.PersistentNetworkMapCache. - Adding node with info: NodeInfo(addresses=[mock.node:1000], legalIdentitiesAndCerts=[O=Notary Service, L=Zurich, C=CH], platformVersion=4, serial=1554649930491)
?[m?[37m[INFO] 11:12:10,492 [Test worker] network.PersistentNetworkMapCache. - No previous node found
?[m?[37m[INFO] 11:12:10,502 [Test worker] internal.InternalMockNetwork$MockNode. - New node-info: NodeInfo(addresses=[mock.node:1000], legalIdentitiesAndCerts=[O=Notary Service, L=Zurich, C=CH], platformVersion=4, serial=1554649930491)
?[m?[37m[INFO] 11:12:10,509 [Test worker] network.NetworkMapUpdater. - Auto-accept enabled for network parameter changes which modify only: [epoch, modifiedTime, packageOwnership, whitelistedContractImplementations]
?[m?[37m[INFO] 11:12:10,512 [MockNode-7-2] network.PersistentNetworkMapCache. - Adding node with info: NodeInfo(addresses=[mock.node:1000], legalIdentitiesAndCerts=[O=Notary Service, L=Zurich, C=CH], platformVersion=4, serial=1554649930491)
?[m?[37m[INFO] 11:12:10,516 [MockNode-7-2] network.PersistentNetworkMapCache. - Previous node was identical to incoming one - doing nothing
?[m?[37m[INFO] 11:12:10,539 [Test worker] ClassloaderUtils. - Contracts loading for '/var/folders/5q/xy985yhj7rg30rc4c_z3gd4m0000gn/T/attachment8933470882651104823.jar' took 21 msec
?[m?[37m[INFO] 11:12:10,550 [Test worker] persistence.NodeAttachmentService. - Stored new attachment: id=B0DC6BB384D1A6B002EFC0F67EDD756DE1A1E8883DAE28EEB966064A6EF48F64 uploader=app filename=null
?[m?[37m[INFO] 11:12:10,551 [Test worker] utilities.NotaryLoader. - Starting notary service: class net.corda.node.services.transactions.SimpleNotaryService
?[m?[37m[INFO] 11:12:10,551 [Test worker] notary.SinglePartyNotaryService. - Starting notary in validating mode
?[m?[37m[INFO] 11:12:10,556 [Test worker] statemachine.SingleThreadedStateMachineManager. - Node ready, info: NodeInfo(addresses=[mock.node:1000], legalIdentitiesAndCerts=[O=Notary Service, L=Zurich, C=CH], platformVersion=4, serial=1554649930491)
?[m?[37m[INFO] 11:12:10,558 [Test worker] network.PersistentNetworkMapCache. - Adding node with info: NodeInfo(addresses=[mock.node:1000], legalIdentitiesAndCerts=[O=Notary Service, L=Zurich, C=CH], platformVersion=4, serial=1554649930491)
?[m?[37m[INFO] 11:12:10,558 [Test worker] network.PersistentNetworkMapCache. - Previous node was identical to incoming one - doing nothing
?[m?[37m[INFO] 11:12:10,558 [Test worker] network.PersistentNetworkMapCache. - Adding node with info: NodeInfo(addresses=[mock.node:1000], legalIdentitiesAndCerts=[O=Notary Service, L=Zurich, C=CH], platformVersion=4, serial=1554649930491)
?[m?[37m[INFO] 11:12:10,558 [Test worker] network.PersistentNetworkMapCache. - Previous node was identical to incoming one - doing nothing
?[m?[37m[INFO] 11:12:10,565 [Test worker] cordapp.JarScanningCordappLoader. - Looking for CorDapps in [build/mock-network/20190407-151209.941/nodes/1/cordapps]
?[m?[37m[INFO] 11:12:10,565 [Test worker] cordapp.JarScanningCordappLoader. - Loading CorDapps from RestrictedURL(url=file:/Users/vivian.a.chen/Hackathon/samples/cordapp-example/workflows-kotlin/build/mock-network/20190407-151209.941/nodes/1/cordapps/cordapp-example-workflows-0.1.jar, rootPackageName=null), RestrictedURL(url=file:/Users/vivian.a.chen/Hackathon/samples/cordapp-example/workflows-kotlin/build/mock-network/20190407-151209.941/nodes/1/cordapps/cordapp-example-contracts-0.1.jar, rootPackageName=null)
?[m?[37m[INFO] 11:12:10,566 [Test worker] cordapp.JarScanningCordappLoader. - Scanning CorDapp in file:/Users/vivian.a.chen/Hackathon/samples/cordapp-example/workflows-kotlin/build/mock-network/20190407-151209.941/nodes/1/cordapps/cordapp-example-workflows-0.1.jar
?[m?[37m[INFO] 11:12:10,587 [Test worker] cordapp.JarScanningCordappLoader. - Found notary service CorDapp implementations: 
?[m?[37m[INFO] 11:12:10,587 [Test worker] cordapp.JarScanningCordappLoader. - Scanning CorDapp in file:/Users/vivian.a.chen/Hackathon/samples/cordapp-example/workflows-kotlin/build/mock-network/20190407-151209.941/nodes/1/cordapps/cordapp-example-contracts-0.1.jar
?[m?[37m[INFO] 11:12:10,608 [Test worker] cordapp.JarScanningCordappLoader. - Found notary service CorDapp implementations: 
?[m?[37m[INFO] 11:12:10,616 [Test worker] internal.InternalMockNetwork$MockNode. - Node starting up ...
?[m?[37m[INFO] 11:12:10,636 [Test worker] internal.NodeFlowManager. - Registered com.example.flow.CreateFNOLFlow$Initiator to initiate com.example.flow.CreateFNOLFlow$Acceptor (version 1)
?[m?[37m[INFO] 11:12:10,636 [Test worker] internal.NodeFlowManager. - Registered com.example.flow.ExampleFlow$Initiator to initiate com.example.flow.ExampleFlow$Acceptor (version 1)
?[m?[37m[INFO] 11:12:10,636 [Test worker] internal.NodeFlowManager. - Registered com.example.flow.UpdateFNOLFlow$Initiator to initiate com.example.flow.UpdateFNOLFlow$Acceptor (version 1)
?[m?[37m[INFO] 11:12:10,639 [Test worker] internal.InternalMockNetwork$MockNode. - Loaded network parameters: NetworkParameters {
      minimumPlatformVersion=1
      notaries=[NotaryInfo(identity=O=Notary Service, L=Zurich, C=CH, validating=true)]
      maxMessageSize=10485760
      maxTransactionSize=524288000
      whitelistedContractImplementations {
        
      }
      eventHorizon=PT720H
      packageOwnership {
        
      }
      modifiedTime=2019-04-07T15:12:09.941Z
      epoch=1
  }
?[m?[37m[INFO] 11:12:10,639 [Test worker] hikari.HikariDataSource. - HikariPool-8 - Started.
?[m?[37m[INFO] 11:12:10,769 [Test worker] liquibase. - Creating database history table with name: PUBLIC.DATABASECHANGELOG
?[m?[37m[INFO] 11:12:10,772 [Test worker] liquibase. - Reading from PUBLIC.DATABASECHANGELOG
?[m?[37m[INFO] 11:12:10,776 [Test worker] liquibase. - master.changelog.json: migration/common.changelog-init.xml::1511451595465-1.3::R3.Corda: Skipping changeSet migration/common.changelog-init.xml::1511451595465-1.3::R3.Corda due to validation error(s): minValue is not allowed on h2
?[m?[37m[INFO] 11:12:10,782 [Test worker] liquibase. - master.changelog.json: migration/vault-schema.changelog-pkey.xml::non-clustered_pk-11::R3.Corda: Skipping changeSet migration/vault-schema.changelog-pkey.xml::non-clustered_pk-11::R3.Corda due to validation error(s): clustered is not allowed on h2
?[m?[37m[INFO] 11:12:10,783 [Test worker] liquibase. - master.changelog.json: migration/vault-schema.changelog-pkey.xml::non-clustered_pk-12::R3.Corda: Skipping changeSet migration/vault-schema.changelog-pkey.xml::non-clustered_pk-12::R3.Corda due to validation error(s): clustered is not allowed on h2
?[m?[37m[INFO] 11:12:10,783 [Test worker] liquibase. - master.changelog.json: migration/vault-schema.changelog-pkey.xml::non-clustered_pk-13::R3.Corda: Skipping changeSet migration/vault-schema.changelog-pkey.xml::non-clustered_pk-13::R3.Corda due to validation error(s): clustered is not allowed on h2
?[m?[37m[INFO] 11:12:10,791 [Test worker] liquibase. - master.changelog.json: migration/node-core.changelog-pkey.xml::non-clustered_pk-1::R3.Corda: Skipping changeSet migration/node-core.changelog-pkey.xml::non-clustered_pk-1::R3.Corda due to validation error(s): clustered is not allowed on h2
?[m?[37m[INFO] 11:12:10,791 [Test worker] liquibase. - master.changelog.json: migration/node-core.changelog-pkey.xml::non-clustered_pk-2::R3.Corda: Skipping changeSet migration/node-core.changelog-pkey.xml::non-clustered_pk-2::R3.Corda due to validation error(s): clustered is not allowed on h2
?[m?[37m[INFO] 11:12:10,791 [Test worker] liquibase. - master.changelog.json: migration/node-core.changelog-pkey.xml::non-clustered_pk-3::R3.Corda: Skipping changeSet migration/node-core.changelog-pkey.xml::non-clustered_pk-3::R3.Corda due to validation error(s): clustered is not allowed on h2
?[m?[37m[INFO] 11:12:10,791 [Test worker] liquibase. - master.changelog.json: migration/node-core.changelog-pkey.xml::non-clustered_pk-4::R3.Corda: Skipping changeSet migration/node-core.changelog-pkey.xml::non-clustered_pk-4::R3.Corda due to validation error(s): clustered is not allowed on h2
?[m?[37m[INFO] 11:12:10,791 [Test worker] liquibase. - master.changelog.json: migration/node-core.changelog-pkey.xml::non-clustered_pk-5::R3.Corda: Skipping changeSet migration/node-core.changelog-pkey.xml::non-clustered_pk-5::R3.Corda due to validation error(s): clustered is not allowed on h2
?[m?[37m[INFO] 11:12:10,791 [Test worker] liquibase. - master.changelog.json: migration/node-core.changelog-pkey.xml::non-clustered_pk-6::R3.Corda: Skipping changeSet migration/node-core.changelog-pkey.xml::non-clustered_pk-6::R3.Corda due to validation error(s): clustered is not allowed on h2
?[m?[37m[INFO] 11:12:10,792 [Test worker] liquibase. - master.changelog.json: migration/node-core.changelog-pkey.xml::non-clustered_pk-7::R3.Corda: Skipping changeSet migration/node-core.changelog-pkey.xml::non-clustered_pk-7::R3.Corda due to validation error(s): clustered is not allowed on h2
?[m?[37m[INFO] 11:12:10,795 [Test worker] liquibase. - Successfully acquired change log lock
?[m?[37m[INFO] 11:12:10,795 [Test worker] liquibase. - master.changelog.json: migration/common.changelog-init.xml::1511451595465-1.3::R3.Corda: Skipping changeSet migration/common.changelog-init.xml::1511451595465-1.3::R3.Corda due to validation error(s): minValue is not allowed on h2
?[m?[37m[INFO] 11:12:10,797 [Test worker] liquibase. - master.changelog.json: migration/vault-schema.changelog-pkey.xml::non-clustered_pk-11::R3.Corda: Skipping changeSet migration/vault-schema.changelog-pkey.xml::non-clustered_pk-11::R3.Corda due to validation error(s): clustered is not allowed on h2
?[m?[37m[INFO] 11:12:10,797 [Test worker] liquibase. - master.changelog.json: migration/vault-schema.changelog-pkey.xml::non-clustered_pk-12::R3.Corda: Skipping changeSet migration/vault-schema.changelog-pkey.xml::non-clustered_pk-12::R3.Corda due to validation error(s): clustered is not allowed on h2
?[m?[37m[INFO] 11:12:10,797 [Test worker] liquibase. - master.changelog.json: migration/vault-schema.changelog-pkey.xml::non-clustered_pk-13::R3.Corda: Skipping changeSet migration/vault-schema.changelog-pkey.xml::non-clustered_pk-13::R3.Corda due to validation error(s): clustered is not allowed on h2
?[m?[37m[INFO] 11:12:10,801 [Test worker] liquibase. - master.changelog.json: migration/node-core.changelog-pkey.xml::non-clustered_pk-1::R3.Corda: Skipping changeSet migration/node-core.changelog-pkey.xml::non-clustered_pk-1::R3.Corda due to validation error(s): clustered is not allowed on h2
?[m?[37m[INFO] 11:12:10,801 [Test worker] liquibase. - master.changelog.json: migration/node-core.changelog-pkey.xml::non-clustered_pk-2::R3.Corda: Skipping changeSet migration/node-core.changelog-pkey.xml::non-clustered_pk-2::R3.Corda due to validation error(s): clustered is not allowed on h2
?[m?[37m[INFO] 11:12:10,801 [Test worker] liquibase. - master.changelog.json: migration/node-core.changelog-pkey.xml::non-clustered_pk-3::R3.Corda: Skipping changeSet migration/node-core.changelog-pkey.xml::non-clustered_pk-3::R3.Corda due to validation error(s): clustered is not allowed on h2
?[m?[37m[INFO] 11:12:10,801 [Test worker] liquibase. - master.changelog.json: migration/node-core.changelog-pkey.xml::non-clustered_pk-4::R3.Corda: Skipping changeSet migration/node-core.changelog-pkey.xml::non-clustered_pk-4::R3.Corda due to validation error(s): clustered is not allowed on h2
?[m?[37m[INFO] 11:12:10,801 [Test worker] liquibase. - master.changelog.json: migration/node-core.changelog-pkey.xml::non-clustered_pk-5::R3.Corda: Skipping changeSet migration/node-core.changelog-pkey.xml::non-clustered_pk-5::R3.Corda due to validation error(s): clustered is not allowed on h2
?[m?[37m[INFO] 11:12:10,801 [Test worker] liquibase. - master.changelog.json: migration/node-core.changelog-pkey.xml::non-clustered_pk-6::R3.Corda: Skipping changeSet migration/node-core.changelog-pkey.xml::non-clustered_pk-6::R3.Corda due to validation error(s): clustered is not allowed on h2
?[m?[37m[INFO] 11:12:10,801 [Test worker] liquibase. - master.changelog.json: migration/node-core.changelog-pkey.xml::non-clustered_pk-7::R3.Corda: Skipping changeSet migration/node-core.changelog-pkey.xml::non-clustered_pk-7::R3.Corda due to validation error(s): clustered is not allowed on h2
?[m?[37m[INFO] 11:12:10,802 [Test worker] liquibase. - master.changelog.json: migration/common.changelog-init.xml::1511451595465-1.1::R3.Corda: Sequence hibernate_sequence created
?[m?[37m[INFO] 11:12:10,802 [Test worker] liquibase. - master.changelog.json: migration/common.changelog-init.xml::1511451595465-1.1::R3.Corda: ChangeSet migration/common.changelog-init.xml::1511451595465-1.1::R3.Corda ran successfully in 0ms
?[m?[37m[INFO] 11:12:10,803 [Test worker] liquibase. - master.changelog.json: migration/vault-schema.changelog-init.xml::1511451595465-22::R3.Corda: Table vault_fungible_states created
?[m?[37m[INFO] 11:12:10,803 [Test worker] liquibase. - master.changelog.json: migration/vault-schema.changelog-init.xml::1511451595465-22::R3.Corda: ChangeSet migration/vault-schema.changelog-init.xml::1511451595465-22::R3.Corda ran successfully in 0ms
?[m?[37m[INFO] 11:12:10,804 [Test worker] liquibase. - master.changelog.json: migration/vault-schema.changelog-init.xml::1511451595465-23::R3.Corda: Table vault_fungible_states_parts created
?[m?[37m[INFO] 11:12:10,804 [Test worker] liquibase. - master.changelog.json: migration/vault-schema.changelog-init.xml::1511451595465-23::R3.Corda: ChangeSet migration/vault-schema.changelog-init.xml::1511451595465-23::R3.Corda ran successfully in 0ms
?[m?[37m[INFO] 11:12:10,805 [Test worker] liquibase. - master.changelog.json: migration/vault-schema.changelog-init.xml::1511451595465-24::R3.Corda: Table vault_linear_states created
?[m?[37m[INFO] 11:12:10,805 [Test worker] liquibase. - master.changelog.json: migration/vault-schema.changelog-init.xml::1511451595465-24::R3.Corda: ChangeSet migration/vault-schema.changelog-init.xml::1511451595465-24::R3.Corda ran successfully in 1ms
?[m?[37m[INFO] 11:12:10,805 [Test worker] liquibase. - master.changelog.json: migration/vault-schema.changelog-init.xml::1511451595465-25::R3.Corda: Table vault_linear_states_parts created
?[m?[37m[INFO] 11:12:10,805 [Test worker] liquibase. - master.changelog.json: migration/vault-schema.changelog-init.xml::1511451595465-25::R3.Corda: ChangeSet migration/vault-schema.changelog-init.xml::1511451595465-25::R3.Corda ran successfully in 0ms
?[m?[37m[INFO] 11:12:10,806 [Test worker] liquibase. - master.changelog.json: migration/vault-schema.changelog-init.xml::1511451595465-26::R3.Corda: Table vault_states created
?[m?[37m[INFO] 11:12:10,806 [Test worker] liquibase. - master.changelog.json: migration/vault-schema.changelog-init.xml::1511451595465-26::R3.Corda: ChangeSet migration/vault-schema.changelog-init.xml::1511451595465-26::R3.Corda ran successfully in 0ms
?[m?[37m[INFO] 11:12:10,807 [Test worker] liquibase. - master.changelog.json: migration/vault-schema.changelog-init.xml::1511451595465-27::R3.Corda: Table vault_transaction_notes created
?[m?[37m[INFO] 11:12:10,807 [Test worker] liquibase. - master.changelog.json: migration/vault-schema.changelog-init.xml::1511451595465-27::R3.Corda: ChangeSet migration/vault-schema.changelog-init.xml::1511451595465-27::R3.Corda ran successfully in 1ms
?[m?[37m[INFO] 11:12:10,808 [Test worker] liquibase. - master.changelog.json: migration/vault-schema.changelog-init.xml::1511451595465-47::R3.Corda: Primary key added to vault_fungible_states (output_index, transaction_id)
?[m?[37m[INFO] 11:12:10,808 [Test worker] liquibase. - master.changelog.json: migration/vault-schema.changelog-init.xml::1511451595465-47::R3.Corda: ChangeSet migration/vault-schema.changelog-init.xml::1511451595465-47::R3.Corda ran successfully in 1ms
?[m?[37m[INFO] 11:12:10,808 [Test worker] liquibase. - master.changelog.json: migration/vault-schema.changelog-init.xml::1511451595465-48::R3.Corda: Primary key added to vault_linear_states (output_index, transaction_id)
?[m?[37m[INFO] 11:12:10,808 [Test worker] liquibase. - master.changelog.json: migration/vault-schema.changelog-init.xml::1511451595465-48::R3.Corda: ChangeSet migration/vault-schema.changelog-init.xml::1511451595465-48::R3.Corda ran successfully in 0ms
?[m?[37m[INFO] 11:12:10,809 [Test worker] liquibase. - master.changelog.json: migration/vault-schema.changelog-init.xml::1511451595465-49::R3.Corda: Primary key added to vault_states (output_index, transaction_id)
?[m?[37m[INFO] 11:12:10,809 [Test worker] liquibase. - master.changelog.json: migration/vault-schema.changelog-init.xml::1511451595465-49::R3.Corda: ChangeSet migration/vault-schema.changelog-init.xml::1511451595465-49::R3.Corda ran successfully in 0ms
?[m?[37m[INFO] 11:12:10,809 [Test worker] liquibase. - master.changelog.json: migration/vault-schema.changelog-init.xml::1511451595465-50::R3.Corda: Primary key added to vault_transaction_notes (seq_no)
?[m?[37m[INFO] 11:12:10,809 [Test worker] liquibase. - master.changelog.json: migration/vault-schema.changelog-init.xml::1511451595465-50::R3.Corda: ChangeSet migration/vault-schema.changelog-init.xml::1511451595465-50::R3.Corda ran successfully in 0ms
?[m?[37m[INFO] 11:12:10,810 [Test worker] liquibase. - master.changelog.json: migration/vault-schema.changelog-init.xml::1511451595465-53::R3.Corda: Index external_id_index created
?[m?[37m[INFO] 11:12:10,810 [Test worker] liquibase. - master.changelog.json: migration/vault-schema.changelog-init.xml::1511451595465-53::R3.Corda: ChangeSet migration/vault-schema.changelog-init.xml::1511451595465-53::R3.Corda ran successfully in 0ms
?[m?[37m[INFO] 11:12:10,833 [Test worker] liquibase. - master.changelog.json: migration/vault-schema.changelog-init.xml::1511451595465-55::R3.Corda: Index lock_id_idx created
?[m?[37m[INFO] 11:12:10,833 [Test worker] liquibase. - master.changelog.json: migration/vault-schema.changelog-init.xml::1511451595465-55::R3.Corda: ChangeSet migration/vault-schema.changelog-init.xml::1511451595465-55::R3.Corda ran successfully in 22ms
?[m?[37m[INFO] 11:12:10,834 [Test worker] liquibase. - master.changelog.json: migration/vault-schema.changelog-init.xml::1511451595465-58::R3.Corda: Index state_status_idx created
?[m?[37m[INFO] 11:12:10,834 [Test worker] liquibase. - master.changelog.json: migration/vault-schema.changelog-init.xml::1511451595465-58::R3.Corda: ChangeSet migration/vault-schema.changelog-init.xml::1511451595465-58::R3.Corda ran successfully in 0ms
?[m?[37m[INFO] 11:12:10,834 [Test worker] liquibase. - master.changelog.json: migration/vault-schema.changelog-init.xml::1511451595465-59::R3.Corda: Index transaction_id_index created
?[m?[37m[INFO] 11:12:10,834 [Test worker] liquibase. - master.changelog.json: migration/vault-schema.changelog-init.xml::1511451595465-59::R3.Corda: ChangeSet migration/vault-schema.changelog-init.xml::1511451595465-59::R3.Corda ran successfully in 0ms
?[m?[37m[INFO] 11:12:10,835 [Test worker] liquibase. - master.changelog.json: migration/vault-schema.changelog-init.xml::1511451595465-60::R3.Corda: Index uuid_index created
?[m?[37m[INFO] 11:12:10,835 [Test worker] liquibase. - master.changelog.json: migration/vault-schema.changelog-init.xml::1511451595465-60::R3.Corda: ChangeSet migration/vault-schema.changelog-init.xml::1511451595465-60::R3.Corda ran successfully in 0ms
?[m?[37m[INFO] 11:12:10,836 [Test worker] liquibase. - master.changelog.json: migration/vault-schema.changelog-init.xml::1511451595465-64::R3.Corda: Foreign key constraint added to vault_fungible_states_parts (output_index,transaction_id)
?[m?[37m[INFO] 11:12:10,836 [Test worker] liquibase. - master.changelog.json: migration/vault-schema.changelog-init.xml::1511451595465-64::R3.Corda: ChangeSet migration/vault-schema.changelog-init.xml::1511451595465-64::R3.Corda ran successfully in 1ms
?[m?[37m[INFO] 11:12:10,837 [Test worker] liquibase. - master.changelog.json: migration/vault-schema.changelog-init.xml::1511451595465-65::R3.Corda: Foreign key constraint added to vault_linear_states_parts (output_index,transaction_id)
?[m?[37m[INFO] 11:12:10,837 [Test worker] liquibase. - master.changelog.json: migration/vault-schema.changelog-init.xml::1511451595465-65::R3.Corda: ChangeSet migration/vault-schema.changelog-init.xml::1511451595465-65::R3.Corda ran successfully in 0ms
?[m?[37m[INFO] 11:12:10,838 [Test worker] liquibase. - master.changelog.json: migration/vault-schema.changelog-v3.xml::clean_vault::R3.Corda: Data deleted from vault_fungible_states_parts
?[m?[37m[INFO] 11:12:10,838 [Test worker] liquibase. - master.changelog.json: migration/vault-schema.changelog-v3.xml::clean_vault::R3.Corda: Data deleted from vault_fungible_states
?[m?[37m[INFO] 11:12:10,838 [Test worker] liquibase. - master.changelog.json: migration/vault-schema.changelog-v3.xml::clean_vault::R3.Corda: Data deleted from vault_linear_states_parts
?[m?[37m[INFO] 11:12:10,838 [Test worker] liquibase. - master.changelog.json: migration/vault-schema.changelog-v3.xml::clean_vault::R3.Corda: Data deleted from vault_linear_states
?[m?[37m[INFO] 11:12:10,838 [Test worker] liquibase. - master.changelog.json: migration/vault-schema.changelog-v3.xml::clean_vault::R3.Corda: Data deleted from vault_states
?[m?[37m[INFO] 11:12:10,838 [Test worker] liquibase. - master.changelog.json: migration/vault-schema.changelog-v3.xml::clean_vault::R3.Corda: Data deleted from vault_transaction_notes
?[m?[37m[INFO] 11:12:10,838 [Test worker] liquibase. - master.changelog.json: migration/vault-schema.changelog-v3.xml::clean_vault::R3.Corda: ChangeSet migration/vault-schema.changelog-v3.xml::clean_vault::R3.Corda ran successfully in 0ms
?[m?[37m[INFO] 11:12:10,839 [Test worker] liquibase. - master.changelog.json: migration/vault-schema.changelog-v4.xml::nullability::R3.Corda: Null constraint has been added to vault_fungible_states.quantity
?[m?[37m[INFO] 11:12:10,839 [Test worker] liquibase. - master.changelog.json: migration/vault-schema.changelog-v4.xml::nullability::R3.Corda: Null constraint has been added to vault_states.contract_state_class_name
?[m?[37m[INFO] 11:12:10,839 [Test worker] liquibase. - master.changelog.json: migration/vault-schema.changelog-v4.xml::nullability::R3.Corda: Null constraint has been added to vault_states.notary_name
?[m?[37m[INFO] 11:12:10,839 [Test worker] liquibase. - master.changelog.json: migration/vault-schema.changelog-v4.xml::nullability::R3.Corda: Null constraint has been added to vault_states.recorded_timestamp
?[m?[37m[INFO] 11:12:10,839 [Test worker] liquibase. - master.changelog.json: migration/vault-schema.changelog-v4.xml::nullability::R3.Corda: Index state_status_idx dropped from table vault_states
?[m?[37m[INFO] 11:12:10,839 [Test worker] liquibase. - master.changelog.json: migration/vault-schema.changelog-v4.xml::nullability::R3.Corda: Index lock_id_idx dropped from table vault_states
?[m?[37m[INFO] 11:12:10,839 [Test worker] liquibase. - master.changelog.json: migration/vault-schema.changelog-v4.xml::nullability::R3.Corda: Null constraint has been added to vault_states.state_status
?[m?[37m[INFO] 11:12:10,839 [Test worker] liquibase. - master.changelog.json: migration/vault-schema.changelog-v4.xml::nullability::R3.Corda: Index state_status_idx created
?[m?[37m[INFO] 11:12:10,840 [Test worker] liquibase. - master.changelog.json: migration/vault-schema.changelog-v4.xml::nullability::R3.Corda: Index lock_id_idx created
?[m?[37m[INFO] 11:12:10,840 [Test worker] liquibase. - master.changelog.json: migration/vault-schema.changelog-v4.xml::nullability::R3.Corda: Index transaction_id_index dropped from table vault_transaction_notes
?[m?[37m[INFO] 11:12:10,840 [Test worker] liquibase. - master.changelog.json: migration/vault-schema.changelog-v4.xml::nullability::R3.Corda: Null constraint has been added to vault_transaction_notes.note
?[m?[37m[INFO] 11:12:10,840 [Test worker] liquibase. - master.changelog.json: migration/vault-schema.changelog-v4.xml::nullability::R3.Corda: Null constraint has been added to vault_transaction_notes.transaction_id
?[m?[37m[INFO] 11:12:10,840 [Test worker] liquibase. - master.changelog.json: migration/vault-schema.changelog-v4.xml::nullability::R3.Corda: Index transaction_id_index created
?[m?[37m[INFO] 11:12:10,840 [Test worker] liquibase. - master.changelog.json: migration/vault-schema.changelog-v4.xml::nullability::R3.Corda: ChangeSet migration/vault-schema.changelog-v4.xml::nullability::R3.Corda ran successfully in 1ms
?[m?[37m[INFO] 11:12:10,845 [Test worker] liquibase. - master.changelog.json: migration/vault-schema.changelog-v5.xml::add_relevancy_status_column::R3.Corda: Columns relevancy_status(INT) added to vault_states
?[m?[37m[INFO] 11:12:10,845 [Test worker] liquibase. - master.changelog.json: migration/vault-schema.changelog-v5.xml::add_relevancy_status_column::R3.Corda: Data updated in vault_states
?[m?[37m[INFO] 11:12:10,845 [Test worker] liquibase. - master.changelog.json: migration/vault-schema.changelog-v5.xml::add_relevancy_status_column::R3.Corda: Null constraint has been added to vault_states.relevancy_status
?[m?[37m[INFO] 11:12:10,845 [Test worker] liquibase. - master.changelog.json: migration/vault-schema.changelog-v5.xml::add_relevancy_status_column::R3.Corda: ChangeSet migration/vault-schema.changelog-v5.xml::add_relevancy_status_column::R3.Corda ran successfully in 2ms
?[m?[37m[INFO] 11:12:10,847 [Test worker] liquibase. - master.changelog.json: migration/vault-schema.changelog-v6.xml::add_is_constraint_information_columns::R3.Corda: Columns constraint_type(INT) added to vault_states
?[m?[37m[INFO] 11:12:10,848 [Test worker] liquibase. - master.changelog.json: migration/vault-schema.changelog-v6.xml::add_is_constraint_information_columns::R3.Corda: Columns constraint_data(varbinary(563)) added to vault_states
?[m?[37m[INFO] 11:12:10,848 [Test worker] liquibase. - master.changelog.json: migration/vault-schema.changelog-v6.xml::add_is_constraint_information_columns::R3.Corda: ChangeSet migration/vault-schema.changelog-v6.xml::add_is_constraint_information_columns::R3.Corda ran successfully in 3ms
?[m?[37m[INFO] 11:12:10,849 [Test worker] liquibase. - master.changelog.json: migration/vault-schema.changelog-v7.xml::make_issuer_ref_nullable::R3.Corda: Null constraint dropped from vault_fungible_states.issuer_ref
?[m?[37m[INFO] 11:12:10,849 [Test worker] liquibase. - master.changelog.json: migration/vault-schema.changelog-v7.xml::make_issuer_ref_nullable::R3.Corda: ChangeSet migration/vault-schema.changelog-v7.xml::make_issuer_ref_nullable::R3.Corda ran successfully in 0ms
?[m?[37m[INFO] 11:12:10,850 [Test worker] liquibase. - master.changelog.json: migration/vault-schema.changelog-v8.xml::create-external-id-to-state-party-view::R3.Corda: Table state_party created
?[m?[37m[INFO] 11:12:10,850 [Test worker] liquibase. - master.changelog.json: migration/vault-schema.changelog-v8.xml::create-external-id-to-state-party-view::R3.Corda: Index state_pk_hash_idx created
?[m?[37m[INFO] 11:12:10,850 [Test worker] liquibase. - master.changelog.json: migration/vault-schema.changelog-v8.xml::create-external-id-to-state-party-view::R3.Corda: Table pk_hash_to_ext_id_map created
?[m?[37m[INFO] 11:12:10,850 [Test worker] liquibase. - master.changelog.json: migration/vault-schema.changelog-v8.xml::create-external-id-to-state-party-view::R3.Corda: Index pk_hash_to_xid_idx created
?[m?[37m[INFO] 11:12:10,851 [Test worker] liquibase. - master.changelog.json: migration/vault-schema.changelog-v8.xml::create-external-id-to-state-party-view::R3.Corda: View v_pkey_hash_ex_id_map created
?[m?[37m[INFO] 11:12:10,851 [Test worker] liquibase. - master.changelog.json: migration/vault-schema.changelog-v8.xml::create-external-id-to-state-party-view::R3.Corda: ChangeSet migration/vault-schema.changelog-v8.xml::create-external-id-to-state-party-view::R3.Corda ran successfully in 2ms
?[m?[37m[INFO] 11:12:10,852 [Test worker] liquibase. - master.changelog.json: migration/node-info.changelog-init.xml::1511451595465-4::R3.Corda: Table node_link_nodeinfo_party created
?[m?[37m[INFO] 11:12:10,852 [Test worker] liquibase. - master.changelog.json: migration/node-info.changelog-init.xml::1511451595465-4::R3.Corda: ChangeSet migration/node-info.changelog-init.xml::1511451595465-4::R3.Corda ran successfully in 0ms
?[m?[37m[INFO] 11:12:10,853 [Test worker] liquibase. - master.changelog.json: migration/node-info.changelog-init.xml::1511451595465-10::R3.Corda: Table node_info_hosts created
?[m?[37m[INFO] 11:12:10,853 [Test worker] liquibase. - master.changelog.json: migration/node-info.changelog-init.xml::1511451595465-10::R3.Corda: ChangeSet migration/node-info.changelog-init.xml::1511451595465-10::R3.Corda ran successfully in 1ms
?[m?[37m[INFO] 11:12:10,854 [Test worker] liquibase. - master.changelog.json: migration/node-info.changelog-init.xml::1511451595465-11::R3.Corda: Table node_info_party_cert created
?[m?[37m[INFO] 11:12:10,854 [Test worker] liquibase. - master.changelog.json: migration/node-info.changelog-init.xml::1511451595465-11::R3.Corda: ChangeSet migration/node-info.changelog-init.xml::1511451595465-11::R3.Corda ran successfully in 0ms
?[m?[37m[INFO] 11:12:10,855 [Test worker] liquibase. - master.changelog.json: migration/node-info.changelog-init.xml::1511451595465-12::R3.Corda: Table node_infos created
?[m?[37m[INFO] 11:12:10,855 [Test worker] liquibase. - master.changelog.json: migration/node-info.changelog-init.xml::1511451595465-12::R3.Corda: ChangeSet migration/node-info.changelog-init.xml::1511451595465-12::R3.Corda ran successfully in 0ms
?[m?[37m[INFO] 11:12:10,856 [Test worker] liquibase. - master.changelog.json: migration/node-info.changelog-init.xml::1511451595465-35::R3.Corda: Primary key added to node_info_hosts (host, port)
?[m?[37m[INFO] 11:12:10,856 [Test worker] liquibase. - master.changelog.json: migration/node-info.changelog-init.xml::1511451595465-35::R3.Corda: ChangeSet migration/node-info.changelog-init.xml::1511451595465-35::R3.Corda ran successfully in 0ms
?[m?[37m[INFO] 11:12:10,857 [Test worker] liquibase. - master.changelog.json: migration/node-info.changelog-init.xml::1511451595465-36::R3.Corda: Primary key added to node_info_party_cert (party_name)
?[m?[37m[INFO] 11:12:10,857 [Test worker] liquibase. - master.changelog.json: migration/node-info.changelog-init.xml::1511451595465-36::R3.Corda: ChangeSet migration/node-info.changelog-init.xml::1511451595465-36::R3.Corda ran successfully in 0ms
?[m?[37m[INFO] 11:12:10,858 [Test worker] liquibase. - master.changelog.json: migration/node-info.changelog-init.xml::1511451595465-37::R3.Corda: Primary key added to node_infos (node_info_id)
?[m?[37m[INFO] 11:12:10,858 [Test worker] liquibase. - master.changelog.json: migration/node-info.changelog-init.xml::1511451595465-37::R3.Corda: ChangeSet migration/node-info.changelog-init.xml::1511451595465-37::R3.Corda ran successfully in 1ms
?[m?[37m[INFO] 11:12:10,859 [Test worker] liquibase. - master.changelog.json: migration/node-info.changelog-init.xml::1511451595465-62::R3.Corda: Foreign key constraint added to node_link_nodeinfo_party (node_info_id)
?[m?[37m[INFO] 11:12:10,859 [Test worker] liquibase. - master.changelog.json: migration/node-info.changelog-init.xml::1511451595465-62::R3.Corda: ChangeSet migration/node-info.changelog-init.xml::1511451595465-62::R3.Corda ran successfully in 1ms
?[m?[37m[INFO] 11:12:10,861 [Test worker] liquibase. - master.changelog.json: migration/node-info.changelog-init.xml::1511451595465-63::R3.Corda: Foreign key constraint added to node_info_hosts (node_info_id)
?[m?[37m[INFO] 11:12:10,861 [Test worker] liquibase. - master.changelog.json: migration/node-info.changelog-init.xml::1511451595465-63::R3.Corda: ChangeSet migration/node-info.changelog-init.xml::1511451595465-63::R3.Corda ran successfully in 1ms
?[m?[37m[INFO] 11:12:10,862 [Test worker] liquibase. - master.changelog.json: migration/node-info.changelog-init.xml::remove_host_port_pk::R3.Corda: Data deleted from node_infos
?[m?[37m[INFO] 11:12:10,862 [Test worker] liquibase. - master.changelog.json: migration/node-info.changelog-init.xml::remove_host_port_pk::R3.Corda: Data deleted from node_link_nodeinfo_party
?[m?[37m[INFO] 11:12:10,862 [Test worker] liquibase. - master.changelog.json: migration/node-info.changelog-init.xml::remove_host_port_pk::R3.Corda: Data deleted from node_info_hosts
?[m?[37m[INFO] 11:12:10,862 [Test worker] liquibase. - master.changelog.json: migration/node-info.changelog-init.xml::remove_host_port_pk::R3.Corda: Data deleted from node_info_party_cert
?[m?[37m[INFO] 11:12:10,862 [Test worker] liquibase. - master.changelog.json: migration/node-info.changelog-init.xml::remove_host_port_pk::R3.Corda: Primary key dropped from node_info_hosts
?[m?[37m[INFO] 11:12:10,863 [Test worker] liquibase. - master.changelog.json: migration/node-info.changelog-init.xml::remove_host_port_pk::R3.Corda: Columns hosts_id(INT) added to node_info_hosts
?[m?[37m[INFO] 11:12:10,863 [Test worker] liquibase. - master.changelog.json: migration/node-info.changelog-init.xml::remove_host_port_pk::R3.Corda: Primary key added to node_info_hosts (hosts_id)
?[m?[37m[INFO] 11:12:10,863 [Test worker] liquibase. - master.changelog.json: migration/node-info.changelog-init.xml::remove_host_port_pk::R3.Corda: ChangeSet migration/node-info.changelog-init.xml::remove_host_port_pk::R3.Corda ran successfully in 1ms
?[m?[37m[INFO] 11:12:10,864 [Test worker] liquibase. - master.changelog.json: migration/node-info.changelog-v1.xml::key/value node properties table::R3.Corda: Table node_properties created
?[m?[37m[INFO] 11:12:10,864 [Test worker] liquibase. - master.changelog.json: migration/node-info.changelog-v1.xml::key/value node properties table::R3.Corda: ChangeSet migration/node-info.changelog-v1.xml::key/value node properties table::R3.Corda ran successfully in 0ms
?[m?[37m[INFO] 11:12:10,865 [Test worker] liquibase. - master.changelog.json: migration/node-info.changelog-v2.xml::1525962920::R3.Corda: Null constraint has been added to node_infos.node_info_hash
?[m?[37m[INFO] 11:12:10,865 [Test worker] liquibase. - master.changelog.json: migration/node-info.changelog-v2.xml::1525962920::R3.Corda: Null constraint has been added to node_infos.platform_version
?[m?[37m[INFO] 11:12:10,865 [Test worker] liquibase. - master.changelog.json: migration/node-info.changelog-v2.xml::1525962920::R3.Corda: Null constraint has been added to node_infos.serial
?[m?[37m[INFO] 11:12:10,865 [Test worker] liquibase. - master.changelog.json: migration/node-info.changelog-v2.xml::1525962920::R3.Corda: Null constraint dropped from node_info_hosts.host
?[m?[37m[INFO] 11:12:10,866 [Test worker] liquibase. - master.changelog.json: migration/node-info.changelog-v2.xml::1525962920::R3.Corda: Null constraint dropped from node_info_hosts.port
?[m?[37m[INFO] 11:12:10,866 [Test worker] liquibase. - master.changelog.json: migration/node-info.changelog-v2.xml::1525962920::R3.Corda: Null constraint has been added to node_info_party_cert.owning_key_hash
?[m?[37m[INFO] 11:12:10,866 [Test worker] liquibase. - master.changelog.json: migration/node-info.changelog-v2.xml::1525962920::R3.Corda: Null constraint has been added to node_info_party_cert.party_cert_binary
?[m?[37m[INFO] 11:12:10,866 [Test worker] liquibase. - master.changelog.json: migration/node-info.changelog-v2.xml::1525962920::R3.Corda: ChangeSet migration/node-info.changelog-v2.xml::1525962920::R3.Corda ran successfully in 1ms
?[m?[37m[INFO] 11:12:10,867 [Test worker] liquibase. - master.changelog.json: migration/node-info.changelog-v3.xml::column_host_name::R3.Corda: Column node_info_hosts.host renamed to host_name
?[m?[37m[INFO] 11:12:10,867 [Test worker] liquibase. - master.changelog.json: migration/node-info.changelog-v3.xml::column_host_name::R3.Corda: ChangeSet migration/node-info.changelog-v3.xml::column_host_name::R3.Corda ran successfully in 0ms
?[m?[37m[INFO] 11:12:10,868 [Test worker] liquibase. - master.changelog.json: migration/node-services.changelog-init.xml::1511451595465-5::R3.Corda: Table node_attachments created
?[m?[37m[INFO] 11:12:10,868 [Test worker] liquibase. - master.changelog.json: migration/node-services.changelog-init.xml::1511451595465-5::R3.Corda: ChangeSet migration/node-services.changelog-init.xml::1511451595465-5::R3.Corda ran successfully in 0ms
?[m?[37m[INFO] 11:12:10,869 [Test worker] liquibase. - master.changelog.json: migration/node-services.changelog-init.xml::1511451595465-7::R3.Corda: Table node_checkpoints created
?[m?[37m[INFO] 11:12:10,869 [Test worker] liquibase. - master.changelog.json: migration/node-services.changelog-init.xml::1511451595465-7::R3.Corda: ChangeSet migration/node-services.changelog-init.xml::1511451595465-7::R3.Corda ran successfully in 1ms
?[m?[37m[INFO] 11:12:10,870 [Test worker] liquibase. - master.changelog.json: migration/node-services.changelog-init.xml::1511451595465-8::R3.Corda: Table node_contract_upgrades created
?[m?[37m[INFO] 11:12:10,870 [Test worker] liquibase. - master.changelog.json: migration/node-services.changelog-init.xml::1511451595465-8::R3.Corda: ChangeSet migration/node-services.changelog-init.xml::1511451595465-8::R3.Corda ran successfully in 1ms
?[m?[37m[INFO] 11:12:10,870 [Test worker] liquibase. - master.changelog.json: migration/node-services.changelog-init.xml::1511451595465-9::R3.Corda: Table node_identities created
?[m?[37m[INFO] 11:12:10,870 [Test worker] liquibase. - master.changelog.json: migration/node-services.changelog-init.xml::1511451595465-9::R3.Corda: ChangeSet migration/node-services.changelog-init.xml::1511451595465-9::R3.Corda ran successfully in 0ms
?[m?[37m[INFO] 11:12:10,871 [Test worker] liquibase. - master.changelog.json: migration/node-services.changelog-init.xml::1511451595465-13::R3.Corda: Table node_message_ids created
?[m?[37m[INFO] 11:12:10,871 [Test worker] liquibase. - master.changelog.json: migration/node-services.changelog-init.xml::1511451595465-13::R3.Corda: ChangeSet migration/node-services.changelog-init.xml::1511451595465-13::R3.Corda ran successfully in 0ms
?[m?[37m[INFO] 11:12:10,872 [Test worker] liquibase. - master.changelog.json: migration/node-services.changelog-init.xml::1511451595465-14::R3.Corda: Table node_message_retry created
?[m?[37m[INFO] 11:12:10,872 [Test worker] liquibase. - master.changelog.json: migration/node-services.changelog-init.xml::1511451595465-14::R3.Corda: ChangeSet migration/node-services.changelog-init.xml::1511451595465-14::R3.Corda ran successfully in 0ms
?[m?[37m[INFO] 11:12:10,873 [Test worker] liquibase. - master.changelog.json: migration/node-services.changelog-init.xml::1511451595465-15::R3.Corda: Table node_named_identities created
?[m?[37m[INFO] 11:12:10,873 [Test worker] liquibase. - master.changelog.json: migration/node-services.changelog-init.xml::1511451595465-15::R3.Corda: ChangeSet migration/node-services.changelog-init.xml::1511451595465-15::R3.Corda ran successfully in 0ms
?[m?[37m[INFO] 11:12:10,874 [Test worker] liquibase. - master.changelog.json: migration/node-services.changelog-init.xml::1511451595465-17::R3.Corda: Table node_our_key_pairs created
?[m?[37m[INFO] 11:12:10,874 [Test worker] liquibase. - master.changelog.json: migration/node-services.changelog-init.xml::1511451595465-17::R3.Corda: ChangeSet migration/node-services.changelog-init.xml::1511451595465-17::R3.Corda ran successfully in 0ms
?[m?[37m[INFO] 11:12:10,875 [Test worker] liquibase. - master.changelog.json: migration/node-services.changelog-init.xml::1511451595465-19::R3.Corda: Table node_scheduled_states created
?[m?[37m[INFO] 11:12:10,875 [Test worker] liquibase. - master.changelog.json: migration/node-services.changelog-init.xml::1511451595465-19::R3.Corda: ChangeSet migration/node-services.changelog-init.xml::1511451595465-19::R3.Corda ran successfully in 1ms
?[m?[37m[INFO] 11:12:10,876 [Test worker] liquibase. - master.changelog.json: migration/node-services.changelog-init.xml::1511451595465-20::R3.Corda: Table node_transaction_mappings created
?[m?[37m[INFO] 11:12:10,876 [Test worker] liquibase. - master.changelog.json: migration/node-services.changelog-init.xml::1511451595465-20::R3.Corda: ChangeSet migration/node-services.changelog-init.xml::1511451595465-20::R3.Corda ran successfully in 0ms
?[m?[37m[INFO] 11:12:10,877 [Test worker] liquibase. - master.changelog.json: migration/node-services.changelog-init.xml::1511451595465-21::R3.Corda: Table node_transactions created
?[m?[37m[INFO] 11:12:10,877 [Test worker] liquibase. - master.changelog.json: migration/node-services.changelog-init.xml::1511451595465-21::R3.Corda: ChangeSet migration/node-services.changelog-init.xml::1511451595465-21::R3.Corda ran successfully in 0ms
?[m?[37m[INFO] 11:12:10,878 [Test worker] liquibase. - master.changelog.json: migration/node-services.changelog-init.xml::1511451595465-30::R3.Corda: Primary key added to node_attachments (att_id)
?[m?[37m[INFO] 11:12:10,878 [Test worker] liquibase. - master.changelog.json: migration/node-services.changelog-init.xml::1511451595465-30::R3.Corda: ChangeSet migration/node-services.changelog-init.xml::1511451595465-30::R3.Corda ran successfully in 0ms
?[m?[37m[INFO] 11:12:10,879 [Test worker] liquibase. - master.changelog.json: migration/node-services.changelog-init.xml::1511451595465-32::R3.Corda: Primary key added to node_checkpoints (checkpoint_id)
?[m?[37m[INFO] 11:12:10,879 [Test worker] liquibase. - master.changelog.json: migration/node-services.changelog-init.xml::1511451595465-32::R3.Corda: ChangeSet migration/node-services.changelog-init.xml::1511451595465-32::R3.Corda ran successfully in 0ms
?[m?[37m[INFO] 11:12:10,880 [Test worker] liquibase. - master.changelog.json: migration/node-services.changelog-init.xml::1511451595465-33::R3.Corda: Primary key added to node_contract_upgrades (state_ref)
?[m?[37m[INFO] 11:12:10,880 [Test worker] liquibase. - master.changelog.json: migration/node-services.changelog-init.xml::1511451595465-33::R3.Corda: ChangeSet migration/node-services.changelog-init.xml::1511451595465-33::R3.Corda ran successfully in 0ms
?[m?[37m[INFO] 11:12:10,881 [Test worker] liquibase. - master.changelog.json: migration/node-services.changelog-init.xml::1511451595465-34::R3.Corda: Primary key added to node_identities (pk_hash)
?[m?[37m[INFO] 11:12:10,881 [Test worker] liquibase. - master.changelog.json: migration/node-services.changelog-init.xml::1511451595465-34::R3.Corda: ChangeSet migration/node-services.changelog-init.xml::1511451595465-34::R3.Corda ran successfully in 1ms
?[m?[37m[INFO] 11:12:10,882 [Test worker] liquibase. - master.changelog.json: migration/node-services.changelog-init.xml::1511451595465-38::R3.Corda: Primary key added to node_message_ids (message_id)
?[m?[37m[INFO] 11:12:10,882 [Test worker] liquibase. - master.changelog.json: migration/node-services.changelog-init.xml::1511451595465-38::R3.Corda: ChangeSet migration/node-services.changelog-init.xml::1511451595465-38::R3.Corda ran successfully in 1ms
?[m?[37m[INFO] 11:12:10,883 [Test worker] liquibase. - master.changelog.json: migration/node-services.changelog-init.xml::1511451595465-39::R3.Corda: Primary key added to node_message_retry (message_id)
?[m?[37m[INFO] 11:12:10,883 [Test worker] liquibase. - master.changelog.json: migration/node-services.changelog-init.xml::1511451595465-39::R3.Corda: ChangeSet migration/node-services.changelog-init.xml::1511451595465-39::R3.Corda ran successfully in 1ms
?[m?[37m[INFO] 11:12:10,884 [Test worker] liquibase. - master.changelog.json: migration/node-services.changelog-init.xml::1511451595465-40::R3.Corda: Primary key added to node_named_identities (name)
?[m?[37m[INFO] 11:12:10,884 [Test worker] liquibase. - master.changelog.json: migration/node-services.changelog-init.xml::1511451595465-40::R3.Corda: ChangeSet migration/node-services.changelog-init.xml::1511451595465-40::R3.Corda ran successfully in 1ms
?[m?[37m[INFO] 11:12:10,885 [Test worker] liquibase. - master.changelog.json: migration/node-services.changelog-init.xml::1511451595465-42::R3.Corda: Primary key added to node_our_key_pairs (public_key_hash)
?[m?[37m[INFO] 11:12:10,885 [Test worker] liquibase. - master.changelog.json: migration/node-services.changelog-init.xml::1511451595465-42::R3.Corda: ChangeSet migration/node-services.changelog-init.xml::1511451595465-42::R3.Corda ran successfully in 1ms
?[m?[37m[INFO] 11:12:10,886 [Test worker] liquibase. - master.changelog.json: migration/node-services.changelog-init.xml::1511451595465-44::R3.Corda: Primary key added to node_scheduled_states (output_index, transaction_id)
?[m?[37m[INFO] 11:12:10,886 [Test worker] liquibase. - master.changelog.json: migration/node-services.changelog-init.xml::1511451595465-44::R3.Corda: ChangeSet migration/node-services.changelog-init.xml::1511451595465-44::R3.Corda ran successfully in 1ms
?[m?[37m[INFO] 11:12:10,887 [Test worker] liquibase. - master.changelog.json: migration/node-services.changelog-init.xml::1511451595465-45::R3.Corda: Primary key added to node_transaction_mappings (tx_id)
?[m?[37m[INFO] 11:12:10,887 [Test worker] liquibase. - master.changelog.json: migration/node-services.changelog-init.xml::1511451595465-45::R3.Corda: ChangeSet migration/node-services.changelog-init.xml::1511451595465-45::R3.Corda ran successfully in 1ms
?[m?[37m[INFO] 11:12:10,887 [Test worker] liquibase. - master.changelog.json: migration/node-services.changelog-init.xml::1511451595465-46::R3.Corda: Primary key added to node_transactions (tx_id)
?[m?[37m[INFO] 11:12:10,887 [Test worker] liquibase. - master.changelog.json: migration/node-services.changelog-init.xml::1511451595465-46::R3.Corda: ChangeSet migration/node-services.changelog-init.xml::1511451595465-46::R3.Corda ran successfully in 0ms
?[m?[37m[INFO] 11:12:10,889 [Test worker] liquibase. - master.changelog.json: migration/node-services.changelog-init.xml::1511451595465-61::R3.Corda: Foreign key constraint added to node_link_nodeinfo_party (party_name)
?[m?[37m[INFO] 11:12:10,889 [Test worker] liquibase. - master.changelog.json: migration/node-services.changelog-init.xml::1511451595465-61::R3.Corda: ChangeSet migration/node-services.changelog-init.xml::1511451595465-61::R3.Corda ran successfully in 1ms
?[m?[37m[INFO] 11:12:10,890 [Test worker] liquibase. - master.changelog.json: migration/node-services.changelog-init.xml::add index att_id::R3.Corda: Index att_id_idx created
?[m?[37m[INFO] 11:12:10,890 [Test worker] liquibase. - master.changelog.json: migration/node-services.changelog-init.xml::add index att_id::R3.Corda: ChangeSet migration/node-services.changelog-init.xml::add index att_id::R3.Corda ran successfully in 1ms
?[m?[37m[INFO] 11:12:10,890 [Test worker] liquibase. - master.changelog.json: migration/node-services.changelog-init.xml::add_contract_attachment::R3.Corda: Table node_attchments_contracts created
?[m?[37m[INFO] 11:12:10,891 [Test worker] liquibase. - master.changelog.json: migration/node-services.changelog-init.xml::add_contract_attachment::R3.Corda: Foreign key constraint added to node_attchments_contracts (att_id)
?[m?[37m[INFO] 11:12:10,891 [Test worker] liquibase. - master.changelog.json: migration/node-services.changelog-init.xml::add_contract_attachment::R3.Corda: Data deleted from node_attachments
?[m?[37m[INFO] 11:12:10,891 [Test worker] liquibase. - master.changelog.json: migration/node-services.changelog-init.xml::add_contract_attachment::R3.Corda: ChangeSet migration/node-services.changelog-init.xml::add_contract_attachment::R3.Corda ran successfully in 1ms
?[m?[37m[INFO] 11:12:10,895 [Test worker] liquibase. - master.changelog.json: migration/node-services.changelog-init.xml::add_dedup_columns::R3.Corda: Columns sender(NVARCHAR(64)),sequence_number(BIGINT) added to node_message_ids
?[m?[37m[INFO] 11:12:10,895 [Test worker] liquibase. - master.changelog.json: migration/node-services.changelog-init.xml::add_dedup_columns::R3.Corda: ChangeSet migration/node-services.changelog-init.xml::add_dedup_columns::R3.Corda ran successfully in 3ms
?[m?[37m[INFO] 11:12:10,896 [Test worker] liquibase. - master.changelog.json: migration/node-core.changelog-v4.xml::attchments_rename::R3.Corda: Table node_attchments_contracts renamed to node_attachments_contracts
?[m?[37m[INFO] 11:12:10,896 [Test worker] liquibase. - master.changelog.json: migration/node-core.changelog-v4.xml::attchments_rename::R3.Corda: ChangeSet migration/node-core.changelog-v4.xml::attchments_rename::R3.Corda ran successfully in 0ms
?[m?[37m[INFO] 11:12:10,897 [Test worker] liquibase. - master.changelog.json: migration/node-core.changelog-v4.xml::nullability::R3.Corda: Null constraint has been added to node_identities.identity_value
?[m?[37m[INFO] 11:12:10,897 [Test worker] liquibase. - master.changelog.json: migration/node-core.changelog-v4.xml::nullability::R3.Corda: Null constraint has been added to node_attachments.content
?[m?[37m[INFO] 11:12:10,897 [Test worker] liquibase. - master.changelog.json: migration/node-core.changelog-v4.xml::nullability::R3.Corda: Null constraint has been added to node_attachments_contracts.contract_class_name
?[m?[37m[INFO] 11:12:10,897 [Test worker] liquibase. - master.changelog.json: migration/node-core.changelog-v4.xml::nullability::R3.Corda: Null constraint has been added to node_checkpoints.checkpoint_value
?[m?[37m[INFO] 11:12:10,897 [Test worker] liquibase. - master.changelog.json: migration/node-core.changelog-v4.xml::nullability::R3.Corda: Null constraint has been added to node_contract_upgrades.contract_class_name
?[m?[37m[INFO] 11:12:10,897 [Test worker] liquibase. - master.changelog.json: migration/node-core.changelog-v4.xml::nullability::R3.Corda: Null constraint has been added to node_message_ids.insertion_time
?[m?[37m[INFO] 11:12:10,898 [Test worker] liquibase. - master.changelog.json: migration/node-core.changelog-v4.xml::nullability::R3.Corda: Null constraint has been added to node_message_retry.message
?[m?[37m[INFO] 11:12:10,898 [Test worker] liquibase. - master.changelog.json: migration/node-core.changelog-v4.xml::nullability::R3.Corda: Null constraint has been added to node_message_retry.recipients
?[m?[37m[INFO] 11:12:10,898 [Test worker] liquibase. - master.changelog.json: migration/node-core.changelog-v4.xml::nullability::R3.Corda: Null constraint has been added to node_named_identities.pk_hash
?[m?[37m[INFO] 11:12:10,898 [Test worker] liquibase. - master.changelog.json: migration/node-core.changelog-v4.xml::nullability::R3.Corda: Null constraint has been added to node_our_key_pairs.private_key
?[m?[37m[INFO] 11:12:10,899 [Test worker] liquibase. - master.changelog.json: migration/node-core.changelog-v4.xml::nullability::R3.Corda: Null constraint has been added to node_our_key_pairs.public_key
?[m?[37m[INFO] 11:12:10,899 [Test worker] liquibase. - master.changelog.json: migration/node-core.changelog-v4.xml::nullability::R3.Corda: Null constraint has been added to node_transaction_mappings.state_machine_run_id
?[m?[37m[INFO] 11:12:10,899 [Test worker] liquibase. - master.changelog.json: migration/node-core.changelog-v4.xml::nullability::R3.Corda: Null constraint has been added to node_transactions.transaction_value
?[m?[37m[INFO] 11:12:10,899 [Test worker] liquibase. - master.changelog.json: migration/node-core.changelog-v4.xml::nullability::R3.Corda: ChangeSet migration/node-core.changelog-v4.xml::nullability::R3.Corda ran successfully in 2ms
?[m?[37m[INFO] 11:12:10,900 [Test worker] liquibase. - master.changelog.json: migration/node-core.changelog-v5.xml::remove_unused_node_message_retry::R3.Corda: Table node_message_retry dropped
?[m?[37m[INFO] 11:12:10,900 [Test worker] liquibase. - master.changelog.json: migration/node-core.changelog-v5.xml::remove_unused_node_message_retry::R3.Corda: ChangeSet migration/node-core.changelog-v5.xml::remove_unused_node_message_retry::R3.Corda ran successfully in 0ms
?[m?[37m[INFO] 11:12:10,915 [Test worker] liquibase. - master.changelog.json: migration/node-core.changelog-v8.xml::conditional_attchments_rename::R3.Corda: Marking ChangeSet: migration/node-core.changelog-v8.xml::conditional_attchments_rename::R3.Corda ran despite precondition failure due to onFail='MARK_RAN': 
          master.changelog.json : Table PUBLIC.NODE_ATTCHMENTS_CONTRACTS does not exist

?[m?[37m[INFO] 11:12:10,923 [Test worker] liquibase. - master.changelog.json: migration/node-core.changelog-v8.xml::conditional_attchments_contracts::R3.Corda: Marking ChangeSet: migration/node-core.changelog-v8.xml::conditional_attchments_contracts::R3.Corda ran despite precondition failure due to onFail='MARK_RAN': 
          master.changelog.json : Table PUBLIC.NODE_ATTACHMENTS_CONTRACT_CLASS_NAME does not exist

?[m?[37m[INFO] 11:12:10,924 [Test worker] liquibase. - master.changelog.json: migration/node-core.changelog-v8.xml::add_signers::R3.Corda: Table node_attachments_signers created
?[m?[37m[INFO] 11:12:10,925 [Test worker] liquibase. - master.changelog.json: migration/node-core.changelog-v8.xml::add_signers::R3.Corda: Foreign key constraint added to node_attachments_signers (att_id)
?[m?[37m[INFO] 11:12:10,925 [Test worker] liquibase. - master.changelog.json: migration/node-core.changelog-v8.xml::add_signers::R3.Corda: ChangeSet migration/node-core.changelog-v8.xml::add_signers::R3.Corda ran successfully in 1ms
?[m?[37m[INFO] 11:12:10,927 [Test worker] liquibase. - master.changelog.json: migration/node-core.changelog-tx-mapping.xml::add_tx_mapping_column::R3.Corda: Columns state_machine_run_id(NVARCHAR(36)) added to node_transactions
?[m?[37m[INFO] 11:12:10,927 [Test worker] liquibase. - master.changelog.json: migration/node-core.changelog-tx-mapping.xml::add_tx_mapping_column::R3.Corda: Custom SQL executed
?[m?[37m[INFO] 11:12:10,927 [Test worker] liquibase. - master.changelog.json: migration/node-core.changelog-tx-mapping.xml::add_tx_mapping_column::R3.Corda: Table node_transaction_mappings dropped
?[m?[37m[INFO] 11:12:10,927 [Test worker] liquibase. - master.changelog.json: migration/node-core.changelog-tx-mapping.xml::add_tx_mapping_column::R3.Corda: ChangeSet migration/node-core.changelog-tx-mapping.xml::add_tx_mapping_column::R3.Corda ran successfully in 2ms
?[m?[37m[INFO] 11:12:10,928 [Test worker] liquibase. - master.changelog.json: migration/node-services.changelog-init.xml::add_network_parameters_storage::R3.Corda: Table node_network_parameters created
?[m?[37m[INFO] 11:12:10,928 [Test worker] liquibase. - master.changelog.json: migration/node-services.changelog-init.xml::add_network_parameters_storage::R3.Corda: ChangeSet migration/node-services.changelog-init.xml::add_network_parameters_storage::R3.Corda ran successfully in 0ms
?[m?[37m[INFO] 11:12:10,929 [Test worker] liquibase. - master.changelog.json: migration/node-services.changelog-init.xml::network_parameters_pk::R3.Corda: Primary key added to node_network_parameters (hash)
?[m?[37m[INFO] 11:12:10,929 [Test worker] liquibase. - master.changelog.json: migration/node-services.changelog-init.xml::network_parameters_pk::R3.Corda: ChangeSet migration/node-services.changelog-init.xml::network_parameters_pk::R3.Corda ran successfully in 0ms
?[m?[37m[INFO] 11:12:10,931 [Test worker] liquibase. - master.changelog.json: migration/node-services.changelog-init.xml::add_version_column::R3.Corda: Columns version(INT) added to node_attachments
?[m?[37m[INFO] 11:12:10,931 [Test worker] liquibase. - master.changelog.json: migration/node-services.changelog-init.xml::add_version_column::R3.Corda: Custom SQL executed
?[m?[37m[INFO] 11:12:10,931 [Test worker] liquibase. - master.changelog.json: migration/node-services.changelog-init.xml::add_version_column::R3.Corda: Null constraint has been added to node_attachments.version
?[m?[37m[INFO] 11:12:10,931 [Test worker] liquibase. - master.changelog.json: migration/node-services.changelog-init.xml::add_version_column::R3.Corda: ChangeSet migration/node-services.changelog-init.xml::add_version_column::R3.Corda ran successfully in 2ms
?[m?[37m[INFO] 11:12:10,932 [Test worker] persistence.AttachmentVersionNumberMigration. - Start executing...
?[m?[37m[INFO] 11:12:10,933 [Test worker] persistence.AttachmentVersionNumberMigration. - Attachment version creation from whitelisted JARs using network parameters from build/mock-network/20190407-151209.941/nodes/1/network-parameters, whitelistedContractImplementations: {}.
?[m?[37m[INFO] 11:12:10,933 [Test worker] persistence.AttachmentVersionNumberMigration. - Attachment version creation from whitelisted JARs skipped, no attachments not found.
?[m?[37m[INFO] 11:12:10,933 [Test worker] liquibase. - master.changelog.json: migration/node-services.changelog-init.xml::update-version-of-whitelisted-jars::R3.Corda: null
?[m?[37m[INFO] 11:12:10,933 [Test worker] liquibase. - master.changelog.json: migration/node-services.changelog-init.xml::update-version-of-whitelisted-jars::R3.Corda: ChangeSet migration/node-services.changelog-init.xml::update-version-of-whitelisted-jars::R3.Corda ran successfully in 1ms
?[m?[37m[INFO] 11:12:10,934 [Test worker] migration.VaultStateMigration. - Migrating vault state data to V4 tables
?[m?[37m[INFO] 11:12:10,935 [Test worker] persistence.HibernateConfiguration. - Init HibernateConfiguration for schemas: [VaultMigrationSchemaV1(name=net.corda.node.migration.VaultMigrationSchema, version=1), VaultSchemaV1(name=net.corda.node.services.vault.VaultSchema, version=1)]
?[m?[37m[INFO] 11:12:10,935 [Test worker] persistence.HibernateConfiguration. - Creating session factory for schemas: [VaultMigrationSchemaV1(name=net.corda.node.migration.VaultMigrationSchema, version=1), VaultSchemaV1(name=net.corda.node.services.vault.VaultSchema, version=1)]
?[m?[37m[INFO] 11:12:10,939 [Test worker] internal.ConnectionProviderInitiator. - HHH000130: Instantiating explicit connection provider: net.corda.nodeapi.internal.persistence.HibernateConfiguration$NodeDatabaseConnectionProvider
?[m?[37m[INFO] 11:12:10,939 [Test worker] dialect.Dialect. - HHH000400: Using dialect: org.hibernate.dialect.H2Dialect
?[m?[37m[INFO] 11:12:10,941 [Test worker] type.BasicTypeRegistry. - HHH000270: Type registration [materialized_blob] overrides previous : org.hibernate.type.MaterializedBlobType@13ae4c5f
?[m?[37m[INFO] 11:12:10,965 [Test worker] connections.access. - HHH10001501: Connection obtained from JdbcConnectionAccess [org.hibernate.engine.jdbc.env.internal.JdbcEnvironmentInitiator$ConnectionProviderJdbcConnectionAccess@23806f95] for (non-JTA) DDL execution was not in auto-commit mode; the Connection 'local transaction' will be committed and the Connection will be set into auto-commit mode.
?[m?[37m[INFO] 11:12:10,988 [Test worker] persistence.HibernateConfiguration. - Created session factory for schemas: [VaultMigrationSchemaV1(name=net.corda.node.migration.VaultMigrationSchema, version=1), VaultSchemaV1(name=net.corda.node.services.vault.VaultSchema, version=1)]
?[m?[37m[INFO] 11:12:10,988 [Test worker] internal.QueryTranslatorFactoryInitiator. - HHH000397: Using ASTQueryTranslatorFactory
?[m?[37m[INFO] 11:12:10,997 [Test worker] migration.VaultStateMigration. - Finished performing vault state data migration for 0 states
?[m?[37m[INFO] 11:12:10,997 [Test worker] liquibase. - master.changelog.json: migration/vault-schema.changelog-v9.xml::update-vault-states::R3.Corda: null
?[m?[37m[INFO] 11:12:10,997 [Test worker] liquibase. - master.changelog.json: migration/vault-schema.changelog-v9.xml::update-vault-states::R3.Corda: ChangeSet migration/vault-schema.changelog-v9.xml::update-vault-states::R3.Corda ran successfully in 63ms
?[m?[37m[INFO] 11:12:10,998 [Test worker] liquibase. - Successfully released change log lock
?[m?[37m[INFO] 11:12:10,998 [Test worker] internal.InternalMockNetwork$MockNode. - Connected to H2 database.
?[m?[37m[INFO] 11:12:10,999 [Test worker] internal.InternalMockNetwork$MockNode. - identity-private-key not found in key store, generating fresh key!
?[m?[37m[INFO] 11:12:11,011 [Test worker] persistence.HibernateConfiguration. - Init HibernateConfiguration for schemas: [CommonSchemaV1(name=net.corda.core.schemas.CommonSchema, version=1), VaultSchemaV1(name=net.corda.node.services.vault.VaultSchema, version=1), NodeInfoSchemaV1(name=net.corda.node.internal.schemas.NodeInfoSchema, version=1), NodeCoreV1(name=net.corda.node.services.schema.NodeSchemaService$NodeCore, version=1), FNOLSchemaV1(name=com.example.schema.FNOLSchema, version=1), IOUSchemaV1(name=com.example.schema.IOUSchema, version=1)]
?[m?[37m[INFO] 11:12:11,011 [Test worker] persistence.HibernateConfiguration. - Creating session factory for schemas: [CommonSchemaV1(name=net.corda.core.schemas.CommonSchema, version=1), VaultSchemaV1(name=net.corda.node.services.vault.VaultSchema, version=1), NodeInfoSchemaV1(name=net.corda.node.internal.schemas.NodeInfoSchema, version=1), NodeCoreV1(name=net.corda.node.services.schema.NodeSchemaService$NodeCore, version=1), FNOLSchemaV1(name=com.example.schema.FNOLSchema, version=1), IOUSchemaV1(name=com.example.schema.IOUSchema, version=1)]
?[m?[37m[INFO] 11:12:11,017 [Test worker] internal.ConnectionProviderInitiator. - HHH000130: Instantiating explicit connection provider: net.corda.nodeapi.internal.persistence.HibernateConfiguration$NodeDatabaseConnectionProvider
?[m?[37m[INFO] 11:12:11,017 [Test worker] dialect.Dialect. - HHH000400: Using dialect: org.hibernate.dialect.H2Dialect
?[m?[37m[INFO] 11:12:11,020 [Test worker] type.BasicTypeRegistry. - HHH000270: Type registration [materialized_blob] overrides previous : org.hibernate.type.MaterializedBlobType@13ae4c5f
?[m?[37m[INFO] 11:12:11,070 [Test worker] connections.access. - HHH10001501: Connection obtained from JdbcConnectionAccess [org.hibernate.engine.jdbc.env.internal.JdbcEnvironmentInitiator$ConnectionProviderJdbcConnectionAccess@37546e97] for (non-JTA) DDL execution was not in auto-commit mode; the Connection 'local transaction' will be committed and the Connection will be set into auto-commit mode.
?[m?[37m[INFO] 11:12:11,111 [Test worker] persistence.HibernateConfiguration. - Created session factory for schemas: [CommonSchemaV1(name=net.corda.core.schemas.CommonSchema, version=1), VaultSchemaV1(name=net.corda.node.services.vault.VaultSchema, version=1), NodeInfoSchemaV1(name=net.corda.node.internal.schemas.NodeInfoSchema, version=1), NodeCoreV1(name=net.corda.node.services.schema.NodeSchemaService$NodeCore, version=1), FNOLSchemaV1(name=com.example.schema.FNOLSchema, version=1), IOUSchemaV1(name=com.example.schema.IOUSchema, version=1)]
?[m?[37m[INFO] 11:12:11,112 [Test worker] internal.QueryTranslatorFactoryInitiator. - HHH000397: Using ASTQueryTranslatorFactory
?[m?[37m[INFO] 11:12:11,115 [Test worker] internal.InternalMockNetwork$MockNode. - Node-info has changed so submitting update. Old node-info was null
?[m?[37m[INFO] 11:12:11,115 [Test worker] network.PersistentNetworkMapCache. - Adding node with info: NodeInfo(addresses=[mock.node:1000], legalIdentitiesAndCerts=[O=Mock Company 1, L=London, C=GB], platformVersion=4, serial=1554649931115)
?[m?[37m[INFO] 11:12:11,116 [Test worker] network.PersistentNetworkMapCache. - No previous node found
?[m?[37m[INFO] 11:12:11,121 [Test worker] internal.InternalMockNetwork$MockNode. - New node-info: NodeInfo(addresses=[mock.node:1000], legalIdentitiesAndCerts=[O=Mock Company 1, L=London, C=GB], platformVersion=4, serial=1554649931115)
?[m?[37m[INFO] 11:12:11,127 [Test worker] network.NetworkMapUpdater. - Auto-accept enabled for network parameter changes which modify only: [epoch, modifiedTime, packageOwnership, whitelistedContractImplementations]
?[m?[37m[INFO] 11:12:11,129 [MockNode-8-2] network.PersistentNetworkMapCache. - Adding node with info: NodeInfo(addresses=[mock.node:1000], legalIdentitiesAndCerts=[O=Mock Company 1, L=London, C=GB], platformVersion=4, serial=1554649931115)
?[m?[37m[INFO] 11:12:11,133 [MockNode-8-2] network.PersistentNetworkMapCache. - Previous node was identical to incoming one - doing nothing
?[m?[37m[INFO] 11:12:11,152 [Test worker] ClassloaderUtils. - Contracts loading for '/var/folders/5q/xy985yhj7rg30rc4c_z3gd4m0000gn/T/attachment5749415843240299397.jar' took 18 msec
?[m?[37m[INFO] 11:12:11,163 [Test worker] persistence.NodeAttachmentService. - Stored new attachment: id=B0DC6BB384D1A6B002EFC0F67EDD756DE1A1E8883DAE28EEB966064A6EF48F64 uploader=app filename=null
?[m?[37m[INFO] 11:12:11,169 [Test worker] statemachine.SingleThreadedStateMachineManager. - Node ready, info: NodeInfo(addresses=[mock.node:1000], legalIdentitiesAndCerts=[O=Mock Company 1, L=London, C=GB], platformVersion=4, serial=1554649931115)
?[m?[37m[INFO] 11:12:11,171 [Test worker] network.PersistentNetworkMapCache. - Adding node with info: NodeInfo(addresses=[mock.node:1000], legalIdentitiesAndCerts=[O=Notary Service, L=Zurich, C=CH], platformVersion=4, serial=1554649930491)
?[m?[37m[INFO] 11:12:11,172 [Test worker] network.PersistentNetworkMapCache. - No previous node found
?[m?[37m[INFO] 11:12:11,181 [Test worker] network.PersistentNetworkMapCache. - Adding node with info: NodeInfo(addresses=[mock.node:1000], legalIdentitiesAndCerts=[O=Mock Company 1, L=London, C=GB], platformVersion=4, serial=1554649931115)
?[m?[37m[INFO] 11:12:11,182 [Test worker] network.PersistentNetworkMapCache. - No previous node found
?[m?[37m[INFO] 11:12:11,189 [Test worker] network.PersistentNetworkMapCache. - Adding node with info: NodeInfo(addresses=[mock.node:1000], legalIdentitiesAndCerts=[O=Mock Company 1, L=London, C=GB], platformVersion=4, serial=1554649931115)
?[m?[37m[INFO] 11:12:11,189 [Test worker] network.PersistentNetworkMapCache. - Previous node was identical to incoming one - doing nothing
?[m?[37m[INFO] 11:12:11,189 [Test worker] network.PersistentNetworkMapCache. - Adding node with info: NodeInfo(addresses=[mock.node:1000], legalIdentitiesAndCerts=[O=Mock Company 1, L=London, C=GB], platformVersion=4, serial=1554649931115)
?[m?[37m[INFO] 11:12:11,189 [Test worker] network.PersistentNetworkMapCache. - Previous node was identical to incoming one - doing nothing
?[m?[37m[INFO] 11:12:11,197 [Test worker] cordapp.JarScanningCordappLoader. - Looking for CorDapps in [build/mock-network/20190407-151209.941/nodes/2/cordapps]
?[m?[37m[INFO] 11:12:11,197 [Test worker] cordapp.JarScanningCordappLoader. - Loading CorDapps from RestrictedURL(url=file:/Users/vivian.a.chen/Hackathon/samples/cordapp-example/workflows-kotlin/build/mock-network/20190407-151209.941/nodes/2/cordapps/cordapp-example-workflows-0.1.jar, rootPackageName=null), RestrictedURL(url=file:/Users/vivian.a.chen/Hackathon/samples/cordapp-example/workflows-kotlin/build/mock-network/20190407-151209.941/nodes/2/cordapps/cordapp-example-contracts-0.1.jar, rootPackageName=null)
?[m?[37m[INFO] 11:12:11,197 [Test worker] cordapp.JarScanningCordappLoader. - Scanning CorDapp in file:/Users/vivian.a.chen/Hackathon/samples/cordapp-example/workflows-kotlin/build/mock-network/20190407-151209.941/nodes/2/cordapps/cordapp-example-workflows-0.1.jar
?[m?[37m[INFO] 11:12:11,217 [Test worker] cordapp.JarScanningCordappLoader. - Found notary service CorDapp implementations: 
?[m?[37m[INFO] 11:12:11,217 [Test worker] cordapp.JarScanningCordappLoader. - Scanning CorDapp in file:/Users/vivian.a.chen/Hackathon/samples/cordapp-example/workflows-kotlin/build/mock-network/20190407-151209.941/nodes/2/cordapps/cordapp-example-contracts-0.1.jar
?[m?[37m[INFO] 11:12:11,237 [Test worker] cordapp.JarScanningCordappLoader. - Found notary service CorDapp implementations: 
?[m?[37m[INFO] 11:12:11,243 [Test worker] internal.InternalMockNetwork$MockNode. - Node starting up ...
?[m?[37m[INFO] 11:12:11,262 [Test worker] internal.NodeFlowManager. - Registered com.example.flow.CreateFNOLFlow$Initiator to initiate com.example.flow.CreateFNOLFlow$Acceptor (version 1)
?[m?[37m[INFO] 11:12:11,262 [Test worker] internal.NodeFlowManager. - Registered com.example.flow.ExampleFlow$Initiator to initiate com.example.flow.ExampleFlow$Acceptor (version 1)
?[m?[37m[INFO] 11:12:11,262 [Test worker] internal.NodeFlowManager. - Registered com.example.flow.UpdateFNOLFlow$Initiator to initiate com.example.flow.UpdateFNOLFlow$Acceptor (version 1)
?[m?[37m[INFO] 11:12:11,265 [Test worker] internal.InternalMockNetwork$MockNode. - Loaded network parameters: NetworkParameters {
      minimumPlatformVersion=1
      notaries=[NotaryInfo(identity=O=Notary Service, L=Zurich, C=CH, validating=true)]
      maxMessageSize=10485760
      maxTransactionSize=524288000
      whitelistedContractImplementations {
        
      }
      eventHorizon=PT720H
      packageOwnership {
        
      }
      modifiedTime=2019-04-07T15:12:09.941Z
      epoch=1
  }
?[m?[37m[INFO] 11:12:11,265 [Test worker] hikari.HikariDataSource. - HikariPool-9 - Started.
?[m?[37m[INFO] 11:12:11,384 [Test worker] liquibase. - Creating database history table with name: PUBLIC.DATABASECHANGELOG
?[m?[37m[INFO] 11:12:11,386 [Test worker] liquibase. - Reading from PUBLIC.DATABASECHANGELOG
?[m?[37m[INFO] 11:12:11,388 [Test worker] liquibase. - master.changelog.json: migration/common.changelog-init.xml::1511451595465-1.3::R3.Corda: Skipping changeSet migration/common.changelog-init.xml::1511451595465-1.3::R3.Corda due to validation error(s): minValue is not allowed on h2
?[m?[37m[INFO] 11:12:11,392 [Test worker] liquibase. - master.changelog.json: migration/vault-schema.changelog-pkey.xml::non-clustered_pk-11::R3.Corda: Skipping changeSet migration/vault-schema.changelog-pkey.xml::non-clustered_pk-11::R3.Corda due to validation error(s): clustered is not allowed on h2
?[m?[37m[INFO] 11:12:11,392 [Test worker] liquibase. - master.changelog.json: migration/vault-schema.changelog-pkey.xml::non-clustered_pk-12::R3.Corda: Skipping changeSet migration/vault-schema.changelog-pkey.xml::non-clustered_pk-12::R3.Corda due to validation error(s): clustered is not allowed on h2
?[m?[37m[INFO] 11:12:11,392 [Test worker] liquibase. - master.changelog.json: migration/vault-schema.changelog-pkey.xml::non-clustered_pk-13::R3.Corda: Skipping changeSet migration/vault-schema.changelog-pkey.xml::non-clustered_pk-13::R3.Corda due to validation error(s): clustered is not allowed on h2
?[m?[37m[INFO] 11:12:11,400 [Test worker] liquibase. - master.changelog.json: migration/node-core.changelog-pkey.xml::non-clustered_pk-1::R3.Corda: Skipping changeSet migration/node-core.changelog-pkey.xml::non-clustered_pk-1::R3.Corda due to validation error(s): clustered is not allowed on h2
?[m?[37m[INFO] 11:12:11,401 [Test worker] liquibase. - master.changelog.json: migration/node-core.changelog-pkey.xml::non-clustered_pk-2::R3.Corda: Skipping changeSet migration/node-core.changelog-pkey.xml::non-clustered_pk-2::R3.Corda due to validation error(s): clustered is not allowed on h2
?[m?[37m[INFO] 11:12:11,401 [Test worker] liquibase. - master.changelog.json: migration/node-core.changelog-pkey.xml::non-clustered_pk-3::R3.Corda: Skipping changeSet migration/node-core.changelog-pkey.xml::non-clustered_pk-3::R3.Corda due to validation error(s): clustered is not allowed on h2
?[m?[37m[INFO] 11:12:11,401 [Test worker] liquibase. - master.changelog.json: migration/node-core.changelog-pkey.xml::non-clustered_pk-4::R3.Corda: Skipping changeSet migration/node-core.changelog-pkey.xml::non-clustered_pk-4::R3.Corda due to validation error(s): clustered is not allowed on h2
?[m?[37m[INFO] 11:12:11,401 [Test worker] liquibase. - master.changelog.json: migration/node-core.changelog-pkey.xml::non-clustered_pk-5::R3.Corda: Skipping changeSet migration/node-core.changelog-pkey.xml::non-clustered_pk-5::R3.Corda due to validation error(s): clustered is not allowed on h2
?[m?[37m[INFO] 11:12:11,401 [Test worker] liquibase. - master.changelog.json: migration/node-core.changelog-pkey.xml::non-clustered_pk-6::R3.Corda: Skipping changeSet migration/node-core.changelog-pkey.xml::non-clustered_pk-6::R3.Corda due to validation error(s): clustered is not allowed on h2
?[m?[37m[INFO] 11:12:11,401 [Test worker] liquibase. - master.changelog.json: migration/node-core.changelog-pkey.xml::non-clustered_pk-7::R3.Corda: Skipping changeSet migration/node-core.changelog-pkey.xml::non-clustered_pk-7::R3.Corda due to validation error(s): clustered is not allowed on h2
?[m?[37m[INFO] 11:12:11,404 [Test worker] liquibase. - Successfully acquired change log lock
?[m?[37m[INFO] 11:12:11,404 [Test worker] liquibase. - master.changelog.json: migration/common.changelog-init.xml::1511451595465-1.3::R3.Corda: Skipping changeSet migration/common.changelog-init.xml::1511451595465-1.3::R3.Corda due to validation error(s): minValue is not allowed on h2
?[m?[37m[INFO] 11:12:11,406 [Test worker] liquibase. - master.changelog.json: migration/vault-schema.changelog-pkey.xml::non-clustered_pk-11::R3.Corda: Skipping changeSet migration/vault-schema.changelog-pkey.xml::non-clustered_pk-11::R3.Corda due to validation error(s): clustered is not allowed on h2
?[m?[37m[INFO] 11:12:11,406 [Test worker] liquibase. - master.changelog.json: migration/vault-schema.changelog-pkey.xml::non-clustered_pk-12::R3.Corda: Skipping changeSet migration/vault-schema.changelog-pkey.xml::non-clustered_pk-12::R3.Corda due to validation error(s): clustered is not allowed on h2
?[m?[37m[INFO] 11:12:11,406 [Test worker] liquibase. - master.changelog.json: migration/vault-schema.changelog-pkey.xml::non-clustered_pk-13::R3.Corda: Skipping changeSet migration/vault-schema.changelog-pkey.xml::non-clustered_pk-13::R3.Corda due to validation error(s): clustered is not allowed on h2
?[m?[37m[INFO] 11:12:11,410 [Test worker] liquibase. - master.changelog.json: migration/node-core.changelog-pkey.xml::non-clustered_pk-1::R3.Corda: Skipping changeSet migration/node-core.changelog-pkey.xml::non-clustered_pk-1::R3.Corda due to validation error(s): clustered is not allowed on h2
?[m?[37m[INFO] 11:12:11,410 [Test worker] liquibase. - master.changelog.json: migration/node-core.changelog-pkey.xml::non-clustered_pk-2::R3.Corda: Skipping changeSet migration/node-core.changelog-pkey.xml::non-clustered_pk-2::R3.Corda due to validation error(s): clustered is not allowed on h2
?[m?[37m[INFO] 11:12:11,410 [Test worker] liquibase. - master.changelog.json: migration/node-core.changelog-pkey.xml::non-clustered_pk-3::R3.Corda: Skipping changeSet migration/node-core.changelog-pkey.xml::non-clustered_pk-3::R3.Corda due to validation error(s): clustered is not allowed on h2
?[m?[37m[INFO] 11:12:11,410 [Test worker] liquibase. - master.changelog.json: migration/node-core.changelog-pkey.xml::non-clustered_pk-4::R3.Corda: Skipping changeSet migration/node-core.changelog-pkey.xml::non-clustered_pk-4::R3.Corda due to validation error(s): clustered is not allowed on h2
?[m?[37m[INFO] 11:12:11,410 [Test worker] liquibase. - master.changelog.json: migration/node-core.changelog-pkey.xml::non-clustered_pk-5::R3.Corda: Skipping changeSet migration/node-core.changelog-pkey.xml::non-clustered_pk-5::R3.Corda due to validation error(s): clustered is not allowed on h2
?[m?[37m[INFO] 11:12:11,410 [Test worker] liquibase. - master.changelog.json: migration/node-core.changelog-pkey.xml::non-clustered_pk-6::R3.Corda: Skipping changeSet migration/node-core.changelog-pkey.xml::non-clustered_pk-6::R3.Corda due to validation error(s): clustered is not allowed on h2
?[m?[37m[INFO] 11:12:11,410 [Test worker] liquibase. - master.changelog.json: migration/node-core.changelog-pkey.xml::non-clustered_pk-7::R3.Corda: Skipping changeSet migration/node-core.changelog-pkey.xml::non-clustered_pk-7::R3.Corda due to validation error(s): clustered is not allowed on h2
?[m?[37m[INFO] 11:12:11,411 [Test worker] liquibase. - master.changelog.json: migration/common.changelog-init.xml::1511451595465-1.1::R3.Corda: Sequence hibernate_sequence created
?[m?[37m[INFO] 11:12:11,411 [Test worker] liquibase. - master.changelog.json: migration/common.changelog-init.xml::1511451595465-1.1::R3.Corda: ChangeSet migration/common.changelog-init.xml::1511451595465-1.1::R3.Corda ran successfully in 0ms
?[m?[37m[INFO] 11:12:11,413 [Test worker] liquibase. - master.changelog.json: migration/vault-schema.changelog-init.xml::1511451595465-22::R3.Corda: Table vault_fungible_states created
?[m?[37m[INFO] 11:12:11,413 [Test worker] liquibase. - master.changelog.json: migration/vault-schema.changelog-init.xml::1511451595465-22::R3.Corda: ChangeSet migration/vault-schema.changelog-init.xml::1511451595465-22::R3.Corda ran successfully in 1ms
?[m?[37m[INFO] 11:12:11,414 [Test worker] liquibase. - master.changelog.json: migration/vault-schema.changelog-init.xml::1511451595465-23::R3.Corda: Table vault_fungible_states_parts created
?[m?[37m[INFO] 11:12:11,414 [Test worker] liquibase. - master.changelog.json: migration/vault-schema.changelog-init.xml::1511451595465-23::R3.Corda: ChangeSet migration/vault-schema.changelog-init.xml::1511451595465-23::R3.Corda ran successfully in 1ms
?[m?[37m[INFO] 11:12:11,415 [Test worker] liquibase. - master.changelog.json: migration/vault-schema.changelog-init.xml::1511451595465-24::R3.Corda: Table vault_linear_states created
?[m?[37m[INFO] 11:12:11,415 [Test worker] liquibase. - master.changelog.json: migration/vault-schema.changelog-init.xml::1511451595465-24::R3.Corda: ChangeSet migration/vault-schema.changelog-init.xml::1511451595465-24::R3.Corda ran successfully in 1ms
?[m?[37m[INFO] 11:12:11,415 [Test worker] liquibase. - master.changelog.json: migration/vault-schema.changelog-init.xml::1511451595465-25::R3.Corda: Table vault_linear_states_parts created
?[m?[37m[INFO] 11:12:11,415 [Test worker] liquibase. - master.changelog.json: migration/vault-schema.changelog-init.xml::1511451595465-25::R3.Corda: ChangeSet migration/vault-schema.changelog-init.xml::1511451595465-25::R3.Corda ran successfully in 0ms
?[m?[37m[INFO] 11:12:11,416 [Test worker] liquibase. - master.changelog.json: migration/vault-schema.changelog-init.xml::1511451595465-26::R3.Corda: Table vault_states created
?[m?[37m[INFO] 11:12:11,416 [Test worker] liquibase. - master.changelog.json: migration/vault-schema.changelog-init.xml::1511451595465-26::R3.Corda: ChangeSet migration/vault-schema.changelog-init.xml::1511451595465-26::R3.Corda ran successfully in 0ms
?[m?[37m[INFO] 11:12:11,417 [Test worker] liquibase. - master.changelog.json: migration/vault-schema.changelog-init.xml::1511451595465-27::R3.Corda: Table vault_transaction_notes created
?[m?[37m[INFO] 11:12:11,417 [Test worker] liquibase. - master.changelog.json: migration/vault-schema.changelog-init.xml::1511451595465-27::R3.Corda: ChangeSet migration/vault-schema.changelog-init.xml::1511451595465-27::R3.Corda ran successfully in 0ms
?[m?[37m[INFO] 11:12:11,418 [Test worker] liquibase. - master.changelog.json: migration/vault-schema.changelog-init.xml::1511451595465-47::R3.Corda: Primary key added to vault_fungible_states (output_index, transaction_id)
?[m?[37m[INFO] 11:12:11,418 [Test worker] liquibase. - master.changelog.json: migration/vault-schema.changelog-init.xml::1511451595465-47::R3.Corda: ChangeSet migration/vault-schema.changelog-init.xml::1511451595465-47::R3.Corda ran successfully in 0ms
?[m?[37m[INFO] 11:12:11,419 [Test worker] liquibase. - master.changelog.json: migration/vault-schema.changelog-init.xml::1511451595465-48::R3.Corda: Primary key added to vault_linear_states (output_index, transaction_id)
?[m?[37m[INFO] 11:12:11,419 [Test worker] liquibase. - master.changelog.json: migration/vault-schema.changelog-init.xml::1511451595465-48::R3.Corda: ChangeSet migration/vault-schema.changelog-init.xml::1511451595465-48::R3.Corda ran successfully in 0ms
?[m?[37m[INFO] 11:12:11,420 [Test worker] liquibase. - master.changelog.json: migration/vault-schema.changelog-init.xml::1511451595465-49::R3.Corda: Primary key added to vault_states (output_index, transaction_id)
?[m?[37m[INFO] 11:12:11,420 [Test worker] liquibase. - master.changelog.json: migration/vault-schema.changelog-init.xml::1511451595465-49::R3.Corda: ChangeSet migration/vault-schema.changelog-init.xml::1511451595465-49::R3.Corda ran successfully in 0ms
?[m?[37m[INFO] 11:12:11,421 [Test worker] liquibase. - master.changelog.json: migration/vault-schema.changelog-init.xml::1511451595465-50::R3.Corda: Primary key added to vault_transaction_notes (seq_no)
?[m?[37m[INFO] 11:12:11,421 [Test worker] liquibase. - master.changelog.json: migration/vault-schema.changelog-init.xml::1511451595465-50::R3.Corda: ChangeSet migration/vault-schema.changelog-init.xml::1511451595465-50::R3.Corda ran successfully in 0ms
?[m?[37m[INFO] 11:12:11,422 [Test worker] liquibase. - master.changelog.json: migration/vault-schema.changelog-init.xml::1511451595465-53::R3.Corda: Index external_id_index created
?[m?[37m[INFO] 11:12:11,422 [Test worker] liquibase. - master.changelog.json: migration/vault-schema.changelog-init.xml::1511451595465-53::R3.Corda: ChangeSet migration/vault-schema.changelog-init.xml::1511451595465-53::R3.Corda ran successfully in 1ms
?[m?[37m[INFO] 11:12:11,422 [Test worker] liquibase. - master.changelog.json: migration/vault-schema.changelog-init.xml::1511451595465-55::R3.Corda: Index lock_id_idx created
?[m?[37m[INFO] 11:12:11,422 [Test worker] liquibase. - master.changelog.json: migration/vault-schema.changelog-init.xml::1511451595465-55::R3.Corda: ChangeSet migration/vault-schema.changelog-init.xml::1511451595465-55::R3.Corda ran successfully in 0ms
?[m?[37m[INFO] 11:12:11,423 [Test worker] liquibase. - master.changelog.json: migration/vault-schema.changelog-init.xml::1511451595465-58::R3.Corda: Index state_status_idx created
?[m?[37m[INFO] 11:12:11,423 [Test worker] liquibase. - master.changelog.json: migration/vault-schema.changelog-init.xml::1511451595465-58::R3.Corda: ChangeSet migration/vault-schema.changelog-init.xml::1511451595465-58::R3.Corda ran successfully in 0ms
?[m?[37m[INFO] 11:12:11,424 [Test worker] liquibase. - master.changelog.json: migration/vault-schema.changelog-init.xml::1511451595465-59::R3.Corda: Index transaction_id_index created
?[m?[37m[INFO] 11:12:11,424 [Test worker] liquibase. - master.changelog.json: migration/vault-schema.changelog-init.xml::1511451595465-59::R3.Corda: ChangeSet migration/vault-schema.changelog-init.xml::1511451595465-59::R3.Corda ran successfully in 0ms
?[m?[37m[INFO] 11:12:11,425 [Test worker] liquibase. - master.changelog.json: migration/vault-schema.changelog-init.xml::1511451595465-60::R3.Corda: Index uuid_index created
?[m?[37m[INFO] 11:12:11,425 [Test worker] liquibase. - master.changelog.json: migration/vault-schema.changelog-init.xml::1511451595465-60::R3.Corda: ChangeSet migration/vault-schema.changelog-init.xml::1511451595465-60::R3.Corda ran successfully in 1ms
?[m?[37m[INFO] 11:12:11,426 [Test worker] liquibase. - master.changelog.json: migration/vault-schema.changelog-init.xml::1511451595465-64::R3.Corda: Foreign key constraint added to vault_fungible_states_parts (output_index,transaction_id)
?[m?[37m[INFO] 11:12:11,426 [Test worker] liquibase. - master.changelog.json: migration/vault-schema.changelog-init.xml::1511451595465-64::R3.Corda: ChangeSet migration/vault-schema.changelog-init.xml::1511451595465-64::R3.Corda ran successfully in 1ms
?[m?[37m[INFO] 11:12:11,427 [Test worker] liquibase. - master.changelog.json: migration/vault-schema.changelog-init.xml::1511451595465-65::R3.Corda: Foreign key constraint added to vault_linear_states_parts (output_index,transaction_id)
?[m?[37m[INFO] 11:12:11,427 [Test worker] liquibase. - master.changelog.json: migration/vault-schema.changelog-init.xml::1511451595465-65::R3.Corda: ChangeSet migration/vault-schema.changelog-init.xml::1511451595465-65::R3.Corda ran successfully in 0ms
?[m?[37m[INFO] 11:12:11,428 [Test worker] liquibase. - master.changelog.json: migration/vault-schema.changelog-v3.xml::clean_vault::R3.Corda: Data deleted from vault_fungible_states_parts
?[m?[37m[INFO] 11:12:11,428 [Test worker] liquibase. - master.changelog.json: migration/vault-schema.changelog-v3.xml::clean_vault::R3.Corda: Data deleted from vault_fungible_states
?[m?[37m[INFO] 11:12:11,428 [Test worker] liquibase. - master.changelog.json: migration/vault-schema.changelog-v3.xml::clean_vault::R3.Corda: Data deleted from vault_linear_states_parts
?[m?[37m[INFO] 11:12:11,428 [Test worker] liquibase. - master.changelog.json: migration/vault-schema.changelog-v3.xml::clean_vault::R3.Corda: Data deleted from vault_linear_states
?[m?[37m[INFO] 11:12:11,428 [Test worker] liquibase. - master.changelog.json: migration/vault-schema.changelog-v3.xml::clean_vault::R3.Corda: Data deleted from vault_states
?[m?[37m[INFO] 11:12:11,428 [Test worker] liquibase. - master.changelog.json: migration/vault-schema.changelog-v3.xml::clean_vault::R3.Corda: Data deleted from vault_transaction_notes
?[m?[37m[INFO] 11:12:11,428 [Test worker] liquibase. - master.changelog.json: migration/vault-schema.changelog-v3.xml::clean_vault::R3.Corda: ChangeSet migration/vault-schema.changelog-v3.xml::clean_vault::R3.Corda ran successfully in 0ms
?[m?[37m[INFO] 11:12:11,429 [Test worker] liquibase. - master.changelog.json: migration/vault-schema.changelog-v4.xml::nullability::R3.Corda: Null constraint has been added to vault_fungible_states.quantity
?[m?[37m[INFO] 11:12:11,429 [Test worker] liquibase. - master.changelog.json: migration/vault-schema.changelog-v4.xml::nullability::R3.Corda: Null constraint has been added to vault_states.contract_state_class_name
?[m?[37m[INFO] 11:12:11,429 [Test worker] liquibase. - master.changelog.json: migration/vault-schema.changelog-v4.xml::nullability::R3.Corda: Null constraint has been added to vault_states.notary_name
?[m?[37m[INFO] 11:12:11,430 [Test worker] liquibase. - master.changelog.json: migration/vault-schema.changelog-v4.xml::nullability::R3.Corda: Null constraint has been added to vault_states.recorded_timestamp
?[m?[37m[INFO] 11:12:11,430 [Test worker] liquibase. - master.changelog.json: migration/vault-schema.changelog-v4.xml::nullability::R3.Corda: Index state_status_idx dropped from table vault_states
?[m?[37m[INFO] 11:12:11,430 [Test worker] liquibase. - master.changelog.json: migration/vault-schema.changelog-v4.xml::nullability::R3.Corda: Index lock_id_idx dropped from table vault_states
?[m?[37m[INFO] 11:12:11,430 [Test worker] liquibase. - master.changelog.json: migration/vault-schema.changelog-v4.xml::nullability::R3.Corda: Null constraint has been added to vault_states.state_status
?[m?[37m[INFO] 11:12:11,430 [Test worker] liquibase. - master.changelog.json: migration/vault-schema.changelog-v4.xml::nullability::R3.Corda: Index state_status_idx created
?[m?[37m[INFO] 11:12:11,430 [Test worker] liquibase. - master.changelog.json: migration/vault-schema.changelog-v4.xml::nullability::R3.Corda: Index lock_id_idx created
?[m?[37m[INFO] 11:12:11,430 [Test worker] liquibase. - master.changelog.json: migration/vault-schema.changelog-v4.xml::nullability::R3.Corda: Index transaction_id_index dropped from table vault_transaction_notes
?[m?[37m[INFO] 11:12:11,430 [Test worker] liquibase. - master.changelog.json: migration/vault-schema.changelog-v4.xml::nullability::R3.Corda: Null constraint has been added to vault_transaction_notes.note
?[m?[37m[INFO] 11:12:11,430 [Test worker] liquibase. - master.changelog.json: migration/vault-schema.changelog-v4.xml::nullability::R3.Corda: Null constraint has been added to vault_transaction_notes.transaction_id
?[m?[37m[INFO] 11:12:11,431 [Test worker] liquibase. - master.changelog.json: migration/vault-schema.changelog-v4.xml::nullability::R3.Corda: Index transaction_id_index created
?[m?[37m[INFO] 11:12:11,431 [Test worker] liquibase. - master.changelog.json: migration/vault-schema.changelog-v4.xml::nullability::R3.Corda: ChangeSet migration/vault-schema.changelog-v4.xml::nullability::R3.Corda ran successfully in 2ms
?[m?[37m[INFO] 11:12:11,436 [Test worker] liquibase. - master.changelog.json: migration/vault-schema.changelog-v5.xml::add_relevancy_status_column::R3.Corda: Columns relevancy_status(INT) added to vault_states
?[m?[37m[INFO] 11:12:11,436 [Test worker] liquibase. - master.changelog.json: migration/vault-schema.changelog-v5.xml::add_relevancy_status_column::R3.Corda: Data updated in vault_states
?[m?[37m[INFO] 11:12:11,436 [Test worker] liquibase. - master.changelog.json: migration/vault-schema.changelog-v5.xml::add_relevancy_status_column::R3.Corda: Null constraint has been added to vault_states.relevancy_status
?[m?[37m[INFO] 11:12:11,436 [Test worker] liquibase. - master.changelog.json: migration/vault-schema.changelog-v5.xml::add_relevancy_status_column::R3.Corda: ChangeSet migration/vault-schema.changelog-v5.xml::add_relevancy_status_column::R3.Corda ran successfully in 2ms
?[m?[37m[INFO] 11:12:11,438 [Test worker] liquibase. - master.changelog.json: migration/vault-schema.changelog-v6.xml::add_is_constraint_information_columns::R3.Corda: Columns constraint_type(INT) added to vault_states
?[m?[37m[INFO] 11:12:11,440 [Test worker] liquibase. - master.changelog.json: migration/vault-schema.changelog-v6.xml::add_is_constraint_information_columns::R3.Corda: Columns constraint_data(varbinary(563)) added to vault_states
?[m?[37m[INFO] 11:12:11,440 [Test worker] liquibase. - master.changelog.json: migration/vault-schema.changelog-v6.xml::add_is_constraint_information_columns::R3.Corda: ChangeSet migration/vault-schema.changelog-v6.xml::add_is_constraint_information_columns::R3.Corda ran successfully in 3ms
?[m?[37m[INFO] 11:12:11,440 [Test worker] liquibase. - master.changelog.json: migration/vault-schema.changelog-v7.xml::make_issuer_ref_nullable::R3.Corda: Null constraint dropped from vault_fungible_states.issuer_ref
?[m?[37m[INFO] 11:12:11,440 [Test worker] liquibase. - master.changelog.json: migration/vault-schema.changelog-v7.xml::make_issuer_ref_nullable::R3.Corda: ChangeSet migration/vault-schema.changelog-v7.xml::make_issuer_ref_nullable::R3.Corda ran successfully in 0ms
?[m?[37m[INFO] 11:12:11,441 [Test worker] liquibase. - master.changelog.json: migration/vault-schema.changelog-v8.xml::create-external-id-to-state-party-view::R3.Corda: Table state_party created
?[m?[37m[INFO] 11:12:11,441 [Test worker] liquibase. - master.changelog.json: migration/vault-schema.changelog-v8.xml::create-external-id-to-state-party-view::R3.Corda: Index state_pk_hash_idx created
?[m?[37m[INFO] 11:12:11,441 [Test worker] liquibase. - master.changelog.json: migration/vault-schema.changelog-v8.xml::create-external-id-to-state-party-view::R3.Corda: Table pk_hash_to_ext_id_map created
?[m?[37m[INFO] 11:12:11,442 [Test worker] liquibase. - master.changelog.json: migration/vault-schema.changelog-v8.xml::create-external-id-to-state-party-view::R3.Corda: Index pk_hash_to_xid_idx created
?[m?[37m[INFO] 11:12:11,442 [Test worker] liquibase. - master.changelog.json: migration/vault-schema.changelog-v8.xml::create-external-id-to-state-party-view::R3.Corda: View v_pkey_hash_ex_id_map created
?[m?[37m[INFO] 11:12:11,442 [Test worker] liquibase. - master.changelog.json: migration/vault-schema.changelog-v8.xml::create-external-id-to-state-party-view::R3.Corda: ChangeSet migration/vault-schema.changelog-v8.xml::create-external-id-to-state-party-view::R3.Corda ran successfully in 1ms
?[m?[37m[INFO] 11:12:11,443 [Test worker] liquibase. - master.changelog.json: migration/node-info.changelog-init.xml::1511451595465-4::R3.Corda: Table node_link_nodeinfo_party created
?[m?[37m[INFO] 11:12:11,443 [Test worker] liquibase. - master.changelog.json: migration/node-info.changelog-init.xml::1511451595465-4::R3.Corda: ChangeSet migration/node-info.changelog-init.xml::1511451595465-4::R3.Corda ran successfully in 0ms
?[m?[37m[INFO] 11:12:11,444 [Test worker] liquibase. - master.changelog.json: migration/node-info.changelog-init.xml::1511451595465-10::R3.Corda: Table node_info_hosts created
?[m?[37m[INFO] 11:12:11,444 [Test worker] liquibase. - master.changelog.json: migration/node-info.changelog-init.xml::1511451595465-10::R3.Corda: ChangeSet migration/node-info.changelog-init.xml::1511451595465-10::R3.Corda ran successfully in 0ms
?[m?[37m[INFO] 11:12:11,445 [Test worker] liquibase. - master.changelog.json: migration/node-info.changelog-init.xml::1511451595465-11::R3.Corda: Table node_info_party_cert created
?[m?[37m[INFO] 11:12:11,445 [Test worker] liquibase. - master.changelog.json: migration/node-info.changelog-init.xml::1511451595465-11::R3.Corda: ChangeSet migration/node-info.changelog-init.xml::1511451595465-11::R3.Corda ran successfully in 1ms
?[m?[37m[INFO] 11:12:11,446 [Test worker] liquibase. - master.changelog.json: migration/node-info.changelog-init.xml::1511451595465-12::R3.Corda: Table node_infos created
?[m?[37m[INFO] 11:12:11,446 [Test worker] liquibase. - master.changelog.json: migration/node-info.changelog-init.xml::1511451595465-12::R3.Corda: ChangeSet migration/node-info.changelog-init.xml::1511451595465-12::R3.Corda ran successfully in 1ms
?[m?[37m[INFO] 11:12:11,446 [Test worker] liquibase. - master.changelog.json: migration/node-info.changelog-init.xml::1511451595465-35::R3.Corda: Primary key added to node_info_hosts (host, port)
?[m?[37m[INFO] 11:12:11,446 [Test worker] liquibase. - master.changelog.json: migration/node-info.changelog-init.xml::1511451595465-35::R3.Corda: ChangeSet migration/node-info.changelog-init.xml::1511451595465-35::R3.Corda ran successfully in 0ms
?[m?[37m[INFO] 11:12:11,447 [Test worker] liquibase. - master.changelog.json: migration/node-info.changelog-init.xml::1511451595465-36::R3.Corda: Primary key added to node_info_party_cert (party_name)
?[m?[37m[INFO] 11:12:11,447 [Test worker] liquibase. - master.changelog.json: migration/node-info.changelog-init.xml::1511451595465-36::R3.Corda: ChangeSet migration/node-info.changelog-init.xml::1511451595465-36::R3.Corda ran successfully in 0ms
?[m?[37m[INFO] 11:12:11,448 [Test worker] liquibase. - master.changelog.json: migration/node-info.changelog-init.xml::1511451595465-37::R3.Corda: Primary key added to node_infos (node_info_id)
?[m?[37m[INFO] 11:12:11,448 [Test worker] liquibase. - master.changelog.json: migration/node-info.changelog-init.xml::1511451595465-37::R3.Corda: ChangeSet migration/node-info.changelog-init.xml::1511451595465-37::R3.Corda ran successfully in 0ms
?[m?[37m[INFO] 11:12:11,449 [Test worker] liquibase. - master.changelog.json: migration/node-info.changelog-init.xml::1511451595465-62::R3.Corda: Foreign key constraint added to node_link_nodeinfo_party (node_info_id)
?[m?[37m[INFO] 11:12:11,449 [Test worker] liquibase. - master.changelog.json: migration/node-info.changelog-init.xml::1511451595465-62::R3.Corda: ChangeSet migration/node-info.changelog-init.xml::1511451595465-62::R3.Corda ran successfully in 1ms
?[m?[37m[INFO] 11:12:11,450 [Test worker] liquibase. - master.changelog.json: migration/node-info.changelog-init.xml::1511451595465-63::R3.Corda: Foreign key constraint added to node_info_hosts (node_info_id)
?[m?[37m[INFO] 11:12:11,450 [Test worker] liquibase. - master.changelog.json: migration/node-info.changelog-init.xml::1511451595465-63::R3.Corda: ChangeSet migration/node-info.changelog-init.xml::1511451595465-63::R3.Corda ran successfully in 1ms
?[m?[37m[INFO] 11:12:11,451 [Test worker] liquibase. - master.changelog.json: migration/node-info.changelog-init.xml::remove_host_port_pk::R3.Corda: Data deleted from node_infos
?[m?[37m[INFO] 11:12:11,451 [Test worker] liquibase. - master.changelog.json: migration/node-info.changelog-init.xml::remove_host_port_pk::R3.Corda: Data deleted from node_link_nodeinfo_party
?[m?[37m[INFO] 11:12:11,451 [Test worker] liquibase. - master.changelog.json: migration/node-info.changelog-init.xml::remove_host_port_pk::R3.Corda: Data deleted from node_info_hosts
?[m?[37m[INFO] 11:12:11,451 [Test worker] liquibase. - master.changelog.json: migration/node-info.changelog-init.xml::remove_host_port_pk::R3.Corda: Data deleted from node_info_party_cert
?[m?[37m[INFO] 11:12:11,451 [Test worker] liquibase. - master.changelog.json: migration/node-info.changelog-init.xml::remove_host_port_pk::R3.Corda: Primary key dropped from node_info_hosts
?[m?[37m[INFO] 11:12:11,452 [Test worker] liquibase. - master.changelog.json: migration/node-info.changelog-init.xml::remove_host_port_pk::R3.Corda: Columns hosts_id(INT) added to node_info_hosts
?[m?[37m[INFO] 11:12:11,452 [Test worker] liquibase. - master.changelog.json: migration/node-info.changelog-init.xml::remove_host_port_pk::R3.Corda: Primary key added to node_info_hosts (hosts_id)
?[m?[37m[INFO] 11:12:11,452 [Test worker] liquibase. - master.changelog.json: migration/node-info.changelog-init.xml::remove_host_port_pk::R3.Corda: ChangeSet migration/node-info.changelog-init.xml::remove_host_port_pk::R3.Corda ran successfully in 1ms
?[m?[37m[INFO] 11:12:11,453 [Test worker] liquibase. - master.changelog.json: migration/node-info.changelog-v1.xml::key/value node properties table::R3.Corda: Table node_properties created
?[m?[37m[INFO] 11:12:11,453 [Test worker] liquibase. - master.changelog.json: migration/node-info.changelog-v1.xml::key/value node properties table::R3.Corda: ChangeSet migration/node-info.changelog-v1.xml::key/value node properties table::R3.Corda ran successfully in 0ms
?[m?[37m[INFO] 11:12:11,454 [Test worker] liquibase. - master.changelog.json: migration/node-info.changelog-v2.xml::1525962920::R3.Corda: Null constraint has been added to node_infos.node_info_hash
?[m?[37m[INFO] 11:12:11,454 [Test worker] liquibase. - master.changelog.json: migration/node-info.changelog-v2.xml::1525962920::R3.Corda: Null constraint has been added to node_infos.platform_version
?[m?[37m[INFO] 11:12:11,454 [Test worker] liquibase. - master.changelog.json: migration/node-info.changelog-v2.xml::1525962920::R3.Corda: Null constraint has been added to node_infos.serial
?[m?[37m[INFO] 11:12:11,454 [Test worker] liquibase. - master.changelog.json: migration/node-info.changelog-v2.xml::1525962920::R3.Corda: Null constraint dropped from node_info_hosts.host
?[m?[37m[INFO] 11:12:11,454 [Test worker] liquibase. - master.changelog.json: migration/node-info.changelog-v2.xml::1525962920::R3.Corda: Null constraint dropped from node_info_hosts.port
?[m?[37m[INFO] 11:12:11,454 [Test worker] liquibase. - master.changelog.json: migration/node-info.changelog-v2.xml::1525962920::R3.Corda: Null constraint has been added to node_info_party_cert.owning_key_hash
?[m?[37m[INFO] 11:12:11,454 [Test worker] liquibase. - master.changelog.json: migration/node-info.changelog-v2.xml::1525962920::R3.Corda: Null constraint has been added to node_info_party_cert.party_cert_binary
?[m?[37m[INFO] 11:12:11,454 [Test worker] liquibase. - master.changelog.json: migration/node-info.changelog-v2.xml::1525962920::R3.Corda: ChangeSet migration/node-info.changelog-v2.xml::1525962920::R3.Corda ran successfully in 0ms
?[m?[37m[INFO] 11:12:11,456 [Test worker] liquibase. - master.changelog.json: migration/node-info.changelog-v3.xml::column_host_name::R3.Corda: Column node_info_hosts.host renamed to host_name
?[m?[37m[INFO] 11:12:11,456 [Test worker] liquibase. - master.changelog.json: migration/node-info.changelog-v3.xml::column_host_name::R3.Corda: ChangeSet migration/node-info.changelog-v3.xml::column_host_name::R3.Corda ran successfully in 1ms
?[m?[37m[INFO] 11:12:11,456 [Test worker] liquibase. - master.changelog.json: migration/node-services.changelog-init.xml::1511451595465-5::R3.Corda: Table node_attachments created
?[m?[37m[INFO] 11:12:11,456 [Test worker] liquibase. - master.changelog.json: migration/node-services.changelog-init.xml::1511451595465-5::R3.Corda: ChangeSet migration/node-services.changelog-init.xml::1511451595465-5::R3.Corda ran successfully in 0ms
?[m?[37m[INFO] 11:12:11,457 [Test worker] liquibase. - master.changelog.json: migration/node-services.changelog-init.xml::1511451595465-7::R3.Corda: Table node_checkpoints created
?[m?[37m[INFO] 11:12:11,457 [Test worker] liquibase. - master.changelog.json: migration/node-services.changelog-init.xml::1511451595465-7::R3.Corda: ChangeSet migration/node-services.changelog-init.xml::1511451595465-7::R3.Corda ran successfully in 0ms
?[m?[37m[INFO] 11:12:11,458 [Test worker] liquibase. - master.changelog.json: migration/node-services.changelog-init.xml::1511451595465-8::R3.Corda: Table node_contract_upgrades created
?[m?[37m[INFO] 11:12:11,458 [Test worker] liquibase. - master.changelog.json: migration/node-services.changelog-init.xml::1511451595465-8::R3.Corda: ChangeSet migration/node-services.changelog-init.xml::1511451595465-8::R3.Corda ran successfully in 0ms
?[m?[37m[INFO] 11:12:11,459 [Test worker] liquibase. - master.changelog.json: migration/node-services.changelog-init.xml::1511451595465-9::R3.Corda: Table node_identities created
?[m?[37m[INFO] 11:12:11,459 [Test worker] liquibase. - master.changelog.json: migration/node-services.changelog-init.xml::1511451595465-9::R3.Corda: ChangeSet migration/node-services.changelog-init.xml::1511451595465-9::R3.Corda ran successfully in 0ms
?[m?[37m[INFO] 11:12:11,460 [Test worker] liquibase. - master.changelog.json: migration/node-services.changelog-init.xml::1511451595465-13::R3.Corda: Table node_message_ids created
?[m?[37m[INFO] 11:12:11,460 [Test worker] liquibase. - master.changelog.json: migration/node-services.changelog-init.xml::1511451595465-13::R3.Corda: ChangeSet migration/node-services.changelog-init.xml::1511451595465-13::R3.Corda ran successfully in 0ms
?[m?[37m[INFO] 11:12:11,461 [Test worker] liquibase. - master.changelog.json: migration/node-services.changelog-init.xml::1511451595465-14::R3.Corda: Table node_message_retry created
?[m?[37m[INFO] 11:12:11,461 [Test worker] liquibase. - master.changelog.json: migration/node-services.changelog-init.xml::1511451595465-14::R3.Corda: ChangeSet migration/node-services.changelog-init.xml::1511451595465-14::R3.Corda ran successfully in 1ms
?[m?[37m[INFO] 11:12:11,461 [Test worker] liquibase. - master.changelog.json: migration/node-services.changelog-init.xml::1511451595465-15::R3.Corda: Table node_named_identities created
?[m?[37m[INFO] 11:12:11,461 [Test worker] liquibase. - master.changelog.json: migration/node-services.changelog-init.xml::1511451595465-15::R3.Corda: ChangeSet migration/node-services.changelog-init.xml::1511451595465-15::R3.Corda ran successfully in 0ms
?[m?[37m[INFO] 11:12:11,462 [Test worker] liquibase. - master.changelog.json: migration/node-services.changelog-init.xml::1511451595465-17::R3.Corda: Table node_our_key_pairs created
?[m?[37m[INFO] 11:12:11,462 [Test worker] liquibase. - master.changelog.json: migration/node-services.changelog-init.xml::1511451595465-17::R3.Corda: ChangeSet migration/node-services.changelog-init.xml::1511451595465-17::R3.Corda ran successfully in 0ms
?[m?[37m[INFO] 11:12:11,463 [Test worker] liquibase. - master.changelog.json: migration/node-services.changelog-init.xml::1511451595465-19::R3.Corda: Table node_scheduled_states created
?[m?[37m[INFO] 11:12:11,463 [Test worker] liquibase. - master.changelog.json: migration/node-services.changelog-init.xml::1511451595465-19::R3.Corda: ChangeSet migration/node-services.changelog-init.xml::1511451595465-19::R3.Corda ran successfully in 0ms
?[m?[37m[INFO] 11:12:11,464 [Test worker] liquibase. - master.changelog.json: migration/node-services.changelog-init.xml::1511451595465-20::R3.Corda: Table node_transaction_mappings created
?[m?[37m[INFO] 11:12:11,464 [Test worker] liquibase. - master.changelog.json: migration/node-services.changelog-init.xml::1511451595465-20::R3.Corda: ChangeSet migration/node-services.changelog-init.xml::1511451595465-20::R3.Corda ran successfully in 1ms
?[m?[37m[INFO] 11:12:11,464 [Test worker] liquibase. - master.changelog.json: migration/node-services.changelog-init.xml::1511451595465-21::R3.Corda: Table node_transactions created
?[m?[37m[INFO] 11:12:11,464 [Test worker] liquibase. - master.changelog.json: migration/node-services.changelog-init.xml::1511451595465-21::R3.Corda: ChangeSet migration/node-services.changelog-init.xml::1511451595465-21::R3.Corda ran successfully in 0ms
?[m?[37m[INFO] 11:12:11,465 [Test worker] liquibase. - master.changelog.json: migration/node-services.changelog-init.xml::1511451595465-30::R3.Corda: Primary key added to node_attachments (att_id)
?[m?[37m[INFO] 11:12:11,465 [Test worker] liquibase. - master.changelog.json: migration/node-services.changelog-init.xml::1511451595465-30::R3.Corda: ChangeSet migration/node-services.changelog-init.xml::1511451595465-30::R3.Corda ran successfully in 0ms
?[m?[37m[INFO] 11:12:11,466 [Test worker] liquibase. - master.changelog.json: migration/node-services.changelog-init.xml::1511451595465-32::R3.Corda: Primary key added to node_checkpoints (checkpoint_id)
?[m?[37m[INFO] 11:12:11,466 [Test worker] liquibase. - master.changelog.json: migration/node-services.changelog-init.xml::1511451595465-32::R3.Corda: ChangeSet migration/node-services.changelog-init.xml::1511451595465-32::R3.Corda ran successfully in 0ms
?[m?[37m[INFO] 11:12:11,467 [Test worker] liquibase. - master.changelog.json: migration/node-services.changelog-init.xml::1511451595465-33::R3.Corda: Primary key added to node_contract_upgrades (state_ref)
?[m?[37m[INFO] 11:12:11,467 [Test worker] liquibase. - master.changelog.json: migration/node-services.changelog-init.xml::1511451595465-33::R3.Corda: ChangeSet migration/node-services.changelog-init.xml::1511451595465-33::R3.Corda ran successfully in 0ms
?[m?[37m[INFO] 11:12:11,468 [Test worker] liquibase. - master.changelog.json: migration/node-services.changelog-init.xml::1511451595465-34::R3.Corda: Primary key added to node_identities (pk_hash)
?[m?[37m[INFO] 11:12:11,468 [Test worker] liquibase. - master.changelog.json: migration/node-services.changelog-init.xml::1511451595465-34::R3.Corda: ChangeSet migration/node-services.changelog-init.xml::1511451595465-34::R3.Corda ran successfully in 1ms
?[m?[37m[INFO] 11:12:11,468 [Test worker] liquibase. - master.changelog.json: migration/node-services.changelog-init.xml::1511451595465-38::R3.Corda: Primary key added to node_message_ids (message_id)
?[m?[37m[INFO] 11:12:11,469 [Test worker] liquibase. - master.changelog.json: migration/node-services.changelog-init.xml::1511451595465-38::R3.Corda: ChangeSet migration/node-services.changelog-init.xml::1511451595465-38::R3.Corda ran successfully in 1ms
?[m?[37m[INFO] 11:12:11,469 [Test worker] liquibase. - master.changelog.json: migration/node-services.changelog-init.xml::1511451595465-39::R3.Corda: Primary key added to node_message_retry (message_id)
?[m?[37m[INFO] 11:12:11,469 [Test worker] liquibase. - master.changelog.json: migration/node-services.changelog-init.xml::1511451595465-39::R3.Corda: ChangeSet migration/node-services.changelog-init.xml::1511451595465-39::R3.Corda ran successfully in 0ms
?[m?[37m[INFO] 11:12:11,470 [Test worker] liquibase. - master.changelog.json: migration/node-services.changelog-init.xml::1511451595465-40::R3.Corda: Primary key added to node_named_identities (name)
?[m?[37m[INFO] 11:12:11,470 [Test worker] liquibase. - master.changelog.json: migration/node-services.changelog-init.xml::1511451595465-40::R3.Corda: ChangeSet migration/node-services.changelog-init.xml::1511451595465-40::R3.Corda ran successfully in 0ms
?[m?[37m[INFO] 11:12:11,471 [Test worker] liquibase. - master.changelog.json: migration/node-services.changelog-init.xml::1511451595465-42::R3.Corda: Primary key added to node_our_key_pairs (public_key_hash)
?[m?[37m[INFO] 11:12:11,471 [Test worker] liquibase. - master.changelog.json: migration/node-services.changelog-init.xml::1511451595465-42::R3.Corda: ChangeSet migration/node-services.changelog-init.xml::1511451595465-42::R3.Corda ran successfully in 0ms
?[m?[37m[INFO] 11:12:11,472 [Test worker] liquibase. - master.changelog.json: migration/node-services.changelog-init.xml::1511451595465-44::R3.Corda: Primary key added to node_scheduled_states (output_index, transaction_id)
?[m?[37m[INFO] 11:12:11,472 [Test worker] liquibase. - master.changelog.json: migration/node-services.changelog-init.xml::1511451595465-44::R3.Corda: ChangeSet migration/node-services.changelog-init.xml::1511451595465-44::R3.Corda ran successfully in 0ms
?[m?[37m[INFO] 11:12:11,473 [Test worker] liquibase. - master.changelog.json: migration/node-services.changelog-init.xml::1511451595465-45::R3.Corda: Primary key added to node_transaction_mappings (tx_id)
?[m?[37m[INFO] 11:12:11,473 [Test worker] liquibase. - master.changelog.json: migration/node-services.changelog-init.xml::1511451595465-45::R3.Corda: ChangeSet migration/node-services.changelog-init.xml::1511451595465-45::R3.Corda ran successfully in 1ms
?[m?[37m[INFO] 11:12:11,473 [Test worker] liquibase. - master.changelog.json: migration/node-services.changelog-init.xml::1511451595465-46::R3.Corda: Primary key added to node_transactions (tx_id)
?[m?[37m[INFO] 11:12:11,473 [Test worker] liquibase. - master.changelog.json: migration/node-services.changelog-init.xml::1511451595465-46::R3.Corda: ChangeSet migration/node-services.changelog-init.xml::1511451595465-46::R3.Corda ran successfully in 0ms
?[m?[37m[INFO] 11:12:11,475 [Test worker] liquibase. - master.changelog.json: migration/node-services.changelog-init.xml::1511451595465-61::R3.Corda: Foreign key constraint added to node_link_nodeinfo_party (party_name)
?[m?[37m[INFO] 11:12:11,475 [Test worker] liquibase. - master.changelog.json: migration/node-services.changelog-init.xml::1511451595465-61::R3.Corda: ChangeSet migration/node-services.changelog-init.xml::1511451595465-61::R3.Corda ran successfully in 1ms
?[m?[37m[INFO] 11:12:11,476 [Test worker] liquibase. - master.changelog.json: migration/node-services.changelog-init.xml::add index att_id::R3.Corda: Index att_id_idx created
?[m?[37m[INFO] 11:12:11,476 [Test worker] liquibase. - master.changelog.json: migration/node-services.changelog-init.xml::add index att_id::R3.Corda: ChangeSet migration/node-services.changelog-init.xml::add index att_id::R3.Corda ran successfully in 1ms
?[m?[37m[INFO] 11:12:11,477 [Test worker] liquibase. - master.changelog.json: migration/node-services.changelog-init.xml::add_contract_attachment::R3.Corda: Table node_attchments_contracts created
?[m?[37m[INFO] 11:12:11,477 [Test worker] liquibase. - master.changelog.json: migration/node-services.changelog-init.xml::add_contract_attachment::R3.Corda: Foreign key constraint added to node_attchments_contracts (att_id)
?[m?[37m[INFO] 11:12:11,477 [Test worker] liquibase. - master.changelog.json: migration/node-services.changelog-init.xml::add_contract_attachment::R3.Corda: Data deleted from node_attachments
?[m?[37m[INFO] 11:12:11,477 [Test worker] liquibase. - master.changelog.json: migration/node-services.changelog-init.xml::add_contract_attachment::R3.Corda: ChangeSet migration/node-services.changelog-init.xml::add_contract_attachment::R3.Corda ran successfully in 1ms
?[m?[37m[INFO] 11:12:11,480 [Test worker] liquibase. - master.changelog.json: migration/node-services.changelog-init.xml::add_dedup_columns::R3.Corda: Columns sender(NVARCHAR(64)),sequence_number(BIGINT) added to node_message_ids
?[m?[37m[INFO] 11:12:11,480 [Test worker] liquibase. - master.changelog.json: migration/node-services.changelog-init.xml::add_dedup_columns::R3.Corda: ChangeSet migration/node-services.changelog-init.xml::add_dedup_columns::R3.Corda ran successfully in 2ms
?[m?[37m[INFO] 11:12:11,481 [Test worker] liquibase. - master.changelog.json: migration/node-core.changelog-v4.xml::attchments_rename::R3.Corda: Table node_attchments_contracts renamed to node_attachments_contracts
?[m?[37m[INFO] 11:12:11,481 [Test worker] liquibase. - master.changelog.json: migration/node-core.changelog-v4.xml::attchments_rename::R3.Corda: ChangeSet migration/node-core.changelog-v4.xml::attchments_rename::R3.Corda ran successfully in 0ms
?[m?[37m[INFO] 11:12:11,482 [Test worker] liquibase. - master.changelog.json: migration/node-core.changelog-v4.xml::nullability::R3.Corda: Null constraint has been added to node_identities.identity_value
?[m?[37m[INFO] 11:12:11,482 [Test worker] liquibase. - master.changelog.json: migration/node-core.changelog-v4.xml::nullability::R3.Corda: Null constraint has been added to node_attachments.content
?[m?[37m[INFO] 11:12:11,482 [Test worker] liquibase. - master.changelog.json: migration/node-core.changelog-v4.xml::nullability::R3.Corda: Null constraint has been added to node_attachments_contracts.contract_class_name
?[m?[37m[INFO] 11:12:11,482 [Test worker] liquibase. - master.changelog.json: migration/node-core.changelog-v4.xml::nullability::R3.Corda: Null constraint has been added to node_checkpoints.checkpoint_value
?[m?[37m[INFO] 11:12:11,482 [Test worker] liquibase. - master.changelog.json: migration/node-core.changelog-v4.xml::nullability::R3.Corda: Null constraint has been added to node_contract_upgrades.contract_class_name
?[m?[37m[INFO] 11:12:11,482 [Test worker] liquibase. - master.changelog.json: migration/node-core.changelog-v4.xml::nullability::R3.Corda: Null constraint has been added to node_message_ids.insertion_time
?[m?[37m[INFO] 11:12:11,482 [Test worker] liquibase. - master.changelog.json: migration/node-core.changelog-v4.xml::nullability::R3.Corda: Null constraint has been added to node_message_retry.message
?[m?[37m[INFO] 11:12:11,482 [Test worker] liquibase. - master.changelog.json: migration/node-core.changelog-v4.xml::nullability::R3.Corda: Null constraint has been added to node_message_retry.recipients
?[m?[37m[INFO] 11:12:11,483 [Test worker] liquibase. - master.changelog.json: migration/node-core.changelog-v4.xml::nullability::R3.Corda: Null constraint has been added to node_named_identities.pk_hash
?[m?[37m[INFO] 11:12:11,483 [Test worker] liquibase. - master.changelog.json: migration/node-core.changelog-v4.xml::nullability::R3.Corda: Null constraint has been added to node_our_key_pairs.private_key
?[m?[37m[INFO] 11:12:11,483 [Test worker] liquibase. - master.changelog.json: migration/node-core.changelog-v4.xml::nullability::R3.Corda: Null constraint has been added to node_our_key_pairs.public_key
?[m?[37m[INFO] 11:12:11,483 [Test worker] liquibase. - master.changelog.json: migration/node-core.changelog-v4.xml::nullability::R3.Corda: Null constraint has been added to node_transaction_mappings.state_machine_run_id
?[m?[37m[INFO] 11:12:11,483 [Test worker] liquibase. - master.changelog.json: migration/node-core.changelog-v4.xml::nullability::R3.Corda: Null constraint has been added to node_transactions.transaction_value
?[m?[37m[INFO] 11:12:11,483 [Test worker] liquibase. - master.changelog.json: migration/node-core.changelog-v4.xml::nullability::R3.Corda: ChangeSet migration/node-core.changelog-v4.xml::nullability::R3.Corda ran successfully in 2ms
?[m?[37m[INFO] 11:12:11,484 [Test worker] liquibase. - master.changelog.json: migration/node-core.changelog-v5.xml::remove_unused_node_message_retry::R3.Corda: Table node_message_retry dropped
?[m?[37m[INFO] 11:12:11,484 [Test worker] liquibase. - master.changelog.json: migration/node-core.changelog-v5.xml::remove_unused_node_message_retry::R3.Corda: ChangeSet migration/node-core.changelog-v5.xml::remove_unused_node_message_retry::R3.Corda ran successfully in 0ms
?[m?[37m[INFO] 11:12:11,495 [Test worker] liquibase. - master.changelog.json: migration/node-core.changelog-v8.xml::conditional_attchments_rename::R3.Corda: Marking ChangeSet: migration/node-core.changelog-v8.xml::conditional_attchments_rename::R3.Corda ran despite precondition failure due to onFail='MARK_RAN': 
          master.changelog.json : Table PUBLIC.NODE_ATTCHMENTS_CONTRACTS does not exist

?[m?[37m[INFO] 11:12:11,502 [Test worker] liquibase. - master.changelog.json: migration/node-core.changelog-v8.xml::conditional_attchments_contracts::R3.Corda: Marking ChangeSet: migration/node-core.changelog-v8.xml::conditional_attchments_contracts::R3.Corda ran despite precondition failure due to onFail='MARK_RAN': 
          master.changelog.json : Table PUBLIC.NODE_ATTACHMENTS_CONTRACT_CLASS_NAME does not exist

?[m?[37m[INFO] 11:12:11,503 [Test worker] liquibase. - master.changelog.json: migration/node-core.changelog-v8.xml::add_signers::R3.Corda: Table node_attachments_signers created
?[m?[37m[INFO] 11:12:11,504 [Test worker] liquibase. - master.changelog.json: migration/node-core.changelog-v8.xml::add_signers::R3.Corda: Foreign key constraint added to node_attachments_signers (att_id)
?[m?[37m[INFO] 11:12:11,504 [Test worker] liquibase. - master.changelog.json: migration/node-core.changelog-v8.xml::add_signers::R3.Corda: ChangeSet migration/node-core.changelog-v8.xml::add_signers::R3.Corda ran successfully in 1ms
?[m?[37m[INFO] 11:12:11,506 [Test worker] liquibase. - master.changelog.json: migration/node-core.changelog-tx-mapping.xml::add_tx_mapping_column::R3.Corda: Columns state_machine_run_id(NVARCHAR(36)) added to node_transactions
?[m?[37m[INFO] 11:12:11,506 [Test worker] liquibase. - master.changelog.json: migration/node-core.changelog-tx-mapping.xml::add_tx_mapping_column::R3.Corda: Custom SQL executed
?[m?[37m[INFO] 11:12:11,506 [Test worker] liquibase. - master.changelog.json: migration/node-core.changelog-tx-mapping.xml::add_tx_mapping_column::R3.Corda: Table node_transaction_mappings dropped
?[m?[37m[INFO] 11:12:11,506 [Test worker] liquibase. - master.changelog.json: migration/node-core.changelog-tx-mapping.xml::add_tx_mapping_column::R3.Corda: ChangeSet migration/node-core.changelog-tx-mapping.xml::add_tx_mapping_column::R3.Corda ran successfully in 2ms
?[m?[37m[INFO] 11:12:11,507 [Test worker] liquibase. - master.changelog.json: migration/node-services.changelog-init.xml::add_network_parameters_storage::R3.Corda: Table node_network_parameters created
?[m?[37m[INFO] 11:12:11,507 [Test worker] liquibase. - master.changelog.json: migration/node-services.changelog-init.xml::add_network_parameters_storage::R3.Corda: ChangeSet migration/node-services.changelog-init.xml::add_network_parameters_storage::R3.Corda ran successfully in 0ms
?[m?[37m[INFO] 11:12:11,508 [Test worker] liquibase. - master.changelog.json: migration/node-services.changelog-init.xml::network_parameters_pk::R3.Corda: Primary key added to node_network_parameters (hash)
?[m?[37m[INFO] 11:12:11,508 [Test worker] liquibase. - master.changelog.json: migration/node-services.changelog-init.xml::network_parameters_pk::R3.Corda: ChangeSet migration/node-services.changelog-init.xml::network_parameters_pk::R3.Corda ran successfully in 0ms
?[m?[37m[INFO] 11:12:11,510 [Test worker] liquibase. - master.changelog.json: migration/node-services.changelog-init.xml::add_version_column::R3.Corda: Columns version(INT) added to node_attachments
?[m?[37m[INFO] 11:12:11,510 [Test worker] liquibase. - master.changelog.json: migration/node-services.changelog-init.xml::add_version_column::R3.Corda: Custom SQL executed
?[m?[37m[INFO] 11:12:11,510 [Test worker] liquibase. - master.changelog.json: migration/node-services.changelog-init.xml::add_version_column::R3.Corda: Null constraint has been added to node_attachments.version
?[m?[37m[INFO] 11:12:11,510 [Test worker] liquibase. - master.changelog.json: migration/node-services.changelog-init.xml::add_version_column::R3.Corda: ChangeSet migration/node-services.changelog-init.xml::add_version_column::R3.Corda ran successfully in 1ms
?[m?[37m[INFO] 11:12:11,511 [Test worker] persistence.AttachmentVersionNumberMigration. - Start executing...
?[m?[37m[INFO] 11:12:11,512 [Test worker] persistence.AttachmentVersionNumberMigration. - Attachment version creation from whitelisted JARs using network parameters from build/mock-network/20190407-151209.941/nodes/2/network-parameters, whitelistedContractImplementations: {}.
?[m?[37m[INFO] 11:12:11,512 [Test worker] persistence.AttachmentVersionNumberMigration. - Attachment version creation from whitelisted JARs skipped, no attachments not found.
?[m?[37m[INFO] 11:12:11,512 [Test worker] liquibase. - master.changelog.json: migration/node-services.changelog-init.xml::update-version-of-whitelisted-jars::R3.Corda: null
?[m?[37m[INFO] 11:12:11,512 [Test worker] liquibase. - master.changelog.json: migration/node-services.changelog-init.xml::update-version-of-whitelisted-jars::R3.Corda: ChangeSet migration/node-services.changelog-init.xml::update-version-of-whitelisted-jars::R3.Corda ran successfully in 1ms
?[m?[37m[INFO] 11:12:11,513 [Test worker] migration.VaultStateMigration. - Migrating vault state data to V4 tables
?[m?[37m[INFO] 11:12:11,514 [Test worker] persistence.HibernateConfiguration. - Init HibernateConfiguration for schemas: [VaultMigrationSchemaV1(name=net.corda.node.migration.VaultMigrationSchema, version=1), VaultSchemaV1(name=net.corda.node.services.vault.VaultSchema, version=1)]
?[m?[37m[INFO] 11:12:11,514 [Test worker] persistence.HibernateConfiguration. - Creating session factory for schemas: [VaultMigrationSchemaV1(name=net.corda.node.migration.VaultMigrationSchema, version=1), VaultSchemaV1(name=net.corda.node.services.vault.VaultSchema, version=1)]
?[m?[37m[INFO] 11:12:11,518 [Test worker] internal.ConnectionProviderInitiator. - HHH000130: Instantiating explicit connection provider: net.corda.nodeapi.internal.persistence.HibernateConfiguration$NodeDatabaseConnectionProvider
?[m?[37m[INFO] 11:12:11,519 [Test worker] dialect.Dialect. - HHH000400: Using dialect: org.hibernate.dialect.H2Dialect
?[m?[37m[INFO] 11:12:11,521 [Test worker] type.BasicTypeRegistry. - HHH000270: Type registration [materialized_blob] overrides previous : org.hibernate.type.MaterializedBlobType@13ae4c5f
?[m?[37m[INFO] 11:12:11,543 [Test worker] connections.access. - HHH10001501: Connection obtained from JdbcConnectionAccess [org.hibernate.engine.jdbc.env.internal.JdbcEnvironmentInitiator$ConnectionProviderJdbcConnectionAccess@6d6cbd2d] for (non-JTA) DDL execution was not in auto-commit mode; the Connection 'local transaction' will be committed and the Connection will be set into auto-commit mode.
?[m?[37m[INFO] 11:12:11,564 [Test worker] persistence.HibernateConfiguration. - Created session factory for schemas: [VaultMigrationSchemaV1(name=net.corda.node.migration.VaultMigrationSchema, version=1), VaultSchemaV1(name=net.corda.node.services.vault.VaultSchema, version=1)]
?[m?[37m[INFO] 11:12:11,564 [Test worker] internal.QueryTranslatorFactoryInitiator. - HHH000397: Using ASTQueryTranslatorFactory
?[m?[37m[INFO] 11:12:11,569 [Test worker] migration.VaultStateMigration. - Finished performing vault state data migration for 0 states
?[m?[37m[INFO] 11:12:11,569 [Test worker] liquibase. - master.changelog.json: migration/vault-schema.changelog-v9.xml::update-vault-states::R3.Corda: null
?[m?[37m[INFO] 11:12:11,569 [Test worker] liquibase. - master.changelog.json: migration/vault-schema.changelog-v9.xml::update-vault-states::R3.Corda: ChangeSet migration/vault-schema.changelog-v9.xml::update-vault-states::R3.Corda ran successfully in 56ms
?[m?[37m[INFO] 11:12:11,569 [Test worker] liquibase. - Successfully released change log lock
?[m?[37m[INFO] 11:12:11,570 [Test worker] internal.InternalMockNetwork$MockNode. - Connected to H2 database.
?[m?[37m[INFO] 11:12:11,570 [Test worker] internal.InternalMockNetwork$MockNode. - identity-private-key not found in key store, generating fresh key!
?[m?[37m[INFO] 11:12:11,583 [Test worker] persistence.HibernateConfiguration. - Init HibernateConfiguration for schemas: [CommonSchemaV1(name=net.corda.core.schemas.CommonSchema, version=1), VaultSchemaV1(name=net.corda.node.services.vault.VaultSchema, version=1), NodeInfoSchemaV1(name=net.corda.node.internal.schemas.NodeInfoSchema, version=1), NodeCoreV1(name=net.corda.node.services.schema.NodeSchemaService$NodeCore, version=1), FNOLSchemaV1(name=com.example.schema.FNOLSchema, version=1), IOUSchemaV1(name=com.example.schema.IOUSchema, version=1)]
?[m?[37m[INFO] 11:12:11,583 [Test worker] persistence.HibernateConfiguration. - Creating session factory for schemas: [CommonSchemaV1(name=net.corda.core.schemas.CommonSchema, version=1), VaultSchemaV1(name=net.corda.node.services.vault.VaultSchema, version=1), NodeInfoSchemaV1(name=net.corda.node.internal.schemas.NodeInfoSchema, version=1), NodeCoreV1(name=net.corda.node.services.schema.NodeSchemaService$NodeCore, version=1), FNOLSchemaV1(name=com.example.schema.FNOLSchema, version=1), IOUSchemaV1(name=com.example.schema.IOUSchema, version=1)]
?[m?[37m[INFO] 11:12:11,587 [Test worker] internal.ConnectionProviderInitiator. - HHH000130: Instantiating explicit connection provider: net.corda.nodeapi.internal.persistence.HibernateConfiguration$NodeDatabaseConnectionProvider
?[m?[37m[INFO] 11:12:11,587 [Test worker] dialect.Dialect. - HHH000400: Using dialect: org.hibernate.dialect.H2Dialect
?[m?[37m[INFO] 11:12:11,588 [Test worker] type.BasicTypeRegistry. - HHH000270: Type registration [materialized_blob] overrides previous : org.hibernate.type.MaterializedBlobType@13ae4c5f
?[m?[37m[INFO] 11:12:11,637 [Test worker] connections.access. - HHH10001501: Connection obtained from JdbcConnectionAccess [org.hibernate.engine.jdbc.env.internal.JdbcEnvironmentInitiator$ConnectionProviderJdbcConnectionAccess@14facf87] for (non-JTA) DDL execution was not in auto-commit mode; the Connection 'local transaction' will be committed and the Connection will be set into auto-commit mode.
?[m?[37m[INFO] 11:12:11,670 [Test worker] persistence.HibernateConfiguration. - Created session factory for schemas: [CommonSchemaV1(name=net.corda.core.schemas.CommonSchema, version=1), VaultSchemaV1(name=net.corda.node.services.vault.VaultSchema, version=1), NodeInfoSchemaV1(name=net.corda.node.internal.schemas.NodeInfoSchema, version=1), NodeCoreV1(name=net.corda.node.services.schema.NodeSchemaService$NodeCore, version=1), FNOLSchemaV1(name=com.example.schema.FNOLSchema, version=1), IOUSchemaV1(name=com.example.schema.IOUSchema, version=1)]
?[m?[37m[INFO] 11:12:11,671 [Test worker] internal.QueryTranslatorFactoryInitiator. - HHH000397: Using ASTQueryTranslatorFactory
?[m?[37m[INFO] 11:12:11,673 [Test worker] internal.InternalMockNetwork$MockNode. - Node-info has changed so submitting update. Old node-info was null
?[m?[37m[INFO] 11:12:11,673 [Test worker] network.PersistentNetworkMapCache. - Adding node with info: NodeInfo(addresses=[mock.node:1000], legalIdentitiesAndCerts=[O=Mock Company 2, L=London, C=GB], platformVersion=4, serial=1554649931673)
?[m?[37m[INFO] 11:12:11,674 [Test worker] network.PersistentNetworkMapCache. - No previous node found
?[m?[37m[INFO] 11:12:11,679 [Test worker] internal.InternalMockNetwork$MockNode. - New node-info: NodeInfo(addresses=[mock.node:1000], legalIdentitiesAndCerts=[O=Mock Company 2, L=London, C=GB], platformVersion=4, serial=1554649931673)
?[m?[37m[INFO] 11:12:11,684 [Test worker] network.NetworkMapUpdater. - Auto-accept enabled for network parameter changes which modify only: [epoch, modifiedTime, packageOwnership, whitelistedContractImplementations]
?[m?[37m[INFO] 11:12:11,687 [MockNode-9-2] network.PersistentNetworkMapCache. - Adding node with info: NodeInfo(addresses=[mock.node:1000], legalIdentitiesAndCerts=[O=Mock Company 2, L=London, C=GB], platformVersion=4, serial=1554649931673)
?[m?[37m[INFO] 11:12:11,690 [MockNode-9-2] network.PersistentNetworkMapCache. - Previous node was identical to incoming one - doing nothing
?[m?[37m[INFO] 11:12:11,711 [Test worker] ClassloaderUtils. - Contracts loading for '/var/folders/5q/xy985yhj7rg30rc4c_z3gd4m0000gn/T/attachment4416570056982673006.jar' took 20 msec
?[m?[37m[INFO] 11:12:11,720 [Test worker] persistence.NodeAttachmentService. - Stored new attachment: id=B0DC6BB384D1A6B002EFC0F67EDD756DE1A1E8883DAE28EEB966064A6EF48F64 uploader=app filename=null
?[m?[37m[INFO] 11:12:11,725 [Test worker] statemachine.SingleThreadedStateMachineManager. - Node ready, info: NodeInfo(addresses=[mock.node:1000], legalIdentitiesAndCerts=[O=Mock Company 2, L=London, C=GB], platformVersion=4, serial=1554649931673)
?[m?[37m[INFO] 11:12:11,727 [Test worker] network.PersistentNetworkMapCache. - Adding node with info: NodeInfo(addresses=[mock.node:1000], legalIdentitiesAndCerts=[O=Notary Service, L=Zurich, C=CH], platformVersion=4, serial=1554649930491)
?[m?[37m[INFO] 11:12:11,728 [Test worker] network.PersistentNetworkMapCache. - No previous node found
?[m?[37m[INFO] 11:12:11,734 [Test worker] network.PersistentNetworkMapCache. - Adding node with info: NodeInfo(addresses=[mock.node:1000], legalIdentitiesAndCerts=[O=Mock Company 2, L=London, C=GB], platformVersion=4, serial=1554649931673)
?[m?[37m[INFO] 11:12:11,735 [Test worker] network.PersistentNetworkMapCache. - No previous node found
?[m?[37m[INFO] 11:12:11,741 [Test worker] network.PersistentNetworkMapCache. - Adding node with info: NodeInfo(addresses=[mock.node:1000], legalIdentitiesAndCerts=[O=Mock Company 1, L=London, C=GB], platformVersion=4, serial=1554649931115)
?[m?[37m[INFO] 11:12:11,742 [Test worker] network.PersistentNetworkMapCache. - No previous node found
?[m?[37m[INFO] 11:12:11,747 [Test worker] network.PersistentNetworkMapCache. - Adding node with info: NodeInfo(addresses=[mock.node:1000], legalIdentitiesAndCerts=[O=Mock Company 2, L=London, C=GB], platformVersion=4, serial=1554649931673)
?[m?[37m[INFO] 11:12:11,748 [Test worker] network.PersistentNetworkMapCache. - No previous node found
?[m?[37m[INFO] 11:12:11,754 [Test worker] network.PersistentNetworkMapCache. - Adding node with info: NodeInfo(addresses=[mock.node:1000], legalIdentitiesAndCerts=[O=Mock Company 2, L=London, C=GB], platformVersion=4, serial=1554649931673)
?[m?[37m[INFO] 11:12:11,754 [Test worker] network.PersistentNetworkMapCache. - Previous node was identical to incoming one - doing nothing
?[m?[37m[INFO] 11:12:11,754 [Test worker] network.PersistentNetworkMapCache. - Adding node with info: NodeInfo(addresses=[mock.node:1000], legalIdentitiesAndCerts=[O=Mock Company 2, L=London, C=GB], platformVersion=4, serial=1554649931673)
?[m?[37m[INFO] 11:12:11,754 [Test worker] network.PersistentNetworkMapCache. - Previous node was identical to incoming one - doing nothing
?[m?[31m[WARN] 11:12:11,754 [Test worker] internal.NodeFlowManager. - Multiple flows are registered for InitiatingFlow: class com.example.flow.ExampleFlow$Initiator, currently using: class com.example.flow.ExampleFlow$Acceptor
?[m?[37m[INFO] 11:12:11,754 [Test worker] internal.NodeFlowManager. - Registered com.example.flow.ExampleFlow$Initiator to initiate com.example.flow.ExampleFlow$Acceptor (version 1)
?[m?[31m[WARN] 11:12:11,754 [Test worker] internal.NodeFlowManager. - Multiple flows are registered for InitiatingFlow: class com.example.flow.ExampleFlow$Initiator, currently using: class com.example.flow.ExampleFlow$Acceptor
?[m?[37m[INFO] 11:12:11,754 [Test worker] internal.NodeFlowManager. - Registered com.example.flow.ExampleFlow$Initiator to initiate com.example.flow.ExampleFlow$Acceptor (version 1)
?[m?[31m[WARN] 11:12:12,554 [Mock network] corda.flow. - ProgressTracker has not been started {actor_id=Only For Testing, actor_owning_identity=O=Mock Company 1, L=London, C=GB, actor_store_id=TEST, fiber-id=10000004, flow-id=7c2f4270-d07d-4341-a899-da97431ac176, invocation_id=8d5fab86-0d94-4fd0-8a62-8344982aafd1, invocation_timestamp=2019-04-07T15:12:11.755Z, origin=Only For Testing, session_id=8d5fab86-0d94-4fd0-8a62-8344982aafd1, session_timestamp=2019-04-07T15:12:11.755Z, thread-id=972}
?[m?[37m[INFO] 11:12:12,590 [Mock network] corda.flow. - Received transaction acknowledgement request from party O=Mock Company 1, L=London, C=GB. {fiber-id=10000005, flow-id=e0866ea2-5008-4aee-843e-6c0edd34ebf5, invocation_id=26530da4-8254-4ffd-b3f9-7a7e10732379, invocation_timestamp=2019-04-07T15:12:12.576Z, origin=O=Mock Company 1, L=London, C=GB, session_id=26530da4-8254-4ffd-b3f9-7a7e10732379, session_timestamp=2019-04-07T15:12:12.576Z, thread-id=972, tx_id=603AB151540B53C3A37B7DC573A2F3B26303C1F4B88E41F4655347A718DB5EDB}
?[m?[31m[WARN] 11:12:12,590 [Mock network] corda.flow. - ProgressTracker has not been started {fiber-id=10000005, flow-id=e0866ea2-5008-4aee-843e-6c0edd34ebf5, invocation_id=26530da4-8254-4ffd-b3f9-7a7e10732379, invocation_timestamp=2019-04-07T15:12:12.576Z, origin=O=Mock Company 1, L=London, C=GB, session_id=26530da4-8254-4ffd-b3f9-7a7e10732379, session_timestamp=2019-04-07T15:12:12.576Z, thread-id=972, tx_id=603AB151540B53C3A37B7DC573A2F3B26303C1F4B88E41F4655347A718DB5EDB}
?[m?[37m[INFO] 11:12:12,599 [Mock network] corda.flow. - Transaction dependencies resolution completed. {fiber-id=10000005, flow-id=e0866ea2-5008-4aee-843e-6c0edd34ebf5, invocation_id=26530da4-8254-4ffd-b3f9-7a7e10732379, invocation_timestamp=2019-04-07T15:12:12.576Z, origin=O=Mock Company 1, L=London, C=GB, session_id=26530da4-8254-4ffd-b3f9-7a7e10732379, session_timestamp=2019-04-07T15:12:12.576Z, thread-id=972, tx_id=603AB151540B53C3A37B7DC573A2F3B26303C1F4B88E41F4655347A718DB5EDB}
?[m?[31m[WARN] 11:12:12,629 [Mock network] corda.flow. - ProgressTracker has not been started {fiber-id=10000005, flow-id=e0866ea2-5008-4aee-843e-6c0edd34ebf5, invocation_id=26530da4-8254-4ffd-b3f9-7a7e10732379, invocation_timestamp=2019-04-07T15:12:12.576Z, origin=O=Mock Company 1, L=London, C=GB, session_id=26530da4-8254-4ffd-b3f9-7a7e10732379, session_timestamp=2019-04-07T15:12:12.576Z, thread-id=972, tx_id=603AB151540B53C3A37B7DC573A2F3B26303C1F4B88E41F4655347A718DB5EDB}
?[m?[37m[INFO] 11:12:12,640 [Mock network] corda.flow. - No need to notarise this transaction. {actor_id=Only For Testing, actor_owning_identity=O=Mock Company 1, L=London, C=GB, actor_store_id=TEST, fiber-id=10000004, flow-id=7c2f4270-d07d-4341-a899-da97431ac176, invocation_id=8d5fab86-0d94-4fd0-8a62-8344982aafd1, invocation_timestamp=2019-04-07T15:12:11.755Z, origin=Only For Testing, session_id=8d5fab86-0d94-4fd0-8a62-8344982aafd1, session_timestamp=2019-04-07T15:12:11.755Z, thread-id=972, tx_id=603AB151540B53C3A37B7DC573A2F3B26303C1F4B88E41F4655347A718DB5EDB}
?[m?[37m[INFO] 11:12:12,640 [Mock network] corda.flow. - Recording transaction locally. {actor_id=Only For Testing, actor_owning_identity=O=Mock Company 1, L=London, C=GB, actor_store_id=TEST, fiber-id=10000004, flow-id=7c2f4270-d07d-4341-a899-da97431ac176, invocation_id=8d5fab86-0d94-4fd0-8a62-8344982aafd1, invocation_timestamp=2019-04-07T15:12:11.755Z, origin=Only For Testing, session_id=8d5fab86-0d94-4fd0-8a62-8344982aafd1, session_timestamp=2019-04-07T15:12:11.755Z, thread-id=972, tx_id=603AB151540B53C3A37B7DC573A2F3B26303C1F4B88E41F4655347A718DB5EDB}
?[m?[37m[INFO] 11:12:12,650 [Mock network] corda.flow. - Recorded transaction locally successfully. {actor_id=Only For Testing, actor_owning_identity=O=Mock Company 1, L=London, C=GB, actor_store_id=TEST, fiber-id=10000004, flow-id=7c2f4270-d07d-4341-a899-da97431ac176, invocation_id=8d5fab86-0d94-4fd0-8a62-8344982aafd1, invocation_timestamp=2019-04-07T15:12:11.755Z, origin=Only For Testing, session_id=8d5fab86-0d94-4fd0-8a62-8344982aafd1, session_timestamp=2019-04-07T15:12:11.755Z, thread-id=972, tx_id=603AB151540B53C3A37B7DC573A2F3B26303C1F4B88E41F4655347A718DB5EDB}
?[m?[37m[INFO] 11:12:12,660 [Mock network] corda.flow. - Received transaction acknowledgement request from party O=Mock Company 1, L=London, C=GB. {fiber-id=10000005, flow-id=e0866ea2-5008-4aee-843e-6c0edd34ebf5, invocation_id=26530da4-8254-4ffd-b3f9-7a7e10732379, invocation_timestamp=2019-04-07T15:12:12.576Z, origin=O=Mock Company 1, L=London, C=GB, session_id=26530da4-8254-4ffd-b3f9-7a7e10732379, session_timestamp=2019-04-07T15:12:12.576Z, thread-id=972, tx_id=603AB151540B53C3A37B7DC573A2F3B26303C1F4B88E41F4655347A718DB5EDB}
?[m?[31m[WARN] 11:12:12,660 [Mock network] corda.flow. - ProgressTracker has not been started {fiber-id=10000005, flow-id=e0866ea2-5008-4aee-843e-6c0edd34ebf5, invocation_id=26530da4-8254-4ffd-b3f9-7a7e10732379, invocation_timestamp=2019-04-07T15:12:12.576Z, origin=O=Mock Company 1, L=London, C=GB, session_id=26530da4-8254-4ffd-b3f9-7a7e10732379, session_timestamp=2019-04-07T15:12:12.576Z, thread-id=972, tx_id=603AB151540B53C3A37B7DC573A2F3B26303C1F4B88E41F4655347A718DB5EDB}
?[m?[37m[INFO] 11:12:12,664 [Mock network] corda.flow. - Transaction dependencies resolution completed. {fiber-id=10000005, flow-id=e0866ea2-5008-4aee-843e-6c0edd34ebf5, invocation_id=26530da4-8254-4ffd-b3f9-7a7e10732379, invocation_timestamp=2019-04-07T15:12:12.576Z, origin=O=Mock Company 1, L=London, C=GB, session_id=26530da4-8254-4ffd-b3f9-7a7e10732379, session_timestamp=2019-04-07T15:12:12.576Z, thread-id=972, tx_id=603AB151540B53C3A37B7DC573A2F3B26303C1F4B88E41F4655347A718DB5EDB}
?[m?[37m[INFO] 11:12:12,668 [Mock network] corda.flow. - Successfully received fully signed tx. Sending it to the vault for processing. {fiber-id=10000005, flow-id=e0866ea2-5008-4aee-843e-6c0edd34ebf5, invocation_id=26530da4-8254-4ffd-b3f9-7a7e10732379, invocation_timestamp=2019-04-07T15:12:12.576Z, origin=O=Mock Company 1, L=London, C=GB, session_id=26530da4-8254-4ffd-b3f9-7a7e10732379, session_timestamp=2019-04-07T15:12:12.576Z, thread-id=972, tx_id=603AB151540B53C3A37B7DC573A2F3B26303C1F4B88E41F4655347A718DB5EDB}
?[m?[37m[INFO] 11:12:12,671 [Mock network] corda.flow. - Successfully recorded received transaction locally. {fiber-id=10000005, flow-id=e0866ea2-5008-4aee-843e-6c0edd34ebf5, invocation_id=26530da4-8254-4ffd-b3f9-7a7e10732379, invocation_timestamp=2019-04-07T15:12:12.576Z, origin=O=Mock Company 1, L=London, C=GB, session_id=26530da4-8254-4ffd-b3f9-7a7e10732379, session_timestamp=2019-04-07T15:12:12.576Z, thread-id=972, tx_id=603AB151540B53C3A37B7DC573A2F3B26303C1F4B88E41F4655347A718DB5EDB}
?[m?[37m[INFO] 11:12:12,678 [Mock network] corda.flow. - Party O=Mock Company 2, L=London, C=GB received the transaction. {actor_id=Only For Testing, actor_owning_identity=O=Mock Company 1, L=London, C=GB, actor_store_id=TEST, fiber-id=10000004, flow-id=7c2f4270-d07d-4341-a899-da97431ac176, invocation_id=8d5fab86-0d94-4fd0-8a62-8344982aafd1, invocation_timestamp=2019-04-07T15:12:11.755Z, origin=Only For Testing, session_id=8d5fab86-0d94-4fd0-8a62-8344982aafd1, session_timestamp=2019-04-07T15:12:11.755Z, thread-id=972, tx_id=603AB151540B53C3A37B7DC573A2F3B26303C1F4B88E41F4655347A718DB5EDB}
?[m?[37m[INFO] 11:12:12,678 [Mock network] corda.flow. - All parties received the transaction successfully. {actor_id=Only For Testing, actor_owning_identity=O=Mock Company 1, L=London, C=GB, actor_store_id=TEST, fiber-id=10000004, flow-id=7c2f4270-d07d-4341-a899-da97431ac176, invocation_id=8d5fab86-0d94-4fd0-8a62-8344982aafd1, invocation_timestamp=2019-04-07T15:12:11.755Z, origin=Only For Testing, session_id=8d5fab86-0d94-4fd0-8a62-8344982aafd1, session_timestamp=2019-04-07T15:12:11.755Z, thread-id=972, tx_id=603AB151540B53C3A37B7DC573A2F3B26303C1F4B88E41F4655347A718DB5EDB}
?[m?[37m[INFO] 11:12:12,686 [Test worker] pool.HikariPool. - HikariPool-7 - Close initiated...
?[m?[37m[INFO] 11:12:12,687 [Test worker] pool.HikariPool. - HikariPool-7 - Closed.
?[m?[37m[INFO] 11:12:12,688 [Test worker] pool.HikariPool. - HikariPool-8 - Close initiated...
?[m?[37m[INFO] 11:12:12,689 [Test worker] pool.HikariPool. - HikariPool-8 - Closed.
?[m?[37m[INFO] 11:12:12,689 [Test worker] pool.HikariPool. - HikariPool-9 - Close initiated...
?[m?[37m[INFO] 11:12:12,690 [Test worker] pool.HikariPool. - HikariPool-9 - Closed.
?[m?[37m[INFO] 11:12:12,737 [Test worker] cordapp.JarScanningCordappLoader. - Looking for CorDapps in [build/mock-network/20190407-151212.691/nodes/0/cordapps]
?[m?[37m[INFO] 11:12:12,737 [Test worker] cordapp.JarScanningCordappLoader. - Loading CorDapps from RestrictedURL(url=file:/Users/vivian.a.chen/Hackathon/samples/cordapp-example/workflows-kotlin/build/mock-network/20190407-151212.691/nodes/0/cordapps/cordapp-example-workflows-0.1.jar, rootPackageName=null), RestrictedURL(url=file:/Users/vivian.a.chen/Hackathon/samples/cordapp-example/workflows-kotlin/build/mock-network/20190407-151212.691/nodes/0/cordapps/cordapp-example-contracts-0.1.jar, rootPackageName=null)
?[m?[37m[INFO] 11:12:12,737 [Test worker] cordapp.JarScanningCordappLoader. - Scanning CorDapp in file:/Users/vivian.a.chen/Hackathon/samples/cordapp-example/workflows-kotlin/build/mock-network/20190407-151212.691/nodes/0/cordapps/cordapp-example-workflows-0.1.jar
?[m?[37m[INFO] 11:12:12,759 [Test worker] cordapp.JarScanningCordappLoader. - Found notary service CorDapp implementations: 
?[m?[37m[INFO] 11:12:12,759 [Test worker] cordapp.JarScanningCordappLoader. - Scanning CorDapp in file:/Users/vivian.a.chen/Hackathon/samples/cordapp-example/workflows-kotlin/build/mock-network/20190407-151212.691/nodes/0/cordapps/cordapp-example-contracts-0.1.jar
?[m?[37m[INFO] 11:12:12,780 [Test worker] cordapp.JarScanningCordappLoader. - Found notary service CorDapp implementations: 
?[m?[37m[INFO] 11:12:12,785 [Test worker] internal.InternalMockNetwork$MockNode. - Node starting up ...
?[m?[37m[INFO] 11:12:12,788 [Test worker] internal.NodeFlowManager. - Registered com.example.flow.CreateFNOLFlow$Initiator to initiate com.example.flow.CreateFNOLFlow$Acceptor (version 1)
?[m?[37m[INFO] 11:12:12,788 [Test worker] internal.NodeFlowManager. - Registered com.example.flow.ExampleFlow$Initiator to initiate com.example.flow.ExampleFlow$Acceptor (version 1)
?[m?[37m[INFO] 11:12:12,789 [Test worker] internal.NodeFlowManager. - Registered com.example.flow.UpdateFNOLFlow$Initiator to initiate com.example.flow.UpdateFNOLFlow$Acceptor (version 1)
?[m?[37m[INFO] 11:12:12,792 [Test worker] internal.InternalMockNetwork$MockNode. - Loaded network parameters: NetworkParameters {
      minimumPlatformVersion=1
      notaries=[NotaryInfo(identity=O=Notary Service, L=Zurich, C=CH, validating=true)]
      maxMessageSize=10485760
      maxTransactionSize=524288000
      whitelistedContractImplementations {
        
      }
      eventHorizon=PT720H
      packageOwnership {
        
      }
      modifiedTime=2019-04-07T15:12:12.691Z
      epoch=1
  }
?[m?[37m[INFO] 11:12:12,792 [Test worker] hikari.HikariDataSource. - HikariPool-10 - Started.
?[m?[37m[INFO] 11:12:12,917 [Test worker] liquibase. - Creating database history table with name: PUBLIC.DATABASECHANGELOG
?[m?[37m[INFO] 11:12:12,919 [Test worker] liquibase. - Reading from PUBLIC.DATABASECHANGELOG
?[m?[37m[INFO] 11:12:12,921 [Test worker] liquibase. - master.changelog.json: migration/common.changelog-init.xml::1511451595465-1.3::R3.Corda: Skipping changeSet migration/common.changelog-init.xml::1511451595465-1.3::R3.Corda due to validation error(s): minValue is not allowed on h2
?[m?[37m[INFO] 11:12:12,925 [Test worker] liquibase. - master.changelog.json: migration/vault-schema.changelog-pkey.xml::non-clustered_pk-11::R3.Corda: Skipping changeSet migration/vault-schema.changelog-pkey.xml::non-clustered_pk-11::R3.Corda due to validation error(s): clustered is not allowed on h2
?[m?[37m[INFO] 11:12:12,925 [Test worker] liquibase. - master.changelog.json: migration/vault-schema.changelog-pkey.xml::non-clustered_pk-12::R3.Corda: Skipping changeSet migration/vault-schema.changelog-pkey.xml::non-clustered_pk-12::R3.Corda due to validation error(s): clustered is not allowed on h2
?[m?[37m[INFO] 11:12:12,925 [Test worker] liquibase. - master.changelog.json: migration/vault-schema.changelog-pkey.xml::non-clustered_pk-13::R3.Corda: Skipping changeSet migration/vault-schema.changelog-pkey.xml::non-clustered_pk-13::R3.Corda due to validation error(s): clustered is not allowed on h2
?[m?[37m[INFO] 11:12:12,932 [Test worker] liquibase. - master.changelog.json: migration/node-core.changelog-pkey.xml::non-clustered_pk-1::R3.Corda: Skipping changeSet migration/node-core.changelog-pkey.xml::non-clustered_pk-1::R3.Corda due to validation error(s): clustered is not allowed on h2
?[m?[37m[INFO] 11:12:12,932 [Test worker] liquibase. - master.changelog.json: migration/node-core.changelog-pkey.xml::non-clustered_pk-2::R3.Corda: Skipping changeSet migration/node-core.changelog-pkey.xml::non-clustered_pk-2::R3.Corda due to validation error(s): clustered is not allowed on h2
?[m?[37m[INFO] 11:12:12,933 [Test worker] liquibase. - master.changelog.json: migration/node-core.changelog-pkey.xml::non-clustered_pk-3::R3.Corda: Skipping changeSet migration/node-core.changelog-pkey.xml::non-clustered_pk-3::R3.Corda due to validation error(s): clustered is not allowed on h2
?[m?[37m[INFO] 11:12:12,933 [Test worker] liquibase. - master.changelog.json: migration/node-core.changelog-pkey.xml::non-clustered_pk-4::R3.Corda: Skipping changeSet migration/node-core.changelog-pkey.xml::non-clustered_pk-4::R3.Corda due to validation error(s): clustered is not allowed on h2
?[m?[37m[INFO] 11:12:12,933 [Test worker] liquibase. - master.changelog.json: migration/node-core.changelog-pkey.xml::non-clustered_pk-5::R3.Corda: Skipping changeSet migration/node-core.changelog-pkey.xml::non-clustered_pk-5::R3.Corda due to validation error(s): clustered is not allowed on h2
?[m?[37m[INFO] 11:12:12,933 [Test worker] liquibase. - master.changelog.json: migration/node-core.changelog-pkey.xml::non-clustered_pk-6::R3.Corda: Skipping changeSet migration/node-core.changelog-pkey.xml::non-clustered_pk-6::R3.Corda due to validation error(s): clustered is not allowed on h2
?[m?[37m[INFO] 11:12:12,933 [Test worker] liquibase. - master.changelog.json: migration/node-core.changelog-pkey.xml::non-clustered_pk-7::R3.Corda: Skipping changeSet migration/node-core.changelog-pkey.xml::non-clustered_pk-7::R3.Corda due to validation error(s): clustered is not allowed on h2
?[m?[37m[INFO] 11:12:12,936 [Test worker] liquibase. - master.changelog.json: migration/node-notary.changelog-pkey.xml::non-clustered_pk-notary_state::R3.Corda: Skipping changeSet migration/node-notary.changelog-pkey.xml::non-clustered_pk-notary_state::R3.Corda due to validation error(s): clustered is not allowed on h2
?[m?[37m[INFO] 11:12:12,937 [Test worker] liquibase. - Successfully acquired change log lock
?[m?[37m[INFO] 11:12:12,937 [Test worker] liquibase. - master.changelog.json: migration/common.changelog-init.xml::1511451595465-1.3::R3.Corda: Skipping changeSet migration/common.changelog-init.xml::1511451595465-1.3::R3.Corda due to validation error(s): minValue is not allowed on h2
?[m?[37m[INFO] 11:12:12,939 [Test worker] liquibase. - master.changelog.json: migration/vault-schema.changelog-pkey.xml::non-clustered_pk-11::R3.Corda: Skipping changeSet migration/vault-schema.changelog-pkey.xml::non-clustered_pk-11::R3.Corda due to validation error(s): clustered is not allowed on h2
?[m?[37m[INFO] 11:12:12,939 [Test worker] liquibase. - master.changelog.json: migration/vault-schema.changelog-pkey.xml::non-clustered_pk-12::R3.Corda: Skipping changeSet migration/vault-schema.changelog-pkey.xml::non-clustered_pk-12::R3.Corda due to validation error(s): clustered is not allowed on h2
?[m?[37m[INFO] 11:12:12,939 [Test worker] liquibase. - master.changelog.json: migration/vault-schema.changelog-pkey.xml::non-clustered_pk-13::R3.Corda: Skipping changeSet migration/vault-schema.changelog-pkey.xml::non-clustered_pk-13::R3.Corda due to validation error(s): clustered is not allowed on h2
?[m?[37m[INFO] 11:12:12,942 [Test worker] liquibase. - master.changelog.json: migration/node-core.changelog-pkey.xml::non-clustered_pk-1::R3.Corda: Skipping changeSet migration/node-core.changelog-pkey.xml::non-clustered_pk-1::R3.Corda due to validation error(s): clustered is not allowed on h2
?[m?[37m[INFO] 11:12:12,942 [Test worker] liquibase. - master.changelog.json: migration/node-core.changelog-pkey.xml::non-clustered_pk-2::R3.Corda: Skipping changeSet migration/node-core.changelog-pkey.xml::non-clustered_pk-2::R3.Corda due to validation error(s): clustered is not allowed on h2
?[m?[37m[INFO] 11:12:12,942 [Test worker] liquibase. - master.changelog.json: migration/node-core.changelog-pkey.xml::non-clustered_pk-3::R3.Corda: Skipping changeSet migration/node-core.changelog-pkey.xml::non-clustered_pk-3::R3.Corda due to validation error(s): clustered is not allowed on h2
?[m?[37m[INFO] 11:12:12,942 [Test worker] liquibase. - master.changelog.json: migration/node-core.changelog-pkey.xml::non-clustered_pk-4::R3.Corda: Skipping changeSet migration/node-core.changelog-pkey.xml::non-clustered_pk-4::R3.Corda due to validation error(s): clustered is not allowed on h2
?[m?[37m[INFO] 11:12:12,942 [Test worker] liquibase. - master.changelog.json: migration/node-core.changelog-pkey.xml::non-clustered_pk-5::R3.Corda: Skipping changeSet migration/node-core.changelog-pkey.xml::non-clustered_pk-5::R3.Corda due to validation error(s): clustered is not allowed on h2
?[m?[37m[INFO] 11:12:12,942 [Test worker] liquibase. - master.changelog.json: migration/node-core.changelog-pkey.xml::non-clustered_pk-6::R3.Corda: Skipping changeSet migration/node-core.changelog-pkey.xml::non-clustered_pk-6::R3.Corda due to validation error(s): clustered is not allowed on h2
?[m?[37m[INFO] 11:12:12,942 [Test worker] liquibase. - master.changelog.json: migration/node-core.changelog-pkey.xml::non-clustered_pk-7::R3.Corda: Skipping changeSet migration/node-core.changelog-pkey.xml::non-clustered_pk-7::R3.Corda due to validation error(s): clustered is not allowed on h2
?[m?[37m[INFO] 11:12:12,943 [Test worker] liquibase. - master.changelog.json: migration/node-notary.changelog-pkey.xml::non-clustered_pk-notary_state::R3.Corda: Skipping changeSet migration/node-notary.changelog-pkey.xml::non-clustered_pk-notary_state::R3.Corda due to validation error(s): clustered is not allowed on h2
?[m?[37m[INFO] 11:12:12,943 [Test worker] liquibase. - master.changelog.json: migration/common.changelog-init.xml::1511451595465-1.1::R3.Corda: Sequence hibernate_sequence created
?[m?[37m[INFO] 11:12:12,943 [Test worker] liquibase. - master.changelog.json: migration/common.changelog-init.xml::1511451595465-1.1::R3.Corda: ChangeSet migration/common.changelog-init.xml::1511451595465-1.1::R3.Corda ran successfully in 0ms
?[m?[37m[INFO] 11:12:12,945 [Test worker] liquibase. - master.changelog.json: migration/vault-schema.changelog-init.xml::1511451595465-22::R3.Corda: Table vault_fungible_states created
?[m?[37m[INFO] 11:12:12,945 [Test worker] liquibase. - master.changelog.json: migration/vault-schema.changelog-init.xml::1511451595465-22::R3.Corda: ChangeSet migration/vault-schema.changelog-init.xml::1511451595465-22::R3.Corda ran successfully in 1ms
?[m?[37m[INFO] 11:12:12,945 [Test worker] liquibase. - master.changelog.json: migration/vault-schema.changelog-init.xml::1511451595465-23::R3.Corda: Table vault_fungible_states_parts created
?[m?[37m[INFO] 11:12:12,945 [Test worker] liquibase. - master.changelog.json: migration/vault-schema.changelog-init.xml::1511451595465-23::R3.Corda: ChangeSet migration/vault-schema.changelog-init.xml::1511451595465-23::R3.Corda ran successfully in 0ms
?[m?[37m[INFO] 11:12:12,946 [Test worker] liquibase. - master.changelog.json: migration/vault-schema.changelog-init.xml::1511451595465-24::R3.Corda: Table vault_linear_states created
?[m?[37m[INFO] 11:12:12,946 [Test worker] liquibase. - master.changelog.json: migration/vault-schema.changelog-init.xml::1511451595465-24::R3.Corda: ChangeSet migration/vault-schema.changelog-init.xml::1511451595465-24::R3.Corda ran successfully in 0ms
?[m?[37m[INFO] 11:12:12,947 [Test worker] liquibase. - master.changelog.json: migration/vault-schema.changelog-init.xml::1511451595465-25::R3.Corda: Table vault_linear_states_parts created
?[m?[37m[INFO] 11:12:12,947 [Test worker] liquibase. - master.changelog.json: migration/vault-schema.changelog-init.xml::1511451595465-25::R3.Corda: ChangeSet migration/vault-schema.changelog-init.xml::1511451595465-25::R3.Corda ran successfully in 0ms
?[m?[37m[INFO] 11:12:12,948 [Test worker] liquibase. - master.changelog.json: migration/vault-schema.changelog-init.xml::1511451595465-26::R3.Corda: Table vault_states created
?[m?[37m[INFO] 11:12:12,948 [Test worker] liquibase. - master.changelog.json: migration/vault-schema.changelog-init.xml::1511451595465-26::R3.Corda: ChangeSet migration/vault-schema.changelog-init.xml::1511451595465-26::R3.Corda ran successfully in 1ms
?[m?[37m[INFO] 11:12:12,949 [Test worker] liquibase. - master.changelog.json: migration/vault-schema.changelog-init.xml::1511451595465-27::R3.Corda: Table vault_transaction_notes created
?[m?[37m[INFO] 11:12:12,949 [Test worker] liquibase. - master.changelog.json: migration/vault-schema.changelog-init.xml::1511451595465-27::R3.Corda: ChangeSet migration/vault-schema.changelog-init.xml::1511451595465-27::R3.Corda ran successfully in 1ms
?[m?[37m[INFO] 11:12:12,950 [Test worker] liquibase. - master.changelog.json: migration/vault-schema.changelog-init.xml::1511451595465-47::R3.Corda: Primary key added to vault_fungible_states (output_index, transaction_id)
?[m?[37m[INFO] 11:12:12,950 [Test worker] liquibase. - master.changelog.json: migration/vault-schema.changelog-init.xml::1511451595465-47::R3.Corda: ChangeSet migration/vault-schema.changelog-init.xml::1511451595465-47::R3.Corda ran successfully in 1ms
?[m?[37m[INFO] 11:12:12,950 [Test worker] liquibase. - master.changelog.json: migration/vault-schema.changelog-init.xml::1511451595465-48::R3.Corda: Primary key added to vault_linear_states (output_index, transaction_id)
?[m?[37m[INFO] 11:12:12,950 [Test worker] liquibase. - master.changelog.json: migration/vault-schema.changelog-init.xml::1511451595465-48::R3.Corda: ChangeSet migration/vault-schema.changelog-init.xml::1511451595465-48::R3.Corda ran successfully in 0ms
?[m?[37m[INFO] 11:12:12,951 [Test worker] liquibase. - master.changelog.json: migration/vault-schema.changelog-init.xml::1511451595465-49::R3.Corda: Primary key added to vault_states (output_index, transaction_id)
?[m?[37m[INFO] 11:12:12,951 [Test worker] liquibase. - master.changelog.json: migration/vault-schema.changelog-init.xml::1511451595465-49::R3.Corda: ChangeSet migration/vault-schema.changelog-init.xml::1511451595465-49::R3.Corda ran successfully in 0ms
?[m?[37m[INFO] 11:12:12,952 [Test worker] liquibase. - master.changelog.json: migration/vault-schema.changelog-init.xml::1511451595465-50::R3.Corda: Primary key added to vault_transaction_notes (seq_no)
?[m?[37m[INFO] 11:12:12,952 [Test worker] liquibase. - master.changelog.json: migration/vault-schema.changelog-init.xml::1511451595465-50::R3.Corda: ChangeSet migration/vault-schema.changelog-init.xml::1511451595465-50::R3.Corda ran successfully in 0ms
?[m?[37m[INFO] 11:12:12,952 [Test worker] liquibase. - master.changelog.json: migration/vault-schema.changelog-init.xml::1511451595465-53::R3.Corda: Index external_id_index created
?[m?[37m[INFO] 11:12:12,952 [Test worker] liquibase. - master.changelog.json: migration/vault-schema.changelog-init.xml::1511451595465-53::R3.Corda: ChangeSet migration/vault-schema.changelog-init.xml::1511451595465-53::R3.Corda ran successfully in 0ms
?[m?[37m[INFO] 11:12:12,953 [Test worker] liquibase. - master.changelog.json: migration/vault-schema.changelog-init.xml::1511451595465-55::R3.Corda: Index lock_id_idx created
?[m?[37m[INFO] 11:12:12,953 [Test worker] liquibase. - master.changelog.json: migration/vault-schema.changelog-init.xml::1511451595465-55::R3.Corda: ChangeSet migration/vault-schema.changelog-init.xml::1511451595465-55::R3.Corda ran successfully in 0ms
?[m?[37m[INFO] 11:12:12,954 [Test worker] liquibase. - master.changelog.json: migration/vault-schema.changelog-init.xml::1511451595465-58::R3.Corda: Index state_status_idx created
?[m?[37m[INFO] 11:12:12,954 [Test worker] liquibase. - master.changelog.json: migration/vault-schema.changelog-init.xml::1511451595465-58::R3.Corda: ChangeSet migration/vault-schema.changelog-init.xml::1511451595465-58::R3.Corda ran successfully in 0ms
?[m?[37m[INFO] 11:12:12,955 [Test worker] liquibase. - master.changelog.json: migration/vault-schema.changelog-init.xml::1511451595465-59::R3.Corda: Index transaction_id_index created
?[m?[37m[INFO] 11:12:12,955 [Test worker] liquibase. - master.changelog.json: migration/vault-schema.changelog-init.xml::1511451595465-59::R3.Corda: ChangeSet migration/vault-schema.changelog-init.xml::1511451595465-59::R3.Corda ran successfully in 1ms
?[m?[37m[INFO] 11:12:12,955 [Test worker] liquibase. - master.changelog.json: migration/vault-schema.changelog-init.xml::1511451595465-60::R3.Corda: Index uuid_index created
?[m?[37m[INFO] 11:12:12,955 [Test worker] liquibase. - master.changelog.json: migration/vault-schema.changelog-init.xml::1511451595465-60::R3.Corda: ChangeSet migration/vault-schema.changelog-init.xml::1511451595465-60::R3.Corda ran successfully in 0ms
?[m?[37m[INFO] 11:12:12,957 [Test worker] liquibase. - master.changelog.json: migration/vault-schema.changelog-init.xml::1511451595465-64::R3.Corda: Foreign key constraint added to vault_fungible_states_parts (output_index,transaction_id)
?[m?[37m[INFO] 11:12:12,957 [Test worker] liquibase. - master.changelog.json: migration/vault-schema.changelog-init.xml::1511451595465-64::R3.Corda: ChangeSet migration/vault-schema.changelog-init.xml::1511451595465-64::R3.Corda ran successfully in 1ms
?[m?[37m[INFO] 11:12:12,958 [Test worker] liquibase. - master.changelog.json: migration/vault-schema.changelog-init.xml::1511451595465-65::R3.Corda: Foreign key constraint added to vault_linear_states_parts (output_index,transaction_id)
?[m?[37m[INFO] 11:12:12,958 [Test worker] liquibase. - master.changelog.json: migration/vault-schema.changelog-init.xml::1511451595465-65::R3.Corda: ChangeSet migration/vault-schema.changelog-init.xml::1511451595465-65::R3.Corda ran successfully in 1ms
?[m?[37m[INFO] 11:12:12,958 [Test worker] liquibase. - master.changelog.json: migration/vault-schema.changelog-v3.xml::clean_vault::R3.Corda: Data deleted from vault_fungible_states_parts
?[m?[37m[INFO] 11:12:12,959 [Test worker] liquibase. - master.changelog.json: migration/vault-schema.changelog-v3.xml::clean_vault::R3.Corda: Data deleted from vault_fungible_states
?[m?[37m[INFO] 11:12:12,959 [Test worker] liquibase. - master.changelog.json: migration/vault-schema.changelog-v3.xml::clean_vault::R3.Corda: Data deleted from vault_linear_states_parts
?[m?[37m[INFO] 11:12:12,959 [Test worker] liquibase. - master.changelog.json: migration/vault-schema.changelog-v3.xml::clean_vault::R3.Corda: Data deleted from vault_linear_states
?[m?[37m[INFO] 11:12:12,959 [Test worker] liquibase. - master.changelog.json: migration/vault-schema.changelog-v3.xml::clean_vault::R3.Corda: Data deleted from vault_states
?[m?[37m[INFO] 11:12:12,959 [Test worker] liquibase. - master.changelog.json: migration/vault-schema.changelog-v3.xml::clean_vault::R3.Corda: Data deleted from vault_transaction_notes
?[m?[37m[INFO] 11:12:12,959 [Test worker] liquibase. - master.changelog.json: migration/vault-schema.changelog-v3.xml::clean_vault::R3.Corda: ChangeSet migration/vault-schema.changelog-v3.xml::clean_vault::R3.Corda ran successfully in 1ms
?[m?[37m[INFO] 11:12:12,960 [Test worker] liquibase. - master.changelog.json: migration/vault-schema.changelog-v4.xml::nullability::R3.Corda: Null constraint has been added to vault_fungible_states.quantity
?[m?[37m[INFO] 11:12:12,960 [Test worker] liquibase. - master.changelog.json: migration/vault-schema.changelog-v4.xml::nullability::R3.Corda: Null constraint has been added to vault_states.contract_state_class_name
?[m?[37m[INFO] 11:12:12,960 [Test worker] liquibase. - master.changelog.json: migration/vault-schema.changelog-v4.xml::nullability::R3.Corda: Null constraint has been added to vault_states.notary_name
?[m?[37m[INFO] 11:12:12,960 [Test worker] liquibase. - master.changelog.json: migration/vault-schema.changelog-v4.xml::nullability::R3.Corda: Null constraint has been added to vault_states.recorded_timestamp
?[m?[37m[INFO] 11:12:12,960 [Test worker] liquibase. - master.changelog.json: migration/vault-schema.changelog-v4.xml::nullability::R3.Corda: Index state_status_idx dropped from table vault_states
?[m?[37m[INFO] 11:12:12,960 [Test worker] liquibase. - master.changelog.json: migration/vault-schema.changelog-v4.xml::nullability::R3.Corda: Index lock_id_idx dropped from table vault_states
?[m?[37m[INFO] 11:12:12,960 [Test worker] liquibase. - master.changelog.json: migration/vault-schema.changelog-v4.xml::nullability::R3.Corda: Null constraint has been added to vault_states.state_status
?[m?[37m[INFO] 11:12:12,960 [Test worker] liquibase. - master.changelog.json: migration/vault-schema.changelog-v4.xml::nullability::R3.Corda: Index state_status_idx created
?[m?[37m[INFO] 11:12:12,961 [Test worker] liquibase. - master.changelog.json: migration/vault-schema.changelog-v4.xml::nullability::R3.Corda: Index lock_id_idx created
?[m?[37m[INFO] 11:12:12,961 [Test worker] liquibase. - master.changelog.json: migration/vault-schema.changelog-v4.xml::nullability::R3.Corda: Index transaction_id_index dropped from table vault_transaction_notes
?[m?[37m[INFO] 11:12:12,961 [Test worker] liquibase. - master.changelog.json: migration/vault-schema.changelog-v4.xml::nullability::R3.Corda: Null constraint has been added to vault_transaction_notes.note
?[m?[37m[INFO] 11:12:12,961 [Test worker] liquibase. - master.changelog.json: migration/vault-schema.changelog-v4.xml::nullability::R3.Corda: Null constraint has been added to vault_transaction_notes.transaction_id
?[m?[37m[INFO] 11:12:12,961 [Test worker] liquibase. - master.changelog.json: migration/vault-schema.changelog-v4.xml::nullability::R3.Corda: Index transaction_id_index created
?[m?[37m[INFO] 11:12:12,961 [Test worker] liquibase. - master.changelog.json: migration/vault-schema.changelog-v4.xml::nullability::R3.Corda: ChangeSet migration/vault-schema.changelog-v4.xml::nullability::R3.Corda ran successfully in 2ms
?[m?[37m[INFO] 11:12:12,966 [Test worker] liquibase. - master.changelog.json: migration/vault-schema.changelog-v5.xml::add_relevancy_status_column::R3.Corda: Columns relevancy_status(INT) added to vault_states
?[m?[37m[INFO] 11:12:12,966 [Test worker] liquibase. - master.changelog.json: migration/vault-schema.changelog-v5.xml::add_relevancy_status_column::R3.Corda: Data updated in vault_states
?[m?[37m[INFO] 11:12:12,966 [Test worker] liquibase. - master.changelog.json: migration/vault-schema.changelog-v5.xml::add_relevancy_status_column::R3.Corda: Null constraint has been added to vault_states.relevancy_status
?[m?[37m[INFO] 11:12:12,966 [Test worker] liquibase. - master.changelog.json: migration/vault-schema.changelog-v5.xml::add_relevancy_status_column::R3.Corda: ChangeSet migration/vault-schema.changelog-v5.xml::add_relevancy_status_column::R3.Corda ran successfully in 2ms
?[m?[37m[INFO] 11:12:12,968 [Test worker] liquibase. - master.changelog.json: migration/vault-schema.changelog-v6.xml::add_is_constraint_information_columns::R3.Corda: Columns constraint_type(INT) added to vault_states
?[m?[37m[INFO] 11:12:12,969 [Test worker] liquibase. - master.changelog.json: migration/vault-schema.changelog-v6.xml::add_is_constraint_information_columns::R3.Corda: Columns constraint_data(varbinary(563)) added to vault_states
?[m?[37m[INFO] 11:12:12,969 [Test worker] liquibase. - master.changelog.json: migration/vault-schema.changelog-v6.xml::add_is_constraint_information_columns::R3.Corda: ChangeSet migration/vault-schema.changelog-v6.xml::add_is_constraint_information_columns::R3.Corda ran successfully in 2ms
?[m?[37m[INFO] 11:12:12,970 [Test worker] liquibase. - master.changelog.json: migration/vault-schema.changelog-v7.xml::make_issuer_ref_nullable::R3.Corda: Null constraint dropped from vault_fungible_states.issuer_ref
?[m?[37m[INFO] 11:12:12,970 [Test worker] liquibase. - master.changelog.json: migration/vault-schema.changelog-v7.xml::make_issuer_ref_nullable::R3.Corda: ChangeSet migration/vault-schema.changelog-v7.xml::make_issuer_ref_nullable::R3.Corda ran successfully in 0ms
?[m?[37m[INFO] 11:12:12,971 [Test worker] liquibase. - master.changelog.json: migration/vault-schema.changelog-v8.xml::create-external-id-to-state-party-view::R3.Corda: Table state_party created
?[m?[37m[INFO] 11:12:12,971 [Test worker] liquibase. - master.changelog.json: migration/vault-schema.changelog-v8.xml::create-external-id-to-state-party-view::R3.Corda: Index state_pk_hash_idx created
?[m?[37m[INFO] 11:12:12,971 [Test worker] liquibase. - master.changelog.json: migration/vault-schema.changelog-v8.xml::create-external-id-to-state-party-view::R3.Corda: Table pk_hash_to_ext_id_map created
?[m?[37m[INFO] 11:12:12,971 [Test worker] liquibase. - master.changelog.json: migration/vault-schema.changelog-v8.xml::create-external-id-to-state-party-view::R3.Corda: Index pk_hash_to_xid_idx created
?[m?[37m[INFO] 11:12:12,972 [Test worker] liquibase. - master.changelog.json: migration/vault-schema.changelog-v8.xml::create-external-id-to-state-party-view::R3.Corda: View v_pkey_hash_ex_id_map created
?[m?[37m[INFO] 11:12:12,972 [Test worker] liquibase. - master.changelog.json: migration/vault-schema.changelog-v8.xml::create-external-id-to-state-party-view::R3.Corda: ChangeSet migration/vault-schema.changelog-v8.xml::create-external-id-to-state-party-view::R3.Corda ran successfully in 2ms
?[m?[37m[INFO] 11:12:12,973 [Test worker] liquibase. - master.changelog.json: migration/node-info.changelog-init.xml::1511451595465-4::R3.Corda: Table node_link_nodeinfo_party created
?[m?[37m[INFO] 11:12:12,973 [Test worker] liquibase. - master.changelog.json: migration/node-info.changelog-init.xml::1511451595465-4::R3.Corda: ChangeSet migration/node-info.changelog-init.xml::1511451595465-4::R3.Corda ran successfully in 1ms
?[m?[37m[INFO] 11:12:12,973 [Test worker] liquibase. - master.changelog.json: migration/node-info.changelog-init.xml::1511451595465-10::R3.Corda: Table node_info_hosts created
?[m?[37m[INFO] 11:12:12,973 [Test worker] liquibase. - master.changelog.json: migration/node-info.changelog-init.xml::1511451595465-10::R3.Corda: ChangeSet migration/node-info.changelog-init.xml::1511451595465-10::R3.Corda ran successfully in 0ms
?[m?[37m[INFO] 11:12:12,974 [Test worker] liquibase. - master.changelog.json: migration/node-info.changelog-init.xml::1511451595465-11::R3.Corda: Table node_info_party_cert created
?[m?[37m[INFO] 11:12:12,974 [Test worker] liquibase. - master.changelog.json: migration/node-info.changelog-init.xml::1511451595465-11::R3.Corda: ChangeSet migration/node-info.changelog-init.xml::1511451595465-11::R3.Corda ran successfully in 0ms
?[m?[37m[INFO] 11:12:12,975 [Test worker] liquibase. - master.changelog.json: migration/node-info.changelog-init.xml::1511451595465-12::R3.Corda: Table node_infos created
?[m?[37m[INFO] 11:12:12,975 [Test worker] liquibase. - master.changelog.json: migration/node-info.changelog-init.xml::1511451595465-12::R3.Corda: ChangeSet migration/node-info.changelog-init.xml::1511451595465-12::R3.Corda ran successfully in 0ms
?[m?[37m[INFO] 11:12:12,978 [Test worker] liquibase. - master.changelog.json: migration/node-info.changelog-init.xml::1511451595465-35::R3.Corda: Primary key added to node_info_hosts (host, port)
?[m?[37m[INFO] 11:12:12,978 [Test worker] liquibase. - master.changelog.json: migration/node-info.changelog-init.xml::1511451595465-35::R3.Corda: ChangeSet migration/node-info.changelog-init.xml::1511451595465-35::R3.Corda ran successfully in 1ms
?[m?[37m[INFO] 11:12:12,979 [Test worker] liquibase. - master.changelog.json: migration/node-info.changelog-init.xml::1511451595465-36::R3.Corda: Primary key added to node_info_party_cert (party_name)
?[m?[37m[INFO] 11:12:12,979 [Test worker] liquibase. - master.changelog.json: migration/node-info.changelog-init.xml::1511451595465-36::R3.Corda: ChangeSet migration/node-info.changelog-init.xml::1511451595465-36::R3.Corda ran successfully in 0ms
?[m?[37m[INFO] 11:12:12,980 [Test worker] liquibase. - master.changelog.json: migration/node-info.changelog-init.xml::1511451595465-37::R3.Corda: Primary key added to node_infos (node_info_id)
?[m?[37m[INFO] 11:12:12,980 [Test worker] liquibase. - master.changelog.json: migration/node-info.changelog-init.xml::1511451595465-37::R3.Corda: ChangeSet migration/node-info.changelog-init.xml::1511451595465-37::R3.Corda ran successfully in 0ms
?[m?[37m[INFO] 11:12:12,981 [Test worker] liquibase. - master.changelog.json: migration/node-info.changelog-init.xml::1511451595465-62::R3.Corda: Foreign key constraint added to node_link_nodeinfo_party (node_info_id)
?[m?[37m[INFO] 11:12:12,981 [Test worker] liquibase. - master.changelog.json: migration/node-info.changelog-init.xml::1511451595465-62::R3.Corda: ChangeSet migration/node-info.changelog-init.xml::1511451595465-62::R3.Corda ran successfully in 0ms
?[m?[37m[INFO] 11:12:12,983 [Test worker] liquibase. - master.changelog.json: migration/node-info.changelog-init.xml::1511451595465-63::R3.Corda: Foreign key constraint added to node_info_hosts (node_info_id)
?[m?[37m[INFO] 11:12:12,983 [Test worker] liquibase. - master.changelog.json: migration/node-info.changelog-init.xml::1511451595465-63::R3.Corda: ChangeSet migration/node-info.changelog-init.xml::1511451595465-63::R3.Corda ran successfully in 1ms
?[m?[37m[INFO] 11:12:12,983 [Test worker] liquibase. - master.changelog.json: migration/node-info.changelog-init.xml::remove_host_port_pk::R3.Corda: Data deleted from node_infos
?[m?[37m[INFO] 11:12:12,984 [Test worker] liquibase. - master.changelog.json: migration/node-info.changelog-init.xml::remove_host_port_pk::R3.Corda: Data deleted from node_link_nodeinfo_party
?[m?[37m[INFO] 11:12:12,984 [Test worker] liquibase. - master.changelog.json: migration/node-info.changelog-init.xml::remove_host_port_pk::R3.Corda: Data deleted from node_info_hosts
?[m?[37m[INFO] 11:12:12,984 [Test worker] liquibase. - master.changelog.json: migration/node-info.changelog-init.xml::remove_host_port_pk::R3.Corda: Data deleted from node_info_party_cert
?[m?[37m[INFO] 11:12:12,984 [Test worker] liquibase. - master.changelog.json: migration/node-info.changelog-init.xml::remove_host_port_pk::R3.Corda: Primary key dropped from node_info_hosts
?[m?[37m[INFO] 11:12:12,985 [Test worker] liquibase. - master.changelog.json: migration/node-info.changelog-init.xml::remove_host_port_pk::R3.Corda: Columns hosts_id(INT) added to node_info_hosts
?[m?[37m[INFO] 11:12:12,985 [Test worker] liquibase. - master.changelog.json: migration/node-info.changelog-init.xml::remove_host_port_pk::R3.Corda: Primary key added to node_info_hosts (hosts_id)
?[m?[37m[INFO] 11:12:12,985 [Test worker] liquibase. - master.changelog.json: migration/node-info.changelog-init.xml::remove_host_port_pk::R3.Corda: ChangeSet migration/node-info.changelog-init.xml::remove_host_port_pk::R3.Corda ran successfully in 2ms
?[m?[37m[INFO] 11:12:12,986 [Test worker] liquibase. - master.changelog.json: migration/node-info.changelog-v1.xml::key/value node properties table::R3.Corda: Table node_properties created
?[m?[37m[INFO] 11:12:12,986 [Test worker] liquibase. - master.changelog.json: migration/node-info.changelog-v1.xml::key/value node properties table::R3.Corda: ChangeSet migration/node-info.changelog-v1.xml::key/value node properties table::R3.Corda ran successfully in 1ms
?[m?[37m[INFO] 11:12:12,986 [Test worker] liquibase. - master.changelog.json: migration/node-info.changelog-v2.xml::1525962920::R3.Corda: Null constraint has been added to node_infos.node_info_hash
?[m?[37m[INFO] 11:12:12,986 [Test worker] liquibase. - master.changelog.json: migration/node-info.changelog-v2.xml::1525962920::R3.Corda: Null constraint has been added to node_infos.platform_version
?[m?[37m[INFO] 11:12:12,986 [Test worker] liquibase. - master.changelog.json: migration/node-info.changelog-v2.xml::1525962920::R3.Corda: Null constraint has been added to node_infos.serial
?[m?[37m[INFO] 11:12:12,986 [Test worker] liquibase. - master.changelog.json: migration/node-info.changelog-v2.xml::1525962920::R3.Corda: Null constraint dropped from node_info_hosts.host
?[m?[37m[INFO] 11:12:12,986 [Test worker] liquibase. - master.changelog.json: migration/node-info.changelog-v2.xml::1525962920::R3.Corda: Null constraint dropped from node_info_hosts.port
?[m?[37m[INFO] 11:12:12,987 [Test worker] liquibase. - master.changelog.json: migration/node-info.changelog-v2.xml::1525962920::R3.Corda: Null constraint has been added to node_info_party_cert.owning_key_hash
?[m?[37m[INFO] 11:12:12,987 [Test worker] liquibase. - master.changelog.json: migration/node-info.changelog-v2.xml::1525962920::R3.Corda: Null constraint has been added to node_info_party_cert.party_cert_binary
?[m?[37m[INFO] 11:12:12,987 [Test worker] liquibase. - master.changelog.json: migration/node-info.changelog-v2.xml::1525962920::R3.Corda: ChangeSet migration/node-info.changelog-v2.xml::1525962920::R3.Corda ran successfully in 1ms
?[m?[37m[INFO] 11:12:12,988 [Test worker] liquibase. - master.changelog.json: migration/node-info.changelog-v3.xml::column_host_name::R3.Corda: Column node_info_hosts.host renamed to host_name
?[m?[37m[INFO] 11:12:12,988 [Test worker] liquibase. - master.changelog.json: migration/node-info.changelog-v3.xml::column_host_name::R3.Corda: ChangeSet migration/node-info.changelog-v3.xml::column_host_name::R3.Corda ran successfully in 1ms
?[m?[37m[INFO] 11:12:12,989 [Test worker] liquibase. - master.changelog.json: migration/node-services.changelog-init.xml::1511451595465-5::R3.Corda: Table node_attachments created
?[m?[37m[INFO] 11:12:12,989 [Test worker] liquibase. - master.changelog.json: migration/node-services.changelog-init.xml::1511451595465-5::R3.Corda: ChangeSet migration/node-services.changelog-init.xml::1511451595465-5::R3.Corda ran successfully in 1ms
?[m?[37m[INFO] 11:12:12,989 [Test worker] liquibase. - master.changelog.json: migration/node-services.changelog-init.xml::1511451595465-7::R3.Corda: Table node_checkpoints created
?[m?[37m[INFO] 11:12:12,989 [Test worker] liquibase. - master.changelog.json: migration/node-services.changelog-init.xml::1511451595465-7::R3.Corda: ChangeSet migration/node-services.changelog-init.xml::1511451595465-7::R3.Corda ran successfully in 0ms
?[m?[37m[INFO] 11:12:12,990 [Test worker] liquibase. - master.changelog.json: migration/node-services.changelog-init.xml::1511451595465-8::R3.Corda: Table node_contract_upgrades created
?[m?[37m[INFO] 11:12:12,990 [Test worker] liquibase. - master.changelog.json: migration/node-services.changelog-init.xml::1511451595465-8::R3.Corda: ChangeSet migration/node-services.changelog-init.xml::1511451595465-8::R3.Corda ran successfully in 0ms
?[m?[37m[INFO] 11:12:12,991 [Test worker] liquibase. - master.changelog.json: migration/node-services.changelog-init.xml::1511451595465-9::R3.Corda: Table node_identities created
?[m?[37m[INFO] 11:12:12,991 [Test worker] liquibase. - master.changelog.json: migration/node-services.changelog-init.xml::1511451595465-9::R3.Corda: ChangeSet migration/node-services.changelog-init.xml::1511451595465-9::R3.Corda ran successfully in 1ms
?[m?[37m[INFO] 11:12:12,991 [Test worker] liquibase. - master.changelog.json: migration/node-services.changelog-init.xml::1511451595465-13::R3.Corda: Table node_message_ids created
?[m?[37m[INFO] 11:12:12,991 [Test worker] liquibase. - master.changelog.json: migration/node-services.changelog-init.xml::1511451595465-13::R3.Corda: ChangeSet migration/node-services.changelog-init.xml::1511451595465-13::R3.Corda ran successfully in 0ms
?[m?[37m[INFO] 11:12:12,992 [Test worker] liquibase. - master.changelog.json: migration/node-services.changelog-init.xml::1511451595465-14::R3.Corda: Table node_message_retry created
?[m?[37m[INFO] 11:12:12,992 [Test worker] liquibase. - master.changelog.json: migration/node-services.changelog-init.xml::1511451595465-14::R3.Corda: ChangeSet migration/node-services.changelog-init.xml::1511451595465-14::R3.Corda ran successfully in 0ms
?[m?[37m[INFO] 11:12:12,993 [Test worker] liquibase. - master.changelog.json: migration/node-services.changelog-init.xml::1511451595465-15::R3.Corda: Table node_named_identities created
?[m?[37m[INFO] 11:12:12,993 [Test worker] liquibase. - master.changelog.json: migration/node-services.changelog-init.xml::1511451595465-15::R3.Corda: ChangeSet migration/node-services.changelog-init.xml::1511451595465-15::R3.Corda ran successfully in 0ms
?[m?[37m[INFO] 11:12:12,994 [Test worker] liquibase. - master.changelog.json: migration/node-services.changelog-init.xml::1511451595465-17::R3.Corda: Table node_our_key_pairs created
?[m?[37m[INFO] 11:12:12,994 [Test worker] liquibase. - master.changelog.json: migration/node-services.changelog-init.xml::1511451595465-17::R3.Corda: ChangeSet migration/node-services.changelog-init.xml::1511451595465-17::R3.Corda ran successfully in 1ms
?[m?[37m[INFO] 11:12:12,994 [Test worker] liquibase. - master.changelog.json: migration/node-services.changelog-init.xml::1511451595465-19::R3.Corda: Table node_scheduled_states created
?[m?[37m[INFO] 11:12:12,994 [Test worker] liquibase. - master.changelog.json: migration/node-services.changelog-init.xml::1511451595465-19::R3.Corda: ChangeSet migration/node-services.changelog-init.xml::1511451595465-19::R3.Corda ran successfully in 0ms
?[m?[37m[INFO] 11:12:12,995 [Test worker] liquibase. - master.changelog.json: migration/node-services.changelog-init.xml::1511451595465-20::R3.Corda: Table node_transaction_mappings created
?[m?[37m[INFO] 11:12:12,995 [Test worker] liquibase. - master.changelog.json: migration/node-services.changelog-init.xml::1511451595465-20::R3.Corda: ChangeSet migration/node-services.changelog-init.xml::1511451595465-20::R3.Corda ran successfully in 0ms
?[m?[37m[INFO] 11:12:12,996 [Test worker] liquibase. - master.changelog.json: migration/node-services.changelog-init.xml::1511451595465-21::R3.Corda: Table node_transactions created
?[m?[37m[INFO] 11:12:12,996 [Test worker] liquibase. - master.changelog.json: migration/node-services.changelog-init.xml::1511451595465-21::R3.Corda: ChangeSet migration/node-services.changelog-init.xml::1511451595465-21::R3.Corda ran successfully in 1ms
?[m?[37m[INFO] 11:12:12,996 [Test worker] liquibase. - master.changelog.json: migration/node-services.changelog-init.xml::1511451595465-30::R3.Corda: Primary key added to node_attachments (att_id)
?[m?[37m[INFO] 11:12:12,996 [Test worker] liquibase. - master.changelog.json: migration/node-services.changelog-init.xml::1511451595465-30::R3.Corda: ChangeSet migration/node-services.changelog-init.xml::1511451595465-30::R3.Corda ran successfully in 0ms
?[m?[37m[INFO] 11:12:12,997 [Test worker] liquibase. - master.changelog.json: migration/node-services.changelog-init.xml::1511451595465-32::R3.Corda: Primary key added to node_checkpoints (checkpoint_id)
?[m?[37m[INFO] 11:12:12,997 [Test worker] liquibase. - master.changelog.json: migration/node-services.changelog-init.xml::1511451595465-32::R3.Corda: ChangeSet migration/node-services.changelog-init.xml::1511451595465-32::R3.Corda ran successfully in 0ms
?[m?[37m[INFO] 11:12:12,998 [Test worker] liquibase. - master.changelog.json: migration/node-services.changelog-init.xml::1511451595465-33::R3.Corda: Primary key added to node_contract_upgrades (state_ref)
?[m?[37m[INFO] 11:12:12,998 [Test worker] liquibase. - master.changelog.json: migration/node-services.changelog-init.xml::1511451595465-33::R3.Corda: ChangeSet migration/node-services.changelog-init.xml::1511451595465-33::R3.Corda ran successfully in 1ms
?[m?[37m[INFO] 11:12:12,999 [Test worker] liquibase. - master.changelog.json: migration/node-services.changelog-init.xml::1511451595465-34::R3.Corda: Primary key added to node_identities (pk_hash)
?[m?[37m[INFO] 11:12:12,999 [Test worker] liquibase. - master.changelog.json: migration/node-services.changelog-init.xml::1511451595465-34::R3.Corda: ChangeSet migration/node-services.changelog-init.xml::1511451595465-34::R3.Corda ran successfully in 1ms
?[m?[37m[INFO] 11:12:13,000 [Test worker] liquibase. - master.changelog.json: migration/node-services.changelog-init.xml::1511451595465-38::R3.Corda: Primary key added to node_message_ids (message_id)
?[m?[37m[INFO] 11:12:13,000 [Test worker] liquibase. - master.changelog.json: migration/node-services.changelog-init.xml::1511451595465-38::R3.Corda: ChangeSet migration/node-services.changelog-init.xml::1511451595465-38::R3.Corda ran successfully in 1ms
?[m?[37m[INFO] 11:12:13,000 [Test worker] liquibase. - master.changelog.json: migration/node-services.changelog-init.xml::1511451595465-39::R3.Corda: Primary key added to node_message_retry (message_id)
?[m?[37m[INFO] 11:12:13,000 [Test worker] liquibase. - master.changelog.json: migration/node-services.changelog-init.xml::1511451595465-39::R3.Corda: ChangeSet migration/node-services.changelog-init.xml::1511451595465-39::R3.Corda ran successfully in 0ms
?[m?[37m[INFO] 11:12:13,001 [Test worker] liquibase. - master.changelog.json: migration/node-services.changelog-init.xml::1511451595465-40::R3.Corda: Primary key added to node_named_identities (name)
?[m?[37m[INFO] 11:12:13,001 [Test worker] liquibase. - master.changelog.json: migration/node-services.changelog-init.xml::1511451595465-40::R3.Corda: ChangeSet migration/node-services.changelog-init.xml::1511451595465-40::R3.Corda ran successfully in 0ms
?[m?[37m[INFO] 11:12:13,002 [Test worker] liquibase. - master.changelog.json: migration/node-services.changelog-init.xml::1511451595465-42::R3.Corda: Primary key added to node_our_key_pairs (public_key_hash)
?[m?[37m[INFO] 11:12:13,002 [Test worker] liquibase. - master.changelog.json: migration/node-services.changelog-init.xml::1511451595465-42::R3.Corda: ChangeSet migration/node-services.changelog-init.xml::1511451595465-42::R3.Corda ran successfully in 0ms
?[m?[37m[INFO] 11:12:13,003 [Test worker] liquibase. - master.changelog.json: migration/node-services.changelog-init.xml::1511451595465-44::R3.Corda: Primary key added to node_scheduled_states (output_index, transaction_id)
?[m?[37m[INFO] 11:12:13,003 [Test worker] liquibase. - master.changelog.json: migration/node-services.changelog-init.xml::1511451595465-44::R3.Corda: ChangeSet migration/node-services.changelog-init.xml::1511451595465-44::R3.Corda ran successfully in 1ms
?[m?[37m[INFO] 11:12:13,003 [Test worker] liquibase. - master.changelog.json: migration/node-services.changelog-init.xml::1511451595465-45::R3.Corda: Primary key added to node_transaction_mappings (tx_id)
?[m?[37m[INFO] 11:12:13,004 [Test worker] liquibase. - master.changelog.json: migration/node-services.changelog-init.xml::1511451595465-45::R3.Corda: ChangeSet migration/node-services.changelog-init.xml::1511451595465-45::R3.Corda ran successfully in 1ms
?[m?[37m[INFO] 11:12:13,004 [Test worker] liquibase. - master.changelog.json: migration/node-services.changelog-init.xml::1511451595465-46::R3.Corda: Primary key added to node_transactions (tx_id)
?[m?[37m[INFO] 11:12:13,004 [Test worker] liquibase. - master.changelog.json: migration/node-services.changelog-init.xml::1511451595465-46::R3.Corda: ChangeSet migration/node-services.changelog-init.xml::1511451595465-46::R3.Corda ran successfully in 0ms
?[m?[37m[INFO] 11:12:13,006 [Test worker] liquibase. - master.changelog.json: migration/node-services.changelog-init.xml::1511451595465-61::R3.Corda: Foreign key constraint added to node_link_nodeinfo_party (party_name)
?[m?[37m[INFO] 11:12:13,006 [Test worker] liquibase. - master.changelog.json: migration/node-services.changelog-init.xml::1511451595465-61::R3.Corda: ChangeSet migration/node-services.changelog-init.xml::1511451595465-61::R3.Corda ran successfully in 1ms
?[m?[37m[INFO] 11:12:13,007 [Test worker] liquibase. - master.changelog.json: migration/node-services.changelog-init.xml::add index att_id::R3.Corda: Index att_id_idx created
?[m?[37m[INFO] 11:12:13,007 [Test worker] liquibase. - master.changelog.json: migration/node-services.changelog-init.xml::add index att_id::R3.Corda: ChangeSet migration/node-services.changelog-init.xml::add index att_id::R3.Corda ran successfully in 1ms
?[m?[37m[INFO] 11:12:13,007 [Test worker] liquibase. - master.changelog.json: migration/node-services.changelog-init.xml::add_contract_attachment::R3.Corda: Table node_attchments_contracts created
?[m?[37m[INFO] 11:12:13,008 [Test worker] liquibase. - master.changelog.json: migration/node-services.changelog-init.xml::add_contract_attachment::R3.Corda: Foreign key constraint added to node_attchments_contracts (att_id)
?[m?[37m[INFO] 11:12:13,008 [Test worker] liquibase. - master.changelog.json: migration/node-services.changelog-init.xml::add_contract_attachment::R3.Corda: Data deleted from node_attachments
?[m?[37m[INFO] 11:12:13,008 [Test worker] liquibase. - master.changelog.json: migration/node-services.changelog-init.xml::add_contract_attachment::R3.Corda: ChangeSet migration/node-services.changelog-init.xml::add_contract_attachment::R3.Corda ran successfully in 1ms
?[m?[37m[INFO] 11:12:13,010 [Test worker] liquibase. - master.changelog.json: migration/node-services.changelog-init.xml::add_dedup_columns::R3.Corda: Columns sender(NVARCHAR(64)),sequence_number(BIGINT) added to node_message_ids
?[m?[37m[INFO] 11:12:13,010 [Test worker] liquibase. - master.changelog.json: migration/node-services.changelog-init.xml::add_dedup_columns::R3.Corda: ChangeSet migration/node-services.changelog-init.xml::add_dedup_columns::R3.Corda ran successfully in 1ms
?[m?[37m[INFO] 11:12:13,011 [Test worker] liquibase. - master.changelog.json: migration/node-core.changelog-v4.xml::attchments_rename::R3.Corda: Table node_attchments_contracts renamed to node_attachments_contracts
?[m?[37m[INFO] 11:12:13,012 [Test worker] liquibase. - master.changelog.json: migration/node-core.changelog-v4.xml::attchments_rename::R3.Corda: ChangeSet migration/node-core.changelog-v4.xml::attchments_rename::R3.Corda ran successfully in 1ms
?[m?[37m[INFO] 11:12:13,012 [Test worker] liquibase. - master.changelog.json: migration/node-core.changelog-v4.xml::nullability::R3.Corda: Null constraint has been added to node_identities.identity_value
?[m?[37m[INFO] 11:12:13,012 [Test worker] liquibase. - master.changelog.json: migration/node-core.changelog-v4.xml::nullability::R3.Corda: Null constraint has been added to node_attachments.content
?[m?[37m[INFO] 11:12:13,013 [Test worker] liquibase. - master.changelog.json: migration/node-core.changelog-v4.xml::nullability::R3.Corda: Null constraint has been added to node_attachments_contracts.contract_class_name
?[m?[37m[INFO] 11:12:13,013 [Test worker] liquibase. - master.changelog.json: migration/node-core.changelog-v4.xml::nullability::R3.Corda: Null constraint has been added to node_checkpoints.checkpoint_value
?[m?[37m[INFO] 11:12:13,013 [Test worker] liquibase. - master.changelog.json: migration/node-core.changelog-v4.xml::nullability::R3.Corda: Null constraint has been added to node_contract_upgrades.contract_class_name
?[m?[37m[INFO] 11:12:13,013 [Test worker] liquibase. - master.changelog.json: migration/node-core.changelog-v4.xml::nullability::R3.Corda: Null constraint has been added to node_message_ids.insertion_time
?[m?[37m[INFO] 11:12:13,013 [Test worker] liquibase. - master.changelog.json: migration/node-core.changelog-v4.xml::nullability::R3.Corda: Null constraint has been added to node_message_retry.message
?[m?[37m[INFO] 11:12:13,013 [Test worker] liquibase. - master.changelog.json: migration/node-core.changelog-v4.xml::nullability::R3.Corda: Null constraint has been added to node_message_retry.recipients
?[m?[37m[INFO] 11:12:13,013 [Test worker] liquibase. - master.changelog.json: migration/node-core.changelog-v4.xml::nullability::R3.Corda: Null constraint has been added to node_named_identities.pk_hash
?[m?[37m[INFO] 11:12:13,013 [Test worker] liquibase. - master.changelog.json: migration/node-core.changelog-v4.xml::nullability::R3.Corda: Null constraint has been added to node_our_key_pairs.private_key
?[m?[37m[INFO] 11:12:13,013 [Test worker] liquibase. - master.changelog.json: migration/node-core.changelog-v4.xml::nullability::R3.Corda: Null constraint has been added to node_our_key_pairs.public_key
?[m?[37m[INFO] 11:12:13,013 [Test worker] liquibase. - master.changelog.json: migration/node-core.changelog-v4.xml::nullability::R3.Corda: Null constraint has been added to node_transaction_mappings.state_machine_run_id
?[m?[37m[INFO] 11:12:13,014 [Test worker] liquibase. - master.changelog.json: migration/node-core.changelog-v4.xml::nullability::R3.Corda: Null constraint has been added to node_transactions.transaction_value
?[m?[37m[INFO] 11:12:13,014 [Test worker] liquibase. - master.changelog.json: migration/node-core.changelog-v4.xml::nullability::R3.Corda: ChangeSet migration/node-core.changelog-v4.xml::nullability::R3.Corda ran successfully in 2ms
?[m?[37m[INFO] 11:12:13,015 [Test worker] liquibase. - master.changelog.json: migration/node-core.changelog-v5.xml::remove_unused_node_message_retry::R3.Corda: Table node_message_retry dropped
?[m?[37m[INFO] 11:12:13,015 [Test worker] liquibase. - master.changelog.json: migration/node-core.changelog-v5.xml::remove_unused_node_message_retry::R3.Corda: ChangeSet migration/node-core.changelog-v5.xml::remove_unused_node_message_retry::R3.Corda ran successfully in 0ms
?[m?[37m[INFO] 11:12:13,026 [Test worker] liquibase. - master.changelog.json: migration/node-core.changelog-v8.xml::conditional_attchments_rename::R3.Corda: Marking ChangeSet: migration/node-core.changelog-v8.xml::conditional_attchments_rename::R3.Corda ran despite precondition failure due to onFail='MARK_RAN': 
          master.changelog.json : Table PUBLIC.NODE_ATTCHMENTS_CONTRACTS does not exist

?[m?[37m[INFO] 11:12:13,032 [Test worker] liquibase. - master.changelog.json: migration/node-core.changelog-v8.xml::conditional_attchments_contracts::R3.Corda: Marking ChangeSet: migration/node-core.changelog-v8.xml::conditional_attchments_contracts::R3.Corda ran despite precondition failure due to onFail='MARK_RAN': 
          master.changelog.json : Table PUBLIC.NODE_ATTACHMENTS_CONTRACT_CLASS_NAME does not exist

?[m?[37m[INFO] 11:12:13,033 [Test worker] liquibase. - master.changelog.json: migration/node-core.changelog-v8.xml::add_signers::R3.Corda: Table node_attachments_signers created
?[m?[37m[INFO] 11:12:13,034 [Test worker] liquibase. - master.changelog.json: migration/node-core.changelog-v8.xml::add_signers::R3.Corda: Foreign key constraint added to node_attachments_signers (att_id)
?[m?[37m[INFO] 11:12:13,034 [Test worker] liquibase. - master.changelog.json: migration/node-core.changelog-v8.xml::add_signers::R3.Corda: ChangeSet migration/node-core.changelog-v8.xml::add_signers::R3.Corda ran successfully in 1ms
?[m?[37m[INFO] 11:12:13,036 [Test worker] liquibase. - master.changelog.json: migration/node-core.changelog-tx-mapping.xml::add_tx_mapping_column::R3.Corda: Columns state_machine_run_id(NVARCHAR(36)) added to node_transactions
?[m?[37m[INFO] 11:12:13,036 [Test worker] liquibase. - master.changelog.json: migration/node-core.changelog-tx-mapping.xml::add_tx_mapping_column::R3.Corda: Custom SQL executed
?[m?[37m[INFO] 11:12:13,036 [Test worker] liquibase. - master.changelog.json: migration/node-core.changelog-tx-mapping.xml::add_tx_mapping_column::R3.Corda: Table node_transaction_mappings dropped
?[m?[37m[INFO] 11:12:13,036 [Test worker] liquibase. - master.changelog.json: migration/node-core.changelog-tx-mapping.xml::add_tx_mapping_column::R3.Corda: ChangeSet migration/node-core.changelog-tx-mapping.xml::add_tx_mapping_column::R3.Corda ran successfully in 2ms
?[m?[37m[INFO] 11:12:13,037 [Test worker] liquibase. - master.changelog.json: migration/node-services.changelog-init.xml::add_network_parameters_storage::R3.Corda: Table node_network_parameters created
?[m?[37m[INFO] 11:12:13,037 [Test worker] liquibase. - master.changelog.json: migration/node-services.changelog-init.xml::add_network_parameters_storage::R3.Corda: ChangeSet migration/node-services.changelog-init.xml::add_network_parameters_storage::R3.Corda ran successfully in 0ms
?[m?[37m[INFO] 11:12:13,038 [Test worker] liquibase. - master.changelog.json: migration/node-services.changelog-init.xml::network_parameters_pk::R3.Corda: Primary key added to node_network_parameters (hash)
?[m?[37m[INFO] 11:12:13,038 [Test worker] liquibase. - master.changelog.json: migration/node-services.changelog-init.xml::network_parameters_pk::R3.Corda: ChangeSet migration/node-services.changelog-init.xml::network_parameters_pk::R3.Corda ran successfully in 0ms
?[m?[37m[INFO] 11:12:13,040 [Test worker] liquibase. - master.changelog.json: migration/node-services.changelog-init.xml::add_version_column::R3.Corda: Columns version(INT) added to node_attachments
?[m?[37m[INFO] 11:12:13,040 [Test worker] liquibase. - master.changelog.json: migration/node-services.changelog-init.xml::add_version_column::R3.Corda: Custom SQL executed
?[m?[37m[INFO] 11:12:13,041 [Test worker] liquibase. - master.changelog.json: migration/node-services.changelog-init.xml::add_version_column::R3.Corda: Null constraint has been added to node_attachments.version
?[m?[37m[INFO] 11:12:13,041 [Test worker] liquibase. - master.changelog.json: migration/node-services.changelog-init.xml::add_version_column::R3.Corda: ChangeSet migration/node-services.changelog-init.xml::add_version_column::R3.Corda ran successfully in 2ms
?[m?[37m[INFO] 11:12:13,041 [Test worker] persistence.AttachmentVersionNumberMigration. - Start executing...
?[m?[37m[INFO] 11:12:13,042 [Test worker] persistence.AttachmentVersionNumberMigration. - Attachment version creation from whitelisted JARs using network parameters from build/mock-network/20190407-151212.691/nodes/0/network-parameters, whitelistedContractImplementations: {}.
?[m?[37m[INFO] 11:12:13,042 [Test worker] persistence.AttachmentVersionNumberMigration. - Attachment version creation from whitelisted JARs skipped, no attachments not found.
?[m?[37m[INFO] 11:12:13,042 [Test worker] liquibase. - master.changelog.json: migration/node-services.changelog-init.xml::update-version-of-whitelisted-jars::R3.Corda: null
?[m?[37m[INFO] 11:12:13,042 [Test worker] liquibase. - master.changelog.json: migration/node-services.changelog-init.xml::update-version-of-whitelisted-jars::R3.Corda: ChangeSet migration/node-services.changelog-init.xml::update-version-of-whitelisted-jars::R3.Corda ran successfully in 1ms
?[m?[37m[INFO] 11:12:13,043 [Test worker] migration.VaultStateMigration. - Migrating vault state data to V4 tables
?[m?[37m[INFO] 11:12:13,044 [Test worker] persistence.HibernateConfiguration. - Init HibernateConfiguration for schemas: [VaultMigrationSchemaV1(name=net.corda.node.migration.VaultMigrationSchema, version=1), VaultSchemaV1(name=net.corda.node.services.vault.VaultSchema, version=1)]
?[m?[37m[INFO] 11:12:13,044 [Test worker] persistence.HibernateConfiguration. - Creating session factory for schemas: [VaultMigrationSchemaV1(name=net.corda.node.migration.VaultMigrationSchema, version=1), VaultSchemaV1(name=net.corda.node.services.vault.VaultSchema, version=1)]
?[m?[37m[INFO] 11:12:13,049 [Test worker] internal.ConnectionProviderInitiator. - HHH000130: Instantiating explicit connection provider: net.corda.nodeapi.internal.persistence.HibernateConfiguration$NodeDatabaseConnectionProvider
?[m?[37m[INFO] 11:12:13,049 [Test worker] dialect.Dialect. - HHH000400: Using dialect: org.hibernate.dialect.H2Dialect
?[m?[37m[INFO] 11:12:13,050 [Test worker] type.BasicTypeRegistry. - HHH000270: Type registration [materialized_blob] overrides previous : org.hibernate.type.MaterializedBlobType@13ae4c5f
?[m?[37m[INFO] 11:12:13,071 [Test worker] connections.access. - HHH10001501: Connection obtained from JdbcConnectionAccess [org.hibernate.engine.jdbc.env.internal.JdbcEnvironmentInitiator$ConnectionProviderJdbcConnectionAccess@69e8f2e9] for (non-JTA) DDL execution was not in auto-commit mode; the Connection 'local transaction' will be committed and the Connection will be set into auto-commit mode.
?[m?[37m[INFO] 11:12:13,091 [Test worker] persistence.HibernateConfiguration. - Created session factory for schemas: [VaultMigrationSchemaV1(name=net.corda.node.migration.VaultMigrationSchema, version=1), VaultSchemaV1(name=net.corda.node.services.vault.VaultSchema, version=1)]
?[m?[37m[INFO] 11:12:13,091 [Test worker] internal.QueryTranslatorFactoryInitiator. - HHH000397: Using ASTQueryTranslatorFactory
?[m?[37m[INFO] 11:12:13,096 [Test worker] migration.VaultStateMigration. - Finished performing vault state data migration for 0 states
?[m?[37m[INFO] 11:12:13,096 [Test worker] liquibase. - master.changelog.json: migration/vault-schema.changelog-v9.xml::update-vault-states::R3.Corda: null
?[m?[37m[INFO] 11:12:13,096 [Test worker] liquibase. - master.changelog.json: migration/vault-schema.changelog-v9.xml::update-vault-states::R3.Corda: ChangeSet migration/vault-schema.changelog-v9.xml::update-vault-states::R3.Corda ran successfully in 53ms
?[m?[37m[INFO] 11:12:13,097 [Test worker] liquibase. - master.changelog.json: migration/node-services.changelog-init.xml::1511451595465-16::R3.Corda: Table node_notary_committed_states created
?[m?[37m[INFO] 11:12:13,097 [Test worker] liquibase. - master.changelog.json: migration/node-services.changelog-init.xml::1511451595465-16::R3.Corda: ChangeSet migration/node-services.changelog-init.xml::1511451595465-16::R3.Corda ran successfully in 0ms
?[m?[37m[INFO] 11:12:13,098 [Test worker] liquibase. - master.changelog.json: migration/node-services.changelog-init.xml::1521131680317-17::R3.Corda: Table node_notary_request_log created
?[m?[37m[INFO] 11:12:13,098 [Test worker] liquibase. - master.changelog.json: migration/node-services.changelog-init.xml::1521131680317-17::R3.Corda: ChangeSet migration/node-services.changelog-init.xml::1521131680317-17::R3.Corda ran successfully in 1ms
?[m?[37m[INFO] 11:12:13,099 [Test worker] liquibase. - master.changelog.json: migration/node-services.changelog-init.xml::1511451595465-41::R3.Corda: Primary key added to node_notary_committed_states (output_index, transaction_id)
?[m?[37m[INFO] 11:12:13,099 [Test worker] liquibase. - master.changelog.json: migration/node-services.changelog-init.xml::1511451595465-41::R3.Corda: ChangeSet migration/node-services.changelog-init.xml::1511451595465-41::R3.Corda ran successfully in 1ms
?[m?[37m[INFO] 11:12:13,099 [Test worker] liquibase. - master.changelog.json: migration/node-services.changelog-init.xml::1521131680317-48::R3.Corda: Primary key added to node_notary_request_log (id)
?[m?[37m[INFO] 11:12:13,099 [Test worker] liquibase. - master.changelog.json: migration/node-services.changelog-init.xml::1521131680317-48::R3.Corda: ChangeSet migration/node-services.changelog-init.xml::1521131680317-48::R3.Corda ran successfully in 0ms
?[m?[37m[INFO] 11:12:13,100 [Test worker] liquibase. - master.changelog.json: migration/node-services.changelog-init.xml::nullability::R3.Corda: Null constraint has been added to node_notary_committed_states.consuming_transaction_id
?[m?[37m[INFO] 11:12:13,100 [Test worker] liquibase. - master.changelog.json: migration/node-services.changelog-init.xml::nullability::R3.Corda: ChangeSet migration/node-services.changelog-init.xml::nullability::R3.Corda ran successfully in 0ms
?[m?[37m[INFO] 11:12:13,108 [Test worker] liquibase. - master.changelog.json: migration/node-notary.changelog-v2.xml::rename-table-notary-commit-log::R3.Corda: Marking ChangeSet: migration/node-notary.changelog-v2.xml::rename-table-notary-commit-log::R3.Corda ran despite precondition failure due to onFail='MARK_RAN': 
          master.changelog.json : Table PUBLIC.node_notary_commit_log does not exist

?[m?[37m[INFO] 11:12:13,110 [Test worker] liquibase. - master.changelog.json: migration/node-notary.changelog-v2.xml::create-notary-request-log-table::R3.Corda: Marking ChangeSet: migration/node-notary.changelog-v2.xml::create-notary-request-log-table::R3.Corda ran despite precondition failure due to onFail='MARK_RAN': 
          master.changelog.json : Not precondition failed

?[m?[37m[INFO] 11:12:13,111 [Test worker] liquibase. - master.changelog.json: migration/node-notary.changelog-committed-transactions-table.xml::create-notary-committed-transactions-table::R3.Corda: Table node_notary_committed_txs created
?[m?[37m[INFO] 11:12:13,111 [Test worker] liquibase. - master.changelog.json: migration/node-notary.changelog-committed-transactions-table.xml::create-notary-committed-transactions-table::R3.Corda: Primary key added to node_notary_committed_txs (transaction_id)
?[m?[37m[INFO] 11:12:13,111 [Test worker] liquibase. - master.changelog.json: migration/node-notary.changelog-committed-transactions-table.xml::create-notary-committed-transactions-table::R3.Corda: ChangeSet migration/node-notary.changelog-committed-transactions-table.xml::create-notary-committed-transactions-table::R3.Corda ran successfully in 0ms
?[m?[37m[INFO] 11:12:13,112 [Test worker] liquibase. - Successfully released change log lock
?[m?[37m[INFO] 11:12:13,113 [Test worker] internal.InternalMockNetwork$MockNode. - Connected to H2 database.
?[m?[37m[INFO] 11:12:13,119 [Test worker] persistence.HibernateConfiguration. - Init HibernateConfiguration for schemas: [CommonSchemaV1(name=net.corda.core.schemas.CommonSchema, version=1), VaultSchemaV1(name=net.corda.node.services.vault.VaultSchema, version=1), NodeInfoSchemaV1(name=net.corda.node.internal.schemas.NodeInfoSchema, version=1), NodeCoreV1(name=net.corda.node.services.schema.NodeSchemaService$NodeCore, version=1), FNOLSchemaV1(name=com.example.schema.FNOLSchema, version=1), IOUSchemaV1(name=com.example.schema.IOUSchema, version=1), NodeNotarySchemaV1(name=net.corda.node.services.transactions.NodeNotarySchema, version=1)]
?[m?[37m[INFO] 11:12:13,119 [Test worker] persistence.HibernateConfiguration. - Creating session factory for schemas: [CommonSchemaV1(name=net.corda.core.schemas.CommonSchema, version=1), VaultSchemaV1(name=net.corda.node.services.vault.VaultSchema, version=1), NodeInfoSchemaV1(name=net.corda.node.internal.schemas.NodeInfoSchema, version=1), NodeCoreV1(name=net.corda.node.services.schema.NodeSchemaService$NodeCore, version=1), FNOLSchemaV1(name=com.example.schema.FNOLSchema, version=1), IOUSchemaV1(name=com.example.schema.IOUSchema, version=1), NodeNotarySchemaV1(name=net.corda.node.services.transactions.NodeNotarySchema, version=1)]
?[m?[37m[INFO] 11:12:13,123 [Test worker] internal.ConnectionProviderInitiator. - HHH000130: Instantiating explicit connection provider: net.corda.nodeapi.internal.persistence.HibernateConfiguration$NodeDatabaseConnectionProvider
?[m?[37m[INFO] 11:12:13,123 [Test worker] dialect.Dialect. - HHH000400: Using dialect: org.hibernate.dialect.H2Dialect
?[m?[37m[INFO] 11:12:13,124 [Test worker] type.BasicTypeRegistry. - HHH000270: Type registration [materialized_blob] overrides previous : org.hibernate.type.MaterializedBlobType@13ae4c5f
?[m?[37m[INFO] 11:12:13,171 [Test worker] connections.access. - HHH10001501: Connection obtained from JdbcConnectionAccess [org.hibernate.engine.jdbc.env.internal.JdbcEnvironmentInitiator$ConnectionProviderJdbcConnectionAccess@3e03a10c] for (non-JTA) DDL execution was not in auto-commit mode; the Connection 'local transaction' will be committed and the Connection will be set into auto-commit mode.
?[m?[37m[INFO] 11:12:13,202 [Test worker] persistence.HibernateConfiguration. - Created session factory for schemas: [CommonSchemaV1(name=net.corda.core.schemas.CommonSchema, version=1), VaultSchemaV1(name=net.corda.node.services.vault.VaultSchema, version=1), NodeInfoSchemaV1(name=net.corda.node.internal.schemas.NodeInfoSchema, version=1), NodeCoreV1(name=net.corda.node.services.schema.NodeSchemaService$NodeCore, version=1), FNOLSchemaV1(name=com.example.schema.FNOLSchema, version=1), IOUSchemaV1(name=com.example.schema.IOUSchema, version=1), NodeNotarySchemaV1(name=net.corda.node.services.transactions.NodeNotarySchema, version=1)]
?[m?[37m[INFO] 11:12:13,203 [Test worker] internal.QueryTranslatorFactoryInitiator. - HHH000397: Using ASTQueryTranslatorFactory
?[m?[37m[INFO] 11:12:13,205 [Test worker] internal.InternalMockNetwork$MockNode. - Node-info has changed so submitting update. Old node-info was null
?[m?[37m[INFO] 11:12:13,205 [Test worker] network.PersistentNetworkMapCache. - Adding node with info: NodeInfo(addresses=[mock.node:1000], legalIdentitiesAndCerts=[O=Notary Service, L=Zurich, C=CH], platformVersion=4, serial=1554649933205)
?[m?[37m[INFO] 11:12:13,206 [Test worker] network.PersistentNetworkMapCache. - No previous node found
?[m?[37m[INFO] 11:12:13,214 [Test worker] internal.InternalMockNetwork$MockNode. - New node-info: NodeInfo(addresses=[mock.node:1000], legalIdentitiesAndCerts=[O=Notary Service, L=Zurich, C=CH], platformVersion=4, serial=1554649933205)
?[m?[37m[INFO] 11:12:13,221 [Test worker] network.NetworkMapUpdater. - Auto-accept enabled for network parameter changes which modify only: [epoch, modifiedTime, packageOwnership, whitelistedContractImplementations]
?[m?[37m[INFO] 11:12:13,223 [MockNode-10-2] network.PersistentNetworkMapCache. - Adding node with info: NodeInfo(addresses=[mock.node:1000], legalIdentitiesAndCerts=[O=Notary Service, L=Zurich, C=CH], platformVersion=4, serial=1554649933205)
?[m?[37m[INFO] 11:12:13,226 [MockNode-10-2] network.PersistentNetworkMapCache. - Previous node was identical to incoming one - doing nothing
?[m?[37m[INFO] 11:12:13,247 [Test worker] ClassloaderUtils. - Contracts loading for '/var/folders/5q/xy985yhj7rg30rc4c_z3gd4m0000gn/T/attachment7737921244479554269.jar' took 20 msec
?[m?[37m[INFO] 11:12:13,256 [Test worker] persistence.NodeAttachmentService. - Stored new attachment: id=B0DC6BB384D1A6B002EFC0F67EDD756DE1A1E8883DAE28EEB966064A6EF48F64 uploader=app filename=null
?[m?[37m[INFO] 11:12:13,257 [Test worker] utilities.NotaryLoader. - Starting notary service: class net.corda.node.services.transactions.SimpleNotaryService
?[m?[37m[INFO] 11:12:13,257 [Test worker] notary.SinglePartyNotaryService. - Starting notary in validating mode
?[m?[37m[INFO] 11:12:13,261 [Test worker] statemachine.SingleThreadedStateMachineManager. - Node ready, info: NodeInfo(addresses=[mock.node:1000], legalIdentitiesAndCerts=[O=Notary Service, L=Zurich, C=CH], platformVersion=4, serial=1554649933205)
?[m?[37m[INFO] 11:12:13,263 [Test worker] network.PersistentNetworkMapCache. - Adding node with info: NodeInfo(addresses=[mock.node:1000], legalIdentitiesAndCerts=[O=Notary Service, L=Zurich, C=CH], platformVersion=4, serial=1554649933205)
?[m?[37m[INFO] 11:12:13,263 [Test worker] network.PersistentNetworkMapCache. - Previous node was identical to incoming one - doing nothing
?[m?[37m[INFO] 11:12:13,263 [Test worker] network.PersistentNetworkMapCache. - Adding node with info: NodeInfo(addresses=[mock.node:1000], legalIdentitiesAndCerts=[O=Notary Service, L=Zurich, C=CH], platformVersion=4, serial=1554649933205)
?[m?[37m[INFO] 11:12:13,263 [Test worker] network.PersistentNetworkMapCache. - Previous node was identical to incoming one - doing nothing
?[m?[37m[INFO] 11:12:13,269 [Test worker] cordapp.JarScanningCordappLoader. - Looking for CorDapps in [build/mock-network/20190407-151212.691/nodes/1/cordapps]
?[m?[37m[INFO] 11:12:13,269 [Test worker] cordapp.JarScanningCordappLoader. - Loading CorDapps from RestrictedURL(url=file:/Users/vivian.a.chen/Hackathon/samples/cordapp-example/workflows-kotlin/build/mock-network/20190407-151212.691/nodes/1/cordapps/cordapp-example-workflows-0.1.jar, rootPackageName=null), RestrictedURL(url=file:/Users/vivian.a.chen/Hackathon/samples/cordapp-example/workflows-kotlin/build/mock-network/20190407-151212.691/nodes/1/cordapps/cordapp-example-contracts-0.1.jar, rootPackageName=null)
?[m?[37m[INFO] 11:12:13,269 [Test worker] cordapp.JarScanningCordappLoader. - Scanning CorDapp in file:/Users/vivian.a.chen/Hackathon/samples/cordapp-example/workflows-kotlin/build/mock-network/20190407-151212.691/nodes/1/cordapps/cordapp-example-workflows-0.1.jar
?[m?[37m[INFO] 11:12:13,289 [Test worker] cordapp.JarScanningCordappLoader. - Found notary service CorDapp implementations: 
?[m?[37m[INFO] 11:12:13,289 [Test worker] cordapp.JarScanningCordappLoader. - Scanning CorDapp in file:/Users/vivian.a.chen/Hackathon/samples/cordapp-example/workflows-kotlin/build/mock-network/20190407-151212.691/nodes/1/cordapps/cordapp-example-contracts-0.1.jar
?[m?[37m[INFO] 11:12:13,309 [Test worker] cordapp.JarScanningCordappLoader. - Found notary service CorDapp implementations: 
?[m?[37m[INFO] 11:12:13,314 [Test worker] internal.InternalMockNetwork$MockNode. - Node starting up ...
?[m?[37m[INFO] 11:12:13,331 [Test worker] internal.NodeFlowManager. - Registered com.example.flow.CreateFNOLFlow$Initiator to initiate com.example.flow.CreateFNOLFlow$Acceptor (version 1)
?[m?[37m[INFO] 11:12:13,331 [Test worker] internal.NodeFlowManager. - Registered com.example.flow.ExampleFlow$Initiator to initiate com.example.flow.ExampleFlow$Acceptor (version 1)
?[m?[37m[INFO] 11:12:13,331 [Test worker] internal.NodeFlowManager. - Registered com.example.flow.UpdateFNOLFlow$Initiator to initiate com.example.flow.UpdateFNOLFlow$Acceptor (version 1)
?[m?[37m[INFO] 11:12:13,333 [Test worker] internal.InternalMockNetwork$MockNode. - Loaded network parameters: NetworkParameters {
      minimumPlatformVersion=1
      notaries=[NotaryInfo(identity=O=Notary Service, L=Zurich, C=CH, validating=true)]
      maxMessageSize=10485760
      maxTransactionSize=524288000
      whitelistedContractImplementations {
        
      }
      eventHorizon=PT720H
      packageOwnership {
        
      }
      modifiedTime=2019-04-07T15:12:12.691Z
      epoch=1
  }
?[m?[37m[INFO] 11:12:13,333 [Test worker] hikari.HikariDataSource. - HikariPool-11 - Started.
?[m?[37m[INFO] 11:12:13,433 [Test worker] liquibase. - Creating database history table with name: PUBLIC.DATABASECHANGELOG
?[m?[37m[INFO] 11:12:13,435 [Test worker] liquibase. - Reading from PUBLIC.DATABASECHANGELOG
?[m?[37m[INFO] 11:12:13,436 [Test worker] liquibase. - master.changelog.json: migration/common.changelog-init.xml::1511451595465-1.3::R3.Corda: Skipping changeSet migration/common.changelog-init.xml::1511451595465-1.3::R3.Corda due to validation error(s): minValue is not allowed on h2
?[m?[37m[INFO] 11:12:13,440 [Test worker] liquibase. - master.changelog.json: migration/vault-schema.changelog-pkey.xml::non-clustered_pk-11::R3.Corda: Skipping changeSet migration/vault-schema.changelog-pkey.xml::non-clustered_pk-11::R3.Corda due to validation error(s): clustered is not allowed on h2
?[m?[37m[INFO] 11:12:13,440 [Test worker] liquibase. - master.changelog.json: migration/vault-schema.changelog-pkey.xml::non-clustered_pk-12::R3.Corda: Skipping changeSet migration/vault-schema.changelog-pkey.xml::non-clustered_pk-12::R3.Corda due to validation error(s): clustered is not allowed on h2
?[m?[37m[INFO] 11:12:13,440 [Test worker] liquibase. - master.changelog.json: migration/vault-schema.changelog-pkey.xml::non-clustered_pk-13::R3.Corda: Skipping changeSet migration/vault-schema.changelog-pkey.xml::non-clustered_pk-13::R3.Corda due to validation error(s): clustered is not allowed on h2
?[m?[37m[INFO] 11:12:13,448 [Test worker] liquibase. - master.changelog.json: migration/node-core.changelog-pkey.xml::non-clustered_pk-1::R3.Corda: Skipping changeSet migration/node-core.changelog-pkey.xml::non-clustered_pk-1::R3.Corda due to validation error(s): clustered is not allowed on h2
?[m?[37m[INFO] 11:12:13,449 [Test worker] liquibase. - master.changelog.json: migration/node-core.changelog-pkey.xml::non-clustered_pk-2::R3.Corda: Skipping changeSet migration/node-core.changelog-pkey.xml::non-clustered_pk-2::R3.Corda due to validation error(s): clustered is not allowed on h2
?[m?[37m[INFO] 11:12:13,449 [Test worker] liquibase. - master.changelog.json: migration/node-core.changelog-pkey.xml::non-clustered_pk-3::R3.Corda: Skipping changeSet migration/node-core.changelog-pkey.xml::non-clustered_pk-3::R3.Corda due to validation error(s): clustered is not allowed on h2
?[m?[37m[INFO] 11:12:13,449 [Test worker] liquibase. - master.changelog.json: migration/node-core.changelog-pkey.xml::non-clustered_pk-4::R3.Corda: Skipping changeSet migration/node-core.changelog-pkey.xml::non-clustered_pk-4::R3.Corda due to validation error(s): clustered is not allowed on h2
?[m?[37m[INFO] 11:12:13,449 [Test worker] liquibase. - master.changelog.json: migration/node-core.changelog-pkey.xml::non-clustered_pk-5::R3.Corda: Skipping changeSet migration/node-core.changelog-pkey.xml::non-clustered_pk-5::R3.Corda due to validation error(s): clustered is not allowed on h2
?[m?[37m[INFO] 11:12:13,449 [Test worker] liquibase. - master.changelog.json: migration/node-core.changelog-pkey.xml::non-clustered_pk-6::R3.Corda: Skipping changeSet migration/node-core.changelog-pkey.xml::non-clustered_pk-6::R3.Corda due to validation error(s): clustered is not allowed on h2
?[m?[37m[INFO] 11:12:13,449 [Test worker] liquibase. - master.changelog.json: migration/node-core.changelog-pkey.xml::non-clustered_pk-7::R3.Corda: Skipping changeSet migration/node-core.changelog-pkey.xml::non-clustered_pk-7::R3.Corda due to validation error(s): clustered is not allowed on h2
?[m?[37m[INFO] 11:12:13,451 [Test worker] liquibase. - Successfully acquired change log lock
?[m?[37m[INFO] 11:12:13,451 [Test worker] liquibase. - master.changelog.json: migration/common.changelog-init.xml::1511451595465-1.3::R3.Corda: Skipping changeSet migration/common.changelog-init.xml::1511451595465-1.3::R3.Corda due to validation error(s): minValue is not allowed on h2
?[m?[37m[INFO] 11:12:13,460 [Test worker] liquibase. - master.changelog.json: migration/vault-schema.changelog-pkey.xml::non-clustered_pk-11::R3.Corda: Skipping changeSet migration/vault-schema.changelog-pkey.xml::non-clustered_pk-11::R3.Corda due to validation error(s): clustered is not allowed on h2
?[m?[37m[INFO] 11:12:13,460 [Test worker] liquibase. - master.changelog.json: migration/vault-schema.changelog-pkey.xml::non-clustered_pk-12::R3.Corda: Skipping changeSet migration/vault-schema.changelog-pkey.xml::non-clustered_pk-12::R3.Corda due to validation error(s): clustered is not allowed on h2
?[m?[37m[INFO] 11:12:13,461 [Test worker] liquibase. - master.changelog.json: migration/vault-schema.changelog-pkey.xml::non-clustered_pk-13::R3.Corda: Skipping changeSet migration/vault-schema.changelog-pkey.xml::non-clustered_pk-13::R3.Corda due to validation error(s): clustered is not allowed on h2
?[m?[37m[INFO] 11:12:13,464 [Test worker] liquibase. - master.changelog.json: migration/node-core.changelog-pkey.xml::non-clustered_pk-1::R3.Corda: Skipping changeSet migration/node-core.changelog-pkey.xml::non-clustered_pk-1::R3.Corda due to validation error(s): clustered is not allowed on h2
?[m?[37m[INFO] 11:12:13,464 [Test worker] liquibase. - master.changelog.json: migration/node-core.changelog-pkey.xml::non-clustered_pk-2::R3.Corda: Skipping changeSet migration/node-core.changelog-pkey.xml::non-clustered_pk-2::R3.Corda due to validation error(s): clustered is not allowed on h2
?[m?[37m[INFO] 11:12:13,464 [Test worker] liquibase. - master.changelog.json: migration/node-core.changelog-pkey.xml::non-clustered_pk-3::R3.Corda: Skipping changeSet migration/node-core.changelog-pkey.xml::non-clustered_pk-3::R3.Corda due to validation error(s): clustered is not allowed on h2
?[m?[37m[INFO] 11:12:13,464 [Test worker] liquibase. - master.changelog.json: migration/node-core.changelog-pkey.xml::non-clustered_pk-4::R3.Corda: Skipping changeSet migration/node-core.changelog-pkey.xml::non-clustered_pk-4::R3.Corda due to validation error(s): clustered is not allowed on h2
?[m?[37m[INFO] 11:12:13,464 [Test worker] liquibase. - master.changelog.json: migration/node-core.changelog-pkey.xml::non-clustered_pk-5::R3.Corda: Skipping changeSet migration/node-core.changelog-pkey.xml::non-clustered_pk-5::R3.Corda due to validation error(s): clustered is not allowed on h2
?[m?[37m[INFO] 11:12:13,464 [Test worker] liquibase. - master.changelog.json: migration/node-core.changelog-pkey.xml::non-clustered_pk-6::R3.Corda: Skipping changeSet migration/node-core.changelog-pkey.xml::non-clustered_pk-6::R3.Corda due to validation error(s): clustered is not allowed on h2
?[m?[37m[INFO] 11:12:13,464 [Test worker] liquibase. - master.changelog.json: migration/node-core.changelog-pkey.xml::non-clustered_pk-7::R3.Corda: Skipping changeSet migration/node-core.changelog-pkey.xml::non-clustered_pk-7::R3.Corda due to validation error(s): clustered is not allowed on h2
?[m?[37m[INFO] 11:12:13,465 [Test worker] liquibase. - master.changelog.json: migration/common.changelog-init.xml::1511451595465-1.1::R3.Corda: Sequence hibernate_sequence created
?[m?[37m[INFO] 11:12:13,465 [Test worker] liquibase. - master.changelog.json: migration/common.changelog-init.xml::1511451595465-1.1::R3.Corda: ChangeSet migration/common.changelog-init.xml::1511451595465-1.1::R3.Corda ran successfully in 0ms
?[m?[37m[INFO] 11:12:13,467 [Test worker] liquibase. - master.changelog.json: migration/vault-schema.changelog-init.xml::1511451595465-22::R3.Corda: Table vault_fungible_states created
?[m?[37m[INFO] 11:12:13,467 [Test worker] liquibase. - master.changelog.json: migration/vault-schema.changelog-init.xml::1511451595465-22::R3.Corda: ChangeSet migration/vault-schema.changelog-init.xml::1511451595465-22::R3.Corda ran successfully in 0ms
?[m?[37m[INFO] 11:12:13,468 [Test worker] liquibase. - master.changelog.json: migration/vault-schema.changelog-init.xml::1511451595465-23::R3.Corda: Table vault_fungible_states_parts created
?[m?[37m[INFO] 11:12:13,468 [Test worker] liquibase. - master.changelog.json: migration/vault-schema.changelog-init.xml::1511451595465-23::R3.Corda: ChangeSet migration/vault-schema.changelog-init.xml::1511451595465-23::R3.Corda ran successfully in 0ms
?[m?[37m[INFO] 11:12:13,469 [Test worker] liquibase. - master.changelog.json: migration/vault-schema.changelog-init.xml::1511451595465-24::R3.Corda: Table vault_linear_states created
?[m?[37m[INFO] 11:12:13,469 [Test worker] liquibase. - master.changelog.json: migration/vault-schema.changelog-init.xml::1511451595465-24::R3.Corda: ChangeSet migration/vault-schema.changelog-init.xml::1511451595465-24::R3.Corda ran successfully in 1ms
?[m?[37m[INFO] 11:12:13,469 [Test worker] liquibase. - master.changelog.json: migration/vault-schema.changelog-init.xml::1511451595465-25::R3.Corda: Table vault_linear_states_parts created
?[m?[37m[INFO] 11:12:13,469 [Test worker] liquibase. - master.changelog.json: migration/vault-schema.changelog-init.xml::1511451595465-25::R3.Corda: ChangeSet migration/vault-schema.changelog-init.xml::1511451595465-25::R3.Corda ran successfully in 0ms
?[m?[37m[INFO] 11:12:13,470 [Test worker] liquibase. - master.changelog.json: migration/vault-schema.changelog-init.xml::1511451595465-26::R3.Corda: Table vault_states created
?[m?[37m[INFO] 11:12:13,470 [Test worker] liquibase. - master.changelog.json: migration/vault-schema.changelog-init.xml::1511451595465-26::R3.Corda: ChangeSet migration/vault-schema.changelog-init.xml::1511451595465-26::R3.Corda ran successfully in 0ms
?[m?[37m[INFO] 11:12:13,471 [Test worker] liquibase. - master.changelog.json: migration/vault-schema.changelog-init.xml::1511451595465-27::R3.Corda: Table vault_transaction_notes created
?[m?[37m[INFO] 11:12:13,471 [Test worker] liquibase. - master.changelog.json: migration/vault-schema.changelog-init.xml::1511451595465-27::R3.Corda: ChangeSet migration/vault-schema.changelog-init.xml::1511451595465-27::R3.Corda ran successfully in 0ms
?[m?[37m[INFO] 11:12:13,472 [Test worker] liquibase. - master.changelog.json: migration/vault-schema.changelog-init.xml::1511451595465-47::R3.Corda: Primary key added to vault_fungible_states (output_index, transaction_id)
?[m?[37m[INFO] 11:12:13,472 [Test worker] liquibase. - master.changelog.json: migration/vault-schema.changelog-init.xml::1511451595465-47::R3.Corda: ChangeSet migration/vault-schema.changelog-init.xml::1511451595465-47::R3.Corda ran successfully in 1ms
?[m?[37m[INFO] 11:12:13,473 [Test worker] liquibase. - master.changelog.json: migration/vault-schema.changelog-init.xml::1511451595465-48::R3.Corda: Primary key added to vault_linear_states (output_index, transaction_id)
?[m?[37m[INFO] 11:12:13,473 [Test worker] liquibase. - master.changelog.json: migration/vault-schema.changelog-init.xml::1511451595465-48::R3.Corda: ChangeSet migration/vault-schema.changelog-init.xml::1511451595465-48::R3.Corda ran successfully in 0ms
?[m?[37m[INFO] 11:12:13,473 [Test worker] liquibase. - master.changelog.json: migration/vault-schema.changelog-init.xml::1511451595465-49::R3.Corda: Primary key added to vault_states (output_index, transaction_id)
?[m?[37m[INFO] 11:12:13,474 [Test worker] liquibase. - master.changelog.json: migration/vault-schema.changelog-init.xml::1511451595465-49::R3.Corda: ChangeSet migration/vault-schema.changelog-init.xml::1511451595465-49::R3.Corda ran successfully in 1ms
?[m?[37m[INFO] 11:12:13,474 [Test worker] liquibase. - master.changelog.json: migration/vault-schema.changelog-init.xml::1511451595465-50::R3.Corda: Primary key added to vault_transaction_notes (seq_no)
?[m?[37m[INFO] 11:12:13,474 [Test worker] liquibase. - master.changelog.json: migration/vault-schema.changelog-init.xml::1511451595465-50::R3.Corda: ChangeSet migration/vault-schema.changelog-init.xml::1511451595465-50::R3.Corda ran successfully in 0ms
?[m?[37m[INFO] 11:12:13,475 [Test worker] liquibase. - master.changelog.json: migration/vault-schema.changelog-init.xml::1511451595465-53::R3.Corda: Index external_id_index created
?[m?[37m[INFO] 11:12:13,475 [Test worker] liquibase. - master.changelog.json: migration/vault-schema.changelog-init.xml::1511451595465-53::R3.Corda: ChangeSet migration/vault-schema.changelog-init.xml::1511451595465-53::R3.Corda ran successfully in 0ms
?[m?[37m[INFO] 11:12:13,476 [Test worker] liquibase. - master.changelog.json: migration/vault-schema.changelog-init.xml::1511451595465-55::R3.Corda: Index lock_id_idx created
?[m?[37m[INFO] 11:12:13,476 [Test worker] liquibase. - master.changelog.json: migration/vault-schema.changelog-init.xml::1511451595465-55::R3.Corda: ChangeSet migration/vault-schema.changelog-init.xml::1511451595465-55::R3.Corda ran successfully in 0ms
?[m?[37m[INFO] 11:12:13,476 [Test worker] liquibase. - master.changelog.json: migration/vault-schema.changelog-init.xml::1511451595465-58::R3.Corda: Index state_status_idx created
?[m?[37m[INFO] 11:12:13,476 [Test worker] liquibase. - master.changelog.json: migration/vault-schema.changelog-init.xml::1511451595465-58::R3.Corda: ChangeSet migration/vault-schema.changelog-init.xml::1511451595465-58::R3.Corda ran successfully in 0ms
?[m?[37m[INFO] 11:12:13,477 [Test worker] liquibase. - master.changelog.json: migration/vault-schema.changelog-init.xml::1511451595465-59::R3.Corda: Index transaction_id_index created
?[m?[37m[INFO] 11:12:13,477 [Test worker] liquibase. - master.changelog.json: migration/vault-schema.changelog-init.xml::1511451595465-59::R3.Corda: ChangeSet migration/vault-schema.changelog-init.xml::1511451595465-59::R3.Corda ran successfully in 0ms
?[m?[37m[INFO] 11:12:13,478 [Test worker] liquibase. - master.changelog.json: migration/vault-schema.changelog-init.xml::1511451595465-60::R3.Corda: Index uuid_index created
?[m?[37m[INFO] 11:12:13,478 [Test worker] liquibase. - master.changelog.json: migration/vault-schema.changelog-init.xml::1511451595465-60::R3.Corda: ChangeSet migration/vault-schema.changelog-init.xml::1511451595465-60::R3.Corda ran successfully in 0ms
?[m?[37m[INFO] 11:12:13,479 [Test worker] liquibase. - master.changelog.json: migration/vault-schema.changelog-init.xml::1511451595465-64::R3.Corda: Foreign key constraint added to vault_fungible_states_parts (output_index,transaction_id)
?[m?[37m[INFO] 11:12:13,479 [Test worker] liquibase. - master.changelog.json: migration/vault-schema.changelog-init.xml::1511451595465-64::R3.Corda: ChangeSet migration/vault-schema.changelog-init.xml::1511451595465-64::R3.Corda ran successfully in 0ms
?[m?[37m[INFO] 11:12:13,481 [Test worker] liquibase. - master.changelog.json: migration/vault-schema.changelog-init.xml::1511451595465-65::R3.Corda: Foreign key constraint added to vault_linear_states_parts (output_index,transaction_id)
?[m?[37m[INFO] 11:12:13,481 [Test worker] liquibase. - master.changelog.json: migration/vault-schema.changelog-init.xml::1511451595465-65::R3.Corda: ChangeSet migration/vault-schema.changelog-init.xml::1511451595465-65::R3.Corda ran successfully in 1ms
?[m?[37m[INFO] 11:12:13,482 [Test worker] liquibase. - master.changelog.json: migration/vault-schema.changelog-v3.xml::clean_vault::R3.Corda: Data deleted from vault_fungible_states_parts
?[m?[37m[INFO] 11:12:13,482 [Test worker] liquibase. - master.changelog.json: migration/vault-schema.changelog-v3.xml::clean_vault::R3.Corda: Data deleted from vault_fungible_states
?[m?[37m[INFO] 11:12:13,482 [Test worker] liquibase. - master.changelog.json: migration/vault-schema.changelog-v3.xml::clean_vault::R3.Corda: Data deleted from vault_linear_states_parts
?[m?[37m[INFO] 11:12:13,482 [Test worker] liquibase. - master.changelog.json: migration/vault-schema.changelog-v3.xml::clean_vault::R3.Corda: Data deleted from vault_linear_states
?[m?[37m[INFO] 11:12:13,482 [Test worker] liquibase. - master.changelog.json: migration/vault-schema.changelog-v3.xml::clean_vault::R3.Corda: Data deleted from vault_states
?[m?[37m[INFO] 11:12:13,482 [Test worker] liquibase. - master.changelog.json: migration/vault-schema.changelog-v3.xml::clean_vault::R3.Corda: Data deleted from vault_transaction_notes
?[m?[37m[INFO] 11:12:13,482 [Test worker] liquibase. - master.changelog.json: migration/vault-schema.changelog-v3.xml::clean_vault::R3.Corda: ChangeSet migration/vault-schema.changelog-v3.xml::clean_vault::R3.Corda ran successfully in 0ms
?[m?[37m[INFO] 11:12:13,483 [Test worker] liquibase. - master.changelog.json: migration/vault-schema.changelog-v4.xml::nullability::R3.Corda: Null constraint has been added to vault_fungible_states.quantity
?[m?[37m[INFO] 11:12:13,483 [Test worker] liquibase. - master.changelog.json: migration/vault-schema.changelog-v4.xml::nullability::R3.Corda: Null constraint has been added to vault_states.contract_state_class_name
?[m?[37m[INFO] 11:12:13,483 [Test worker] liquibase. - master.changelog.json: migration/vault-schema.changelog-v4.xml::nullability::R3.Corda: Null constraint has been added to vault_states.notary_name
?[m?[37m[INFO] 11:12:13,483 [Test worker] liquibase. - master.changelog.json: migration/vault-schema.changelog-v4.xml::nullability::R3.Corda: Null constraint has been added to vault_states.recorded_timestamp
?[m?[37m[INFO] 11:12:13,484 [Test worker] liquibase. - master.changelog.json: migration/vault-schema.changelog-v4.xml::nullability::R3.Corda: Index state_status_idx dropped from table vault_states
?[m?[37m[INFO] 11:12:13,484 [Test worker] liquibase. - master.changelog.json: migration/vault-schema.changelog-v4.xml::nullability::R3.Corda: Index lock_id_idx dropped from table vault_states
?[m?[37m[INFO] 11:12:13,484 [Test worker] liquibase. - master.changelog.json: migration/vault-schema.changelog-v4.xml::nullability::R3.Corda: Null constraint has been added to vault_states.state_status
?[m?[37m[INFO] 11:12:13,485 [Test worker] liquibase. - master.changelog.json: migration/vault-schema.changelog-v4.xml::nullability::R3.Corda: Index state_status_idx created
?[m?[37m[INFO] 11:12:13,485 [Test worker] liquibase. - master.changelog.json: migration/vault-schema.changelog-v4.xml::nullability::R3.Corda: Index lock_id_idx created
?[m?[37m[INFO] 11:12:13,485 [Test worker] liquibase. - master.changelog.json: migration/vault-schema.changelog-v4.xml::nullability::R3.Corda: Index transaction_id_index dropped from table vault_transaction_notes
?[m?[37m[INFO] 11:12:13,485 [Test worker] liquibase. - master.changelog.json: migration/vault-schema.changelog-v4.xml::nullability::R3.Corda: Null constraint has been added to vault_transaction_notes.note
?[m?[37m[INFO] 11:12:13,485 [Test worker] liquibase. - master.changelog.json: migration/vault-schema.changelog-v4.xml::nullability::R3.Corda: Null constraint has been added to vault_transaction_notes.transaction_id
?[m?[37m[INFO] 11:12:13,485 [Test worker] liquibase. - master.changelog.json: migration/vault-schema.changelog-v4.xml::nullability::R3.Corda: Index transaction_id_index created
?[m?[37m[INFO] 11:12:13,485 [Test worker] liquibase. - master.changelog.json: migration/vault-schema.changelog-v4.xml::nullability::R3.Corda: ChangeSet migration/vault-schema.changelog-v4.xml::nullability::R3.Corda ran successfully in 2ms
?[m?[37m[INFO] 11:12:13,491 [Test worker] liquibase. - master.changelog.json: migration/vault-schema.changelog-v5.xml::add_relevancy_status_column::R3.Corda: Columns relevancy_status(INT) added to vault_states
?[m?[37m[INFO] 11:12:13,491 [Test worker] liquibase. - master.changelog.json: migration/vault-schema.changelog-v5.xml::add_relevancy_status_column::R3.Corda: Data updated in vault_states
?[m?[37m[INFO] 11:12:13,491 [Test worker] liquibase. - master.changelog.json: migration/vault-schema.changelog-v5.xml::add_relevancy_status_column::R3.Corda: Null constraint has been added to vault_states.relevancy_status
?[m?[37m[INFO] 11:12:13,491 [Test worker] liquibase. - master.changelog.json: migration/vault-schema.changelog-v5.xml::add_relevancy_status_column::R3.Corda: ChangeSet migration/vault-schema.changelog-v5.xml::add_relevancy_status_column::R3.Corda ran successfully in 3ms
?[m?[37m[INFO] 11:12:13,494 [Test worker] liquibase. - master.changelog.json: migration/vault-schema.changelog-v6.xml::add_is_constraint_information_columns::R3.Corda: Columns constraint_type(INT) added to vault_states
?[m?[37m[INFO] 11:12:13,495 [Test worker] liquibase. - master.changelog.json: migration/vault-schema.changelog-v6.xml::add_is_constraint_information_columns::R3.Corda: Columns constraint_data(varbinary(563)) added to vault_states
?[m?[37m[INFO] 11:12:13,495 [Test worker] liquibase. - master.changelog.json: migration/vault-schema.changelog-v6.xml::add_is_constraint_information_columns::R3.Corda: ChangeSet migration/vault-schema.changelog-v6.xml::add_is_constraint_information_columns::R3.Corda ran successfully in 3ms
?[m?[37m[INFO] 11:12:13,495 [Test worker] liquibase. - master.changelog.json: migration/vault-schema.changelog-v7.xml::make_issuer_ref_nullable::R3.Corda: Null constraint dropped from vault_fungible_states.issuer_ref
?[m?[37m[INFO] 11:12:13,495 [Test worker] liquibase. - master.changelog.json: migration/vault-schema.changelog-v7.xml::make_issuer_ref_nullable::R3.Corda: ChangeSet migration/vault-schema.changelog-v7.xml::make_issuer_ref_nullable::R3.Corda ran successfully in 0ms
?[m?[37m[INFO] 11:12:13,496 [Test worker] liquibase. - master.changelog.json: migration/vault-schema.changelog-v8.xml::create-external-id-to-state-party-view::R3.Corda: Table state_party created
?[m?[37m[INFO] 11:12:13,496 [Test worker] liquibase. - master.changelog.json: migration/vault-schema.changelog-v8.xml::create-external-id-to-state-party-view::R3.Corda: Index state_pk_hash_idx created
?[m?[37m[INFO] 11:12:13,497 [Test worker] liquibase. - master.changelog.json: migration/vault-schema.changelog-v8.xml::create-external-id-to-state-party-view::R3.Corda: Table pk_hash_to_ext_id_map created
?[m?[37m[INFO] 11:12:13,497 [Test worker] liquibase. - master.changelog.json: migration/vault-schema.changelog-v8.xml::create-external-id-to-state-party-view::R3.Corda: Index pk_hash_to_xid_idx created
?[m?[37m[INFO] 11:12:13,497 [Test worker] liquibase. - master.changelog.json: migration/vault-schema.changelog-v8.xml::create-external-id-to-state-party-view::R3.Corda: View v_pkey_hash_ex_id_map created
?[m?[37m[INFO] 11:12:13,497 [Test worker] liquibase. - master.changelog.json: migration/vault-schema.changelog-v8.xml::create-external-id-to-state-party-view::R3.Corda: ChangeSet migration/vault-schema.changelog-v8.xml::create-external-id-to-state-party-view::R3.Corda ran successfully in 1ms
?[m?[37m[INFO] 11:12:13,498 [Test worker] liquibase. - master.changelog.json: migration/node-info.changelog-init.xml::1511451595465-4::R3.Corda: Table node_link_nodeinfo_party created
?[m?[37m[INFO] 11:12:13,498 [Test worker] liquibase. - master.changelog.json: migration/node-info.changelog-init.xml::1511451595465-4::R3.Corda: ChangeSet migration/node-info.changelog-init.xml::1511451595465-4::R3.Corda ran successfully in 0ms
?[m?[37m[INFO] 11:12:13,499 [Test worker] liquibase. - master.changelog.json: migration/node-info.changelog-init.xml::1511451595465-10::R3.Corda: Table node_info_hosts created
?[m?[37m[INFO] 11:12:13,499 [Test worker] liquibase. - master.changelog.json: migration/node-info.changelog-init.xml::1511451595465-10::R3.Corda: ChangeSet migration/node-info.changelog-init.xml::1511451595465-10::R3.Corda ran successfully in 0ms
?[m?[37m[INFO] 11:12:13,500 [Test worker] liquibase. - master.changelog.json: migration/node-info.changelog-init.xml::1511451595465-11::R3.Corda: Table node_info_party_cert created
?[m?[37m[INFO] 11:12:13,500 [Test worker] liquibase. - master.changelog.json: migration/node-info.changelog-init.xml::1511451595465-11::R3.Corda: ChangeSet migration/node-info.changelog-init.xml::1511451595465-11::R3.Corda ran successfully in 0ms
?[m?[37m[INFO] 11:12:13,501 [Test worker] liquibase. - master.changelog.json: migration/node-info.changelog-init.xml::1511451595465-12::R3.Corda: Table node_infos created
?[m?[37m[INFO] 11:12:13,501 [Test worker] liquibase. - master.changelog.json: migration/node-info.changelog-init.xml::1511451595465-12::R3.Corda: ChangeSet migration/node-info.changelog-init.xml::1511451595465-12::R3.Corda ran successfully in 1ms
?[m?[37m[INFO] 11:12:13,501 [Test worker] liquibase. - master.changelog.json: migration/node-info.changelog-init.xml::1511451595465-35::R3.Corda: Primary key added to node_info_hosts (host, port)
?[m?[37m[INFO] 11:12:13,501 [Test worker] liquibase. - master.changelog.json: migration/node-info.changelog-init.xml::1511451595465-35::R3.Corda: ChangeSet migration/node-info.changelog-init.xml::1511451595465-35::R3.Corda ran successfully in 0ms
?[m?[37m[INFO] 11:12:13,502 [Test worker] liquibase. - master.changelog.json: migration/node-info.changelog-init.xml::1511451595465-36::R3.Corda: Primary key added to node_info_party_cert (party_name)
?[m?[37m[INFO] 11:12:13,502 [Test worker] liquibase. - master.changelog.json: migration/node-info.changelog-init.xml::1511451595465-36::R3.Corda: ChangeSet migration/node-info.changelog-init.xml::1511451595465-36::R3.Corda ran successfully in 0ms
?[m?[37m[INFO] 11:12:13,503 [Test worker] liquibase. - master.changelog.json: migration/node-info.changelog-init.xml::1511451595465-37::R3.Corda: Primary key added to node_infos (node_info_id)
?[m?[37m[INFO] 11:12:13,503 [Test worker] liquibase. - master.changelog.json: migration/node-info.changelog-init.xml::1511451595465-37::R3.Corda: ChangeSet migration/node-info.changelog-init.xml::1511451595465-37::R3.Corda ran successfully in 0ms
?[m?[37m[INFO] 11:12:13,504 [Test worker] liquibase. - master.changelog.json: migration/node-info.changelog-init.xml::1511451595465-62::R3.Corda: Foreign key constraint added to node_link_nodeinfo_party (node_info_id)
?[m?[37m[INFO] 11:12:13,504 [Test worker] liquibase. - master.changelog.json: migration/node-info.changelog-init.xml::1511451595465-62::R3.Corda: ChangeSet migration/node-info.changelog-init.xml::1511451595465-62::R3.Corda ran successfully in 1ms
?[m?[37m[INFO] 11:12:13,505 [Test worker] liquibase. - master.changelog.json: migration/node-info.changelog-init.xml::1511451595465-63::R3.Corda: Foreign key constraint added to node_info_hosts (node_info_id)
?[m?[37m[INFO] 11:12:13,505 [Test worker] liquibase. - master.changelog.json: migration/node-info.changelog-init.xml::1511451595465-63::R3.Corda: ChangeSet migration/node-info.changelog-init.xml::1511451595465-63::R3.Corda ran successfully in 0ms
?[m?[37m[INFO] 11:12:13,506 [Test worker] liquibase. - master.changelog.json: migration/node-info.changelog-init.xml::remove_host_port_pk::R3.Corda: Data deleted from node_infos
?[m?[37m[INFO] 11:12:13,506 [Test worker] liquibase. - master.changelog.json: migration/node-info.changelog-init.xml::remove_host_port_pk::R3.Corda: Data deleted from node_link_nodeinfo_party
?[m?[37m[INFO] 11:12:13,506 [Test worker] liquibase. - master.changelog.json: migration/node-info.changelog-init.xml::remove_host_port_pk::R3.Corda: Data deleted from node_info_hosts
?[m?[37m[INFO] 11:12:13,506 [Test worker] liquibase. - master.changelog.json: migration/node-info.changelog-init.xml::remove_host_port_pk::R3.Corda: Data deleted from node_info_party_cert
?[m?[37m[INFO] 11:12:13,506 [Test worker] liquibase. - master.changelog.json: migration/node-info.changelog-init.xml::remove_host_port_pk::R3.Corda: Primary key dropped from node_info_hosts
?[m?[37m[INFO] 11:12:13,507 [Test worker] liquibase. - master.changelog.json: migration/node-info.changelog-init.xml::remove_host_port_pk::R3.Corda: Columns hosts_id(INT) added to node_info_hosts
?[m?[37m[INFO] 11:12:13,507 [Test worker] liquibase. - master.changelog.json: migration/node-info.changelog-init.xml::remove_host_port_pk::R3.Corda: Primary key added to node_info_hosts (hosts_id)
?[m?[37m[INFO] 11:12:13,507 [Test worker] liquibase. - master.changelog.json: migration/node-info.changelog-init.xml::remove_host_port_pk::R3.Corda: ChangeSet migration/node-info.changelog-init.xml::remove_host_port_pk::R3.Corda ran successfully in 1ms
?[m?[37m[INFO] 11:12:13,508 [Test worker] liquibase. - master.changelog.json: migration/node-info.changelog-v1.xml::key/value node properties table::R3.Corda: Table node_properties created
?[m?[37m[INFO] 11:12:13,508 [Test worker] liquibase. - master.changelog.json: migration/node-info.changelog-v1.xml::key/value node properties table::R3.Corda: ChangeSet migration/node-info.changelog-v1.xml::key/value node properties table::R3.Corda ran successfully in 0ms
?[m?[37m[INFO] 11:12:13,509 [Test worker] liquibase. - master.changelog.json: migration/node-info.changelog-v2.xml::1525962920::R3.Corda: Null constraint has been added to node_infos.node_info_hash
?[m?[37m[INFO] 11:12:13,509 [Test worker] liquibase. - master.changelog.json: migration/node-info.changelog-v2.xml::1525962920::R3.Corda: Null constraint has been added to node_infos.platform_version
?[m?[37m[INFO] 11:12:13,509 [Test worker] liquibase. - master.changelog.json: migration/node-info.changelog-v2.xml::1525962920::R3.Corda: Null constraint has been added to node_infos.serial
?[m?[37m[INFO] 11:12:13,509 [Test worker] liquibase. - master.changelog.json: migration/node-info.changelog-v2.xml::1525962920::R3.Corda: Null constraint dropped from node_info_hosts.host
?[m?[37m[INFO] 11:12:13,509 [Test worker] liquibase. - master.changelog.json: migration/node-info.changelog-v2.xml::1525962920::R3.Corda: Null constraint dropped from node_info_hosts.port
?[m?[37m[INFO] 11:12:13,509 [Test worker] liquibase. - master.changelog.json: migration/node-info.changelog-v2.xml::1525962920::R3.Corda: Null constraint has been added to node_info_party_cert.owning_key_hash
?[m?[37m[INFO] 11:12:13,509 [Test worker] liquibase. - master.changelog.json: migration/node-info.changelog-v2.xml::1525962920::R3.Corda: Null constraint has been added to node_info_party_cert.party_cert_binary
?[m?[37m[INFO] 11:12:13,509 [Test worker] liquibase. - master.changelog.json: migration/node-info.changelog-v2.xml::1525962920::R3.Corda: ChangeSet migration/node-info.changelog-v2.xml::1525962920::R3.Corda ran successfully in 0ms
?[m?[37m[INFO] 11:12:13,510 [Test worker] liquibase. - master.changelog.json: migration/node-info.changelog-v3.xml::column_host_name::R3.Corda: Column node_info_hosts.host renamed to host_name
?[m?[37m[INFO] 11:12:13,510 [Test worker] liquibase. - master.changelog.json: migration/node-info.changelog-v3.xml::column_host_name::R3.Corda: ChangeSet migration/node-info.changelog-v3.xml::column_host_name::R3.Corda ran successfully in 0ms
?[m?[37m[INFO] 11:12:13,511 [Test worker] liquibase. - master.changelog.json: migration/node-services.changelog-init.xml::1511451595465-5::R3.Corda: Table node_attachments created
?[m?[37m[INFO] 11:12:13,511 [Test worker] liquibase. - master.changelog.json: migration/node-services.changelog-init.xml::1511451595465-5::R3.Corda: ChangeSet migration/node-services.changelog-init.xml::1511451595465-5::R3.Corda ran successfully in 0ms
?[m?[37m[INFO] 11:12:13,512 [Test worker] liquibase. - master.changelog.json: migration/node-services.changelog-init.xml::1511451595465-7::R3.Corda: Table node_checkpoints created
?[m?[37m[INFO] 11:12:13,512 [Test worker] liquibase. - master.changelog.json: migration/node-services.changelog-init.xml::1511451595465-7::R3.Corda: ChangeSet migration/node-services.changelog-init.xml::1511451595465-7::R3.Corda ran successfully in 0ms
?[m?[37m[INFO] 11:12:13,513 [Test worker] liquibase. - master.changelog.json: migration/node-services.changelog-init.xml::1511451595465-8::R3.Corda: Table node_contract_upgrades created
?[m?[37m[INFO] 11:12:13,513 [Test worker] liquibase. - master.changelog.json: migration/node-services.changelog-init.xml::1511451595465-8::R3.Corda: ChangeSet migration/node-services.changelog-init.xml::1511451595465-8::R3.Corda ran successfully in 0ms
?[m?[37m[INFO] 11:12:13,514 [Test worker] liquibase. - master.changelog.json: migration/node-services.changelog-init.xml::1511451595465-9::R3.Corda: Table node_identities created
?[m?[37m[INFO] 11:12:13,514 [Test worker] liquibase. - master.changelog.json: migration/node-services.changelog-init.xml::1511451595465-9::R3.Corda: ChangeSet migration/node-services.changelog-init.xml::1511451595465-9::R3.Corda ran successfully in 1ms
?[m?[37m[INFO] 11:12:13,514 [Test worker] liquibase. - master.changelog.json: migration/node-services.changelog-init.xml::1511451595465-13::R3.Corda: Table node_message_ids created
?[m?[37m[INFO] 11:12:13,514 [Test worker] liquibase. - master.changelog.json: migration/node-services.changelog-init.xml::1511451595465-13::R3.Corda: ChangeSet migration/node-services.changelog-init.xml::1511451595465-13::R3.Corda ran successfully in 0ms
?[m?[37m[INFO] 11:12:13,515 [Test worker] liquibase. - master.changelog.json: migration/node-services.changelog-init.xml::1511451595465-14::R3.Corda: Table node_message_retry created
?[m?[37m[INFO] 11:12:13,515 [Test worker] liquibase. - master.changelog.json: migration/node-services.changelog-init.xml::1511451595465-14::R3.Corda: ChangeSet migration/node-services.changelog-init.xml::1511451595465-14::R3.Corda ran successfully in 0ms
?[m?[37m[INFO] 11:12:13,516 [Test worker] liquibase. - master.changelog.json: migration/node-services.changelog-init.xml::1511451595465-15::R3.Corda: Table node_named_identities created
?[m?[37m[INFO] 11:12:13,516 [Test worker] liquibase. - master.changelog.json: migration/node-services.changelog-init.xml::1511451595465-15::R3.Corda: ChangeSet migration/node-services.changelog-init.xml::1511451595465-15::R3.Corda ran successfully in 1ms
?[m?[37m[INFO] 11:12:13,516 [Test worker] liquibase. - master.changelog.json: migration/node-services.changelog-init.xml::1511451595465-17::R3.Corda: Table node_our_key_pairs created
?[m?[37m[INFO] 11:12:13,516 [Test worker] liquibase. - master.changelog.json: migration/node-services.changelog-init.xml::1511451595465-17::R3.Corda: ChangeSet migration/node-services.changelog-init.xml::1511451595465-17::R3.Corda ran successfully in 0ms
?[m?[37m[INFO] 11:12:13,517 [Test worker] liquibase. - master.changelog.json: migration/node-services.changelog-init.xml::1511451595465-19::R3.Corda: Table node_scheduled_states created
?[m?[37m[INFO] 11:12:13,517 [Test worker] liquibase. - master.changelog.json: migration/node-services.changelog-init.xml::1511451595465-19::R3.Corda: ChangeSet migration/node-services.changelog-init.xml::1511451595465-19::R3.Corda ran successfully in 0ms
?[m?[37m[INFO] 11:12:13,518 [Test worker] liquibase. - master.changelog.json: migration/node-services.changelog-init.xml::1511451595465-20::R3.Corda: Table node_transaction_mappings created
?[m?[37m[INFO] 11:12:13,518 [Test worker] liquibase. - master.changelog.json: migration/node-services.changelog-init.xml::1511451595465-20::R3.Corda: ChangeSet migration/node-services.changelog-init.xml::1511451595465-20::R3.Corda ran successfully in 0ms
?[m?[37m[INFO] 11:12:13,518 [Test worker] liquibase. - master.changelog.json: migration/node-services.changelog-init.xml::1511451595465-21::R3.Corda: Table node_transactions created
?[m?[37m[INFO] 11:12:13,518 [Test worker] liquibase. - master.changelog.json: migration/node-services.changelog-init.xml::1511451595465-21::R3.Corda: ChangeSet migration/node-services.changelog-init.xml::1511451595465-21::R3.Corda ran successfully in 0ms
?[m?[37m[INFO] 11:12:13,519 [Test worker] liquibase. - master.changelog.json: migration/node-services.changelog-init.xml::1511451595465-30::R3.Corda: Primary key added to node_attachments (att_id)
?[m?[37m[INFO] 11:12:13,519 [Test worker] liquibase. - master.changelog.json: migration/node-services.changelog-init.xml::1511451595465-30::R3.Corda: ChangeSet migration/node-services.changelog-init.xml::1511451595465-30::R3.Corda ran successfully in 0ms
?[m?[37m[INFO] 11:12:13,520 [Test worker] liquibase. - master.changelog.json: migration/node-services.changelog-init.xml::1511451595465-32::R3.Corda: Primary key added to node_checkpoints (checkpoint_id)
?[m?[37m[INFO] 11:12:13,520 [Test worker] liquibase. - master.changelog.json: migration/node-services.changelog-init.xml::1511451595465-32::R3.Corda: ChangeSet migration/node-services.changelog-init.xml::1511451595465-32::R3.Corda ran successfully in 1ms
?[m?[37m[INFO] 11:12:13,520 [Test worker] liquibase. - master.changelog.json: migration/node-services.changelog-init.xml::1511451595465-33::R3.Corda: Primary key added to node_contract_upgrades (state_ref)
?[m?[37m[INFO] 11:12:13,520 [Test worker] liquibase. - master.changelog.json: migration/node-services.changelog-init.xml::1511451595465-33::R3.Corda: ChangeSet migration/node-services.changelog-init.xml::1511451595465-33::R3.Corda ran successfully in 0ms
?[m?[37m[INFO] 11:12:13,521 [Test worker] liquibase. - master.changelog.json: migration/node-services.changelog-init.xml::1511451595465-34::R3.Corda: Primary key added to node_identities (pk_hash)
?[m?[37m[INFO] 11:12:13,521 [Test worker] liquibase. - master.changelog.json: migration/node-services.changelog-init.xml::1511451595465-34::R3.Corda: ChangeSet migration/node-services.changelog-init.xml::1511451595465-34::R3.Corda ran successfully in 0ms
?[m?[37m[INFO] 11:12:13,521 [Test worker] liquibase. - master.changelog.json: migration/node-services.changelog-init.xml::1511451595465-38::R3.Corda: Primary key added to node_message_ids (message_id)
?[m?[37m[INFO] 11:12:13,521 [Test worker] liquibase. - master.changelog.json: migration/node-services.changelog-init.xml::1511451595465-38::R3.Corda: ChangeSet migration/node-services.changelog-init.xml::1511451595465-38::R3.Corda ran successfully in 0ms
?[m?[37m[INFO] 11:12:13,522 [Test worker] liquibase. - master.changelog.json: migration/node-services.changelog-init.xml::1511451595465-39::R3.Corda: Primary key added to node_message_retry (message_id)
?[m?[37m[INFO] 11:12:13,522 [Test worker] liquibase. - master.changelog.json: migration/node-services.changelog-init.xml::1511451595465-39::R3.Corda: ChangeSet migration/node-services.changelog-init.xml::1511451595465-39::R3.Corda ran successfully in 0ms
?[m?[37m[INFO] 11:12:13,523 [Test worker] liquibase. - master.changelog.json: migration/node-services.changelog-init.xml::1511451595465-40::R3.Corda: Primary key added to node_named_identities (name)
?[m?[37m[INFO] 11:12:13,523 [Test worker] liquibase. - master.changelog.json: migration/node-services.changelog-init.xml::1511451595465-40::R3.Corda: ChangeSet migration/node-services.changelog-init.xml::1511451595465-40::R3.Corda ran successfully in 0ms
?[m?[37m[INFO] 11:12:13,524 [Test worker] liquibase. - master.changelog.json: migration/node-services.changelog-init.xml::1511451595465-42::R3.Corda: Primary key added to node_our_key_pairs (public_key_hash)
?[m?[37m[INFO] 11:12:13,524 [Test worker] liquibase. - master.changelog.json: migration/node-services.changelog-init.xml::1511451595465-42::R3.Corda: ChangeSet migration/node-services.changelog-init.xml::1511451595465-42::R3.Corda ran successfully in 1ms
?[m?[37m[INFO] 11:12:13,524 [Test worker] liquibase. - master.changelog.json: migration/node-services.changelog-init.xml::1511451595465-44::R3.Corda: Primary key added to node_scheduled_states (output_index, transaction_id)
?[m?[37m[INFO] 11:12:13,524 [Test worker] liquibase. - master.changelog.json: migration/node-services.changelog-init.xml::1511451595465-44::R3.Corda: ChangeSet migration/node-services.changelog-init.xml::1511451595465-44::R3.Corda ran successfully in 0ms
?[m?[37m[INFO] 11:12:13,525 [Test worker] liquibase. - master.changelog.json: migration/node-services.changelog-init.xml::1511451595465-45::R3.Corda: Primary key added to node_transaction_mappings (tx_id)
?[m?[37m[INFO] 11:12:13,525 [Test worker] liquibase. - master.changelog.json: migration/node-services.changelog-init.xml::1511451595465-45::R3.Corda: ChangeSet migration/node-services.changelog-init.xml::1511451595465-45::R3.Corda ran successfully in 0ms
?[m?[37m[INFO] 11:12:13,526 [Test worker] liquibase. - master.changelog.json: migration/node-services.changelog-init.xml::1511451595465-46::R3.Corda: Primary key added to node_transactions (tx_id)
?[m?[37m[INFO] 11:12:13,526 [Test worker] liquibase. - master.changelog.json: migration/node-services.changelog-init.xml::1511451595465-46::R3.Corda: ChangeSet migration/node-services.changelog-init.xml::1511451595465-46::R3.Corda ran successfully in 0ms
?[m?[37m[INFO] 11:12:13,527 [Test worker] liquibase. - master.changelog.json: migration/node-services.changelog-init.xml::1511451595465-61::R3.Corda: Foreign key constraint added to node_link_nodeinfo_party (party_name)
?[m?[37m[INFO] 11:12:13,527 [Test worker] liquibase. - master.changelog.json: migration/node-services.changelog-init.xml::1511451595465-61::R3.Corda: ChangeSet migration/node-services.changelog-init.xml::1511451595465-61::R3.Corda ran successfully in 0ms
?[m?[37m[INFO] 11:12:13,528 [Test worker] liquibase. - master.changelog.json: migration/node-services.changelog-init.xml::add index att_id::R3.Corda: Index att_id_idx created
?[m?[37m[INFO] 11:12:13,528 [Test worker] liquibase. - master.changelog.json: migration/node-services.changelog-init.xml::add index att_id::R3.Corda: ChangeSet migration/node-services.changelog-init.xml::add index att_id::R3.Corda ran successfully in 0ms
?[m?[37m[INFO] 11:12:13,529 [Test worker] liquibase. - master.changelog.json: migration/node-services.changelog-init.xml::add_contract_attachment::R3.Corda: Table node_attchments_contracts created
?[m?[37m[INFO] 11:12:13,529 [Test worker] liquibase. - master.changelog.json: migration/node-services.changelog-init.xml::add_contract_attachment::R3.Corda: Foreign key constraint added to node_attchments_contracts (att_id)
?[m?[37m[INFO] 11:12:13,529 [Test worker] liquibase. - master.changelog.json: migration/node-services.changelog-init.xml::add_contract_attachment::R3.Corda: Data deleted from node_attachments
?[m?[37m[INFO] 11:12:13,529 [Test worker] liquibase. - master.changelog.json: migration/node-services.changelog-init.xml::add_contract_attachment::R3.Corda: ChangeSet migration/node-services.changelog-init.xml::add_contract_attachment::R3.Corda ran successfully in 0ms
?[m?[37m[INFO] 11:12:13,532 [Test worker] liquibase. - master.changelog.json: migration/node-services.changelog-init.xml::add_dedup_columns::R3.Corda: Columns sender(NVARCHAR(64)),sequence_number(BIGINT) added to node_message_ids
?[m?[37m[INFO] 11:12:13,532 [Test worker] liquibase. - master.changelog.json: migration/node-services.changelog-init.xml::add_dedup_columns::R3.Corda: ChangeSet migration/node-services.changelog-init.xml::add_dedup_columns::R3.Corda ran successfully in 2ms
?[m?[37m[INFO] 11:12:13,533 [Test worker] liquibase. - master.changelog.json: migration/node-core.changelog-v4.xml::attchments_rename::R3.Corda: Table node_attchments_contracts renamed to node_attachments_contracts
?[m?[37m[INFO] 11:12:13,533 [Test worker] liquibase. - master.changelog.json: migration/node-core.changelog-v4.xml::attchments_rename::R3.Corda: ChangeSet migration/node-core.changelog-v4.xml::attchments_rename::R3.Corda ran successfully in 1ms
?[m?[37m[INFO] 11:12:13,533 [Test worker] liquibase. - master.changelog.json: migration/node-core.changelog-v4.xml::nullability::R3.Corda: Null constraint has been added to node_identities.identity_value
?[m?[37m[INFO] 11:12:13,533 [Test worker] liquibase. - master.changelog.json: migration/node-core.changelog-v4.xml::nullability::R3.Corda: Null constraint has been added to node_attachments.content
?[m?[37m[INFO] 11:12:13,534 [Test worker] liquibase. - master.changelog.json: migration/node-core.changelog-v4.xml::nullability::R3.Corda: Null constraint has been added to node_attachments_contracts.contract_class_name
?[m?[37m[INFO] 11:12:13,534 [Test worker] liquibase. - master.changelog.json: migration/node-core.changelog-v4.xml::nullability::R3.Corda: Null constraint has been added to node_checkpoints.checkpoint_value
?[m?[37m[INFO] 11:12:13,534 [Test worker] liquibase. - master.changelog.json: migration/node-core.changelog-v4.xml::nullability::R3.Corda: Null constraint has been added to node_contract_upgrades.contract_class_name
?[m?[37m[INFO] 11:12:13,534 [Test worker] liquibase. - master.changelog.json: migration/node-core.changelog-v4.xml::nullability::R3.Corda: Null constraint has been added to node_message_ids.insertion_time
?[m?[37m[INFO] 11:12:13,534 [Test worker] liquibase. - master.changelog.json: migration/node-core.changelog-v4.xml::nullability::R3.Corda: Null constraint has been added to node_message_retry.message
?[m?[37m[INFO] 11:12:13,534 [Test worker] liquibase. - master.changelog.json: migration/node-core.changelog-v4.xml::nullability::R3.Corda: Null constraint has been added to node_message_retry.recipients
?[m?[37m[INFO] 11:12:13,534 [Test worker] liquibase. - master.changelog.json: migration/node-core.changelog-v4.xml::nullability::R3.Corda: Null constraint has been added to node_named_identities.pk_hash
?[m?[37m[INFO] 11:12:13,534 [Test worker] liquibase. - master.changelog.json: migration/node-core.changelog-v4.xml::nullability::R3.Corda: Null constraint has been added to node_our_key_pairs.private_key
?[m?[37m[INFO] 11:12:13,534 [Test worker] liquibase. - master.changelog.json: migration/node-core.changelog-v4.xml::nullability::R3.Corda: Null constraint has been added to node_our_key_pairs.public_key
?[m?[37m[INFO] 11:12:13,535 [Test worker] liquibase. - master.changelog.json: migration/node-core.changelog-v4.xml::nullability::R3.Corda: Null constraint has been added to node_transaction_mappings.state_machine_run_id
?[m?[37m[INFO] 11:12:13,535 [Test worker] liquibase. - master.changelog.json: migration/node-core.changelog-v4.xml::nullability::R3.Corda: Null constraint has been added to node_transactions.transaction_value
?[m?[37m[INFO] 11:12:13,535 [Test worker] liquibase. - master.changelog.json: migration/node-core.changelog-v4.xml::nullability::R3.Corda: ChangeSet migration/node-core.changelog-v4.xml::nullability::R3.Corda ran successfully in 2ms
?[m?[37m[INFO] 11:12:13,536 [Test worker] liquibase. - master.changelog.json: migration/node-core.changelog-v5.xml::remove_unused_node_message_retry::R3.Corda: Table node_message_retry dropped
?[m?[37m[INFO] 11:12:13,536 [Test worker] liquibase. - master.changelog.json: migration/node-core.changelog-v5.xml::remove_unused_node_message_retry::R3.Corda: ChangeSet migration/node-core.changelog-v5.xml::remove_unused_node_message_retry::R3.Corda ran successfully in 0ms
?[m?[37m[INFO] 11:12:13,546 [Test worker] liquibase. - master.changelog.json: migration/node-core.changelog-v8.xml::conditional_attchments_rename::R3.Corda: Marking ChangeSet: migration/node-core.changelog-v8.xml::conditional_attchments_rename::R3.Corda ran despite precondition failure due to onFail='MARK_RAN': 
          master.changelog.json : Table PUBLIC.NODE_ATTCHMENTS_CONTRACTS does not exist

?[m?[37m[INFO] 11:12:13,552 [Test worker] liquibase. - master.changelog.json: migration/node-core.changelog-v8.xml::conditional_attchments_contracts::R3.Corda: Marking ChangeSet: migration/node-core.changelog-v8.xml::conditional_attchments_contracts::R3.Corda ran despite precondition failure due to onFail='MARK_RAN': 
          master.changelog.json : Table PUBLIC.NODE_ATTACHMENTS_CONTRACT_CLASS_NAME does not exist

?[m?[37m[INFO] 11:12:13,552 [Test worker] liquibase. - master.changelog.json: migration/node-core.changelog-v8.xml::add_signers::R3.Corda: Table node_attachments_signers created
?[m?[37m[INFO] 11:12:13,553 [Test worker] liquibase. - master.changelog.json: migration/node-core.changelog-v8.xml::add_signers::R3.Corda: Foreign key constraint added to node_attachments_signers (att_id)
?[m?[37m[INFO] 11:12:13,553 [Test worker] liquibase. - master.changelog.json: migration/node-core.changelog-v8.xml::add_signers::R3.Corda: ChangeSet migration/node-core.changelog-v8.xml::add_signers::R3.Corda ran successfully in 1ms
?[m?[37m[INFO] 11:12:13,554 [Test worker] liquibase. - master.changelog.json: migration/node-core.changelog-tx-mapping.xml::add_tx_mapping_column::R3.Corda: Columns state_machine_run_id(NVARCHAR(36)) added to node_transactions
?[m?[37m[INFO] 11:12:13,554 [Test worker] liquibase. - master.changelog.json: migration/node-core.changelog-tx-mapping.xml::add_tx_mapping_column::R3.Corda: Custom SQL executed
?[m?[37m[INFO] 11:12:13,554 [Test worker] liquibase. - master.changelog.json: migration/node-core.changelog-tx-mapping.xml::add_tx_mapping_column::R3.Corda: Table node_transaction_mappings dropped
?[m?[37m[INFO] 11:12:13,554 [Test worker] liquibase. - master.changelog.json: migration/node-core.changelog-tx-mapping.xml::add_tx_mapping_column::R3.Corda: ChangeSet migration/node-core.changelog-tx-mapping.xml::add_tx_mapping_column::R3.Corda ran successfully in 1ms
?[m?[37m[INFO] 11:12:13,555 [Test worker] liquibase. - master.changelog.json: migration/node-services.changelog-init.xml::add_network_parameters_storage::R3.Corda: Table node_network_parameters created
?[m?[37m[INFO] 11:12:13,555 [Test worker] liquibase. - master.changelog.json: migration/node-services.changelog-init.xml::add_network_parameters_storage::R3.Corda: ChangeSet migration/node-services.changelog-init.xml::add_network_parameters_storage::R3.Corda ran successfully in 0ms
?[m?[37m[INFO] 11:12:13,556 [Test worker] liquibase. - master.changelog.json: migration/node-services.changelog-init.xml::network_parameters_pk::R3.Corda: Primary key added to node_network_parameters (hash)
?[m?[37m[INFO] 11:12:13,556 [Test worker] liquibase. - master.changelog.json: migration/node-services.changelog-init.xml::network_parameters_pk::R3.Corda: ChangeSet migration/node-services.changelog-init.xml::network_parameters_pk::R3.Corda ran successfully in 0ms
?[m?[37m[INFO] 11:12:13,558 [Test worker] liquibase. - master.changelog.json: migration/node-services.changelog-init.xml::add_version_column::R3.Corda: Columns version(INT) added to node_attachments
?[m?[37m[INFO] 11:12:13,558 [Test worker] liquibase. - master.changelog.json: migration/node-services.changelog-init.xml::add_version_column::R3.Corda: Custom SQL executed
?[m?[37m[INFO] 11:12:13,558 [Test worker] liquibase. - master.changelog.json: migration/node-services.changelog-init.xml::add_version_column::R3.Corda: Null constraint has been added to node_attachments.version
?[m?[37m[INFO] 11:12:13,558 [Test worker] liquibase. - master.changelog.json: migration/node-services.changelog-init.xml::add_version_column::R3.Corda: ChangeSet migration/node-services.changelog-init.xml::add_version_column::R3.Corda ran successfully in 1ms
?[m?[37m[INFO] 11:12:13,559 [Test worker] persistence.AttachmentVersionNumberMigration. - Start executing...
?[m?[37m[INFO] 11:12:13,560 [Test worker] persistence.AttachmentVersionNumberMigration. - Attachment version creation from whitelisted JARs using network parameters from build/mock-network/20190407-151212.691/nodes/1/network-parameters, whitelistedContractImplementations: {}.
?[m?[37m[INFO] 11:12:13,560 [Test worker] persistence.AttachmentVersionNumberMigration. - Attachment version creation from whitelisted JARs skipped, no attachments not found.
?[m?[37m[INFO] 11:12:13,560 [Test worker] liquibase. - master.changelog.json: migration/node-services.changelog-init.xml::update-version-of-whitelisted-jars::R3.Corda: null
?[m?[37m[INFO] 11:12:13,560 [Test worker] liquibase. - master.changelog.json: migration/node-services.changelog-init.xml::update-version-of-whitelisted-jars::R3.Corda: ChangeSet migration/node-services.changelog-init.xml::update-version-of-whitelisted-jars::R3.Corda ran successfully in 1ms
?[m?[37m[INFO] 11:12:13,561 [Test worker] migration.VaultStateMigration. - Migrating vault state data to V4 tables
?[m?[37m[INFO] 11:12:13,562 [Test worker] persistence.HibernateConfiguration. - Init HibernateConfiguration for schemas: [VaultMigrationSchemaV1(name=net.corda.node.migration.VaultMigrationSchema, version=1), VaultSchemaV1(name=net.corda.node.services.vault.VaultSchema, version=1)]
?[m?[37m[INFO] 11:12:13,562 [Test worker] persistence.HibernateConfiguration. - Creating session factory for schemas: [VaultMigrationSchemaV1(name=net.corda.node.migration.VaultMigrationSchema, version=1), VaultSchemaV1(name=net.corda.node.services.vault.VaultSchema, version=1)]
?[m?[37m[INFO] 11:12:13,566 [Test worker] internal.ConnectionProviderInitiator. - HHH000130: Instantiating explicit connection provider: net.corda.nodeapi.internal.persistence.HibernateConfiguration$NodeDatabaseConnectionProvider
?[m?[37m[INFO] 11:12:13,566 [Test worker] dialect.Dialect. - HHH000400: Using dialect: org.hibernate.dialect.H2Dialect
?[m?[37m[INFO] 11:12:13,568 [Test worker] type.BasicTypeRegistry. - HHH000270: Type registration [materialized_blob] overrides previous : org.hibernate.type.MaterializedBlobType@13ae4c5f
?[m?[37m[INFO] 11:12:13,594 [Test worker] connections.access. - HHH10001501: Connection obtained from JdbcConnectionAccess [org.hibernate.engine.jdbc.env.internal.JdbcEnvironmentInitiator$ConnectionProviderJdbcConnectionAccess@3a36b4c6] for (non-JTA) DDL execution was not in auto-commit mode; the Connection 'local transaction' will be committed and the Connection will be set into auto-commit mode.
?[m?[37m[INFO] 11:12:13,615 [Test worker] persistence.HibernateConfiguration. - Created session factory for schemas: [VaultMigrationSchemaV1(name=net.corda.node.migration.VaultMigrationSchema, version=1), VaultSchemaV1(name=net.corda.node.services.vault.VaultSchema, version=1)]
?[m?[37m[INFO] 11:12:13,615 [Test worker] internal.QueryTranslatorFactoryInitiator. - HHH000397: Using ASTQueryTranslatorFactory
?[m?[37m[INFO] 11:12:13,619 [Test worker] migration.VaultStateMigration. - Finished performing vault state data migration for 0 states
?[m?[37m[INFO] 11:12:13,619 [Test worker] liquibase. - master.changelog.json: migration/vault-schema.changelog-v9.xml::update-vault-states::R3.Corda: null
?[m?[37m[INFO] 11:12:13,619 [Test worker] liquibase. - master.changelog.json: migration/vault-schema.changelog-v9.xml::update-vault-states::R3.Corda: ChangeSet migration/vault-schema.changelog-v9.xml::update-vault-states::R3.Corda ran successfully in 58ms
?[m?[37m[INFO] 11:12:13,620 [Test worker] liquibase. - Successfully released change log lock
?[m?[37m[INFO] 11:12:13,620 [Test worker] internal.InternalMockNetwork$MockNode. - Connected to H2 database.
?[m?[37m[INFO] 11:12:13,621 [Test worker] internal.InternalMockNetwork$MockNode. - identity-private-key not found in key store, generating fresh key!
?[m?[37m[INFO] 11:12:13,631 [Test worker] persistence.HibernateConfiguration. - Init HibernateConfiguration for schemas: [CommonSchemaV1(name=net.corda.core.schemas.CommonSchema, version=1), VaultSchemaV1(name=net.corda.node.services.vault.VaultSchema, version=1), NodeInfoSchemaV1(name=net.corda.node.internal.schemas.NodeInfoSchema, version=1), NodeCoreV1(name=net.corda.node.services.schema.NodeSchemaService$NodeCore, version=1), FNOLSchemaV1(name=com.example.schema.FNOLSchema, version=1), IOUSchemaV1(name=com.example.schema.IOUSchema, version=1)]
?[m?[37m[INFO] 11:12:13,631 [Test worker] persistence.HibernateConfiguration. - Creating session factory for schemas: [CommonSchemaV1(name=net.corda.core.schemas.CommonSchema, version=1), VaultSchemaV1(name=net.corda.node.services.vault.VaultSchema, version=1), NodeInfoSchemaV1(name=net.corda.node.internal.schemas.NodeInfoSchema, version=1), NodeCoreV1(name=net.corda.node.services.schema.NodeSchemaService$NodeCore, version=1), FNOLSchemaV1(name=com.example.schema.FNOLSchema, version=1), IOUSchemaV1(name=com.example.schema.IOUSchema, version=1)]
?[m?[37m[INFO] 11:12:13,635 [Test worker] internal.ConnectionProviderInitiator. - HHH000130: Instantiating explicit connection provider: net.corda.nodeapi.internal.persistence.HibernateConfiguration$NodeDatabaseConnectionProvider
?[m?[37m[INFO] 11:12:13,635 [Test worker] dialect.Dialect. - HHH000400: Using dialect: org.hibernate.dialect.H2Dialect
?[m?[37m[INFO] 11:12:13,637 [Test worker] type.BasicTypeRegistry. - HHH000270: Type registration [materialized_blob] overrides previous : org.hibernate.type.MaterializedBlobType@13ae4c5f
?[m?[37m[INFO] 11:12:13,674 [Test worker] connections.access. - HHH10001501: Connection obtained from JdbcConnectionAccess [org.hibernate.engine.jdbc.env.internal.JdbcEnvironmentInitiator$ConnectionProviderJdbcConnectionAccess@4bd2d4b] for (non-JTA) DDL execution was not in auto-commit mode; the Connection 'local transaction' will be committed and the Connection will be set into auto-commit mode.
?[m?[37m[INFO] 11:12:13,708 [Test worker] persistence.HibernateConfiguration. - Created session factory for schemas: [CommonSchemaV1(name=net.corda.core.schemas.CommonSchema, version=1), VaultSchemaV1(name=net.corda.node.services.vault.VaultSchema, version=1), NodeInfoSchemaV1(name=net.corda.node.internal.schemas.NodeInfoSchema, version=1), NodeCoreV1(name=net.corda.node.services.schema.NodeSchemaService$NodeCore, version=1), FNOLSchemaV1(name=com.example.schema.FNOLSchema, version=1), IOUSchemaV1(name=com.example.schema.IOUSchema, version=1)]
?[m?[37m[INFO] 11:12:13,710 [Test worker] internal.QueryTranslatorFactoryInitiator. - HHH000397: Using ASTQueryTranslatorFactory
?[m?[37m[INFO] 11:12:13,712 [Test worker] internal.InternalMockNetwork$MockNode. - Node-info has changed so submitting update. Old node-info was null
?[m?[37m[INFO] 11:12:13,712 [Test worker] network.PersistentNetworkMapCache. - Adding node with info: NodeInfo(addresses=[mock.node:1000], legalIdentitiesAndCerts=[O=Mock Company 1, L=London, C=GB], platformVersion=4, serial=1554649933712)
?[m?[37m[INFO] 11:12:13,713 [Test worker] network.PersistentNetworkMapCache. - No previous node found
?[m?[37m[INFO] 11:12:13,717 [Test worker] internal.InternalMockNetwork$MockNode. - New node-info: NodeInfo(addresses=[mock.node:1000], legalIdentitiesAndCerts=[O=Mock Company 1, L=London, C=GB], platformVersion=4, serial=1554649933712)
?[m?[37m[INFO] 11:12:13,721 [Test worker] network.NetworkMapUpdater. - Auto-accept enabled for network parameter changes which modify only: [epoch, modifiedTime, packageOwnership, whitelistedContractImplementations]
?[m?[37m[INFO] 11:12:13,724 [MockNode-11-2] network.PersistentNetworkMapCache. - Adding node with info: NodeInfo(addresses=[mock.node:1000], legalIdentitiesAndCerts=[O=Mock Company 1, L=London, C=GB], platformVersion=4, serial=1554649933712)
?[m?[37m[INFO] 11:12:13,726 [MockNode-11-2] network.PersistentNetworkMapCache. - Previous node was identical to incoming one - doing nothing
?[m?[37m[INFO] 11:12:13,748 [Test worker] ClassloaderUtils. - Contracts loading for '/var/folders/5q/xy985yhj7rg30rc4c_z3gd4m0000gn/T/attachment611314952826266914.jar' took 21 msec
?[m?[37m[INFO] 11:12:13,756 [Test worker] persistence.NodeAttachmentService. - Stored new attachment: id=B0DC6BB384D1A6B002EFC0F67EDD756DE1A1E8883DAE28EEB966064A6EF48F64 uploader=app filename=null
?[m?[37m[INFO] 11:12:13,761 [Test worker] statemachine.SingleThreadedStateMachineManager. - Node ready, info: NodeInfo(addresses=[mock.node:1000], legalIdentitiesAndCerts=[O=Mock Company 1, L=London, C=GB], platformVersion=4, serial=1554649933712)
?[m?[37m[INFO] 11:12:13,763 [Test worker] network.PersistentNetworkMapCache. - Adding node with info: NodeInfo(addresses=[mock.node:1000], legalIdentitiesAndCerts=[O=Notary Service, L=Zurich, C=CH], platformVersion=4, serial=1554649933205)
?[m?[37m[INFO] 11:12:13,764 [Test worker] network.PersistentNetworkMapCache. - No previous node found
?[m?[37m[INFO] 11:12:13,770 [Test worker] network.PersistentNetworkMapCache. - Adding node with info: NodeInfo(addresses=[mock.node:1000], legalIdentitiesAndCerts=[O=Mock Company 1, L=London, C=GB], platformVersion=4, serial=1554649933712)
?[m?[37m[INFO] 11:12:13,771 [Test worker] network.PersistentNetworkMapCache. - No previous node found
?[m?[37m[INFO] 11:12:13,777 [Test worker] network.PersistentNetworkMapCache. - Adding node with info: NodeInfo(addresses=[mock.node:1000], legalIdentitiesAndCerts=[O=Mock Company 1, L=London, C=GB], platformVersion=4, serial=1554649933712)
?[m?[37m[INFO] 11:12:13,777 [Test worker] network.PersistentNetworkMapCache. - Previous node was identical to incoming one - doing nothing
?[m?[37m[INFO] 11:12:13,777 [Test worker] network.PersistentNetworkMapCache. - Adding node with info: NodeInfo(addresses=[mock.node:1000], legalIdentitiesAndCerts=[O=Mock Company 1, L=London, C=GB], platformVersion=4, serial=1554649933712)
?[m?[37m[INFO] 11:12:13,777 [Test worker] network.PersistentNetworkMapCache. - Previous node was identical to incoming one - doing nothing
?[m?[37m[INFO] 11:12:13,784 [Test worker] cordapp.JarScanningCordappLoader. - Looking for CorDapps in [build/mock-network/20190407-151212.691/nodes/2/cordapps]
?[m?[37m[INFO] 11:12:13,785 [Test worker] cordapp.JarScanningCordappLoader. - Loading CorDapps from RestrictedURL(url=file:/Users/vivian.a.chen/Hackathon/samples/cordapp-example/workflows-kotlin/build/mock-network/20190407-151212.691/nodes/2/cordapps/cordapp-example-workflows-0.1.jar, rootPackageName=null), RestrictedURL(url=file:/Users/vivian.a.chen/Hackathon/samples/cordapp-example/workflows-kotlin/build/mock-network/20190407-151212.691/nodes/2/cordapps/cordapp-example-contracts-0.1.jar, rootPackageName=null)
?[m?[37m[INFO] 11:12:13,785 [Test worker] cordapp.JarScanningCordappLoader. - Scanning CorDapp in file:/Users/vivian.a.chen/Hackathon/samples/cordapp-example/workflows-kotlin/build/mock-network/20190407-151212.691/nodes/2/cordapps/cordapp-example-workflows-0.1.jar
?[m?[37m[INFO] 11:12:13,807 [Test worker] cordapp.JarScanningCordappLoader. - Found notary service CorDapp implementations: 
?[m?[37m[INFO] 11:12:13,807 [Test worker] cordapp.JarScanningCordappLoader. - Scanning CorDapp in file:/Users/vivian.a.chen/Hackathon/samples/cordapp-example/workflows-kotlin/build/mock-network/20190407-151212.691/nodes/2/cordapps/cordapp-example-contracts-0.1.jar
?[m?[37m[INFO] 11:12:13,829 [Test worker] cordapp.JarScanningCordappLoader. - Found notary service CorDapp implementations: 
?[m?[37m[INFO] 11:12:13,834 [Test worker] internal.InternalMockNetwork$MockNode. - Node starting up ...
?[m?[37m[INFO] 11:12:13,851 [Test worker] internal.NodeFlowManager. - Registered com.example.flow.CreateFNOLFlow$Initiator to initiate com.example.flow.CreateFNOLFlow$Acceptor (version 1)
?[m?[37m[INFO] 11:12:13,851 [Test worker] internal.NodeFlowManager. - Registered com.example.flow.ExampleFlow$Initiator to initiate com.example.flow.ExampleFlow$Acceptor (version 1)
?[m?[37m[INFO] 11:12:13,851 [Test worker] internal.NodeFlowManager. - Registered com.example.flow.UpdateFNOLFlow$Initiator to initiate com.example.flow.UpdateFNOLFlow$Acceptor (version 1)
?[m?[37m[INFO] 11:12:13,853 [Test worker] internal.InternalMockNetwork$MockNode. - Loaded network parameters: NetworkParameters {
      minimumPlatformVersion=1
      notaries=[NotaryInfo(identity=O=Notary Service, L=Zurich, C=CH, validating=true)]
      maxMessageSize=10485760
      maxTransactionSize=524288000
      whitelistedContractImplementations {
        
      }
      eventHorizon=PT720H
      packageOwnership {
        
      }
      modifiedTime=2019-04-07T15:12:12.691Z
      epoch=1
  }
?[m?[37m[INFO] 11:12:13,853 [Test worker] hikari.HikariDataSource. - HikariPool-12 - Started.
?[m?[37m[INFO] 11:12:13,950 [Test worker] liquibase. - Creating database history table with name: PUBLIC.DATABASECHANGELOG
?[m?[37m[INFO] 11:12:13,951 [Test worker] liquibase. - Reading from PUBLIC.DATABASECHANGELOG
?[m?[37m[INFO] 11:12:13,953 [Test worker] liquibase. - master.changelog.json: migration/common.changelog-init.xml::1511451595465-1.3::R3.Corda: Skipping changeSet migration/common.changelog-init.xml::1511451595465-1.3::R3.Corda due to validation error(s): minValue is not allowed on h2
?[m?[37m[INFO] 11:12:13,956 [Test worker] liquibase. - master.changelog.json: migration/vault-schema.changelog-pkey.xml::non-clustered_pk-11::R3.Corda: Skipping changeSet migration/vault-schema.changelog-pkey.xml::non-clustered_pk-11::R3.Corda due to validation error(s): clustered is not allowed on h2
?[m?[37m[INFO] 11:12:13,957 [Test worker] liquibase. - master.changelog.json: migration/vault-schema.changelog-pkey.xml::non-clustered_pk-12::R3.Corda: Skipping changeSet migration/vault-schema.changelog-pkey.xml::non-clustered_pk-12::R3.Corda due to validation error(s): clustered is not allowed on h2
?[m?[37m[INFO] 11:12:13,957 [Test worker] liquibase. - master.changelog.json: migration/vault-schema.changelog-pkey.xml::non-clustered_pk-13::R3.Corda: Skipping changeSet migration/vault-schema.changelog-pkey.xml::non-clustered_pk-13::R3.Corda due to validation error(s): clustered is not allowed on h2
?[m?[37m[INFO] 11:12:13,963 [Test worker] liquibase. - master.changelog.json: migration/node-core.changelog-pkey.xml::non-clustered_pk-1::R3.Corda: Skipping changeSet migration/node-core.changelog-pkey.xml::non-clustered_pk-1::R3.Corda due to validation error(s): clustered is not allowed on h2
?[m?[37m[INFO] 11:12:13,963 [Test worker] liquibase. - master.changelog.json: migration/node-core.changelog-pkey.xml::non-clustered_pk-2::R3.Corda: Skipping changeSet migration/node-core.changelog-pkey.xml::non-clustered_pk-2::R3.Corda due to validation error(s): clustered is not allowed on h2
?[m?[37m[INFO] 11:12:13,964 [Test worker] liquibase. - master.changelog.json: migration/node-core.changelog-pkey.xml::non-clustered_pk-3::R3.Corda: Skipping changeSet migration/node-core.changelog-pkey.xml::non-clustered_pk-3::R3.Corda due to validation error(s): clustered is not allowed on h2
?[m?[37m[INFO] 11:12:13,964 [Test worker] liquibase. - master.changelog.json: migration/node-core.changelog-pkey.xml::non-clustered_pk-4::R3.Corda: Skipping changeSet migration/node-core.changelog-pkey.xml::non-clustered_pk-4::R3.Corda due to validation error(s): clustered is not allowed on h2
?[m?[37m[INFO] 11:12:13,964 [Test worker] liquibase. - master.changelog.json: migration/node-core.changelog-pkey.xml::non-clustered_pk-5::R3.Corda: Skipping changeSet migration/node-core.changelog-pkey.xml::non-clustered_pk-5::R3.Corda due to validation error(s): clustered is not allowed on h2
?[m?[37m[INFO] 11:12:13,964 [Test worker] liquibase. - master.changelog.json: migration/node-core.changelog-pkey.xml::non-clustered_pk-6::R3.Corda: Skipping changeSet migration/node-core.changelog-pkey.xml::non-clustered_pk-6::R3.Corda due to validation error(s): clustered is not allowed on h2
?[m?[37m[INFO] 11:12:13,964 [Test worker] liquibase. - master.changelog.json: migration/node-core.changelog-pkey.xml::non-clustered_pk-7::R3.Corda: Skipping changeSet migration/node-core.changelog-pkey.xml::non-clustered_pk-7::R3.Corda due to validation error(s): clustered is not allowed on h2
?[m?[37m[INFO] 11:12:13,966 [Test worker] liquibase. - Successfully acquired change log lock
?[m?[37m[INFO] 11:12:13,966 [Test worker] liquibase. - master.changelog.json: migration/common.changelog-init.xml::1511451595465-1.3::R3.Corda: Skipping changeSet migration/common.changelog-init.xml::1511451595465-1.3::R3.Corda due to validation error(s): minValue is not allowed on h2
?[m?[37m[INFO] 11:12:13,968 [Test worker] liquibase. - master.changelog.json: migration/vault-schema.changelog-pkey.xml::non-clustered_pk-11::R3.Corda: Skipping changeSet migration/vault-schema.changelog-pkey.xml::non-clustered_pk-11::R3.Corda due to validation error(s): clustered is not allowed on h2
?[m?[37m[INFO] 11:12:13,968 [Test worker] liquibase. - master.changelog.json: migration/vault-schema.changelog-pkey.xml::non-clustered_pk-12::R3.Corda: Skipping changeSet migration/vault-schema.changelog-pkey.xml::non-clustered_pk-12::R3.Corda due to validation error(s): clustered is not allowed on h2
?[m?[37m[INFO] 11:12:13,968 [Test worker] liquibase. - master.changelog.json: migration/vault-schema.changelog-pkey.xml::non-clustered_pk-13::R3.Corda: Skipping changeSet migration/vault-schema.changelog-pkey.xml::non-clustered_pk-13::R3.Corda due to validation error(s): clustered is not allowed on h2
?[m?[37m[INFO] 11:12:13,971 [Test worker] liquibase. - master.changelog.json: migration/node-core.changelog-pkey.xml::non-clustered_pk-1::R3.Corda: Skipping changeSet migration/node-core.changelog-pkey.xml::non-clustered_pk-1::R3.Corda due to validation error(s): clustered is not allowed on h2
?[m?[37m[INFO] 11:12:13,971 [Test worker] liquibase. - master.changelog.json: migration/node-core.changelog-pkey.xml::non-clustered_pk-2::R3.Corda: Skipping changeSet migration/node-core.changelog-pkey.xml::non-clustered_pk-2::R3.Corda due to validation error(s): clustered is not allowed on h2
?[m?[37m[INFO] 11:12:13,971 [Test worker] liquibase. - master.changelog.json: migration/node-core.changelog-pkey.xml::non-clustered_pk-3::R3.Corda: Skipping changeSet migration/node-core.changelog-pkey.xml::non-clustered_pk-3::R3.Corda due to validation error(s): clustered is not allowed on h2
?[m?[37m[INFO] 11:12:13,971 [Test worker] liquibase. - master.changelog.json: migration/node-core.changelog-pkey.xml::non-clustered_pk-4::R3.Corda: Skipping changeSet migration/node-core.changelog-pkey.xml::non-clustered_pk-4::R3.Corda due to validation error(s): clustered is not allowed on h2
?[m?[37m[INFO] 11:12:13,971 [Test worker] liquibase. - master.changelog.json: migration/node-core.changelog-pkey.xml::non-clustered_pk-5::R3.Corda: Skipping changeSet migration/node-core.changelog-pkey.xml::non-clustered_pk-5::R3.Corda due to validation error(s): clustered is not allowed on h2
?[m?[37m[INFO] 11:12:13,971 [Test worker] liquibase. - master.changelog.json: migration/node-core.changelog-pkey.xml::non-clustered_pk-6::R3.Corda: Skipping changeSet migration/node-core.changelog-pkey.xml::non-clustered_pk-6::R3.Corda due to validation error(s): clustered is not allowed on h2
?[m?[37m[INFO] 11:12:13,971 [Test worker] liquibase. - master.changelog.json: migration/node-core.changelog-pkey.xml::non-clustered_pk-7::R3.Corda: Skipping changeSet migration/node-core.changelog-pkey.xml::non-clustered_pk-7::R3.Corda due to validation error(s): clustered is not allowed on h2
?[m?[37m[INFO] 11:12:13,971 [Test worker] liquibase. - master.changelog.json: migration/common.changelog-init.xml::1511451595465-1.1::R3.Corda: Sequence hibernate_sequence created
?[m?[37m[INFO] 11:12:13,971 [Test worker] liquibase. - master.changelog.json: migration/common.changelog-init.xml::1511451595465-1.1::R3.Corda: ChangeSet migration/common.changelog-init.xml::1511451595465-1.1::R3.Corda ran successfully in 0ms
?[m?[37m[INFO] 11:12:13,973 [Test worker] liquibase. - master.changelog.json: migration/vault-schema.changelog-init.xml::1511451595465-22::R3.Corda: Table vault_fungible_states created
?[m?[37m[INFO] 11:12:13,973 [Test worker] liquibase. - master.changelog.json: migration/vault-schema.changelog-init.xml::1511451595465-22::R3.Corda: ChangeSet migration/vault-schema.changelog-init.xml::1511451595465-22::R3.Corda ran successfully in 0ms
?[m?[37m[INFO] 11:12:13,974 [Test worker] liquibase. - master.changelog.json: migration/vault-schema.changelog-init.xml::1511451595465-23::R3.Corda: Table vault_fungible_states_parts created
?[m?[37m[INFO] 11:12:13,974 [Test worker] liquibase. - master.changelog.json: migration/vault-schema.changelog-init.xml::1511451595465-23::R3.Corda: ChangeSet migration/vault-schema.changelog-init.xml::1511451595465-23::R3.Corda ran successfully in 0ms
?[m?[37m[INFO] 11:12:13,974 [Test worker] liquibase. - master.changelog.json: migration/vault-schema.changelog-init.xml::1511451595465-24::R3.Corda: Table vault_linear_states created
?[m?[37m[INFO] 11:12:13,975 [Test worker] liquibase. - master.changelog.json: migration/vault-schema.changelog-init.xml::1511451595465-24::R3.Corda: ChangeSet migration/vault-schema.changelog-init.xml::1511451595465-24::R3.Corda ran successfully in 1ms
?[m?[37m[INFO] 11:12:13,975 [Test worker] liquibase. - master.changelog.json: migration/vault-schema.changelog-init.xml::1511451595465-25::R3.Corda: Table vault_linear_states_parts created
?[m?[37m[INFO] 11:12:13,975 [Test worker] liquibase. - master.changelog.json: migration/vault-schema.changelog-init.xml::1511451595465-25::R3.Corda: ChangeSet migration/vault-schema.changelog-init.xml::1511451595465-25::R3.Corda ran successfully in 0ms
?[m?[37m[INFO] 11:12:13,976 [Test worker] liquibase. - master.changelog.json: migration/vault-schema.changelog-init.xml::1511451595465-26::R3.Corda: Table vault_states created
?[m?[37m[INFO] 11:12:13,976 [Test worker] liquibase. - master.changelog.json: migration/vault-schema.changelog-init.xml::1511451595465-26::R3.Corda: ChangeSet migration/vault-schema.changelog-init.xml::1511451595465-26::R3.Corda ran successfully in 0ms
?[m?[37m[INFO] 11:12:13,977 [Test worker] liquibase. - master.changelog.json: migration/vault-schema.changelog-init.xml::1511451595465-27::R3.Corda: Table vault_transaction_notes created
?[m?[37m[INFO] 11:12:13,977 [Test worker] liquibase. - master.changelog.json: migration/vault-schema.changelog-init.xml::1511451595465-27::R3.Corda: ChangeSet migration/vault-schema.changelog-init.xml::1511451595465-27::R3.Corda ran successfully in 1ms
?[m?[37m[INFO] 11:12:13,977 [Test worker] liquibase. - master.changelog.json: migration/vault-schema.changelog-init.xml::1511451595465-47::R3.Corda: Primary key added to vault_fungible_states (output_index, transaction_id)
?[m?[37m[INFO] 11:12:13,978 [Test worker] liquibase. - master.changelog.json: migration/vault-schema.changelog-init.xml::1511451595465-47::R3.Corda: ChangeSet migration/vault-schema.changelog-init.xml::1511451595465-47::R3.Corda ran successfully in 0ms
?[m?[37m[INFO] 11:12:13,978 [Test worker] liquibase. - master.changelog.json: migration/vault-schema.changelog-init.xml::1511451595465-48::R3.Corda: Primary key added to vault_linear_states (output_index, transaction_id)
?[m?[37m[INFO] 11:12:13,978 [Test worker] liquibase. - master.changelog.json: migration/vault-schema.changelog-init.xml::1511451595465-48::R3.Corda: ChangeSet migration/vault-schema.changelog-init.xml::1511451595465-48::R3.Corda ran successfully in 0ms
?[m?[37m[INFO] 11:12:13,979 [Test worker] liquibase. - master.changelog.json: migration/vault-schema.changelog-init.xml::1511451595465-49::R3.Corda: Primary key added to vault_states (output_index, transaction_id)
?[m?[37m[INFO] 11:12:13,979 [Test worker] liquibase. - master.changelog.json: migration/vault-schema.changelog-init.xml::1511451595465-49::R3.Corda: ChangeSet migration/vault-schema.changelog-init.xml::1511451595465-49::R3.Corda ran successfully in 0ms
?[m?[37m[INFO] 11:12:13,980 [Test worker] liquibase. - master.changelog.json: migration/vault-schema.changelog-init.xml::1511451595465-50::R3.Corda: Primary key added to vault_transaction_notes (seq_no)
?[m?[37m[INFO] 11:12:13,980 [Test worker] liquibase. - master.changelog.json: migration/vault-schema.changelog-init.xml::1511451595465-50::R3.Corda: ChangeSet migration/vault-schema.changelog-init.xml::1511451595465-50::R3.Corda ran successfully in 0ms
?[m?[37m[INFO] 11:12:13,981 [Test worker] liquibase. - master.changelog.json: migration/vault-schema.changelog-init.xml::1511451595465-53::R3.Corda: Index external_id_index created
?[m?[37m[INFO] 11:12:13,981 [Test worker] liquibase. - master.changelog.json: migration/vault-schema.changelog-init.xml::1511451595465-53::R3.Corda: ChangeSet migration/vault-schema.changelog-init.xml::1511451595465-53::R3.Corda ran successfully in 1ms
?[m?[37m[INFO] 11:12:13,981 [Test worker] liquibase. - master.changelog.json: migration/vault-schema.changelog-init.xml::1511451595465-55::R3.Corda: Index lock_id_idx created
?[m?[37m[INFO] 11:12:13,981 [Test worker] liquibase. - master.changelog.json: migration/vault-schema.changelog-init.xml::1511451595465-55::R3.Corda: ChangeSet migration/vault-schema.changelog-init.xml::1511451595465-55::R3.Corda ran successfully in 0ms
?[m?[37m[INFO] 11:12:13,983 [Test worker] liquibase. - master.changelog.json: migration/vault-schema.changelog-init.xml::1511451595465-58::R3.Corda: Index state_status_idx created
?[m?[37m[INFO] 11:12:13,983 [Test worker] liquibase. - master.changelog.json: migration/vault-schema.changelog-init.xml::1511451595465-58::R3.Corda: ChangeSet migration/vault-schema.changelog-init.xml::1511451595465-58::R3.Corda ran successfully in 1ms
?[m?[37m[INFO] 11:12:13,983 [Test worker] liquibase. - master.changelog.json: migration/vault-schema.changelog-init.xml::1511451595465-59::R3.Corda: Index transaction_id_index created
?[m?[37m[INFO] 11:12:13,983 [Test worker] liquibase. - master.changelog.json: migration/vault-schema.changelog-init.xml::1511451595465-59::R3.Corda: ChangeSet migration/vault-schema.changelog-init.xml::1511451595465-59::R3.Corda ran successfully in 0ms
?[m?[37m[INFO] 11:12:13,984 [Test worker] liquibase. - master.changelog.json: migration/vault-schema.changelog-init.xml::1511451595465-60::R3.Corda: Index uuid_index created
?[m?[37m[INFO] 11:12:13,984 [Test worker] liquibase. - master.changelog.json: migration/vault-schema.changelog-init.xml::1511451595465-60::R3.Corda: ChangeSet migration/vault-schema.changelog-init.xml::1511451595465-60::R3.Corda ran successfully in 0ms
?[m?[37m[INFO] 11:12:13,985 [Test worker] liquibase. - master.changelog.json: migration/vault-schema.changelog-init.xml::1511451595465-64::R3.Corda: Foreign key constraint added to vault_fungible_states_parts (output_index,transaction_id)
?[m?[37m[INFO] 11:12:13,985 [Test worker] liquibase. - master.changelog.json: migration/vault-schema.changelog-init.xml::1511451595465-64::R3.Corda: ChangeSet migration/vault-schema.changelog-init.xml::1511451595465-64::R3.Corda ran successfully in 0ms
?[m?[37m[INFO] 11:12:13,986 [Test worker] liquibase. - master.changelog.json: migration/vault-schema.changelog-init.xml::1511451595465-65::R3.Corda: Foreign key constraint added to vault_linear_states_parts (output_index,transaction_id)
?[m?[37m[INFO] 11:12:13,986 [Test worker] liquibase. - master.changelog.json: migration/vault-schema.changelog-init.xml::1511451595465-65::R3.Corda: ChangeSet migration/vault-schema.changelog-init.xml::1511451595465-65::R3.Corda ran successfully in 0ms
?[m?[37m[INFO] 11:12:13,987 [Test worker] liquibase. - master.changelog.json: migration/vault-schema.changelog-v3.xml::clean_vault::R3.Corda: Data deleted from vault_fungible_states_parts
?[m?[37m[INFO] 11:12:13,987 [Test worker] liquibase. - master.changelog.json: migration/vault-schema.changelog-v3.xml::clean_vault::R3.Corda: Data deleted from vault_fungible_states
?[m?[37m[INFO] 11:12:13,987 [Test worker] liquibase. - master.changelog.json: migration/vault-schema.changelog-v3.xml::clean_vault::R3.Corda: Data deleted from vault_linear_states_parts
?[m?[37m[INFO] 11:12:13,987 [Test worker] liquibase. - master.changelog.json: migration/vault-schema.changelog-v3.xml::clean_vault::R3.Corda: Data deleted from vault_linear_states
?[m?[37m[INFO] 11:12:13,987 [Test worker] liquibase. - master.changelog.json: migration/vault-schema.changelog-v3.xml::clean_vault::R3.Corda: Data deleted from vault_states
?[m?[37m[INFO] 11:12:13,987 [Test worker] liquibase. - master.changelog.json: migration/vault-schema.changelog-v3.xml::clean_vault::R3.Corda: Data deleted from vault_transaction_notes
?[m?[37m[INFO] 11:12:13,987 [Test worker] liquibase. - master.changelog.json: migration/vault-schema.changelog-v3.xml::clean_vault::R3.Corda: ChangeSet migration/vault-schema.changelog-v3.xml::clean_vault::R3.Corda ran successfully in 0ms
?[m?[37m[INFO] 11:12:13,988 [Test worker] liquibase. - master.changelog.json: migration/vault-schema.changelog-v4.xml::nullability::R3.Corda: Null constraint has been added to vault_fungible_states.quantity
?[m?[37m[INFO] 11:12:13,988 [Test worker] liquibase. - master.changelog.json: migration/vault-schema.changelog-v4.xml::nullability::R3.Corda: Null constraint has been added to vault_states.contract_state_class_name
?[m?[37m[INFO] 11:12:13,988 [Test worker] liquibase. - master.changelog.json: migration/vault-schema.changelog-v4.xml::nullability::R3.Corda: Null constraint has been added to vault_states.notary_name
?[m?[37m[INFO] 11:12:13,988 [Test worker] liquibase. - master.changelog.json: migration/vault-schema.changelog-v4.xml::nullability::R3.Corda: Null constraint has been added to vault_states.recorded_timestamp
?[m?[37m[INFO] 11:12:13,988 [Test worker] liquibase. - master.changelog.json: migration/vault-schema.changelog-v4.xml::nullability::R3.Corda: Index state_status_idx dropped from table vault_states
?[m?[37m[INFO] 11:12:13,988 [Test worker] liquibase. - master.changelog.json: migration/vault-schema.changelog-v4.xml::nullability::R3.Corda: Index lock_id_idx dropped from table vault_states
?[m?[37m[INFO] 11:12:13,989 [Test worker] liquibase. - master.changelog.json: migration/vault-schema.changelog-v4.xml::nullability::R3.Corda: Null constraint has been added to vault_states.state_status
?[m?[37m[INFO] 11:12:13,989 [Test worker] liquibase. - master.changelog.json: migration/vault-schema.changelog-v4.xml::nullability::R3.Corda: Index state_status_idx created
?[m?[37m[INFO] 11:12:13,989 [Test worker] liquibase. - master.changelog.json: migration/vault-schema.changelog-v4.xml::nullability::R3.Corda: Index lock_id_idx created
?[m?[37m[INFO] 11:12:13,989 [Test worker] liquibase. - master.changelog.json: migration/vault-schema.changelog-v4.xml::nullability::R3.Corda: Index transaction_id_index dropped from table vault_transaction_notes
?[m?[37m[INFO] 11:12:13,989 [Test worker] liquibase. - master.changelog.json: migration/vault-schema.changelog-v4.xml::nullability::R3.Corda: Null constraint has been added to vault_transaction_notes.note
?[m?[37m[INFO] 11:12:13,989 [Test worker] liquibase. - master.changelog.json: migration/vault-schema.changelog-v4.xml::nullability::R3.Corda: Null constraint has been added to vault_transaction_notes.transaction_id
?[m?[37m[INFO] 11:12:13,989 [Test worker] liquibase. - master.changelog.json: migration/vault-schema.changelog-v4.xml::nullability::R3.Corda: Index transaction_id_index created
?[m?[37m[INFO] 11:12:13,989 [Test worker] liquibase. - master.changelog.json: migration/vault-schema.changelog-v4.xml::nullability::R3.Corda: ChangeSet migration/vault-schema.changelog-v4.xml::nullability::R3.Corda ran successfully in 1ms
?[m?[37m[INFO] 11:12:13,993 [Test worker] liquibase. - master.changelog.json: migration/vault-schema.changelog-v5.xml::add_relevancy_status_column::R3.Corda: Columns relevancy_status(INT) added to vault_states
?[m?[37m[INFO] 11:12:13,993 [Test worker] liquibase. - master.changelog.json: migration/vault-schema.changelog-v5.xml::add_relevancy_status_column::R3.Corda: Data updated in vault_states
?[m?[37m[INFO] 11:12:13,993 [Test worker] liquibase. - master.changelog.json: migration/vault-schema.changelog-v5.xml::add_relevancy_status_column::R3.Corda: Null constraint has been added to vault_states.relevancy_status
?[m?[37m[INFO] 11:12:13,993 [Test worker] liquibase. - master.changelog.json: migration/vault-schema.changelog-v5.xml::add_relevancy_status_column::R3.Corda: ChangeSet migration/vault-schema.changelog-v5.xml::add_relevancy_status_column::R3.Corda ran successfully in 2ms
?[m?[37m[INFO] 11:12:13,995 [Test worker] liquibase. - master.changelog.json: migration/vault-schema.changelog-v6.xml::add_is_constraint_information_columns::R3.Corda: Columns constraint_type(INT) added to vault_states
?[m?[37m[INFO] 11:12:13,996 [Test worker] liquibase. - master.changelog.json: migration/vault-schema.changelog-v6.xml::add_is_constraint_information_columns::R3.Corda: Columns constraint_data(varbinary(563)) added to vault_states
?[m?[37m[INFO] 11:12:13,996 [Test worker] liquibase. - master.changelog.json: migration/vault-schema.changelog-v6.xml::add_is_constraint_information_columns::R3.Corda: ChangeSet migration/vault-schema.changelog-v6.xml::add_is_constraint_information_columns::R3.Corda ran successfully in 2ms
?[m?[37m[INFO] 11:12:13,997 [Test worker] liquibase. - master.changelog.json: migration/vault-schema.changelog-v7.xml::make_issuer_ref_nullable::R3.Corda: Null constraint dropped from vault_fungible_states.issuer_ref
?[m?[37m[INFO] 11:12:13,997 [Test worker] liquibase. - master.changelog.json: migration/vault-schema.changelog-v7.xml::make_issuer_ref_nullable::R3.Corda: ChangeSet migration/vault-schema.changelog-v7.xml::make_issuer_ref_nullable::R3.Corda ran successfully in 0ms
?[m?[37m[INFO] 11:12:13,997 [Test worker] liquibase. - master.changelog.json: migration/vault-schema.changelog-v8.xml::create-external-id-to-state-party-view::R3.Corda: Table state_party created
?[m?[37m[INFO] 11:12:13,997 [Test worker] liquibase. - master.changelog.json: migration/vault-schema.changelog-v8.xml::create-external-id-to-state-party-view::R3.Corda: Index state_pk_hash_idx created
?[m?[37m[INFO] 11:12:13,998 [Test worker] liquibase. - master.changelog.json: migration/vault-schema.changelog-v8.xml::create-external-id-to-state-party-view::R3.Corda: Table pk_hash_to_ext_id_map created
?[m?[37m[INFO] 11:12:13,998 [Test worker] liquibase. - master.changelog.json: migration/vault-schema.changelog-v8.xml::create-external-id-to-state-party-view::R3.Corda: Index pk_hash_to_xid_idx created
?[m?[37m[INFO] 11:12:13,998 [Test worker] liquibase. - master.changelog.json: migration/vault-schema.changelog-v8.xml::create-external-id-to-state-party-view::R3.Corda: View v_pkey_hash_ex_id_map created
?[m?[37m[INFO] 11:12:13,998 [Test worker] liquibase. - master.changelog.json: migration/vault-schema.changelog-v8.xml::create-external-id-to-state-party-view::R3.Corda: ChangeSet migration/vault-schema.changelog-v8.xml::create-external-id-to-state-party-view::R3.Corda ran successfully in 1ms
?[m?[37m[INFO] 11:12:13,999 [Test worker] liquibase. - master.changelog.json: migration/node-info.changelog-init.xml::1511451595465-4::R3.Corda: Table node_link_nodeinfo_party created
?[m?[37m[INFO] 11:12:13,999 [Test worker] liquibase. - master.changelog.json: migration/node-info.changelog-init.xml::1511451595465-4::R3.Corda: ChangeSet migration/node-info.changelog-init.xml::1511451595465-4::R3.Corda ran successfully in 0ms
?[m?[37m[INFO] 11:12:14,000 [Test worker] liquibase. - master.changelog.json: migration/node-info.changelog-init.xml::1511451595465-10::R3.Corda: Table node_info_hosts created
?[m?[37m[INFO] 11:12:14,000 [Test worker] liquibase. - master.changelog.json: migration/node-info.changelog-init.xml::1511451595465-10::R3.Corda: ChangeSet migration/node-info.changelog-init.xml::1511451595465-10::R3.Corda ran successfully in 0ms
?[m?[37m[INFO] 11:12:14,001 [Test worker] liquibase. - master.changelog.json: migration/node-info.changelog-init.xml::1511451595465-11::R3.Corda: Table node_info_party_cert created
?[m?[37m[INFO] 11:12:14,001 [Test worker] liquibase. - master.changelog.json: migration/node-info.changelog-init.xml::1511451595465-11::R3.Corda: ChangeSet migration/node-info.changelog-init.xml::1511451595465-11::R3.Corda ran successfully in 0ms
?[m?[37m[INFO] 11:12:14,002 [Test worker] liquibase. - master.changelog.json: migration/node-info.changelog-init.xml::1511451595465-12::R3.Corda: Table node_infos created
?[m?[37m[INFO] 11:12:14,002 [Test worker] liquibase. - master.changelog.json: migration/node-info.changelog-init.xml::1511451595465-12::R3.Corda: ChangeSet migration/node-info.changelog-init.xml::1511451595465-12::R3.Corda ran successfully in 1ms
?[m?[37m[INFO] 11:12:14,002 [Test worker] liquibase. - master.changelog.json: migration/node-info.changelog-init.xml::1511451595465-35::R3.Corda: Primary key added to node_info_hosts (host, port)
?[m?[37m[INFO] 11:12:14,002 [Test worker] liquibase. - master.changelog.json: migration/node-info.changelog-init.xml::1511451595465-35::R3.Corda: ChangeSet migration/node-info.changelog-init.xml::1511451595465-35::R3.Corda ran successfully in 0ms
?[m?[37m[INFO] 11:12:14,003 [Test worker] liquibase. - master.changelog.json: migration/node-info.changelog-init.xml::1511451595465-36::R3.Corda: Primary key added to node_info_party_cert (party_name)
?[m?[37m[INFO] 11:12:14,003 [Test worker] liquibase. - master.changelog.json: migration/node-info.changelog-init.xml::1511451595465-36::R3.Corda: ChangeSet migration/node-info.changelog-init.xml::1511451595465-36::R3.Corda ran successfully in 0ms
?[m?[37m[INFO] 11:12:14,004 [Test worker] liquibase. - master.changelog.json: migration/node-info.changelog-init.xml::1511451595465-37::R3.Corda: Primary key added to node_infos (node_info_id)
?[m?[37m[INFO] 11:12:14,004 [Test worker] liquibase. - master.changelog.json: migration/node-info.changelog-init.xml::1511451595465-37::R3.Corda: ChangeSet migration/node-info.changelog-init.xml::1511451595465-37::R3.Corda ran successfully in 0ms
?[m?[37m[INFO] 11:12:14,005 [Test worker] liquibase. - master.changelog.json: migration/node-info.changelog-init.xml::1511451595465-62::R3.Corda: Foreign key constraint added to node_link_nodeinfo_party (node_info_id)
?[m?[37m[INFO] 11:12:14,005 [Test worker] liquibase. - master.changelog.json: migration/node-info.changelog-init.xml::1511451595465-62::R3.Corda: ChangeSet migration/node-info.changelog-init.xml::1511451595465-62::R3.Corda ran successfully in 1ms
?[m?[37m[INFO] 11:12:14,006 [Test worker] liquibase. - master.changelog.json: migration/node-info.changelog-init.xml::1511451595465-63::R3.Corda: Foreign key constraint added to node_info_hosts (node_info_id)
?[m?[37m[INFO] 11:12:14,006 [Test worker] liquibase. - master.changelog.json: migration/node-info.changelog-init.xml::1511451595465-63::R3.Corda: ChangeSet migration/node-info.changelog-init.xml::1511451595465-63::R3.Corda ran successfully in 1ms
?[m?[37m[INFO] 11:12:14,006 [Test worker] liquibase. - master.changelog.json: migration/node-info.changelog-init.xml::remove_host_port_pk::R3.Corda: Data deleted from node_infos
?[m?[37m[INFO] 11:12:14,006 [Test worker] liquibase. - master.changelog.json: migration/node-info.changelog-init.xml::remove_host_port_pk::R3.Corda: Data deleted from node_link_nodeinfo_party
?[m?[37m[INFO] 11:12:14,006 [Test worker] liquibase. - master.changelog.json: migration/node-info.changelog-init.xml::remove_host_port_pk::R3.Corda: Data deleted from node_info_hosts
?[m?[37m[INFO] 11:12:14,006 [Test worker] liquibase. - master.changelog.json: migration/node-info.changelog-init.xml::remove_host_port_pk::R3.Corda: Data deleted from node_info_party_cert
?[m?[37m[INFO] 11:12:14,006 [Test worker] liquibase. - master.changelog.json: migration/node-info.changelog-init.xml::remove_host_port_pk::R3.Corda: Primary key dropped from node_info_hosts
?[m?[37m[INFO] 11:12:14,007 [Test worker] liquibase. - master.changelog.json: migration/node-info.changelog-init.xml::remove_host_port_pk::R3.Corda: Columns hosts_id(INT) added to node_info_hosts
?[m?[37m[INFO] 11:12:14,007 [Test worker] liquibase. - master.changelog.json: migration/node-info.changelog-init.xml::remove_host_port_pk::R3.Corda: Primary key added to node_info_hosts (hosts_id)
?[m?[37m[INFO] 11:12:14,007 [Test worker] liquibase. - master.changelog.json: migration/node-info.changelog-init.xml::remove_host_port_pk::R3.Corda: ChangeSet migration/node-info.changelog-init.xml::remove_host_port_pk::R3.Corda ran successfully in 1ms
?[m?[37m[INFO] 11:12:14,008 [Test worker] liquibase. - master.changelog.json: migration/node-info.changelog-v1.xml::key/value node properties table::R3.Corda: Table node_properties created
?[m?[37m[INFO] 11:12:14,008 [Test worker] liquibase. - master.changelog.json: migration/node-info.changelog-v1.xml::key/value node properties table::R3.Corda: ChangeSet migration/node-info.changelog-v1.xml::key/value node properties table::R3.Corda ran successfully in 0ms
?[m?[37m[INFO] 11:12:14,009 [Test worker] liquibase. - master.changelog.json: migration/node-info.changelog-v2.xml::1525962920::R3.Corda: Null constraint has been added to node_infos.node_info_hash
?[m?[37m[INFO] 11:12:14,009 [Test worker] liquibase. - master.changelog.json: migration/node-info.changelog-v2.xml::1525962920::R3.Corda: Null constraint has been added to node_infos.platform_version
?[m?[37m[INFO] 11:12:14,009 [Test worker] liquibase. - master.changelog.json: migration/node-info.changelog-v2.xml::1525962920::R3.Corda: Null constraint has been added to node_infos.serial
?[m?[37m[INFO] 11:12:14,009 [Test worker] liquibase. - master.changelog.json: migration/node-info.changelog-v2.xml::1525962920::R3.Corda: Null constraint dropped from node_info_hosts.host
?[m?[37m[INFO] 11:12:14,009 [Test worker] liquibase. - master.changelog.json: migration/node-info.changelog-v2.xml::1525962920::R3.Corda: Null constraint dropped from node_info_hosts.port
?[m?[37m[INFO] 11:12:14,009 [Test worker] liquibase. - master.changelog.json: migration/node-info.changelog-v2.xml::1525962920::R3.Corda: Null constraint has been added to node_info_party_cert.owning_key_hash
?[m?[37m[INFO] 11:12:14,009 [Test worker] liquibase. - master.changelog.json: migration/node-info.changelog-v2.xml::1525962920::R3.Corda: Null constraint has been added to node_info_party_cert.party_cert_binary
?[m?[37m[INFO] 11:12:14,009 [Test worker] liquibase. - master.changelog.json: migration/node-info.changelog-v2.xml::1525962920::R3.Corda: ChangeSet migration/node-info.changelog-v2.xml::1525962920::R3.Corda ran successfully in 0ms
?[m?[37m[INFO] 11:12:14,010 [Test worker] liquibase. - master.changelog.json: migration/node-info.changelog-v3.xml::column_host_name::R3.Corda: Column node_info_hosts.host renamed to host_name
?[m?[37m[INFO] 11:12:14,010 [Test worker] liquibase. - master.changelog.json: migration/node-info.changelog-v3.xml::column_host_name::R3.Corda: ChangeSet migration/node-info.changelog-v3.xml::column_host_name::R3.Corda ran successfully in 0ms
?[m?[37m[INFO] 11:12:14,011 [Test worker] liquibase. - master.changelog.json: migration/node-services.changelog-init.xml::1511451595465-5::R3.Corda: Table node_attachments created
?[m?[37m[INFO] 11:12:14,011 [Test worker] liquibase. - master.changelog.json: migration/node-services.changelog-init.xml::1511451595465-5::R3.Corda: ChangeSet migration/node-services.changelog-init.xml::1511451595465-5::R3.Corda ran successfully in 0ms
?[m?[37m[INFO] 11:12:14,012 [Test worker] liquibase. - master.changelog.json: migration/node-services.changelog-init.xml::1511451595465-7::R3.Corda: Table node_checkpoints created
?[m?[37m[INFO] 11:12:14,012 [Test worker] liquibase. - master.changelog.json: migration/node-services.changelog-init.xml::1511451595465-7::R3.Corda: ChangeSet migration/node-services.changelog-init.xml::1511451595465-7::R3.Corda ran successfully in 0ms
?[m?[37m[INFO] 11:12:14,012 [Test worker] liquibase. - master.changelog.json: migration/node-services.changelog-init.xml::1511451595465-8::R3.Corda: Table node_contract_upgrades created
?[m?[37m[INFO] 11:12:14,012 [Test worker] liquibase. - master.changelog.json: migration/node-services.changelog-init.xml::1511451595465-8::R3.Corda: ChangeSet migration/node-services.changelog-init.xml::1511451595465-8::R3.Corda ran successfully in 0ms
?[m?[37m[INFO] 11:12:14,013 [Test worker] liquibase. - master.changelog.json: migration/node-services.changelog-init.xml::1511451595465-9::R3.Corda: Table node_identities created
?[m?[37m[INFO] 11:12:14,013 [Test worker] liquibase. - master.changelog.json: migration/node-services.changelog-init.xml::1511451595465-9::R3.Corda: ChangeSet migration/node-services.changelog-init.xml::1511451595465-9::R3.Corda ran successfully in 0ms
?[m?[37m[INFO] 11:12:14,014 [Test worker] liquibase. - master.changelog.json: migration/node-services.changelog-init.xml::1511451595465-13::R3.Corda: Table node_message_ids created
?[m?[37m[INFO] 11:12:14,014 [Test worker] liquibase. - master.changelog.json: migration/node-services.changelog-init.xml::1511451595465-13::R3.Corda: ChangeSet migration/node-services.changelog-init.xml::1511451595465-13::R3.Corda ran successfully in 0ms
?[m?[37m[INFO] 11:12:14,015 [Test worker] liquibase. - master.changelog.json: migration/node-services.changelog-init.xml::1511451595465-14::R3.Corda: Table node_message_retry created
?[m?[37m[INFO] 11:12:14,015 [Test worker] liquibase. - master.changelog.json: migration/node-services.changelog-init.xml::1511451595465-14::R3.Corda: ChangeSet migration/node-services.changelog-init.xml::1511451595465-14::R3.Corda ran successfully in 1ms
?[m?[37m[INFO] 11:12:14,015 [Test worker] liquibase. - master.changelog.json: migration/node-services.changelog-init.xml::1511451595465-15::R3.Corda: Table node_named_identities created
?[m?[37m[INFO] 11:12:14,015 [Test worker] liquibase. - master.changelog.json: migration/node-services.changelog-init.xml::1511451595465-15::R3.Corda: ChangeSet migration/node-services.changelog-init.xml::1511451595465-15::R3.Corda ran successfully in 0ms
?[m?[37m[INFO] 11:12:14,016 [Test worker] liquibase. - master.changelog.json: migration/node-services.changelog-init.xml::1511451595465-17::R3.Corda: Table node_our_key_pairs created
?[m?[37m[INFO] 11:12:14,016 [Test worker] liquibase. - master.changelog.json: migration/node-services.changelog-init.xml::1511451595465-17::R3.Corda: ChangeSet migration/node-services.changelog-init.xml::1511451595465-17::R3.Corda ran successfully in 0ms
?[m?[37m[INFO] 11:12:14,016 [Test worker] liquibase. - master.changelog.json: migration/node-services.changelog-init.xml::1511451595465-19::R3.Corda: Table node_scheduled_states created
?[m?[37m[INFO] 11:12:14,017 [Test worker] liquibase. - master.changelog.json: migration/node-services.changelog-init.xml::1511451595465-19::R3.Corda: ChangeSet migration/node-services.changelog-init.xml::1511451595465-19::R3.Corda ran successfully in 0ms
?[m?[37m[INFO] 11:12:14,017 [Test worker] liquibase. - master.changelog.json: migration/node-services.changelog-init.xml::1511451595465-20::R3.Corda: Table node_transaction_mappings created
?[m?[37m[INFO] 11:12:14,017 [Test worker] liquibase. - master.changelog.json: migration/node-services.changelog-init.xml::1511451595465-20::R3.Corda: ChangeSet migration/node-services.changelog-init.xml::1511451595465-20::R3.Corda ran successfully in 0ms
?[m?[37m[INFO] 11:12:14,018 [Test worker] liquibase. - master.changelog.json: migration/node-services.changelog-init.xml::1511451595465-21::R3.Corda: Table node_transactions created
?[m?[37m[INFO] 11:12:14,018 [Test worker] liquibase. - master.changelog.json: migration/node-services.changelog-init.xml::1511451595465-21::R3.Corda: ChangeSet migration/node-services.changelog-init.xml::1511451595465-21::R3.Corda ran successfully in 1ms
?[m?[37m[INFO] 11:12:14,018 [Test worker] liquibase. - master.changelog.json: migration/node-services.changelog-init.xml::1511451595465-30::R3.Corda: Primary key added to node_attachments (att_id)
?[m?[37m[INFO] 11:12:14,018 [Test worker] liquibase. - master.changelog.json: migration/node-services.changelog-init.xml::1511451595465-30::R3.Corda: ChangeSet migration/node-services.changelog-init.xml::1511451595465-30::R3.Corda ran successfully in 0ms
?[m?[37m[INFO] 11:12:14,019 [Test worker] liquibase. - master.changelog.json: migration/node-services.changelog-init.xml::1511451595465-32::R3.Corda: Primary key added to node_checkpoints (checkpoint_id)
?[m?[37m[INFO] 11:12:14,019 [Test worker] liquibase. - master.changelog.json: migration/node-services.changelog-init.xml::1511451595465-32::R3.Corda: ChangeSet migration/node-services.changelog-init.xml::1511451595465-32::R3.Corda ran successfully in 0ms
?[m?[37m[INFO] 11:12:14,020 [Test worker] liquibase. - master.changelog.json: migration/node-services.changelog-init.xml::1511451595465-33::R3.Corda: Primary key added to node_contract_upgrades (state_ref)
?[m?[37m[INFO] 11:12:14,020 [Test worker] liquibase. - master.changelog.json: migration/node-services.changelog-init.xml::1511451595465-33::R3.Corda: ChangeSet migration/node-services.changelog-init.xml::1511451595465-33::R3.Corda ran successfully in 0ms
?[m?[37m[INFO] 11:12:14,021 [Test worker] liquibase. - master.changelog.json: migration/node-services.changelog-init.xml::1511451595465-34::R3.Corda: Primary key added to node_identities (pk_hash)
?[m?[37m[INFO] 11:12:14,021 [Test worker] liquibase. - master.changelog.json: migration/node-services.changelog-init.xml::1511451595465-34::R3.Corda: ChangeSet migration/node-services.changelog-init.xml::1511451595465-34::R3.Corda ran successfully in 0ms
?[m?[37m[INFO] 11:12:14,022 [Test worker] liquibase. - master.changelog.json: migration/node-services.changelog-init.xml::1511451595465-38::R3.Corda: Primary key added to node_message_ids (message_id)
?[m?[37m[INFO] 11:12:14,022 [Test worker] liquibase. - master.changelog.json: migration/node-services.changelog-init.xml::1511451595465-38::R3.Corda: ChangeSet migration/node-services.changelog-init.xml::1511451595465-38::R3.Corda ran successfully in 0ms
?[m?[37m[INFO] 11:12:14,023 [Test worker] liquibase. - master.changelog.json: migration/node-services.changelog-init.xml::1511451595465-39::R3.Corda: Primary key added to node_message_retry (message_id)
?[m?[37m[INFO] 11:12:14,023 [Test worker] liquibase. - master.changelog.json: migration/node-services.changelog-init.xml::1511451595465-39::R3.Corda: ChangeSet migration/node-services.changelog-init.xml::1511451595465-39::R3.Corda ran successfully in 1ms
?[m?[37m[INFO] 11:12:14,023 [Test worker] liquibase. - master.changelog.json: migration/node-services.changelog-init.xml::1511451595465-40::R3.Corda: Primary key added to node_named_identities (name)
?[m?[37m[INFO] 11:12:14,023 [Test worker] liquibase. - master.changelog.json: migration/node-services.changelog-init.xml::1511451595465-40::R3.Corda: ChangeSet migration/node-services.changelog-init.xml::1511451595465-40::R3.Corda ran successfully in 0ms
?[m?[37m[INFO] 11:12:14,024 [Test worker] liquibase. - master.changelog.json: migration/node-services.changelog-init.xml::1511451595465-42::R3.Corda: Primary key added to node_our_key_pairs (public_key_hash)
?[m?[37m[INFO] 11:12:14,024 [Test worker] liquibase. - master.changelog.json: migration/node-services.changelog-init.xml::1511451595465-42::R3.Corda: ChangeSet migration/node-services.changelog-init.xml::1511451595465-42::R3.Corda ran successfully in 0ms
?[m?[37m[INFO] 11:12:14,025 [Test worker] liquibase. - master.changelog.json: migration/node-services.changelog-init.xml::1511451595465-44::R3.Corda: Primary key added to node_scheduled_states (output_index, transaction_id)
?[m?[37m[INFO] 11:12:14,025 [Test worker] liquibase. - master.changelog.json: migration/node-services.changelog-init.xml::1511451595465-44::R3.Corda: ChangeSet migration/node-services.changelog-init.xml::1511451595465-44::R3.Corda ran successfully in 0ms
?[m?[37m[INFO] 11:12:14,026 [Test worker] liquibase. - master.changelog.json: migration/node-services.changelog-init.xml::1511451595465-45::R3.Corda: Primary key added to node_transaction_mappings (tx_id)
?[m?[37m[INFO] 11:12:14,026 [Test worker] liquibase. - master.changelog.json: migration/node-services.changelog-init.xml::1511451595465-45::R3.Corda: ChangeSet migration/node-services.changelog-init.xml::1511451595465-45::R3.Corda ran successfully in 1ms
?[m?[37m[INFO] 11:12:14,026 [Test worker] liquibase. - master.changelog.json: migration/node-services.changelog-init.xml::1511451595465-46::R3.Corda: Primary key added to node_transactions (tx_id)
?[m?[37m[INFO] 11:12:14,026 [Test worker] liquibase. - master.changelog.json: migration/node-services.changelog-init.xml::1511451595465-46::R3.Corda: ChangeSet migration/node-services.changelog-init.xml::1511451595465-46::R3.Corda ran successfully in 0ms
?[m?[37m[INFO] 11:12:14,027 [Test worker] liquibase. - master.changelog.json: migration/node-services.changelog-init.xml::1511451595465-61::R3.Corda: Foreign key constraint added to node_link_nodeinfo_party (party_name)
?[m?[37m[INFO] 11:12:14,027 [Test worker] liquibase. - master.changelog.json: migration/node-services.changelog-init.xml::1511451595465-61::R3.Corda: ChangeSet migration/node-services.changelog-init.xml::1511451595465-61::R3.Corda ran successfully in 0ms
?[m?[37m[INFO] 11:12:14,028 [Test worker] liquibase. - master.changelog.json: migration/node-services.changelog-init.xml::add index att_id::R3.Corda: Index att_id_idx created
?[m?[37m[INFO] 11:12:14,028 [Test worker] liquibase. - master.changelog.json: migration/node-services.changelog-init.xml::add index att_id::R3.Corda: ChangeSet migration/node-services.changelog-init.xml::add index att_id::R3.Corda ran successfully in 0ms
?[m?[37m[INFO] 11:12:14,029 [Test worker] liquibase. - master.changelog.json: migration/node-services.changelog-init.xml::add_contract_attachment::R3.Corda: Table node_attchments_contracts created
?[m?[37m[INFO] 11:12:14,029 [Test worker] liquibase. - master.changelog.json: migration/node-services.changelog-init.xml::add_contract_attachment::R3.Corda: Foreign key constraint added to node_attchments_contracts (att_id)
?[m?[37m[INFO] 11:12:14,029 [Test worker] liquibase. - master.changelog.json: migration/node-services.changelog-init.xml::add_contract_attachment::R3.Corda: Data deleted from node_attachments
?[m?[37m[INFO] 11:12:14,029 [Test worker] liquibase. - master.changelog.json: migration/node-services.changelog-init.xml::add_contract_attachment::R3.Corda: ChangeSet migration/node-services.changelog-init.xml::add_contract_attachment::R3.Corda ran successfully in 0ms
?[m?[37m[INFO] 11:12:14,031 [Test worker] liquibase. - master.changelog.json: migration/node-services.changelog-init.xml::add_dedup_columns::R3.Corda: Columns sender(NVARCHAR(64)),sequence_number(BIGINT) added to node_message_ids
?[m?[37m[INFO] 11:12:14,031 [Test worker] liquibase. - master.changelog.json: migration/node-services.changelog-init.xml::add_dedup_columns::R3.Corda: ChangeSet migration/node-services.changelog-init.xml::add_dedup_columns::R3.Corda ran successfully in 1ms
?[m?[37m[INFO] 11:12:14,032 [Test worker] liquibase. - master.changelog.json: migration/node-core.changelog-v4.xml::attchments_rename::R3.Corda: Table node_attchments_contracts renamed to node_attachments_contracts
?[m?[37m[INFO] 11:12:14,032 [Test worker] liquibase. - master.changelog.json: migration/node-core.changelog-v4.xml::attchments_rename::R3.Corda: ChangeSet migration/node-core.changelog-v4.xml::attchments_rename::R3.Corda ran successfully in 0ms
?[m?[37m[INFO] 11:12:14,033 [Test worker] liquibase. - master.changelog.json: migration/node-core.changelog-v4.xml::nullability::R3.Corda: Null constraint has been added to node_identities.identity_value
?[m?[37m[INFO] 11:12:14,033 [Test worker] liquibase. - master.changelog.json: migration/node-core.changelog-v4.xml::nullability::R3.Corda: Null constraint has been added to node_attachments.content
?[m?[37m[INFO] 11:12:14,033 [Test worker] liquibase. - master.changelog.json: migration/node-core.changelog-v4.xml::nullability::R3.Corda: Null constraint has been added to node_attachments_contracts.contract_class_name
?[m?[37m[INFO] 11:12:14,033 [Test worker] liquibase. - master.changelog.json: migration/node-core.changelog-v4.xml::nullability::R3.Corda: Null constraint has been added to node_checkpoints.checkpoint_value
?[m?[37m[INFO] 11:12:14,033 [Test worker] liquibase. - master.changelog.json: migration/node-core.changelog-v4.xml::nullability::R3.Corda: Null constraint has been added to node_contract_upgrades.contract_class_name
?[m?[37m[INFO] 11:12:14,033 [Test worker] liquibase. - master.changelog.json: migration/node-core.changelog-v4.xml::nullability::R3.Corda: Null constraint has been added to node_message_ids.insertion_time
?[m?[37m[INFO] 11:12:14,033 [Test worker] liquibase. - master.changelog.json: migration/node-core.changelog-v4.xml::nullability::R3.Corda: Null constraint has been added to node_message_retry.message
?[m?[37m[INFO] 11:12:14,033 [Test worker] liquibase. - master.changelog.json: migration/node-core.changelog-v4.xml::nullability::R3.Corda: Null constraint has been added to node_message_retry.recipients
?[m?[37m[INFO] 11:12:14,033 [Test worker] liquibase. - master.changelog.json: migration/node-core.changelog-v4.xml::nullability::R3.Corda: Null constraint has been added to node_named_identities.pk_hash
?[m?[37m[INFO] 11:12:14,033 [Test worker] liquibase. - master.changelog.json: migration/node-core.changelog-v4.xml::nullability::R3.Corda: Null constraint has been added to node_our_key_pairs.private_key
?[m?[37m[INFO] 11:12:14,034 [Test worker] liquibase. - master.changelog.json: migration/node-core.changelog-v4.xml::nullability::R3.Corda: Null constraint has been added to node_our_key_pairs.public_key
?[m?[37m[INFO] 11:12:14,034 [Test worker] liquibase. - master.changelog.json: migration/node-core.changelog-v4.xml::nullability::R3.Corda: Null constraint has been added to node_transaction_mappings.state_machine_run_id
?[m?[37m[INFO] 11:12:14,034 [Test worker] liquibase. - master.changelog.json: migration/node-core.changelog-v4.xml::nullability::R3.Corda: Null constraint has been added to node_transactions.transaction_value
?[m?[37m[INFO] 11:12:14,034 [Test worker] liquibase. - master.changelog.json: migration/node-core.changelog-v4.xml::nullability::R3.Corda: ChangeSet migration/node-core.changelog-v4.xml::nullability::R3.Corda ran successfully in 2ms
?[m?[37m[INFO] 11:12:14,035 [Test worker] liquibase. - master.changelog.json: migration/node-core.changelog-v5.xml::remove_unused_node_message_retry::R3.Corda: Table node_message_retry dropped
?[m?[37m[INFO] 11:12:14,035 [Test worker] liquibase. - master.changelog.json: migration/node-core.changelog-v5.xml::remove_unused_node_message_retry::R3.Corda: ChangeSet migration/node-core.changelog-v5.xml::remove_unused_node_message_retry::R3.Corda ran successfully in 0ms
?[m?[37m[INFO] 11:12:14,045 [Test worker] liquibase. - master.changelog.json: migration/node-core.changelog-v8.xml::conditional_attchments_rename::R3.Corda: Marking ChangeSet: migration/node-core.changelog-v8.xml::conditional_attchments_rename::R3.Corda ran despite precondition failure due to onFail='MARK_RAN': 
          master.changelog.json : Table PUBLIC.NODE_ATTCHMENTS_CONTRACTS does not exist

?[m?[37m[INFO] 11:12:14,051 [Test worker] liquibase. - master.changelog.json: migration/node-core.changelog-v8.xml::conditional_attchments_contracts::R3.Corda: Marking ChangeSet: migration/node-core.changelog-v8.xml::conditional_attchments_contracts::R3.Corda ran despite precondition failure due to onFail='MARK_RAN': 
          master.changelog.json : Table PUBLIC.NODE_ATTACHMENTS_CONTRACT_CLASS_NAME does not exist

?[m?[37m[INFO] 11:12:14,052 [Test worker] liquibase. - master.changelog.json: migration/node-core.changelog-v8.xml::add_signers::R3.Corda: Table node_attachments_signers created
?[m?[37m[INFO] 11:12:14,052 [Test worker] liquibase. - master.changelog.json: migration/node-core.changelog-v8.xml::add_signers::R3.Corda: Foreign key constraint added to node_attachments_signers (att_id)
?[m?[37m[INFO] 11:12:14,052 [Test worker] liquibase. - master.changelog.json: migration/node-core.changelog-v8.xml::add_signers::R3.Corda: ChangeSet migration/node-core.changelog-v8.xml::add_signers::R3.Corda ran successfully in 0ms
?[m?[37m[INFO] 11:12:14,054 [Test worker] liquibase. - master.changelog.json: migration/node-core.changelog-tx-mapping.xml::add_tx_mapping_column::R3.Corda: Columns state_machine_run_id(NVARCHAR(36)) added to node_transactions
?[m?[37m[INFO] 11:12:14,054 [Test worker] liquibase. - master.changelog.json: migration/node-core.changelog-tx-mapping.xml::add_tx_mapping_column::R3.Corda: Custom SQL executed
?[m?[37m[INFO] 11:12:14,054 [Test worker] liquibase. - master.changelog.json: migration/node-core.changelog-tx-mapping.xml::add_tx_mapping_column::R3.Corda: Table node_transaction_mappings dropped
?[m?[37m[INFO] 11:12:14,054 [Test worker] liquibase. - master.changelog.json: migration/node-core.changelog-tx-mapping.xml::add_tx_mapping_column::R3.Corda: ChangeSet migration/node-core.changelog-tx-mapping.xml::add_tx_mapping_column::R3.Corda ran successfully in 1ms
?[m?[37m[INFO] 11:12:14,055 [Test worker] liquibase. - master.changelog.json: migration/node-services.changelog-init.xml::add_network_parameters_storage::R3.Corda: Table node_network_parameters created
?[m?[37m[INFO] 11:12:14,055 [Test worker] liquibase. - master.changelog.json: migration/node-services.changelog-init.xml::add_network_parameters_storage::R3.Corda: ChangeSet migration/node-services.changelog-init.xml::add_network_parameters_storage::R3.Corda ran successfully in 0ms
?[m?[37m[INFO] 11:12:14,056 [Test worker] liquibase. - master.changelog.json: migration/node-services.changelog-init.xml::network_parameters_pk::R3.Corda: Primary key added to node_network_parameters (hash)
?[m?[37m[INFO] 11:12:14,056 [Test worker] liquibase. - master.changelog.json: migration/node-services.changelog-init.xml::network_parameters_pk::R3.Corda: ChangeSet migration/node-services.changelog-init.xml::network_parameters_pk::R3.Corda ran successfully in 0ms
?[m?[37m[INFO] 11:12:14,058 [Test worker] liquibase. - master.changelog.json: migration/node-services.changelog-init.xml::add_version_column::R3.Corda: Columns version(INT) added to node_attachments
?[m?[37m[INFO] 11:12:14,058 [Test worker] liquibase. - master.changelog.json: migration/node-services.changelog-init.xml::add_version_column::R3.Corda: Custom SQL executed
?[m?[37m[INFO] 11:12:14,058 [Test worker] liquibase. - master.changelog.json: migration/node-services.changelog-init.xml::add_version_column::R3.Corda: Null constraint has been added to node_attachments.version
?[m?[37m[INFO] 11:12:14,058 [Test worker] liquibase. - master.changelog.json: migration/node-services.changelog-init.xml::add_version_column::R3.Corda: ChangeSet migration/node-services.changelog-init.xml::add_version_column::R3.Corda ran successfully in 2ms
?[m?[37m[INFO] 11:12:14,059 [Test worker] persistence.AttachmentVersionNumberMigration. - Start executing...
?[m?[37m[INFO] 11:12:14,060 [Test worker] persistence.AttachmentVersionNumberMigration. - Attachment version creation from whitelisted JARs using network parameters from build/mock-network/20190407-151212.691/nodes/2/network-parameters, whitelistedContractImplementations: {}.
?[m?[37m[INFO] 11:12:14,060 [Test worker] persistence.AttachmentVersionNumberMigration. - Attachment version creation from whitelisted JARs skipped, no attachments not found.
?[m?[37m[INFO] 11:12:14,060 [Test worker] liquibase. - master.changelog.json: migration/node-services.changelog-init.xml::update-version-of-whitelisted-jars::R3.Corda: null
?[m?[37m[INFO] 11:12:14,060 [Test worker] liquibase. - master.changelog.json: migration/node-services.changelog-init.xml::update-version-of-whitelisted-jars::R3.Corda: ChangeSet migration/node-services.changelog-init.xml::update-version-of-whitelisted-jars::R3.Corda ran successfully in 2ms
?[m?[37m[INFO] 11:12:14,060 [Test worker] migration.VaultStateMigration. - Migrating vault state data to V4 tables
?[m?[37m[INFO] 11:12:14,061 [Test worker] persistence.HibernateConfiguration. - Init HibernateConfiguration for schemas: [VaultMigrationSchemaV1(name=net.corda.node.migration.VaultMigrationSchema, version=1), VaultSchemaV1(name=net.corda.node.services.vault.VaultSchema, version=1)]
?[m?[37m[INFO] 11:12:14,061 [Test worker] persistence.HibernateConfiguration. - Creating session factory for schemas: [VaultMigrationSchemaV1(name=net.corda.node.migration.VaultMigrationSchema, version=1), VaultSchemaV1(name=net.corda.node.services.vault.VaultSchema, version=1)]
?[m?[37m[INFO] 11:12:14,065 [Test worker] internal.ConnectionProviderInitiator. - HHH000130: Instantiating explicit connection provider: net.corda.nodeapi.internal.persistence.HibernateConfiguration$NodeDatabaseConnectionProvider
?[m?[37m[INFO] 11:12:14,066 [Test worker] dialect.Dialect. - HHH000400: Using dialect: org.hibernate.dialect.H2Dialect
?[m?[37m[INFO] 11:12:14,067 [Test worker] type.BasicTypeRegistry. - HHH000270: Type registration [materialized_blob] overrides previous : org.hibernate.type.MaterializedBlobType@13ae4c5f
?[m?[37m[INFO] 11:12:14,090 [Test worker] connections.access. - HHH10001501: Connection obtained from JdbcConnectionAccess [org.hibernate.engine.jdbc.env.internal.JdbcEnvironmentInitiator$ConnectionProviderJdbcConnectionAccess@21d91144] for (non-JTA) DDL execution was not in auto-commit mode; the Connection 'local transaction' will be committed and the Connection will be set into auto-commit mode.
?[m?[37m[INFO] 11:12:14,108 [Test worker] persistence.HibernateConfiguration. - Created session factory for schemas: [VaultMigrationSchemaV1(name=net.corda.node.migration.VaultMigrationSchema, version=1), VaultSchemaV1(name=net.corda.node.services.vault.VaultSchema, version=1)]
?[m?[37m[INFO] 11:12:14,109 [Test worker] internal.QueryTranslatorFactoryInitiator. - HHH000397: Using ASTQueryTranslatorFactory
?[m?[37m[INFO] 11:12:14,114 [Test worker] migration.VaultStateMigration. - Finished performing vault state data migration for 0 states
?[m?[37m[INFO] 11:12:14,114 [Test worker] liquibase. - master.changelog.json: migration/vault-schema.changelog-v9.xml::update-vault-states::R3.Corda: null
?[m?[37m[INFO] 11:12:14,114 [Test worker] liquibase. - master.changelog.json: migration/vault-schema.changelog-v9.xml::update-vault-states::R3.Corda: ChangeSet migration/vault-schema.changelog-v9.xml::update-vault-states::R3.Corda ran successfully in 54ms
?[m?[37m[INFO] 11:12:14,115 [Test worker] liquibase. - Successfully released change log lock
?[m?[37m[INFO] 11:12:14,115 [Test worker] internal.InternalMockNetwork$MockNode. - Connected to H2 database.
?[m?[37m[INFO] 11:12:14,115 [Test worker] internal.InternalMockNetwork$MockNode. - identity-private-key not found in key store, generating fresh key!
?[m?[37m[INFO] 11:12:14,125 [Test worker] persistence.HibernateConfiguration. - Init HibernateConfiguration for schemas: [CommonSchemaV1(name=net.corda.core.schemas.CommonSchema, version=1), VaultSchemaV1(name=net.corda.node.services.vault.VaultSchema, version=1), NodeInfoSchemaV1(name=net.corda.node.internal.schemas.NodeInfoSchema, version=1), NodeCoreV1(name=net.corda.node.services.schema.NodeSchemaService$NodeCore, version=1), FNOLSchemaV1(name=com.example.schema.FNOLSchema, version=1), IOUSchemaV1(name=com.example.schema.IOUSchema, version=1)]
?[m?[37m[INFO] 11:12:14,125 [Test worker] persistence.HibernateConfiguration. - Creating session factory for schemas: [CommonSchemaV1(name=net.corda.core.schemas.CommonSchema, version=1), VaultSchemaV1(name=net.corda.node.services.vault.VaultSchema, version=1), NodeInfoSchemaV1(name=net.corda.node.internal.schemas.NodeInfoSchema, version=1), NodeCoreV1(name=net.corda.node.services.schema.NodeSchemaService$NodeCore, version=1), FNOLSchemaV1(name=com.example.schema.FNOLSchema, version=1), IOUSchemaV1(name=com.example.schema.IOUSchema, version=1)]
?[m?[37m[INFO] 11:12:14,128 [Test worker] internal.ConnectionProviderInitiator. - HHH000130: Instantiating explicit connection provider: net.corda.nodeapi.internal.persistence.HibernateConfiguration$NodeDatabaseConnectionProvider
?[m?[37m[INFO] 11:12:14,129 [Test worker] dialect.Dialect. - HHH000400: Using dialect: org.hibernate.dialect.H2Dialect
?[m?[37m[INFO] 11:12:14,130 [Test worker] type.BasicTypeRegistry. - HHH000270: Type registration [materialized_blob] overrides previous : org.hibernate.type.MaterializedBlobType@13ae4c5f
?[m?[37m[INFO] 11:12:14,162 [Test worker] connections.access. - HHH10001501: Connection obtained from JdbcConnectionAccess [org.hibernate.engine.jdbc.env.internal.JdbcEnvironmentInitiator$ConnectionProviderJdbcConnectionAccess@1127757d] for (non-JTA) DDL execution was not in auto-commit mode; the Connection 'local transaction' will be committed and the Connection will be set into auto-commit mode.
?[m?[37m[INFO] 11:12:14,193 [Test worker] persistence.HibernateConfiguration. - Created session factory for schemas: [CommonSchemaV1(name=net.corda.core.schemas.CommonSchema, version=1), VaultSchemaV1(name=net.corda.node.services.vault.VaultSchema, version=1), NodeInfoSchemaV1(name=net.corda.node.internal.schemas.NodeInfoSchema, version=1), NodeCoreV1(name=net.corda.node.services.schema.NodeSchemaService$NodeCore, version=1), FNOLSchemaV1(name=com.example.schema.FNOLSchema, version=1), IOUSchemaV1(name=com.example.schema.IOUSchema, version=1)]
?[m?[37m[INFO] 11:12:14,194 [Test worker] internal.QueryTranslatorFactoryInitiator. - HHH000397: Using ASTQueryTranslatorFactory
?[m?[37m[INFO] 11:12:14,196 [Test worker] internal.InternalMockNetwork$MockNode. - Node-info has changed so submitting update. Old node-info was null
?[m?[37m[INFO] 11:12:14,196 [Test worker] network.PersistentNetworkMapCache. - Adding node with info: NodeInfo(addresses=[mock.node:1000], legalIdentitiesAndCerts=[O=Mock Company 2, L=London, C=GB], platformVersion=4, serial=1554649934196)
?[m?[37m[INFO] 11:12:14,197 [Test worker] network.PersistentNetworkMapCache. - No previous node found
?[m?[37m[INFO] 11:12:14,200 [Test worker] internal.InternalMockNetwork$MockNode. - New node-info: NodeInfo(addresses=[mock.node:1000], legalIdentitiesAndCerts=[O=Mock Company 2, L=London, C=GB], platformVersion=4, serial=1554649934196)
?[m?[37m[INFO] 11:12:14,205 [Test worker] network.NetworkMapUpdater. - Auto-accept enabled for network parameter changes which modify only: [epoch, modifiedTime, packageOwnership, whitelistedContractImplementations]
?[m?[37m[INFO] 11:12:14,207 [MockNode-12-2] network.PersistentNetworkMapCache. - Adding node with info: NodeInfo(addresses=[mock.node:1000], legalIdentitiesAndCerts=[O=Mock Company 2, L=London, C=GB], platformVersion=4, serial=1554649934196)
?[m?[37m[INFO] 11:12:14,210 [MockNode-12-2] network.PersistentNetworkMapCache. - Previous node was identical to incoming one - doing nothing
?[m?[37m[INFO] 11:12:14,231 [Test worker] ClassloaderUtils. - Contracts loading for '/var/folders/5q/xy985yhj7rg30rc4c_z3gd4m0000gn/T/attachment7985198880842635173.jar' took 20 msec
?[m?[37m[INFO] 11:12:14,239 [Test worker] persistence.NodeAttachmentService. - Stored new attachment: id=B0DC6BB384D1A6B002EFC0F67EDD756DE1A1E8883DAE28EEB966064A6EF48F64 uploader=app filename=null
?[m?[37m[INFO] 11:12:14,242 [Test worker] statemachine.SingleThreadedStateMachineManager. - Node ready, info: NodeInfo(addresses=[mock.node:1000], legalIdentitiesAndCerts=[O=Mock Company 2, L=London, C=GB], platformVersion=4, serial=1554649934196)
?[m?[37m[INFO] 11:12:14,244 [Test worker] network.PersistentNetworkMapCache. - Adding node with info: NodeInfo(addresses=[mock.node:1000], legalIdentitiesAndCerts=[O=Notary Service, L=Zurich, C=CH], platformVersion=4, serial=1554649933205)
?[m?[37m[INFO] 11:12:14,244 [Test worker] network.PersistentNetworkMapCache. - No previous node found
?[m?[37m[INFO] 11:12:14,249 [Test worker] network.PersistentNetworkMapCache. - Adding node with info: NodeInfo(addresses=[mock.node:1000], legalIdentitiesAndCerts=[O=Mock Company 2, L=London, C=GB], platformVersion=4, serial=1554649934196)
?[m?[37m[INFO] 11:12:14,250 [Test worker] network.PersistentNetworkMapCache. - No previous node found
?[m?[37m[INFO] 11:12:14,254 [Test worker] network.PersistentNetworkMapCache. - Adding node with info: NodeInfo(addresses=[mock.node:1000], legalIdentitiesAndCerts=[O=Mock Company 1, L=London, C=GB], platformVersion=4, serial=1554649933712)
?[m?[37m[INFO] 11:12:14,255 [Test worker] network.PersistentNetworkMapCache. - No previous node found
?[m?[37m[INFO] 11:12:14,260 [Test worker] network.PersistentNetworkMapCache. - Adding node with info: NodeInfo(addresses=[mock.node:1000], legalIdentitiesAndCerts=[O=Mock Company 2, L=London, C=GB], platformVersion=4, serial=1554649934196)
?[m?[37m[INFO] 11:12:14,260 [Test worker] network.PersistentNetworkMapCache. - No previous node found
?[m?[37m[INFO] 11:12:14,266 [Test worker] network.PersistentNetworkMapCache. - Adding node with info: NodeInfo(addresses=[mock.node:1000], legalIdentitiesAndCerts=[O=Mock Company 2, L=London, C=GB], platformVersion=4, serial=1554649934196)
?[m?[37m[INFO] 11:12:14,266 [Test worker] network.PersistentNetworkMapCache. - Previous node was identical to incoming one - doing nothing
?[m?[37m[INFO] 11:12:14,266 [Test worker] network.PersistentNetworkMapCache. - Adding node with info: NodeInfo(addresses=[mock.node:1000], legalIdentitiesAndCerts=[O=Mock Company 2, L=London, C=GB], platformVersion=4, serial=1554649934196)
?[m?[37m[INFO] 11:12:14,266 [Test worker] network.PersistentNetworkMapCache. - Previous node was identical to incoming one - doing nothing
?[m?[31m[WARN] 11:12:14,266 [Test worker] internal.NodeFlowManager. - Multiple flows are registered for InitiatingFlow: class com.example.flow.ExampleFlow$Initiator, currently using: class com.example.flow.ExampleFlow$Acceptor
?[m?[37m[INFO] 11:12:14,266 [Test worker] internal.NodeFlowManager. - Registered com.example.flow.ExampleFlow$Initiator to initiate com.example.flow.ExampleFlow$Acceptor (version 1)
?[m?[31m[WARN] 11:12:14,266 [Test worker] internal.NodeFlowManager. - Multiple flows are registered for InitiatingFlow: class com.example.flow.ExampleFlow$Initiator, currently using: class com.example.flow.ExampleFlow$Acceptor
?[m?[37m[INFO] 11:12:14,266 [Test worker] internal.NodeFlowManager. - Registered com.example.flow.ExampleFlow$Initiator to initiate com.example.flow.ExampleFlow$Acceptor (version 1)
?[m?[31m[WARN] 11:12:14,802 [Mock network] corda.flow. - ProgressTracker has not been started {actor_id=Only For Testing, actor_owning_identity=O=Mock Company 1, L=London, C=GB, actor_store_id=TEST, fiber-id=10000006, flow-id=da381054-25d1-450c-a7d4-c5f8e8e87387, invocation_id=19372e53-1dc6-4bf3-952e-bb575a529da3, invocation_timestamp=2019-04-07T15:12:14.267Z, origin=Only For Testing, session_id=19372e53-1dc6-4bf3-952e-bb575a529da3, session_timestamp=2019-04-07T15:12:14.267Z, thread-id=1146}
?[m?[37m[INFO] 11:12:14,830 [Mock network] corda.flow. - Received transaction acknowledgement request from party O=Mock Company 1, L=London, C=GB. {fiber-id=10000007, flow-id=114546cc-8a44-4538-a8d7-1b9adc13dcba, invocation_id=788da2dc-cd37-461c-b3bd-1717604323a3, invocation_timestamp=2019-04-07T15:12:14.819Z, origin=O=Mock Company 1, L=London, C=GB, session_id=788da2dc-cd37-461c-b3bd-1717604323a3, session_timestamp=2019-04-07T15:12:14.819Z, thread-id=1146, tx_id=509E4BB2840C1011B267CBCB2BC5A0235104F329A227379B98DDB969DADA9192}
?[m?[31m[WARN] 11:12:14,830 [Mock network] corda.flow. - ProgressTracker has not been started {fiber-id=10000007, flow-id=114546cc-8a44-4538-a8d7-1b9adc13dcba, invocation_id=788da2dc-cd37-461c-b3bd-1717604323a3, invocation_timestamp=2019-04-07T15:12:14.819Z, origin=O=Mock Company 1, L=London, C=GB, session_id=788da2dc-cd37-461c-b3bd-1717604323a3, session_timestamp=2019-04-07T15:12:14.819Z, thread-id=1146, tx_id=509E4BB2840C1011B267CBCB2BC5A0235104F329A227379B98DDB969DADA9192}
?[m?[37m[INFO] 11:12:14,836 [Mock network] corda.flow. - Transaction dependencies resolution completed. {fiber-id=10000007, flow-id=114546cc-8a44-4538-a8d7-1b9adc13dcba, invocation_id=788da2dc-cd37-461c-b3bd-1717604323a3, invocation_timestamp=2019-04-07T15:12:14.819Z, origin=O=Mock Company 1, L=London, C=GB, session_id=788da2dc-cd37-461c-b3bd-1717604323a3, session_timestamp=2019-04-07T15:12:14.819Z, thread-id=1146, tx_id=509E4BB2840C1011B267CBCB2BC5A0235104F329A227379B98DDB969DADA9192}
?[m?[31m[WARN] 11:12:14,866 [Mock network] corda.flow. - ProgressTracker has not been started {fiber-id=10000007, flow-id=114546cc-8a44-4538-a8d7-1b9adc13dcba, invocation_id=788da2dc-cd37-461c-b3bd-1717604323a3, invocation_timestamp=2019-04-07T15:12:14.819Z, origin=O=Mock Company 1, L=London, C=GB, session_id=788da2dc-cd37-461c-b3bd-1717604323a3, session_timestamp=2019-04-07T15:12:14.819Z, thread-id=1146, tx_id=509E4BB2840C1011B267CBCB2BC5A0235104F329A227379B98DDB969DADA9192}
?[m?[37m[INFO] 11:12:14,877 [Mock network] corda.flow. - No need to notarise this transaction. {actor_id=Only For Testing, actor_owning_identity=O=Mock Company 1, L=London, C=GB, actor_store_id=TEST, fiber-id=10000006, flow-id=da381054-25d1-450c-a7d4-c5f8e8e87387, invocation_id=19372e53-1dc6-4bf3-952e-bb575a529da3, invocation_timestamp=2019-04-07T15:12:14.267Z, origin=Only For Testing, session_id=19372e53-1dc6-4bf3-952e-bb575a529da3, session_timestamp=2019-04-07T15:12:14.267Z, thread-id=1146, tx_id=509E4BB2840C1011B267CBCB2BC5A0235104F329A227379B98DDB969DADA9192}
?[m?[37m[INFO] 11:12:14,877 [Mock network] corda.flow. - Recording transaction locally. {actor_id=Only For Testing, actor_owning_identity=O=Mock Company 1, L=London, C=GB, actor_store_id=TEST, fiber-id=10000006, flow-id=da381054-25d1-450c-a7d4-c5f8e8e87387, invocation_id=19372e53-1dc6-4bf3-952e-bb575a529da3, invocation_timestamp=2019-04-07T15:12:14.267Z, origin=Only For Testing, session_id=19372e53-1dc6-4bf3-952e-bb575a529da3, session_timestamp=2019-04-07T15:12:14.267Z, thread-id=1146, tx_id=509E4BB2840C1011B267CBCB2BC5A0235104F329A227379B98DDB969DADA9192}
?[m?[37m[INFO] 11:12:14,887 [Mock network] corda.flow. - Recorded transaction locally successfully. {actor_id=Only For Testing, actor_owning_identity=O=Mock Company 1, L=London, C=GB, actor_store_id=TEST, fiber-id=10000006, flow-id=da381054-25d1-450c-a7d4-c5f8e8e87387, invocation_id=19372e53-1dc6-4bf3-952e-bb575a529da3, invocation_timestamp=2019-04-07T15:12:14.267Z, origin=Only For Testing, session_id=19372e53-1dc6-4bf3-952e-bb575a529da3, session_timestamp=2019-04-07T15:12:14.267Z, thread-id=1146, tx_id=509E4BB2840C1011B267CBCB2BC5A0235104F329A227379B98DDB969DADA9192}
?[m?[37m[INFO] 11:12:14,899 [Mock network] corda.flow. - Received transaction acknowledgement request from party O=Mock Company 1, L=London, C=GB. {fiber-id=10000007, flow-id=114546cc-8a44-4538-a8d7-1b9adc13dcba, invocation_id=788da2dc-cd37-461c-b3bd-1717604323a3, invocation_timestamp=2019-04-07T15:12:14.819Z, origin=O=Mock Company 1, L=London, C=GB, session_id=788da2dc-cd37-461c-b3bd-1717604323a3, session_timestamp=2019-04-07T15:12:14.819Z, thread-id=1146, tx_id=509E4BB2840C1011B267CBCB2BC5A0235104F329A227379B98DDB969DADA9192}
?[m?[31m[WARN] 11:12:14,899 [Mock network] corda.flow. - ProgressTracker has not been started {fiber-id=10000007, flow-id=114546cc-8a44-4538-a8d7-1b9adc13dcba, invocation_id=788da2dc-cd37-461c-b3bd-1717604323a3, invocation_timestamp=2019-04-07T15:12:14.819Z, origin=O=Mock Company 1, L=London, C=GB, session_id=788da2dc-cd37-461c-b3bd-1717604323a3, session_timestamp=2019-04-07T15:12:14.819Z, thread-id=1146, tx_id=509E4BB2840C1011B267CBCB2BC5A0235104F329A227379B98DDB969DADA9192}
?[m?[37m[INFO] 11:12:14,904 [Mock network] corda.flow. - Transaction dependencies resolution completed. {fiber-id=10000007, flow-id=114546cc-8a44-4538-a8d7-1b9adc13dcba, invocation_id=788da2dc-cd37-461c-b3bd-1717604323a3, invocation_timestamp=2019-04-07T15:12:14.819Z, origin=O=Mock Company 1, L=London, C=GB, session_id=788da2dc-cd37-461c-b3bd-1717604323a3, session_timestamp=2019-04-07T15:12:14.819Z, thread-id=1146, tx_id=509E4BB2840C1011B267CBCB2BC5A0235104F329A227379B98DDB969DADA9192}
?[m?[37m[INFO] 11:12:14,908 [Mock network] corda.flow. - Successfully received fully signed tx. Sending it to the vault for processing. {fiber-id=10000007, flow-id=114546cc-8a44-4538-a8d7-1b9adc13dcba, invocation_id=788da2dc-cd37-461c-b3bd-1717604323a3, invocation_timestamp=2019-04-07T15:12:14.819Z, origin=O=Mock Company 1, L=London, C=GB, session_id=788da2dc-cd37-461c-b3bd-1717604323a3, session_timestamp=2019-04-07T15:12:14.819Z, thread-id=1146, tx_id=509E4BB2840C1011B267CBCB2BC5A0235104F329A227379B98DDB969DADA9192}
?[m?[37m[INFO] 11:12:14,911 [Mock network] corda.flow. - Successfully recorded received transaction locally. {fiber-id=10000007, flow-id=114546cc-8a44-4538-a8d7-1b9adc13dcba, invocation_id=788da2dc-cd37-461c-b3bd-1717604323a3, invocation_timestamp=2019-04-07T15:12:14.819Z, origin=O=Mock Company 1, L=London, C=GB, session_id=788da2dc-cd37-461c-b3bd-1717604323a3, session_timestamp=2019-04-07T15:12:14.819Z, thread-id=1146, tx_id=509E4BB2840C1011B267CBCB2BC5A0235104F329A227379B98DDB969DADA9192}
?[m?[37m[INFO] 11:12:14,917 [Mock network] corda.flow. - Party O=Mock Company 2, L=London, C=GB received the transaction. {actor_id=Only For Testing, actor_owning_identity=O=Mock Company 1, L=London, C=GB, actor_store_id=TEST, fiber-id=10000006, flow-id=da381054-25d1-450c-a7d4-c5f8e8e87387, invocation_id=19372e53-1dc6-4bf3-952e-bb575a529da3, invocation_timestamp=2019-04-07T15:12:14.267Z, origin=Only For Testing, session_id=19372e53-1dc6-4bf3-952e-bb575a529da3, session_timestamp=2019-04-07T15:12:14.267Z, thread-id=1146, tx_id=509E4BB2840C1011B267CBCB2BC5A0235104F329A227379B98DDB969DADA9192}
?[m?[37m[INFO] 11:12:14,917 [Mock network] corda.flow. - All parties received the transaction successfully. {actor_id=Only For Testing, actor_owning_identity=O=Mock Company 1, L=London, C=GB, actor_store_id=TEST, fiber-id=10000006, flow-id=da381054-25d1-450c-a7d4-c5f8e8e87387, invocation_id=19372e53-1dc6-4bf3-952e-bb575a529da3, invocation_timestamp=2019-04-07T15:12:14.267Z, origin=Only For Testing, session_id=19372e53-1dc6-4bf3-952e-bb575a529da3, session_timestamp=2019-04-07T15:12:14.267Z, thread-id=1146, tx_id=509E4BB2840C1011B267CBCB2BC5A0235104F329A227379B98DDB969DADA9192}
?[m?[37m[INFO] 11:12:14,935 [Test worker] pool.HikariPool. - HikariPool-10 - Close initiated...
?[m?[37m[INFO] 11:12:14,936 [Test worker] pool.HikariPool. - HikariPool-10 - Closed.
?[m?[37m[INFO] 11:12:14,937 [Test worker] pool.HikariPool. - HikariPool-11 - Close initiated...
?[m?[37m[INFO] 11:12:14,937 [Test worker] pool.HikariPool. - HikariPool-11 - Closed.
?[m?[37m[INFO] 11:12:14,938 [Test worker] pool.HikariPool. - HikariPool-12 - Close initiated...
?[m?[37m[INFO] 11:12:14,939 [Test worker] pool.HikariPool. - HikariPool-12 - Closed.
?[m?[37m[INFO] 11:12:14,987 [Test worker] cordapp.JarScanningCordappLoader. - Looking for CorDapps in [build/mock-network/20190407-151214.940/nodes/0/cordapps]
?[m?[37m[INFO] 11:12:14,987 [Test worker] cordapp.JarScanningCordappLoader. - Loading CorDapps from RestrictedURL(url=file:/Users/vivian.a.chen/Hackathon/samples/cordapp-example/workflows-kotlin/build/mock-network/20190407-151214.940/nodes/0/cordapps/cordapp-example-workflows-0.1.jar, rootPackageName=null), RestrictedURL(url=file:/Users/vivian.a.chen/Hackathon/samples/cordapp-example/workflows-kotlin/build/mock-network/20190407-151214.940/nodes/0/cordapps/cordapp-example-contracts-0.1.jar, rootPackageName=null)
?[m?[37m[INFO] 11:12:14,987 [Test worker] cordapp.JarScanningCordappLoader. - Scanning CorDapp in file:/Users/vivian.a.chen/Hackathon/samples/cordapp-example/workflows-kotlin/build/mock-network/20190407-151214.940/nodes/0/cordapps/cordapp-example-workflows-0.1.jar
?[m?[37m[INFO] 11:12:15,009 [Test worker] cordapp.JarScanningCordappLoader. - Found notary service CorDapp implementations: 
?[m?[37m[INFO] 11:12:15,009 [Test worker] cordapp.JarScanningCordappLoader. - Scanning CorDapp in file:/Users/vivian.a.chen/Hackathon/samples/cordapp-example/workflows-kotlin/build/mock-network/20190407-151214.940/nodes/0/cordapps/cordapp-example-contracts-0.1.jar
?[m?[37m[INFO] 11:12:15,030 [Test worker] cordapp.JarScanningCordappLoader. - Found notary service CorDapp implementations: 
?[m?[37m[INFO] 11:12:15,036 [Test worker] internal.InternalMockNetwork$MockNode. - Node starting up ...
?[m?[37m[INFO] 11:12:15,041 [Test worker] internal.NodeFlowManager. - Registered com.example.flow.CreateFNOLFlow$Initiator to initiate com.example.flow.CreateFNOLFlow$Acceptor (version 1)
?[m?[37m[INFO] 11:12:15,041 [Test worker] internal.NodeFlowManager. - Registered com.example.flow.ExampleFlow$Initiator to initiate com.example.flow.ExampleFlow$Acceptor (version 1)
?[m?[37m[INFO] 11:12:15,041 [Test worker] internal.NodeFlowManager. - Registered com.example.flow.UpdateFNOLFlow$Initiator to initiate com.example.flow.UpdateFNOLFlow$Acceptor (version 1)
?[m?[37m[INFO] 11:12:15,044 [Test worker] internal.InternalMockNetwork$MockNode. - Loaded network parameters: NetworkParameters {
      minimumPlatformVersion=1
      notaries=[NotaryInfo(identity=O=Notary Service, L=Zurich, C=CH, validating=true)]
      maxMessageSize=10485760
      maxTransactionSize=524288000
      whitelistedContractImplementations {
        
      }
      eventHorizon=PT720H
      packageOwnership {
        
      }
      modifiedTime=2019-04-07T15:12:14.939Z
      epoch=1
  }
?[m?[37m[INFO] 11:12:15,044 [Test worker] hikari.HikariDataSource. - HikariPool-13 - Started.
?[m?[37m[INFO] 11:12:15,169 [Test worker] liquibase. - Creating database history table with name: PUBLIC.DATABASECHANGELOG
?[m?[37m[INFO] 11:12:15,171 [Test worker] liquibase. - Reading from PUBLIC.DATABASECHANGELOG
?[m?[37m[INFO] 11:12:15,172 [Test worker] liquibase. - master.changelog.json: migration/common.changelog-init.xml::1511451595465-1.3::R3.Corda: Skipping changeSet migration/common.changelog-init.xml::1511451595465-1.3::R3.Corda due to validation error(s): minValue is not allowed on h2
?[m?[37m[INFO] 11:12:15,175 [Test worker] liquibase. - master.changelog.json: migration/vault-schema.changelog-pkey.xml::non-clustered_pk-11::R3.Corda: Skipping changeSet migration/vault-schema.changelog-pkey.xml::non-clustered_pk-11::R3.Corda due to validation error(s): clustered is not allowed on h2
?[m?[37m[INFO] 11:12:15,176 [Test worker] liquibase. - master.changelog.json: migration/vault-schema.changelog-pkey.xml::non-clustered_pk-12::R3.Corda: Skipping changeSet migration/vault-schema.changelog-pkey.xml::non-clustered_pk-12::R3.Corda due to validation error(s): clustered is not allowed on h2
?[m?[37m[INFO] 11:12:15,176 [Test worker] liquibase. - master.changelog.json: migration/vault-schema.changelog-pkey.xml::non-clustered_pk-13::R3.Corda: Skipping changeSet migration/vault-schema.changelog-pkey.xml::non-clustered_pk-13::R3.Corda due to validation error(s): clustered is not allowed on h2
?[m?[37m[INFO] 11:12:15,184 [Test worker] liquibase. - master.changelog.json: migration/node-core.changelog-pkey.xml::non-clustered_pk-1::R3.Corda: Skipping changeSet migration/node-core.changelog-pkey.xml::non-clustered_pk-1::R3.Corda due to validation error(s): clustered is not allowed on h2
?[m?[37m[INFO] 11:12:15,184 [Test worker] liquibase. - master.changelog.json: migration/node-core.changelog-pkey.xml::non-clustered_pk-2::R3.Corda: Skipping changeSet migration/node-core.changelog-pkey.xml::non-clustered_pk-2::R3.Corda due to validation error(s): clustered is not allowed on h2
?[m?[37m[INFO] 11:12:15,184 [Test worker] liquibase. - master.changelog.json: migration/node-core.changelog-pkey.xml::non-clustered_pk-3::R3.Corda: Skipping changeSet migration/node-core.changelog-pkey.xml::non-clustered_pk-3::R3.Corda due to validation error(s): clustered is not allowed on h2
?[m?[37m[INFO] 11:12:15,184 [Test worker] liquibase. - master.changelog.json: migration/node-core.changelog-pkey.xml::non-clustered_pk-4::R3.Corda: Skipping changeSet migration/node-core.changelog-pkey.xml::non-clustered_pk-4::R3.Corda due to validation error(s): clustered is not allowed on h2
?[m?[37m[INFO] 11:12:15,184 [Test worker] liquibase. - master.changelog.json: migration/node-core.changelog-pkey.xml::non-clustered_pk-5::R3.Corda: Skipping changeSet migration/node-core.changelog-pkey.xml::non-clustered_pk-5::R3.Corda due to validation error(s): clustered is not allowed on h2
?[m?[37m[INFO] 11:12:15,185 [Test worker] liquibase. - master.changelog.json: migration/node-core.changelog-pkey.xml::non-clustered_pk-6::R3.Corda: Skipping changeSet migration/node-core.changelog-pkey.xml::non-clustered_pk-6::R3.Corda due to validation error(s): clustered is not allowed on h2
?[m?[37m[INFO] 11:12:15,185 [Test worker] liquibase. - master.changelog.json: migration/node-core.changelog-pkey.xml::non-clustered_pk-7::R3.Corda: Skipping changeSet migration/node-core.changelog-pkey.xml::non-clustered_pk-7::R3.Corda due to validation error(s): clustered is not allowed on h2
?[m?[37m[INFO] 11:12:15,187 [Test worker] liquibase. - master.changelog.json: migration/node-notary.changelog-pkey.xml::non-clustered_pk-notary_state::R3.Corda: Skipping changeSet migration/node-notary.changelog-pkey.xml::non-clustered_pk-notary_state::R3.Corda due to validation error(s): clustered is not allowed on h2
?[m?[37m[INFO] 11:12:15,188 [Test worker] liquibase. - Successfully acquired change log lock
?[m?[37m[INFO] 11:12:15,188 [Test worker] liquibase. - master.changelog.json: migration/common.changelog-init.xml::1511451595465-1.3::R3.Corda: Skipping changeSet migration/common.changelog-init.xml::1511451595465-1.3::R3.Corda due to validation error(s): minValue is not allowed on h2
?[m?[37m[INFO] 11:12:15,190 [Test worker] liquibase. - master.changelog.json: migration/vault-schema.changelog-pkey.xml::non-clustered_pk-11::R3.Corda: Skipping changeSet migration/vault-schema.changelog-pkey.xml::non-clustered_pk-11::R3.Corda due to validation error(s): clustered is not allowed on h2
?[m?[37m[INFO] 11:12:15,190 [Test worker] liquibase. - master.changelog.json: migration/vault-schema.changelog-pkey.xml::non-clustered_pk-12::R3.Corda: Skipping changeSet migration/vault-schema.changelog-pkey.xml::non-clustered_pk-12::R3.Corda due to validation error(s): clustered is not allowed on h2
?[m?[37m[INFO] 11:12:15,190 [Test worker] liquibase. - master.changelog.json: migration/vault-schema.changelog-pkey.xml::non-clustered_pk-13::R3.Corda: Skipping changeSet migration/vault-schema.changelog-pkey.xml::non-clustered_pk-13::R3.Corda due to validation error(s): clustered is not allowed on h2
?[m?[37m[INFO] 11:12:15,192 [Test worker] liquibase. - master.changelog.json: migration/node-core.changelog-pkey.xml::non-clustered_pk-1::R3.Corda: Skipping changeSet migration/node-core.changelog-pkey.xml::non-clustered_pk-1::R3.Corda due to validation error(s): clustered is not allowed on h2
?[m?[37m[INFO] 11:12:15,192 [Test worker] liquibase. - master.changelog.json: migration/node-core.changelog-pkey.xml::non-clustered_pk-2::R3.Corda: Skipping changeSet migration/node-core.changelog-pkey.xml::non-clustered_pk-2::R3.Corda due to validation error(s): clustered is not allowed on h2
?[m?[37m[INFO] 11:12:15,192 [Test worker] liquibase. - master.changelog.json: migration/node-core.changelog-pkey.xml::non-clustered_pk-3::R3.Corda: Skipping changeSet migration/node-core.changelog-pkey.xml::non-clustered_pk-3::R3.Corda due to validation error(s): clustered is not allowed on h2
?[m?[37m[INFO] 11:12:15,192 [Test worker] liquibase. - master.changelog.json: migration/node-core.changelog-pkey.xml::non-clustered_pk-4::R3.Corda: Skipping changeSet migration/node-core.changelog-pkey.xml::non-clustered_pk-4::R3.Corda due to validation error(s): clustered is not allowed on h2
?[m?[37m[INFO] 11:12:15,193 [Test worker] liquibase. - master.changelog.json: migration/node-core.changelog-pkey.xml::non-clustered_pk-5::R3.Corda: Skipping changeSet migration/node-core.changelog-pkey.xml::non-clustered_pk-5::R3.Corda due to validation error(s): clustered is not allowed on h2
?[m?[37m[INFO] 11:12:15,193 [Test worker] liquibase. - master.changelog.json: migration/node-core.changelog-pkey.xml::non-clustered_pk-6::R3.Corda: Skipping changeSet migration/node-core.changelog-pkey.xml::non-clustered_pk-6::R3.Corda due to validation error(s): clustered is not allowed on h2
?[m?[37m[INFO] 11:12:15,193 [Test worker] liquibase. - master.changelog.json: migration/node-core.changelog-pkey.xml::non-clustered_pk-7::R3.Corda: Skipping changeSet migration/node-core.changelog-pkey.xml::non-clustered_pk-7::R3.Corda due to validation error(s): clustered is not allowed on h2
?[m?[37m[INFO] 11:12:15,193 [Test worker] liquibase. - master.changelog.json: migration/node-notary.changelog-pkey.xml::non-clustered_pk-notary_state::R3.Corda: Skipping changeSet migration/node-notary.changelog-pkey.xml::non-clustered_pk-notary_state::R3.Corda due to validation error(s): clustered is not allowed on h2
?[m?[37m[INFO] 11:12:15,194 [Test worker] liquibase. - master.changelog.json: migration/common.changelog-init.xml::1511451595465-1.1::R3.Corda: Sequence hibernate_sequence created
?[m?[37m[INFO] 11:12:15,194 [Test worker] liquibase. - master.changelog.json: migration/common.changelog-init.xml::1511451595465-1.1::R3.Corda: ChangeSet migration/common.changelog-init.xml::1511451595465-1.1::R3.Corda ran successfully in 0ms
?[m?[37m[INFO] 11:12:15,195 [Test worker] liquibase. - master.changelog.json: migration/vault-schema.changelog-init.xml::1511451595465-22::R3.Corda: Table vault_fungible_states created
?[m?[37m[INFO] 11:12:15,195 [Test worker] liquibase. - master.changelog.json: migration/vault-schema.changelog-init.xml::1511451595465-22::R3.Corda: ChangeSet migration/vault-schema.changelog-init.xml::1511451595465-22::R3.Corda ran successfully in 0ms
?[m?[37m[INFO] 11:12:15,196 [Test worker] liquibase. - master.changelog.json: migration/vault-schema.changelog-init.xml::1511451595465-23::R3.Corda: Table vault_fungible_states_parts created
?[m?[37m[INFO] 11:12:15,196 [Test worker] liquibase. - master.changelog.json: migration/vault-schema.changelog-init.xml::1511451595465-23::R3.Corda: ChangeSet migration/vault-schema.changelog-init.xml::1511451595465-23::R3.Corda ran successfully in 1ms
?[m?[37m[INFO] 11:12:15,196 [Test worker] liquibase. - master.changelog.json: migration/vault-schema.changelog-init.xml::1511451595465-24::R3.Corda: Table vault_linear_states created
?[m?[37m[INFO] 11:12:15,196 [Test worker] liquibase. - master.changelog.json: migration/vault-schema.changelog-init.xml::1511451595465-24::R3.Corda: ChangeSet migration/vault-schema.changelog-init.xml::1511451595465-24::R3.Corda ran successfully in 0ms
?[m?[37m[INFO] 11:12:15,197 [Test worker] liquibase. - master.changelog.json: migration/vault-schema.changelog-init.xml::1511451595465-25::R3.Corda: Table vault_linear_states_parts created
?[m?[37m[INFO] 11:12:15,197 [Test worker] liquibase. - master.changelog.json: migration/vault-schema.changelog-init.xml::1511451595465-25::R3.Corda: ChangeSet migration/vault-schema.changelog-init.xml::1511451595465-25::R3.Corda ran successfully in 0ms
?[m?[37m[INFO] 11:12:15,198 [Test worker] liquibase. - master.changelog.json: migration/vault-schema.changelog-init.xml::1511451595465-26::R3.Corda: Table vault_states created
?[m?[37m[INFO] 11:12:15,198 [Test worker] liquibase. - master.changelog.json: migration/vault-schema.changelog-init.xml::1511451595465-26::R3.Corda: ChangeSet migration/vault-schema.changelog-init.xml::1511451595465-26::R3.Corda ran successfully in 1ms
?[m?[37m[INFO] 11:12:15,198 [Test worker] liquibase. - master.changelog.json: migration/vault-schema.changelog-init.xml::1511451595465-27::R3.Corda: Table vault_transaction_notes created
?[m?[37m[INFO] 11:12:15,198 [Test worker] liquibase. - master.changelog.json: migration/vault-schema.changelog-init.xml::1511451595465-27::R3.Corda: ChangeSet migration/vault-schema.changelog-init.xml::1511451595465-27::R3.Corda ran successfully in 0ms
?[m?[37m[INFO] 11:12:15,199 [Test worker] liquibase. - master.changelog.json: migration/vault-schema.changelog-init.xml::1511451595465-47::R3.Corda: Primary key added to vault_fungible_states (output_index, transaction_id)
?[m?[37m[INFO] 11:12:15,199 [Test worker] liquibase. - master.changelog.json: migration/vault-schema.changelog-init.xml::1511451595465-47::R3.Corda: ChangeSet migration/vault-schema.changelog-init.xml::1511451595465-47::R3.Corda ran successfully in 0ms
?[m?[37m[INFO] 11:12:15,199 [Test worker] liquibase. - master.changelog.json: migration/vault-schema.changelog-init.xml::1511451595465-48::R3.Corda: Primary key added to vault_linear_states (output_index, transaction_id)
?[m?[37m[INFO] 11:12:15,199 [Test worker] liquibase. - master.changelog.json: migration/vault-schema.changelog-init.xml::1511451595465-48::R3.Corda: ChangeSet migration/vault-schema.changelog-init.xml::1511451595465-48::R3.Corda ran successfully in 0ms
?[m?[37m[INFO] 11:12:15,200 [Test worker] liquibase. - master.changelog.json: migration/vault-schema.changelog-init.xml::1511451595465-49::R3.Corda: Primary key added to vault_states (output_index, transaction_id)
?[m?[37m[INFO] 11:12:15,200 [Test worker] liquibase. - master.changelog.json: migration/vault-schema.changelog-init.xml::1511451595465-49::R3.Corda: ChangeSet migration/vault-schema.changelog-init.xml::1511451595465-49::R3.Corda ran successfully in 0ms
?[m?[37m[INFO] 11:12:15,201 [Test worker] liquibase. - master.changelog.json: migration/vault-schema.changelog-init.xml::1511451595465-50::R3.Corda: Primary key added to vault_transaction_notes (seq_no)
?[m?[37m[INFO] 11:12:15,201 [Test worker] liquibase. - master.changelog.json: migration/vault-schema.changelog-init.xml::1511451595465-50::R3.Corda: ChangeSet migration/vault-schema.changelog-init.xml::1511451595465-50::R3.Corda ran successfully in 0ms
?[m?[37m[INFO] 11:12:15,201 [Test worker] liquibase. - master.changelog.json: migration/vault-schema.changelog-init.xml::1511451595465-53::R3.Corda: Index external_id_index created
?[m?[37m[INFO] 11:12:15,201 [Test worker] liquibase. - master.changelog.json: migration/vault-schema.changelog-init.xml::1511451595465-53::R3.Corda: ChangeSet migration/vault-schema.changelog-init.xml::1511451595465-53::R3.Corda ran successfully in 0ms
?[m?[37m[INFO] 11:12:15,202 [Test worker] liquibase. - master.changelog.json: migration/vault-schema.changelog-init.xml::1511451595465-55::R3.Corda: Index lock_id_idx created
?[m?[37m[INFO] 11:12:15,202 [Test worker] liquibase. - master.changelog.json: migration/vault-schema.changelog-init.xml::1511451595465-55::R3.Corda: ChangeSet migration/vault-schema.changelog-init.xml::1511451595465-55::R3.Corda ran successfully in 0ms
?[m?[37m[INFO] 11:12:15,202 [Test worker] liquibase. - master.changelog.json: migration/vault-schema.changelog-init.xml::1511451595465-58::R3.Corda: Index state_status_idx created
?[m?[37m[INFO] 11:12:15,202 [Test worker] liquibase. - master.changelog.json: migration/vault-schema.changelog-init.xml::1511451595465-58::R3.Corda: ChangeSet migration/vault-schema.changelog-init.xml::1511451595465-58::R3.Corda ran successfully in 0ms
?[m?[37m[INFO] 11:12:15,202 [Test worker] liquibase. - master.changelog.json: migration/vault-schema.changelog-init.xml::1511451595465-59::R3.Corda: Index transaction_id_index created
?[m?[37m[INFO] 11:12:15,202 [Test worker] liquibase. - master.changelog.json: migration/vault-schema.changelog-init.xml::1511451595465-59::R3.Corda: ChangeSet migration/vault-schema.changelog-init.xml::1511451595465-59::R3.Corda ran successfully in 0ms
?[m?[37m[INFO] 11:12:15,203 [Test worker] liquibase. - master.changelog.json: migration/vault-schema.changelog-init.xml::1511451595465-60::R3.Corda: Index uuid_index created
?[m?[37m[INFO] 11:12:15,203 [Test worker] liquibase. - master.changelog.json: migration/vault-schema.changelog-init.xml::1511451595465-60::R3.Corda: ChangeSet migration/vault-schema.changelog-init.xml::1511451595465-60::R3.Corda ran successfully in 0ms
?[m?[37m[INFO] 11:12:15,204 [Test worker] liquibase. - master.changelog.json: migration/vault-schema.changelog-init.xml::1511451595465-64::R3.Corda: Foreign key constraint added to vault_fungible_states_parts (output_index,transaction_id)
?[m?[37m[INFO] 11:12:15,204 [Test worker] liquibase. - master.changelog.json: migration/vault-schema.changelog-init.xml::1511451595465-64::R3.Corda: ChangeSet migration/vault-schema.changelog-init.xml::1511451595465-64::R3.Corda ran successfully in 1ms
?[m?[37m[INFO] 11:12:15,204 [Test worker] liquibase. - master.changelog.json: migration/vault-schema.changelog-init.xml::1511451595465-65::R3.Corda: Foreign key constraint added to vault_linear_states_parts (output_index,transaction_id)
?[m?[37m[INFO] 11:12:15,204 [Test worker] liquibase. - master.changelog.json: migration/vault-schema.changelog-init.xml::1511451595465-65::R3.Corda: ChangeSet migration/vault-schema.changelog-init.xml::1511451595465-65::R3.Corda ran successfully in 0ms
?[m?[37m[INFO] 11:12:15,205 [Test worker] liquibase. - master.changelog.json: migration/vault-schema.changelog-v3.xml::clean_vault::R3.Corda: Data deleted from vault_fungible_states_parts
?[m?[37m[INFO] 11:12:15,205 [Test worker] liquibase. - master.changelog.json: migration/vault-schema.changelog-v3.xml::clean_vault::R3.Corda: Data deleted from vault_fungible_states
?[m?[37m[INFO] 11:12:15,205 [Test worker] liquibase. - master.changelog.json: migration/vault-schema.changelog-v3.xml::clean_vault::R3.Corda: Data deleted from vault_linear_states_parts
?[m?[37m[INFO] 11:12:15,205 [Test worker] liquibase. - master.changelog.json: migration/vault-schema.changelog-v3.xml::clean_vault::R3.Corda: Data deleted from vault_linear_states
?[m?[37m[INFO] 11:12:15,205 [Test worker] liquibase. - master.changelog.json: migration/vault-schema.changelog-v3.xml::clean_vault::R3.Corda: Data deleted from vault_states
?[m?[37m[INFO] 11:12:15,205 [Test worker] liquibase. - master.changelog.json: migration/vault-schema.changelog-v3.xml::clean_vault::R3.Corda: Data deleted from vault_transaction_notes
?[m?[37m[INFO] 11:12:15,205 [Test worker] liquibase. - master.changelog.json: migration/vault-schema.changelog-v3.xml::clean_vault::R3.Corda: ChangeSet migration/vault-schema.changelog-v3.xml::clean_vault::R3.Corda ran successfully in 0ms
?[m?[37m[INFO] 11:12:15,206 [Test worker] liquibase. - master.changelog.json: migration/vault-schema.changelog-v4.xml::nullability::R3.Corda: Null constraint has been added to vault_fungible_states.quantity
?[m?[37m[INFO] 11:12:15,206 [Test worker] liquibase. - master.changelog.json: migration/vault-schema.changelog-v4.xml::nullability::R3.Corda: Null constraint has been added to vault_states.contract_state_class_name
?[m?[37m[INFO] 11:12:15,206 [Test worker] liquibase. - master.changelog.json: migration/vault-schema.changelog-v4.xml::nullability::R3.Corda: Null constraint has been added to vault_states.notary_name
?[m?[37m[INFO] 11:12:15,206 [Test worker] liquibase. - master.changelog.json: migration/vault-schema.changelog-v4.xml::nullability::R3.Corda: Null constraint has been added to vault_states.recorded_timestamp
?[m?[37m[INFO] 11:12:15,206 [Test worker] liquibase. - master.changelog.json: migration/vault-schema.changelog-v4.xml::nullability::R3.Corda: Index state_status_idx dropped from table vault_states
?[m?[37m[INFO] 11:12:15,206 [Test worker] liquibase. - master.changelog.json: migration/vault-schema.changelog-v4.xml::nullability::R3.Corda: Index lock_id_idx dropped from table vault_states
?[m?[37m[INFO] 11:12:15,206 [Test worker] liquibase. - master.changelog.json: migration/vault-schema.changelog-v4.xml::nullability::R3.Corda: Null constraint has been added to vault_states.state_status
?[m?[37m[INFO] 11:12:15,206 [Test worker] liquibase. - master.changelog.json: migration/vault-schema.changelog-v4.xml::nullability::R3.Corda: Index state_status_idx created
?[m?[37m[INFO] 11:12:15,207 [Test worker] liquibase. - master.changelog.json: migration/vault-schema.changelog-v4.xml::nullability::R3.Corda: Index lock_id_idx created
?[m?[37m[INFO] 11:12:15,207 [Test worker] liquibase. - master.changelog.json: migration/vault-schema.changelog-v4.xml::nullability::R3.Corda: Index transaction_id_index dropped from table vault_transaction_notes
?[m?[37m[INFO] 11:12:15,207 [Test worker] liquibase. - master.changelog.json: migration/vault-schema.changelog-v4.xml::nullability::R3.Corda: Null constraint has been added to vault_transaction_notes.note
?[m?[37m[INFO] 11:12:15,207 [Test worker] liquibase. - master.changelog.json: migration/vault-schema.changelog-v4.xml::nullability::R3.Corda: Null constraint has been added to vault_transaction_notes.transaction_id
?[m?[37m[INFO] 11:12:15,207 [Test worker] liquibase. - master.changelog.json: migration/vault-schema.changelog-v4.xml::nullability::R3.Corda: Index transaction_id_index created
?[m?[37m[INFO] 11:12:15,207 [Test worker] liquibase. - master.changelog.json: migration/vault-schema.changelog-v4.xml::nullability::R3.Corda: ChangeSet migration/vault-schema.changelog-v4.xml::nullability::R3.Corda ran successfully in 1ms
?[m?[37m[INFO] 11:12:15,211 [Test worker] liquibase. - master.changelog.json: migration/vault-schema.changelog-v5.xml::add_relevancy_status_column::R3.Corda: Columns relevancy_status(INT) added to vault_states
?[m?[37m[INFO] 11:12:15,211 [Test worker] liquibase. - master.changelog.json: migration/vault-schema.changelog-v5.xml::add_relevancy_status_column::R3.Corda: Data updated in vault_states
?[m?[37m[INFO] 11:12:15,211 [Test worker] liquibase. - master.changelog.json: migration/vault-schema.changelog-v5.xml::add_relevancy_status_column::R3.Corda: Null constraint has been added to vault_states.relevancy_status
?[m?[37m[INFO] 11:12:15,211 [Test worker] liquibase. - master.changelog.json: migration/vault-schema.changelog-v5.xml::add_relevancy_status_column::R3.Corda: ChangeSet migration/vault-schema.changelog-v5.xml::add_relevancy_status_column::R3.Corda ran successfully in 1ms
?[m?[37m[INFO] 11:12:15,213 [Test worker] liquibase. - master.changelog.json: migration/vault-schema.changelog-v6.xml::add_is_constraint_information_columns::R3.Corda: Columns constraint_type(INT) added to vault_states
?[m?[37m[INFO] 11:12:15,214 [Test worker] liquibase. - master.changelog.json: migration/vault-schema.changelog-v6.xml::add_is_constraint_information_columns::R3.Corda: Columns constraint_data(varbinary(563)) added to vault_states
?[m?[37m[INFO] 11:12:15,214 [Test worker] liquibase. - master.changelog.json: migration/vault-schema.changelog-v6.xml::add_is_constraint_information_columns::R3.Corda: ChangeSet migration/vault-schema.changelog-v6.xml::add_is_constraint_information_columns::R3.Corda ran successfully in 2ms
?[m?[37m[INFO] 11:12:15,214 [Test worker] liquibase. - master.changelog.json: migration/vault-schema.changelog-v7.xml::make_issuer_ref_nullable::R3.Corda: Null constraint dropped from vault_fungible_states.issuer_ref
?[m?[37m[INFO] 11:12:15,214 [Test worker] liquibase. - master.changelog.json: migration/vault-schema.changelog-v7.xml::make_issuer_ref_nullable::R3.Corda: ChangeSet migration/vault-schema.changelog-v7.xml::make_issuer_ref_nullable::R3.Corda ran successfully in 0ms
?[m?[37m[INFO] 11:12:15,215 [Test worker] liquibase. - master.changelog.json: migration/vault-schema.changelog-v8.xml::create-external-id-to-state-party-view::R3.Corda: Table state_party created
?[m?[37m[INFO] 11:12:15,215 [Test worker] liquibase. - master.changelog.json: migration/vault-schema.changelog-v8.xml::create-external-id-to-state-party-view::R3.Corda: Index state_pk_hash_idx created
?[m?[37m[INFO] 11:12:15,215 [Test worker] liquibase. - master.changelog.json: migration/vault-schema.changelog-v8.xml::create-external-id-to-state-party-view::R3.Corda: Table pk_hash_to_ext_id_map created
?[m?[37m[INFO] 11:12:15,215 [Test worker] liquibase. - master.changelog.json: migration/vault-schema.changelog-v8.xml::create-external-id-to-state-party-view::R3.Corda: Index pk_hash_to_xid_idx created
?[m?[37m[INFO] 11:12:15,216 [Test worker] liquibase. - master.changelog.json: migration/vault-schema.changelog-v8.xml::create-external-id-to-state-party-view::R3.Corda: View v_pkey_hash_ex_id_map created
?[m?[37m[INFO] 11:12:15,216 [Test worker] liquibase. - master.changelog.json: migration/vault-schema.changelog-v8.xml::create-external-id-to-state-party-view::R3.Corda: ChangeSet migration/vault-schema.changelog-v8.xml::create-external-id-to-state-party-view::R3.Corda ran successfully in 1ms
?[m?[37m[INFO] 11:12:15,217 [Test worker] liquibase. - master.changelog.json: migration/node-info.changelog-init.xml::1511451595465-4::R3.Corda: Table node_link_nodeinfo_party created
?[m?[37m[INFO] 11:12:15,217 [Test worker] liquibase. - master.changelog.json: migration/node-info.changelog-init.xml::1511451595465-4::R3.Corda: ChangeSet migration/node-info.changelog-init.xml::1511451595465-4::R3.Corda ran successfully in 1ms
?[m?[37m[INFO] 11:12:15,217 [Test worker] liquibase. - master.changelog.json: migration/node-info.changelog-init.xml::1511451595465-10::R3.Corda: Table node_info_hosts created
?[m?[37m[INFO] 11:12:15,217 [Test worker] liquibase. - master.changelog.json: migration/node-info.changelog-init.xml::1511451595465-10::R3.Corda: ChangeSet migration/node-info.changelog-init.xml::1511451595465-10::R3.Corda ran successfully in 0ms
?[m?[37m[INFO] 11:12:15,218 [Test worker] liquibase. - master.changelog.json: migration/node-info.changelog-init.xml::1511451595465-11::R3.Corda: Table node_info_party_cert created
?[m?[37m[INFO] 11:12:15,218 [Test worker] liquibase. - master.changelog.json: migration/node-info.changelog-init.xml::1511451595465-11::R3.Corda: ChangeSet migration/node-info.changelog-init.xml::1511451595465-11::R3.Corda ran successfully in 0ms
?[m?[37m[INFO] 11:12:15,219 [Test worker] liquibase. - master.changelog.json: migration/node-info.changelog-init.xml::1511451595465-12::R3.Corda: Table node_infos created
?[m?[37m[INFO] 11:12:15,219 [Test worker] liquibase. - master.changelog.json: migration/node-info.changelog-init.xml::1511451595465-12::R3.Corda: ChangeSet migration/node-info.changelog-init.xml::1511451595465-12::R3.Corda ran successfully in 1ms
?[m?[37m[INFO] 11:12:15,219 [Test worker] liquibase. - master.changelog.json: migration/node-info.changelog-init.xml::1511451595465-35::R3.Corda: Primary key added to node_info_hosts (host, port)
?[m?[37m[INFO] 11:12:15,219 [Test worker] liquibase. - master.changelog.json: migration/node-info.changelog-init.xml::1511451595465-35::R3.Corda: ChangeSet migration/node-info.changelog-init.xml::1511451595465-35::R3.Corda ran successfully in 0ms
?[m?[37m[INFO] 11:12:15,220 [Test worker] liquibase. - master.changelog.json: migration/node-info.changelog-init.xml::1511451595465-36::R3.Corda: Primary key added to node_info_party_cert (party_name)
?[m?[37m[INFO] 11:12:15,220 [Test worker] liquibase. - master.changelog.json: migration/node-info.changelog-init.xml::1511451595465-36::R3.Corda: ChangeSet migration/node-info.changelog-init.xml::1511451595465-36::R3.Corda ran successfully in 0ms
?[m?[37m[INFO] 11:12:15,220 [Test worker] liquibase. - master.changelog.json: migration/node-info.changelog-init.xml::1511451595465-37::R3.Corda: Primary key added to node_infos (node_info_id)
?[m?[37m[INFO] 11:12:15,220 [Test worker] liquibase. - master.changelog.json: migration/node-info.changelog-init.xml::1511451595465-37::R3.Corda: ChangeSet migration/node-info.changelog-init.xml::1511451595465-37::R3.Corda ran successfully in 0ms
?[m?[37m[INFO] 11:12:15,221 [Test worker] liquibase. - master.changelog.json: migration/node-info.changelog-init.xml::1511451595465-62::R3.Corda: Foreign key constraint added to node_link_nodeinfo_party (node_info_id)
?[m?[37m[INFO] 11:12:15,221 [Test worker] liquibase. - master.changelog.json: migration/node-info.changelog-init.xml::1511451595465-62::R3.Corda: ChangeSet migration/node-info.changelog-init.xml::1511451595465-62::R3.Corda ran successfully in 0ms
?[m?[37m[INFO] 11:12:15,222 [Test worker] liquibase. - master.changelog.json: migration/node-info.changelog-init.xml::1511451595465-63::R3.Corda: Foreign key constraint added to node_info_hosts (node_info_id)
?[m?[37m[INFO] 11:12:15,222 [Test worker] liquibase. - master.changelog.json: migration/node-info.changelog-init.xml::1511451595465-63::R3.Corda: ChangeSet migration/node-info.changelog-init.xml::1511451595465-63::R3.Corda ran successfully in 1ms
?[m?[37m[INFO] 11:12:15,222 [Test worker] liquibase. - master.changelog.json: migration/node-info.changelog-init.xml::remove_host_port_pk::R3.Corda: Data deleted from node_infos
?[m?[37m[INFO] 11:12:15,222 [Test worker] liquibase. - master.changelog.json: migration/node-info.changelog-init.xml::remove_host_port_pk::R3.Corda: Data deleted from node_link_nodeinfo_party
?[m?[37m[INFO] 11:12:15,223 [Test worker] liquibase. - master.changelog.json: migration/node-info.changelog-init.xml::remove_host_port_pk::R3.Corda: Data deleted from node_info_hosts
?[m?[37m[INFO] 11:12:15,223 [Test worker] liquibase. - master.changelog.json: migration/node-info.changelog-init.xml::remove_host_port_pk::R3.Corda: Data deleted from node_info_party_cert
?[m?[37m[INFO] 11:12:15,223 [Test worker] liquibase. - master.changelog.json: migration/node-info.changelog-init.xml::remove_host_port_pk::R3.Corda: Primary key dropped from node_info_hosts
?[m?[37m[INFO] 11:12:15,223 [Test worker] liquibase. - master.changelog.json: migration/node-info.changelog-init.xml::remove_host_port_pk::R3.Corda: Columns hosts_id(INT) added to node_info_hosts
?[m?[37m[INFO] 11:12:15,223 [Test worker] liquibase. - master.changelog.json: migration/node-info.changelog-init.xml::remove_host_port_pk::R3.Corda: Primary key added to node_info_hosts (hosts_id)
?[m?[37m[INFO] 11:12:15,223 [Test worker] liquibase. - master.changelog.json: migration/node-info.changelog-init.xml::remove_host_port_pk::R3.Corda: ChangeSet migration/node-info.changelog-init.xml::remove_host_port_pk::R3.Corda ran successfully in 1ms
?[m?[37m[INFO] 11:12:15,224 [Test worker] liquibase. - master.changelog.json: migration/node-info.changelog-v1.xml::key/value node properties table::R3.Corda: Table node_properties created
?[m?[37m[INFO] 11:12:15,224 [Test worker] liquibase. - master.changelog.json: migration/node-info.changelog-v1.xml::key/value node properties table::R3.Corda: ChangeSet migration/node-info.changelog-v1.xml::key/value node properties table::R3.Corda ran successfully in 0ms
?[m?[37m[INFO] 11:12:15,225 [Test worker] liquibase. - master.changelog.json: migration/node-info.changelog-v2.xml::1525962920::R3.Corda: Null constraint has been added to node_infos.node_info_hash
?[m?[37m[INFO] 11:12:15,225 [Test worker] liquibase. - master.changelog.json: migration/node-info.changelog-v2.xml::1525962920::R3.Corda: Null constraint has been added to node_infos.platform_version
?[m?[37m[INFO] 11:12:15,225 [Test worker] liquibase. - master.changelog.json: migration/node-info.changelog-v2.xml::1525962920::R3.Corda: Null constraint has been added to node_infos.serial
?[m?[37m[INFO] 11:12:15,225 [Test worker] liquibase. - master.changelog.json: migration/node-info.changelog-v2.xml::1525962920::R3.Corda: Null constraint dropped from node_info_hosts.host
?[m?[37m[INFO] 11:12:15,225 [Test worker] liquibase. - master.changelog.json: migration/node-info.changelog-v2.xml::1525962920::R3.Corda: Null constraint dropped from node_info_hosts.port
?[m?[37m[INFO] 11:12:15,225 [Test worker] liquibase. - master.changelog.json: migration/node-info.changelog-v2.xml::1525962920::R3.Corda: Null constraint has been added to node_info_party_cert.owning_key_hash
?[m?[37m[INFO] 11:12:15,225 [Test worker] liquibase. - master.changelog.json: migration/node-info.changelog-v2.xml::1525962920::R3.Corda: Null constraint has been added to node_info_party_cert.party_cert_binary
?[m?[37m[INFO] 11:12:15,225 [Test worker] liquibase. - master.changelog.json: migration/node-info.changelog-v2.xml::1525962920::R3.Corda: ChangeSet migration/node-info.changelog-v2.xml::1525962920::R3.Corda ran successfully in 0ms
?[m?[37m[INFO] 11:12:15,226 [Test worker] liquibase. - master.changelog.json: migration/node-info.changelog-v3.xml::column_host_name::R3.Corda: Column node_info_hosts.host renamed to host_name
?[m?[37m[INFO] 11:12:15,226 [Test worker] liquibase. - master.changelog.json: migration/node-info.changelog-v3.xml::column_host_name::R3.Corda: ChangeSet migration/node-info.changelog-v3.xml::column_host_name::R3.Corda ran successfully in 0ms
?[m?[37m[INFO] 11:12:15,227 [Test worker] liquibase. - master.changelog.json: migration/node-services.changelog-init.xml::1511451595465-5::R3.Corda: Table node_attachments created
?[m?[37m[INFO] 11:12:15,227 [Test worker] liquibase. - master.changelog.json: migration/node-services.changelog-init.xml::1511451595465-5::R3.Corda: ChangeSet migration/node-services.changelog-init.xml::1511451595465-5::R3.Corda ran successfully in 0ms
?[m?[37m[INFO] 11:12:15,228 [Test worker] liquibase. - master.changelog.json: migration/node-services.changelog-init.xml::1511451595465-7::R3.Corda: Table node_checkpoints created
?[m?[37m[INFO] 11:12:15,228 [Test worker] liquibase. - master.changelog.json: migration/node-services.changelog-init.xml::1511451595465-7::R3.Corda: ChangeSet migration/node-services.changelog-init.xml::1511451595465-7::R3.Corda ran successfully in 1ms
?[m?[37m[INFO] 11:12:15,228 [Test worker] liquibase. - master.changelog.json: migration/node-services.changelog-init.xml::1511451595465-8::R3.Corda: Table node_contract_upgrades created
?[m?[37m[INFO] 11:12:15,228 [Test worker] liquibase. - master.changelog.json: migration/node-services.changelog-init.xml::1511451595465-8::R3.Corda: ChangeSet migration/node-services.changelog-init.xml::1511451595465-8::R3.Corda ran successfully in 0ms
?[m?[37m[INFO] 11:12:15,229 [Test worker] liquibase. - master.changelog.json: migration/node-services.changelog-init.xml::1511451595465-9::R3.Corda: Table node_identities created
?[m?[37m[INFO] 11:12:15,229 [Test worker] liquibase. - master.changelog.json: migration/node-services.changelog-init.xml::1511451595465-9::R3.Corda: ChangeSet migration/node-services.changelog-init.xml::1511451595465-9::R3.Corda ran successfully in 0ms
?[m?[37m[INFO] 11:12:15,230 [Test worker] liquibase. - master.changelog.json: migration/node-services.changelog-init.xml::1511451595465-13::R3.Corda: Table node_message_ids created
?[m?[37m[INFO] 11:12:15,230 [Test worker] liquibase. - master.changelog.json: migration/node-services.changelog-init.xml::1511451595465-13::R3.Corda: ChangeSet migration/node-services.changelog-init.xml::1511451595465-13::R3.Corda ran successfully in 0ms
?[m?[37m[INFO] 11:12:15,231 [Test worker] liquibase. - master.changelog.json: migration/node-services.changelog-init.xml::1511451595465-14::R3.Corda: Table node_message_retry created
?[m?[37m[INFO] 11:12:15,231 [Test worker] liquibase. - master.changelog.json: migration/node-services.changelog-init.xml::1511451595465-14::R3.Corda: ChangeSet migration/node-services.changelog-init.xml::1511451595465-14::R3.Corda ran successfully in 1ms
?[m?[37m[INFO] 11:12:15,231 [Test worker] liquibase. - master.changelog.json: migration/node-services.changelog-init.xml::1511451595465-15::R3.Corda: Table node_named_identities created
?[m?[37m[INFO] 11:12:15,231 [Test worker] liquibase. - master.changelog.json: migration/node-services.changelog-init.xml::1511451595465-15::R3.Corda: ChangeSet migration/node-services.changelog-init.xml::1511451595465-15::R3.Corda ran successfully in 0ms
?[m?[37m[INFO] 11:12:15,232 [Test worker] liquibase. - master.changelog.json: migration/node-services.changelog-init.xml::1511451595465-17::R3.Corda: Table node_our_key_pairs created
?[m?[37m[INFO] 11:12:15,232 [Test worker] liquibase. - master.changelog.json: migration/node-services.changelog-init.xml::1511451595465-17::R3.Corda: ChangeSet migration/node-services.changelog-init.xml::1511451595465-17::R3.Corda ran successfully in 0ms
?[m?[37m[INFO] 11:12:15,233 [Test worker] liquibase. - master.changelog.json: migration/node-services.changelog-init.xml::1511451595465-19::R3.Corda: Table node_scheduled_states created
?[m?[37m[INFO] 11:12:15,233 [Test worker] liquibase. - master.changelog.json: migration/node-services.changelog-init.xml::1511451595465-19::R3.Corda: ChangeSet migration/node-services.changelog-init.xml::1511451595465-19::R3.Corda ran successfully in 1ms
?[m?[37m[INFO] 11:12:15,233 [Test worker] liquibase. - master.changelog.json: migration/node-services.changelog-init.xml::1511451595465-20::R3.Corda: Table node_transaction_mappings created
?[m?[37m[INFO] 11:12:15,233 [Test worker] liquibase. - master.changelog.json: migration/node-services.changelog-init.xml::1511451595465-20::R3.Corda: ChangeSet migration/node-services.changelog-init.xml::1511451595465-20::R3.Corda ran successfully in 0ms
?[m?[37m[INFO] 11:12:15,234 [Test worker] liquibase. - master.changelog.json: migration/node-services.changelog-init.xml::1511451595465-21::R3.Corda: Table node_transactions created
?[m?[37m[INFO] 11:12:15,234 [Test worker] liquibase. - master.changelog.json: migration/node-services.changelog-init.xml::1511451595465-21::R3.Corda: ChangeSet migration/node-services.changelog-init.xml::1511451595465-21::R3.Corda ran successfully in 0ms
?[m?[37m[INFO] 11:12:15,235 [Test worker] liquibase. - master.changelog.json: migration/node-services.changelog-init.xml::1511451595465-30::R3.Corda: Primary key added to node_attachments (att_id)
?[m?[37m[INFO] 11:12:15,235 [Test worker] liquibase. - master.changelog.json: migration/node-services.changelog-init.xml::1511451595465-30::R3.Corda: ChangeSet migration/node-services.changelog-init.xml::1511451595465-30::R3.Corda ran successfully in 0ms
?[m?[37m[INFO] 11:12:15,236 [Test worker] liquibase. - master.changelog.json: migration/node-services.changelog-init.xml::1511451595465-32::R3.Corda: Primary key added to node_checkpoints (checkpoint_id)
?[m?[37m[INFO] 11:12:15,236 [Test worker] liquibase. - master.changelog.json: migration/node-services.changelog-init.xml::1511451595465-32::R3.Corda: ChangeSet migration/node-services.changelog-init.xml::1511451595465-32::R3.Corda ran successfully in 1ms
?[m?[37m[INFO] 11:12:15,236 [Test worker] liquibase. - master.changelog.json: migration/node-services.changelog-init.xml::1511451595465-33::R3.Corda: Primary key added to node_contract_upgrades (state_ref)
?[m?[37m[INFO] 11:12:15,236 [Test worker] liquibase. - master.changelog.json: migration/node-services.changelog-init.xml::1511451595465-33::R3.Corda: ChangeSet migration/node-services.changelog-init.xml::1511451595465-33::R3.Corda ran successfully in 0ms
?[m?[37m[INFO] 11:12:15,237 [Test worker] liquibase. - master.changelog.json: migration/node-services.changelog-init.xml::1511451595465-34::R3.Corda: Primary key added to node_identities (pk_hash)
?[m?[37m[INFO] 11:12:15,237 [Test worker] liquibase. - master.changelog.json: migration/node-services.changelog-init.xml::1511451595465-34::R3.Corda: ChangeSet migration/node-services.changelog-init.xml::1511451595465-34::R3.Corda ran successfully in 0ms
?[m?[37m[INFO] 11:12:15,238 [Test worker] liquibase. - master.changelog.json: migration/node-services.changelog-init.xml::1511451595465-38::R3.Corda: Primary key added to node_message_ids (message_id)
?[m?[37m[INFO] 11:12:15,238 [Test worker] liquibase. - master.changelog.json: migration/node-services.changelog-init.xml::1511451595465-38::R3.Corda: ChangeSet migration/node-services.changelog-init.xml::1511451595465-38::R3.Corda ran successfully in 1ms
?[m?[37m[INFO] 11:12:15,238 [Test worker] liquibase. - master.changelog.json: migration/node-services.changelog-init.xml::1511451595465-39::R3.Corda: Primary key added to node_message_retry (message_id)
?[m?[37m[INFO] 11:12:15,238 [Test worker] liquibase. - master.changelog.json: migration/node-services.changelog-init.xml::1511451595465-39::R3.Corda: ChangeSet migration/node-services.changelog-init.xml::1511451595465-39::R3.Corda ran successfully in 0ms
?[m?[37m[INFO] 11:12:15,239 [Test worker] liquibase. - master.changelog.json: migration/node-services.changelog-init.xml::1511451595465-40::R3.Corda: Primary key added to node_named_identities (name)
?[m?[37m[INFO] 11:12:15,239 [Test worker] liquibase. - master.changelog.json: migration/node-services.changelog-init.xml::1511451595465-40::R3.Corda: ChangeSet migration/node-services.changelog-init.xml::1511451595465-40::R3.Corda ran successfully in 0ms
?[m?[37m[INFO] 11:12:15,240 [Test worker] liquibase. - master.changelog.json: migration/node-services.changelog-init.xml::1511451595465-42::R3.Corda: Primary key added to node_our_key_pairs (public_key_hash)
?[m?[37m[INFO] 11:12:15,240 [Test worker] liquibase. - master.changelog.json: migration/node-services.changelog-init.xml::1511451595465-42::R3.Corda: ChangeSet migration/node-services.changelog-init.xml::1511451595465-42::R3.Corda ran successfully in 0ms
?[m?[37m[INFO] 11:12:15,240 [Test worker] liquibase. - master.changelog.json: migration/node-services.changelog-init.xml::1511451595465-44::R3.Corda: Primary key added to node_scheduled_states (output_index, transaction_id)
?[m?[37m[INFO] 11:12:15,240 [Test worker] liquibase. - master.changelog.json: migration/node-services.changelog-init.xml::1511451595465-44::R3.Corda: ChangeSet migration/node-services.changelog-init.xml::1511451595465-44::R3.Corda ran successfully in 0ms
?[m?[37m[INFO] 11:12:15,241 [Test worker] liquibase. - master.changelog.json: migration/node-services.changelog-init.xml::1511451595465-45::R3.Corda: Primary key added to node_transaction_mappings (tx_id)
?[m?[37m[INFO] 11:12:15,241 [Test worker] liquibase. - master.changelog.json: migration/node-services.changelog-init.xml::1511451595465-45::R3.Corda: ChangeSet migration/node-services.changelog-init.xml::1511451595465-45::R3.Corda ran successfully in 0ms
?[m?[37m[INFO] 11:12:15,242 [Test worker] liquibase. - master.changelog.json: migration/node-services.changelog-init.xml::1511451595465-46::R3.Corda: Primary key added to node_transactions (tx_id)
?[m?[37m[INFO] 11:12:15,242 [Test worker] liquibase. - master.changelog.json: migration/node-services.changelog-init.xml::1511451595465-46::R3.Corda: ChangeSet migration/node-services.changelog-init.xml::1511451595465-46::R3.Corda ran successfully in 0ms
?[m?[37m[INFO] 11:12:15,243 [Test worker] liquibase. - master.changelog.json: migration/node-services.changelog-init.xml::1511451595465-61::R3.Corda: Foreign key constraint added to node_link_nodeinfo_party (party_name)
?[m?[37m[INFO] 11:12:15,243 [Test worker] liquibase. - master.changelog.json: migration/node-services.changelog-init.xml::1511451595465-61::R3.Corda: ChangeSet migration/node-services.changelog-init.xml::1511451595465-61::R3.Corda ran successfully in 1ms
?[m?[37m[INFO] 11:12:15,244 [Test worker] liquibase. - master.changelog.json: migration/node-services.changelog-init.xml::add index att_id::R3.Corda: Index att_id_idx created
?[m?[37m[INFO] 11:12:15,244 [Test worker] liquibase. - master.changelog.json: migration/node-services.changelog-init.xml::add index att_id::R3.Corda: ChangeSet migration/node-services.changelog-init.xml::add index att_id::R3.Corda ran successfully in 0ms
?[m?[37m[INFO] 11:12:15,245 [Test worker] liquibase. - master.changelog.json: migration/node-services.changelog-init.xml::add_contract_attachment::R3.Corda: Table node_attchments_contracts created
?[m?[37m[INFO] 11:12:15,245 [Test worker] liquibase. - master.changelog.json: migration/node-services.changelog-init.xml::add_contract_attachment::R3.Corda: Foreign key constraint added to node_attchments_contracts (att_id)
?[m?[37m[INFO] 11:12:15,245 [Test worker] liquibase. - master.changelog.json: migration/node-services.changelog-init.xml::add_contract_attachment::R3.Corda: Data deleted from node_attachments
?[m?[37m[INFO] 11:12:15,245 [Test worker] liquibase. - master.changelog.json: migration/node-services.changelog-init.xml::add_contract_attachment::R3.Corda: ChangeSet migration/node-services.changelog-init.xml::add_contract_attachment::R3.Corda ran successfully in 1ms
?[m?[37m[INFO] 11:12:15,247 [Test worker] liquibase. - master.changelog.json: migration/node-services.changelog-init.xml::add_dedup_columns::R3.Corda: Columns sender(NVARCHAR(64)),sequence_number(BIGINT) added to node_message_ids
?[m?[37m[INFO] 11:12:15,247 [Test worker] liquibase. - master.changelog.json: migration/node-services.changelog-init.xml::add_dedup_columns::R3.Corda: ChangeSet migration/node-services.changelog-init.xml::add_dedup_columns::R3.Corda ran successfully in 1ms
?[m?[37m[INFO] 11:12:15,248 [Test worker] liquibase. - master.changelog.json: migration/node-core.changelog-v4.xml::attchments_rename::R3.Corda: Table node_attchments_contracts renamed to node_attachments_contracts
?[m?[37m[INFO] 11:12:15,248 [Test worker] liquibase. - master.changelog.json: migration/node-core.changelog-v4.xml::attchments_rename::R3.Corda: ChangeSet migration/node-core.changelog-v4.xml::attchments_rename::R3.Corda ran successfully in 0ms
?[m?[37m[INFO] 11:12:15,249 [Test worker] liquibase. - master.changelog.json: migration/node-core.changelog-v4.xml::nullability::R3.Corda: Null constraint has been added to node_identities.identity_value
?[m?[37m[INFO] 11:12:15,249 [Test worker] liquibase. - master.changelog.json: migration/node-core.changelog-v4.xml::nullability::R3.Corda: Null constraint has been added to node_attachments.content
?[m?[37m[INFO] 11:12:15,249 [Test worker] liquibase. - master.changelog.json: migration/node-core.changelog-v4.xml::nullability::R3.Corda: Null constraint has been added to node_attachments_contracts.contract_class_name
?[m?[37m[INFO] 11:12:15,249 [Test worker] liquibase. - master.changelog.json: migration/node-core.changelog-v4.xml::nullability::R3.Corda: Null constraint has been added to node_checkpoints.checkpoint_value
?[m?[37m[INFO] 11:12:15,249 [Test worker] liquibase. - master.changelog.json: migration/node-core.changelog-v4.xml::nullability::R3.Corda: Null constraint has been added to node_contract_upgrades.contract_class_name
?[m?[37m[INFO] 11:12:15,249 [Test worker] liquibase. - master.changelog.json: migration/node-core.changelog-v4.xml::nullability::R3.Corda: Null constraint has been added to node_message_ids.insertion_time
?[m?[37m[INFO] 11:12:15,249 [Test worker] liquibase. - master.changelog.json: migration/node-core.changelog-v4.xml::nullability::R3.Corda: Null constraint has been added to node_message_retry.message
?[m?[37m[INFO] 11:12:15,249 [Test worker] liquibase. - master.changelog.json: migration/node-core.changelog-v4.xml::nullability::R3.Corda: Null constraint has been added to node_message_retry.recipients
?[m?[37m[INFO] 11:12:15,249 [Test worker] liquibase. - master.changelog.json: migration/node-core.changelog-v4.xml::nullability::R3.Corda: Null constraint has been added to node_named_identities.pk_hash
?[m?[37m[INFO] 11:12:15,249 [Test worker] liquibase. - master.changelog.json: migration/node-core.changelog-v4.xml::nullability::R3.Corda: Null constraint has been added to node_our_key_pairs.private_key
?[m?[37m[INFO] 11:12:15,250 [Test worker] liquibase. - master.changelog.json: migration/node-core.changelog-v4.xml::nullability::R3.Corda: Null constraint has been added to node_our_key_pairs.public_key
?[m?[37m[INFO] 11:12:15,250 [Test worker] liquibase. - master.changelog.json: migration/node-core.changelog-v4.xml::nullability::R3.Corda: Null constraint has been added to node_transaction_mappings.state_machine_run_id
?[m?[37m[INFO] 11:12:15,250 [Test worker] liquibase. - master.changelog.json: migration/node-core.changelog-v4.xml::nullability::R3.Corda: Null constraint has been added to node_transactions.transaction_value
?[m?[37m[INFO] 11:12:15,250 [Test worker] liquibase. - master.changelog.json: migration/node-core.changelog-v4.xml::nullability::R3.Corda: ChangeSet migration/node-core.changelog-v4.xml::nullability::R3.Corda ran successfully in 2ms
?[m?[37m[INFO] 11:12:15,251 [Test worker] liquibase. - master.changelog.json: migration/node-core.changelog-v5.xml::remove_unused_node_message_retry::R3.Corda: Table node_message_retry dropped
?[m?[37m[INFO] 11:12:15,251 [Test worker] liquibase. - master.changelog.json: migration/node-core.changelog-v5.xml::remove_unused_node_message_retry::R3.Corda: ChangeSet migration/node-core.changelog-v5.xml::remove_unused_node_message_retry::R3.Corda ran successfully in 0ms
?[m?[37m[INFO] 11:12:15,262 [Test worker] liquibase. - master.changelog.json: migration/node-core.changelog-v8.xml::conditional_attchments_rename::R3.Corda: Marking ChangeSet: migration/node-core.changelog-v8.xml::conditional_attchments_rename::R3.Corda ran despite precondition failure due to onFail='MARK_RAN': 
          master.changelog.json : Table PUBLIC.NODE_ATTCHMENTS_CONTRACTS does not exist

?[m?[37m[INFO] 11:12:15,267 [Test worker] liquibase. - master.changelog.json: migration/node-core.changelog-v8.xml::conditional_attchments_contracts::R3.Corda: Marking ChangeSet: migration/node-core.changelog-v8.xml::conditional_attchments_contracts::R3.Corda ran despite precondition failure due to onFail='MARK_RAN': 
          master.changelog.json : Table PUBLIC.NODE_ATTACHMENTS_CONTRACT_CLASS_NAME does not exist

?[m?[37m[INFO] 11:12:15,269 [Test worker] liquibase. - master.changelog.json: migration/node-core.changelog-v8.xml::add_signers::R3.Corda: Table node_attachments_signers created
?[m?[37m[INFO] 11:12:15,269 [Test worker] liquibase. - master.changelog.json: migration/node-core.changelog-v8.xml::add_signers::R3.Corda: Foreign key constraint added to node_attachments_signers (att_id)
?[m?[37m[INFO] 11:12:15,269 [Test worker] liquibase. - master.changelog.json: migration/node-core.changelog-v8.xml::add_signers::R3.Corda: ChangeSet migration/node-core.changelog-v8.xml::add_signers::R3.Corda ran successfully in 1ms
?[m?[37m[INFO] 11:12:15,271 [Test worker] liquibase. - master.changelog.json: migration/node-core.changelog-tx-mapping.xml::add_tx_mapping_column::R3.Corda: Columns state_machine_run_id(NVARCHAR(36)) added to node_transactions
?[m?[37m[INFO] 11:12:15,271 [Test worker] liquibase. - master.changelog.json: migration/node-core.changelog-tx-mapping.xml::add_tx_mapping_column::R3.Corda: Custom SQL executed
?[m?[37m[INFO] 11:12:15,271 [Test worker] liquibase. - master.changelog.json: migration/node-core.changelog-tx-mapping.xml::add_tx_mapping_column::R3.Corda: Table node_transaction_mappings dropped
?[m?[37m[INFO] 11:12:15,271 [Test worker] liquibase. - master.changelog.json: migration/node-core.changelog-tx-mapping.xml::add_tx_mapping_column::R3.Corda: ChangeSet migration/node-core.changelog-tx-mapping.xml::add_tx_mapping_column::R3.Corda ran successfully in 1ms
?[m?[37m[INFO] 11:12:15,272 [Test worker] liquibase. - master.changelog.json: migration/node-services.changelog-init.xml::add_network_parameters_storage::R3.Corda: Table node_network_parameters created
?[m?[37m[INFO] 11:12:15,272 [Test worker] liquibase. - master.changelog.json: migration/node-services.changelog-init.xml::add_network_parameters_storage::R3.Corda: ChangeSet migration/node-services.changelog-init.xml::add_network_parameters_storage::R3.Corda ran successfully in 0ms
?[m?[37m[INFO] 11:12:15,273 [Test worker] liquibase. - master.changelog.json: migration/node-services.changelog-init.xml::network_parameters_pk::R3.Corda: Primary key added to node_network_parameters (hash)
?[m?[37m[INFO] 11:12:15,273 [Test worker] liquibase. - master.changelog.json: migration/node-services.changelog-init.xml::network_parameters_pk::R3.Corda: ChangeSet migration/node-services.changelog-init.xml::network_parameters_pk::R3.Corda ran successfully in 0ms
?[m?[37m[INFO] 11:12:15,275 [Test worker] liquibase. - master.changelog.json: migration/node-services.changelog-init.xml::add_version_column::R3.Corda: Columns version(INT) added to node_attachments
?[m?[37m[INFO] 11:12:15,275 [Test worker] liquibase. - master.changelog.json: migration/node-services.changelog-init.xml::add_version_column::R3.Corda: Custom SQL executed
?[m?[37m[INFO] 11:12:15,276 [Test worker] liquibase. - master.changelog.json: migration/node-services.changelog-init.xml::add_version_column::R3.Corda: Null constraint has been added to node_attachments.version
?[m?[37m[INFO] 11:12:15,276 [Test worker] liquibase. - master.changelog.json: migration/node-services.changelog-init.xml::add_version_column::R3.Corda: ChangeSet migration/node-services.changelog-init.xml::add_version_column::R3.Corda ran successfully in 2ms
?[m?[37m[INFO] 11:12:15,277 [Test worker] persistence.AttachmentVersionNumberMigration. - Start executing...
?[m?[37m[INFO] 11:12:15,278 [Test worker] persistence.AttachmentVersionNumberMigration. - Attachment version creation from whitelisted JARs using network parameters from build/mock-network/20190407-151214.940/nodes/0/network-parameters, whitelistedContractImplementations: {}.
?[m?[37m[INFO] 11:12:15,278 [Test worker] persistence.AttachmentVersionNumberMigration. - Attachment version creation from whitelisted JARs skipped, no attachments not found.
?[m?[37m[INFO] 11:12:15,278 [Test worker] liquibase. - master.changelog.json: migration/node-services.changelog-init.xml::update-version-of-whitelisted-jars::R3.Corda: null
?[m?[37m[INFO] 11:12:15,278 [Test worker] liquibase. - master.changelog.json: migration/node-services.changelog-init.xml::update-version-of-whitelisted-jars::R3.Corda: ChangeSet migration/node-services.changelog-init.xml::update-version-of-whitelisted-jars::R3.Corda ran successfully in 1ms
?[m?[37m[INFO] 11:12:15,278 [Test worker] migration.VaultStateMigration. - Migrating vault state data to V4 tables
?[m?[37m[INFO] 11:12:15,279 [Test worker] persistence.HibernateConfiguration. - Init HibernateConfiguration for schemas: [VaultMigrationSchemaV1(name=net.corda.node.migration.VaultMigrationSchema, version=1), VaultSchemaV1(name=net.corda.node.services.vault.VaultSchema, version=1)]
?[m?[37m[INFO] 11:12:15,279 [Test worker] persistence.HibernateConfiguration. - Creating session factory for schemas: [VaultMigrationSchemaV1(name=net.corda.node.migration.VaultMigrationSchema, version=1), VaultSchemaV1(name=net.corda.node.services.vault.VaultSchema, version=1)]
?[m?[37m[INFO] 11:12:15,284 [Test worker] internal.ConnectionProviderInitiator. - HHH000130: Instantiating explicit connection provider: net.corda.nodeapi.internal.persistence.HibernateConfiguration$NodeDatabaseConnectionProvider
?[m?[37m[INFO] 11:12:15,284 [Test worker] dialect.Dialect. - HHH000400: Using dialect: org.hibernate.dialect.H2Dialect
?[m?[37m[INFO] 11:12:15,285 [Test worker] type.BasicTypeRegistry. - HHH000270: Type registration [materialized_blob] overrides previous : org.hibernate.type.MaterializedBlobType@13ae4c5f
?[m?[37m[INFO] 11:12:15,304 [Test worker] connections.access. - HHH10001501: Connection obtained from JdbcConnectionAccess [org.hibernate.engine.jdbc.env.internal.JdbcEnvironmentInitiator$ConnectionProviderJdbcConnectionAccess@7a31c03e] for (non-JTA) DDL execution was not in auto-commit mode; the Connection 'local transaction' will be committed and the Connection will be set into auto-commit mode.
?[m?[37m[INFO] 11:12:15,322 [Test worker] persistence.HibernateConfiguration. - Created session factory for schemas: [VaultMigrationSchemaV1(name=net.corda.node.migration.VaultMigrationSchema, version=1), VaultSchemaV1(name=net.corda.node.services.vault.VaultSchema, version=1)]
?[m?[37m[INFO] 11:12:15,322 [Test worker] internal.QueryTranslatorFactoryInitiator. - HHH000397: Using ASTQueryTranslatorFactory
?[m?[37m[INFO] 11:12:15,326 [Test worker] migration.VaultStateMigration. - Finished performing vault state data migration for 0 states
?[m?[37m[INFO] 11:12:15,326 [Test worker] liquibase. - master.changelog.json: migration/vault-schema.changelog-v9.xml::update-vault-states::R3.Corda: null
?[m?[37m[INFO] 11:12:15,326 [Test worker] liquibase. - master.changelog.json: migration/vault-schema.changelog-v9.xml::update-vault-states::R3.Corda: ChangeSet migration/vault-schema.changelog-v9.xml::update-vault-states::R3.Corda ran successfully in 48ms
?[m?[37m[INFO] 11:12:15,327 [Test worker] liquibase. - master.changelog.json: migration/node-services.changelog-init.xml::1511451595465-16::R3.Corda: Table node_notary_committed_states created
?[m?[37m[INFO] 11:12:15,327 [Test worker] liquibase. - master.changelog.json: migration/node-services.changelog-init.xml::1511451595465-16::R3.Corda: ChangeSet migration/node-services.changelog-init.xml::1511451595465-16::R3.Corda ran successfully in 1ms
?[m?[37m[INFO] 11:12:15,327 [Test worker] liquibase. - master.changelog.json: migration/node-services.changelog-init.xml::1521131680317-17::R3.Corda: Table node_notary_request_log created
?[m?[37m[INFO] 11:12:15,327 [Test worker] liquibase. - master.changelog.json: migration/node-services.changelog-init.xml::1521131680317-17::R3.Corda: ChangeSet migration/node-services.changelog-init.xml::1521131680317-17::R3.Corda ran successfully in 0ms
?[m?[37m[INFO] 11:12:15,328 [Test worker] liquibase. - master.changelog.json: migration/node-services.changelog-init.xml::1511451595465-41::R3.Corda: Primary key added to node_notary_committed_states (output_index, transaction_id)
?[m?[37m[INFO] 11:12:15,328 [Test worker] liquibase. - master.changelog.json: migration/node-services.changelog-init.xml::1511451595465-41::R3.Corda: ChangeSet migration/node-services.changelog-init.xml::1511451595465-41::R3.Corda ran successfully in 0ms
?[m?[37m[INFO] 11:12:15,329 [Test worker] liquibase. - master.changelog.json: migration/node-services.changelog-init.xml::1521131680317-48::R3.Corda: Primary key added to node_notary_request_log (id)
?[m?[37m[INFO] 11:12:15,329 [Test worker] liquibase. - master.changelog.json: migration/node-services.changelog-init.xml::1521131680317-48::R3.Corda: ChangeSet migration/node-services.changelog-init.xml::1521131680317-48::R3.Corda ran successfully in 0ms
?[m?[37m[INFO] 11:12:15,330 [Test worker] liquibase. - master.changelog.json: migration/node-services.changelog-init.xml::nullability::R3.Corda: Null constraint has been added to node_notary_committed_states.consuming_transaction_id
?[m?[37m[INFO] 11:12:15,330 [Test worker] liquibase. - master.changelog.json: migration/node-services.changelog-init.xml::nullability::R3.Corda: ChangeSet migration/node-services.changelog-init.xml::nullability::R3.Corda ran successfully in 1ms
?[m?[37m[INFO] 11:12:15,335 [Test worker] liquibase. - master.changelog.json: migration/node-notary.changelog-v2.xml::rename-table-notary-commit-log::R3.Corda: Marking ChangeSet: migration/node-notary.changelog-v2.xml::rename-table-notary-commit-log::R3.Corda ran despite precondition failure due to onFail='MARK_RAN': 
          master.changelog.json : Table PUBLIC.node_notary_commit_log does not exist

?[m?[37m[INFO] 11:12:15,337 [Test worker] liquibase. - master.changelog.json: migration/node-notary.changelog-v2.xml::create-notary-request-log-table::R3.Corda: Marking ChangeSet: migration/node-notary.changelog-v2.xml::create-notary-request-log-table::R3.Corda ran despite precondition failure due to onFail='MARK_RAN': 
          master.changelog.json : Not precondition failed

?[m?[37m[INFO] 11:12:15,338 [Test worker] liquibase. - master.changelog.json: migration/node-notary.changelog-committed-transactions-table.xml::create-notary-committed-transactions-table::R3.Corda: Table node_notary_committed_txs created
?[m?[37m[INFO] 11:12:15,338 [Test worker] liquibase. - master.changelog.json: migration/node-notary.changelog-committed-transactions-table.xml::create-notary-committed-transactions-table::R3.Corda: Primary key added to node_notary_committed_txs (transaction_id)
?[m?[37m[INFO] 11:12:15,338 [Test worker] liquibase. - master.changelog.json: migration/node-notary.changelog-committed-transactions-table.xml::create-notary-committed-transactions-table::R3.Corda: ChangeSet migration/node-notary.changelog-committed-transactions-table.xml::create-notary-committed-transactions-table::R3.Corda ran successfully in 0ms
?[m?[37m[INFO] 11:12:15,339 [Test worker] liquibase. - Successfully released change log lock
?[m?[37m[INFO] 11:12:15,339 [Test worker] internal.InternalMockNetwork$MockNode. - Connected to H2 database.
?[m?[37m[INFO] 11:12:15,344 [Test worker] persistence.HibernateConfiguration. - Init HibernateConfiguration for schemas: [CommonSchemaV1(name=net.corda.core.schemas.CommonSchema, version=1), VaultSchemaV1(name=net.corda.node.services.vault.VaultSchema, version=1), NodeInfoSchemaV1(name=net.corda.node.internal.schemas.NodeInfoSchema, version=1), NodeCoreV1(name=net.corda.node.services.schema.NodeSchemaService$NodeCore, version=1), FNOLSchemaV1(name=com.example.schema.FNOLSchema, version=1), IOUSchemaV1(name=com.example.schema.IOUSchema, version=1), NodeNotarySchemaV1(name=net.corda.node.services.transactions.NodeNotarySchema, version=1)]
?[m?[37m[INFO] 11:12:15,344 [Test worker] persistence.HibernateConfiguration. - Creating session factory for schemas: [CommonSchemaV1(name=net.corda.core.schemas.CommonSchema, version=1), VaultSchemaV1(name=net.corda.node.services.vault.VaultSchema, version=1), NodeInfoSchemaV1(name=net.corda.node.internal.schemas.NodeInfoSchema, version=1), NodeCoreV1(name=net.corda.node.services.schema.NodeSchemaService$NodeCore, version=1), FNOLSchemaV1(name=com.example.schema.FNOLSchema, version=1), IOUSchemaV1(name=com.example.schema.IOUSchema, version=1), NodeNotarySchemaV1(name=net.corda.node.services.transactions.NodeNotarySchema, version=1)]
?[m?[37m[INFO] 11:12:15,348 [Test worker] internal.ConnectionProviderInitiator. - HHH000130: Instantiating explicit connection provider: net.corda.nodeapi.internal.persistence.HibernateConfiguration$NodeDatabaseConnectionProvider
?[m?[37m[INFO] 11:12:15,348 [Test worker] dialect.Dialect. - HHH000400: Using dialect: org.hibernate.dialect.H2Dialect
?[m?[37m[INFO] 11:12:15,349 [Test worker] type.BasicTypeRegistry. - HHH000270: Type registration [materialized_blob] overrides previous : org.hibernate.type.MaterializedBlobType@13ae4c5f
?[m?[37m[INFO] 11:12:15,386 [Test worker] connections.access. - HHH10001501: Connection obtained from JdbcConnectionAccess [org.hibernate.engine.jdbc.env.internal.JdbcEnvironmentInitiator$ConnectionProviderJdbcConnectionAccess@34e31199] for (non-JTA) DDL execution was not in auto-commit mode; the Connection 'local transaction' will be committed and the Connection will be set into auto-commit mode.
?[m?[37m[INFO] 11:12:15,417 [Test worker] persistence.HibernateConfiguration. - Created session factory for schemas: [CommonSchemaV1(name=net.corda.core.schemas.CommonSchema, version=1), VaultSchemaV1(name=net.corda.node.services.vault.VaultSchema, version=1), NodeInfoSchemaV1(name=net.corda.node.internal.schemas.NodeInfoSchema, version=1), NodeCoreV1(name=net.corda.node.services.schema.NodeSchemaService$NodeCore, version=1), FNOLSchemaV1(name=com.example.schema.FNOLSchema, version=1), IOUSchemaV1(name=com.example.schema.IOUSchema, version=1), NodeNotarySchemaV1(name=net.corda.node.services.transactions.NodeNotarySchema, version=1)]
?[m?[37m[INFO] 11:12:15,418 [Test worker] internal.QueryTranslatorFactoryInitiator. - HHH000397: Using ASTQueryTranslatorFactory
?[m?[37m[INFO] 11:12:15,420 [Test worker] internal.InternalMockNetwork$MockNode. - Node-info has changed so submitting update. Old node-info was null
?[m?[37m[INFO] 11:12:15,421 [Test worker] network.PersistentNetworkMapCache. - Adding node with info: NodeInfo(addresses=[mock.node:1000], legalIdentitiesAndCerts=[O=Notary Service, L=Zurich, C=CH], platformVersion=4, serial=1554649935420)
?[m?[37m[INFO] 11:12:15,422 [Test worker] network.PersistentNetworkMapCache. - No previous node found
?[m?[37m[INFO] 11:12:15,430 [Test worker] internal.InternalMockNetwork$MockNode. - New node-info: NodeInfo(addresses=[mock.node:1000], legalIdentitiesAndCerts=[O=Notary Service, L=Zurich, C=CH], platformVersion=4, serial=1554649935420)
?[m?[37m[INFO] 11:12:15,435 [Test worker] network.NetworkMapUpdater. - Auto-accept enabled for network parameter changes which modify only: [epoch, modifiedTime, packageOwnership, whitelistedContractImplementations]
?[m?[37m[INFO] 11:12:15,438 [MockNode-13-2] network.PersistentNetworkMapCache. - Adding node with info: NodeInfo(addresses=[mock.node:1000], legalIdentitiesAndCerts=[O=Notary Service, L=Zurich, C=CH], platformVersion=4, serial=1554649935420)
?[m?[37m[INFO] 11:12:15,440 [MockNode-13-2] network.PersistentNetworkMapCache. - Previous node was identical to incoming one - doing nothing
?[m?[37m[INFO] 11:12:15,461 [Test worker] ClassloaderUtils. - Contracts loading for '/var/folders/5q/xy985yhj7rg30rc4c_z3gd4m0000gn/T/attachment501927068210351788.jar' took 20 msec
?[m?[37m[INFO] 11:12:15,469 [Test worker] persistence.NodeAttachmentService. - Stored new attachment: id=B0DC6BB384D1A6B002EFC0F67EDD756DE1A1E8883DAE28EEB966064A6EF48F64 uploader=app filename=null
?[m?[37m[INFO] 11:12:15,470 [Test worker] utilities.NotaryLoader. - Starting notary service: class net.corda.node.services.transactions.SimpleNotaryService
?[m?[37m[INFO] 11:12:15,470 [Test worker] notary.SinglePartyNotaryService. - Starting notary in validating mode
?[m?[37m[INFO] 11:12:15,474 [Test worker] statemachine.SingleThreadedStateMachineManager. - Node ready, info: NodeInfo(addresses=[mock.node:1000], legalIdentitiesAndCerts=[O=Notary Service, L=Zurich, C=CH], platformVersion=4, serial=1554649935420)
?[m?[37m[INFO] 11:12:15,476 [Test worker] network.PersistentNetworkMapCache. - Adding node with info: NodeInfo(addresses=[mock.node:1000], legalIdentitiesAndCerts=[O=Notary Service, L=Zurich, C=CH], platformVersion=4, serial=1554649935420)
?[m?[37m[INFO] 11:12:15,476 [Test worker] network.PersistentNetworkMapCache. - Previous node was identical to incoming one - doing nothing
?[m?[37m[INFO] 11:12:15,476 [Test worker] network.PersistentNetworkMapCache. - Adding node with info: NodeInfo(addresses=[mock.node:1000], legalIdentitiesAndCerts=[O=Notary Service, L=Zurich, C=CH], platformVersion=4, serial=1554649935420)
?[m?[37m[INFO] 11:12:15,476 [Test worker] network.PersistentNetworkMapCache. - Previous node was identical to incoming one - doing nothing
?[m?[37m[INFO] 11:12:15,480 [Test worker] cordapp.JarScanningCordappLoader. - Looking for CorDapps in [build/mock-network/20190407-151214.940/nodes/1/cordapps]
?[m?[37m[INFO] 11:12:15,481 [Test worker] cordapp.JarScanningCordappLoader. - Loading CorDapps from RestrictedURL(url=file:/Users/vivian.a.chen/Hackathon/samples/cordapp-example/workflows-kotlin/build/mock-network/20190407-151214.940/nodes/1/cordapps/cordapp-example-workflows-0.1.jar, rootPackageName=null), RestrictedURL(url=file:/Users/vivian.a.chen/Hackathon/samples/cordapp-example/workflows-kotlin/build/mock-network/20190407-151214.940/nodes/1/cordapps/cordapp-example-contracts-0.1.jar, rootPackageName=null)
?[m?[37m[INFO] 11:12:15,481 [Test worker] cordapp.JarScanningCordappLoader. - Scanning CorDapp in file:/Users/vivian.a.chen/Hackathon/samples/cordapp-example/workflows-kotlin/build/mock-network/20190407-151214.940/nodes/1/cordapps/cordapp-example-workflows-0.1.jar
?[m?[37m[INFO] 11:12:15,502 [Test worker] cordapp.JarScanningCordappLoader. - Found notary service CorDapp implementations: 
?[m?[37m[INFO] 11:12:15,502 [Test worker] cordapp.JarScanningCordappLoader. - Scanning CorDapp in file:/Users/vivian.a.chen/Hackathon/samples/cordapp-example/workflows-kotlin/build/mock-network/20190407-151214.940/nodes/1/cordapps/cordapp-example-contracts-0.1.jar
?[m?[37m[INFO] 11:12:15,526 [Test worker] cordapp.JarScanningCordappLoader. - Found notary service CorDapp implementations: 
?[m?[37m[INFO] 11:12:15,532 [Test worker] internal.InternalMockNetwork$MockNode. - Node starting up ...
?[m?[37m[INFO] 11:12:15,547 [Test worker] internal.NodeFlowManager. - Registered com.example.flow.CreateFNOLFlow$Initiator to initiate com.example.flow.CreateFNOLFlow$Acceptor (version 1)
?[m?[37m[INFO] 11:12:15,548 [Test worker] internal.NodeFlowManager. - Registered com.example.flow.ExampleFlow$Initiator to initiate com.example.flow.ExampleFlow$Acceptor (version 1)
?[m?[37m[INFO] 11:12:15,548 [Test worker] internal.NodeFlowManager. - Registered com.example.flow.UpdateFNOLFlow$Initiator to initiate com.example.flow.UpdateFNOLFlow$Acceptor (version 1)
?[m?[37m[INFO] 11:12:15,549 [Test worker] internal.InternalMockNetwork$MockNode. - Loaded network parameters: NetworkParameters {
      minimumPlatformVersion=1
      notaries=[NotaryInfo(identity=O=Notary Service, L=Zurich, C=CH, validating=true)]
      maxMessageSize=10485760
      maxTransactionSize=524288000
      whitelistedContractImplementations {
        
      }
      eventHorizon=PT720H
      packageOwnership {
        
      }
      modifiedTime=2019-04-07T15:12:14.939Z
      epoch=1
  }
?[m?[37m[INFO] 11:12:15,550 [Test worker] hikari.HikariDataSource. - HikariPool-14 - Started.
?[m?[37m[INFO] 11:12:15,650 [Test worker] liquibase. - Creating database history table with name: PUBLIC.DATABASECHANGELOG
?[m?[37m[INFO] 11:12:15,651 [Test worker] liquibase. - Reading from PUBLIC.DATABASECHANGELOG
?[m?[37m[INFO] 11:12:15,652 [Test worker] liquibase. - master.changelog.json: migration/common.changelog-init.xml::1511451595465-1.3::R3.Corda: Skipping changeSet migration/common.changelog-init.xml::1511451595465-1.3::R3.Corda due to validation error(s): minValue is not allowed on h2
?[m?[37m[INFO] 11:12:15,656 [Test worker] liquibase. - master.changelog.json: migration/vault-schema.changelog-pkey.xml::non-clustered_pk-11::R3.Corda: Skipping changeSet migration/vault-schema.changelog-pkey.xml::non-clustered_pk-11::R3.Corda due to validation error(s): clustered is not allowed on h2
?[m?[37m[INFO] 11:12:15,657 [Test worker] liquibase. - master.changelog.json: migration/vault-schema.changelog-pkey.xml::non-clustered_pk-12::R3.Corda: Skipping changeSet migration/vault-schema.changelog-pkey.xml::non-clustered_pk-12::R3.Corda due to validation error(s): clustered is not allowed on h2
?[m?[37m[INFO] 11:12:15,657 [Test worker] liquibase. - master.changelog.json: migration/vault-schema.changelog-pkey.xml::non-clustered_pk-13::R3.Corda: Skipping changeSet migration/vault-schema.changelog-pkey.xml::non-clustered_pk-13::R3.Corda due to validation error(s): clustered is not allowed on h2
?[m?[37m[INFO] 11:12:15,665 [Test worker] liquibase. - master.changelog.json: migration/node-core.changelog-pkey.xml::non-clustered_pk-1::R3.Corda: Skipping changeSet migration/node-core.changelog-pkey.xml::non-clustered_pk-1::R3.Corda due to validation error(s): clustered is not allowed on h2
?[m?[37m[INFO] 11:12:15,665 [Test worker] liquibase. - master.changelog.json: migration/node-core.changelog-pkey.xml::non-clustered_pk-2::R3.Corda: Skipping changeSet migration/node-core.changelog-pkey.xml::non-clustered_pk-2::R3.Corda due to validation error(s): clustered is not allowed on h2
?[m?[37m[INFO] 11:12:15,665 [Test worker] liquibase. - master.changelog.json: migration/node-core.changelog-pkey.xml::non-clustered_pk-3::R3.Corda: Skipping changeSet migration/node-core.changelog-pkey.xml::non-clustered_pk-3::R3.Corda due to validation error(s): clustered is not allowed on h2
?[m?[37m[INFO] 11:12:15,665 [Test worker] liquibase. - master.changelog.json: migration/node-core.changelog-pkey.xml::non-clustered_pk-4::R3.Corda: Skipping changeSet migration/node-core.changelog-pkey.xml::non-clustered_pk-4::R3.Corda due to validation error(s): clustered is not allowed on h2
?[m?[37m[INFO] 11:12:15,665 [Test worker] liquibase. - master.changelog.json: migration/node-core.changelog-pkey.xml::non-clustered_pk-5::R3.Corda: Skipping changeSet migration/node-core.changelog-pkey.xml::non-clustered_pk-5::R3.Corda due to validation error(s): clustered is not allowed on h2
?[m?[37m[INFO] 11:12:15,666 [Test worker] liquibase. - master.changelog.json: migration/node-core.changelog-pkey.xml::non-clustered_pk-6::R3.Corda: Skipping changeSet migration/node-core.changelog-pkey.xml::non-clustered_pk-6::R3.Corda due to validation error(s): clustered is not allowed on h2
?[m?[37m[INFO] 11:12:15,666 [Test worker] liquibase. - master.changelog.json: migration/node-core.changelog-pkey.xml::non-clustered_pk-7::R3.Corda: Skipping changeSet migration/node-core.changelog-pkey.xml::non-clustered_pk-7::R3.Corda due to validation error(s): clustered is not allowed on h2
?[m?[37m[INFO] 11:12:15,668 [Test worker] liquibase. - Successfully acquired change log lock
?[m?[37m[INFO] 11:12:15,669 [Test worker] liquibase. - master.changelog.json: migration/common.changelog-init.xml::1511451595465-1.3::R3.Corda: Skipping changeSet migration/common.changelog-init.xml::1511451595465-1.3::R3.Corda due to validation error(s): minValue is not allowed on h2
?[m?[37m[INFO] 11:12:15,670 [Test worker] liquibase. - master.changelog.json: migration/vault-schema.changelog-pkey.xml::non-clustered_pk-11::R3.Corda: Skipping changeSet migration/vault-schema.changelog-pkey.xml::non-clustered_pk-11::R3.Corda due to validation error(s): clustered is not allowed on h2
?[m?[37m[INFO] 11:12:15,670 [Test worker] liquibase. - master.changelog.json: migration/vault-schema.changelog-pkey.xml::non-clustered_pk-12::R3.Corda: Skipping changeSet migration/vault-schema.changelog-pkey.xml::non-clustered_pk-12::R3.Corda due to validation error(s): clustered is not allowed on h2
?[m?[37m[INFO] 11:12:15,670 [Test worker] liquibase. - master.changelog.json: migration/vault-schema.changelog-pkey.xml::non-clustered_pk-13::R3.Corda: Skipping changeSet migration/vault-schema.changelog-pkey.xml::non-clustered_pk-13::R3.Corda due to validation error(s): clustered is not allowed on h2
?[m?[37m[INFO] 11:12:15,673 [Test worker] liquibase. - master.changelog.json: migration/node-core.changelog-pkey.xml::non-clustered_pk-1::R3.Corda: Skipping changeSet migration/node-core.changelog-pkey.xml::non-clustered_pk-1::R3.Corda due to validation error(s): clustered is not allowed on h2
?[m?[37m[INFO] 11:12:15,673 [Test worker] liquibase. - master.changelog.json: migration/node-core.changelog-pkey.xml::non-clustered_pk-2::R3.Corda: Skipping changeSet migration/node-core.changelog-pkey.xml::non-clustered_pk-2::R3.Corda due to validation error(s): clustered is not allowed on h2
?[m?[37m[INFO] 11:12:15,673 [Test worker] liquibase. - master.changelog.json: migration/node-core.changelog-pkey.xml::non-clustered_pk-3::R3.Corda: Skipping changeSet migration/node-core.changelog-pkey.xml::non-clustered_pk-3::R3.Corda due to validation error(s): clustered is not allowed on h2
?[m?[37m[INFO] 11:12:15,673 [Test worker] liquibase. - master.changelog.json: migration/node-core.changelog-pkey.xml::non-clustered_pk-4::R3.Corda: Skipping changeSet migration/node-core.changelog-pkey.xml::non-clustered_pk-4::R3.Corda due to validation error(s): clustered is not allowed on h2
?[m?[37m[INFO] 11:12:15,673 [Test worker] liquibase. - master.changelog.json: migration/node-core.changelog-pkey.xml::non-clustered_pk-5::R3.Corda: Skipping changeSet migration/node-core.changelog-pkey.xml::non-clustered_pk-5::R3.Corda due to validation error(s): clustered is not allowed on h2
?[m?[37m[INFO] 11:12:15,673 [Test worker] liquibase. - master.changelog.json: migration/node-core.changelog-pkey.xml::non-clustered_pk-6::R3.Corda: Skipping changeSet migration/node-core.changelog-pkey.xml::non-clustered_pk-6::R3.Corda due to validation error(s): clustered is not allowed on h2
?[m?[37m[INFO] 11:12:15,673 [Test worker] liquibase. - master.changelog.json: migration/node-core.changelog-pkey.xml::non-clustered_pk-7::R3.Corda: Skipping changeSet migration/node-core.changelog-pkey.xml::non-clustered_pk-7::R3.Corda due to validation error(s): clustered is not allowed on h2
?[m?[37m[INFO] 11:12:15,674 [Test worker] liquibase. - master.changelog.json: migration/common.changelog-init.xml::1511451595465-1.1::R3.Corda: Sequence hibernate_sequence created
?[m?[37m[INFO] 11:12:15,674 [Test worker] liquibase. - master.changelog.json: migration/common.changelog-init.xml::1511451595465-1.1::R3.Corda: ChangeSet migration/common.changelog-init.xml::1511451595465-1.1::R3.Corda ran successfully in 0ms
?[m?[37m[INFO] 11:12:15,675 [Test worker] liquibase. - master.changelog.json: migration/vault-schema.changelog-init.xml::1511451595465-22::R3.Corda: Table vault_fungible_states created
?[m?[37m[INFO] 11:12:15,675 [Test worker] liquibase. - master.changelog.json: migration/vault-schema.changelog-init.xml::1511451595465-22::R3.Corda: ChangeSet migration/vault-schema.changelog-init.xml::1511451595465-22::R3.Corda ran successfully in 0ms
?[m?[37m[INFO] 11:12:15,676 [Test worker] liquibase. - master.changelog.json: migration/vault-schema.changelog-init.xml::1511451595465-23::R3.Corda: Table vault_fungible_states_parts created
?[m?[37m[INFO] 11:12:15,676 [Test worker] liquibase. - master.changelog.json: migration/vault-schema.changelog-init.xml::1511451595465-23::R3.Corda: ChangeSet migration/vault-schema.changelog-init.xml::1511451595465-23::R3.Corda ran successfully in 0ms
?[m?[37m[INFO] 11:12:15,677 [Test worker] liquibase. - master.changelog.json: migration/vault-schema.changelog-init.xml::1511451595465-24::R3.Corda: Table vault_linear_states created
?[m?[37m[INFO] 11:12:15,677 [Test worker] liquibase. - master.changelog.json: migration/vault-schema.changelog-init.xml::1511451595465-24::R3.Corda: ChangeSet migration/vault-schema.changelog-init.xml::1511451595465-24::R3.Corda ran successfully in 0ms
?[m?[37m[INFO] 11:12:15,678 [Test worker] liquibase. - master.changelog.json: migration/vault-schema.changelog-init.xml::1511451595465-25::R3.Corda: Table vault_linear_states_parts created
?[m?[37m[INFO] 11:12:15,678 [Test worker] liquibase. - master.changelog.json: migration/vault-schema.changelog-init.xml::1511451595465-25::R3.Corda: ChangeSet migration/vault-schema.changelog-init.xml::1511451595465-25::R3.Corda ran successfully in 0ms
?[m?[37m[INFO] 11:12:15,679 [Test worker] liquibase. - master.changelog.json: migration/vault-schema.changelog-init.xml::1511451595465-26::R3.Corda: Table vault_states created
?[m?[37m[INFO] 11:12:15,679 [Test worker] liquibase. - master.changelog.json: migration/vault-schema.changelog-init.xml::1511451595465-26::R3.Corda: ChangeSet migration/vault-schema.changelog-init.xml::1511451595465-26::R3.Corda ran successfully in 0ms
?[m?[37m[INFO] 11:12:15,680 [Test worker] liquibase. - master.changelog.json: migration/vault-schema.changelog-init.xml::1511451595465-27::R3.Corda: Table vault_transaction_notes created
?[m?[37m[INFO] 11:12:15,680 [Test worker] liquibase. - master.changelog.json: migration/vault-schema.changelog-init.xml::1511451595465-27::R3.Corda: ChangeSet migration/vault-schema.changelog-init.xml::1511451595465-27::R3.Corda ran successfully in 1ms
?[m?[37m[INFO] 11:12:15,680 [Test worker] liquibase. - master.changelog.json: migration/vault-schema.changelog-init.xml::1511451595465-47::R3.Corda: Primary key added to vault_fungible_states (output_index, transaction_id)
?[m?[37m[INFO] 11:12:15,680 [Test worker] liquibase. - master.changelog.json: migration/vault-schema.changelog-init.xml::1511451595465-47::R3.Corda: ChangeSet migration/vault-schema.changelog-init.xml::1511451595465-47::R3.Corda ran successfully in 0ms
?[m?[37m[INFO] 11:12:15,681 [Test worker] liquibase. - master.changelog.json: migration/vault-schema.changelog-init.xml::1511451595465-48::R3.Corda: Primary key added to vault_linear_states (output_index, transaction_id)
?[m?[37m[INFO] 11:12:15,681 [Test worker] liquibase. - master.changelog.json: migration/vault-schema.changelog-init.xml::1511451595465-48::R3.Corda: ChangeSet migration/vault-schema.changelog-init.xml::1511451595465-48::R3.Corda ran successfully in 0ms
?[m?[37m[INFO] 11:12:15,682 [Test worker] liquibase. - master.changelog.json: migration/vault-schema.changelog-init.xml::1511451595465-49::R3.Corda: Primary key added to vault_states (output_index, transaction_id)
?[m?[37m[INFO] 11:12:15,682 [Test worker] liquibase. - master.changelog.json: migration/vault-schema.changelog-init.xml::1511451595465-49::R3.Corda: ChangeSet migration/vault-schema.changelog-init.xml::1511451595465-49::R3.Corda ran successfully in 0ms
?[m?[37m[INFO] 11:12:15,683 [Test worker] liquibase. - master.changelog.json: migration/vault-schema.changelog-init.xml::1511451595465-50::R3.Corda: Primary key added to vault_transaction_notes (seq_no)
?[m?[37m[INFO] 11:12:15,683 [Test worker] liquibase. - master.changelog.json: migration/vault-schema.changelog-init.xml::1511451595465-50::R3.Corda: ChangeSet migration/vault-schema.changelog-init.xml::1511451595465-50::R3.Corda ran successfully in 0ms
?[m?[37m[INFO] 11:12:15,684 [Test worker] liquibase. - master.changelog.json: migration/vault-schema.changelog-init.xml::1511451595465-53::R3.Corda: Index external_id_index created
?[m?[37m[INFO] 11:12:15,684 [Test worker] liquibase. - master.changelog.json: migration/vault-schema.changelog-init.xml::1511451595465-53::R3.Corda: ChangeSet migration/vault-schema.changelog-init.xml::1511451595465-53::R3.Corda ran successfully in 0ms
?[m?[37m[INFO] 11:12:15,685 [Test worker] liquibase. - master.changelog.json: migration/vault-schema.changelog-init.xml::1511451595465-55::R3.Corda: Index lock_id_idx created
?[m?[37m[INFO] 11:12:15,685 [Test worker] liquibase. - master.changelog.json: migration/vault-schema.changelog-init.xml::1511451595465-55::R3.Corda: ChangeSet migration/vault-schema.changelog-init.xml::1511451595465-55::R3.Corda ran successfully in 1ms
?[m?[37m[INFO] 11:12:15,685 [Test worker] liquibase. - master.changelog.json: migration/vault-schema.changelog-init.xml::1511451595465-58::R3.Corda: Index state_status_idx created
?[m?[37m[INFO] 11:12:15,685 [Test worker] liquibase. - master.changelog.json: migration/vault-schema.changelog-init.xml::1511451595465-58::R3.Corda: ChangeSet migration/vault-schema.changelog-init.xml::1511451595465-58::R3.Corda ran successfully in 0ms
?[m?[37m[INFO] 11:12:15,686 [Test worker] liquibase. - master.changelog.json: migration/vault-schema.changelog-init.xml::1511451595465-59::R3.Corda: Index transaction_id_index created
?[m?[37m[INFO] 11:12:15,686 [Test worker] liquibase. - master.changelog.json: migration/vault-schema.changelog-init.xml::1511451595465-59::R3.Corda: ChangeSet migration/vault-schema.changelog-init.xml::1511451595465-59::R3.Corda ran successfully in 0ms
?[m?[37m[INFO] 11:12:15,687 [Test worker] liquibase. - master.changelog.json: migration/vault-schema.changelog-init.xml::1511451595465-60::R3.Corda: Index uuid_index created
?[m?[37m[INFO] 11:12:15,687 [Test worker] liquibase. - master.changelog.json: migration/vault-schema.changelog-init.xml::1511451595465-60::R3.Corda: ChangeSet migration/vault-schema.changelog-init.xml::1511451595465-60::R3.Corda ran successfully in 1ms
?[m?[37m[INFO] 11:12:15,688 [Test worker] liquibase. - master.changelog.json: migration/vault-schema.changelog-init.xml::1511451595465-64::R3.Corda: Foreign key constraint added to vault_fungible_states_parts (output_index,transaction_id)
?[m?[37m[INFO] 11:12:15,688 [Test worker] liquibase. - master.changelog.json: migration/vault-schema.changelog-init.xml::1511451595465-64::R3.Corda: ChangeSet migration/vault-schema.changelog-init.xml::1511451595465-64::R3.Corda ran successfully in 1ms
?[m?[37m[INFO] 11:12:15,689 [Test worker] liquibase. - master.changelog.json: migration/vault-schema.changelog-init.xml::1511451595465-65::R3.Corda: Foreign key constraint added to vault_linear_states_parts (output_index,transaction_id)
?[m?[37m[INFO] 11:12:15,689 [Test worker] liquibase. - master.changelog.json: migration/vault-schema.changelog-init.xml::1511451595465-65::R3.Corda: ChangeSet migration/vault-schema.changelog-init.xml::1511451595465-65::R3.Corda ran successfully in 1ms
?[m?[37m[INFO] 11:12:15,689 [Test worker] liquibase. - master.changelog.json: migration/vault-schema.changelog-v3.xml::clean_vault::R3.Corda: Data deleted from vault_fungible_states_parts
?[m?[37m[INFO] 11:12:15,690 [Test worker] liquibase. - master.changelog.json: migration/vault-schema.changelog-v3.xml::clean_vault::R3.Corda: Data deleted from vault_fungible_states
?[m?[37m[INFO] 11:12:15,690 [Test worker] liquibase. - master.changelog.json: migration/vault-schema.changelog-v3.xml::clean_vault::R3.Corda: Data deleted from vault_linear_states_parts
?[m?[37m[INFO] 11:12:15,690 [Test worker] liquibase. - master.changelog.json: migration/vault-schema.changelog-v3.xml::clean_vault::R3.Corda: Data deleted from vault_linear_states
?[m?[37m[INFO] 11:12:15,690 [Test worker] liquibase. - master.changelog.json: migration/vault-schema.changelog-v3.xml::clean_vault::R3.Corda: Data deleted from vault_states
?[m?[37m[INFO] 11:12:15,690 [Test worker] liquibase. - master.changelog.json: migration/vault-schema.changelog-v3.xml::clean_vault::R3.Corda: Data deleted from vault_transaction_notes
?[m?[37m[INFO] 11:12:15,690 [Test worker] liquibase. - master.changelog.json: migration/vault-schema.changelog-v3.xml::clean_vault::R3.Corda: ChangeSet migration/vault-schema.changelog-v3.xml::clean_vault::R3.Corda ran successfully in 1ms
?[m?[37m[INFO] 11:12:15,690 [Test worker] liquibase. - master.changelog.json: migration/vault-schema.changelog-v4.xml::nullability::R3.Corda: Null constraint has been added to vault_fungible_states.quantity
?[m?[37m[INFO] 11:12:15,691 [Test worker] liquibase. - master.changelog.json: migration/vault-schema.changelog-v4.xml::nullability::R3.Corda: Null constraint has been added to vault_states.contract_state_class_name
?[m?[37m[INFO] 11:12:15,691 [Test worker] liquibase. - master.changelog.json: migration/vault-schema.changelog-v4.xml::nullability::R3.Corda: Null constraint has been added to vault_states.notary_name
?[m?[37m[INFO] 11:12:15,691 [Test worker] liquibase. - master.changelog.json: migration/vault-schema.changelog-v4.xml::nullability::R3.Corda: Null constraint has been added to vault_states.recorded_timestamp
?[m?[37m[INFO] 11:12:15,691 [Test worker] liquibase. - master.changelog.json: migration/vault-schema.changelog-v4.xml::nullability::R3.Corda: Index state_status_idx dropped from table vault_states
?[m?[37m[INFO] 11:12:15,691 [Test worker] liquibase. - master.changelog.json: migration/vault-schema.changelog-v4.xml::nullability::R3.Corda: Index lock_id_idx dropped from table vault_states
?[m?[37m[INFO] 11:12:15,691 [Test worker] liquibase. - master.changelog.json: migration/vault-schema.changelog-v4.xml::nullability::R3.Corda: Null constraint has been added to vault_states.state_status
?[m?[37m[INFO] 11:12:15,691 [Test worker] liquibase. - master.changelog.json: migration/vault-schema.changelog-v4.xml::nullability::R3.Corda: Index state_status_idx created
?[m?[37m[INFO] 11:12:15,691 [Test worker] liquibase. - master.changelog.json: migration/vault-schema.changelog-v4.xml::nullability::R3.Corda: Index lock_id_idx created
?[m?[37m[INFO] 11:12:15,691 [Test worker] liquibase. - master.changelog.json: migration/vault-schema.changelog-v4.xml::nullability::R3.Corda: Index transaction_id_index dropped from table vault_transaction_notes
?[m?[37m[INFO] 11:12:15,691 [Test worker] liquibase. - master.changelog.json: migration/vault-schema.changelog-v4.xml::nullability::R3.Corda: Null constraint has been added to vault_transaction_notes.note
?[m?[37m[INFO] 11:12:15,691 [Test worker] liquibase. - master.changelog.json: migration/vault-schema.changelog-v4.xml::nullability::R3.Corda: Null constraint has been added to vault_transaction_notes.transaction_id
?[m?[37m[INFO] 11:12:15,691 [Test worker] liquibase. - master.changelog.json: migration/vault-schema.changelog-v4.xml::nullability::R3.Corda: Index transaction_id_index created
?[m?[37m[INFO] 11:12:15,691 [Test worker] liquibase. - master.changelog.json: migration/vault-schema.changelog-v4.xml::nullability::R3.Corda: ChangeSet migration/vault-schema.changelog-v4.xml::nullability::R3.Corda ran successfully in 1ms
?[m?[37m[INFO] 11:12:15,695 [Test worker] liquibase. - master.changelog.json: migration/vault-schema.changelog-v5.xml::add_relevancy_status_column::R3.Corda: Columns relevancy_status(INT) added to vault_states
?[m?[37m[INFO] 11:12:15,695 [Test worker] liquibase. - master.changelog.json: migration/vault-schema.changelog-v5.xml::add_relevancy_status_column::R3.Corda: Data updated in vault_states
?[m?[37m[INFO] 11:12:15,696 [Test worker] liquibase. - master.changelog.json: migration/vault-schema.changelog-v5.xml::add_relevancy_status_column::R3.Corda: Null constraint has been added to vault_states.relevancy_status
?[m?[37m[INFO] 11:12:15,696 [Test worker] liquibase. - master.changelog.json: migration/vault-schema.changelog-v5.xml::add_relevancy_status_column::R3.Corda: ChangeSet migration/vault-schema.changelog-v5.xml::add_relevancy_status_column::R3.Corda ran successfully in 2ms
?[m?[37m[INFO] 11:12:15,697 [Test worker] liquibase. - master.changelog.json: migration/vault-schema.changelog-v6.xml::add_is_constraint_information_columns::R3.Corda: Columns constraint_type(INT) added to vault_states
?[m?[37m[INFO] 11:12:15,698 [Test worker] liquibase. - master.changelog.json: migration/vault-schema.changelog-v6.xml::add_is_constraint_information_columns::R3.Corda: Columns constraint_data(varbinary(563)) added to vault_states
?[m?[37m[INFO] 11:12:15,698 [Test worker] liquibase. - master.changelog.json: migration/vault-schema.changelog-v6.xml::add_is_constraint_information_columns::R3.Corda: ChangeSet migration/vault-schema.changelog-v6.xml::add_is_constraint_information_columns::R3.Corda ran successfully in 2ms
?[m?[37m[INFO] 11:12:15,699 [Test worker] liquibase. - master.changelog.json: migration/vault-schema.changelog-v7.xml::make_issuer_ref_nullable::R3.Corda: Null constraint dropped from vault_fungible_states.issuer_ref
?[m?[37m[INFO] 11:12:15,699 [Test worker] liquibase. - master.changelog.json: migration/vault-schema.changelog-v7.xml::make_issuer_ref_nullable::R3.Corda: ChangeSet migration/vault-schema.changelog-v7.xml::make_issuer_ref_nullable::R3.Corda ran successfully in 0ms
?[m?[37m[INFO] 11:12:15,699 [Test worker] liquibase. - master.changelog.json: migration/vault-schema.changelog-v8.xml::create-external-id-to-state-party-view::R3.Corda: Table state_party created
?[m?[37m[INFO] 11:12:15,699 [Test worker] liquibase. - master.changelog.json: migration/vault-schema.changelog-v8.xml::create-external-id-to-state-party-view::R3.Corda: Index state_pk_hash_idx created
?[m?[37m[INFO] 11:12:15,700 [Test worker] liquibase. - master.changelog.json: migration/vault-schema.changelog-v8.xml::create-external-id-to-state-party-view::R3.Corda: Table pk_hash_to_ext_id_map created
?[m?[37m[INFO] 11:12:15,700 [Test worker] liquibase. - master.changelog.json: migration/vault-schema.changelog-v8.xml::create-external-id-to-state-party-view::R3.Corda: Index pk_hash_to_xid_idx created
?[m?[37m[INFO] 11:12:15,700 [Test worker] liquibase. - master.changelog.json: migration/vault-schema.changelog-v8.xml::create-external-id-to-state-party-view::R3.Corda: View v_pkey_hash_ex_id_map created
?[m?[37m[INFO] 11:12:15,700 [Test worker] liquibase. - master.changelog.json: migration/vault-schema.changelog-v8.xml::create-external-id-to-state-party-view::R3.Corda: ChangeSet migration/vault-schema.changelog-v8.xml::create-external-id-to-state-party-view::R3.Corda ran successfully in 1ms
?[m?[37m[INFO] 11:12:15,701 [Test worker] liquibase. - master.changelog.json: migration/node-info.changelog-init.xml::1511451595465-4::R3.Corda: Table node_link_nodeinfo_party created
?[m?[37m[INFO] 11:12:15,701 [Test worker] liquibase. - master.changelog.json: migration/node-info.changelog-init.xml::1511451595465-4::R3.Corda: ChangeSet migration/node-info.changelog-init.xml::1511451595465-4::R3.Corda ran successfully in 0ms
?[m?[37m[INFO] 11:12:15,702 [Test worker] liquibase. - master.changelog.json: migration/node-info.changelog-init.xml::1511451595465-10::R3.Corda: Table node_info_hosts created
?[m?[37m[INFO] 11:12:15,702 [Test worker] liquibase. - master.changelog.json: migration/node-info.changelog-init.xml::1511451595465-10::R3.Corda: ChangeSet migration/node-info.changelog-init.xml::1511451595465-10::R3.Corda ran successfully in 1ms
?[m?[37m[INFO] 11:12:15,702 [Test worker] liquibase. - master.changelog.json: migration/node-info.changelog-init.xml::1511451595465-11::R3.Corda: Table node_info_party_cert created
?[m?[37m[INFO] 11:12:15,702 [Test worker] liquibase. - master.changelog.json: migration/node-info.changelog-init.xml::1511451595465-11::R3.Corda: ChangeSet migration/node-info.changelog-init.xml::1511451595465-11::R3.Corda ran successfully in 0ms
?[m?[37m[INFO] 11:12:15,703 [Test worker] liquibase. - master.changelog.json: migration/node-info.changelog-init.xml::1511451595465-12::R3.Corda: Table node_infos created
?[m?[37m[INFO] 11:12:15,703 [Test worker] liquibase. - master.changelog.json: migration/node-info.changelog-init.xml::1511451595465-12::R3.Corda: ChangeSet migration/node-info.changelog-init.xml::1511451595465-12::R3.Corda ran successfully in 0ms
?[m?[37m[INFO] 11:12:15,704 [Test worker] liquibase. - master.changelog.json: migration/node-info.changelog-init.xml::1511451595465-35::R3.Corda: Primary key added to node_info_hosts (host, port)
?[m?[37m[INFO] 11:12:15,704 [Test worker] liquibase. - master.changelog.json: migration/node-info.changelog-init.xml::1511451595465-35::R3.Corda: ChangeSet migration/node-info.changelog-init.xml::1511451595465-35::R3.Corda ran successfully in 1ms
?[m?[37m[INFO] 11:12:15,704 [Test worker] liquibase. - master.changelog.json: migration/node-info.changelog-init.xml::1511451595465-36::R3.Corda: Primary key added to node_info_party_cert (party_name)
?[m?[37m[INFO] 11:12:15,704 [Test worker] liquibase. - master.changelog.json: migration/node-info.changelog-init.xml::1511451595465-36::R3.Corda: ChangeSet migration/node-info.changelog-init.xml::1511451595465-36::R3.Corda ran successfully in 0ms
?[m?[37m[INFO] 11:12:15,705 [Test worker] liquibase. - master.changelog.json: migration/node-info.changelog-init.xml::1511451595465-37::R3.Corda: Primary key added to node_infos (node_info_id)
?[m?[37m[INFO] 11:12:15,705 [Test worker] liquibase. - master.changelog.json: migration/node-info.changelog-init.xml::1511451595465-37::R3.Corda: ChangeSet migration/node-info.changelog-init.xml::1511451595465-37::R3.Corda ran successfully in 0ms
?[m?[37m[INFO] 11:12:15,706 [Test worker] liquibase. - master.changelog.json: migration/node-info.changelog-init.xml::1511451595465-62::R3.Corda: Foreign key constraint added to node_link_nodeinfo_party (node_info_id)
?[m?[37m[INFO] 11:12:15,706 [Test worker] liquibase. - master.changelog.json: migration/node-info.changelog-init.xml::1511451595465-62::R3.Corda: ChangeSet migration/node-info.changelog-init.xml::1511451595465-62::R3.Corda ran successfully in 1ms
?[m?[37m[INFO] 11:12:15,707 [Test worker] liquibase. - master.changelog.json: migration/node-info.changelog-init.xml::1511451595465-63::R3.Corda: Foreign key constraint added to node_info_hosts (node_info_id)
?[m?[37m[INFO] 11:12:15,707 [Test worker] liquibase. - master.changelog.json: migration/node-info.changelog-init.xml::1511451595465-63::R3.Corda: ChangeSet migration/node-info.changelog-init.xml::1511451595465-63::R3.Corda ran successfully in 1ms
?[m?[37m[INFO] 11:12:15,708 [Test worker] liquibase. - master.changelog.json: migration/node-info.changelog-init.xml::remove_host_port_pk::R3.Corda: Data deleted from node_infos
?[m?[37m[INFO] 11:12:15,708 [Test worker] liquibase. - master.changelog.json: migration/node-info.changelog-init.xml::remove_host_port_pk::R3.Corda: Data deleted from node_link_nodeinfo_party
?[m?[37m[INFO] 11:12:15,708 [Test worker] liquibase. - master.changelog.json: migration/node-info.changelog-init.xml::remove_host_port_pk::R3.Corda: Data deleted from node_info_hosts
?[m?[37m[INFO] 11:12:15,708 [Test worker] liquibase. - master.changelog.json: migration/node-info.changelog-init.xml::remove_host_port_pk::R3.Corda: Data deleted from node_info_party_cert
?[m?[37m[INFO] 11:12:15,708 [Test worker] liquibase. - master.changelog.json: migration/node-info.changelog-init.xml::remove_host_port_pk::R3.Corda: Primary key dropped from node_info_hosts
?[m?[37m[INFO] 11:12:15,709 [Test worker] liquibase. - master.changelog.json: migration/node-info.changelog-init.xml::remove_host_port_pk::R3.Corda: Columns hosts_id(INT) added to node_info_hosts
?[m?[37m[INFO] 11:12:15,709 [Test worker] liquibase. - master.changelog.json: migration/node-info.changelog-init.xml::remove_host_port_pk::R3.Corda: Primary key added to node_info_hosts (hosts_id)
?[m?[37m[INFO] 11:12:15,709 [Test worker] liquibase. - master.changelog.json: migration/node-info.changelog-init.xml::remove_host_port_pk::R3.Corda: ChangeSet migration/node-info.changelog-init.xml::remove_host_port_pk::R3.Corda ran successfully in 2ms
?[m?[37m[INFO] 11:12:15,710 [Test worker] liquibase. - master.changelog.json: migration/node-info.changelog-v1.xml::key/value node properties table::R3.Corda: Table node_properties created
?[m?[37m[INFO] 11:12:15,710 [Test worker] liquibase. - master.changelog.json: migration/node-info.changelog-v1.xml::key/value node properties table::R3.Corda: ChangeSet migration/node-info.changelog-v1.xml::key/value node properties table::R3.Corda ran successfully in 0ms
?[m?[37m[INFO] 11:12:15,710 [Test worker] liquibase. - master.changelog.json: migration/node-info.changelog-v2.xml::1525962920::R3.Corda: Null constraint has been added to node_infos.node_info_hash
?[m?[37m[INFO] 11:12:15,710 [Test worker] liquibase. - master.changelog.json: migration/node-info.changelog-v2.xml::1525962920::R3.Corda: Null constraint has been added to node_infos.platform_version
?[m?[37m[INFO] 11:12:15,710 [Test worker] liquibase. - master.changelog.json: migration/node-info.changelog-v2.xml::1525962920::R3.Corda: Null constraint has been added to node_infos.serial
?[m?[37m[INFO] 11:12:15,710 [Test worker] liquibase. - master.changelog.json: migration/node-info.changelog-v2.xml::1525962920::R3.Corda: Null constraint dropped from node_info_hosts.host
?[m?[37m[INFO] 11:12:15,711 [Test worker] liquibase. - master.changelog.json: migration/node-info.changelog-v2.xml::1525962920::R3.Corda: Null constraint dropped from node_info_hosts.port
?[m?[37m[INFO] 11:12:15,711 [Test worker] liquibase. - master.changelog.json: migration/node-info.changelog-v2.xml::1525962920::R3.Corda: Null constraint has been added to node_info_party_cert.owning_key_hash
?[m?[37m[INFO] 11:12:15,711 [Test worker] liquibase. - master.changelog.json: migration/node-info.changelog-v2.xml::1525962920::R3.Corda: Null constraint has been added to node_info_party_cert.party_cert_binary
?[m?[37m[INFO] 11:12:15,711 [Test worker] liquibase. - master.changelog.json: migration/node-info.changelog-v2.xml::1525962920::R3.Corda: ChangeSet migration/node-info.changelog-v2.xml::1525962920::R3.Corda ran successfully in 1ms
?[m?[37m[INFO] 11:12:15,711 [Test worker] liquibase. - master.changelog.json: migration/node-info.changelog-v3.xml::column_host_name::R3.Corda: Column node_info_hosts.host renamed to host_name
?[m?[37m[INFO] 11:12:15,711 [Test worker] liquibase. - master.changelog.json: migration/node-info.changelog-v3.xml::column_host_name::R3.Corda: ChangeSet migration/node-info.changelog-v3.xml::column_host_name::R3.Corda ran successfully in 0ms
?[m?[37m[INFO] 11:12:15,728 [Test worker] liquibase. - master.changelog.json: migration/node-services.changelog-init.xml::1511451595465-5::R3.Corda: Table node_attachments created
?[m?[37m[INFO] 11:12:15,728 [Test worker] liquibase. - master.changelog.json: migration/node-services.changelog-init.xml::1511451595465-5::R3.Corda: ChangeSet migration/node-services.changelog-init.xml::1511451595465-5::R3.Corda ran successfully in 0ms
?[m?[37m[INFO] 11:12:15,729 [Test worker] liquibase. - master.changelog.json: migration/node-services.changelog-init.xml::1511451595465-7::R3.Corda: Table node_checkpoints created
?[m?[37m[INFO] 11:12:15,729 [Test worker] liquibase. - master.changelog.json: migration/node-services.changelog-init.xml::1511451595465-7::R3.Corda: ChangeSet migration/node-services.changelog-init.xml::1511451595465-7::R3.Corda ran successfully in 0ms
?[m?[37m[INFO] 11:12:15,729 [Test worker] liquibase. - master.changelog.json: migration/node-services.changelog-init.xml::1511451595465-8::R3.Corda: Table node_contract_upgrades created
?[m?[37m[INFO] 11:12:15,729 [Test worker] liquibase. - master.changelog.json: migration/node-services.changelog-init.xml::1511451595465-8::R3.Corda: ChangeSet migration/node-services.changelog-init.xml::1511451595465-8::R3.Corda ran successfully in 0ms
?[m?[37m[INFO] 11:12:15,730 [Test worker] liquibase. - master.changelog.json: migration/node-services.changelog-init.xml::1511451595465-9::R3.Corda: Table node_identities created
?[m?[37m[INFO] 11:12:15,730 [Test worker] liquibase. - master.changelog.json: migration/node-services.changelog-init.xml::1511451595465-9::R3.Corda: ChangeSet migration/node-services.changelog-init.xml::1511451595465-9::R3.Corda ran successfully in 0ms
?[m?[37m[INFO] 11:12:15,731 [Test worker] liquibase. - master.changelog.json: migration/node-services.changelog-init.xml::1511451595465-13::R3.Corda: Table node_message_ids created
?[m?[37m[INFO] 11:12:15,731 [Test worker] liquibase. - master.changelog.json: migration/node-services.changelog-init.xml::1511451595465-13::R3.Corda: ChangeSet migration/node-services.changelog-init.xml::1511451595465-13::R3.Corda ran successfully in 0ms
?[m?[37m[INFO] 11:12:15,731 [Test worker] liquibase. - master.changelog.json: migration/node-services.changelog-init.xml::1511451595465-14::R3.Corda: Table node_message_retry created
?[m?[37m[INFO] 11:12:15,731 [Test worker] liquibase. - master.changelog.json: migration/node-services.changelog-init.xml::1511451595465-14::R3.Corda: ChangeSet migration/node-services.changelog-init.xml::1511451595465-14::R3.Corda ran successfully in 0ms
?[m?[37m[INFO] 11:12:15,732 [Test worker] liquibase. - master.changelog.json: migration/node-services.changelog-init.xml::1511451595465-15::R3.Corda: Table node_named_identities created
?[m?[37m[INFO] 11:12:15,732 [Test worker] liquibase. - master.changelog.json: migration/node-services.changelog-init.xml::1511451595465-15::R3.Corda: ChangeSet migration/node-services.changelog-init.xml::1511451595465-15::R3.Corda ran successfully in 0ms
?[m?[37m[INFO] 11:12:15,733 [Test worker] liquibase. - master.changelog.json: migration/node-services.changelog-init.xml::1511451595465-17::R3.Corda: Table node_our_key_pairs created
?[m?[37m[INFO] 11:12:15,733 [Test worker] liquibase. - master.changelog.json: migration/node-services.changelog-init.xml::1511451595465-17::R3.Corda: ChangeSet migration/node-services.changelog-init.xml::1511451595465-17::R3.Corda ran successfully in 0ms
?[m?[37m[INFO] 11:12:15,734 [Test worker] liquibase. - master.changelog.json: migration/node-services.changelog-init.xml::1511451595465-19::R3.Corda: Table node_scheduled_states created
?[m?[37m[INFO] 11:12:15,734 [Test worker] liquibase. - master.changelog.json: migration/node-services.changelog-init.xml::1511451595465-19::R3.Corda: ChangeSet migration/node-services.changelog-init.xml::1511451595465-19::R3.Corda ran successfully in 1ms
?[m?[37m[INFO] 11:12:15,734 [Test worker] liquibase. - master.changelog.json: migration/node-services.changelog-init.xml::1511451595465-20::R3.Corda: Table node_transaction_mappings created
?[m?[37m[INFO] 11:12:15,734 [Test worker] liquibase. - master.changelog.json: migration/node-services.changelog-init.xml::1511451595465-20::R3.Corda: ChangeSet migration/node-services.changelog-init.xml::1511451595465-20::R3.Corda ran successfully in 0ms
?[m?[37m[INFO] 11:12:15,735 [Test worker] liquibase. - master.changelog.json: migration/node-services.changelog-init.xml::1511451595465-21::R3.Corda: Table node_transactions created
?[m?[37m[INFO] 11:12:15,735 [Test worker] liquibase. - master.changelog.json: migration/node-services.changelog-init.xml::1511451595465-21::R3.Corda: ChangeSet migration/node-services.changelog-init.xml::1511451595465-21::R3.Corda ran successfully in 0ms
?[m?[37m[INFO] 11:12:15,736 [Test worker] liquibase. - master.changelog.json: migration/node-services.changelog-init.xml::1511451595465-30::R3.Corda: Primary key added to node_attachments (att_id)
?[m?[37m[INFO] 11:12:15,736 [Test worker] liquibase. - master.changelog.json: migration/node-services.changelog-init.xml::1511451595465-30::R3.Corda: ChangeSet migration/node-services.changelog-init.xml::1511451595465-30::R3.Corda ran successfully in 0ms
?[m?[37m[INFO] 11:12:15,737 [Test worker] liquibase. - master.changelog.json: migration/node-services.changelog-init.xml::1511451595465-32::R3.Corda: Primary key added to node_checkpoints (checkpoint_id)
?[m?[37m[INFO] 11:12:15,737 [Test worker] liquibase. - master.changelog.json: migration/node-services.changelog-init.xml::1511451595465-32::R3.Corda: ChangeSet migration/node-services.changelog-init.xml::1511451595465-32::R3.Corda ran successfully in 1ms
?[m?[37m[INFO] 11:12:15,737 [Test worker] liquibase. - master.changelog.json: migration/node-services.changelog-init.xml::1511451595465-33::R3.Corda: Primary key added to node_contract_upgrades (state_ref)
?[m?[37m[INFO] 11:12:15,737 [Test worker] liquibase. - master.changelog.json: migration/node-services.changelog-init.xml::1511451595465-33::R3.Corda: ChangeSet migration/node-services.changelog-init.xml::1511451595465-33::R3.Corda ran successfully in 0ms
?[m?[37m[INFO] 11:12:15,738 [Test worker] liquibase. - master.changelog.json: migration/node-services.changelog-init.xml::1511451595465-34::R3.Corda: Primary key added to node_identities (pk_hash)
?[m?[37m[INFO] 11:12:15,738 [Test worker] liquibase. - master.changelog.json: migration/node-services.changelog-init.xml::1511451595465-34::R3.Corda: ChangeSet migration/node-services.changelog-init.xml::1511451595465-34::R3.Corda ran successfully in 0ms
?[m?[37m[INFO] 11:12:15,739 [Test worker] liquibase. - master.changelog.json: migration/node-services.changelog-init.xml::1511451595465-38::R3.Corda: Primary key added to node_message_ids (message_id)
?[m?[37m[INFO] 11:12:15,739 [Test worker] liquibase. - master.changelog.json: migration/node-services.changelog-init.xml::1511451595465-38::R3.Corda: ChangeSet migration/node-services.changelog-init.xml::1511451595465-38::R3.Corda ran successfully in 0ms
?[m?[37m[INFO] 11:12:15,740 [Test worker] liquibase. - master.changelog.json: migration/node-services.changelog-init.xml::1511451595465-39::R3.Corda: Primary key added to node_message_retry (message_id)
?[m?[37m[INFO] 11:12:15,740 [Test worker] liquibase. - master.changelog.json: migration/node-services.changelog-init.xml::1511451595465-39::R3.Corda: ChangeSet migration/node-services.changelog-init.xml::1511451595465-39::R3.Corda ran successfully in 1ms
?[m?[37m[INFO] 11:12:15,740 [Test worker] liquibase. - master.changelog.json: migration/node-services.changelog-init.xml::1511451595465-40::R3.Corda: Primary key added to node_named_identities (name)
?[m?[37m[INFO] 11:12:15,740 [Test worker] liquibase. - master.changelog.json: migration/node-services.changelog-init.xml::1511451595465-40::R3.Corda: ChangeSet migration/node-services.changelog-init.xml::1511451595465-40::R3.Corda ran successfully in 0ms
?[m?[37m[INFO] 11:12:15,741 [Test worker] liquibase. - master.changelog.json: migration/node-services.changelog-init.xml::1511451595465-42::R3.Corda: Primary key added to node_our_key_pairs (public_key_hash)
?[m?[37m[INFO] 11:12:15,741 [Test worker] liquibase. - master.changelog.json: migration/node-services.changelog-init.xml::1511451595465-42::R3.Corda: ChangeSet migration/node-services.changelog-init.xml::1511451595465-42::R3.Corda ran successfully in 0ms
?[m?[37m[INFO] 11:12:15,742 [Test worker] liquibase. - master.changelog.json: migration/node-services.changelog-init.xml::1511451595465-44::R3.Corda: Primary key added to node_scheduled_states (output_index, transaction_id)
?[m?[37m[INFO] 11:12:15,742 [Test worker] liquibase. - master.changelog.json: migration/node-services.changelog-init.xml::1511451595465-44::R3.Corda: ChangeSet migration/node-services.changelog-init.xml::1511451595465-44::R3.Corda ran successfully in 0ms
?[m?[37m[INFO] 11:12:15,743 [Test worker] liquibase. - master.changelog.json: migration/node-services.changelog-init.xml::1511451595465-45::R3.Corda: Primary key added to node_transaction_mappings (tx_id)
?[m?[37m[INFO] 11:12:15,743 [Test worker] liquibase. - master.changelog.json: migration/node-services.changelog-init.xml::1511451595465-45::R3.Corda: ChangeSet migration/node-services.changelog-init.xml::1511451595465-45::R3.Corda ran successfully in 1ms
?[m?[37m[INFO] 11:12:15,743 [Test worker] liquibase. - master.changelog.json: migration/node-services.changelog-init.xml::1511451595465-46::R3.Corda: Primary key added to node_transactions (tx_id)
?[m?[37m[INFO] 11:12:15,743 [Test worker] liquibase. - master.changelog.json: migration/node-services.changelog-init.xml::1511451595465-46::R3.Corda: ChangeSet migration/node-services.changelog-init.xml::1511451595465-46::R3.Corda ran successfully in 0ms
?[m?[37m[INFO] 11:12:15,745 [Test worker] liquibase. - master.changelog.json: migration/node-services.changelog-init.xml::1511451595465-61::R3.Corda: Foreign key constraint added to node_link_nodeinfo_party (party_name)
?[m?[37m[INFO] 11:12:15,745 [Test worker] liquibase. - master.changelog.json: migration/node-services.changelog-init.xml::1511451595465-61::R3.Corda: ChangeSet migration/node-services.changelog-init.xml::1511451595465-61::R3.Corda ran successfully in 1ms
?[m?[37m[INFO] 11:12:15,745 [Test worker] liquibase. - master.changelog.json: migration/node-services.changelog-init.xml::add index att_id::R3.Corda: Index att_id_idx created
?[m?[37m[INFO] 11:12:15,745 [Test worker] liquibase. - master.changelog.json: migration/node-services.changelog-init.xml::add index att_id::R3.Corda: ChangeSet migration/node-services.changelog-init.xml::add index att_id::R3.Corda ran successfully in 0ms
?[m?[37m[INFO] 11:12:15,746 [Test worker] liquibase. - master.changelog.json: migration/node-services.changelog-init.xml::add_contract_attachment::R3.Corda: Table node_attchments_contracts created
?[m?[37m[INFO] 11:12:15,746 [Test worker] liquibase. - master.changelog.json: migration/node-services.changelog-init.xml::add_contract_attachment::R3.Corda: Foreign key constraint added to node_attchments_contracts (att_id)
?[m?[37m[INFO] 11:12:15,746 [Test worker] liquibase. - master.changelog.json: migration/node-services.changelog-init.xml::add_contract_attachment::R3.Corda: Data deleted from node_attachments
?[m?[37m[INFO] 11:12:15,746 [Test worker] liquibase. - master.changelog.json: migration/node-services.changelog-init.xml::add_contract_attachment::R3.Corda: ChangeSet migration/node-services.changelog-init.xml::add_contract_attachment::R3.Corda ran successfully in 0ms
?[m?[37m[INFO] 11:12:15,748 [Test worker] liquibase. - master.changelog.json: migration/node-services.changelog-init.xml::add_dedup_columns::R3.Corda: Columns sender(NVARCHAR(64)),sequence_number(BIGINT) added to node_message_ids
?[m?[37m[INFO] 11:12:15,749 [Test worker] liquibase. - master.changelog.json: migration/node-services.changelog-init.xml::add_dedup_columns::R3.Corda: ChangeSet migration/node-services.changelog-init.xml::add_dedup_columns::R3.Corda ran successfully in 2ms
?[m?[37m[INFO] 11:12:15,749 [Test worker] liquibase. - master.changelog.json: migration/node-core.changelog-v4.xml::attchments_rename::R3.Corda: Table node_attchments_contracts renamed to node_attachments_contracts
?[m?[37m[INFO] 11:12:15,749 [Test worker] liquibase. - master.changelog.json: migration/node-core.changelog-v4.xml::attchments_rename::R3.Corda: ChangeSet migration/node-core.changelog-v4.xml::attchments_rename::R3.Corda ran successfully in 0ms
?[m?[37m[INFO] 11:12:15,750 [Test worker] liquibase. - master.changelog.json: migration/node-core.changelog-v4.xml::nullability::R3.Corda: Null constraint has been added to node_identities.identity_value
?[m?[37m[INFO] 11:12:15,750 [Test worker] liquibase. - master.changelog.json: migration/node-core.changelog-v4.xml::nullability::R3.Corda: Null constraint has been added to node_attachments.content
?[m?[37m[INFO] 11:12:15,750 [Test worker] liquibase. - master.changelog.json: migration/node-core.changelog-v4.xml::nullability::R3.Corda: Null constraint has been added to node_attachments_contracts.contract_class_name
?[m?[37m[INFO] 11:12:15,750 [Test worker] liquibase. - master.changelog.json: migration/node-core.changelog-v4.xml::nullability::R3.Corda: Null constraint has been added to node_checkpoints.checkpoint_value
?[m?[37m[INFO] 11:12:15,750 [Test worker] liquibase. - master.changelog.json: migration/node-core.changelog-v4.xml::nullability::R3.Corda: Null constraint has been added to node_contract_upgrades.contract_class_name
?[m?[37m[INFO] 11:12:15,750 [Test worker] liquibase. - master.changelog.json: migration/node-core.changelog-v4.xml::nullability::R3.Corda: Null constraint has been added to node_message_ids.insertion_time
?[m?[37m[INFO] 11:12:15,750 [Test worker] liquibase. - master.changelog.json: migration/node-core.changelog-v4.xml::nullability::R3.Corda: Null constraint has been added to node_message_retry.message
?[m?[37m[INFO] 11:12:15,750 [Test worker] liquibase. - master.changelog.json: migration/node-core.changelog-v4.xml::nullability::R3.Corda: Null constraint has been added to node_message_retry.recipients
?[m?[37m[INFO] 11:12:15,750 [Test worker] liquibase. - master.changelog.json: migration/node-core.changelog-v4.xml::nullability::R3.Corda: Null constraint has been added to node_named_identities.pk_hash
?[m?[37m[INFO] 11:12:15,751 [Test worker] liquibase. - master.changelog.json: migration/node-core.changelog-v4.xml::nullability::R3.Corda: Null constraint has been added to node_our_key_pairs.private_key
?[m?[37m[INFO] 11:12:15,751 [Test worker] liquibase. - master.changelog.json: migration/node-core.changelog-v4.xml::nullability::R3.Corda: Null constraint has been added to node_our_key_pairs.public_key
?[m?[37m[INFO] 11:12:15,751 [Test worker] liquibase. - master.changelog.json: migration/node-core.changelog-v4.xml::nullability::R3.Corda: Null constraint has been added to node_transaction_mappings.state_machine_run_id
?[m?[37m[INFO] 11:12:15,751 [Test worker] liquibase. - master.changelog.json: migration/node-core.changelog-v4.xml::nullability::R3.Corda: Null constraint has been added to node_transactions.transaction_value
?[m?[37m[INFO] 11:12:15,751 [Test worker] liquibase. - master.changelog.json: migration/node-core.changelog-v4.xml::nullability::R3.Corda: ChangeSet migration/node-core.changelog-v4.xml::nullability::R3.Corda ran successfully in 1ms
?[m?[37m[INFO] 11:12:15,752 [Test worker] liquibase. - master.changelog.json: migration/node-core.changelog-v5.xml::remove_unused_node_message_retry::R3.Corda: Table node_message_retry dropped
?[m?[37m[INFO] 11:12:15,752 [Test worker] liquibase. - master.changelog.json: migration/node-core.changelog-v5.xml::remove_unused_node_message_retry::R3.Corda: ChangeSet migration/node-core.changelog-v5.xml::remove_unused_node_message_retry::R3.Corda ran successfully in 0ms
?[m?[37m[INFO] 11:12:15,762 [Test worker] liquibase. - master.changelog.json: migration/node-core.changelog-v8.xml::conditional_attchments_rename::R3.Corda: Marking ChangeSet: migration/node-core.changelog-v8.xml::conditional_attchments_rename::R3.Corda ran despite precondition failure due to onFail='MARK_RAN': 
          master.changelog.json : Table PUBLIC.NODE_ATTCHMENTS_CONTRACTS does not exist

?[m?[37m[INFO] 11:12:15,766 [Test worker] liquibase. - master.changelog.json: migration/node-core.changelog-v8.xml::conditional_attchments_contracts::R3.Corda: Marking ChangeSet: migration/node-core.changelog-v8.xml::conditional_attchments_contracts::R3.Corda ran despite precondition failure due to onFail='MARK_RAN': 
          master.changelog.json : Table PUBLIC.NODE_ATTACHMENTS_CONTRACT_CLASS_NAME does not exist

?[m?[37m[INFO] 11:12:15,767 [Test worker] liquibase. - master.changelog.json: migration/node-core.changelog-v8.xml::add_signers::R3.Corda: Table node_attachments_signers created
?[m?[37m[INFO] 11:12:15,768 [Test worker] liquibase. - master.changelog.json: migration/node-core.changelog-v8.xml::add_signers::R3.Corda: Foreign key constraint added to node_attachments_signers (att_id)
?[m?[37m[INFO] 11:12:15,768 [Test worker] liquibase. - master.changelog.json: migration/node-core.changelog-v8.xml::add_signers::R3.Corda: ChangeSet migration/node-core.changelog-v8.xml::add_signers::R3.Corda ran successfully in 1ms
?[m?[37m[INFO] 11:12:15,769 [Test worker] liquibase. - master.changelog.json: migration/node-core.changelog-tx-mapping.xml::add_tx_mapping_column::R3.Corda: Columns state_machine_run_id(NVARCHAR(36)) added to node_transactions
?[m?[37m[INFO] 11:12:15,770 [Test worker] liquibase. - master.changelog.json: migration/node-core.changelog-tx-mapping.xml::add_tx_mapping_column::R3.Corda: Custom SQL executed
?[m?[37m[INFO] 11:12:15,770 [Test worker] liquibase. - master.changelog.json: migration/node-core.changelog-tx-mapping.xml::add_tx_mapping_column::R3.Corda: Table node_transaction_mappings dropped
?[m?[37m[INFO] 11:12:15,770 [Test worker] liquibase. - master.changelog.json: migration/node-core.changelog-tx-mapping.xml::add_tx_mapping_column::R3.Corda: ChangeSet migration/node-core.changelog-tx-mapping.xml::add_tx_mapping_column::R3.Corda ran successfully in 2ms
?[m?[37m[INFO] 11:12:15,770 [Test worker] liquibase. - master.changelog.json: migration/node-services.changelog-init.xml::add_network_parameters_storage::R3.Corda: Table node_network_parameters created
?[m?[37m[INFO] 11:12:15,770 [Test worker] liquibase. - master.changelog.json: migration/node-services.changelog-init.xml::add_network_parameters_storage::R3.Corda: ChangeSet migration/node-services.changelog-init.xml::add_network_parameters_storage::R3.Corda ran successfully in 0ms
?[m?[37m[INFO] 11:12:15,771 [Test worker] liquibase. - master.changelog.json: migration/node-services.changelog-init.xml::network_parameters_pk::R3.Corda: Primary key added to node_network_parameters (hash)
?[m?[37m[INFO] 11:12:15,771 [Test worker] liquibase. - master.changelog.json: migration/node-services.changelog-init.xml::network_parameters_pk::R3.Corda: ChangeSet migration/node-services.changelog-init.xml::network_parameters_pk::R3.Corda ran successfully in 0ms
?[m?[37m[INFO] 11:12:15,772 [Test worker] liquibase. - master.changelog.json: migration/node-services.changelog-init.xml::add_version_column::R3.Corda: Columns version(INT) added to node_attachments
?[m?[37m[INFO] 11:12:15,772 [Test worker] liquibase. - master.changelog.json: migration/node-services.changelog-init.xml::add_version_column::R3.Corda: Custom SQL executed
?[m?[37m[INFO] 11:12:15,773 [Test worker] liquibase. - master.changelog.json: migration/node-services.changelog-init.xml::add_version_column::R3.Corda: Null constraint has been added to node_attachments.version
?[m?[37m[INFO] 11:12:15,773 [Test worker] liquibase. - master.changelog.json: migration/node-services.changelog-init.xml::add_version_column::R3.Corda: ChangeSet migration/node-services.changelog-init.xml::add_version_column::R3.Corda ran successfully in 2ms
?[m?[37m[INFO] 11:12:15,773 [Test worker] persistence.AttachmentVersionNumberMigration. - Start executing...
?[m?[37m[INFO] 11:12:15,775 [Test worker] persistence.AttachmentVersionNumberMigration. - Attachment version creation from whitelisted JARs using network parameters from build/mock-network/20190407-151214.940/nodes/1/network-parameters, whitelistedContractImplementations: {}.
?[m?[37m[INFO] 11:12:15,775 [Test worker] persistence.AttachmentVersionNumberMigration. - Attachment version creation from whitelisted JARs skipped, no attachments not found.
?[m?[37m[INFO] 11:12:15,775 [Test worker] liquibase. - master.changelog.json: migration/node-services.changelog-init.xml::update-version-of-whitelisted-jars::R3.Corda: null
?[m?[37m[INFO] 11:12:15,775 [Test worker] liquibase. - master.changelog.json: migration/node-services.changelog-init.xml::update-version-of-whitelisted-jars::R3.Corda: ChangeSet migration/node-services.changelog-init.xml::update-version-of-whitelisted-jars::R3.Corda ran successfully in 2ms
?[m?[37m[INFO] 11:12:15,775 [Test worker] migration.VaultStateMigration. - Migrating vault state data to V4 tables
?[m?[37m[INFO] 11:12:15,777 [Test worker] persistence.HibernateConfiguration. - Init HibernateConfiguration for schemas: [VaultMigrationSchemaV1(name=net.corda.node.migration.VaultMigrationSchema, version=1), VaultSchemaV1(name=net.corda.node.services.vault.VaultSchema, version=1)]
?[m?[37m[INFO] 11:12:15,777 [Test worker] persistence.HibernateConfiguration. - Creating session factory for schemas: [VaultMigrationSchemaV1(name=net.corda.node.migration.VaultMigrationSchema, version=1), VaultSchemaV1(name=net.corda.node.services.vault.VaultSchema, version=1)]
?[m?[37m[INFO] 11:12:15,781 [Test worker] internal.ConnectionProviderInitiator. - HHH000130: Instantiating explicit connection provider: net.corda.nodeapi.internal.persistence.HibernateConfiguration$NodeDatabaseConnectionProvider
?[m?[37m[INFO] 11:12:15,781 [Test worker] dialect.Dialect. - HHH000400: Using dialect: org.hibernate.dialect.H2Dialect
?[m?[37m[INFO] 11:12:15,783 [Test worker] type.BasicTypeRegistry. - HHH000270: Type registration [materialized_blob] overrides previous : org.hibernate.type.MaterializedBlobType@13ae4c5f
?[m?[37m[INFO] 11:12:15,806 [Test worker] connections.access. - HHH10001501: Connection obtained from JdbcConnectionAccess [org.hibernate.engine.jdbc.env.internal.JdbcEnvironmentInitiator$ConnectionProviderJdbcConnectionAccess@71ec7c95] for (non-JTA) DDL execution was not in auto-commit mode; the Connection 'local transaction' will be committed and the Connection will be set into auto-commit mode.
?[m?[37m[INFO] 11:12:15,823 [Test worker] persistence.HibernateConfiguration. - Created session factory for schemas: [VaultMigrationSchemaV1(name=net.corda.node.migration.VaultMigrationSchema, version=1), VaultSchemaV1(name=net.corda.node.services.vault.VaultSchema, version=1)]
?[m?[37m[INFO] 11:12:15,823 [Test worker] internal.QueryTranslatorFactoryInitiator. - HHH000397: Using ASTQueryTranslatorFactory
?[m?[37m[INFO] 11:12:15,828 [Test worker] migration.VaultStateMigration. - Finished performing vault state data migration for 0 states
?[m?[37m[INFO] 11:12:15,828 [Test worker] liquibase. - master.changelog.json: migration/vault-schema.changelog-v9.xml::update-vault-states::R3.Corda: null
?[m?[37m[INFO] 11:12:15,828 [Test worker] liquibase. - master.changelog.json: migration/vault-schema.changelog-v9.xml::update-vault-states::R3.Corda: ChangeSet migration/vault-schema.changelog-v9.xml::update-vault-states::R3.Corda ran successfully in 53ms
?[m?[37m[INFO] 11:12:15,829 [Test worker] liquibase. - Successfully released change log lock
?[m?[37m[INFO] 11:12:15,829 [Test worker] internal.InternalMockNetwork$MockNode. - Connected to H2 database.
?[m?[37m[INFO] 11:12:15,829 [Test worker] internal.InternalMockNetwork$MockNode. - identity-private-key not found in key store, generating fresh key!
?[m?[37m[INFO] 11:12:15,840 [Test worker] persistence.HibernateConfiguration. - Init HibernateConfiguration for schemas: [CommonSchemaV1(name=net.corda.core.schemas.CommonSchema, version=1), VaultSchemaV1(name=net.corda.node.services.vault.VaultSchema, version=1), NodeInfoSchemaV1(name=net.corda.node.internal.schemas.NodeInfoSchema, version=1), NodeCoreV1(name=net.corda.node.services.schema.NodeSchemaService$NodeCore, version=1), FNOLSchemaV1(name=com.example.schema.FNOLSchema, version=1), IOUSchemaV1(name=com.example.schema.IOUSchema, version=1)]
?[m?[37m[INFO] 11:12:15,841 [Test worker] persistence.HibernateConfiguration. - Creating session factory for schemas: [CommonSchemaV1(name=net.corda.core.schemas.CommonSchema, version=1), VaultSchemaV1(name=net.corda.node.services.vault.VaultSchema, version=1), NodeInfoSchemaV1(name=net.corda.node.internal.schemas.NodeInfoSchema, version=1), NodeCoreV1(name=net.corda.node.services.schema.NodeSchemaService$NodeCore, version=1), FNOLSchemaV1(name=com.example.schema.FNOLSchema, version=1), IOUSchemaV1(name=com.example.schema.IOUSchema, version=1)]
?[m?[37m[INFO] 11:12:15,844 [Test worker] internal.ConnectionProviderInitiator. - HHH000130: Instantiating explicit connection provider: net.corda.nodeapi.internal.persistence.HibernateConfiguration$NodeDatabaseConnectionProvider
?[m?[37m[INFO] 11:12:15,844 [Test worker] dialect.Dialect. - HHH000400: Using dialect: org.hibernate.dialect.H2Dialect
?[m?[37m[INFO] 11:12:15,845 [Test worker] type.BasicTypeRegistry. - HHH000270: Type registration [materialized_blob] overrides previous : org.hibernate.type.MaterializedBlobType@13ae4c5f
?[m?[37m[INFO] 11:12:15,891 [Test worker] connections.access. - HHH10001501: Connection obtained from JdbcConnectionAccess [org.hibernate.engine.jdbc.env.internal.JdbcEnvironmentInitiator$ConnectionProviderJdbcConnectionAccess@2c0c3be7] for (non-JTA) DDL execution was not in auto-commit mode; the Connection 'local transaction' will be committed and the Connection will be set into auto-commit mode.
?[m?[37m[INFO] 11:12:15,924 [Test worker] persistence.HibernateConfiguration. - Created session factory for schemas: [CommonSchemaV1(name=net.corda.core.schemas.CommonSchema, version=1), VaultSchemaV1(name=net.corda.node.services.vault.VaultSchema, version=1), NodeInfoSchemaV1(name=net.corda.node.internal.schemas.NodeInfoSchema, version=1), NodeCoreV1(name=net.corda.node.services.schema.NodeSchemaService$NodeCore, version=1), FNOLSchemaV1(name=com.example.schema.FNOLSchema, version=1), IOUSchemaV1(name=com.example.schema.IOUSchema, version=1)]
?[m?[37m[INFO] 11:12:15,925 [Test worker] internal.QueryTranslatorFactoryInitiator. - HHH000397: Using ASTQueryTranslatorFactory
?[m?[37m[INFO] 11:12:15,927 [Test worker] internal.InternalMockNetwork$MockNode. - Node-info has changed so submitting update. Old node-info was null
?[m?[37m[INFO] 11:12:15,927 [Test worker] network.PersistentNetworkMapCache. - Adding node with info: NodeInfo(addresses=[mock.node:1000], legalIdentitiesAndCerts=[O=Mock Company 1, L=London, C=GB], platformVersion=4, serial=1554649935927)
?[m?[37m[INFO] 11:12:15,928 [Test worker] network.PersistentNetworkMapCache. - No previous node found
?[m?[37m[INFO] 11:12:15,931 [Test worker] internal.InternalMockNetwork$MockNode. - New node-info: NodeInfo(addresses=[mock.node:1000], legalIdentitiesAndCerts=[O=Mock Company 1, L=London, C=GB], platformVersion=4, serial=1554649935927)
?[m?[37m[INFO] 11:12:15,935 [Test worker] network.NetworkMapUpdater. - Auto-accept enabled for network parameter changes which modify only: [epoch, modifiedTime, packageOwnership, whitelistedContractImplementations]
?[m?[37m[INFO] 11:12:15,937 [MockNode-14-2] network.PersistentNetworkMapCache. - Adding node with info: NodeInfo(addresses=[mock.node:1000], legalIdentitiesAndCerts=[O=Mock Company 1, L=London, C=GB], platformVersion=4, serial=1554649935927)
?[m?[37m[INFO] 11:12:15,940 [MockNode-14-2] network.PersistentNetworkMapCache. - Previous node was identical to incoming one - doing nothing
?[m?[37m[INFO] 11:12:15,960 [Test worker] ClassloaderUtils. - Contracts loading for '/var/folders/5q/xy985yhj7rg30rc4c_z3gd4m0000gn/T/attachment2486283182433950909.jar' took 20 msec
?[m?[37m[INFO] 11:12:15,968 [Test worker] persistence.NodeAttachmentService. - Stored new attachment: id=B0DC6BB384D1A6B002EFC0F67EDD756DE1A1E8883DAE28EEB966064A6EF48F64 uploader=app filename=null
?[m?[37m[INFO] 11:12:15,972 [Test worker] statemachine.SingleThreadedStateMachineManager. - Node ready, info: NodeInfo(addresses=[mock.node:1000], legalIdentitiesAndCerts=[O=Mock Company 1, L=London, C=GB], platformVersion=4, serial=1554649935927)
?[m?[37m[INFO] 11:12:15,974 [Test worker] network.PersistentNetworkMapCache. - Adding node with info: NodeInfo(addresses=[mock.node:1000], legalIdentitiesAndCerts=[O=Notary Service, L=Zurich, C=CH], platformVersion=4, serial=1554649935420)
?[m?[37m[INFO] 11:12:15,975 [Test worker] network.PersistentNetworkMapCache. - No previous node found
?[m?[37m[INFO] 11:12:15,980 [Test worker] network.PersistentNetworkMapCache. - Adding node with info: NodeInfo(addresses=[mock.node:1000], legalIdentitiesAndCerts=[O=Mock Company 1, L=London, C=GB], platformVersion=4, serial=1554649935927)
?[m?[37m[INFO] 11:12:15,982 [Test worker] network.PersistentNetworkMapCache. - No previous node found
?[m?[37m[INFO] 11:12:15,986 [Test worker] network.PersistentNetworkMapCache. - Adding node with info: NodeInfo(addresses=[mock.node:1000], legalIdentitiesAndCerts=[O=Mock Company 1, L=London, C=GB], platformVersion=4, serial=1554649935927)
?[m?[37m[INFO] 11:12:15,986 [Test worker] network.PersistentNetworkMapCache. - Previous node was identical to incoming one - doing nothing
?[m?[37m[INFO] 11:12:15,986 [Test worker] network.PersistentNetworkMapCache. - Adding node with info: NodeInfo(addresses=[mock.node:1000], legalIdentitiesAndCerts=[O=Mock Company 1, L=London, C=GB], platformVersion=4, serial=1554649935927)
?[m?[37m[INFO] 11:12:15,987 [Test worker] network.PersistentNetworkMapCache. - Previous node was identical to incoming one - doing nothing
?[m?[37m[INFO] 11:12:15,990 [Test worker] cordapp.JarScanningCordappLoader. - Looking for CorDapps in [build/mock-network/20190407-151214.940/nodes/2/cordapps]
?[m?[37m[INFO] 11:12:15,990 [Test worker] cordapp.JarScanningCordappLoader. - Loading CorDapps from RestrictedURL(url=file:/Users/vivian.a.chen/Hackathon/samples/cordapp-example/workflows-kotlin/build/mock-network/20190407-151214.940/nodes/2/cordapps/cordapp-example-workflows-0.1.jar, rootPackageName=null), RestrictedURL(url=file:/Users/vivian.a.chen/Hackathon/samples/cordapp-example/workflows-kotlin/build/mock-network/20190407-151214.940/nodes/2/cordapps/cordapp-example-contracts-0.1.jar, rootPackageName=null)
?[m?[37m[INFO] 11:12:15,990 [Test worker] cordapp.JarScanningCordappLoader. - Scanning CorDapp in file:/Users/vivian.a.chen/Hackathon/samples/cordapp-example/workflows-kotlin/build/mock-network/20190407-151214.940/nodes/2/cordapps/cordapp-example-workflows-0.1.jar
?[m?[37m[INFO] 11:12:16,012 [Test worker] cordapp.JarScanningCordappLoader. - Found notary service CorDapp implementations: 
?[m?[37m[INFO] 11:12:16,012 [Test worker] cordapp.JarScanningCordappLoader. - Scanning CorDapp in file:/Users/vivian.a.chen/Hackathon/samples/cordapp-example/workflows-kotlin/build/mock-network/20190407-151214.940/nodes/2/cordapps/cordapp-example-contracts-0.1.jar
?[m?[37m[INFO] 11:12:16,027 [Test worker] cordapp.JarScanningCordappLoader. - Found notary service CorDapp implementations: 
?[m?[37m[INFO] 11:12:16,032 [Test worker] internal.InternalMockNetwork$MockNode. - Node starting up ...
?[m?[37m[INFO] 11:12:16,052 [Test worker] internal.NodeFlowManager. - Registered com.example.flow.CreateFNOLFlow$Initiator to initiate com.example.flow.CreateFNOLFlow$Acceptor (version 1)
?[m?[37m[INFO] 11:12:16,052 [Test worker] internal.NodeFlowManager. - Registered com.example.flow.ExampleFlow$Initiator to initiate com.example.flow.ExampleFlow$Acceptor (version 1)
?[m?[37m[INFO] 11:12:16,052 [Test worker] internal.NodeFlowManager. - Registered com.example.flow.UpdateFNOLFlow$Initiator to initiate com.example.flow.UpdateFNOLFlow$Acceptor (version 1)
?[m?[37m[INFO] 11:12:16,054 [Test worker] internal.InternalMockNetwork$MockNode. - Loaded network parameters: NetworkParameters {
      minimumPlatformVersion=1
      notaries=[NotaryInfo(identity=O=Notary Service, L=Zurich, C=CH, validating=true)]
      maxMessageSize=10485760
      maxTransactionSize=524288000
      whitelistedContractImplementations {
        
      }
      eventHorizon=PT720H
      packageOwnership {
        
      }
      modifiedTime=2019-04-07T15:12:14.939Z
      epoch=1
  }
?[m?[37m[INFO] 11:12:16,054 [Test worker] hikari.HikariDataSource. - HikariPool-15 - Started.
?[m?[37m[INFO] 11:12:16,150 [Test worker] liquibase. - Creating database history table with name: PUBLIC.DATABASECHANGELOG
?[m?[37m[INFO] 11:12:16,151 [Test worker] liquibase. - Reading from PUBLIC.DATABASECHANGELOG
?[m?[37m[INFO] 11:12:16,153 [Test worker] liquibase. - master.changelog.json: migration/common.changelog-init.xml::1511451595465-1.3::R3.Corda: Skipping changeSet migration/common.changelog-init.xml::1511451595465-1.3::R3.Corda due to validation error(s): minValue is not allowed on h2
?[m?[37m[INFO] 11:12:16,156 [Test worker] liquibase. - master.changelog.json: migration/vault-schema.changelog-pkey.xml::non-clustered_pk-11::R3.Corda: Skipping changeSet migration/vault-schema.changelog-pkey.xml::non-clustered_pk-11::R3.Corda due to validation error(s): clustered is not allowed on h2
?[m?[37m[INFO] 11:12:16,157 [Test worker] liquibase. - master.changelog.json: migration/vault-schema.changelog-pkey.xml::non-clustered_pk-12::R3.Corda: Skipping changeSet migration/vault-schema.changelog-pkey.xml::non-clustered_pk-12::R3.Corda due to validation error(s): clustered is not allowed on h2
?[m?[37m[INFO] 11:12:16,157 [Test worker] liquibase. - master.changelog.json: migration/vault-schema.changelog-pkey.xml::non-clustered_pk-13::R3.Corda: Skipping changeSet migration/vault-schema.changelog-pkey.xml::non-clustered_pk-13::R3.Corda due to validation error(s): clustered is not allowed on h2
?[m?[37m[INFO] 11:12:16,164 [Test worker] liquibase. - master.changelog.json: migration/node-core.changelog-pkey.xml::non-clustered_pk-1::R3.Corda: Skipping changeSet migration/node-core.changelog-pkey.xml::non-clustered_pk-1::R3.Corda due to validation error(s): clustered is not allowed on h2
?[m?[37m[INFO] 11:12:16,165 [Test worker] liquibase. - master.changelog.json: migration/node-core.changelog-pkey.xml::non-clustered_pk-2::R3.Corda: Skipping changeSet migration/node-core.changelog-pkey.xml::non-clustered_pk-2::R3.Corda due to validation error(s): clustered is not allowed on h2
?[m?[37m[INFO] 11:12:16,165 [Test worker] liquibase. - master.changelog.json: migration/node-core.changelog-pkey.xml::non-clustered_pk-3::R3.Corda: Skipping changeSet migration/node-core.changelog-pkey.xml::non-clustered_pk-3::R3.Corda due to validation error(s): clustered is not allowed on h2
?[m?[37m[INFO] 11:12:16,165 [Test worker] liquibase. - master.changelog.json: migration/node-core.changelog-pkey.xml::non-clustered_pk-4::R3.Corda: Skipping changeSet migration/node-core.changelog-pkey.xml::non-clustered_pk-4::R3.Corda due to validation error(s): clustered is not allowed on h2
?[m?[37m[INFO] 11:12:16,165 [Test worker] liquibase. - master.changelog.json: migration/node-core.changelog-pkey.xml::non-clustered_pk-5::R3.Corda: Skipping changeSet migration/node-core.changelog-pkey.xml::non-clustered_pk-5::R3.Corda due to validation error(s): clustered is not allowed on h2
?[m?[37m[INFO] 11:12:16,165 [Test worker] liquibase. - master.changelog.json: migration/node-core.changelog-pkey.xml::non-clustered_pk-6::R3.Corda: Skipping changeSet migration/node-core.changelog-pkey.xml::non-clustered_pk-6::R3.Corda due to validation error(s): clustered is not allowed on h2
?[m?[37m[INFO] 11:12:16,165 [Test worker] liquibase. - master.changelog.json: migration/node-core.changelog-pkey.xml::non-clustered_pk-7::R3.Corda: Skipping changeSet migration/node-core.changelog-pkey.xml::non-clustered_pk-7::R3.Corda due to validation error(s): clustered is not allowed on h2
?[m?[37m[INFO] 11:12:16,167 [Test worker] liquibase. - Successfully acquired change log lock
?[m?[37m[INFO] 11:12:16,168 [Test worker] liquibase. - master.changelog.json: migration/common.changelog-init.xml::1511451595465-1.3::R3.Corda: Skipping changeSet migration/common.changelog-init.xml::1511451595465-1.3::R3.Corda due to validation error(s): minValue is not allowed on h2
?[m?[37m[INFO] 11:12:16,169 [Test worker] liquibase. - master.changelog.json: migration/vault-schema.changelog-pkey.xml::non-clustered_pk-11::R3.Corda: Skipping changeSet migration/vault-schema.changelog-pkey.xml::non-clustered_pk-11::R3.Corda due to validation error(s): clustered is not allowed on h2
?[m?[37m[INFO] 11:12:16,169 [Test worker] liquibase. - master.changelog.json: migration/vault-schema.changelog-pkey.xml::non-clustered_pk-12::R3.Corda: Skipping changeSet migration/vault-schema.changelog-pkey.xml::non-clustered_pk-12::R3.Corda due to validation error(s): clustered is not allowed on h2
?[m?[37m[INFO] 11:12:16,169 [Test worker] liquibase. - master.changelog.json: migration/vault-schema.changelog-pkey.xml::non-clustered_pk-13::R3.Corda: Skipping changeSet migration/vault-schema.changelog-pkey.xml::non-clustered_pk-13::R3.Corda due to validation error(s): clustered is not allowed on h2
?[m?[37m[INFO] 11:12:16,172 [Test worker] liquibase. - master.changelog.json: migration/node-core.changelog-pkey.xml::non-clustered_pk-1::R3.Corda: Skipping changeSet migration/node-core.changelog-pkey.xml::non-clustered_pk-1::R3.Corda due to validation error(s): clustered is not allowed on h2
?[m?[37m[INFO] 11:12:16,172 [Test worker] liquibase. - master.changelog.json: migration/node-core.changelog-pkey.xml::non-clustered_pk-2::R3.Corda: Skipping changeSet migration/node-core.changelog-pkey.xml::non-clustered_pk-2::R3.Corda due to validation error(s): clustered is not allowed on h2
?[m?[37m[INFO] 11:12:16,172 [Test worker] liquibase. - master.changelog.json: migration/node-core.changelog-pkey.xml::non-clustered_pk-3::R3.Corda: Skipping changeSet migration/node-core.changelog-pkey.xml::non-clustered_pk-3::R3.Corda due to validation error(s): clustered is not allowed on h2
?[m?[37m[INFO] 11:12:16,172 [Test worker] liquibase. - master.changelog.json: migration/node-core.changelog-pkey.xml::non-clustered_pk-4::R3.Corda: Skipping changeSet migration/node-core.changelog-pkey.xml::non-clustered_pk-4::R3.Corda due to validation error(s): clustered is not allowed on h2
?[m?[37m[INFO] 11:12:16,172 [Test worker] liquibase. - master.changelog.json: migration/node-core.changelog-pkey.xml::non-clustered_pk-5::R3.Corda: Skipping changeSet migration/node-core.changelog-pkey.xml::non-clustered_pk-5::R3.Corda due to validation error(s): clustered is not allowed on h2
?[m?[37m[INFO] 11:12:16,172 [Test worker] liquibase. - master.changelog.json: migration/node-core.changelog-pkey.xml::non-clustered_pk-6::R3.Corda: Skipping changeSet migration/node-core.changelog-pkey.xml::non-clustered_pk-6::R3.Corda due to validation error(s): clustered is not allowed on h2
?[m?[37m[INFO] 11:12:16,172 [Test worker] liquibase. - master.changelog.json: migration/node-core.changelog-pkey.xml::non-clustered_pk-7::R3.Corda: Skipping changeSet migration/node-core.changelog-pkey.xml::non-clustered_pk-7::R3.Corda due to validation error(s): clustered is not allowed on h2
?[m?[37m[INFO] 11:12:16,173 [Test worker] liquibase. - master.changelog.json: migration/common.changelog-init.xml::1511451595465-1.1::R3.Corda: Sequence hibernate_sequence created
?[m?[37m[INFO] 11:12:16,173 [Test worker] liquibase. - master.changelog.json: migration/common.changelog-init.xml::1511451595465-1.1::R3.Corda: ChangeSet migration/common.changelog-init.xml::1511451595465-1.1::R3.Corda ran successfully in 0ms
?[m?[37m[INFO] 11:12:16,175 [Test worker] liquibase. - master.changelog.json: migration/vault-schema.changelog-init.xml::1511451595465-22::R3.Corda: Table vault_fungible_states created
?[m?[37m[INFO] 11:12:16,175 [Test worker] liquibase. - master.changelog.json: migration/vault-schema.changelog-init.xml::1511451595465-22::R3.Corda: ChangeSet migration/vault-schema.changelog-init.xml::1511451595465-22::R3.Corda ran successfully in 1ms
?[m?[37m[INFO] 11:12:16,175 [Test worker] liquibase. - master.changelog.json: migration/vault-schema.changelog-init.xml::1511451595465-23::R3.Corda: Table vault_fungible_states_parts created
?[m?[37m[INFO] 11:12:16,175 [Test worker] liquibase. - master.changelog.json: migration/vault-schema.changelog-init.xml::1511451595465-23::R3.Corda: ChangeSet migration/vault-schema.changelog-init.xml::1511451595465-23::R3.Corda ran successfully in 0ms
?[m?[37m[INFO] 11:12:16,176 [Test worker] liquibase. - master.changelog.json: migration/vault-schema.changelog-init.xml::1511451595465-24::R3.Corda: Table vault_linear_states created
?[m?[37m[INFO] 11:12:16,176 [Test worker] liquibase. - master.changelog.json: migration/vault-schema.changelog-init.xml::1511451595465-24::R3.Corda: ChangeSet migration/vault-schema.changelog-init.xml::1511451595465-24::R3.Corda ran successfully in 0ms
?[m?[37m[INFO] 11:12:16,177 [Test worker] liquibase. - master.changelog.json: migration/vault-schema.changelog-init.xml::1511451595465-25::R3.Corda: Table vault_linear_states_parts created
?[m?[37m[INFO] 11:12:16,177 [Test worker] liquibase. - master.changelog.json: migration/vault-schema.changelog-init.xml::1511451595465-25::R3.Corda: ChangeSet migration/vault-schema.changelog-init.xml::1511451595465-25::R3.Corda ran successfully in 0ms
?[m?[37m[INFO] 11:12:16,178 [Test worker] liquibase. - master.changelog.json: migration/vault-schema.changelog-init.xml::1511451595465-26::R3.Corda: Table vault_states created
?[m?[37m[INFO] 11:12:16,178 [Test worker] liquibase. - master.changelog.json: migration/vault-schema.changelog-init.xml::1511451595465-26::R3.Corda: ChangeSet migration/vault-schema.changelog-init.xml::1511451595465-26::R3.Corda ran successfully in 1ms
?[m?[37m[INFO] 11:12:16,178 [Test worker] liquibase. - master.changelog.json: migration/vault-schema.changelog-init.xml::1511451595465-27::R3.Corda: Table vault_transaction_notes created
?[m?[37m[INFO] 11:12:16,178 [Test worker] liquibase. - master.changelog.json: migration/vault-schema.changelog-init.xml::1511451595465-27::R3.Corda: ChangeSet migration/vault-schema.changelog-init.xml::1511451595465-27::R3.Corda ran successfully in 0ms
?[m?[37m[INFO] 11:12:16,179 [Test worker] liquibase. - master.changelog.json: migration/vault-schema.changelog-init.xml::1511451595465-47::R3.Corda: Primary key added to vault_fungible_states (output_index, transaction_id)
?[m?[37m[INFO] 11:12:16,179 [Test worker] liquibase. - master.changelog.json: migration/vault-schema.changelog-init.xml::1511451595465-47::R3.Corda: ChangeSet migration/vault-schema.changelog-init.xml::1511451595465-47::R3.Corda ran successfully in 0ms
?[m?[37m[INFO] 11:12:16,180 [Test worker] liquibase. - master.changelog.json: migration/vault-schema.changelog-init.xml::1511451595465-48::R3.Corda: Primary key added to vault_linear_states (output_index, transaction_id)
?[m?[37m[INFO] 11:12:16,180 [Test worker] liquibase. - master.changelog.json: migration/vault-schema.changelog-init.xml::1511451595465-48::R3.Corda: ChangeSet migration/vault-schema.changelog-init.xml::1511451595465-48::R3.Corda ran successfully in 0ms
?[m?[37m[INFO] 11:12:16,181 [Test worker] liquibase. - master.changelog.json: migration/vault-schema.changelog-init.xml::1511451595465-49::R3.Corda: Primary key added to vault_states (output_index, transaction_id)
?[m?[37m[INFO] 11:12:16,181 [Test worker] liquibase. - master.changelog.json: migration/vault-schema.changelog-init.xml::1511451595465-49::R3.Corda: ChangeSet migration/vault-schema.changelog-init.xml::1511451595465-49::R3.Corda ran successfully in 1ms
?[m?[37m[INFO] 11:12:16,181 [Test worker] liquibase. - master.changelog.json: migration/vault-schema.changelog-init.xml::1511451595465-50::R3.Corda: Primary key added to vault_transaction_notes (seq_no)
?[m?[37m[INFO] 11:12:16,181 [Test worker] liquibase. - master.changelog.json: migration/vault-schema.changelog-init.xml::1511451595465-50::R3.Corda: ChangeSet migration/vault-schema.changelog-init.xml::1511451595465-50::R3.Corda ran successfully in 0ms
?[m?[37m[INFO] 11:12:16,182 [Test worker] liquibase. - master.changelog.json: migration/vault-schema.changelog-init.xml::1511451595465-53::R3.Corda: Index external_id_index created
?[m?[37m[INFO] 11:12:16,182 [Test worker] liquibase. - master.changelog.json: migration/vault-schema.changelog-init.xml::1511451595465-53::R3.Corda: ChangeSet migration/vault-schema.changelog-init.xml::1511451595465-53::R3.Corda ran successfully in 0ms
?[m?[37m[INFO] 11:12:16,183 [Test worker] liquibase. - master.changelog.json: migration/vault-schema.changelog-init.xml::1511451595465-55::R3.Corda: Index lock_id_idx created
?[m?[37m[INFO] 11:12:16,183 [Test worker] liquibase. - master.changelog.json: migration/vault-schema.changelog-init.xml::1511451595465-55::R3.Corda: ChangeSet migration/vault-schema.changelog-init.xml::1511451595465-55::R3.Corda ran successfully in 0ms
?[m?[37m[INFO] 11:12:16,184 [Test worker] liquibase. - master.changelog.json: migration/vault-schema.changelog-init.xml::1511451595465-58::R3.Corda: Index state_status_idx created
?[m?[37m[INFO] 11:12:16,184 [Test worker] liquibase. - master.changelog.json: migration/vault-schema.changelog-init.xml::1511451595465-58::R3.Corda: ChangeSet migration/vault-schema.changelog-init.xml::1511451595465-58::R3.Corda ran successfully in 0ms
?[m?[37m[INFO] 11:12:16,184 [Test worker] liquibase. - master.changelog.json: migration/vault-schema.changelog-init.xml::1511451595465-59::R3.Corda: Index transaction_id_index created
?[m?[37m[INFO] 11:12:16,184 [Test worker] liquibase. - master.changelog.json: migration/vault-schema.changelog-init.xml::1511451595465-59::R3.Corda: ChangeSet migration/vault-schema.changelog-init.xml::1511451595465-59::R3.Corda ran successfully in 0ms
?[m?[37m[INFO] 11:12:16,186 [Test worker] liquibase. - master.changelog.json: migration/vault-schema.changelog-init.xml::1511451595465-60::R3.Corda: Index uuid_index created
?[m?[37m[INFO] 11:12:16,186 [Test worker] liquibase. - master.changelog.json: migration/vault-schema.changelog-init.xml::1511451595465-60::R3.Corda: ChangeSet migration/vault-schema.changelog-init.xml::1511451595465-60::R3.Corda ran successfully in 1ms
?[m?[37m[INFO] 11:12:16,187 [Test worker] liquibase. - master.changelog.json: migration/vault-schema.changelog-init.xml::1511451595465-64::R3.Corda: Foreign key constraint added to vault_fungible_states_parts (output_index,transaction_id)
?[m?[37m[INFO] 11:12:16,187 [Test worker] liquibase. - master.changelog.json: migration/vault-schema.changelog-init.xml::1511451595465-64::R3.Corda: ChangeSet migration/vault-schema.changelog-init.xml::1511451595465-64::R3.Corda ran successfully in 1ms
?[m?[37m[INFO] 11:12:16,188 [Test worker] liquibase. - master.changelog.json: migration/vault-schema.changelog-init.xml::1511451595465-65::R3.Corda: Foreign key constraint added to vault_linear_states_parts (output_index,transaction_id)
?[m?[37m[INFO] 11:12:16,188 [Test worker] liquibase. - master.changelog.json: migration/vault-schema.changelog-init.xml::1511451595465-65::R3.Corda: ChangeSet migration/vault-schema.changelog-init.xml::1511451595465-65::R3.Corda ran successfully in 0ms
?[m?[37m[INFO] 11:12:16,189 [Test worker] liquibase. - master.changelog.json: migration/vault-schema.changelog-v3.xml::clean_vault::R3.Corda: Data deleted from vault_fungible_states_parts
?[m?[37m[INFO] 11:12:16,189 [Test worker] liquibase. - master.changelog.json: migration/vault-schema.changelog-v3.xml::clean_vault::R3.Corda: Data deleted from vault_fungible_states
?[m?[37m[INFO] 11:12:16,189 [Test worker] liquibase. - master.changelog.json: migration/vault-schema.changelog-v3.xml::clean_vault::R3.Corda: Data deleted from vault_linear_states_parts
?[m?[37m[INFO] 11:12:16,189 [Test worker] liquibase. - master.changelog.json: migration/vault-schema.changelog-v3.xml::clean_vault::R3.Corda: Data deleted from vault_linear_states
?[m?[37m[INFO] 11:12:16,189 [Test worker] liquibase. - master.changelog.json: migration/vault-schema.changelog-v3.xml::clean_vault::R3.Corda: Data deleted from vault_states
?[m?[37m[INFO] 11:12:16,189 [Test worker] liquibase. - master.changelog.json: migration/vault-schema.changelog-v3.xml::clean_vault::R3.Corda: Data deleted from vault_transaction_notes
?[m?[37m[INFO] 11:12:16,189 [Test worker] liquibase. - master.changelog.json: migration/vault-schema.changelog-v3.xml::clean_vault::R3.Corda: ChangeSet migration/vault-schema.changelog-v3.xml::clean_vault::R3.Corda ran successfully in 0ms
?[m?[37m[INFO] 11:12:16,190 [Test worker] liquibase. - master.changelog.json: migration/vault-schema.changelog-v4.xml::nullability::R3.Corda: Null constraint has been added to vault_fungible_states.quantity
?[m?[37m[INFO] 11:12:16,190 [Test worker] liquibase. - master.changelog.json: migration/vault-schema.changelog-v4.xml::nullability::R3.Corda: Null constraint has been added to vault_states.contract_state_class_name
?[m?[37m[INFO] 11:12:16,190 [Test worker] liquibase. - master.changelog.json: migration/vault-schema.changelog-v4.xml::nullability::R3.Corda: Null constraint has been added to vault_states.notary_name
?[m?[37m[INFO] 11:12:16,190 [Test worker] liquibase. - master.changelog.json: migration/vault-schema.changelog-v4.xml::nullability::R3.Corda: Null constraint has been added to vault_states.recorded_timestamp
?[m?[37m[INFO] 11:12:16,190 [Test worker] liquibase. - master.changelog.json: migration/vault-schema.changelog-v4.xml::nullability::R3.Corda: Index state_status_idx dropped from table vault_states
?[m?[37m[INFO] 11:12:16,190 [Test worker] liquibase. - master.changelog.json: migration/vault-schema.changelog-v4.xml::nullability::R3.Corda: Index lock_id_idx dropped from table vault_states
?[m?[37m[INFO] 11:12:16,190 [Test worker] liquibase. - master.changelog.json: migration/vault-schema.changelog-v4.xml::nullability::R3.Corda: Null constraint has been added to vault_states.state_status
?[m?[37m[INFO] 11:12:16,191 [Test worker] liquibase. - master.changelog.json: migration/vault-schema.changelog-v4.xml::nullability::R3.Corda: Index state_status_idx created
?[m?[37m[INFO] 11:12:16,191 [Test worker] liquibase. - master.changelog.json: migration/vault-schema.changelog-v4.xml::nullability::R3.Corda: Index lock_id_idx created
?[m?[37m[INFO] 11:12:16,191 [Test worker] liquibase. - master.changelog.json: migration/vault-schema.changelog-v4.xml::nullability::R3.Corda: Index transaction_id_index dropped from table vault_transaction_notes
?[m?[37m[INFO] 11:12:16,191 [Test worker] liquibase. - master.changelog.json: migration/vault-schema.changelog-v4.xml::nullability::R3.Corda: Null constraint has been added to vault_transaction_notes.note
?[m?[37m[INFO] 11:12:16,191 [Test worker] liquibase. - master.changelog.json: migration/vault-schema.changelog-v4.xml::nullability::R3.Corda: Null constraint has been added to vault_transaction_notes.transaction_id
?[m?[37m[INFO] 11:12:16,191 [Test worker] liquibase. - master.changelog.json: migration/vault-schema.changelog-v4.xml::nullability::R3.Corda: Index transaction_id_index created
?[m?[37m[INFO] 11:12:16,191 [Test worker] liquibase. - master.changelog.json: migration/vault-schema.changelog-v4.xml::nullability::R3.Corda: ChangeSet migration/vault-schema.changelog-v4.xml::nullability::R3.Corda ran successfully in 1ms
?[m?[37m[INFO] 11:12:16,196 [Test worker] liquibase. - master.changelog.json: migration/vault-schema.changelog-v5.xml::add_relevancy_status_column::R3.Corda: Columns relevancy_status(INT) added to vault_states
?[m?[37m[INFO] 11:12:16,196 [Test worker] liquibase. - master.changelog.json: migration/vault-schema.changelog-v5.xml::add_relevancy_status_column::R3.Corda: Data updated in vault_states
?[m?[37m[INFO] 11:12:16,196 [Test worker] liquibase. - master.changelog.json: migration/vault-schema.changelog-v5.xml::add_relevancy_status_column::R3.Corda: Null constraint has been added to vault_states.relevancy_status
?[m?[37m[INFO] 11:12:16,196 [Test worker] liquibase. - master.changelog.json: migration/vault-schema.changelog-v5.xml::add_relevancy_status_column::R3.Corda: ChangeSet migration/vault-schema.changelog-v5.xml::add_relevancy_status_column::R3.Corda ran successfully in 2ms
?[m?[37m[INFO] 11:12:16,198 [Test worker] liquibase. - master.changelog.json: migration/vault-schema.changelog-v6.xml::add_is_constraint_information_columns::R3.Corda: Columns constraint_type(INT) added to vault_states
?[m?[37m[INFO] 11:12:16,199 [Test worker] liquibase. - master.changelog.json: migration/vault-schema.changelog-v6.xml::add_is_constraint_information_columns::R3.Corda: Columns constraint_data(varbinary(563)) added to vault_states
?[m?[37m[INFO] 11:12:16,199 [Test worker] liquibase. - master.changelog.json: migration/vault-schema.changelog-v6.xml::add_is_constraint_information_columns::R3.Corda: ChangeSet migration/vault-schema.changelog-v6.xml::add_is_constraint_information_columns::R3.Corda ran successfully in 2ms
?[m?[37m[INFO] 11:12:16,200 [Test worker] liquibase. - master.changelog.json: migration/vault-schema.changelog-v7.xml::make_issuer_ref_nullable::R3.Corda: Null constraint dropped from vault_fungible_states.issuer_ref
?[m?[37m[INFO] 11:12:16,200 [Test worker] liquibase. - master.changelog.json: migration/vault-schema.changelog-v7.xml::make_issuer_ref_nullable::R3.Corda: ChangeSet migration/vault-schema.changelog-v7.xml::make_issuer_ref_nullable::R3.Corda ran successfully in 0ms
?[m?[37m[INFO] 11:12:16,201 [Test worker] liquibase. - master.changelog.json: migration/vault-schema.changelog-v8.xml::create-external-id-to-state-party-view::R3.Corda: Table state_party created
?[m?[37m[INFO] 11:12:16,201 [Test worker] liquibase. - master.changelog.json: migration/vault-schema.changelog-v8.xml::create-external-id-to-state-party-view::R3.Corda: Index state_pk_hash_idx created
?[m?[37m[INFO] 11:12:16,201 [Test worker] liquibase. - master.changelog.json: migration/vault-schema.changelog-v8.xml::create-external-id-to-state-party-view::R3.Corda: Table pk_hash_to_ext_id_map created
?[m?[37m[INFO] 11:12:16,201 [Test worker] liquibase. - master.changelog.json: migration/vault-schema.changelog-v8.xml::create-external-id-to-state-party-view::R3.Corda: Index pk_hash_to_xid_idx created
?[m?[37m[INFO] 11:12:16,201 [Test worker] liquibase. - master.changelog.json: migration/vault-schema.changelog-v8.xml::create-external-id-to-state-party-view::R3.Corda: View v_pkey_hash_ex_id_map created
?[m?[37m[INFO] 11:12:16,201 [Test worker] liquibase. - master.changelog.json: migration/vault-schema.changelog-v8.xml::create-external-id-to-state-party-view::R3.Corda: ChangeSet migration/vault-schema.changelog-v8.xml::create-external-id-to-state-party-view::R3.Corda ran successfully in 1ms
?[m?[37m[INFO] 11:12:16,202 [Test worker] liquibase. - master.changelog.json: migration/node-info.changelog-init.xml::1511451595465-4::R3.Corda: Table node_link_nodeinfo_party created
?[m?[37m[INFO] 11:12:16,202 [Test worker] liquibase. - master.changelog.json: migration/node-info.changelog-init.xml::1511451595465-4::R3.Corda: ChangeSet migration/node-info.changelog-init.xml::1511451595465-4::R3.Corda ran successfully in 0ms
?[m?[37m[INFO] 11:12:16,203 [Test worker] liquibase. - master.changelog.json: migration/node-info.changelog-init.xml::1511451595465-10::R3.Corda: Table node_info_hosts created
?[m?[37m[INFO] 11:12:16,203 [Test worker] liquibase. - master.changelog.json: migration/node-info.changelog-init.xml::1511451595465-10::R3.Corda: ChangeSet migration/node-info.changelog-init.xml::1511451595465-10::R3.Corda ran successfully in 0ms
?[m?[37m[INFO] 11:12:16,204 [Test worker] liquibase. - master.changelog.json: migration/node-info.changelog-init.xml::1511451595465-11::R3.Corda: Table node_info_party_cert created
?[m?[37m[INFO] 11:12:16,204 [Test worker] liquibase. - master.changelog.json: migration/node-info.changelog-init.xml::1511451595465-11::R3.Corda: ChangeSet migration/node-info.changelog-init.xml::1511451595465-11::R3.Corda ran successfully in 0ms
?[m?[37m[INFO] 11:12:16,205 [Test worker] liquibase. - master.changelog.json: migration/node-info.changelog-init.xml::1511451595465-12::R3.Corda: Table node_infos created
?[m?[37m[INFO] 11:12:16,205 [Test worker] liquibase. - master.changelog.json: migration/node-info.changelog-init.xml::1511451595465-12::R3.Corda: ChangeSet migration/node-info.changelog-init.xml::1511451595465-12::R3.Corda ran successfully in 0ms
?[m?[37m[INFO] 11:12:16,206 [Test worker] liquibase. - master.changelog.json: migration/node-info.changelog-init.xml::1511451595465-35::R3.Corda: Primary key added to node_info_hosts (host, port)
?[m?[37m[INFO] 11:12:16,206 [Test worker] liquibase. - master.changelog.json: migration/node-info.changelog-init.xml::1511451595465-35::R3.Corda: ChangeSet migration/node-info.changelog-init.xml::1511451595465-35::R3.Corda ran successfully in 0ms
?[m?[37m[INFO] 11:12:16,207 [Test worker] liquibase. - master.changelog.json: migration/node-info.changelog-init.xml::1511451595465-36::R3.Corda: Primary key added to node_info_party_cert (party_name)
?[m?[37m[INFO] 11:12:16,207 [Test worker] liquibase. - master.changelog.json: migration/node-info.changelog-init.xml::1511451595465-36::R3.Corda: ChangeSet migration/node-info.changelog-init.xml::1511451595465-36::R3.Corda ran successfully in 1ms
?[m?[37m[INFO] 11:12:16,208 [Test worker] liquibase. - master.changelog.json: migration/node-info.changelog-init.xml::1511451595465-37::R3.Corda: Primary key added to node_infos (node_info_id)
?[m?[37m[INFO] 11:12:16,208 [Test worker] liquibase. - master.changelog.json: migration/node-info.changelog-init.xml::1511451595465-37::R3.Corda: ChangeSet migration/node-info.changelog-init.xml::1511451595465-37::R3.Corda ran successfully in 1ms
?[m?[37m[INFO] 11:12:16,209 [Test worker] liquibase. - master.changelog.json: migration/node-info.changelog-init.xml::1511451595465-62::R3.Corda: Foreign key constraint added to node_link_nodeinfo_party (node_info_id)
?[m?[37m[INFO] 11:12:16,209 [Test worker] liquibase. - master.changelog.json: migration/node-info.changelog-init.xml::1511451595465-62::R3.Corda: ChangeSet migration/node-info.changelog-init.xml::1511451595465-62::R3.Corda ran successfully in 1ms
?[m?[37m[INFO] 11:12:16,210 [Test worker] liquibase. - master.changelog.json: migration/node-info.changelog-init.xml::1511451595465-63::R3.Corda: Foreign key constraint added to node_info_hosts (node_info_id)
?[m?[37m[INFO] 11:12:16,210 [Test worker] liquibase. - master.changelog.json: migration/node-info.changelog-init.xml::1511451595465-63::R3.Corda: ChangeSet migration/node-info.changelog-init.xml::1511451595465-63::R3.Corda ran successfully in 1ms
?[m?[37m[INFO] 11:12:16,210 [Test worker] liquibase. - master.changelog.json: migration/node-info.changelog-init.xml::remove_host_port_pk::R3.Corda: Data deleted from node_infos
?[m?[37m[INFO] 11:12:16,210 [Test worker] liquibase. - master.changelog.json: migration/node-info.changelog-init.xml::remove_host_port_pk::R3.Corda: Data deleted from node_link_nodeinfo_party
?[m?[37m[INFO] 11:12:16,210 [Test worker] liquibase. - master.changelog.json: migration/node-info.changelog-init.xml::remove_host_port_pk::R3.Corda: Data deleted from node_info_hosts
?[m?[37m[INFO] 11:12:16,211 [Test worker] liquibase. - master.changelog.json: migration/node-info.changelog-init.xml::remove_host_port_pk::R3.Corda: Data deleted from node_info_party_cert
?[m?[37m[INFO] 11:12:16,211 [Test worker] liquibase. - master.changelog.json: migration/node-info.changelog-init.xml::remove_host_port_pk::R3.Corda: Primary key dropped from node_info_hosts
?[m?[37m[INFO] 11:12:16,211 [Test worker] liquibase. - master.changelog.json: migration/node-info.changelog-init.xml::remove_host_port_pk::R3.Corda: Columns hosts_id(INT) added to node_info_hosts
?[m?[37m[INFO] 11:12:16,211 [Test worker] liquibase. - master.changelog.json: migration/node-info.changelog-init.xml::remove_host_port_pk::R3.Corda: Primary key added to node_info_hosts (hosts_id)
?[m?[37m[INFO] 11:12:16,211 [Test worker] liquibase. - master.changelog.json: migration/node-info.changelog-init.xml::remove_host_port_pk::R3.Corda: ChangeSet migration/node-info.changelog-init.xml::remove_host_port_pk::R3.Corda ran successfully in 1ms
?[m?[37m[INFO] 11:12:16,212 [Test worker] liquibase. - master.changelog.json: migration/node-info.changelog-v1.xml::key/value node properties table::R3.Corda: Table node_properties created
?[m?[37m[INFO] 11:12:16,212 [Test worker] liquibase. - master.changelog.json: migration/node-info.changelog-v1.xml::key/value node properties table::R3.Corda: ChangeSet migration/node-info.changelog-v1.xml::key/value node properties table::R3.Corda ran successfully in 0ms
?[m?[37m[INFO] 11:12:16,213 [Test worker] liquibase. - master.changelog.json: migration/node-info.changelog-v2.xml::1525962920::R3.Corda: Null constraint has been added to node_infos.node_info_hash
?[m?[37m[INFO] 11:12:16,213 [Test worker] liquibase. - master.changelog.json: migration/node-info.changelog-v2.xml::1525962920::R3.Corda: Null constraint has been added to node_infos.platform_version
?[m?[37m[INFO] 11:12:16,213 [Test worker] liquibase. - master.changelog.json: migration/node-info.changelog-v2.xml::1525962920::R3.Corda: Null constraint has been added to node_infos.serial
?[m?[37m[INFO] 11:12:16,213 [Test worker] liquibase. - master.changelog.json: migration/node-info.changelog-v2.xml::1525962920::R3.Corda: Null constraint dropped from node_info_hosts.host
?[m?[37m[INFO] 11:12:16,213 [Test worker] liquibase. - master.changelog.json: migration/node-info.changelog-v2.xml::1525962920::R3.Corda: Null constraint dropped from node_info_hosts.port
?[m?[37m[INFO] 11:12:16,214 [Test worker] liquibase. - master.changelog.json: migration/node-info.changelog-v2.xml::1525962920::R3.Corda: Null constraint has been added to node_info_party_cert.owning_key_hash
?[m?[37m[INFO] 11:12:16,214 [Test worker] liquibase. - master.changelog.json: migration/node-info.changelog-v2.xml::1525962920::R3.Corda: Null constraint has been added to node_info_party_cert.party_cert_binary
?[m?[37m[INFO] 11:12:16,214 [Test worker] liquibase. - master.changelog.json: migration/node-info.changelog-v2.xml::1525962920::R3.Corda: ChangeSet migration/node-info.changelog-v2.xml::1525962920::R3.Corda ran successfully in 1ms
?[m?[37m[INFO] 11:12:16,215 [Test worker] liquibase. - master.changelog.json: migration/node-info.changelog-v3.xml::column_host_name::R3.Corda: Column node_info_hosts.host renamed to host_name
?[m?[37m[INFO] 11:12:16,215 [Test worker] liquibase. - master.changelog.json: migration/node-info.changelog-v3.xml::column_host_name::R3.Corda: ChangeSet migration/node-info.changelog-v3.xml::column_host_name::R3.Corda ran successfully in 1ms
?[m?[37m[INFO] 11:12:16,216 [Test worker] liquibase. - master.changelog.json: migration/node-services.changelog-init.xml::1511451595465-5::R3.Corda: Table node_attachments created
?[m?[37m[INFO] 11:12:16,216 [Test worker] liquibase. - master.changelog.json: migration/node-services.changelog-init.xml::1511451595465-5::R3.Corda: ChangeSet migration/node-services.changelog-init.xml::1511451595465-5::R3.Corda ran successfully in 1ms
?[m?[37m[INFO] 11:12:16,216 [Test worker] liquibase. - master.changelog.json: migration/node-services.changelog-init.xml::1511451595465-7::R3.Corda: Table node_checkpoints created
?[m?[37m[INFO] 11:12:16,216 [Test worker] liquibase. - master.changelog.json: migration/node-services.changelog-init.xml::1511451595465-7::R3.Corda: ChangeSet migration/node-services.changelog-init.xml::1511451595465-7::R3.Corda ran successfully in 0ms
?[m?[37m[INFO] 11:12:16,217 [Test worker] liquibase. - master.changelog.json: migration/node-services.changelog-init.xml::1511451595465-8::R3.Corda: Table node_contract_upgrades created
?[m?[37m[INFO] 11:12:16,217 [Test worker] liquibase. - master.changelog.json: migration/node-services.changelog-init.xml::1511451595465-8::R3.Corda: ChangeSet migration/node-services.changelog-init.xml::1511451595465-8::R3.Corda ran successfully in 0ms
?[m?[37m[INFO] 11:12:16,218 [Test worker] liquibase. - master.changelog.json: migration/node-services.changelog-init.xml::1511451595465-9::R3.Corda: Table node_identities created
?[m?[37m[INFO] 11:12:16,218 [Test worker] liquibase. - master.changelog.json: migration/node-services.changelog-init.xml::1511451595465-9::R3.Corda: ChangeSet migration/node-services.changelog-init.xml::1511451595465-9::R3.Corda ran successfully in 0ms
?[m?[37m[INFO] 11:12:16,219 [Test worker] liquibase. - master.changelog.json: migration/node-services.changelog-init.xml::1511451595465-13::R3.Corda: Table node_message_ids created
?[m?[37m[INFO] 11:12:16,219 [Test worker] liquibase. - master.changelog.json: migration/node-services.changelog-init.xml::1511451595465-13::R3.Corda: ChangeSet migration/node-services.changelog-init.xml::1511451595465-13::R3.Corda ran successfully in 1ms
?[m?[37m[INFO] 11:12:16,219 [Test worker] liquibase. - master.changelog.json: migration/node-services.changelog-init.xml::1511451595465-14::R3.Corda: Table node_message_retry created
?[m?[37m[INFO] 11:12:16,219 [Test worker] liquibase. - master.changelog.json: migration/node-services.changelog-init.xml::1511451595465-14::R3.Corda: ChangeSet migration/node-services.changelog-init.xml::1511451595465-14::R3.Corda ran successfully in 0ms
?[m?[37m[INFO] 11:12:16,220 [Test worker] liquibase. - master.changelog.json: migration/node-services.changelog-init.xml::1511451595465-15::R3.Corda: Table node_named_identities created
?[m?[37m[INFO] 11:12:16,220 [Test worker] liquibase. - master.changelog.json: migration/node-services.changelog-init.xml::1511451595465-15::R3.Corda: ChangeSet migration/node-services.changelog-init.xml::1511451595465-15::R3.Corda ran successfully in 0ms
?[m?[37m[INFO] 11:12:16,221 [Test worker] liquibase. - master.changelog.json: migration/node-services.changelog-init.xml::1511451595465-17::R3.Corda: Table node_our_key_pairs created
?[m?[37m[INFO] 11:12:16,221 [Test worker] liquibase. - master.changelog.json: migration/node-services.changelog-init.xml::1511451595465-17::R3.Corda: ChangeSet migration/node-services.changelog-init.xml::1511451595465-17::R3.Corda ran successfully in 0ms
?[m?[37m[INFO] 11:12:16,222 [Test worker] liquibase. - master.changelog.json: migration/node-services.changelog-init.xml::1511451595465-19::R3.Corda: Table node_scheduled_states created
?[m?[37m[INFO] 11:12:16,222 [Test worker] liquibase. - master.changelog.json: migration/node-services.changelog-init.xml::1511451595465-19::R3.Corda: ChangeSet migration/node-services.changelog-init.xml::1511451595465-19::R3.Corda ran successfully in 1ms
?[m?[37m[INFO] 11:12:16,222 [Test worker] liquibase. - master.changelog.json: migration/node-services.changelog-init.xml::1511451595465-20::R3.Corda: Table node_transaction_mappings created
?[m?[37m[INFO] 11:12:16,222 [Test worker] liquibase. - master.changelog.json: migration/node-services.changelog-init.xml::1511451595465-20::R3.Corda: ChangeSet migration/node-services.changelog-init.xml::1511451595465-20::R3.Corda ran successfully in 0ms
?[m?[37m[INFO] 11:12:16,223 [Test worker] liquibase. - master.changelog.json: migration/node-services.changelog-init.xml::1511451595465-21::R3.Corda: Table node_transactions created
?[m?[37m[INFO] 11:12:16,223 [Test worker] liquibase. - master.changelog.json: migration/node-services.changelog-init.xml::1511451595465-21::R3.Corda: ChangeSet migration/node-services.changelog-init.xml::1511451595465-21::R3.Corda ran successfully in 0ms
?[m?[37m[INFO] 11:12:16,224 [Test worker] liquibase. - master.changelog.json: migration/node-services.changelog-init.xml::1511451595465-30::R3.Corda: Primary key added to node_attachments (att_id)
?[m?[37m[INFO] 11:12:16,224 [Test worker] liquibase. - master.changelog.json: migration/node-services.changelog-init.xml::1511451595465-30::R3.Corda: ChangeSet migration/node-services.changelog-init.xml::1511451595465-30::R3.Corda ran successfully in 1ms
?[m?[37m[INFO] 11:12:16,224 [Test worker] liquibase. - master.changelog.json: migration/node-services.changelog-init.xml::1511451595465-32::R3.Corda: Primary key added to node_checkpoints (checkpoint_id)
?[m?[37m[INFO] 11:12:16,224 [Test worker] liquibase. - master.changelog.json: migration/node-services.changelog-init.xml::1511451595465-32::R3.Corda: ChangeSet migration/node-services.changelog-init.xml::1511451595465-32::R3.Corda ran successfully in 0ms
?[m?[37m[INFO] 11:12:16,225 [Test worker] liquibase. - master.changelog.json: migration/node-services.changelog-init.xml::1511451595465-33::R3.Corda: Primary key added to node_contract_upgrades (state_ref)
?[m?[37m[INFO] 11:12:16,225 [Test worker] liquibase. - master.changelog.json: migration/node-services.changelog-init.xml::1511451595465-33::R3.Corda: ChangeSet migration/node-services.changelog-init.xml::1511451595465-33::R3.Corda ran successfully in 0ms
?[m?[37m[INFO] 11:12:16,226 [Test worker] liquibase. - master.changelog.json: migration/node-services.changelog-init.xml::1511451595465-34::R3.Corda: Primary key added to node_identities (pk_hash)
?[m?[37m[INFO] 11:12:16,226 [Test worker] liquibase. - master.changelog.json: migration/node-services.changelog-init.xml::1511451595465-34::R3.Corda: ChangeSet migration/node-services.changelog-init.xml::1511451595465-34::R3.Corda ran successfully in 0ms
?[m?[37m[INFO] 11:12:16,227 [Test worker] liquibase. - master.changelog.json: migration/node-services.changelog-init.xml::1511451595465-38::R3.Corda: Primary key added to node_message_ids (message_id)
?[m?[37m[INFO] 11:12:16,227 [Test worker] liquibase. - master.changelog.json: migration/node-services.changelog-init.xml::1511451595465-38::R3.Corda: ChangeSet migration/node-services.changelog-init.xml::1511451595465-38::R3.Corda ran successfully in 1ms
?[m?[37m[INFO] 11:12:16,227 [Test worker] liquibase. - master.changelog.json: migration/node-services.changelog-init.xml::1511451595465-39::R3.Corda: Primary key added to node_message_retry (message_id)
?[m?[37m[INFO] 11:12:16,227 [Test worker] liquibase. - master.changelog.json: migration/node-services.changelog-init.xml::1511451595465-39::R3.Corda: ChangeSet migration/node-services.changelog-init.xml::1511451595465-39::R3.Corda ran successfully in 0ms
?[m?[37m[INFO] 11:12:16,228 [Test worker] liquibase. - master.changelog.json: migration/node-services.changelog-init.xml::1511451595465-40::R3.Corda: Primary key added to node_named_identities (name)
?[m?[37m[INFO] 11:12:16,228 [Test worker] liquibase. - master.changelog.json: migration/node-services.changelog-init.xml::1511451595465-40::R3.Corda: ChangeSet migration/node-services.changelog-init.xml::1511451595465-40::R3.Corda ran successfully in 0ms
?[m?[37m[INFO] 11:12:16,229 [Test worker] liquibase. - master.changelog.json: migration/node-services.changelog-init.xml::1511451595465-42::R3.Corda: Primary key added to node_our_key_pairs (public_key_hash)
?[m?[37m[INFO] 11:12:16,229 [Test worker] liquibase. - master.changelog.json: migration/node-services.changelog-init.xml::1511451595465-42::R3.Corda: ChangeSet migration/node-services.changelog-init.xml::1511451595465-42::R3.Corda ran successfully in 0ms
?[m?[37m[INFO] 11:12:16,230 [Test worker] liquibase. - master.changelog.json: migration/node-services.changelog-init.xml::1511451595465-44::R3.Corda: Primary key added to node_scheduled_states (output_index, transaction_id)
?[m?[37m[INFO] 11:12:16,230 [Test worker] liquibase. - master.changelog.json: migration/node-services.changelog-init.xml::1511451595465-44::R3.Corda: ChangeSet migration/node-services.changelog-init.xml::1511451595465-44::R3.Corda ran successfully in 0ms
?[m?[37m[INFO] 11:12:16,230 [Test worker] liquibase. - master.changelog.json: migration/node-services.changelog-init.xml::1511451595465-45::R3.Corda: Primary key added to node_transaction_mappings (tx_id)
?[m?[37m[INFO] 11:12:16,230 [Test worker] liquibase. - master.changelog.json: migration/node-services.changelog-init.xml::1511451595465-45::R3.Corda: ChangeSet migration/node-services.changelog-init.xml::1511451595465-45::R3.Corda ran successfully in 0ms
?[m?[37m[INFO] 11:12:16,231 [Test worker] liquibase. - master.changelog.json: migration/node-services.changelog-init.xml::1511451595465-46::R3.Corda: Primary key added to node_transactions (tx_id)
?[m?[37m[INFO] 11:12:16,231 [Test worker] liquibase. - master.changelog.json: migration/node-services.changelog-init.xml::1511451595465-46::R3.Corda: ChangeSet migration/node-services.changelog-init.xml::1511451595465-46::R3.Corda ran successfully in 0ms
?[m?[37m[INFO] 11:12:16,232 [Test worker] liquibase. - master.changelog.json: migration/node-services.changelog-init.xml::1511451595465-61::R3.Corda: Foreign key constraint added to node_link_nodeinfo_party (party_name)
?[m?[37m[INFO] 11:12:16,232 [Test worker] liquibase. - master.changelog.json: migration/node-services.changelog-init.xml::1511451595465-61::R3.Corda: ChangeSet migration/node-services.changelog-init.xml::1511451595465-61::R3.Corda ran successfully in 0ms
?[m?[37m[INFO] 11:12:16,233 [Test worker] liquibase. - master.changelog.json: migration/node-services.changelog-init.xml::add index att_id::R3.Corda: Index att_id_idx created
?[m?[37m[INFO] 11:12:16,233 [Test worker] liquibase. - master.changelog.json: migration/node-services.changelog-init.xml::add index att_id::R3.Corda: ChangeSet migration/node-services.changelog-init.xml::add index att_id::R3.Corda ran successfully in 0ms
?[m?[37m[INFO] 11:12:16,234 [Test worker] liquibase. - master.changelog.json: migration/node-services.changelog-init.xml::add_contract_attachment::R3.Corda: Table node_attchments_contracts created
?[m?[37m[INFO] 11:12:16,234 [Test worker] liquibase. - master.changelog.json: migration/node-services.changelog-init.xml::add_contract_attachment::R3.Corda: Foreign key constraint added to node_attchments_contracts (att_id)
?[m?[37m[INFO] 11:12:16,234 [Test worker] liquibase. - master.changelog.json: migration/node-services.changelog-init.xml::add_contract_attachment::R3.Corda: Data deleted from node_attachments
?[m?[37m[INFO] 11:12:16,234 [Test worker] liquibase. - master.changelog.json: migration/node-services.changelog-init.xml::add_contract_attachment::R3.Corda: ChangeSet migration/node-services.changelog-init.xml::add_contract_attachment::R3.Corda ran successfully in 1ms
?[m?[37m[INFO] 11:12:16,236 [Test worker] liquibase. - master.changelog.json: migration/node-services.changelog-init.xml::add_dedup_columns::R3.Corda: Columns sender(NVARCHAR(64)),sequence_number(BIGINT) added to node_message_ids
?[m?[37m[INFO] 11:12:16,236 [Test worker] liquibase. - master.changelog.json: migration/node-services.changelog-init.xml::add_dedup_columns::R3.Corda: ChangeSet migration/node-services.changelog-init.xml::add_dedup_columns::R3.Corda ran successfully in 1ms
?[m?[37m[INFO] 11:12:16,237 [Test worker] liquibase. - master.changelog.json: migration/node-core.changelog-v4.xml::attchments_rename::R3.Corda: Table node_attchments_contracts renamed to node_attachments_contracts
?[m?[37m[INFO] 11:12:16,237 [Test worker] liquibase. - master.changelog.json: migration/node-core.changelog-v4.xml::attchments_rename::R3.Corda: ChangeSet migration/node-core.changelog-v4.xml::attchments_rename::R3.Corda ran successfully in 0ms
?[m?[37m[INFO] 11:12:16,238 [Test worker] liquibase. - master.changelog.json: migration/node-core.changelog-v4.xml::nullability::R3.Corda: Null constraint has been added to node_identities.identity_value
?[m?[37m[INFO] 11:12:16,238 [Test worker] liquibase. - master.changelog.json: migration/node-core.changelog-v4.xml::nullability::R3.Corda: Null constraint has been added to node_attachments.content
?[m?[37m[INFO] 11:12:16,238 [Test worker] liquibase. - master.changelog.json: migration/node-core.changelog-v4.xml::nullability::R3.Corda: Null constraint has been added to node_attachments_contracts.contract_class_name
?[m?[37m[INFO] 11:12:16,238 [Test worker] liquibase. - master.changelog.json: migration/node-core.changelog-v4.xml::nullability::R3.Corda: Null constraint has been added to node_checkpoints.checkpoint_value
?[m?[37m[INFO] 11:12:16,238 [Test worker] liquibase. - master.changelog.json: migration/node-core.changelog-v4.xml::nullability::R3.Corda: Null constraint has been added to node_contract_upgrades.contract_class_name
?[m?[37m[INFO] 11:12:16,238 [Test worker] liquibase. - master.changelog.json: migration/node-core.changelog-v4.xml::nullability::R3.Corda: Null constraint has been added to node_message_ids.insertion_time
?[m?[37m[INFO] 11:12:16,238 [Test worker] liquibase. - master.changelog.json: migration/node-core.changelog-v4.xml::nullability::R3.Corda: Null constraint has been added to node_message_retry.message
?[m?[37m[INFO] 11:12:16,238 [Test worker] liquibase. - master.changelog.json: migration/node-core.changelog-v4.xml::nullability::R3.Corda: Null constraint has been added to node_message_retry.recipients
?[m?[37m[INFO] 11:12:16,238 [Test worker] liquibase. - master.changelog.json: migration/node-core.changelog-v4.xml::nullability::R3.Corda: Null constraint has been added to node_named_identities.pk_hash
?[m?[37m[INFO] 11:12:16,238 [Test worker] liquibase. - master.changelog.json: migration/node-core.changelog-v4.xml::nullability::R3.Corda: Null constraint has been added to node_our_key_pairs.private_key
?[m?[37m[INFO] 11:12:16,239 [Test worker] liquibase. - master.changelog.json: migration/node-core.changelog-v4.xml::nullability::R3.Corda: Null constraint has been added to node_our_key_pairs.public_key
?[m?[37m[INFO] 11:12:16,239 [Test worker] liquibase. - master.changelog.json: migration/node-core.changelog-v4.xml::nullability::R3.Corda: Null constraint has been added to node_transaction_mappings.state_machine_run_id
?[m?[37m[INFO] 11:12:16,239 [Test worker] liquibase. - master.changelog.json: migration/node-core.changelog-v4.xml::nullability::R3.Corda: Null constraint has been added to node_transactions.transaction_value
?[m?[37m[INFO] 11:12:16,239 [Test worker] liquibase. - master.changelog.json: migration/node-core.changelog-v4.xml::nullability::R3.Corda: ChangeSet migration/node-core.changelog-v4.xml::nullability::R3.Corda ran successfully in 2ms
?[m?[37m[INFO] 11:12:16,240 [Test worker] liquibase. - master.changelog.json: migration/node-core.changelog-v5.xml::remove_unused_node_message_retry::R3.Corda: Table node_message_retry dropped
?[m?[37m[INFO] 11:12:16,240 [Test worker] liquibase. - master.changelog.json: migration/node-core.changelog-v5.xml::remove_unused_node_message_retry::R3.Corda: ChangeSet migration/node-core.changelog-v5.xml::remove_unused_node_message_retry::R3.Corda ran successfully in 0ms
?[m?[37m[INFO] 11:12:16,253 [Test worker] liquibase. - master.changelog.json: migration/node-core.changelog-v8.xml::conditional_attchments_rename::R3.Corda: Marking ChangeSet: migration/node-core.changelog-v8.xml::conditional_attchments_rename::R3.Corda ran despite precondition failure due to onFail='MARK_RAN': 
          master.changelog.json : Table PUBLIC.NODE_ATTCHMENTS_CONTRACTS does not exist

?[m?[37m[INFO] 11:12:16,259 [Test worker] liquibase. - master.changelog.json: migration/node-core.changelog-v8.xml::conditional_attchments_contracts::R3.Corda: Marking ChangeSet: migration/node-core.changelog-v8.xml::conditional_attchments_contracts::R3.Corda ran despite precondition failure due to onFail='MARK_RAN': 
          master.changelog.json : Table PUBLIC.NODE_ATTACHMENTS_CONTRACT_CLASS_NAME does not exist

?[m?[37m[INFO] 11:12:16,260 [Test worker] liquibase. - master.changelog.json: migration/node-core.changelog-v8.xml::add_signers::R3.Corda: Table node_attachments_signers created
?[m?[37m[INFO] 11:12:16,260 [Test worker] liquibase. - master.changelog.json: migration/node-core.changelog-v8.xml::add_signers::R3.Corda: Foreign key constraint added to node_attachments_signers (att_id)
?[m?[37m[INFO] 11:12:16,260 [Test worker] liquibase. - master.changelog.json: migration/node-core.changelog-v8.xml::add_signers::R3.Corda: ChangeSet migration/node-core.changelog-v8.xml::add_signers::R3.Corda ran successfully in 0ms
?[m?[37m[INFO] 11:12:16,262 [Test worker] liquibase. - master.changelog.json: migration/node-core.changelog-tx-mapping.xml::add_tx_mapping_column::R3.Corda: Columns state_machine_run_id(NVARCHAR(36)) added to node_transactions
?[m?[37m[INFO] 11:12:16,262 [Test worker] liquibase. - master.changelog.json: migration/node-core.changelog-tx-mapping.xml::add_tx_mapping_column::R3.Corda: Custom SQL executed
?[m?[37m[INFO] 11:12:16,263 [Test worker] liquibase. - master.changelog.json: migration/node-core.changelog-tx-mapping.xml::add_tx_mapping_column::R3.Corda: Table node_transaction_mappings dropped
?[m?[37m[INFO] 11:12:16,263 [Test worker] liquibase. - master.changelog.json: migration/node-core.changelog-tx-mapping.xml::add_tx_mapping_column::R3.Corda: ChangeSet migration/node-core.changelog-tx-mapping.xml::add_tx_mapping_column::R3.Corda ran successfully in 2ms
?[m?[37m[INFO] 11:12:16,263 [Test worker] liquibase. - master.changelog.json: migration/node-services.changelog-init.xml::add_network_parameters_storage::R3.Corda: Table node_network_parameters created
?[m?[37m[INFO] 11:12:16,263 [Test worker] liquibase. - master.changelog.json: migration/node-services.changelog-init.xml::add_network_parameters_storage::R3.Corda: ChangeSet migration/node-services.changelog-init.xml::add_network_parameters_storage::R3.Corda ran successfully in 0ms
?[m?[37m[INFO] 11:12:16,264 [Test worker] liquibase. - master.changelog.json: migration/node-services.changelog-init.xml::network_parameters_pk::R3.Corda: Primary key added to node_network_parameters (hash)
?[m?[37m[INFO] 11:12:16,264 [Test worker] liquibase. - master.changelog.json: migration/node-services.changelog-init.xml::network_parameters_pk::R3.Corda: ChangeSet migration/node-services.changelog-init.xml::network_parameters_pk::R3.Corda ran successfully in 0ms
?[m?[37m[INFO] 11:12:16,266 [Test worker] liquibase. - master.changelog.json: migration/node-services.changelog-init.xml::add_version_column::R3.Corda: Columns version(INT) added to node_attachments
?[m?[37m[INFO] 11:12:16,267 [Test worker] liquibase. - master.changelog.json: migration/node-services.changelog-init.xml::add_version_column::R3.Corda: Custom SQL executed
?[m?[37m[INFO] 11:12:16,267 [Test worker] liquibase. - master.changelog.json: migration/node-services.changelog-init.xml::add_version_column::R3.Corda: Null constraint has been added to node_attachments.version
?[m?[37m[INFO] 11:12:16,267 [Test worker] liquibase. - master.changelog.json: migration/node-services.changelog-init.xml::add_version_column::R3.Corda: ChangeSet migration/node-services.changelog-init.xml::add_version_column::R3.Corda ran successfully in 2ms
?[m?[37m[INFO] 11:12:16,267 [Test worker] persistence.AttachmentVersionNumberMigration. - Start executing...
?[m?[37m[INFO] 11:12:16,269 [Test worker] persistence.AttachmentVersionNumberMigration. - Attachment version creation from whitelisted JARs using network parameters from build/mock-network/20190407-151214.940/nodes/2/network-parameters, whitelistedContractImplementations: {}.
?[m?[37m[INFO] 11:12:16,269 [Test worker] persistence.AttachmentVersionNumberMigration. - Attachment version creation from whitelisted JARs skipped, no attachments not found.
?[m?[37m[INFO] 11:12:16,269 [Test worker] liquibase. - master.changelog.json: migration/node-services.changelog-init.xml::update-version-of-whitelisted-jars::R3.Corda: null
?[m?[37m[INFO] 11:12:16,269 [Test worker] liquibase. - master.changelog.json: migration/node-services.changelog-init.xml::update-version-of-whitelisted-jars::R3.Corda: ChangeSet migration/node-services.changelog-init.xml::update-version-of-whitelisted-jars::R3.Corda ran successfully in 2ms
?[m?[37m[INFO] 11:12:16,269 [Test worker] migration.VaultStateMigration. - Migrating vault state data to V4 tables
?[m?[37m[INFO] 11:12:16,270 [Test worker] persistence.HibernateConfiguration. - Init HibernateConfiguration for schemas: [VaultMigrationSchemaV1(name=net.corda.node.migration.VaultMigrationSchema, version=1), VaultSchemaV1(name=net.corda.node.services.vault.VaultSchema, version=1)]
?[m?[37m[INFO] 11:12:16,270 [Test worker] persistence.HibernateConfiguration. - Creating session factory for schemas: [VaultMigrationSchemaV1(name=net.corda.node.migration.VaultMigrationSchema, version=1), VaultSchemaV1(name=net.corda.node.services.vault.VaultSchema, version=1)]
?[m?[37m[INFO] 11:12:16,275 [Test worker] internal.ConnectionProviderInitiator. - HHH000130: Instantiating explicit connection provider: net.corda.nodeapi.internal.persistence.HibernateConfiguration$NodeDatabaseConnectionProvider
?[m?[37m[INFO] 11:12:16,275 [Test worker] dialect.Dialect. - HHH000400: Using dialect: org.hibernate.dialect.H2Dialect
?[m?[37m[INFO] 11:12:16,277 [Test worker] type.BasicTypeRegistry. - HHH000270: Type registration [materialized_blob] overrides previous : org.hibernate.type.MaterializedBlobType@13ae4c5f
?[m?[37m[INFO] 11:12:16,298 [Test worker] connections.access. - HHH10001501: Connection obtained from JdbcConnectionAccess [org.hibernate.engine.jdbc.env.internal.JdbcEnvironmentInitiator$ConnectionProviderJdbcConnectionAccess@53d0e0a5] for (non-JTA) DDL execution was not in auto-commit mode; the Connection 'local transaction' will be committed and the Connection will be set into auto-commit mode.
?[m?[37m[INFO] 11:12:16,317 [Test worker] persistence.HibernateConfiguration. - Created session factory for schemas: [VaultMigrationSchemaV1(name=net.corda.node.migration.VaultMigrationSchema, version=1), VaultSchemaV1(name=net.corda.node.services.vault.VaultSchema, version=1)]
?[m?[37m[INFO] 11:12:16,317 [Test worker] internal.QueryTranslatorFactoryInitiator. - HHH000397: Using ASTQueryTranslatorFactory
?[m?[37m[INFO] 11:12:16,322 [Test worker] migration.VaultStateMigration. - Finished performing vault state data migration for 0 states
?[m?[37m[INFO] 11:12:16,322 [Test worker] liquibase. - master.changelog.json: migration/vault-schema.changelog-v9.xml::update-vault-states::R3.Corda: null
?[m?[37m[INFO] 11:12:16,322 [Test worker] liquibase. - master.changelog.json: migration/vault-schema.changelog-v9.xml::update-vault-states::R3.Corda: ChangeSet migration/vault-schema.changelog-v9.xml::update-vault-states::R3.Corda ran successfully in 53ms
?[m?[37m[INFO] 11:12:16,323 [Test worker] liquibase. - Successfully released change log lock
?[m?[37m[INFO] 11:12:16,323 [Test worker] internal.InternalMockNetwork$MockNode. - Connected to H2 database.
?[m?[37m[INFO] 11:12:16,323 [Test worker] internal.InternalMockNetwork$MockNode. - identity-private-key not found in key store, generating fresh key!
?[m?[37m[INFO] 11:12:16,334 [Test worker] persistence.HibernateConfiguration. - Init HibernateConfiguration for schemas: [CommonSchemaV1(name=net.corda.core.schemas.CommonSchema, version=1), VaultSchemaV1(name=net.corda.node.services.vault.VaultSchema, version=1), NodeInfoSchemaV1(name=net.corda.node.internal.schemas.NodeInfoSchema, version=1), NodeCoreV1(name=net.corda.node.services.schema.NodeSchemaService$NodeCore, version=1), FNOLSchemaV1(name=com.example.schema.FNOLSchema, version=1), IOUSchemaV1(name=com.example.schema.IOUSchema, version=1)]
?[m?[37m[INFO] 11:12:16,334 [Test worker] persistence.HibernateConfiguration. - Creating session factory for schemas: [CommonSchemaV1(name=net.corda.core.schemas.CommonSchema, version=1), VaultSchemaV1(name=net.corda.node.services.vault.VaultSchema, version=1), NodeInfoSchemaV1(name=net.corda.node.internal.schemas.NodeInfoSchema, version=1), NodeCoreV1(name=net.corda.node.services.schema.NodeSchemaService$NodeCore, version=1), FNOLSchemaV1(name=com.example.schema.FNOLSchema, version=1), IOUSchemaV1(name=com.example.schema.IOUSchema, version=1)]
?[m?[37m[INFO] 11:12:16,337 [Test worker] internal.ConnectionProviderInitiator. - HHH000130: Instantiating explicit connection provider: net.corda.nodeapi.internal.persistence.HibernateConfiguration$NodeDatabaseConnectionProvider
?[m?[37m[INFO] 11:12:16,337 [Test worker] dialect.Dialect. - HHH000400: Using dialect: org.hibernate.dialect.H2Dialect
?[m?[37m[INFO] 11:12:16,338 [Test worker] type.BasicTypeRegistry. - HHH000270: Type registration [materialized_blob] overrides previous : org.hibernate.type.MaterializedBlobType@13ae4c5f
?[m?[37m[INFO] 11:12:16,369 [Test worker] connections.access. - HHH10001501: Connection obtained from JdbcConnectionAccess [org.hibernate.engine.jdbc.env.internal.JdbcEnvironmentInitiator$ConnectionProviderJdbcConnectionAccess@4dc9a582] for (non-JTA) DDL execution was not in auto-commit mode; the Connection 'local transaction' will be committed and the Connection will be set into auto-commit mode.
?[m?[37m[INFO] 11:12:16,403 [Test worker] persistence.HibernateConfiguration. - Created session factory for schemas: [CommonSchemaV1(name=net.corda.core.schemas.CommonSchema, version=1), VaultSchemaV1(name=net.corda.node.services.vault.VaultSchema, version=1), NodeInfoSchemaV1(name=net.corda.node.internal.schemas.NodeInfoSchema, version=1), NodeCoreV1(name=net.corda.node.services.schema.NodeSchemaService$NodeCore, version=1), FNOLSchemaV1(name=com.example.schema.FNOLSchema, version=1), IOUSchemaV1(name=com.example.schema.IOUSchema, version=1)]
?[m?[37m[INFO] 11:12:16,404 [Test worker] internal.QueryTranslatorFactoryInitiator. - HHH000397: Using ASTQueryTranslatorFactory
?[m?[37m[INFO] 11:12:16,406 [Test worker] internal.InternalMockNetwork$MockNode. - Node-info has changed so submitting update. Old node-info was null
?[m?[37m[INFO] 11:12:16,406 [Test worker] network.PersistentNetworkMapCache. - Adding node with info: NodeInfo(addresses=[mock.node:1000], legalIdentitiesAndCerts=[O=Mock Company 2, L=London, C=GB], platformVersion=4, serial=1554649936406)
?[m?[37m[INFO] 11:12:16,407 [Test worker] network.PersistentNetworkMapCache. - No previous node found
?[m?[37m[INFO] 11:12:16,412 [Test worker] internal.InternalMockNetwork$MockNode. - New node-info: NodeInfo(addresses=[mock.node:1000], legalIdentitiesAndCerts=[O=Mock Company 2, L=London, C=GB], platformVersion=4, serial=1554649936406)
?[m?[37m[INFO] 11:12:16,415 [Test worker] network.NetworkMapUpdater. - Auto-accept enabled for network parameter changes which modify only: [epoch, modifiedTime, packageOwnership, whitelistedContractImplementations]
?[m?[37m[INFO] 11:12:16,418 [MockNode-15-2] network.PersistentNetworkMapCache. - Adding node with info: NodeInfo(addresses=[mock.node:1000], legalIdentitiesAndCerts=[O=Mock Company 2, L=London, C=GB], platformVersion=4, serial=1554649936406)
?[m?[37m[INFO] 11:12:16,420 [MockNode-15-2] network.PersistentNetworkMapCache. - Previous node was identical to incoming one - doing nothing
?[m?[37m[INFO] 11:12:16,440 [Test worker] ClassloaderUtils. - Contracts loading for '/var/folders/5q/xy985yhj7rg30rc4c_z3gd4m0000gn/T/attachment8897811913108413937.jar' took 20 msec
?[m?[37m[INFO] 11:12:16,448 [Test worker] persistence.NodeAttachmentService. - Stored new attachment: id=B0DC6BB384D1A6B002EFC0F67EDD756DE1A1E8883DAE28EEB966064A6EF48F64 uploader=app filename=null
?[m?[37m[INFO] 11:12:16,452 [Test worker] statemachine.SingleThreadedStateMachineManager. - Node ready, info: NodeInfo(addresses=[mock.node:1000], legalIdentitiesAndCerts=[O=Mock Company 2, L=London, C=GB], platformVersion=4, serial=1554649936406)
?[m?[37m[INFO] 11:12:16,454 [Test worker] network.PersistentNetworkMapCache. - Adding node with info: NodeInfo(addresses=[mock.node:1000], legalIdentitiesAndCerts=[O=Notary Service, L=Zurich, C=CH], platformVersion=4, serial=1554649935420)
?[m?[37m[INFO] 11:12:16,454 [Test worker] network.PersistentNetworkMapCache. - No previous node found
?[m?[37m[INFO] 11:12:16,460 [Test worker] network.PersistentNetworkMapCache. - Adding node with info: NodeInfo(addresses=[mock.node:1000], legalIdentitiesAndCerts=[O=Mock Company 2, L=London, C=GB], platformVersion=4, serial=1554649936406)
?[m?[37m[INFO] 11:12:16,460 [Test worker] network.PersistentNetworkMapCache. - No previous node found
?[m?[37m[INFO] 11:12:16,464 [Test worker] network.PersistentNetworkMapCache. - Adding node with info: NodeInfo(addresses=[mock.node:1000], legalIdentitiesAndCerts=[O=Mock Company 1, L=London, C=GB], platformVersion=4, serial=1554649935927)
?[m?[37m[INFO] 11:12:16,465 [Test worker] network.PersistentNetworkMapCache. - No previous node found
?[m?[37m[INFO] 11:12:16,470 [Test worker] network.PersistentNetworkMapCache. - Adding node with info: NodeInfo(addresses=[mock.node:1000], legalIdentitiesAndCerts=[O=Mock Company 2, L=London, C=GB], platformVersion=4, serial=1554649936406)
?[m?[37m[INFO] 11:12:16,470 [Test worker] network.PersistentNetworkMapCache. - No previous node found
?[m?[37m[INFO] 11:12:16,475 [Test worker] network.PersistentNetworkMapCache. - Adding node with info: NodeInfo(addresses=[mock.node:1000], legalIdentitiesAndCerts=[O=Mock Company 2, L=London, C=GB], platformVersion=4, serial=1554649936406)
?[m?[37m[INFO] 11:12:16,475 [Test worker] network.PersistentNetworkMapCache. - Previous node was identical to incoming one - doing nothing
?[m?[37m[INFO] 11:12:16,475 [Test worker] network.PersistentNetworkMapCache. - Adding node with info: NodeInfo(addresses=[mock.node:1000], legalIdentitiesAndCerts=[O=Mock Company 2, L=London, C=GB], platformVersion=4, serial=1554649936406)
?[m?[37m[INFO] 11:12:16,475 [Test worker] network.PersistentNetworkMapCache. - Previous node was identical to incoming one - doing nothing
?[m?[31m[WARN] 11:12:16,475 [Test worker] internal.NodeFlowManager. - Multiple flows are registered for InitiatingFlow: class com.example.flow.ExampleFlow$Initiator, currently using: class com.example.flow.ExampleFlow$Acceptor
?[m?[37m[INFO] 11:12:16,475 [Test worker] internal.NodeFlowManager. - Registered com.example.flow.ExampleFlow$Initiator to initiate com.example.flow.ExampleFlow$Acceptor (version 1)
?[m?[31m[WARN] 11:12:16,475 [Test worker] internal.NodeFlowManager. - Multiple flows are registered for InitiatingFlow: class com.example.flow.ExampleFlow$Initiator, currently using: class com.example.flow.ExampleFlow$Acceptor
?[m?[37m[INFO] 11:12:16,475 [Test worker] internal.NodeFlowManager. - Registered com.example.flow.ExampleFlow$Initiator to initiate com.example.flow.ExampleFlow$Acceptor (version 1)
?[m?[31m[WARN] 11:12:16,946 [Mock network] corda.flow. - ProgressTracker has not been started {actor_id=Only For Testing, actor_owning_identity=O=Mock Company 1, L=London, C=GB, actor_store_id=TEST, fiber-id=10000008, flow-id=30040718-3fdc-4c71-ae49-0d6f9f7da25a, invocation_id=965d3593-6b6d-42a1-83bc-48d013c818ff, invocation_timestamp=2019-04-07T15:12:16.476Z, origin=Only For Testing, session_id=965d3593-6b6d-42a1-83bc-48d013c818ff, session_timestamp=2019-04-07T15:12:16.476Z, thread-id=1319}
?[m?[37m[INFO] 11:12:16,972 [Mock network] corda.flow. - Received transaction acknowledgement request from party O=Mock Company 1, L=London, C=GB. {fiber-id=10000009, flow-id=92516198-e4b8-421b-a0ba-cbd9eb0c632c, invocation_id=0587b747-8db0-416c-a0ce-e0323ea38f4e, invocation_timestamp=2019-04-07T15:12:16.962Z, origin=O=Mock Company 1, L=London, C=GB, session_id=0587b747-8db0-416c-a0ce-e0323ea38f4e, session_timestamp=2019-04-07T15:12:16.962Z, thread-id=1319, tx_id=92C04A993B2A5B827C8F57978535E788C0A93689787618BFE08D1F81306BF4EA}
?[m?[31m[WARN] 11:12:16,972 [Mock network] corda.flow. - ProgressTracker has not been started {fiber-id=10000009, flow-id=92516198-e4b8-421b-a0ba-cbd9eb0c632c, invocation_id=0587b747-8db0-416c-a0ce-e0323ea38f4e, invocation_timestamp=2019-04-07T15:12:16.962Z, origin=O=Mock Company 1, L=London, C=GB, session_id=0587b747-8db0-416c-a0ce-e0323ea38f4e, session_timestamp=2019-04-07T15:12:16.962Z, thread-id=1319, tx_id=92C04A993B2A5B827C8F57978535E788C0A93689787618BFE08D1F81306BF4EA}
?[m?[37m[INFO] 11:12:16,977 [Mock network] corda.flow. - Transaction dependencies resolution completed. {fiber-id=10000009, flow-id=92516198-e4b8-421b-a0ba-cbd9eb0c632c, invocation_id=0587b747-8db0-416c-a0ce-e0323ea38f4e, invocation_timestamp=2019-04-07T15:12:16.962Z, origin=O=Mock Company 1, L=London, C=GB, session_id=0587b747-8db0-416c-a0ce-e0323ea38f4e, session_timestamp=2019-04-07T15:12:16.962Z, thread-id=1319, tx_id=92C04A993B2A5B827C8F57978535E788C0A93689787618BFE08D1F81306BF4EA}
?[m?[31m[WARN] 11:12:17,003 [Mock network] corda.flow. - ProgressTracker has not been started {fiber-id=10000009, flow-id=92516198-e4b8-421b-a0ba-cbd9eb0c632c, invocation_id=0587b747-8db0-416c-a0ce-e0323ea38f4e, invocation_timestamp=2019-04-07T15:12:16.962Z, origin=O=Mock Company 1, L=London, C=GB, session_id=0587b747-8db0-416c-a0ce-e0323ea38f4e, session_timestamp=2019-04-07T15:12:16.962Z, thread-id=1319, tx_id=92C04A993B2A5B827C8F57978535E788C0A93689787618BFE08D1F81306BF4EA}
?[m?[37m[INFO] 11:12:17,012 [Mock network] corda.flow. - No need to notarise this transaction. {actor_id=Only For Testing, actor_owning_identity=O=Mock Company 1, L=London, C=GB, actor_store_id=TEST, fiber-id=10000008, flow-id=30040718-3fdc-4c71-ae49-0d6f9f7da25a, invocation_id=965d3593-6b6d-42a1-83bc-48d013c818ff, invocation_timestamp=2019-04-07T15:12:16.476Z, origin=Only For Testing, session_id=965d3593-6b6d-42a1-83bc-48d013c818ff, session_timestamp=2019-04-07T15:12:16.476Z, thread-id=1319, tx_id=92C04A993B2A5B827C8F57978535E788C0A93689787618BFE08D1F81306BF4EA}
?[m?[37m[INFO] 11:12:17,012 [Mock network] corda.flow. - Recording transaction locally. {actor_id=Only For Testing, actor_owning_identity=O=Mock Company 1, L=London, C=GB, actor_store_id=TEST, fiber-id=10000008, flow-id=30040718-3fdc-4c71-ae49-0d6f9f7da25a, invocation_id=965d3593-6b6d-42a1-83bc-48d013c818ff, invocation_timestamp=2019-04-07T15:12:16.476Z, origin=Only For Testing, session_id=965d3593-6b6d-42a1-83bc-48d013c818ff, session_timestamp=2019-04-07T15:12:16.476Z, thread-id=1319, tx_id=92C04A993B2A5B827C8F57978535E788C0A93689787618BFE08D1F81306BF4EA}
?[m?[37m[INFO] 11:12:17,020 [Mock network] corda.flow. - Recorded transaction locally successfully. {actor_id=Only For Testing, actor_owning_identity=O=Mock Company 1, L=London, C=GB, actor_store_id=TEST, fiber-id=10000008, flow-id=30040718-3fdc-4c71-ae49-0d6f9f7da25a, invocation_id=965d3593-6b6d-42a1-83bc-48d013c818ff, invocation_timestamp=2019-04-07T15:12:16.476Z, origin=Only For Testing, session_id=965d3593-6b6d-42a1-83bc-48d013c818ff, session_timestamp=2019-04-07T15:12:16.476Z, thread-id=1319, tx_id=92C04A993B2A5B827C8F57978535E788C0A93689787618BFE08D1F81306BF4EA}
?[m?[37m[INFO] 11:12:17,029 [Mock network] corda.flow. - Received transaction acknowledgement request from party O=Mock Company 1, L=London, C=GB. {fiber-id=10000009, flow-id=92516198-e4b8-421b-a0ba-cbd9eb0c632c, invocation_id=0587b747-8db0-416c-a0ce-e0323ea38f4e, invocation_timestamp=2019-04-07T15:12:16.962Z, origin=O=Mock Company 1, L=London, C=GB, session_id=0587b747-8db0-416c-a0ce-e0323ea38f4e, session_timestamp=2019-04-07T15:12:16.962Z, thread-id=1319, tx_id=92C04A993B2A5B827C8F57978535E788C0A93689787618BFE08D1F81306BF4EA}
?[m?[31m[WARN] 11:12:17,029 [Mock network] corda.flow. - ProgressTracker has not been started {fiber-id=10000009, flow-id=92516198-e4b8-421b-a0ba-cbd9eb0c632c, invocation_id=0587b747-8db0-416c-a0ce-e0323ea38f4e, invocation_timestamp=2019-04-07T15:12:16.962Z, origin=O=Mock Company 1, L=London, C=GB, session_id=0587b747-8db0-416c-a0ce-e0323ea38f4e, session_timestamp=2019-04-07T15:12:16.962Z, thread-id=1319, tx_id=92C04A993B2A5B827C8F57978535E788C0A93689787618BFE08D1F81306BF4EA}
?[m?[37m[INFO] 11:12:17,032 [Mock network] corda.flow. - Transaction dependencies resolution completed. {fiber-id=10000009, flow-id=92516198-e4b8-421b-a0ba-cbd9eb0c632c, invocation_id=0587b747-8db0-416c-a0ce-e0323ea38f4e, invocation_timestamp=2019-04-07T15:12:16.962Z, origin=O=Mock Company 1, L=London, C=GB, session_id=0587b747-8db0-416c-a0ce-e0323ea38f4e, session_timestamp=2019-04-07T15:12:16.962Z, thread-id=1319, tx_id=92C04A993B2A5B827C8F57978535E788C0A93689787618BFE08D1F81306BF4EA}
?[m?[37m[INFO] 11:12:17,036 [Mock network] corda.flow. - Successfully received fully signed tx. Sending it to the vault for processing. {fiber-id=10000009, flow-id=92516198-e4b8-421b-a0ba-cbd9eb0c632c, invocation_id=0587b747-8db0-416c-a0ce-e0323ea38f4e, invocation_timestamp=2019-04-07T15:12:16.962Z, origin=O=Mock Company 1, L=London, C=GB, session_id=0587b747-8db0-416c-a0ce-e0323ea38f4e, session_timestamp=2019-04-07T15:12:16.962Z, thread-id=1319, tx_id=92C04A993B2A5B827C8F57978535E788C0A93689787618BFE08D1F81306BF4EA}
?[m?[37m[INFO] 11:12:17,039 [Mock network] corda.flow. - Successfully recorded received transaction locally. {fiber-id=10000009, flow-id=92516198-e4b8-421b-a0ba-cbd9eb0c632c, invocation_id=0587b747-8db0-416c-a0ce-e0323ea38f4e, invocation_timestamp=2019-04-07T15:12:16.962Z, origin=O=Mock Company 1, L=London, C=GB, session_id=0587b747-8db0-416c-a0ce-e0323ea38f4e, session_timestamp=2019-04-07T15:12:16.962Z, thread-id=1319, tx_id=92C04A993B2A5B827C8F57978535E788C0A93689787618BFE08D1F81306BF4EA}
?[m?[37m[INFO] 11:12:17,045 [Mock network] corda.flow. - Party O=Mock Company 2, L=London, C=GB received the transaction. {actor_id=Only For Testing, actor_owning_identity=O=Mock Company 1, L=London, C=GB, actor_store_id=TEST, fiber-id=10000008, flow-id=30040718-3fdc-4c71-ae49-0d6f9f7da25a, invocation_id=965d3593-6b6d-42a1-83bc-48d013c818ff, invocation_timestamp=2019-04-07T15:12:16.476Z, origin=Only For Testing, session_id=965d3593-6b6d-42a1-83bc-48d013c818ff, session_timestamp=2019-04-07T15:12:16.476Z, thread-id=1319, tx_id=92C04A993B2A5B827C8F57978535E788C0A93689787618BFE08D1F81306BF4EA}
?[m?[37m[INFO] 11:12:17,045 [Mock network] corda.flow. - All parties received the transaction successfully. {actor_id=Only For Testing, actor_owning_identity=O=Mock Company 1, L=London, C=GB, actor_store_id=TEST, fiber-id=10000008, flow-id=30040718-3fdc-4c71-ae49-0d6f9f7da25a, invocation_id=965d3593-6b6d-42a1-83bc-48d013c818ff, invocation_timestamp=2019-04-07T15:12:16.476Z, origin=Only For Testing, session_id=965d3593-6b6d-42a1-83bc-48d013c818ff, session_timestamp=2019-04-07T15:12:16.476Z, thread-id=1319, tx_id=92C04A993B2A5B827C8F57978535E788C0A93689787618BFE08D1F81306BF4EA}
?[m?[37m[INFO] 11:12:17,049 [Test worker] pool.HikariPool. - HikariPool-13 - Close initiated...
?[m?[37m[INFO] 11:12:17,050 [Test worker] pool.HikariPool. - HikariPool-13 - Closed.
?[m?[37m[INFO] 11:12:17,051 [Test worker] pool.HikariPool. - HikariPool-14 - Close initiated...
?[m?[37m[INFO] 11:12:17,052 [Test worker] pool.HikariPool. - HikariPool-14 - Closed.
?[m?[37m[INFO] 11:12:17,052 [Test worker] pool.HikariPool. - HikariPool-15 - Close initiated...
?[m?[37m[INFO] 11:12:17,053 [Test worker] pool.HikariPool. - HikariPool-15 - Closed.
?[m?[37m[INFO] 11:12:17,092 [Test worker] cordapp.JarScanningCordappLoader. - Looking for CorDapps in [build/mock-network/20190407-151217.054/nodes/0/cordapps]
?[m?[37m[INFO] 11:12:17,092 [Test worker] cordapp.JarScanningCordappLoader. - Loading CorDapps from RestrictedURL(url=file:/Users/vivian.a.chen/Hackathon/samples/cordapp-example/workflows-kotlin/build/mock-network/20190407-151217.054/nodes/0/cordapps/cordapp-example-workflows-0.1.jar, rootPackageName=null), RestrictedURL(url=file:/Users/vivian.a.chen/Hackathon/samples/cordapp-example/workflows-kotlin/build/mock-network/20190407-151217.054/nodes/0/cordapps/cordapp-example-contracts-0.1.jar, rootPackageName=null)
?[m?[37m[INFO] 11:12:17,093 [Test worker] cordapp.JarScanningCordappLoader. - Scanning CorDapp in file:/Users/vivian.a.chen/Hackathon/samples/cordapp-example/workflows-kotlin/build/mock-network/20190407-151217.054/nodes/0/cordapps/cordapp-example-workflows-0.1.jar
?[m?[37m[INFO] 11:12:17,115 [Test worker] cordapp.JarScanningCordappLoader. - Found notary service CorDapp implementations: 
?[m?[37m[INFO] 11:12:17,115 [Test worker] cordapp.JarScanningCordappLoader. - Scanning CorDapp in file:/Users/vivian.a.chen/Hackathon/samples/cordapp-example/workflows-kotlin/build/mock-network/20190407-151217.054/nodes/0/cordapps/cordapp-example-contracts-0.1.jar
?[m?[37m[INFO] 11:12:17,134 [Test worker] cordapp.JarScanningCordappLoader. - Found notary service CorDapp implementations: 
?[m?[37m[INFO] 11:12:17,139 [Test worker] internal.InternalMockNetwork$MockNode. - Node starting up ...
?[m?[37m[INFO] 11:12:17,143 [Test worker] internal.NodeFlowManager. - Registered com.example.flow.CreateFNOLFlow$Initiator to initiate com.example.flow.CreateFNOLFlow$Acceptor (version 1)
?[m?[37m[INFO] 11:12:17,143 [Test worker] internal.NodeFlowManager. - Registered com.example.flow.ExampleFlow$Initiator to initiate com.example.flow.ExampleFlow$Acceptor (version 1)
?[m?[37m[INFO] 11:12:17,143 [Test worker] internal.NodeFlowManager. - Registered com.example.flow.UpdateFNOLFlow$Initiator to initiate com.example.flow.UpdateFNOLFlow$Acceptor (version 1)
?[m?[37m[INFO] 11:12:17,146 [Test worker] internal.InternalMockNetwork$MockNode. - Loaded network parameters: NetworkParameters {
      minimumPlatformVersion=1
      notaries=[NotaryInfo(identity=O=Notary Service, L=Zurich, C=CH, validating=true)]
      maxMessageSize=10485760
      maxTransactionSize=524288000
      whitelistedContractImplementations {
        
      }
      eventHorizon=PT720H
      packageOwnership {
        
      }
      modifiedTime=2019-04-07T15:12:17.054Z
      epoch=1
  }
?[m?[37m[INFO] 11:12:17,147 [Test worker] hikari.HikariDataSource. - HikariPool-16 - Started.
?[m?[37m[INFO] 11:12:17,275 [Test worker] liquibase. - Creating database history table with name: PUBLIC.DATABASECHANGELOG
?[m?[37m[INFO] 11:12:17,276 [Test worker] liquibase. - Reading from PUBLIC.DATABASECHANGELOG
?[m?[37m[INFO] 11:12:17,277 [Test worker] liquibase. - master.changelog.json: migration/common.changelog-init.xml::1511451595465-1.3::R3.Corda: Skipping changeSet migration/common.changelog-init.xml::1511451595465-1.3::R3.Corda due to validation error(s): minValue is not allowed on h2
?[m?[37m[INFO] 11:12:17,281 [Test worker] liquibase. - master.changelog.json: migration/vault-schema.changelog-pkey.xml::non-clustered_pk-11::R3.Corda: Skipping changeSet migration/vault-schema.changelog-pkey.xml::non-clustered_pk-11::R3.Corda due to validation error(s): clustered is not allowed on h2
?[m?[37m[INFO] 11:12:17,281 [Test worker] liquibase. - master.changelog.json: migration/vault-schema.changelog-pkey.xml::non-clustered_pk-12::R3.Corda: Skipping changeSet migration/vault-schema.changelog-pkey.xml::non-clustered_pk-12::R3.Corda due to validation error(s): clustered is not allowed on h2
?[m?[37m[INFO] 11:12:17,281 [Test worker] liquibase. - master.changelog.json: migration/vault-schema.changelog-pkey.xml::non-clustered_pk-13::R3.Corda: Skipping changeSet migration/vault-schema.changelog-pkey.xml::non-clustered_pk-13::R3.Corda due to validation error(s): clustered is not allowed on h2
?[m?[37m[INFO] 11:12:17,289 [Test worker] liquibase. - master.changelog.json: migration/node-core.changelog-pkey.xml::non-clustered_pk-1::R3.Corda: Skipping changeSet migration/node-core.changelog-pkey.xml::non-clustered_pk-1::R3.Corda due to validation error(s): clustered is not allowed on h2
?[m?[37m[INFO] 11:12:17,289 [Test worker] liquibase. - master.changelog.json: migration/node-core.changelog-pkey.xml::non-clustered_pk-2::R3.Corda: Skipping changeSet migration/node-core.changelog-pkey.xml::non-clustered_pk-2::R3.Corda due to validation error(s): clustered is not allowed on h2
?[m?[37m[INFO] 11:12:17,289 [Test worker] liquibase. - master.changelog.json: migration/node-core.changelog-pkey.xml::non-clustered_pk-3::R3.Corda: Skipping changeSet migration/node-core.changelog-pkey.xml::non-clustered_pk-3::R3.Corda due to validation error(s): clustered is not allowed on h2
?[m?[37m[INFO] 11:12:17,289 [Test worker] liquibase. - master.changelog.json: migration/node-core.changelog-pkey.xml::non-clustered_pk-4::R3.Corda: Skipping changeSet migration/node-core.changelog-pkey.xml::non-clustered_pk-4::R3.Corda due to validation error(s): clustered is not allowed on h2
?[m?[37m[INFO] 11:12:17,289 [Test worker] liquibase. - master.changelog.json: migration/node-core.changelog-pkey.xml::non-clustered_pk-5::R3.Corda: Skipping changeSet migration/node-core.changelog-pkey.xml::non-clustered_pk-5::R3.Corda due to validation error(s): clustered is not allowed on h2
?[m?[37m[INFO] 11:12:17,289 [Test worker] liquibase. - master.changelog.json: migration/node-core.changelog-pkey.xml::non-clustered_pk-6::R3.Corda: Skipping changeSet migration/node-core.changelog-pkey.xml::non-clustered_pk-6::R3.Corda due to validation error(s): clustered is not allowed on h2
?[m?[37m[INFO] 11:12:17,289 [Test worker] liquibase. - master.changelog.json: migration/node-core.changelog-pkey.xml::non-clustered_pk-7::R3.Corda: Skipping changeSet migration/node-core.changelog-pkey.xml::non-clustered_pk-7::R3.Corda due to validation error(s): clustered is not allowed on h2
?[m?[37m[INFO] 11:12:17,292 [Test worker] liquibase. - master.changelog.json: migration/node-notary.changelog-pkey.xml::non-clustered_pk-notary_state::R3.Corda: Skipping changeSet migration/node-notary.changelog-pkey.xml::non-clustered_pk-notary_state::R3.Corda due to validation error(s): clustered is not allowed on h2
?[m?[37m[INFO] 11:12:17,293 [Test worker] liquibase. - Successfully acquired change log lock
?[m?[37m[INFO] 11:12:17,293 [Test worker] liquibase. - master.changelog.json: migration/common.changelog-init.xml::1511451595465-1.3::R3.Corda: Skipping changeSet migration/common.changelog-init.xml::1511451595465-1.3::R3.Corda due to validation error(s): minValue is not allowed on h2
?[m?[37m[INFO] 11:12:17,294 [Test worker] liquibase. - master.changelog.json: migration/vault-schema.changelog-pkey.xml::non-clustered_pk-11::R3.Corda: Skipping changeSet migration/vault-schema.changelog-pkey.xml::non-clustered_pk-11::R3.Corda due to validation error(s): clustered is not allowed on h2
?[m?[37m[INFO] 11:12:17,294 [Test worker] liquibase. - master.changelog.json: migration/vault-schema.changelog-pkey.xml::non-clustered_pk-12::R3.Corda: Skipping changeSet migration/vault-schema.changelog-pkey.xml::non-clustered_pk-12::R3.Corda due to validation error(s): clustered is not allowed on h2
?[m?[37m[INFO] 11:12:17,294 [Test worker] liquibase. - master.changelog.json: migration/vault-schema.changelog-pkey.xml::non-clustered_pk-13::R3.Corda: Skipping changeSet migration/vault-schema.changelog-pkey.xml::non-clustered_pk-13::R3.Corda due to validation error(s): clustered is not allowed on h2
?[m?[37m[INFO] 11:12:17,296 [Test worker] liquibase. - master.changelog.json: migration/node-core.changelog-pkey.xml::non-clustered_pk-1::R3.Corda: Skipping changeSet migration/node-core.changelog-pkey.xml::non-clustered_pk-1::R3.Corda due to validation error(s): clustered is not allowed on h2
?[m?[37m[INFO] 11:12:17,296 [Test worker] liquibase. - master.changelog.json: migration/node-core.changelog-pkey.xml::non-clustered_pk-2::R3.Corda: Skipping changeSet migration/node-core.changelog-pkey.xml::non-clustered_pk-2::R3.Corda due to validation error(s): clustered is not allowed on h2
?[m?[37m[INFO] 11:12:17,296 [Test worker] liquibase. - master.changelog.json: migration/node-core.changelog-pkey.xml::non-clustered_pk-3::R3.Corda: Skipping changeSet migration/node-core.changelog-pkey.xml::non-clustered_pk-3::R3.Corda due to validation error(s): clustered is not allowed on h2
?[m?[37m[INFO] 11:12:17,296 [Test worker] liquibase. - master.changelog.json: migration/node-core.changelog-pkey.xml::non-clustered_pk-4::R3.Corda: Skipping changeSet migration/node-core.changelog-pkey.xml::non-clustered_pk-4::R3.Corda due to validation error(s): clustered is not allowed on h2
?[m?[37m[INFO] 11:12:17,296 [Test worker] liquibase. - master.changelog.json: migration/node-core.changelog-pkey.xml::non-clustered_pk-5::R3.Corda: Skipping changeSet migration/node-core.changelog-pkey.xml::non-clustered_pk-5::R3.Corda due to validation error(s): clustered is not allowed on h2
?[m?[37m[INFO] 11:12:17,296 [Test worker] liquibase. - master.changelog.json: migration/node-core.changelog-pkey.xml::non-clustered_pk-6::R3.Corda: Skipping changeSet migration/node-core.changelog-pkey.xml::non-clustered_pk-6::R3.Corda due to validation error(s): clustered is not allowed on h2
?[m?[37m[INFO] 11:12:17,296 [Test worker] liquibase. - master.changelog.json: migration/node-core.changelog-pkey.xml::non-clustered_pk-7::R3.Corda: Skipping changeSet migration/node-core.changelog-pkey.xml::non-clustered_pk-7::R3.Corda due to validation error(s): clustered is not allowed on h2
?[m?[37m[INFO] 11:12:17,297 [Test worker] liquibase. - master.changelog.json: migration/node-notary.changelog-pkey.xml::non-clustered_pk-notary_state::R3.Corda: Skipping changeSet migration/node-notary.changelog-pkey.xml::non-clustered_pk-notary_state::R3.Corda due to validation error(s): clustered is not allowed on h2
?[m?[37m[INFO] 11:12:17,297 [Test worker] liquibase. - master.changelog.json: migration/common.changelog-init.xml::1511451595465-1.1::R3.Corda: Sequence hibernate_sequence created
?[m?[37m[INFO] 11:12:17,297 [Test worker] liquibase. - master.changelog.json: migration/common.changelog-init.xml::1511451595465-1.1::R3.Corda: ChangeSet migration/common.changelog-init.xml::1511451595465-1.1::R3.Corda ran successfully in 0ms
?[m?[37m[INFO] 11:12:17,298 [Test worker] liquibase. - master.changelog.json: migration/vault-schema.changelog-init.xml::1511451595465-22::R3.Corda: Table vault_fungible_states created
?[m?[37m[INFO] 11:12:17,298 [Test worker] liquibase. - master.changelog.json: migration/vault-schema.changelog-init.xml::1511451595465-22::R3.Corda: ChangeSet migration/vault-schema.changelog-init.xml::1511451595465-22::R3.Corda ran successfully in 0ms
?[m?[37m[INFO] 11:12:17,299 [Test worker] liquibase. - master.changelog.json: migration/vault-schema.changelog-init.xml::1511451595465-23::R3.Corda: Table vault_fungible_states_parts created
?[m?[37m[INFO] 11:12:17,299 [Test worker] liquibase. - master.changelog.json: migration/vault-schema.changelog-init.xml::1511451595465-23::R3.Corda: ChangeSet migration/vault-schema.changelog-init.xml::1511451595465-23::R3.Corda ran successfully in 0ms
?[m?[37m[INFO] 11:12:17,299 [Test worker] liquibase. - master.changelog.json: migration/vault-schema.changelog-init.xml::1511451595465-24::R3.Corda: Table vault_linear_states created
?[m?[37m[INFO] 11:12:17,299 [Test worker] liquibase. - master.changelog.json: migration/vault-schema.changelog-init.xml::1511451595465-24::R3.Corda: ChangeSet migration/vault-schema.changelog-init.xml::1511451595465-24::R3.Corda ran successfully in 0ms
?[m?[37m[INFO] 11:12:17,300 [Test worker] liquibase. - master.changelog.json: migration/vault-schema.changelog-init.xml::1511451595465-25::R3.Corda: Table vault_linear_states_parts created
?[m?[37m[INFO] 11:12:17,300 [Test worker] liquibase. - master.changelog.json: migration/vault-schema.changelog-init.xml::1511451595465-25::R3.Corda: ChangeSet migration/vault-schema.changelog-init.xml::1511451595465-25::R3.Corda ran successfully in 0ms
?[m?[37m[INFO] 11:12:17,300 [Test worker] liquibase. - master.changelog.json: migration/vault-schema.changelog-init.xml::1511451595465-26::R3.Corda: Table vault_states created
?[m?[37m[INFO] 11:12:17,300 [Test worker] liquibase. - master.changelog.json: migration/vault-schema.changelog-init.xml::1511451595465-26::R3.Corda: ChangeSet migration/vault-schema.changelog-init.xml::1511451595465-26::R3.Corda ran successfully in 0ms
?[m?[37m[INFO] 11:12:17,301 [Test worker] liquibase. - master.changelog.json: migration/vault-schema.changelog-init.xml::1511451595465-27::R3.Corda: Table vault_transaction_notes created
?[m?[37m[INFO] 11:12:17,301 [Test worker] liquibase. - master.changelog.json: migration/vault-schema.changelog-init.xml::1511451595465-27::R3.Corda: ChangeSet migration/vault-schema.changelog-init.xml::1511451595465-27::R3.Corda ran successfully in 0ms
?[m?[37m[INFO] 11:12:17,302 [Test worker] liquibase. - master.changelog.json: migration/vault-schema.changelog-init.xml::1511451595465-47::R3.Corda: Primary key added to vault_fungible_states (output_index, transaction_id)
?[m?[37m[INFO] 11:12:17,302 [Test worker] liquibase. - master.changelog.json: migration/vault-schema.changelog-init.xml::1511451595465-47::R3.Corda: ChangeSet migration/vault-schema.changelog-init.xml::1511451595465-47::R3.Corda ran successfully in 1ms
?[m?[37m[INFO] 11:12:17,302 [Test worker] liquibase. - master.changelog.json: migration/vault-schema.changelog-init.xml::1511451595465-48::R3.Corda: Primary key added to vault_linear_states (output_index, transaction_id)
?[m?[37m[INFO] 11:12:17,302 [Test worker] liquibase. - master.changelog.json: migration/vault-schema.changelog-init.xml::1511451595465-48::R3.Corda: ChangeSet migration/vault-schema.changelog-init.xml::1511451595465-48::R3.Corda ran successfully in 0ms
?[m?[37m[INFO] 11:12:17,303 [Test worker] liquibase. - master.changelog.json: migration/vault-schema.changelog-init.xml::1511451595465-49::R3.Corda: Primary key added to vault_states (output_index, transaction_id)
?[m?[37m[INFO] 11:12:17,303 [Test worker] liquibase. - master.changelog.json: migration/vault-schema.changelog-init.xml::1511451595465-49::R3.Corda: ChangeSet migration/vault-schema.changelog-init.xml::1511451595465-49::R3.Corda ran successfully in 0ms
?[m?[37m[INFO] 11:12:17,304 [Test worker] liquibase. - master.changelog.json: migration/vault-schema.changelog-init.xml::1511451595465-50::R3.Corda: Primary key added to vault_transaction_notes (seq_no)
?[m?[37m[INFO] 11:12:17,304 [Test worker] liquibase. - master.changelog.json: migration/vault-schema.changelog-init.xml::1511451595465-50::R3.Corda: ChangeSet migration/vault-schema.changelog-init.xml::1511451595465-50::R3.Corda ran successfully in 1ms
?[m?[37m[INFO] 11:12:17,304 [Test worker] liquibase. - master.changelog.json: migration/vault-schema.changelog-init.xml::1511451595465-53::R3.Corda: Index external_id_index created
?[m?[37m[INFO] 11:12:17,304 [Test worker] liquibase. - master.changelog.json: migration/vault-schema.changelog-init.xml::1511451595465-53::R3.Corda: ChangeSet migration/vault-schema.changelog-init.xml::1511451595465-53::R3.Corda ran successfully in 0ms
?[m?[37m[INFO] 11:12:17,305 [Test worker] liquibase. - master.changelog.json: migration/vault-schema.changelog-init.xml::1511451595465-55::R3.Corda: Index lock_id_idx created
?[m?[37m[INFO] 11:12:17,305 [Test worker] liquibase. - master.changelog.json: migration/vault-schema.changelog-init.xml::1511451595465-55::R3.Corda: ChangeSet migration/vault-schema.changelog-init.xml::1511451595465-55::R3.Corda ran successfully in 0ms
?[m?[37m[INFO] 11:12:17,305 [Test worker] liquibase. - master.changelog.json: migration/vault-schema.changelog-init.xml::1511451595465-58::R3.Corda: Index state_status_idx created
?[m?[37m[INFO] 11:12:17,305 [Test worker] liquibase. - master.changelog.json: migration/vault-schema.changelog-init.xml::1511451595465-58::R3.Corda: ChangeSet migration/vault-schema.changelog-init.xml::1511451595465-58::R3.Corda ran successfully in 0ms
?[m?[37m[INFO] 11:12:17,306 [Test worker] liquibase. - master.changelog.json: migration/vault-schema.changelog-init.xml::1511451595465-59::R3.Corda: Index transaction_id_index created
?[m?[37m[INFO] 11:12:17,306 [Test worker] liquibase. - master.changelog.json: migration/vault-schema.changelog-init.xml::1511451595465-59::R3.Corda: ChangeSet migration/vault-schema.changelog-init.xml::1511451595465-59::R3.Corda ran successfully in 0ms
?[m?[37m[INFO] 11:12:17,306 [Test worker] liquibase. - master.changelog.json: migration/vault-schema.changelog-init.xml::1511451595465-60::R3.Corda: Index uuid_index created
?[m?[37m[INFO] 11:12:17,306 [Test worker] liquibase. - master.changelog.json: migration/vault-schema.changelog-init.xml::1511451595465-60::R3.Corda: ChangeSet migration/vault-schema.changelog-init.xml::1511451595465-60::R3.Corda ran successfully in 0ms
?[m?[37m[INFO] 11:12:17,307 [Test worker] liquibase. - master.changelog.json: migration/vault-schema.changelog-init.xml::1511451595465-64::R3.Corda: Foreign key constraint added to vault_fungible_states_parts (output_index,transaction_id)
?[m?[37m[INFO] 11:12:17,307 [Test worker] liquibase. - master.changelog.json: migration/vault-schema.changelog-init.xml::1511451595465-64::R3.Corda: ChangeSet migration/vault-schema.changelog-init.xml::1511451595465-64::R3.Corda ran successfully in 0ms
?[m?[37m[INFO] 11:12:17,308 [Test worker] liquibase. - master.changelog.json: migration/vault-schema.changelog-init.xml::1511451595465-65::R3.Corda: Foreign key constraint added to vault_linear_states_parts (output_index,transaction_id)
?[m?[37m[INFO] 11:12:17,308 [Test worker] liquibase. - master.changelog.json: migration/vault-schema.changelog-init.xml::1511451595465-65::R3.Corda: ChangeSet migration/vault-schema.changelog-init.xml::1511451595465-65::R3.Corda ran successfully in 0ms
?[m?[37m[INFO] 11:12:17,309 [Test worker] liquibase. - master.changelog.json: migration/vault-schema.changelog-v3.xml::clean_vault::R3.Corda: Data deleted from vault_fungible_states_parts
?[m?[37m[INFO] 11:12:17,309 [Test worker] liquibase. - master.changelog.json: migration/vault-schema.changelog-v3.xml::clean_vault::R3.Corda: Data deleted from vault_fungible_states
?[m?[37m[INFO] 11:12:17,309 [Test worker] liquibase. - master.changelog.json: migration/vault-schema.changelog-v3.xml::clean_vault::R3.Corda: Data deleted from vault_linear_states_parts
?[m?[37m[INFO] 11:12:17,309 [Test worker] liquibase. - master.changelog.json: migration/vault-schema.changelog-v3.xml::clean_vault::R3.Corda: Data deleted from vault_linear_states
?[m?[37m[INFO] 11:12:17,309 [Test worker] liquibase. - master.changelog.json: migration/vault-schema.changelog-v3.xml::clean_vault::R3.Corda: Data deleted from vault_states
?[m?[37m[INFO] 11:12:17,309 [Test worker] liquibase. - master.changelog.json: migration/vault-schema.changelog-v3.xml::clean_vault::R3.Corda: Data deleted from vault_transaction_notes
?[m?[37m[INFO] 11:12:17,309 [Test worker] liquibase. - master.changelog.json: migration/vault-schema.changelog-v3.xml::clean_vault::R3.Corda: ChangeSet migration/vault-schema.changelog-v3.xml::clean_vault::R3.Corda ran successfully in 0ms
?[m?[37m[INFO] 11:12:17,310 [Test worker] liquibase. - master.changelog.json: migration/vault-schema.changelog-v4.xml::nullability::R3.Corda: Null constraint has been added to vault_fungible_states.quantity
?[m?[37m[INFO] 11:12:17,310 [Test worker] liquibase. - master.changelog.json: migration/vault-schema.changelog-v4.xml::nullability::R3.Corda: Null constraint has been added to vault_states.contract_state_class_name
?[m?[37m[INFO] 11:12:17,310 [Test worker] liquibase. - master.changelog.json: migration/vault-schema.changelog-v4.xml::nullability::R3.Corda: Null constraint has been added to vault_states.notary_name
?[m?[37m[INFO] 11:12:17,310 [Test worker] liquibase. - master.changelog.json: migration/vault-schema.changelog-v4.xml::nullability::R3.Corda: Null constraint has been added to vault_states.recorded_timestamp
?[m?[37m[INFO] 11:12:17,310 [Test worker] liquibase. - master.changelog.json: migration/vault-schema.changelog-v4.xml::nullability::R3.Corda: Index state_status_idx dropped from table vault_states
?[m?[37m[INFO] 11:12:17,310 [Test worker] liquibase. - master.changelog.json: migration/vault-schema.changelog-v4.xml::nullability::R3.Corda: Index lock_id_idx dropped from table vault_states
?[m?[37m[INFO] 11:12:17,310 [Test worker] liquibase. - master.changelog.json: migration/vault-schema.changelog-v4.xml::nullability::R3.Corda: Null constraint has been added to vault_states.state_status
?[m?[37m[INFO] 11:12:17,310 [Test worker] liquibase. - master.changelog.json: migration/vault-schema.changelog-v4.xml::nullability::R3.Corda: Index state_status_idx created
?[m?[37m[INFO] 11:12:17,311 [Test worker] liquibase. - master.changelog.json: migration/vault-schema.changelog-v4.xml::nullability::R3.Corda: Index lock_id_idx created
?[m?[37m[INFO] 11:12:17,311 [Test worker] liquibase. - master.changelog.json: migration/vault-schema.changelog-v4.xml::nullability::R3.Corda: Index transaction_id_index dropped from table vault_transaction_notes
?[m?[37m[INFO] 11:12:17,311 [Test worker] liquibase. - master.changelog.json: migration/vault-schema.changelog-v4.xml::nullability::R3.Corda: Null constraint has been added to vault_transaction_notes.note
?[m?[37m[INFO] 11:12:17,311 [Test worker] liquibase. - master.changelog.json: migration/vault-schema.changelog-v4.xml::nullability::R3.Corda: Null constraint has been added to vault_transaction_notes.transaction_id
?[m?[37m[INFO] 11:12:17,311 [Test worker] liquibase. - master.changelog.json: migration/vault-schema.changelog-v4.xml::nullability::R3.Corda: Index transaction_id_index created
?[m?[37m[INFO] 11:12:17,311 [Test worker] liquibase. - master.changelog.json: migration/vault-schema.changelog-v4.xml::nullability::R3.Corda: ChangeSet migration/vault-schema.changelog-v4.xml::nullability::R3.Corda ran successfully in 1ms
?[m?[37m[INFO] 11:12:17,315 [Test worker] liquibase. - master.changelog.json: migration/vault-schema.changelog-v5.xml::add_relevancy_status_column::R3.Corda: Columns relevancy_status(INT) added to vault_states
?[m?[37m[INFO] 11:12:17,315 [Test worker] liquibase. - master.changelog.json: migration/vault-schema.changelog-v5.xml::add_relevancy_status_column::R3.Corda: Data updated in vault_states
?[m?[37m[INFO] 11:12:17,315 [Test worker] liquibase. - master.changelog.json: migration/vault-schema.changelog-v5.xml::add_relevancy_status_column::R3.Corda: Null constraint has been added to vault_states.relevancy_status
?[m?[37m[INFO] 11:12:17,315 [Test worker] liquibase. - master.changelog.json: migration/vault-schema.changelog-v5.xml::add_relevancy_status_column::R3.Corda: ChangeSet migration/vault-schema.changelog-v5.xml::add_relevancy_status_column::R3.Corda ran successfully in 1ms
?[m?[37m[INFO] 11:12:17,317 [Test worker] liquibase. - master.changelog.json: migration/vault-schema.changelog-v6.xml::add_is_constraint_information_columns::R3.Corda: Columns constraint_type(INT) added to vault_states
?[m?[37m[INFO] 11:12:17,317 [Test worker] liquibase. - master.changelog.json: migration/vault-schema.changelog-v6.xml::add_is_constraint_information_columns::R3.Corda: Columns constraint_data(varbinary(563)) added to vault_states
?[m?[37m[INFO] 11:12:17,317 [Test worker] liquibase. - master.changelog.json: migration/vault-schema.changelog-v6.xml::add_is_constraint_information_columns::R3.Corda: ChangeSet migration/vault-schema.changelog-v6.xml::add_is_constraint_information_columns::R3.Corda ran successfully in 2ms
?[m?[37m[INFO] 11:12:17,318 [Test worker] liquibase. - master.changelog.json: migration/vault-schema.changelog-v7.xml::make_issuer_ref_nullable::R3.Corda: Null constraint dropped from vault_fungible_states.issuer_ref
?[m?[37m[INFO] 11:12:17,318 [Test worker] liquibase. - master.changelog.json: migration/vault-schema.changelog-v7.xml::make_issuer_ref_nullable::R3.Corda: ChangeSet migration/vault-schema.changelog-v7.xml::make_issuer_ref_nullable::R3.Corda ran successfully in 0ms
?[m?[37m[INFO] 11:12:17,319 [Test worker] liquibase. - master.changelog.json: migration/vault-schema.changelog-v8.xml::create-external-id-to-state-party-view::R3.Corda: Table state_party created
?[m?[37m[INFO] 11:12:17,319 [Test worker] liquibase. - master.changelog.json: migration/vault-schema.changelog-v8.xml::create-external-id-to-state-party-view::R3.Corda: Index state_pk_hash_idx created
?[m?[37m[INFO] 11:12:17,319 [Test worker] liquibase. - master.changelog.json: migration/vault-schema.changelog-v8.xml::create-external-id-to-state-party-view::R3.Corda: Table pk_hash_to_ext_id_map created
?[m?[37m[INFO] 11:12:17,319 [Test worker] liquibase. - master.changelog.json: migration/vault-schema.changelog-v8.xml::create-external-id-to-state-party-view::R3.Corda: Index pk_hash_to_xid_idx created
?[m?[37m[INFO] 11:12:17,319 [Test worker] liquibase. - master.changelog.json: migration/vault-schema.changelog-v8.xml::create-external-id-to-state-party-view::R3.Corda: View v_pkey_hash_ex_id_map created
?[m?[37m[INFO] 11:12:17,319 [Test worker] liquibase. - master.changelog.json: migration/vault-schema.changelog-v8.xml::create-external-id-to-state-party-view::R3.Corda: ChangeSet migration/vault-schema.changelog-v8.xml::create-external-id-to-state-party-view::R3.Corda ran successfully in 1ms
?[m?[37m[INFO] 11:12:17,320 [Test worker] liquibase. - master.changelog.json: migration/node-info.changelog-init.xml::1511451595465-4::R3.Corda: Table node_link_nodeinfo_party created
?[m?[37m[INFO] 11:12:17,320 [Test worker] liquibase. - master.changelog.json: migration/node-info.changelog-init.xml::1511451595465-4::R3.Corda: ChangeSet migration/node-info.changelog-init.xml::1511451595465-4::R3.Corda ran successfully in 0ms
?[m?[37m[INFO] 11:12:17,321 [Test worker] liquibase. - master.changelog.json: migration/node-info.changelog-init.xml::1511451595465-10::R3.Corda: Table node_info_hosts created
?[m?[37m[INFO] 11:12:17,321 [Test worker] liquibase. - master.changelog.json: migration/node-info.changelog-init.xml::1511451595465-10::R3.Corda: ChangeSet migration/node-info.changelog-init.xml::1511451595465-10::R3.Corda ran successfully in 0ms
?[m?[37m[INFO] 11:12:17,322 [Test worker] liquibase. - master.changelog.json: migration/node-info.changelog-init.xml::1511451595465-11::R3.Corda: Table node_info_party_cert created
?[m?[37m[INFO] 11:12:17,322 [Test worker] liquibase. - master.changelog.json: migration/node-info.changelog-init.xml::1511451595465-11::R3.Corda: ChangeSet migration/node-info.changelog-init.xml::1511451595465-11::R3.Corda ran successfully in 0ms
?[m?[37m[INFO] 11:12:17,322 [Test worker] liquibase. - master.changelog.json: migration/node-info.changelog-init.xml::1511451595465-12::R3.Corda: Table node_infos created
?[m?[37m[INFO] 11:12:17,322 [Test worker] liquibase. - master.changelog.json: migration/node-info.changelog-init.xml::1511451595465-12::R3.Corda: ChangeSet migration/node-info.changelog-init.xml::1511451595465-12::R3.Corda ran successfully in 0ms
?[m?[37m[INFO] 11:12:17,323 [Test worker] liquibase. - master.changelog.json: migration/node-info.changelog-init.xml::1511451595465-35::R3.Corda: Primary key added to node_info_hosts (host, port)
?[m?[37m[INFO] 11:12:17,323 [Test worker] liquibase. - master.changelog.json: migration/node-info.changelog-init.xml::1511451595465-35::R3.Corda: ChangeSet migration/node-info.changelog-init.xml::1511451595465-35::R3.Corda ran successfully in 0ms
?[m?[37m[INFO] 11:12:17,324 [Test worker] liquibase. - master.changelog.json: migration/node-info.changelog-init.xml::1511451595465-36::R3.Corda: Primary key added to node_info_party_cert (party_name)
?[m?[37m[INFO] 11:12:17,324 [Test worker] liquibase. - master.changelog.json: migration/node-info.changelog-init.xml::1511451595465-36::R3.Corda: ChangeSet migration/node-info.changelog-init.xml::1511451595465-36::R3.Corda ran successfully in 0ms
?[m?[37m[INFO] 11:12:17,325 [Test worker] liquibase. - master.changelog.json: migration/node-info.changelog-init.xml::1511451595465-37::R3.Corda: Primary key added to node_infos (node_info_id)
?[m?[37m[INFO] 11:12:17,325 [Test worker] liquibase. - master.changelog.json: migration/node-info.changelog-init.xml::1511451595465-37::R3.Corda: ChangeSet migration/node-info.changelog-init.xml::1511451595465-37::R3.Corda ran successfully in 0ms
?[m?[37m[INFO] 11:12:17,326 [Test worker] liquibase. - master.changelog.json: migration/node-info.changelog-init.xml::1511451595465-62::R3.Corda: Foreign key constraint added to node_link_nodeinfo_party (node_info_id)
?[m?[37m[INFO] 11:12:17,326 [Test worker] liquibase. - master.changelog.json: migration/node-info.changelog-init.xml::1511451595465-62::R3.Corda: ChangeSet migration/node-info.changelog-init.xml::1511451595465-62::R3.Corda ran successfully in 1ms
?[m?[37m[INFO] 11:12:17,327 [Test worker] liquibase. - master.changelog.json: migration/node-info.changelog-init.xml::1511451595465-63::R3.Corda: Foreign key constraint added to node_info_hosts (node_info_id)
?[m?[37m[INFO] 11:12:17,327 [Test worker] liquibase. - master.changelog.json: migration/node-info.changelog-init.xml::1511451595465-63::R3.Corda: ChangeSet migration/node-info.changelog-init.xml::1511451595465-63::R3.Corda ran successfully in 1ms
?[m?[37m[INFO] 11:12:17,327 [Test worker] liquibase. - master.changelog.json: migration/node-info.changelog-init.xml::remove_host_port_pk::R3.Corda: Data deleted from node_infos
?[m?[37m[INFO] 11:12:17,327 [Test worker] liquibase. - master.changelog.json: migration/node-info.changelog-init.xml::remove_host_port_pk::R3.Corda: Data deleted from node_link_nodeinfo_party
?[m?[37m[INFO] 11:12:17,328 [Test worker] liquibase. - master.changelog.json: migration/node-info.changelog-init.xml::remove_host_port_pk::R3.Corda: Data deleted from node_info_hosts
?[m?[37m[INFO] 11:12:17,328 [Test worker] liquibase. - master.changelog.json: migration/node-info.changelog-init.xml::remove_host_port_pk::R3.Corda: Data deleted from node_info_party_cert
?[m?[37m[INFO] 11:12:17,328 [Test worker] liquibase. - master.changelog.json: migration/node-info.changelog-init.xml::remove_host_port_pk::R3.Corda: Primary key dropped from node_info_hosts
?[m?[37m[INFO] 11:12:17,328 [Test worker] liquibase. - master.changelog.json: migration/node-info.changelog-init.xml::remove_host_port_pk::R3.Corda: Columns hosts_id(INT) added to node_info_hosts
?[m?[37m[INFO] 11:12:17,328 [Test worker] liquibase. - master.changelog.json: migration/node-info.changelog-init.xml::remove_host_port_pk::R3.Corda: Primary key added to node_info_hosts (hosts_id)
?[m?[37m[INFO] 11:12:17,328 [Test worker] liquibase. - master.changelog.json: migration/node-info.changelog-init.xml::remove_host_port_pk::R3.Corda: ChangeSet migration/node-info.changelog-init.xml::remove_host_port_pk::R3.Corda ran successfully in 1ms
?[m?[37m[INFO] 11:12:17,329 [Test worker] liquibase. - master.changelog.json: migration/node-info.changelog-v1.xml::key/value node properties table::R3.Corda: Table node_properties created
?[m?[37m[INFO] 11:12:17,329 [Test worker] liquibase. - master.changelog.json: migration/node-info.changelog-v1.xml::key/value node properties table::R3.Corda: ChangeSet migration/node-info.changelog-v1.xml::key/value node properties table::R3.Corda ran successfully in 0ms
?[m?[37m[INFO] 11:12:17,330 [Test worker] liquibase. - master.changelog.json: migration/node-info.changelog-v2.xml::1525962920::R3.Corda: Null constraint has been added to node_infos.node_info_hash
?[m?[37m[INFO] 11:12:17,330 [Test worker] liquibase. - master.changelog.json: migration/node-info.changelog-v2.xml::1525962920::R3.Corda: Null constraint has been added to node_infos.platform_version
?[m?[37m[INFO] 11:12:17,330 [Test worker] liquibase. - master.changelog.json: migration/node-info.changelog-v2.xml::1525962920::R3.Corda: Null constraint has been added to node_infos.serial
?[m?[37m[INFO] 11:12:17,331 [Test worker] liquibase. - master.changelog.json: migration/node-info.changelog-v2.xml::1525962920::R3.Corda: Null constraint dropped from node_info_hosts.host
?[m?[37m[INFO] 11:12:17,331 [Test worker] liquibase. - master.changelog.json: migration/node-info.changelog-v2.xml::1525962920::R3.Corda: Null constraint dropped from node_info_hosts.port
?[m?[37m[INFO] 11:12:17,331 [Test worker] liquibase. - master.changelog.json: migration/node-info.changelog-v2.xml::1525962920::R3.Corda: Null constraint has been added to node_info_party_cert.owning_key_hash
?[m?[37m[INFO] 11:12:17,331 [Test worker] liquibase. - master.changelog.json: migration/node-info.changelog-v2.xml::1525962920::R3.Corda: Null constraint has been added to node_info_party_cert.party_cert_binary
?[m?[37m[INFO] 11:12:17,331 [Test worker] liquibase. - master.changelog.json: migration/node-info.changelog-v2.xml::1525962920::R3.Corda: ChangeSet migration/node-info.changelog-v2.xml::1525962920::R3.Corda ran successfully in 1ms
?[m?[37m[INFO] 11:12:17,332 [Test worker] liquibase. - master.changelog.json: migration/node-info.changelog-v3.xml::column_host_name::R3.Corda: Column node_info_hosts.host renamed to host_name
?[m?[37m[INFO] 11:12:17,332 [Test worker] liquibase. - master.changelog.json: migration/node-info.changelog-v3.xml::column_host_name::R3.Corda: ChangeSet migration/node-info.changelog-v3.xml::column_host_name::R3.Corda ran successfully in 1ms
?[m?[37m[INFO] 11:12:17,332 [Test worker] liquibase. - master.changelog.json: migration/node-services.changelog-init.xml::1511451595465-5::R3.Corda: Table node_attachments created
?[m?[37m[INFO] 11:12:17,332 [Test worker] liquibase. - master.changelog.json: migration/node-services.changelog-init.xml::1511451595465-5::R3.Corda: ChangeSet migration/node-services.changelog-init.xml::1511451595465-5::R3.Corda ran successfully in 0ms
?[m?[37m[INFO] 11:12:17,333 [Test worker] liquibase. - master.changelog.json: migration/node-services.changelog-init.xml::1511451595465-7::R3.Corda: Table node_checkpoints created
?[m?[37m[INFO] 11:12:17,333 [Test worker] liquibase. - master.changelog.json: migration/node-services.changelog-init.xml::1511451595465-7::R3.Corda: ChangeSet migration/node-services.changelog-init.xml::1511451595465-7::R3.Corda ran successfully in 0ms
?[m?[37m[INFO] 11:12:17,334 [Test worker] liquibase. - master.changelog.json: migration/node-services.changelog-init.xml::1511451595465-8::R3.Corda: Table node_contract_upgrades created
?[m?[37m[INFO] 11:12:17,334 [Test worker] liquibase. - master.changelog.json: migration/node-services.changelog-init.xml::1511451595465-8::R3.Corda: ChangeSet migration/node-services.changelog-init.xml::1511451595465-8::R3.Corda ran successfully in 0ms
?[m?[37m[INFO] 11:12:17,334 [Test worker] liquibase. - master.changelog.json: migration/node-services.changelog-init.xml::1511451595465-9::R3.Corda: Table node_identities created
?[m?[37m[INFO] 11:12:17,334 [Test worker] liquibase. - master.changelog.json: migration/node-services.changelog-init.xml::1511451595465-9::R3.Corda: ChangeSet migration/node-services.changelog-init.xml::1511451595465-9::R3.Corda ran successfully in 0ms
?[m?[37m[INFO] 11:12:17,335 [Test worker] liquibase. - master.changelog.json: migration/node-services.changelog-init.xml::1511451595465-13::R3.Corda: Table node_message_ids created
?[m?[37m[INFO] 11:12:17,335 [Test worker] liquibase. - master.changelog.json: migration/node-services.changelog-init.xml::1511451595465-13::R3.Corda: ChangeSet migration/node-services.changelog-init.xml::1511451595465-13::R3.Corda ran successfully in 0ms
?[m?[37m[INFO] 11:12:17,336 [Test worker] liquibase. - master.changelog.json: migration/node-services.changelog-init.xml::1511451595465-14::R3.Corda: Table node_message_retry created
?[m?[37m[INFO] 11:12:17,336 [Test worker] liquibase. - master.changelog.json: migration/node-services.changelog-init.xml::1511451595465-14::R3.Corda: ChangeSet migration/node-services.changelog-init.xml::1511451595465-14::R3.Corda ran successfully in 0ms
?[m?[37m[INFO] 11:12:17,336 [Test worker] liquibase. - master.changelog.json: migration/node-services.changelog-init.xml::1511451595465-15::R3.Corda: Table node_named_identities created
?[m?[37m[INFO] 11:12:17,336 [Test worker] liquibase. - master.changelog.json: migration/node-services.changelog-init.xml::1511451595465-15::R3.Corda: ChangeSet migration/node-services.changelog-init.xml::1511451595465-15::R3.Corda ran successfully in 0ms
?[m?[37m[INFO] 11:12:17,337 [Test worker] liquibase. - master.changelog.json: migration/node-services.changelog-init.xml::1511451595465-17::R3.Corda: Table node_our_key_pairs created
?[m?[37m[INFO] 11:12:17,337 [Test worker] liquibase. - master.changelog.json: migration/node-services.changelog-init.xml::1511451595465-17::R3.Corda: ChangeSet migration/node-services.changelog-init.xml::1511451595465-17::R3.Corda ran successfully in 0ms
?[m?[37m[INFO] 11:12:17,338 [Test worker] liquibase. - master.changelog.json: migration/node-services.changelog-init.xml::1511451595465-19::R3.Corda: Table node_scheduled_states created
?[m?[37m[INFO] 11:12:17,338 [Test worker] liquibase. - master.changelog.json: migration/node-services.changelog-init.xml::1511451595465-19::R3.Corda: ChangeSet migration/node-services.changelog-init.xml::1511451595465-19::R3.Corda ran successfully in 0ms
?[m?[37m[INFO] 11:12:17,338 [Test worker] liquibase. - master.changelog.json: migration/node-services.changelog-init.xml::1511451595465-20::R3.Corda: Table node_transaction_mappings created
?[m?[37m[INFO] 11:12:17,338 [Test worker] liquibase. - master.changelog.json: migration/node-services.changelog-init.xml::1511451595465-20::R3.Corda: ChangeSet migration/node-services.changelog-init.xml::1511451595465-20::R3.Corda ran successfully in 0ms
?[m?[37m[INFO] 11:12:17,339 [Test worker] liquibase. - master.changelog.json: migration/node-services.changelog-init.xml::1511451595465-21::R3.Corda: Table node_transactions created
?[m?[37m[INFO] 11:12:17,339 [Test worker] liquibase. - master.changelog.json: migration/node-services.changelog-init.xml::1511451595465-21::R3.Corda: ChangeSet migration/node-services.changelog-init.xml::1511451595465-21::R3.Corda ran successfully in 0ms
?[m?[37m[INFO] 11:12:17,340 [Test worker] liquibase. - master.changelog.json: migration/node-services.changelog-init.xml::1511451595465-30::R3.Corda: Primary key added to node_attachments (att_id)
?[m?[37m[INFO] 11:12:17,340 [Test worker] liquibase. - master.changelog.json: migration/node-services.changelog-init.xml::1511451595465-30::R3.Corda: ChangeSet migration/node-services.changelog-init.xml::1511451595465-30::R3.Corda ran successfully in 0ms
?[m?[37m[INFO] 11:12:17,341 [Test worker] liquibase. - master.changelog.json: migration/node-services.changelog-init.xml::1511451595465-32::R3.Corda: Primary key added to node_checkpoints (checkpoint_id)
?[m?[37m[INFO] 11:12:17,341 [Test worker] liquibase. - master.changelog.json: migration/node-services.changelog-init.xml::1511451595465-32::R3.Corda: ChangeSet migration/node-services.changelog-init.xml::1511451595465-32::R3.Corda ran successfully in 1ms
?[m?[37m[INFO] 11:12:17,342 [Test worker] liquibase. - master.changelog.json: migration/node-services.changelog-init.xml::1511451595465-33::R3.Corda: Primary key added to node_contract_upgrades (state_ref)
?[m?[37m[INFO] 11:12:17,342 [Test worker] liquibase. - master.changelog.json: migration/node-services.changelog-init.xml::1511451595465-33::R3.Corda: ChangeSet migration/node-services.changelog-init.xml::1511451595465-33::R3.Corda ran successfully in 1ms
?[m?[37m[INFO] 11:12:17,342 [Test worker] liquibase. - master.changelog.json: migration/node-services.changelog-init.xml::1511451595465-34::R3.Corda: Primary key added to node_identities (pk_hash)
?[m?[37m[INFO] 11:12:17,342 [Test worker] liquibase. - master.changelog.json: migration/node-services.changelog-init.xml::1511451595465-34::R3.Corda: ChangeSet migration/node-services.changelog-init.xml::1511451595465-34::R3.Corda ran successfully in 0ms
?[m?[37m[INFO] 11:12:17,343 [Test worker] liquibase. - master.changelog.json: migration/node-services.changelog-init.xml::1511451595465-38::R3.Corda: Primary key added to node_message_ids (message_id)
?[m?[37m[INFO] 11:12:17,343 [Test worker] liquibase. - master.changelog.json: migration/node-services.changelog-init.xml::1511451595465-38::R3.Corda: ChangeSet migration/node-services.changelog-init.xml::1511451595465-38::R3.Corda ran successfully in 0ms
?[m?[37m[INFO] 11:12:17,344 [Test worker] liquibase. - master.changelog.json: migration/node-services.changelog-init.xml::1511451595465-39::R3.Corda: Primary key added to node_message_retry (message_id)
?[m?[37m[INFO] 11:12:17,344 [Test worker] liquibase. - master.changelog.json: migration/node-services.changelog-init.xml::1511451595465-39::R3.Corda: ChangeSet migration/node-services.changelog-init.xml::1511451595465-39::R3.Corda ran successfully in 0ms
?[m?[37m[INFO] 11:12:17,345 [Test worker] liquibase. - master.changelog.json: migration/node-services.changelog-init.xml::1511451595465-40::R3.Corda: Primary key added to node_named_identities (name)
?[m?[37m[INFO] 11:12:17,345 [Test worker] liquibase. - master.changelog.json: migration/node-services.changelog-init.xml::1511451595465-40::R3.Corda: ChangeSet migration/node-services.changelog-init.xml::1511451595465-40::R3.Corda ran successfully in 1ms
?[m?[37m[INFO] 11:12:17,345 [Test worker] liquibase. - master.changelog.json: migration/node-services.changelog-init.xml::1511451595465-42::R3.Corda: Primary key added to node_our_key_pairs (public_key_hash)
?[m?[37m[INFO] 11:12:17,345 [Test worker] liquibase. - master.changelog.json: migration/node-services.changelog-init.xml::1511451595465-42::R3.Corda: ChangeSet migration/node-services.changelog-init.xml::1511451595465-42::R3.Corda ran successfully in 0ms
?[m?[37m[INFO] 11:12:17,346 [Test worker] liquibase. - master.changelog.json: migration/node-services.changelog-init.xml::1511451595465-44::R3.Corda: Primary key added to node_scheduled_states (output_index, transaction_id)
?[m?[37m[INFO] 11:12:17,346 [Test worker] liquibase. - master.changelog.json: migration/node-services.changelog-init.xml::1511451595465-44::R3.Corda: ChangeSet migration/node-services.changelog-init.xml::1511451595465-44::R3.Corda ran successfully in 0ms
?[m?[37m[INFO] 11:12:17,347 [Test worker] liquibase. - master.changelog.json: migration/node-services.changelog-init.xml::1511451595465-45::R3.Corda: Primary key added to node_transaction_mappings (tx_id)
?[m?[37m[INFO] 11:12:17,347 [Test worker] liquibase. - master.changelog.json: migration/node-services.changelog-init.xml::1511451595465-45::R3.Corda: ChangeSet migration/node-services.changelog-init.xml::1511451595465-45::R3.Corda ran successfully in 0ms
?[m?[37m[INFO] 11:12:17,347 [Test worker] liquibase. - master.changelog.json: migration/node-services.changelog-init.xml::1511451595465-46::R3.Corda: Primary key added to node_transactions (tx_id)
?[m?[37m[INFO] 11:12:17,347 [Test worker] liquibase. - master.changelog.json: migration/node-services.changelog-init.xml::1511451595465-46::R3.Corda: ChangeSet migration/node-services.changelog-init.xml::1511451595465-46::R3.Corda ran successfully in 0ms
?[m?[37m[INFO] 11:12:17,348 [Test worker] liquibase. - master.changelog.json: migration/node-services.changelog-init.xml::1511451595465-61::R3.Corda: Foreign key constraint added to node_link_nodeinfo_party (party_name)
?[m?[37m[INFO] 11:12:17,348 [Test worker] liquibase. - master.changelog.json: migration/node-services.changelog-init.xml::1511451595465-61::R3.Corda: ChangeSet migration/node-services.changelog-init.xml::1511451595465-61::R3.Corda ran successfully in 0ms
?[m?[37m[INFO] 11:12:17,349 [Test worker] liquibase. - master.changelog.json: migration/node-services.changelog-init.xml::add index att_id::R3.Corda: Index att_id_idx created
?[m?[37m[INFO] 11:12:17,349 [Test worker] liquibase. - master.changelog.json: migration/node-services.changelog-init.xml::add index att_id::R3.Corda: ChangeSet migration/node-services.changelog-init.xml::add index att_id::R3.Corda ran successfully in 0ms
?[m?[37m[INFO] 11:12:17,350 [Test worker] liquibase. - master.changelog.json: migration/node-services.changelog-init.xml::add_contract_attachment::R3.Corda: Table node_attchments_contracts created
?[m?[37m[INFO] 11:12:17,350 [Test worker] liquibase. - master.changelog.json: migration/node-services.changelog-init.xml::add_contract_attachment::R3.Corda: Foreign key constraint added to node_attchments_contracts (att_id)
?[m?[37m[INFO] 11:12:17,350 [Test worker] liquibase. - master.changelog.json: migration/node-services.changelog-init.xml::add_contract_attachment::R3.Corda: Data deleted from node_attachments
?[m?[37m[INFO] 11:12:17,350 [Test worker] liquibase. - master.changelog.json: migration/node-services.changelog-init.xml::add_contract_attachment::R3.Corda: ChangeSet migration/node-services.changelog-init.xml::add_contract_attachment::R3.Corda ran successfully in 0ms
?[m?[37m[INFO] 11:12:17,352 [Test worker] liquibase. - master.changelog.json: migration/node-services.changelog-init.xml::add_dedup_columns::R3.Corda: Columns sender(NVARCHAR(64)),sequence_number(BIGINT) added to node_message_ids
?[m?[37m[INFO] 11:12:17,352 [Test worker] liquibase. - master.changelog.json: migration/node-services.changelog-init.xml::add_dedup_columns::R3.Corda: ChangeSet migration/node-services.changelog-init.xml::add_dedup_columns::R3.Corda ran successfully in 1ms
?[m?[37m[INFO] 11:12:17,353 [Test worker] liquibase. - master.changelog.json: migration/node-core.changelog-v4.xml::attchments_rename::R3.Corda: Table node_attchments_contracts renamed to node_attachments_contracts
?[m?[37m[INFO] 11:12:17,353 [Test worker] liquibase. - master.changelog.json: migration/node-core.changelog-v4.xml::attchments_rename::R3.Corda: ChangeSet migration/node-core.changelog-v4.xml::attchments_rename::R3.Corda ran successfully in 0ms
?[m?[37m[INFO] 11:12:17,354 [Test worker] liquibase. - master.changelog.json: migration/node-core.changelog-v4.xml::nullability::R3.Corda: Null constraint has been added to node_identities.identity_value
?[m?[37m[INFO] 11:12:17,354 [Test worker] liquibase. - master.changelog.json: migration/node-core.changelog-v4.xml::nullability::R3.Corda: Null constraint has been added to node_attachments.content
?[m?[37m[INFO] 11:12:17,354 [Test worker] liquibase. - master.changelog.json: migration/node-core.changelog-v4.xml::nullability::R3.Corda: Null constraint has been added to node_attachments_contracts.contract_class_name
?[m?[37m[INFO] 11:12:17,354 [Test worker] liquibase. - master.changelog.json: migration/node-core.changelog-v4.xml::nullability::R3.Corda: Null constraint has been added to node_checkpoints.checkpoint_value
?[m?[37m[INFO] 11:12:17,354 [Test worker] liquibase. - master.changelog.json: migration/node-core.changelog-v4.xml::nullability::R3.Corda: Null constraint has been added to node_contract_upgrades.contract_class_name
?[m?[37m[INFO] 11:12:17,354 [Test worker] liquibase. - master.changelog.json: migration/node-core.changelog-v4.xml::nullability::R3.Corda: Null constraint has been added to node_message_ids.insertion_time
?[m?[37m[INFO] 11:12:17,354 [Test worker] liquibase. - master.changelog.json: migration/node-core.changelog-v4.xml::nullability::R3.Corda: Null constraint has been added to node_message_retry.message
?[m?[37m[INFO] 11:12:17,354 [Test worker] liquibase. - master.changelog.json: migration/node-core.changelog-v4.xml::nullability::R3.Corda: Null constraint has been added to node_message_retry.recipients
?[m?[37m[INFO] 11:12:17,354 [Test worker] liquibase. - master.changelog.json: migration/node-core.changelog-v4.xml::nullability::R3.Corda: Null constraint has been added to node_named_identities.pk_hash
?[m?[37m[INFO] 11:12:17,354 [Test worker] liquibase. - master.changelog.json: migration/node-core.changelog-v4.xml::nullability::R3.Corda: Null constraint has been added to node_our_key_pairs.private_key
?[m?[37m[INFO] 11:12:17,354 [Test worker] liquibase. - master.changelog.json: migration/node-core.changelog-v4.xml::nullability::R3.Corda: Null constraint has been added to node_our_key_pairs.public_key
?[m?[37m[INFO] 11:12:17,355 [Test worker] liquibase. - master.changelog.json: migration/node-core.changelog-v4.xml::nullability::R3.Corda: Null constraint has been added to node_transaction_mappings.state_machine_run_id
?[m?[37m[INFO] 11:12:17,355 [Test worker] liquibase. - master.changelog.json: migration/node-core.changelog-v4.xml::nullability::R3.Corda: Null constraint has been added to node_transactions.transaction_value
?[m?[37m[INFO] 11:12:17,355 [Test worker] liquibase. - master.changelog.json: migration/node-core.changelog-v4.xml::nullability::R3.Corda: ChangeSet migration/node-core.changelog-v4.xml::nullability::R3.Corda ran successfully in 1ms
?[m?[37m[INFO] 11:12:17,356 [Test worker] liquibase. - master.changelog.json: migration/node-core.changelog-v5.xml::remove_unused_node_message_retry::R3.Corda: Table node_message_retry dropped
?[m?[37m[INFO] 11:12:17,356 [Test worker] liquibase. - master.changelog.json: migration/node-core.changelog-v5.xml::remove_unused_node_message_retry::R3.Corda: ChangeSet migration/node-core.changelog-v5.xml::remove_unused_node_message_retry::R3.Corda ran successfully in 0ms
?[m?[37m[INFO] 11:12:17,366 [Test worker] liquibase. - master.changelog.json: migration/node-core.changelog-v8.xml::conditional_attchments_rename::R3.Corda: Marking ChangeSet: migration/node-core.changelog-v8.xml::conditional_attchments_rename::R3.Corda ran despite precondition failure due to onFail='MARK_RAN': 
          master.changelog.json : Table PUBLIC.NODE_ATTCHMENTS_CONTRACTS does not exist

?[m?[37m[INFO] 11:12:17,373 [Test worker] liquibase. - master.changelog.json: migration/node-core.changelog-v8.xml::conditional_attchments_contracts::R3.Corda: Marking ChangeSet: migration/node-core.changelog-v8.xml::conditional_attchments_contracts::R3.Corda ran despite precondition failure due to onFail='MARK_RAN': 
          master.changelog.json : Table PUBLIC.NODE_ATTACHMENTS_CONTRACT_CLASS_NAME does not exist

?[m?[37m[INFO] 11:12:17,374 [Test worker] liquibase. - master.changelog.json: migration/node-core.changelog-v8.xml::add_signers::R3.Corda: Table node_attachments_signers created
?[m?[37m[INFO] 11:12:17,375 [Test worker] liquibase. - master.changelog.json: migration/node-core.changelog-v8.xml::add_signers::R3.Corda: Foreign key constraint added to node_attachments_signers (att_id)
?[m?[37m[INFO] 11:12:17,375 [Test worker] liquibase. - master.changelog.json: migration/node-core.changelog-v8.xml::add_signers::R3.Corda: ChangeSet migration/node-core.changelog-v8.xml::add_signers::R3.Corda ran successfully in 1ms
?[m?[37m[INFO] 11:12:17,377 [Test worker] liquibase. - master.changelog.json: migration/node-core.changelog-tx-mapping.xml::add_tx_mapping_column::R3.Corda: Columns state_machine_run_id(NVARCHAR(36)) added to node_transactions
?[m?[37m[INFO] 11:12:17,377 [Test worker] liquibase. - master.changelog.json: migration/node-core.changelog-tx-mapping.xml::add_tx_mapping_column::R3.Corda: Custom SQL executed
?[m?[37m[INFO] 11:12:17,377 [Test worker] liquibase. - master.changelog.json: migration/node-core.changelog-tx-mapping.xml::add_tx_mapping_column::R3.Corda: Table node_transaction_mappings dropped
?[m?[37m[INFO] 11:12:17,377 [Test worker] liquibase. - master.changelog.json: migration/node-core.changelog-tx-mapping.xml::add_tx_mapping_column::R3.Corda: ChangeSet migration/node-core.changelog-tx-mapping.xml::add_tx_mapping_column::R3.Corda ran successfully in 2ms
?[m?[37m[INFO] 11:12:17,378 [Test worker] liquibase. - master.changelog.json: migration/node-services.changelog-init.xml::add_network_parameters_storage::R3.Corda: Table node_network_parameters created
?[m?[37m[INFO] 11:12:17,378 [Test worker] liquibase. - master.changelog.json: migration/node-services.changelog-init.xml::add_network_parameters_storage::R3.Corda: ChangeSet migration/node-services.changelog-init.xml::add_network_parameters_storage::R3.Corda ran successfully in 0ms
?[m?[37m[INFO] 11:12:17,379 [Test worker] liquibase. - master.changelog.json: migration/node-services.changelog-init.xml::network_parameters_pk::R3.Corda: Primary key added to node_network_parameters (hash)
?[m?[37m[INFO] 11:12:17,379 [Test worker] liquibase. - master.changelog.json: migration/node-services.changelog-init.xml::network_parameters_pk::R3.Corda: ChangeSet migration/node-services.changelog-init.xml::network_parameters_pk::R3.Corda ran successfully in 0ms
?[m?[37m[INFO] 11:12:17,381 [Test worker] liquibase. - master.changelog.json: migration/node-services.changelog-init.xml::add_version_column::R3.Corda: Columns version(INT) added to node_attachments
?[m?[37m[INFO] 11:12:17,381 [Test worker] liquibase. - master.changelog.json: migration/node-services.changelog-init.xml::add_version_column::R3.Corda: Custom SQL executed
?[m?[37m[INFO] 11:12:17,382 [Test worker] liquibase. - master.changelog.json: migration/node-services.changelog-init.xml::add_version_column::R3.Corda: Null constraint has been added to node_attachments.version
?[m?[37m[INFO] 11:12:17,382 [Test worker] liquibase. - master.changelog.json: migration/node-services.changelog-init.xml::add_version_column::R3.Corda: ChangeSet migration/node-services.changelog-init.xml::add_version_column::R3.Corda ran successfully in 2ms
?[m?[37m[INFO] 11:12:17,382 [Test worker] persistence.AttachmentVersionNumberMigration. - Start executing...
?[m?[37m[INFO] 11:12:17,383 [Test worker] persistence.AttachmentVersionNumberMigration. - Attachment version creation from whitelisted JARs using network parameters from build/mock-network/20190407-151217.054/nodes/0/network-parameters, whitelistedContractImplementations: {}.
?[m?[37m[INFO] 11:12:17,383 [Test worker] persistence.AttachmentVersionNumberMigration. - Attachment version creation from whitelisted JARs skipped, no attachments not found.
?[m?[37m[INFO] 11:12:17,383 [Test worker] liquibase. - master.changelog.json: migration/node-services.changelog-init.xml::update-version-of-whitelisted-jars::R3.Corda: null
?[m?[37m[INFO] 11:12:17,383 [Test worker] liquibase. - master.changelog.json: migration/node-services.changelog-init.xml::update-version-of-whitelisted-jars::R3.Corda: ChangeSet migration/node-services.changelog-init.xml::update-version-of-whitelisted-jars::R3.Corda ran successfully in 1ms
?[m?[37m[INFO] 11:12:17,384 [Test worker] migration.VaultStateMigration. - Migrating vault state data to V4 tables
?[m?[37m[INFO] 11:12:17,385 [Test worker] persistence.HibernateConfiguration. - Init HibernateConfiguration for schemas: [VaultMigrationSchemaV1(name=net.corda.node.migration.VaultMigrationSchema, version=1), VaultSchemaV1(name=net.corda.node.services.vault.VaultSchema, version=1)]
?[m?[37m[INFO] 11:12:17,385 [Test worker] persistence.HibernateConfiguration. - Creating session factory for schemas: [VaultMigrationSchemaV1(name=net.corda.node.migration.VaultMigrationSchema, version=1), VaultSchemaV1(name=net.corda.node.services.vault.VaultSchema, version=1)]
?[m?[37m[INFO] 11:12:17,390 [Test worker] internal.ConnectionProviderInitiator. - HHH000130: Instantiating explicit connection provider: net.corda.nodeapi.internal.persistence.HibernateConfiguration$NodeDatabaseConnectionProvider
?[m?[37m[INFO] 11:12:17,390 [Test worker] dialect.Dialect. - HHH000400: Using dialect: org.hibernate.dialect.H2Dialect
?[m?[37m[INFO] 11:12:17,392 [Test worker] type.BasicTypeRegistry. - HHH000270: Type registration [materialized_blob] overrides previous : org.hibernate.type.MaterializedBlobType@13ae4c5f
?[m?[37m[INFO] 11:12:17,411 [Test worker] connections.access. - HHH10001501: Connection obtained from JdbcConnectionAccess [org.hibernate.engine.jdbc.env.internal.JdbcEnvironmentInitiator$ConnectionProviderJdbcConnectionAccess@3bc2324b] for (non-JTA) DDL execution was not in auto-commit mode; the Connection 'local transaction' will be committed and the Connection will be set into auto-commit mode.
?[m?[37m[INFO] 11:12:17,430 [Test worker] persistence.HibernateConfiguration. - Created session factory for schemas: [VaultMigrationSchemaV1(name=net.corda.node.migration.VaultMigrationSchema, version=1), VaultSchemaV1(name=net.corda.node.services.vault.VaultSchema, version=1)]
?[m?[37m[INFO] 11:12:17,430 [Test worker] internal.QueryTranslatorFactoryInitiator. - HHH000397: Using ASTQueryTranslatorFactory
?[m?[37m[INFO] 11:12:17,434 [Test worker] migration.VaultStateMigration. - Finished performing vault state data migration for 0 states
?[m?[37m[INFO] 11:12:17,434 [Test worker] liquibase. - master.changelog.json: migration/vault-schema.changelog-v9.xml::update-vault-states::R3.Corda: null
?[m?[37m[INFO] 11:12:17,434 [Test worker] liquibase. - master.changelog.json: migration/vault-schema.changelog-v9.xml::update-vault-states::R3.Corda: ChangeSet migration/vault-schema.changelog-v9.xml::update-vault-states::R3.Corda ran successfully in 50ms
?[m?[37m[INFO] 11:12:17,435 [Test worker] liquibase. - master.changelog.json: migration/node-services.changelog-init.xml::1511451595465-16::R3.Corda: Table node_notary_committed_states created
?[m?[37m[INFO] 11:12:17,435 [Test worker] liquibase. - master.changelog.json: migration/node-services.changelog-init.xml::1511451595465-16::R3.Corda: ChangeSet migration/node-services.changelog-init.xml::1511451595465-16::R3.Corda ran successfully in 0ms
?[m?[37m[INFO] 11:12:17,436 [Test worker] liquibase. - master.changelog.json: migration/node-services.changelog-init.xml::1521131680317-17::R3.Corda: Table node_notary_request_log created
?[m?[37m[INFO] 11:12:17,436 [Test worker] liquibase. - master.changelog.json: migration/node-services.changelog-init.xml::1521131680317-17::R3.Corda: ChangeSet migration/node-services.changelog-init.xml::1521131680317-17::R3.Corda ran successfully in 1ms
?[m?[37m[INFO] 11:12:17,436 [Test worker] liquibase. - master.changelog.json: migration/node-services.changelog-init.xml::1511451595465-41::R3.Corda: Primary key added to node_notary_committed_states (output_index, transaction_id)
?[m?[37m[INFO] 11:12:17,436 [Test worker] liquibase. - master.changelog.json: migration/node-services.changelog-init.xml::1511451595465-41::R3.Corda: ChangeSet migration/node-services.changelog-init.xml::1511451595465-41::R3.Corda ran successfully in 0ms
?[m?[37m[INFO] 11:12:17,437 [Test worker] liquibase. - master.changelog.json: migration/node-services.changelog-init.xml::1521131680317-48::R3.Corda: Primary key added to node_notary_request_log (id)
?[m?[37m[INFO] 11:12:17,437 [Test worker] liquibase. - master.changelog.json: migration/node-services.changelog-init.xml::1521131680317-48::R3.Corda: ChangeSet migration/node-services.changelog-init.xml::1521131680317-48::R3.Corda ran successfully in 0ms
?[m?[37m[INFO] 11:12:17,438 [Test worker] liquibase. - master.changelog.json: migration/node-services.changelog-init.xml::nullability::R3.Corda: Null constraint has been added to node_notary_committed_states.consuming_transaction_id
?[m?[37m[INFO] 11:12:17,438 [Test worker] liquibase. - master.changelog.json: migration/node-services.changelog-init.xml::nullability::R3.Corda: ChangeSet migration/node-services.changelog-init.xml::nullability::R3.Corda ran successfully in 1ms
?[m?[37m[INFO] 11:12:17,443 [Test worker] liquibase. - master.changelog.json: migration/node-notary.changelog-v2.xml::rename-table-notary-commit-log::R3.Corda: Marking ChangeSet: migration/node-notary.changelog-v2.xml::rename-table-notary-commit-log::R3.Corda ran despite precondition failure due to onFail='MARK_RAN': 
          master.changelog.json : Table PUBLIC.node_notary_commit_log does not exist

?[m?[37m[INFO] 11:12:17,445 [Test worker] liquibase. - master.changelog.json: migration/node-notary.changelog-v2.xml::create-notary-request-log-table::R3.Corda: Marking ChangeSet: migration/node-notary.changelog-v2.xml::create-notary-request-log-table::R3.Corda ran despite precondition failure due to onFail='MARK_RAN': 
          master.changelog.json : Not precondition failed

?[m?[37m[INFO] 11:12:17,446 [Test worker] liquibase. - master.changelog.json: migration/node-notary.changelog-committed-transactions-table.xml::create-notary-committed-transactions-table::R3.Corda: Table node_notary_committed_txs created
?[m?[37m[INFO] 11:12:17,446 [Test worker] liquibase. - master.changelog.json: migration/node-notary.changelog-committed-transactions-table.xml::create-notary-committed-transactions-table::R3.Corda: Primary key added to node_notary_committed_txs (transaction_id)
?[m?[37m[INFO] 11:12:17,446 [Test worker] liquibase. - master.changelog.json: migration/node-notary.changelog-committed-transactions-table.xml::create-notary-committed-transactions-table::R3.Corda: ChangeSet migration/node-notary.changelog-committed-transactions-table.xml::create-notary-committed-transactions-table::R3.Corda ran successfully in 0ms
?[m?[37m[INFO] 11:12:17,447 [Test worker] liquibase. - Successfully released change log lock
?[m?[37m[INFO] 11:12:17,447 [Test worker] internal.InternalMockNetwork$MockNode. - Connected to H2 database.
?[m?[37m[INFO] 11:12:17,452 [Test worker] persistence.HibernateConfiguration. - Init HibernateConfiguration for schemas: [CommonSchemaV1(name=net.corda.core.schemas.CommonSchema, version=1), VaultSchemaV1(name=net.corda.node.services.vault.VaultSchema, version=1), NodeInfoSchemaV1(name=net.corda.node.internal.schemas.NodeInfoSchema, version=1), NodeCoreV1(name=net.corda.node.services.schema.NodeSchemaService$NodeCore, version=1), FNOLSchemaV1(name=com.example.schema.FNOLSchema, version=1), IOUSchemaV1(name=com.example.schema.IOUSchema, version=1), NodeNotarySchemaV1(name=net.corda.node.services.transactions.NodeNotarySchema, version=1)]
?[m?[37m[INFO] 11:12:17,452 [Test worker] persistence.HibernateConfiguration. - Creating session factory for schemas: [CommonSchemaV1(name=net.corda.core.schemas.CommonSchema, version=1), VaultSchemaV1(name=net.corda.node.services.vault.VaultSchema, version=1), NodeInfoSchemaV1(name=net.corda.node.internal.schemas.NodeInfoSchema, version=1), NodeCoreV1(name=net.corda.node.services.schema.NodeSchemaService$NodeCore, version=1), FNOLSchemaV1(name=com.example.schema.FNOLSchema, version=1), IOUSchemaV1(name=com.example.schema.IOUSchema, version=1), NodeNotarySchemaV1(name=net.corda.node.services.transactions.NodeNotarySchema, version=1)]
?[m?[37m[INFO] 11:12:17,455 [Test worker] internal.ConnectionProviderInitiator. - HHH000130: Instantiating explicit connection provider: net.corda.nodeapi.internal.persistence.HibernateConfiguration$NodeDatabaseConnectionProvider
?[m?[37m[INFO] 11:12:17,455 [Test worker] dialect.Dialect. - HHH000400: Using dialect: org.hibernate.dialect.H2Dialect
?[m?[37m[INFO] 11:12:17,456 [Test worker] type.BasicTypeRegistry. - HHH000270: Type registration [materialized_blob] overrides previous : org.hibernate.type.MaterializedBlobType@13ae4c5f
?[m?[37m[INFO] 11:12:17,488 [Test worker] connections.access. - HHH10001501: Connection obtained from JdbcConnectionAccess [org.hibernate.engine.jdbc.env.internal.JdbcEnvironmentInitiator$ConnectionProviderJdbcConnectionAccess@74a7c4f9] for (non-JTA) DDL execution was not in auto-commit mode; the Connection 'local transaction' will be committed and the Connection will be set into auto-commit mode.
?[m?[37m[INFO] 11:12:17,517 [Test worker] persistence.HibernateConfiguration. - Created session factory for schemas: [CommonSchemaV1(name=net.corda.core.schemas.CommonSchema, version=1), VaultSchemaV1(name=net.corda.node.services.vault.VaultSchema, version=1), NodeInfoSchemaV1(name=net.corda.node.internal.schemas.NodeInfoSchema, version=1), NodeCoreV1(name=net.corda.node.services.schema.NodeSchemaService$NodeCore, version=1), FNOLSchemaV1(name=com.example.schema.FNOLSchema, version=1), IOUSchemaV1(name=com.example.schema.IOUSchema, version=1), NodeNotarySchemaV1(name=net.corda.node.services.transactions.NodeNotarySchema, version=1)]
?[m?[37m[INFO] 11:12:17,519 [Test worker] internal.QueryTranslatorFactoryInitiator. - HHH000397: Using ASTQueryTranslatorFactory
?[m?[37m[INFO] 11:12:17,521 [Test worker] internal.InternalMockNetwork$MockNode. - Node-info has changed so submitting update. Old node-info was null
?[m?[37m[INFO] 11:12:17,521 [Test worker] network.PersistentNetworkMapCache. - Adding node with info: NodeInfo(addresses=[mock.node:1000], legalIdentitiesAndCerts=[O=Notary Service, L=Zurich, C=CH], platformVersion=4, serial=1554649937521)
?[m?[37m[INFO] 11:12:17,522 [Test worker] network.PersistentNetworkMapCache. - No previous node found
?[m?[37m[INFO] 11:12:17,529 [Test worker] internal.InternalMockNetwork$MockNode. - New node-info: NodeInfo(addresses=[mock.node:1000], legalIdentitiesAndCerts=[O=Notary Service, L=Zurich, C=CH], platformVersion=4, serial=1554649937521)
?[m?[37m[INFO] 11:12:17,535 [Test worker] network.NetworkMapUpdater. - Auto-accept enabled for network parameter changes which modify only: [epoch, modifiedTime, packageOwnership, whitelistedContractImplementations]
?[m?[37m[INFO] 11:12:17,538 [MockNode-16-2] network.PersistentNetworkMapCache. - Adding node with info: NodeInfo(addresses=[mock.node:1000], legalIdentitiesAndCerts=[O=Notary Service, L=Zurich, C=CH], platformVersion=4, serial=1554649937521)
?[m?[37m[INFO] 11:12:17,541 [MockNode-16-2] network.PersistentNetworkMapCache. - Previous node was identical to incoming one - doing nothing
?[m?[37m[INFO] 11:12:17,561 [Test worker] ClassloaderUtils. - Contracts loading for '/var/folders/5q/xy985yhj7rg30rc4c_z3gd4m0000gn/T/attachment1612125306690983919.jar' took 20 msec
?[m?[37m[INFO] 11:12:17,569 [Test worker] persistence.NodeAttachmentService. - Stored new attachment: id=B0DC6BB384D1A6B002EFC0F67EDD756DE1A1E8883DAE28EEB966064A6EF48F64 uploader=app filename=null
?[m?[37m[INFO] 11:12:17,570 [Test worker] utilities.NotaryLoader. - Starting notary service: class net.corda.node.services.transactions.SimpleNotaryService
?[m?[37m[INFO] 11:12:17,570 [Test worker] notary.SinglePartyNotaryService. - Starting notary in validating mode
?[m?[37m[INFO] 11:12:17,573 [Test worker] statemachine.SingleThreadedStateMachineManager. - Node ready, info: NodeInfo(addresses=[mock.node:1000], legalIdentitiesAndCerts=[O=Notary Service, L=Zurich, C=CH], platformVersion=4, serial=1554649937521)
?[m?[37m[INFO] 11:12:17,575 [Test worker] network.PersistentNetworkMapCache. - Adding node with info: NodeInfo(addresses=[mock.node:1000], legalIdentitiesAndCerts=[O=Notary Service, L=Zurich, C=CH], platformVersion=4, serial=1554649937521)
?[m?[37m[INFO] 11:12:17,575 [Test worker] network.PersistentNetworkMapCache. - Previous node was identical to incoming one - doing nothing
?[m?[37m[INFO] 11:12:17,575 [Test worker] network.PersistentNetworkMapCache. - Adding node with info: NodeInfo(addresses=[mock.node:1000], legalIdentitiesAndCerts=[O=Notary Service, L=Zurich, C=CH], platformVersion=4, serial=1554649937521)
?[m?[37m[INFO] 11:12:17,575 [Test worker] network.PersistentNetworkMapCache. - Previous node was identical to incoming one - doing nothing
?[m?[37m[INFO] 11:12:17,579 [Test worker] cordapp.JarScanningCordappLoader. - Looking for CorDapps in [build/mock-network/20190407-151217.054/nodes/1/cordapps]
?[m?[37m[INFO] 11:12:17,579 [Test worker] cordapp.JarScanningCordappLoader. - Loading CorDapps from RestrictedURL(url=file:/Users/vivian.a.chen/Hackathon/samples/cordapp-example/workflows-kotlin/build/mock-network/20190407-151217.054/nodes/1/cordapps/cordapp-example-workflows-0.1.jar, rootPackageName=null), RestrictedURL(url=file:/Users/vivian.a.chen/Hackathon/samples/cordapp-example/workflows-kotlin/build/mock-network/20190407-151217.054/nodes/1/cordapps/cordapp-example-contracts-0.1.jar, rootPackageName=null)
?[m?[37m[INFO] 11:12:17,579 [Test worker] cordapp.JarScanningCordappLoader. - Scanning CorDapp in file:/Users/vivian.a.chen/Hackathon/samples/cordapp-example/workflows-kotlin/build/mock-network/20190407-151217.054/nodes/1/cordapps/cordapp-example-workflows-0.1.jar
?[m?[37m[INFO] 11:12:17,600 [Test worker] cordapp.JarScanningCordappLoader. - Found notary service CorDapp implementations: 
?[m?[37m[INFO] 11:12:17,600 [Test worker] cordapp.JarScanningCordappLoader. - Scanning CorDapp in file:/Users/vivian.a.chen/Hackathon/samples/cordapp-example/workflows-kotlin/build/mock-network/20190407-151217.054/nodes/1/cordapps/cordapp-example-contracts-0.1.jar
?[m?[37m[INFO] 11:12:17,624 [Test worker] cordapp.JarScanningCordappLoader. - Found notary service CorDapp implementations: 
?[m?[37m[INFO] 11:12:17,631 [Test worker] internal.InternalMockNetwork$MockNode. - Node starting up ...
?[m?[37m[INFO] 11:12:17,647 [Test worker] internal.NodeFlowManager. - Registered com.example.flow.CreateFNOLFlow$Initiator to initiate com.example.flow.CreateFNOLFlow$Acceptor (version 1)
?[m?[37m[INFO] 11:12:17,647 [Test worker] internal.NodeFlowManager. - Registered com.example.flow.ExampleFlow$Initiator to initiate com.example.flow.ExampleFlow$Acceptor (version 1)
?[m?[37m[INFO] 11:12:17,647 [Test worker] internal.NodeFlowManager. - Registered com.example.flow.UpdateFNOLFlow$Initiator to initiate com.example.flow.UpdateFNOLFlow$Acceptor (version 1)
?[m?[37m[INFO] 11:12:17,648 [Test worker] internal.InternalMockNetwork$MockNode. - Loaded network parameters: NetworkParameters {
      minimumPlatformVersion=1
      notaries=[NotaryInfo(identity=O=Notary Service, L=Zurich, C=CH, validating=true)]
      maxMessageSize=10485760
      maxTransactionSize=524288000
      whitelistedContractImplementations {
        
      }
      eventHorizon=PT720H
      packageOwnership {
        
      }
      modifiedTime=2019-04-07T15:12:17.054Z
      epoch=1
  }
?[m?[37m[INFO] 11:12:17,648 [Test worker] hikari.HikariDataSource. - HikariPool-17 - Started.
?[m?[37m[INFO] 11:12:17,735 [Test worker] liquibase. - Creating database history table with name: PUBLIC.DATABASECHANGELOG
?[m?[37m[INFO] 11:12:17,736 [Test worker] liquibase. - Reading from PUBLIC.DATABASECHANGELOG
?[m?[37m[INFO] 11:12:17,737 [Test worker] liquibase. - master.changelog.json: migration/common.changelog-init.xml::1511451595465-1.3::R3.Corda: Skipping changeSet migration/common.changelog-init.xml::1511451595465-1.3::R3.Corda due to validation error(s): minValue is not allowed on h2
?[m?[37m[INFO] 11:12:17,740 [Test worker] liquibase. - master.changelog.json: migration/vault-schema.changelog-pkey.xml::non-clustered_pk-11::R3.Corda: Skipping changeSet migration/vault-schema.changelog-pkey.xml::non-clustered_pk-11::R3.Corda due to validation error(s): clustered is not allowed on h2
?[m?[37m[INFO] 11:12:17,741 [Test worker] liquibase. - master.changelog.json: migration/vault-schema.changelog-pkey.xml::non-clustered_pk-12::R3.Corda: Skipping changeSet migration/vault-schema.changelog-pkey.xml::non-clustered_pk-12::R3.Corda due to validation error(s): clustered is not allowed on h2
?[m?[37m[INFO] 11:12:17,741 [Test worker] liquibase. - master.changelog.json: migration/vault-schema.changelog-pkey.xml::non-clustered_pk-13::R3.Corda: Skipping changeSet migration/vault-schema.changelog-pkey.xml::non-clustered_pk-13::R3.Corda due to validation error(s): clustered is not allowed on h2
?[m?[37m[INFO] 11:12:17,747 [Test worker] liquibase. - master.changelog.json: migration/node-core.changelog-pkey.xml::non-clustered_pk-1::R3.Corda: Skipping changeSet migration/node-core.changelog-pkey.xml::non-clustered_pk-1::R3.Corda due to validation error(s): clustered is not allowed on h2
?[m?[37m[INFO] 11:12:17,747 [Test worker] liquibase. - master.changelog.json: migration/node-core.changelog-pkey.xml::non-clustered_pk-2::R3.Corda: Skipping changeSet migration/node-core.changelog-pkey.xml::non-clustered_pk-2::R3.Corda due to validation error(s): clustered is not allowed on h2
?[m?[37m[INFO] 11:12:17,747 [Test worker] liquibase. - master.changelog.json: migration/node-core.changelog-pkey.xml::non-clustered_pk-3::R3.Corda: Skipping changeSet migration/node-core.changelog-pkey.xml::non-clustered_pk-3::R3.Corda due to validation error(s): clustered is not allowed on h2
?[m?[37m[INFO] 11:12:17,747 [Test worker] liquibase. - master.changelog.json: migration/node-core.changelog-pkey.xml::non-clustered_pk-4::R3.Corda: Skipping changeSet migration/node-core.changelog-pkey.xml::non-clustered_pk-4::R3.Corda due to validation error(s): clustered is not allowed on h2
?[m?[37m[INFO] 11:12:17,747 [Test worker] liquibase. - master.changelog.json: migration/node-core.changelog-pkey.xml::non-clustered_pk-5::R3.Corda: Skipping changeSet migration/node-core.changelog-pkey.xml::non-clustered_pk-5::R3.Corda due to validation error(s): clustered is not allowed on h2
?[m?[37m[INFO] 11:12:17,748 [Test worker] liquibase. - master.changelog.json: migration/node-core.changelog-pkey.xml::non-clustered_pk-6::R3.Corda: Skipping changeSet migration/node-core.changelog-pkey.xml::non-clustered_pk-6::R3.Corda due to validation error(s): clustered is not allowed on h2
?[m?[37m[INFO] 11:12:17,748 [Test worker] liquibase. - master.changelog.json: migration/node-core.changelog-pkey.xml::non-clustered_pk-7::R3.Corda: Skipping changeSet migration/node-core.changelog-pkey.xml::non-clustered_pk-7::R3.Corda due to validation error(s): clustered is not allowed on h2
?[m?[37m[INFO] 11:12:17,750 [Test worker] liquibase. - Successfully acquired change log lock
?[m?[37m[INFO] 11:12:17,750 [Test worker] liquibase. - master.changelog.json: migration/common.changelog-init.xml::1511451595465-1.3::R3.Corda: Skipping changeSet migration/common.changelog-init.xml::1511451595465-1.3::R3.Corda due to validation error(s): minValue is not allowed on h2
?[m?[37m[INFO] 11:12:17,751 [Test worker] liquibase. - master.changelog.json: migration/vault-schema.changelog-pkey.xml::non-clustered_pk-11::R3.Corda: Skipping changeSet migration/vault-schema.changelog-pkey.xml::non-clustered_pk-11::R3.Corda due to validation error(s): clustered is not allowed on h2
?[m?[37m[INFO] 11:12:17,751 [Test worker] liquibase. - master.changelog.json: migration/vault-schema.changelog-pkey.xml::non-clustered_pk-12::R3.Corda: Skipping changeSet migration/vault-schema.changelog-pkey.xml::non-clustered_pk-12::R3.Corda due to validation error(s): clustered is not allowed on h2
?[m?[37m[INFO] 11:12:17,751 [Test worker] liquibase. - master.changelog.json: migration/vault-schema.changelog-pkey.xml::non-clustered_pk-13::R3.Corda: Skipping changeSet migration/vault-schema.changelog-pkey.xml::non-clustered_pk-13::R3.Corda due to validation error(s): clustered is not allowed on h2
?[m?[37m[INFO] 11:12:17,753 [Test worker] liquibase. - master.changelog.json: migration/node-core.changelog-pkey.xml::non-clustered_pk-1::R3.Corda: Skipping changeSet migration/node-core.changelog-pkey.xml::non-clustered_pk-1::R3.Corda due to validation error(s): clustered is not allowed on h2
?[m?[37m[INFO] 11:12:17,753 [Test worker] liquibase. - master.changelog.json: migration/node-core.changelog-pkey.xml::non-clustered_pk-2::R3.Corda: Skipping changeSet migration/node-core.changelog-pkey.xml::non-clustered_pk-2::R3.Corda due to validation error(s): clustered is not allowed on h2
?[m?[37m[INFO] 11:12:17,753 [Test worker] liquibase. - master.changelog.json: migration/node-core.changelog-pkey.xml::non-clustered_pk-3::R3.Corda: Skipping changeSet migration/node-core.changelog-pkey.xml::non-clustered_pk-3::R3.Corda due to validation error(s): clustered is not allowed on h2
?[m?[37m[INFO] 11:12:17,753 [Test worker] liquibase. - master.changelog.json: migration/node-core.changelog-pkey.xml::non-clustered_pk-4::R3.Corda: Skipping changeSet migration/node-core.changelog-pkey.xml::non-clustered_pk-4::R3.Corda due to validation error(s): clustered is not allowed on h2
?[m?[37m[INFO] 11:12:17,753 [Test worker] liquibase. - master.changelog.json: migration/node-core.changelog-pkey.xml::non-clustered_pk-5::R3.Corda: Skipping changeSet migration/node-core.changelog-pkey.xml::non-clustered_pk-5::R3.Corda due to validation error(s): clustered is not allowed on h2
?[m?[37m[INFO] 11:12:17,753 [Test worker] liquibase. - master.changelog.json: migration/node-core.changelog-pkey.xml::non-clustered_pk-6::R3.Corda: Skipping changeSet migration/node-core.changelog-pkey.xml::non-clustered_pk-6::R3.Corda due to validation error(s): clustered is not allowed on h2
?[m?[37m[INFO] 11:12:17,753 [Test worker] liquibase. - master.changelog.json: migration/node-core.changelog-pkey.xml::non-clustered_pk-7::R3.Corda: Skipping changeSet migration/node-core.changelog-pkey.xml::non-clustered_pk-7::R3.Corda due to validation error(s): clustered is not allowed on h2
?[m?[37m[INFO] 11:12:17,754 [Test worker] liquibase. - master.changelog.json: migration/common.changelog-init.xml::1511451595465-1.1::R3.Corda: Sequence hibernate_sequence created
?[m?[37m[INFO] 11:12:17,754 [Test worker] liquibase. - master.changelog.json: migration/common.changelog-init.xml::1511451595465-1.1::R3.Corda: ChangeSet migration/common.changelog-init.xml::1511451595465-1.1::R3.Corda ran successfully in 0ms
?[m?[37m[INFO] 11:12:17,755 [Test worker] liquibase. - master.changelog.json: migration/vault-schema.changelog-init.xml::1511451595465-22::R3.Corda: Table vault_fungible_states created
?[m?[37m[INFO] 11:12:17,755 [Test worker] liquibase. - master.changelog.json: migration/vault-schema.changelog-init.xml::1511451595465-22::R3.Corda: ChangeSet migration/vault-schema.changelog-init.xml::1511451595465-22::R3.Corda ran successfully in 0ms
?[m?[37m[INFO] 11:12:17,755 [Test worker] liquibase. - master.changelog.json: migration/vault-schema.changelog-init.xml::1511451595465-23::R3.Corda: Table vault_fungible_states_parts created
?[m?[37m[INFO] 11:12:17,755 [Test worker] liquibase. - master.changelog.json: migration/vault-schema.changelog-init.xml::1511451595465-23::R3.Corda: ChangeSet migration/vault-schema.changelog-init.xml::1511451595465-23::R3.Corda ran successfully in 0ms
?[m?[37m[INFO] 11:12:17,756 [Test worker] liquibase. - master.changelog.json: migration/vault-schema.changelog-init.xml::1511451595465-24::R3.Corda: Table vault_linear_states created
?[m?[37m[INFO] 11:12:17,756 [Test worker] liquibase. - master.changelog.json: migration/vault-schema.changelog-init.xml::1511451595465-24::R3.Corda: ChangeSet migration/vault-schema.changelog-init.xml::1511451595465-24::R3.Corda ran successfully in 0ms
?[m?[37m[INFO] 11:12:17,756 [Test worker] liquibase. - master.changelog.json: migration/vault-schema.changelog-init.xml::1511451595465-25::R3.Corda: Table vault_linear_states_parts created
?[m?[37m[INFO] 11:12:17,756 [Test worker] liquibase. - master.changelog.json: migration/vault-schema.changelog-init.xml::1511451595465-25::R3.Corda: ChangeSet migration/vault-schema.changelog-init.xml::1511451595465-25::R3.Corda ran successfully in 0ms
?[m?[37m[INFO] 11:12:17,757 [Test worker] liquibase. - master.changelog.json: migration/vault-schema.changelog-init.xml::1511451595465-26::R3.Corda: Table vault_states created
?[m?[37m[INFO] 11:12:17,757 [Test worker] liquibase. - master.changelog.json: migration/vault-schema.changelog-init.xml::1511451595465-26::R3.Corda: ChangeSet migration/vault-schema.changelog-init.xml::1511451595465-26::R3.Corda ran successfully in 0ms
?[m?[37m[INFO] 11:12:17,757 [Test worker] liquibase. - master.changelog.json: migration/vault-schema.changelog-init.xml::1511451595465-27::R3.Corda: Table vault_transaction_notes created
?[m?[37m[INFO] 11:12:17,757 [Test worker] liquibase. - master.changelog.json: migration/vault-schema.changelog-init.xml::1511451595465-27::R3.Corda: ChangeSet migration/vault-schema.changelog-init.xml::1511451595465-27::R3.Corda ran successfully in 0ms
?[m?[37m[INFO] 11:12:17,758 [Test worker] liquibase. - master.changelog.json: migration/vault-schema.changelog-init.xml::1511451595465-47::R3.Corda: Primary key added to vault_fungible_states (output_index, transaction_id)
?[m?[37m[INFO] 11:12:17,758 [Test worker] liquibase. - master.changelog.json: migration/vault-schema.changelog-init.xml::1511451595465-47::R3.Corda: ChangeSet migration/vault-schema.changelog-init.xml::1511451595465-47::R3.Corda ran successfully in 0ms
?[m?[37m[INFO] 11:12:17,759 [Test worker] liquibase. - master.changelog.json: migration/vault-schema.changelog-init.xml::1511451595465-48::R3.Corda: Primary key added to vault_linear_states (output_index, transaction_id)
?[m?[37m[INFO] 11:12:17,759 [Test worker] liquibase. - master.changelog.json: migration/vault-schema.changelog-init.xml::1511451595465-48::R3.Corda: ChangeSet migration/vault-schema.changelog-init.xml::1511451595465-48::R3.Corda ran successfully in 1ms
?[m?[37m[INFO] 11:12:17,759 [Test worker] liquibase. - master.changelog.json: migration/vault-schema.changelog-init.xml::1511451595465-49::R3.Corda: Primary key added to vault_states (output_index, transaction_id)
?[m?[37m[INFO] 11:12:17,759 [Test worker] liquibase. - master.changelog.json: migration/vault-schema.changelog-init.xml::1511451595465-49::R3.Corda: ChangeSet migration/vault-schema.changelog-init.xml::1511451595465-49::R3.Corda ran successfully in 0ms
?[m?[37m[INFO] 11:12:17,760 [Test worker] liquibase. - master.changelog.json: migration/vault-schema.changelog-init.xml::1511451595465-50::R3.Corda: Primary key added to vault_transaction_notes (seq_no)
?[m?[37m[INFO] 11:12:17,760 [Test worker] liquibase. - master.changelog.json: migration/vault-schema.changelog-init.xml::1511451595465-50::R3.Corda: ChangeSet migration/vault-schema.changelog-init.xml::1511451595465-50::R3.Corda ran successfully in 0ms
?[m?[37m[INFO] 11:12:17,760 [Test worker] liquibase. - master.changelog.json: migration/vault-schema.changelog-init.xml::1511451595465-53::R3.Corda: Index external_id_index created
?[m?[37m[INFO] 11:12:17,760 [Test worker] liquibase. - master.changelog.json: migration/vault-schema.changelog-init.xml::1511451595465-53::R3.Corda: ChangeSet migration/vault-schema.changelog-init.xml::1511451595465-53::R3.Corda ran successfully in 0ms
?[m?[37m[INFO] 11:12:17,761 [Test worker] liquibase. - master.changelog.json: migration/vault-schema.changelog-init.xml::1511451595465-55::R3.Corda: Index lock_id_idx created
?[m?[37m[INFO] 11:12:17,761 [Test worker] liquibase. - master.changelog.json: migration/vault-schema.changelog-init.xml::1511451595465-55::R3.Corda: ChangeSet migration/vault-schema.changelog-init.xml::1511451595465-55::R3.Corda ran successfully in 0ms
?[m?[37m[INFO] 11:12:17,761 [Test worker] liquibase. - master.changelog.json: migration/vault-schema.changelog-init.xml::1511451595465-58::R3.Corda: Index state_status_idx created
?[m?[37m[INFO] 11:12:17,761 [Test worker] liquibase. - master.changelog.json: migration/vault-schema.changelog-init.xml::1511451595465-58::R3.Corda: ChangeSet migration/vault-schema.changelog-init.xml::1511451595465-58::R3.Corda ran successfully in 0ms
?[m?[37m[INFO] 11:12:17,762 [Test worker] liquibase. - master.changelog.json: migration/vault-schema.changelog-init.xml::1511451595465-59::R3.Corda: Index transaction_id_index created
?[m?[37m[INFO] 11:12:17,762 [Test worker] liquibase. - master.changelog.json: migration/vault-schema.changelog-init.xml::1511451595465-59::R3.Corda: ChangeSet migration/vault-schema.changelog-init.xml::1511451595465-59::R3.Corda ran successfully in 0ms
?[m?[37m[INFO] 11:12:17,762 [Test worker] liquibase. - master.changelog.json: migration/vault-schema.changelog-init.xml::1511451595465-60::R3.Corda: Index uuid_index created
?[m?[37m[INFO] 11:12:17,762 [Test worker] liquibase. - master.changelog.json: migration/vault-schema.changelog-init.xml::1511451595465-60::R3.Corda: ChangeSet migration/vault-schema.changelog-init.xml::1511451595465-60::R3.Corda ran successfully in 0ms
?[m?[37m[INFO] 11:12:17,763 [Test worker] liquibase. - master.changelog.json: migration/vault-schema.changelog-init.xml::1511451595465-64::R3.Corda: Foreign key constraint added to vault_fungible_states_parts (output_index,transaction_id)
?[m?[37m[INFO] 11:12:17,763 [Test worker] liquibase. - master.changelog.json: migration/vault-schema.changelog-init.xml::1511451595465-64::R3.Corda: ChangeSet migration/vault-schema.changelog-init.xml::1511451595465-64::R3.Corda ran successfully in 0ms
?[m?[37m[INFO] 11:12:17,764 [Test worker] liquibase. - master.changelog.json: migration/vault-schema.changelog-init.xml::1511451595465-65::R3.Corda: Foreign key constraint added to vault_linear_states_parts (output_index,transaction_id)
?[m?[37m[INFO] 11:12:17,764 [Test worker] liquibase. - master.changelog.json: migration/vault-schema.changelog-init.xml::1511451595465-65::R3.Corda: ChangeSet migration/vault-schema.changelog-init.xml::1511451595465-65::R3.Corda ran successfully in 0ms
?[m?[37m[INFO] 11:12:17,765 [Test worker] liquibase. - master.changelog.json: migration/vault-schema.changelog-v3.xml::clean_vault::R3.Corda: Data deleted from vault_fungible_states_parts
?[m?[37m[INFO] 11:12:17,765 [Test worker] liquibase. - master.changelog.json: migration/vault-schema.changelog-v3.xml::clean_vault::R3.Corda: Data deleted from vault_fungible_states
?[m?[37m[INFO] 11:12:17,765 [Test worker] liquibase. - master.changelog.json: migration/vault-schema.changelog-v3.xml::clean_vault::R3.Corda: Data deleted from vault_linear_states_parts
?[m?[37m[INFO] 11:12:17,765 [Test worker] liquibase. - master.changelog.json: migration/vault-schema.changelog-v3.xml::clean_vault::R3.Corda: Data deleted from vault_linear_states
?[m?[37m[INFO] 11:12:17,765 [Test worker] liquibase. - master.changelog.json: migration/vault-schema.changelog-v3.xml::clean_vault::R3.Corda: Data deleted from vault_states
?[m?[37m[INFO] 11:12:17,765 [Test worker] liquibase. - master.changelog.json: migration/vault-schema.changelog-v3.xml::clean_vault::R3.Corda: Data deleted from vault_transaction_notes
?[m?[37m[INFO] 11:12:17,765 [Test worker] liquibase. - master.changelog.json: migration/vault-schema.changelog-v3.xml::clean_vault::R3.Corda: ChangeSet migration/vault-schema.changelog-v3.xml::clean_vault::R3.Corda ran successfully in 0ms
?[m?[37m[INFO] 11:12:17,765 [Test worker] liquibase. - master.changelog.json: migration/vault-schema.changelog-v4.xml::nullability::R3.Corda: Null constraint has been added to vault_fungible_states.quantity
?[m?[37m[INFO] 11:12:17,766 [Test worker] liquibase. - master.changelog.json: migration/vault-schema.changelog-v4.xml::nullability::R3.Corda: Null constraint has been added to vault_states.contract_state_class_name
?[m?[37m[INFO] 11:12:17,766 [Test worker] liquibase. - master.changelog.json: migration/vault-schema.changelog-v4.xml::nullability::R3.Corda: Null constraint has been added to vault_states.notary_name
?[m?[37m[INFO] 11:12:17,766 [Test worker] liquibase. - master.changelog.json: migration/vault-schema.changelog-v4.xml::nullability::R3.Corda: Null constraint has been added to vault_states.recorded_timestamp
?[m?[37m[INFO] 11:12:17,766 [Test worker] liquibase. - master.changelog.json: migration/vault-schema.changelog-v4.xml::nullability::R3.Corda: Index state_status_idx dropped from table vault_states
?[m?[37m[INFO] 11:12:17,766 [Test worker] liquibase. - master.changelog.json: migration/vault-schema.changelog-v4.xml::nullability::R3.Corda: Index lock_id_idx dropped from table vault_states
?[m?[37m[INFO] 11:12:17,766 [Test worker] liquibase. - master.changelog.json: migration/vault-schema.changelog-v4.xml::nullability::R3.Corda: Null constraint has been added to vault_states.state_status
?[m?[37m[INFO] 11:12:17,766 [Test worker] liquibase. - master.changelog.json: migration/vault-schema.changelog-v4.xml::nullability::R3.Corda: Index state_status_idx created
?[m?[37m[INFO] 11:12:17,766 [Test worker] liquibase. - master.changelog.json: migration/vault-schema.changelog-v4.xml::nullability::R3.Corda: Index lock_id_idx created
?[m?[37m[INFO] 11:12:17,766 [Test worker] liquibase. - master.changelog.json: migration/vault-schema.changelog-v4.xml::nullability::R3.Corda: Index transaction_id_index dropped from table vault_transaction_notes
?[m?[37m[INFO] 11:12:17,766 [Test worker] liquibase. - master.changelog.json: migration/vault-schema.changelog-v4.xml::nullability::R3.Corda: Null constraint has been added to vault_transaction_notes.note
?[m?[37m[INFO] 11:12:17,766 [Test worker] liquibase. - master.changelog.json: migration/vault-schema.changelog-v4.xml::nullability::R3.Corda: Null constraint has been added to vault_transaction_notes.transaction_id
?[m?[37m[INFO] 11:12:17,766 [Test worker] liquibase. - master.changelog.json: migration/vault-schema.changelog-v4.xml::nullability::R3.Corda: Index transaction_id_index created
?[m?[37m[INFO] 11:12:17,766 [Test worker] liquibase. - master.changelog.json: migration/vault-schema.changelog-v4.xml::nullability::R3.Corda: ChangeSet migration/vault-schema.changelog-v4.xml::nullability::R3.Corda ran successfully in 1ms
?[m?[37m[INFO] 11:12:17,770 [Test worker] liquibase. - master.changelog.json: migration/vault-schema.changelog-v5.xml::add_relevancy_status_column::R3.Corda: Columns relevancy_status(INT) added to vault_states
?[m?[37m[INFO] 11:12:17,770 [Test worker] liquibase. - master.changelog.json: migration/vault-schema.changelog-v5.xml::add_relevancy_status_column::R3.Corda: Data updated in vault_states
?[m?[37m[INFO] 11:12:17,770 [Test worker] liquibase. - master.changelog.json: migration/vault-schema.changelog-v5.xml::add_relevancy_status_column::R3.Corda: Null constraint has been added to vault_states.relevancy_status
?[m?[37m[INFO] 11:12:17,770 [Test worker] liquibase. - master.changelog.json: migration/vault-schema.changelog-v5.xml::add_relevancy_status_column::R3.Corda: ChangeSet migration/vault-schema.changelog-v5.xml::add_relevancy_status_column::R3.Corda ran successfully in 1ms
?[m?[37m[INFO] 11:12:17,771 [Test worker] liquibase. - master.changelog.json: migration/vault-schema.changelog-v6.xml::add_is_constraint_information_columns::R3.Corda: Columns constraint_type(INT) added to vault_states
?[m?[37m[INFO] 11:12:17,772 [Test worker] liquibase. - master.changelog.json: migration/vault-schema.changelog-v6.xml::add_is_constraint_information_columns::R3.Corda: Columns constraint_data(varbinary(563)) added to vault_states
?[m?[37m[INFO] 11:12:17,772 [Test worker] liquibase. - master.changelog.json: migration/vault-schema.changelog-v6.xml::add_is_constraint_information_columns::R3.Corda: ChangeSet migration/vault-schema.changelog-v6.xml::add_is_constraint_information_columns::R3.Corda ran successfully in 2ms
?[m?[37m[INFO] 11:12:17,773 [Test worker] liquibase. - master.changelog.json: migration/vault-schema.changelog-v7.xml::make_issuer_ref_nullable::R3.Corda: Null constraint dropped from vault_fungible_states.issuer_ref
?[m?[37m[INFO] 11:12:17,773 [Test worker] liquibase. - master.changelog.json: migration/vault-schema.changelog-v7.xml::make_issuer_ref_nullable::R3.Corda: ChangeSet migration/vault-schema.changelog-v7.xml::make_issuer_ref_nullable::R3.Corda ran successfully in 0ms
?[m?[37m[INFO] 11:12:17,773 [Test worker] liquibase. - master.changelog.json: migration/vault-schema.changelog-v8.xml::create-external-id-to-state-party-view::R3.Corda: Table state_party created
?[m?[37m[INFO] 11:12:17,774 [Test worker] liquibase. - master.changelog.json: migration/vault-schema.changelog-v8.xml::create-external-id-to-state-party-view::R3.Corda: Index state_pk_hash_idx created
?[m?[37m[INFO] 11:12:17,774 [Test worker] liquibase. - master.changelog.json: migration/vault-schema.changelog-v8.xml::create-external-id-to-state-party-view::R3.Corda: Table pk_hash_to_ext_id_map created
?[m?[37m[INFO] 11:12:17,774 [Test worker] liquibase. - master.changelog.json: migration/vault-schema.changelog-v8.xml::create-external-id-to-state-party-view::R3.Corda: Index pk_hash_to_xid_idx created
?[m?[37m[INFO] 11:12:17,774 [Test worker] liquibase. - master.changelog.json: migration/vault-schema.changelog-v8.xml::create-external-id-to-state-party-view::R3.Corda: View v_pkey_hash_ex_id_map created
?[m?[37m[INFO] 11:12:17,774 [Test worker] liquibase. - master.changelog.json: migration/vault-schema.changelog-v8.xml::create-external-id-to-state-party-view::R3.Corda: ChangeSet migration/vault-schema.changelog-v8.xml::create-external-id-to-state-party-view::R3.Corda ran successfully in 1ms
?[m?[37m[INFO] 11:12:17,775 [Test worker] liquibase. - master.changelog.json: migration/node-info.changelog-init.xml::1511451595465-4::R3.Corda: Table node_link_nodeinfo_party created
?[m?[37m[INFO] 11:12:17,775 [Test worker] liquibase. - master.changelog.json: migration/node-info.changelog-init.xml::1511451595465-4::R3.Corda: ChangeSet migration/node-info.changelog-init.xml::1511451595465-4::R3.Corda ran successfully in 0ms
?[m?[37m[INFO] 11:12:17,776 [Test worker] liquibase. - master.changelog.json: migration/node-info.changelog-init.xml::1511451595465-10::R3.Corda: Table node_info_hosts created
?[m?[37m[INFO] 11:12:17,776 [Test worker] liquibase. - master.changelog.json: migration/node-info.changelog-init.xml::1511451595465-10::R3.Corda: ChangeSet migration/node-info.changelog-init.xml::1511451595465-10::R3.Corda ran successfully in 0ms
?[m?[37m[INFO] 11:12:17,777 [Test worker] liquibase. - master.changelog.json: migration/node-info.changelog-init.xml::1511451595465-11::R3.Corda: Table node_info_party_cert created
?[m?[37m[INFO] 11:12:17,777 [Test worker] liquibase. - master.changelog.json: migration/node-info.changelog-init.xml::1511451595465-11::R3.Corda: ChangeSet migration/node-info.changelog-init.xml::1511451595465-11::R3.Corda ran successfully in 1ms
?[m?[37m[INFO] 11:12:17,777 [Test worker] liquibase. - master.changelog.json: migration/node-info.changelog-init.xml::1511451595465-12::R3.Corda: Table node_infos created
?[m?[37m[INFO] 11:12:17,777 [Test worker] liquibase. - master.changelog.json: migration/node-info.changelog-init.xml::1511451595465-12::R3.Corda: ChangeSet migration/node-info.changelog-init.xml::1511451595465-12::R3.Corda ran successfully in 0ms
?[m?[37m[INFO] 11:12:17,778 [Test worker] liquibase. - master.changelog.json: migration/node-info.changelog-init.xml::1511451595465-35::R3.Corda: Primary key added to node_info_hosts (host, port)
?[m?[37m[INFO] 11:12:17,778 [Test worker] liquibase. - master.changelog.json: migration/node-info.changelog-init.xml::1511451595465-35::R3.Corda: ChangeSet migration/node-info.changelog-init.xml::1511451595465-35::R3.Corda ran successfully in 0ms
?[m?[37m[INFO] 11:12:17,779 [Test worker] liquibase. - master.changelog.json: migration/node-info.changelog-init.xml::1511451595465-36::R3.Corda: Primary key added to node_info_party_cert (party_name)
?[m?[37m[INFO] 11:12:17,779 [Test worker] liquibase. - master.changelog.json: migration/node-info.changelog-init.xml::1511451595465-36::R3.Corda: ChangeSet migration/node-info.changelog-init.xml::1511451595465-36::R3.Corda ran successfully in 0ms
?[m?[37m[INFO] 11:12:17,780 [Test worker] liquibase. - master.changelog.json: migration/node-info.changelog-init.xml::1511451595465-37::R3.Corda: Primary key added to node_infos (node_info_id)
?[m?[37m[INFO] 11:12:17,780 [Test worker] liquibase. - master.changelog.json: migration/node-info.changelog-init.xml::1511451595465-37::R3.Corda: ChangeSet migration/node-info.changelog-init.xml::1511451595465-37::R3.Corda ran successfully in 1ms
?[m?[37m[INFO] 11:12:17,781 [Test worker] liquibase. - master.changelog.json: migration/node-info.changelog-init.xml::1511451595465-62::R3.Corda: Foreign key constraint added to node_link_nodeinfo_party (node_info_id)
?[m?[37m[INFO] 11:12:17,781 [Test worker] liquibase. - master.changelog.json: migration/node-info.changelog-init.xml::1511451595465-62::R3.Corda: ChangeSet migration/node-info.changelog-init.xml::1511451595465-62::R3.Corda ran successfully in 1ms
?[m?[37m[INFO] 11:12:17,782 [Test worker] liquibase. - master.changelog.json: migration/node-info.changelog-init.xml::1511451595465-63::R3.Corda: Foreign key constraint added to node_info_hosts (node_info_id)
?[m?[37m[INFO] 11:12:17,782 [Test worker] liquibase. - master.changelog.json: migration/node-info.changelog-init.xml::1511451595465-63::R3.Corda: ChangeSet migration/node-info.changelog-init.xml::1511451595465-63::R3.Corda ran successfully in 1ms
?[m?[37m[INFO] 11:12:17,783 [Test worker] liquibase. - master.changelog.json: migration/node-info.changelog-init.xml::remove_host_port_pk::R3.Corda: Data deleted from node_infos
?[m?[37m[INFO] 11:12:17,783 [Test worker] liquibase. - master.changelog.json: migration/node-info.changelog-init.xml::remove_host_port_pk::R3.Corda: Data deleted from node_link_nodeinfo_party
?[m?[37m[INFO] 11:12:17,783 [Test worker] liquibase. - master.changelog.json: migration/node-info.changelog-init.xml::remove_host_port_pk::R3.Corda: Data deleted from node_info_hosts
?[m?[37m[INFO] 11:12:17,783 [Test worker] liquibase. - master.changelog.json: migration/node-info.changelog-init.xml::remove_host_port_pk::R3.Corda: Data deleted from node_info_party_cert
?[m?[37m[INFO] 11:12:17,783 [Test worker] liquibase. - master.changelog.json: migration/node-info.changelog-init.xml::remove_host_port_pk::R3.Corda: Primary key dropped from node_info_hosts
?[m?[37m[INFO] 11:12:17,784 [Test worker] liquibase. - master.changelog.json: migration/node-info.changelog-init.xml::remove_host_port_pk::R3.Corda: Columns hosts_id(INT) added to node_info_hosts
?[m?[37m[INFO] 11:12:17,784 [Test worker] liquibase. - master.changelog.json: migration/node-info.changelog-init.xml::remove_host_port_pk::R3.Corda: Primary key added to node_info_hosts (hosts_id)
?[m?[37m[INFO] 11:12:17,784 [Test worker] liquibase. - master.changelog.json: migration/node-info.changelog-init.xml::remove_host_port_pk::R3.Corda: ChangeSet migration/node-info.changelog-init.xml::remove_host_port_pk::R3.Corda ran successfully in 2ms
?[m?[37m[INFO] 11:12:17,787 [Test worker] liquibase. - master.changelog.json: migration/node-info.changelog-v1.xml::key/value node properties table::R3.Corda: Table node_properties created
?[m?[37m[INFO] 11:12:17,787 [Test worker] liquibase. - master.changelog.json: migration/node-info.changelog-v1.xml::key/value node properties table::R3.Corda: ChangeSet migration/node-info.changelog-v1.xml::key/value node properties table::R3.Corda ran successfully in 2ms
?[m?[37m[INFO] 11:12:17,789 [Test worker] liquibase. - master.changelog.json: migration/node-info.changelog-v2.xml::1525962920::R3.Corda: Null constraint has been added to node_infos.node_info_hash
?[m?[37m[INFO] 11:12:17,789 [Test worker] liquibase. - master.changelog.json: migration/node-info.changelog-v2.xml::1525962920::R3.Corda: Null constraint has been added to node_infos.platform_version
?[m?[37m[INFO] 11:12:17,790 [Test worker] liquibase. - master.changelog.json: migration/node-info.changelog-v2.xml::1525962920::R3.Corda: Null constraint has been added to node_infos.serial
?[m?[37m[INFO] 11:12:17,790 [Test worker] liquibase. - master.changelog.json: migration/node-info.changelog-v2.xml::1525962920::R3.Corda: Null constraint dropped from node_info_hosts.host
?[m?[37m[INFO] 11:12:17,790 [Test worker] liquibase. - master.changelog.json: migration/node-info.changelog-v2.xml::1525962920::R3.Corda: Null constraint dropped from node_info_hosts.port
?[m?[37m[INFO] 11:12:17,790 [Test worker] liquibase. - master.changelog.json: migration/node-info.changelog-v2.xml::1525962920::R3.Corda: Null constraint has been added to node_info_party_cert.owning_key_hash
?[m?[37m[INFO] 11:12:17,790 [Test worker] liquibase. - master.changelog.json: migration/node-info.changelog-v2.xml::1525962920::R3.Corda: Null constraint has been added to node_info_party_cert.party_cert_binary
?[m?[37m[INFO] 11:12:17,790 [Test worker] liquibase. - master.changelog.json: migration/node-info.changelog-v2.xml::1525962920::R3.Corda: ChangeSet migration/node-info.changelog-v2.xml::1525962920::R3.Corda ran successfully in 1ms
?[m?[37m[INFO] 11:12:17,791 [Test worker] liquibase. - master.changelog.json: migration/node-info.changelog-v3.xml::column_host_name::R3.Corda: Column node_info_hosts.host renamed to host_name
?[m?[37m[INFO] 11:12:17,791 [Test worker] liquibase. - master.changelog.json: migration/node-info.changelog-v3.xml::column_host_name::R3.Corda: ChangeSet migration/node-info.changelog-v3.xml::column_host_name::R3.Corda ran successfully in 0ms
?[m?[37m[INFO] 11:12:17,792 [Test worker] liquibase. - master.changelog.json: migration/node-services.changelog-init.xml::1511451595465-5::R3.Corda: Table node_attachments created
?[m?[37m[INFO] 11:12:17,792 [Test worker] liquibase. - master.changelog.json: migration/node-services.changelog-init.xml::1511451595465-5::R3.Corda: ChangeSet migration/node-services.changelog-init.xml::1511451595465-5::R3.Corda ran successfully in 0ms
?[m?[37m[INFO] 11:12:17,793 [Test worker] liquibase. - master.changelog.json: migration/node-services.changelog-init.xml::1511451595465-7::R3.Corda: Table node_checkpoints created
?[m?[37m[INFO] 11:12:17,793 [Test worker] liquibase. - master.changelog.json: migration/node-services.changelog-init.xml::1511451595465-7::R3.Corda: ChangeSet migration/node-services.changelog-init.xml::1511451595465-7::R3.Corda ran successfully in 0ms
?[m?[37m[INFO] 11:12:17,794 [Test worker] liquibase. - master.changelog.json: migration/node-services.changelog-init.xml::1511451595465-8::R3.Corda: Table node_contract_upgrades created
?[m?[37m[INFO] 11:12:17,794 [Test worker] liquibase. - master.changelog.json: migration/node-services.changelog-init.xml::1511451595465-8::R3.Corda: ChangeSet migration/node-services.changelog-init.xml::1511451595465-8::R3.Corda ran successfully in 0ms
?[m?[37m[INFO] 11:12:17,795 [Test worker] liquibase. - master.changelog.json: migration/node-services.changelog-init.xml::1511451595465-9::R3.Corda: Table node_identities created
?[m?[37m[INFO] 11:12:17,795 [Test worker] liquibase. - master.changelog.json: migration/node-services.changelog-init.xml::1511451595465-9::R3.Corda: ChangeSet migration/node-services.changelog-init.xml::1511451595465-9::R3.Corda ran successfully in 0ms
?[m?[37m[INFO] 11:12:17,796 [Test worker] liquibase. - master.changelog.json: migration/node-services.changelog-init.xml::1511451595465-13::R3.Corda: Table node_message_ids created
?[m?[37m[INFO] 11:12:17,796 [Test worker] liquibase. - master.changelog.json: migration/node-services.changelog-init.xml::1511451595465-13::R3.Corda: ChangeSet migration/node-services.changelog-init.xml::1511451595465-13::R3.Corda ran successfully in 0ms
?[m?[37m[INFO] 11:12:17,797 [Test worker] liquibase. - master.changelog.json: migration/node-services.changelog-init.xml::1511451595465-14::R3.Corda: Table node_message_retry created
?[m?[37m[INFO] 11:12:17,797 [Test worker] liquibase. - master.changelog.json: migration/node-services.changelog-init.xml::1511451595465-14::R3.Corda: ChangeSet migration/node-services.changelog-init.xml::1511451595465-14::R3.Corda ran successfully in 0ms
?[m?[37m[INFO] 11:12:17,798 [Test worker] liquibase. - master.changelog.json: migration/node-services.changelog-init.xml::1511451595465-15::R3.Corda: Table node_named_identities created
?[m?[37m[INFO] 11:12:17,798 [Test worker] liquibase. - master.changelog.json: migration/node-services.changelog-init.xml::1511451595465-15::R3.Corda: ChangeSet migration/node-services.changelog-init.xml::1511451595465-15::R3.Corda ran successfully in 1ms
?[m?[37m[INFO] 11:12:17,800 [Test worker] liquibase. - master.changelog.json: migration/node-services.changelog-init.xml::1511451595465-17::R3.Corda: Table node_our_key_pairs created
?[m?[37m[INFO] 11:12:17,800 [Test worker] liquibase. - master.changelog.json: migration/node-services.changelog-init.xml::1511451595465-17::R3.Corda: ChangeSet migration/node-services.changelog-init.xml::1511451595465-17::R3.Corda ran successfully in 2ms
?[m?[37m[INFO] 11:12:17,802 [Test worker] liquibase. - master.changelog.json: migration/node-services.changelog-init.xml::1511451595465-19::R3.Corda: Table node_scheduled_states created
?[m?[37m[INFO] 11:12:17,802 [Test worker] liquibase. - master.changelog.json: migration/node-services.changelog-init.xml::1511451595465-19::R3.Corda: ChangeSet migration/node-services.changelog-init.xml::1511451595465-19::R3.Corda ran successfully in 0ms
?[m?[37m[INFO] 11:12:17,803 [Test worker] liquibase. - master.changelog.json: migration/node-services.changelog-init.xml::1511451595465-20::R3.Corda: Table node_transaction_mappings created
?[m?[37m[INFO] 11:12:17,803 [Test worker] liquibase. - master.changelog.json: migration/node-services.changelog-init.xml::1511451595465-20::R3.Corda: ChangeSet migration/node-services.changelog-init.xml::1511451595465-20::R3.Corda ran successfully in 0ms
?[m?[37m[INFO] 11:12:17,804 [Test worker] liquibase. - master.changelog.json: migration/node-services.changelog-init.xml::1511451595465-21::R3.Corda: Table node_transactions created
?[m?[37m[INFO] 11:12:17,804 [Test worker] liquibase. - master.changelog.json: migration/node-services.changelog-init.xml::1511451595465-21::R3.Corda: ChangeSet migration/node-services.changelog-init.xml::1511451595465-21::R3.Corda ran successfully in 0ms
?[m?[37m[INFO] 11:12:17,805 [Test worker] liquibase. - master.changelog.json: migration/node-services.changelog-init.xml::1511451595465-30::R3.Corda: Primary key added to node_attachments (att_id)
?[m?[37m[INFO] 11:12:17,805 [Test worker] liquibase. - master.changelog.json: migration/node-services.changelog-init.xml::1511451595465-30::R3.Corda: ChangeSet migration/node-services.changelog-init.xml::1511451595465-30::R3.Corda ran successfully in 0ms
?[m?[37m[INFO] 11:12:17,806 [Test worker] liquibase. - master.changelog.json: migration/node-services.changelog-init.xml::1511451595465-32::R3.Corda: Primary key added to node_checkpoints (checkpoint_id)
?[m?[37m[INFO] 11:12:17,807 [Test worker] liquibase. - master.changelog.json: migration/node-services.changelog-init.xml::1511451595465-32::R3.Corda: ChangeSet migration/node-services.changelog-init.xml::1511451595465-32::R3.Corda ran successfully in 1ms
?[m?[37m[INFO] 11:12:17,807 [Test worker] liquibase. - master.changelog.json: migration/node-services.changelog-init.xml::1511451595465-33::R3.Corda: Primary key added to node_contract_upgrades (state_ref)
?[m?[37m[INFO] 11:12:17,807 [Test worker] liquibase. - master.changelog.json: migration/node-services.changelog-init.xml::1511451595465-33::R3.Corda: ChangeSet migration/node-services.changelog-init.xml::1511451595465-33::R3.Corda ran successfully in 0ms
?[m?[37m[INFO] 11:12:17,808 [Test worker] liquibase. - master.changelog.json: migration/node-services.changelog-init.xml::1511451595465-34::R3.Corda: Primary key added to node_identities (pk_hash)
?[m?[37m[INFO] 11:12:17,808 [Test worker] liquibase. - master.changelog.json: migration/node-services.changelog-init.xml::1511451595465-34::R3.Corda: ChangeSet migration/node-services.changelog-init.xml::1511451595465-34::R3.Corda ran successfully in 0ms
?[m?[37m[INFO] 11:12:17,809 [Test worker] liquibase. - master.changelog.json: migration/node-services.changelog-init.xml::1511451595465-38::R3.Corda: Primary key added to node_message_ids (message_id)
?[m?[37m[INFO] 11:12:17,809 [Test worker] liquibase. - master.changelog.json: migration/node-services.changelog-init.xml::1511451595465-38::R3.Corda: ChangeSet migration/node-services.changelog-init.xml::1511451595465-38::R3.Corda ran successfully in 0ms
?[m?[37m[INFO] 11:12:17,810 [Test worker] liquibase. - master.changelog.json: migration/node-services.changelog-init.xml::1511451595465-39::R3.Corda: Primary key added to node_message_retry (message_id)
?[m?[37m[INFO] 11:12:17,810 [Test worker] liquibase. - master.changelog.json: migration/node-services.changelog-init.xml::1511451595465-39::R3.Corda: ChangeSet migration/node-services.changelog-init.xml::1511451595465-39::R3.Corda ran successfully in 0ms
?[m?[37m[INFO] 11:12:17,810 [Test worker] liquibase. - master.changelog.json: migration/node-services.changelog-init.xml::1511451595465-40::R3.Corda: Primary key added to node_named_identities (name)
?[m?[37m[INFO] 11:12:17,810 [Test worker] liquibase. - master.changelog.json: migration/node-services.changelog-init.xml::1511451595465-40::R3.Corda: ChangeSet migration/node-services.changelog-init.xml::1511451595465-40::R3.Corda ran successfully in 0ms
?[m?[37m[INFO] 11:12:17,812 [Test worker] liquibase. - master.changelog.json: migration/node-services.changelog-init.xml::1511451595465-42::R3.Corda: Primary key added to node_our_key_pairs (public_key_hash)
?[m?[37m[INFO] 11:12:17,812 [Test worker] liquibase. - master.changelog.json: migration/node-services.changelog-init.xml::1511451595465-42::R3.Corda: ChangeSet migration/node-services.changelog-init.xml::1511451595465-42::R3.Corda ran successfully in 1ms
?[m?[37m[INFO] 11:12:17,813 [Test worker] liquibase. - master.changelog.json: migration/node-services.changelog-init.xml::1511451595465-44::R3.Corda: Primary key added to node_scheduled_states (output_index, transaction_id)
?[m?[37m[INFO] 11:12:17,813 [Test worker] liquibase. - master.changelog.json: migration/node-services.changelog-init.xml::1511451595465-44::R3.Corda: ChangeSet migration/node-services.changelog-init.xml::1511451595465-44::R3.Corda ran successfully in 1ms
?[m?[37m[INFO] 11:12:17,814 [Test worker] liquibase. - master.changelog.json: migration/node-services.changelog-init.xml::1511451595465-45::R3.Corda: Primary key added to node_transaction_mappings (tx_id)
?[m?[37m[INFO] 11:12:17,814 [Test worker] liquibase. - master.changelog.json: migration/node-services.changelog-init.xml::1511451595465-45::R3.Corda: ChangeSet migration/node-services.changelog-init.xml::1511451595465-45::R3.Corda ran successfully in 0ms
?[m?[37m[INFO] 11:12:17,815 [Test worker] liquibase. - master.changelog.json: migration/node-services.changelog-init.xml::1511451595465-46::R3.Corda: Primary key added to node_transactions (tx_id)
?[m?[37m[INFO] 11:12:17,815 [Test worker] liquibase. - master.changelog.json: migration/node-services.changelog-init.xml::1511451595465-46::R3.Corda: ChangeSet migration/node-services.changelog-init.xml::1511451595465-46::R3.Corda ran successfully in 0ms
?[m?[37m[INFO] 11:12:17,817 [Test worker] liquibase. - master.changelog.json: migration/node-services.changelog-init.xml::1511451595465-61::R3.Corda: Foreign key constraint added to node_link_nodeinfo_party (party_name)
?[m?[37m[INFO] 11:12:17,817 [Test worker] liquibase. - master.changelog.json: migration/node-services.changelog-init.xml::1511451595465-61::R3.Corda: ChangeSet migration/node-services.changelog-init.xml::1511451595465-61::R3.Corda ran successfully in 1ms
?[m?[37m[INFO] 11:12:17,818 [Test worker] liquibase. - master.changelog.json: migration/node-services.changelog-init.xml::add index att_id::R3.Corda: Index att_id_idx created
?[m?[37m[INFO] 11:12:17,818 [Test worker] liquibase. - master.changelog.json: migration/node-services.changelog-init.xml::add index att_id::R3.Corda: ChangeSet migration/node-services.changelog-init.xml::add index att_id::R3.Corda ran successfully in 1ms
?[m?[37m[INFO] 11:12:17,819 [Test worker] liquibase. - master.changelog.json: migration/node-services.changelog-init.xml::add_contract_attachment::R3.Corda: Table node_attchments_contracts created
?[m?[37m[INFO] 11:12:17,819 [Test worker] liquibase. - master.changelog.json: migration/node-services.changelog-init.xml::add_contract_attachment::R3.Corda: Foreign key constraint added to node_attchments_contracts (att_id)
?[m?[37m[INFO] 11:12:17,819 [Test worker] liquibase. - master.changelog.json: migration/node-services.changelog-init.xml::add_contract_attachment::R3.Corda: Data deleted from node_attachments
?[m?[37m[INFO] 11:12:17,819 [Test worker] liquibase. - master.changelog.json: migration/node-services.changelog-init.xml::add_contract_attachment::R3.Corda: ChangeSet migration/node-services.changelog-init.xml::add_contract_attachment::R3.Corda ran successfully in 1ms
?[m?[37m[INFO] 11:12:17,822 [Test worker] liquibase. - master.changelog.json: migration/node-services.changelog-init.xml::add_dedup_columns::R3.Corda: Columns sender(NVARCHAR(64)),sequence_number(BIGINT) added to node_message_ids
?[m?[37m[INFO] 11:12:17,822 [Test worker] liquibase. - master.changelog.json: migration/node-services.changelog-init.xml::add_dedup_columns::R3.Corda: ChangeSet migration/node-services.changelog-init.xml::add_dedup_columns::R3.Corda ran successfully in 2ms
?[m?[37m[INFO] 11:12:17,823 [Test worker] liquibase. - master.changelog.json: migration/node-core.changelog-v4.xml::attchments_rename::R3.Corda: Table node_attchments_contracts renamed to node_attachments_contracts
?[m?[37m[INFO] 11:12:17,823 [Test worker] liquibase. - master.changelog.json: migration/node-core.changelog-v4.xml::attchments_rename::R3.Corda: ChangeSet migration/node-core.changelog-v4.xml::attchments_rename::R3.Corda ran successfully in 0ms
?[m?[37m[INFO] 11:12:17,824 [Test worker] liquibase. - master.changelog.json: migration/node-core.changelog-v4.xml::nullability::R3.Corda: Null constraint has been added to node_identities.identity_value
?[m?[37m[INFO] 11:12:17,825 [Test worker] liquibase. - master.changelog.json: migration/node-core.changelog-v4.xml::nullability::R3.Corda: Null constraint has been added to node_attachments.content
?[m?[37m[INFO] 11:12:17,825 [Test worker] liquibase. - master.changelog.json: migration/node-core.changelog-v4.xml::nullability::R3.Corda: Null constraint has been added to node_attachments_contracts.contract_class_name
?[m?[37m[INFO] 11:12:17,825 [Test worker] liquibase. - master.changelog.json: migration/node-core.changelog-v4.xml::nullability::R3.Corda: Null constraint has been added to node_checkpoints.checkpoint_value
?[m?[37m[INFO] 11:12:17,825 [Test worker] liquibase. - master.changelog.json: migration/node-core.changelog-v4.xml::nullability::R3.Corda: Null constraint has been added to node_contract_upgrades.contract_class_name
?[m?[37m[INFO] 11:12:17,825 [Test worker] liquibase. - master.changelog.json: migration/node-core.changelog-v4.xml::nullability::R3.Corda: Null constraint has been added to node_message_ids.insertion_time
?[m?[37m[INFO] 11:12:17,825 [Test worker] liquibase. - master.changelog.json: migration/node-core.changelog-v4.xml::nullability::R3.Corda: Null constraint has been added to node_message_retry.message
?[m?[37m[INFO] 11:12:17,825 [Test worker] liquibase. - master.changelog.json: migration/node-core.changelog-v4.xml::nullability::R3.Corda: Null constraint has been added to node_message_retry.recipients
?[m?[37m[INFO] 11:12:17,825 [Test worker] liquibase. - master.changelog.json: migration/node-core.changelog-v4.xml::nullability::R3.Corda: Null constraint has been added to node_named_identities.pk_hash
?[m?[37m[INFO] 11:12:17,825 [Test worker] liquibase. - master.changelog.json: migration/node-core.changelog-v4.xml::nullability::R3.Corda: Null constraint has been added to node_our_key_pairs.private_key
?[m?[37m[INFO] 11:12:17,825 [Test worker] liquibase. - master.changelog.json: migration/node-core.changelog-v4.xml::nullability::R3.Corda: Null constraint has been added to node_our_key_pairs.public_key
?[m?[37m[INFO] 11:12:17,825 [Test worker] liquibase. - master.changelog.json: migration/node-core.changelog-v4.xml::nullability::R3.Corda: Null constraint has been added to node_transaction_mappings.state_machine_run_id
?[m?[37m[INFO] 11:12:17,825 [Test worker] liquibase. - master.changelog.json: migration/node-core.changelog-v4.xml::nullability::R3.Corda: Null constraint has been added to node_transactions.transaction_value
?[m?[37m[INFO] 11:12:17,825 [Test worker] liquibase. - master.changelog.json: migration/node-core.changelog-v4.xml::nullability::R3.Corda: ChangeSet migration/node-core.changelog-v4.xml::nullability::R3.Corda ran successfully in 1ms
?[m?[37m[INFO] 11:12:17,827 [Test worker] liquibase. - master.changelog.json: migration/node-core.changelog-v5.xml::remove_unused_node_message_retry::R3.Corda: Table node_message_retry dropped
?[m?[37m[INFO] 11:12:17,827 [Test worker] liquibase. - master.changelog.json: migration/node-core.changelog-v5.xml::remove_unused_node_message_retry::R3.Corda: ChangeSet migration/node-core.changelog-v5.xml::remove_unused_node_message_retry::R3.Corda ran successfully in 1ms
?[m?[37m[INFO] 11:12:17,842 [Test worker] liquibase. - master.changelog.json: migration/node-core.changelog-v8.xml::conditional_attchments_rename::R3.Corda: Marking ChangeSet: migration/node-core.changelog-v8.xml::conditional_attchments_rename::R3.Corda ran despite precondition failure due to onFail='MARK_RAN': 
          master.changelog.json : Table PUBLIC.NODE_ATTCHMENTS_CONTRACTS does not exist

?[m?[37m[INFO] 11:12:17,850 [Test worker] liquibase. - master.changelog.json: migration/node-core.changelog-v8.xml::conditional_attchments_contracts::R3.Corda: Marking ChangeSet: migration/node-core.changelog-v8.xml::conditional_attchments_contracts::R3.Corda ran despite precondition failure due to onFail='MARK_RAN': 
          master.changelog.json : Table PUBLIC.NODE_ATTACHMENTS_CONTRACT_CLASS_NAME does not exist

?[m?[37m[INFO] 11:12:17,851 [Test worker] liquibase. - master.changelog.json: migration/node-core.changelog-v8.xml::add_signers::R3.Corda: Table node_attachments_signers created
?[m?[37m[INFO] 11:12:17,851 [Test worker] liquibase. - master.changelog.json: migration/node-core.changelog-v8.xml::add_signers::R3.Corda: Foreign key constraint added to node_attachments_signers (att_id)
?[m?[37m[INFO] 11:12:17,851 [Test worker] liquibase. - master.changelog.json: migration/node-core.changelog-v8.xml::add_signers::R3.Corda: ChangeSet migration/node-core.changelog-v8.xml::add_signers::R3.Corda ran successfully in 0ms
?[m?[37m[INFO] 11:12:17,853 [Test worker] liquibase. - master.changelog.json: migration/node-core.changelog-tx-mapping.xml::add_tx_mapping_column::R3.Corda: Columns state_machine_run_id(NVARCHAR(36)) added to node_transactions
?[m?[37m[INFO] 11:12:17,853 [Test worker] liquibase. - master.changelog.json: migration/node-core.changelog-tx-mapping.xml::add_tx_mapping_column::R3.Corda: Custom SQL executed
?[m?[37m[INFO] 11:12:17,853 [Test worker] liquibase. - master.changelog.json: migration/node-core.changelog-tx-mapping.xml::add_tx_mapping_column::R3.Corda: Table node_transaction_mappings dropped
?[m?[37m[INFO] 11:12:17,853 [Test worker] liquibase. - master.changelog.json: migration/node-core.changelog-tx-mapping.xml::add_tx_mapping_column::R3.Corda: ChangeSet migration/node-core.changelog-tx-mapping.xml::add_tx_mapping_column::R3.Corda ran successfully in 1ms
?[m?[37m[INFO] 11:12:17,854 [Test worker] liquibase. - master.changelog.json: migration/node-services.changelog-init.xml::add_network_parameters_storage::R3.Corda: Table node_network_parameters created
?[m?[37m[INFO] 11:12:17,854 [Test worker] liquibase. - master.changelog.json: migration/node-services.changelog-init.xml::add_network_parameters_storage::R3.Corda: ChangeSet migration/node-services.changelog-init.xml::add_network_parameters_storage::R3.Corda ran successfully in 0ms
?[m?[37m[INFO] 11:12:17,855 [Test worker] liquibase. - master.changelog.json: migration/node-services.changelog-init.xml::network_parameters_pk::R3.Corda: Primary key added to node_network_parameters (hash)
?[m?[37m[INFO] 11:12:17,855 [Test worker] liquibase. - master.changelog.json: migration/node-services.changelog-init.xml::network_parameters_pk::R3.Corda: ChangeSet migration/node-services.changelog-init.xml::network_parameters_pk::R3.Corda ran successfully in 0ms
?[m?[37m[INFO] 11:12:17,857 [Test worker] liquibase. - master.changelog.json: migration/node-services.changelog-init.xml::add_version_column::R3.Corda: Columns version(INT) added to node_attachments
?[m?[37m[INFO] 11:12:17,857 [Test worker] liquibase. - master.changelog.json: migration/node-services.changelog-init.xml::add_version_column::R3.Corda: Custom SQL executed
?[m?[37m[INFO] 11:12:17,857 [Test worker] liquibase. - master.changelog.json: migration/node-services.changelog-init.xml::add_version_column::R3.Corda: Null constraint has been added to node_attachments.version
?[m?[37m[INFO] 11:12:17,857 [Test worker] liquibase. - master.changelog.json: migration/node-services.changelog-init.xml::add_version_column::R3.Corda: ChangeSet migration/node-services.changelog-init.xml::add_version_column::R3.Corda ran successfully in 1ms
?[m?[37m[INFO] 11:12:17,858 [Test worker] persistence.AttachmentVersionNumberMigration. - Start executing...
?[m?[37m[INFO] 11:12:17,859 [Test worker] persistence.AttachmentVersionNumberMigration. - Attachment version creation from whitelisted JARs using network parameters from build/mock-network/20190407-151217.054/nodes/1/network-parameters, whitelistedContractImplementations: {}.
?[m?[37m[INFO] 11:12:17,859 [Test worker] persistence.AttachmentVersionNumberMigration. - Attachment version creation from whitelisted JARs skipped, no attachments not found.
?[m?[37m[INFO] 11:12:17,859 [Test worker] liquibase. - master.changelog.json: migration/node-services.changelog-init.xml::update-version-of-whitelisted-jars::R3.Corda: null
?[m?[37m[INFO] 11:12:17,859 [Test worker] liquibase. - master.changelog.json: migration/node-services.changelog-init.xml::update-version-of-whitelisted-jars::R3.Corda: ChangeSet migration/node-services.changelog-init.xml::update-version-of-whitelisted-jars::R3.Corda ran successfully in 1ms
?[m?[37m[INFO] 11:12:17,860 [Test worker] migration.VaultStateMigration. - Migrating vault state data to V4 tables
?[m?[37m[INFO] 11:12:17,861 [Test worker] persistence.HibernateConfiguration. - Init HibernateConfiguration for schemas: [VaultMigrationSchemaV1(name=net.corda.node.migration.VaultMigrationSchema, version=1), VaultSchemaV1(name=net.corda.node.services.vault.VaultSchema, version=1)]
?[m?[37m[INFO] 11:12:17,861 [Test worker] persistence.HibernateConfiguration. - Creating session factory for schemas: [VaultMigrationSchemaV1(name=net.corda.node.migration.VaultMigrationSchema, version=1), VaultSchemaV1(name=net.corda.node.services.vault.VaultSchema, version=1)]
?[m?[37m[INFO] 11:12:17,864 [Test worker] internal.ConnectionProviderInitiator. - HHH000130: Instantiating explicit connection provider: net.corda.nodeapi.internal.persistence.HibernateConfiguration$NodeDatabaseConnectionProvider
?[m?[37m[INFO] 11:12:17,864 [Test worker] dialect.Dialect. - HHH000400: Using dialect: org.hibernate.dialect.H2Dialect
?[m?[37m[INFO] 11:12:17,866 [Test worker] type.BasicTypeRegistry. - HHH000270: Type registration [materialized_blob] overrides previous : org.hibernate.type.MaterializedBlobType@13ae4c5f
?[m?[37m[INFO] 11:12:17,891 [Test worker] connections.access. - HHH10001501: Connection obtained from JdbcConnectionAccess [org.hibernate.engine.jdbc.env.internal.JdbcEnvironmentInitiator$ConnectionProviderJdbcConnectionAccess@421183f8] for (non-JTA) DDL execution was not in auto-commit mode; the Connection 'local transaction' will be committed and the Connection will be set into auto-commit mode.
?[m?[37m[INFO] 11:12:17,911 [Test worker] persistence.HibernateConfiguration. - Created session factory for schemas: [VaultMigrationSchemaV1(name=net.corda.node.migration.VaultMigrationSchema, version=1), VaultSchemaV1(name=net.corda.node.services.vault.VaultSchema, version=1)]
?[m?[37m[INFO] 11:12:17,912 [Test worker] internal.QueryTranslatorFactoryInitiator. - HHH000397: Using ASTQueryTranslatorFactory
?[m?[37m[INFO] 11:12:17,916 [Test worker] migration.VaultStateMigration. - Finished performing vault state data migration for 0 states
?[m?[37m[INFO] 11:12:17,916 [Test worker] liquibase. - master.changelog.json: migration/vault-schema.changelog-v9.xml::update-vault-states::R3.Corda: null
?[m?[37m[INFO] 11:12:17,916 [Test worker] liquibase. - master.changelog.json: migration/vault-schema.changelog-v9.xml::update-vault-states::R3.Corda: ChangeSet migration/vault-schema.changelog-v9.xml::update-vault-states::R3.Corda ran successfully in 56ms
?[m?[37m[INFO] 11:12:17,916 [Test worker] liquibase. - Successfully released change log lock
?[m?[37m[INFO] 11:12:17,917 [Test worker] internal.InternalMockNetwork$MockNode. - Connected to H2 database.
?[m?[37m[INFO] 11:12:17,917 [Test worker] internal.InternalMockNetwork$MockNode. - identity-private-key not found in key store, generating fresh key!
?[m?[37m[INFO] 11:12:17,926 [Test worker] persistence.HibernateConfiguration. - Init HibernateConfiguration for schemas: [CommonSchemaV1(name=net.corda.core.schemas.CommonSchema, version=1), VaultSchemaV1(name=net.corda.node.services.vault.VaultSchema, version=1), NodeInfoSchemaV1(name=net.corda.node.internal.schemas.NodeInfoSchema, version=1), NodeCoreV1(name=net.corda.node.services.schema.NodeSchemaService$NodeCore, version=1), FNOLSchemaV1(name=com.example.schema.FNOLSchema, version=1), IOUSchemaV1(name=com.example.schema.IOUSchema, version=1)]
?[m?[37m[INFO] 11:12:17,926 [Test worker] persistence.HibernateConfiguration. - Creating session factory for schemas: [CommonSchemaV1(name=net.corda.core.schemas.CommonSchema, version=1), VaultSchemaV1(name=net.corda.node.services.vault.VaultSchema, version=1), NodeInfoSchemaV1(name=net.corda.node.internal.schemas.NodeInfoSchema, version=1), NodeCoreV1(name=net.corda.node.services.schema.NodeSchemaService$NodeCore, version=1), FNOLSchemaV1(name=com.example.schema.FNOLSchema, version=1), IOUSchemaV1(name=com.example.schema.IOUSchema, version=1)]
?[m?[37m[INFO] 11:12:17,930 [Test worker] internal.ConnectionProviderInitiator. - HHH000130: Instantiating explicit connection provider: net.corda.nodeapi.internal.persistence.HibernateConfiguration$NodeDatabaseConnectionProvider
?[m?[37m[INFO] 11:12:17,930 [Test worker] dialect.Dialect. - HHH000400: Using dialect: org.hibernate.dialect.H2Dialect
?[m?[37m[INFO] 11:12:17,932 [Test worker] type.BasicTypeRegistry. - HHH000270: Type registration [materialized_blob] overrides previous : org.hibernate.type.MaterializedBlobType@13ae4c5f
?[m?[37m[INFO] 11:12:17,967 [Test worker] connections.access. - HHH10001501: Connection obtained from JdbcConnectionAccess [org.hibernate.engine.jdbc.env.internal.JdbcEnvironmentInitiator$ConnectionProviderJdbcConnectionAccess@47937eb5] for (non-JTA) DDL execution was not in auto-commit mode; the Connection 'local transaction' will be committed and the Connection will be set into auto-commit mode.
?[m?[37m[INFO] 11:12:18,006 [Test worker] persistence.HibernateConfiguration. - Created session factory for schemas: [CommonSchemaV1(name=net.corda.core.schemas.CommonSchema, version=1), VaultSchemaV1(name=net.corda.node.services.vault.VaultSchema, version=1), NodeInfoSchemaV1(name=net.corda.node.internal.schemas.NodeInfoSchema, version=1), NodeCoreV1(name=net.corda.node.services.schema.NodeSchemaService$NodeCore, version=1), FNOLSchemaV1(name=com.example.schema.FNOLSchema, version=1), IOUSchemaV1(name=com.example.schema.IOUSchema, version=1)]
?[m?[37m[INFO] 11:12:18,007 [Test worker] internal.QueryTranslatorFactoryInitiator. - HHH000397: Using ASTQueryTranslatorFactory
?[m?[37m[INFO] 11:12:18,009 [Test worker] internal.InternalMockNetwork$MockNode. - Node-info has changed so submitting update. Old node-info was null
?[m?[37m[INFO] 11:12:18,009 [Test worker] network.PersistentNetworkMapCache. - Adding node with info: NodeInfo(addresses=[mock.node:1000], legalIdentitiesAndCerts=[O=Mock Company 1, L=London, C=GB], platformVersion=4, serial=1554649938009)
?[m?[37m[INFO] 11:12:18,010 [Test worker] network.PersistentNetworkMapCache. - No previous node found
?[m?[37m[INFO] 11:12:18,014 [Test worker] internal.InternalMockNetwork$MockNode. - New node-info: NodeInfo(addresses=[mock.node:1000], legalIdentitiesAndCerts=[O=Mock Company 1, L=London, C=GB], platformVersion=4, serial=1554649938009)
?[m?[37m[INFO] 11:12:18,018 [Test worker] network.NetworkMapUpdater. - Auto-accept enabled for network parameter changes which modify only: [epoch, modifiedTime, packageOwnership, whitelistedContractImplementations]
?[m?[37m[INFO] 11:12:18,020 [MockNode-17-2] network.PersistentNetworkMapCache. - Adding node with info: NodeInfo(addresses=[mock.node:1000], legalIdentitiesAndCerts=[O=Mock Company 1, L=London, C=GB], platformVersion=4, serial=1554649938009)
?[m?[37m[INFO] 11:12:18,023 [MockNode-17-2] network.PersistentNetworkMapCache. - Previous node was identical to incoming one - doing nothing
?[m?[37m[INFO] 11:12:18,043 [Test worker] ClassloaderUtils. - Contracts loading for '/var/folders/5q/xy985yhj7rg30rc4c_z3gd4m0000gn/T/attachment4748611065023125830.jar' took 19 msec
?[m?[37m[INFO] 11:12:18,050 [Test worker] persistence.NodeAttachmentService. - Stored new attachment: id=B0DC6BB384D1A6B002EFC0F67EDD756DE1A1E8883DAE28EEB966064A6EF48F64 uploader=app filename=null
?[m?[37m[INFO] 11:12:18,054 [Test worker] statemachine.SingleThreadedStateMachineManager. - Node ready, info: NodeInfo(addresses=[mock.node:1000], legalIdentitiesAndCerts=[O=Mock Company 1, L=London, C=GB], platformVersion=4, serial=1554649938009)
?[m?[37m[INFO] 11:12:18,056 [Test worker] network.PersistentNetworkMapCache. - Adding node with info: NodeInfo(addresses=[mock.node:1000], legalIdentitiesAndCerts=[O=Notary Service, L=Zurich, C=CH], platformVersion=4, serial=1554649937521)
?[m?[37m[INFO] 11:12:18,056 [Test worker] network.PersistentNetworkMapCache. - No previous node found
?[m?[37m[INFO] 11:12:18,060 [Test worker] network.PersistentNetworkMapCache. - Adding node with info: NodeInfo(addresses=[mock.node:1000], legalIdentitiesAndCerts=[O=Mock Company 1, L=London, C=GB], platformVersion=4, serial=1554649938009)
?[m?[37m[INFO] 11:12:18,061 [Test worker] network.PersistentNetworkMapCache. - No previous node found
?[m?[37m[INFO] 11:12:18,065 [Test worker] network.PersistentNetworkMapCache. - Adding node with info: NodeInfo(addresses=[mock.node:1000], legalIdentitiesAndCerts=[O=Mock Company 1, L=London, C=GB], platformVersion=4, serial=1554649938009)
?[m?[37m[INFO] 11:12:18,065 [Test worker] network.PersistentNetworkMapCache. - Previous node was identical to incoming one - doing nothing
?[m?[37m[INFO] 11:12:18,065 [Test worker] network.PersistentNetworkMapCache. - Adding node with info: NodeInfo(addresses=[mock.node:1000], legalIdentitiesAndCerts=[O=Mock Company 1, L=London, C=GB], platformVersion=4, serial=1554649938009)
?[m?[37m[INFO] 11:12:18,065 [Test worker] network.PersistentNetworkMapCache. - Previous node was identical to incoming one - doing nothing
?[m?[37m[INFO] 11:12:18,068 [Test worker] cordapp.JarScanningCordappLoader. - Looking for CorDapps in [build/mock-network/20190407-151217.054/nodes/2/cordapps]
?[m?[37m[INFO] 11:12:18,068 [Test worker] cordapp.JarScanningCordappLoader. - Loading CorDapps from RestrictedURL(url=file:/Users/vivian.a.chen/Hackathon/samples/cordapp-example/workflows-kotlin/build/mock-network/20190407-151217.054/nodes/2/cordapps/cordapp-example-workflows-0.1.jar, rootPackageName=null), RestrictedURL(url=file:/Users/vivian.a.chen/Hackathon/samples/cordapp-example/workflows-kotlin/build/mock-network/20190407-151217.054/nodes/2/cordapps/cordapp-example-contracts-0.1.jar, rootPackageName=null)
?[m?[37m[INFO] 11:12:18,068 [Test worker] cordapp.JarScanningCordappLoader. - Scanning CorDapp in file:/Users/vivian.a.chen/Hackathon/samples/cordapp-example/workflows-kotlin/build/mock-network/20190407-151217.054/nodes/2/cordapps/cordapp-example-workflows-0.1.jar
?[m?[37m[INFO] 11:12:18,090 [Test worker] cordapp.JarScanningCordappLoader. - Found notary service CorDapp implementations: 
?[m?[37m[INFO] 11:12:18,090 [Test worker] cordapp.JarScanningCordappLoader. - Scanning CorDapp in file:/Users/vivian.a.chen/Hackathon/samples/cordapp-example/workflows-kotlin/build/mock-network/20190407-151217.054/nodes/2/cordapps/cordapp-example-contracts-0.1.jar
?[m?[37m[INFO] 11:12:18,113 [Test worker] cordapp.JarScanningCordappLoader. - Found notary service CorDapp implementations: 
?[m?[37m[INFO] 11:12:18,118 [Test worker] internal.InternalMockNetwork$MockNode. - Node starting up ...
?[m?[37m[INFO] 11:12:18,133 [Test worker] internal.NodeFlowManager. - Registered com.example.flow.CreateFNOLFlow$Initiator to initiate com.example.flow.CreateFNOLFlow$Acceptor (version 1)
?[m?[37m[INFO] 11:12:18,133 [Test worker] internal.NodeFlowManager. - Registered com.example.flow.ExampleFlow$Initiator to initiate com.example.flow.ExampleFlow$Acceptor (version 1)
?[m?[37m[INFO] 11:12:18,133 [Test worker] internal.NodeFlowManager. - Registered com.example.flow.UpdateFNOLFlow$Initiator to initiate com.example.flow.UpdateFNOLFlow$Acceptor (version 1)
?[m?[37m[INFO] 11:12:18,135 [Test worker] internal.InternalMockNetwork$MockNode. - Loaded network parameters: NetworkParameters {
      minimumPlatformVersion=1
      notaries=[NotaryInfo(identity=O=Notary Service, L=Zurich, C=CH, validating=true)]
      maxMessageSize=10485760
      maxTransactionSize=524288000
      whitelistedContractImplementations {
        
      }
      eventHorizon=PT720H
      packageOwnership {
        
      }
      modifiedTime=2019-04-07T15:12:17.054Z
      epoch=1
  }
?[m?[37m[INFO] 11:12:18,135 [Test worker] hikari.HikariDataSource. - HikariPool-18 - Started.
?[m?[37m[INFO] 11:12:18,231 [Test worker] liquibase. - Creating database history table with name: PUBLIC.DATABASECHANGELOG
?[m?[37m[INFO] 11:12:18,232 [Test worker] liquibase. - Reading from PUBLIC.DATABASECHANGELOG
?[m?[37m[INFO] 11:12:18,233 [Test worker] liquibase. - master.changelog.json: migration/common.changelog-init.xml::1511451595465-1.3::R3.Corda: Skipping changeSet migration/common.changelog-init.xml::1511451595465-1.3::R3.Corda due to validation error(s): minValue is not allowed on h2
?[m?[37m[INFO] 11:12:18,236 [Test worker] liquibase. - master.changelog.json: migration/vault-schema.changelog-pkey.xml::non-clustered_pk-11::R3.Corda: Skipping changeSet migration/vault-schema.changelog-pkey.xml::non-clustered_pk-11::R3.Corda due to validation error(s): clustered is not allowed on h2
?[m?[37m[INFO] 11:12:18,237 [Test worker] liquibase. - master.changelog.json: migration/vault-schema.changelog-pkey.xml::non-clustered_pk-12::R3.Corda: Skipping changeSet migration/vault-schema.changelog-pkey.xml::non-clustered_pk-12::R3.Corda due to validation error(s): clustered is not allowed on h2
?[m?[37m[INFO] 11:12:18,237 [Test worker] liquibase. - master.changelog.json: migration/vault-schema.changelog-pkey.xml::non-clustered_pk-13::R3.Corda: Skipping changeSet migration/vault-schema.changelog-pkey.xml::non-clustered_pk-13::R3.Corda due to validation error(s): clustered is not allowed on h2
?[m?[37m[INFO] 11:12:18,243 [Test worker] liquibase. - master.changelog.json: migration/node-core.changelog-pkey.xml::non-clustered_pk-1::R3.Corda: Skipping changeSet migration/node-core.changelog-pkey.xml::non-clustered_pk-1::R3.Corda due to validation error(s): clustered is not allowed on h2
?[m?[37m[INFO] 11:12:18,243 [Test worker] liquibase. - master.changelog.json: migration/node-core.changelog-pkey.xml::non-clustered_pk-2::R3.Corda: Skipping changeSet migration/node-core.changelog-pkey.xml::non-clustered_pk-2::R3.Corda due to validation error(s): clustered is not allowed on h2
?[m?[37m[INFO] 11:12:18,244 [Test worker] liquibase. - master.changelog.json: migration/node-core.changelog-pkey.xml::non-clustered_pk-3::R3.Corda: Skipping changeSet migration/node-core.changelog-pkey.xml::non-clustered_pk-3::R3.Corda due to validation error(s): clustered is not allowed on h2
?[m?[37m[INFO] 11:12:18,244 [Test worker] liquibase. - master.changelog.json: migration/node-core.changelog-pkey.xml::non-clustered_pk-4::R3.Corda: Skipping changeSet migration/node-core.changelog-pkey.xml::non-clustered_pk-4::R3.Corda due to validation error(s): clustered is not allowed on h2
?[m?[37m[INFO] 11:12:18,244 [Test worker] liquibase. - master.changelog.json: migration/node-core.changelog-pkey.xml::non-clustered_pk-5::R3.Corda: Skipping changeSet migration/node-core.changelog-pkey.xml::non-clustered_pk-5::R3.Corda due to validation error(s): clustered is not allowed on h2
?[m?[37m[INFO] 11:12:18,244 [Test worker] liquibase. - master.changelog.json: migration/node-core.changelog-pkey.xml::non-clustered_pk-6::R3.Corda: Skipping changeSet migration/node-core.changelog-pkey.xml::non-clustered_pk-6::R3.Corda due to validation error(s): clustered is not allowed on h2
?[m?[37m[INFO] 11:12:18,244 [Test worker] liquibase. - master.changelog.json: migration/node-core.changelog-pkey.xml::non-clustered_pk-7::R3.Corda: Skipping changeSet migration/node-core.changelog-pkey.xml::non-clustered_pk-7::R3.Corda due to validation error(s): clustered is not allowed on h2
?[m?[37m[INFO] 11:12:18,246 [Test worker] liquibase. - Successfully acquired change log lock
?[m?[37m[INFO] 11:12:18,246 [Test worker] liquibase. - master.changelog.json: migration/common.changelog-init.xml::1511451595465-1.3::R3.Corda: Skipping changeSet migration/common.changelog-init.xml::1511451595465-1.3::R3.Corda due to validation error(s): minValue is not allowed on h2
?[m?[37m[INFO] 11:12:18,247 [Test worker] liquibase. - master.changelog.json: migration/vault-schema.changelog-pkey.xml::non-clustered_pk-11::R3.Corda: Skipping changeSet migration/vault-schema.changelog-pkey.xml::non-clustered_pk-11::R3.Corda due to validation error(s): clustered is not allowed on h2
?[m?[37m[INFO] 11:12:18,247 [Test worker] liquibase. - master.changelog.json: migration/vault-schema.changelog-pkey.xml::non-clustered_pk-12::R3.Corda: Skipping changeSet migration/vault-schema.changelog-pkey.xml::non-clustered_pk-12::R3.Corda due to validation error(s): clustered is not allowed on h2
?[m?[37m[INFO] 11:12:18,247 [Test worker] liquibase. - master.changelog.json: migration/vault-schema.changelog-pkey.xml::non-clustered_pk-13::R3.Corda: Skipping changeSet migration/vault-schema.changelog-pkey.xml::non-clustered_pk-13::R3.Corda due to validation error(s): clustered is not allowed on h2
?[m?[37m[INFO] 11:12:18,249 [Test worker] liquibase. - master.changelog.json: migration/node-core.changelog-pkey.xml::non-clustered_pk-1::R3.Corda: Skipping changeSet migration/node-core.changelog-pkey.xml::non-clustered_pk-1::R3.Corda due to validation error(s): clustered is not allowed on h2
?[m?[37m[INFO] 11:12:18,249 [Test worker] liquibase. - master.changelog.json: migration/node-core.changelog-pkey.xml::non-clustered_pk-2::R3.Corda: Skipping changeSet migration/node-core.changelog-pkey.xml::non-clustered_pk-2::R3.Corda due to validation error(s): clustered is not allowed on h2
?[m?[37m[INFO] 11:12:18,249 [Test worker] liquibase. - master.changelog.json: migration/node-core.changelog-pkey.xml::non-clustered_pk-3::R3.Corda: Skipping changeSet migration/node-core.changelog-pkey.xml::non-clustered_pk-3::R3.Corda due to validation error(s): clustered is not allowed on h2
?[m?[37m[INFO] 11:12:18,249 [Test worker] liquibase. - master.changelog.json: migration/node-core.changelog-pkey.xml::non-clustered_pk-4::R3.Corda: Skipping changeSet migration/node-core.changelog-pkey.xml::non-clustered_pk-4::R3.Corda due to validation error(s): clustered is not allowed on h2
?[m?[37m[INFO] 11:12:18,249 [Test worker] liquibase. - master.changelog.json: migration/node-core.changelog-pkey.xml::non-clustered_pk-5::R3.Corda: Skipping changeSet migration/node-core.changelog-pkey.xml::non-clustered_pk-5::R3.Corda due to validation error(s): clustered is not allowed on h2
?[m?[37m[INFO] 11:12:18,249 [Test worker] liquibase. - master.changelog.json: migration/node-core.changelog-pkey.xml::non-clustered_pk-6::R3.Corda: Skipping changeSet migration/node-core.changelog-pkey.xml::non-clustered_pk-6::R3.Corda due to validation error(s): clustered is not allowed on h2
?[m?[37m[INFO] 11:12:18,249 [Test worker] liquibase. - master.changelog.json: migration/node-core.changelog-pkey.xml::non-clustered_pk-7::R3.Corda: Skipping changeSet migration/node-core.changelog-pkey.xml::non-clustered_pk-7::R3.Corda due to validation error(s): clustered is not allowed on h2
?[m?[37m[INFO] 11:12:18,250 [Test worker] liquibase. - master.changelog.json: migration/common.changelog-init.xml::1511451595465-1.1::R3.Corda: Sequence hibernate_sequence created
?[m?[37m[INFO] 11:12:18,250 [Test worker] liquibase. - master.changelog.json: migration/common.changelog-init.xml::1511451595465-1.1::R3.Corda: ChangeSet migration/common.changelog-init.xml::1511451595465-1.1::R3.Corda ran successfully in 0ms
?[m?[37m[INFO] 11:12:18,251 [Test worker] liquibase. - master.changelog.json: migration/vault-schema.changelog-init.xml::1511451595465-22::R3.Corda: Table vault_fungible_states created
?[m?[37m[INFO] 11:12:18,251 [Test worker] liquibase. - master.changelog.json: migration/vault-schema.changelog-init.xml::1511451595465-22::R3.Corda: ChangeSet migration/vault-schema.changelog-init.xml::1511451595465-22::R3.Corda ran successfully in 0ms
?[m?[37m[INFO] 11:12:18,251 [Test worker] liquibase. - master.changelog.json: migration/vault-schema.changelog-init.xml::1511451595465-23::R3.Corda: Table vault_fungible_states_parts created
?[m?[37m[INFO] 11:12:18,251 [Test worker] liquibase. - master.changelog.json: migration/vault-schema.changelog-init.xml::1511451595465-23::R3.Corda: ChangeSet migration/vault-schema.changelog-init.xml::1511451595465-23::R3.Corda ran successfully in 0ms
?[m?[37m[INFO] 11:12:18,252 [Test worker] liquibase. - master.changelog.json: migration/vault-schema.changelog-init.xml::1511451595465-24::R3.Corda: Table vault_linear_states created
?[m?[37m[INFO] 11:12:18,252 [Test worker] liquibase. - master.changelog.json: migration/vault-schema.changelog-init.xml::1511451595465-24::R3.Corda: ChangeSet migration/vault-schema.changelog-init.xml::1511451595465-24::R3.Corda ran successfully in 0ms
?[m?[37m[INFO] 11:12:18,252 [Test worker] liquibase. - master.changelog.json: migration/vault-schema.changelog-init.xml::1511451595465-25::R3.Corda: Table vault_linear_states_parts created
?[m?[37m[INFO] 11:12:18,252 [Test worker] liquibase. - master.changelog.json: migration/vault-schema.changelog-init.xml::1511451595465-25::R3.Corda: ChangeSet migration/vault-schema.changelog-init.xml::1511451595465-25::R3.Corda ran successfully in 0ms
?[m?[37m[INFO] 11:12:18,253 [Test worker] liquibase. - master.changelog.json: migration/vault-schema.changelog-init.xml::1511451595465-26::R3.Corda: Table vault_states created
?[m?[37m[INFO] 11:12:18,253 [Test worker] liquibase. - master.changelog.json: migration/vault-schema.changelog-init.xml::1511451595465-26::R3.Corda: ChangeSet migration/vault-schema.changelog-init.xml::1511451595465-26::R3.Corda ran successfully in 0ms
?[m?[37m[INFO] 11:12:18,253 [Test worker] liquibase. - master.changelog.json: migration/vault-schema.changelog-init.xml::1511451595465-27::R3.Corda: Table vault_transaction_notes created
?[m?[37m[INFO] 11:12:18,253 [Test worker] liquibase. - master.changelog.json: migration/vault-schema.changelog-init.xml::1511451595465-27::R3.Corda: ChangeSet migration/vault-schema.changelog-init.xml::1511451595465-27::R3.Corda ran successfully in 0ms
?[m?[37m[INFO] 11:12:18,254 [Test worker] liquibase. - master.changelog.json: migration/vault-schema.changelog-init.xml::1511451595465-47::R3.Corda: Primary key added to vault_fungible_states (output_index, transaction_id)
?[m?[37m[INFO] 11:12:18,254 [Test worker] liquibase. - master.changelog.json: migration/vault-schema.changelog-init.xml::1511451595465-47::R3.Corda: ChangeSet migration/vault-schema.changelog-init.xml::1511451595465-47::R3.Corda ran successfully in 0ms
?[m?[37m[INFO] 11:12:18,254 [Test worker] liquibase. - master.changelog.json: migration/vault-schema.changelog-init.xml::1511451595465-48::R3.Corda: Primary key added to vault_linear_states (output_index, transaction_id)
?[m?[37m[INFO] 11:12:18,254 [Test worker] liquibase. - master.changelog.json: migration/vault-schema.changelog-init.xml::1511451595465-48::R3.Corda: ChangeSet migration/vault-schema.changelog-init.xml::1511451595465-48::R3.Corda ran successfully in 0ms
?[m?[37m[INFO] 11:12:18,255 [Test worker] liquibase. - master.changelog.json: migration/vault-schema.changelog-init.xml::1511451595465-49::R3.Corda: Primary key added to vault_states (output_index, transaction_id)
?[m?[37m[INFO] 11:12:18,255 [Test worker] liquibase. - master.changelog.json: migration/vault-schema.changelog-init.xml::1511451595465-49::R3.Corda: ChangeSet migration/vault-schema.changelog-init.xml::1511451595465-49::R3.Corda ran successfully in 0ms
?[m?[37m[INFO] 11:12:18,255 [Test worker] liquibase. - master.changelog.json: migration/vault-schema.changelog-init.xml::1511451595465-50::R3.Corda: Primary key added to vault_transaction_notes (seq_no)
?[m?[37m[INFO] 11:12:18,255 [Test worker] liquibase. - master.changelog.json: migration/vault-schema.changelog-init.xml::1511451595465-50::R3.Corda: ChangeSet migration/vault-schema.changelog-init.xml::1511451595465-50::R3.Corda ran successfully in 0ms
?[m?[37m[INFO] 11:12:18,256 [Test worker] liquibase. - master.changelog.json: migration/vault-schema.changelog-init.xml::1511451595465-53::R3.Corda: Index external_id_index created
?[m?[37m[INFO] 11:12:18,256 [Test worker] liquibase. - master.changelog.json: migration/vault-schema.changelog-init.xml::1511451595465-53::R3.Corda: ChangeSet migration/vault-schema.changelog-init.xml::1511451595465-53::R3.Corda ran successfully in 0ms
?[m?[37m[INFO] 11:12:18,256 [Test worker] liquibase. - master.changelog.json: migration/vault-schema.changelog-init.xml::1511451595465-55::R3.Corda: Index lock_id_idx created
?[m?[37m[INFO] 11:12:18,256 [Test worker] liquibase. - master.changelog.json: migration/vault-schema.changelog-init.xml::1511451595465-55::R3.Corda: ChangeSet migration/vault-schema.changelog-init.xml::1511451595465-55::R3.Corda ran successfully in 0ms
?[m?[37m[INFO] 11:12:18,257 [Test worker] liquibase. - master.changelog.json: migration/vault-schema.changelog-init.xml::1511451595465-58::R3.Corda: Index state_status_idx created
?[m?[37m[INFO] 11:12:18,257 [Test worker] liquibase. - master.changelog.json: migration/vault-schema.changelog-init.xml::1511451595465-58::R3.Corda: ChangeSet migration/vault-schema.changelog-init.xml::1511451595465-58::R3.Corda ran successfully in 0ms
?[m?[37m[INFO] 11:12:18,257 [Test worker] liquibase. - master.changelog.json: migration/vault-schema.changelog-init.xml::1511451595465-59::R3.Corda: Index transaction_id_index created
?[m?[37m[INFO] 11:12:18,257 [Test worker] liquibase. - master.changelog.json: migration/vault-schema.changelog-init.xml::1511451595465-59::R3.Corda: ChangeSet migration/vault-schema.changelog-init.xml::1511451595465-59::R3.Corda ran successfully in 0ms
?[m?[37m[INFO] 11:12:18,258 [Test worker] liquibase. - master.changelog.json: migration/vault-schema.changelog-init.xml::1511451595465-60::R3.Corda: Index uuid_index created
?[m?[37m[INFO] 11:12:18,258 [Test worker] liquibase. - master.changelog.json: migration/vault-schema.changelog-init.xml::1511451595465-60::R3.Corda: ChangeSet migration/vault-schema.changelog-init.xml::1511451595465-60::R3.Corda ran successfully in 0ms
?[m?[37m[INFO] 11:12:18,258 [Test worker] liquibase. - master.changelog.json: migration/vault-schema.changelog-init.xml::1511451595465-64::R3.Corda: Foreign key constraint added to vault_fungible_states_parts (output_index,transaction_id)
?[m?[37m[INFO] 11:12:18,258 [Test worker] liquibase. - master.changelog.json: migration/vault-schema.changelog-init.xml::1511451595465-64::R3.Corda: ChangeSet migration/vault-schema.changelog-init.xml::1511451595465-64::R3.Corda ran successfully in 0ms
?[m?[37m[INFO] 11:12:18,259 [Test worker] liquibase. - master.changelog.json: migration/vault-schema.changelog-init.xml::1511451595465-65::R3.Corda: Foreign key constraint added to vault_linear_states_parts (output_index,transaction_id)
?[m?[37m[INFO] 11:12:18,259 [Test worker] liquibase. - master.changelog.json: migration/vault-schema.changelog-init.xml::1511451595465-65::R3.Corda: ChangeSet migration/vault-schema.changelog-init.xml::1511451595465-65::R3.Corda ran successfully in 0ms
?[m?[37m[INFO] 11:12:18,260 [Test worker] liquibase. - master.changelog.json: migration/vault-schema.changelog-v3.xml::clean_vault::R3.Corda: Data deleted from vault_fungible_states_parts
?[m?[37m[INFO] 11:12:18,260 [Test worker] liquibase. - master.changelog.json: migration/vault-schema.changelog-v3.xml::clean_vault::R3.Corda: Data deleted from vault_fungible_states
?[m?[37m[INFO] 11:12:18,260 [Test worker] liquibase. - master.changelog.json: migration/vault-schema.changelog-v3.xml::clean_vault::R3.Corda: Data deleted from vault_linear_states_parts
?[m?[37m[INFO] 11:12:18,260 [Test worker] liquibase. - master.changelog.json: migration/vault-schema.changelog-v3.xml::clean_vault::R3.Corda: Data deleted from vault_linear_states
?[m?[37m[INFO] 11:12:18,260 [Test worker] liquibase. - master.changelog.json: migration/vault-schema.changelog-v3.xml::clean_vault::R3.Corda: Data deleted from vault_states
?[m?[37m[INFO] 11:12:18,260 [Test worker] liquibase. - master.changelog.json: migration/vault-schema.changelog-v3.xml::clean_vault::R3.Corda: Data deleted from vault_transaction_notes
?[m?[37m[INFO] 11:12:18,260 [Test worker] liquibase. - master.changelog.json: migration/vault-schema.changelog-v3.xml::clean_vault::R3.Corda: ChangeSet migration/vault-schema.changelog-v3.xml::clean_vault::R3.Corda ran successfully in 0ms
?[m?[37m[INFO] 11:12:18,260 [Test worker] liquibase. - master.changelog.json: migration/vault-schema.changelog-v4.xml::nullability::R3.Corda: Null constraint has been added to vault_fungible_states.quantity
?[m?[37m[INFO] 11:12:18,261 [Test worker] liquibase. - master.changelog.json: migration/vault-schema.changelog-v4.xml::nullability::R3.Corda: Null constraint has been added to vault_states.contract_state_class_name
?[m?[37m[INFO] 11:12:18,261 [Test worker] liquibase. - master.changelog.json: migration/vault-schema.changelog-v4.xml::nullability::R3.Corda: Null constraint has been added to vault_states.notary_name
?[m?[37m[INFO] 11:12:18,261 [Test worker] liquibase. - master.changelog.json: migration/vault-schema.changelog-v4.xml::nullability::R3.Corda: Null constraint has been added to vault_states.recorded_timestamp
?[m?[37m[INFO] 11:12:18,261 [Test worker] liquibase. - master.changelog.json: migration/vault-schema.changelog-v4.xml::nullability::R3.Corda: Index state_status_idx dropped from table vault_states
?[m?[37m[INFO] 11:12:18,261 [Test worker] liquibase. - master.changelog.json: migration/vault-schema.changelog-v4.xml::nullability::R3.Corda: Index lock_id_idx dropped from table vault_states
?[m?[37m[INFO] 11:12:18,261 [Test worker] liquibase. - master.changelog.json: migration/vault-schema.changelog-v4.xml::nullability::R3.Corda: Null constraint has been added to vault_states.state_status
?[m?[37m[INFO] 11:12:18,261 [Test worker] liquibase. - master.changelog.json: migration/vault-schema.changelog-v4.xml::nullability::R3.Corda: Index state_status_idx created
?[m?[37m[INFO] 11:12:18,261 [Test worker] liquibase. - master.changelog.json: migration/vault-schema.changelog-v4.xml::nullability::R3.Corda: Index lock_id_idx created
?[m?[37m[INFO] 11:12:18,261 [Test worker] liquibase. - master.changelog.json: migration/vault-schema.changelog-v4.xml::nullability::R3.Corda: Index transaction_id_index dropped from table vault_transaction_notes
?[m?[37m[INFO] 11:12:18,261 [Test worker] liquibase. - master.changelog.json: migration/vault-schema.changelog-v4.xml::nullability::R3.Corda: Null constraint has been added to vault_transaction_notes.note
?[m?[37m[INFO] 11:12:18,261 [Test worker] liquibase. - master.changelog.json: migration/vault-schema.changelog-v4.xml::nullability::R3.Corda: Null constraint has been added to vault_transaction_notes.transaction_id
?[m?[37m[INFO] 11:12:18,261 [Test worker] liquibase. - master.changelog.json: migration/vault-schema.changelog-v4.xml::nullability::R3.Corda: Index transaction_id_index created
?[m?[37m[INFO] 11:12:18,261 [Test worker] liquibase. - master.changelog.json: migration/vault-schema.changelog-v4.xml::nullability::R3.Corda: ChangeSet migration/vault-schema.changelog-v4.xml::nullability::R3.Corda ran successfully in 1ms
?[m?[37m[INFO] 11:12:18,264 [Test worker] liquibase. - master.changelog.json: migration/vault-schema.changelog-v5.xml::add_relevancy_status_column::R3.Corda: Columns relevancy_status(INT) added to vault_states
?[m?[37m[INFO] 11:12:18,265 [Test worker] liquibase. - master.changelog.json: migration/vault-schema.changelog-v5.xml::add_relevancy_status_column::R3.Corda: Data updated in vault_states
?[m?[37m[INFO] 11:12:18,265 [Test worker] liquibase. - master.changelog.json: migration/vault-schema.changelog-v5.xml::add_relevancy_status_column::R3.Corda: Null constraint has been added to vault_states.relevancy_status
?[m?[37m[INFO] 11:12:18,265 [Test worker] liquibase. - master.changelog.json: migration/vault-schema.changelog-v5.xml::add_relevancy_status_column::R3.Corda: ChangeSet migration/vault-schema.changelog-v5.xml::add_relevancy_status_column::R3.Corda ran successfully in 1ms
?[m?[37m[INFO] 11:12:18,266 [Test worker] liquibase. - master.changelog.json: migration/vault-schema.changelog-v6.xml::add_is_constraint_information_columns::R3.Corda: Columns constraint_type(INT) added to vault_states
?[m?[37m[INFO] 11:12:18,266 [Test worker] liquibase. - master.changelog.json: migration/vault-schema.changelog-v6.xml::add_is_constraint_information_columns::R3.Corda: Columns constraint_data(varbinary(563)) added to vault_states
?[m?[37m[INFO] 11:12:18,266 [Test worker] liquibase. - master.changelog.json: migration/vault-schema.changelog-v6.xml::add_is_constraint_information_columns::R3.Corda: ChangeSet migration/vault-schema.changelog-v6.xml::add_is_constraint_information_columns::R3.Corda ran successfully in 1ms
?[m?[37m[INFO] 11:12:18,267 [Test worker] liquibase. - master.changelog.json: migration/vault-schema.changelog-v7.xml::make_issuer_ref_nullable::R3.Corda: Null constraint dropped from vault_fungible_states.issuer_ref
?[m?[37m[INFO] 11:12:18,267 [Test worker] liquibase. - master.changelog.json: migration/vault-schema.changelog-v7.xml::make_issuer_ref_nullable::R3.Corda: ChangeSet migration/vault-schema.changelog-v7.xml::make_issuer_ref_nullable::R3.Corda ran successfully in 0ms
?[m?[37m[INFO] 11:12:18,268 [Test worker] liquibase. - master.changelog.json: migration/vault-schema.changelog-v8.xml::create-external-id-to-state-party-view::R3.Corda: Table state_party created
?[m?[37m[INFO] 11:12:18,268 [Test worker] liquibase. - master.changelog.json: migration/vault-schema.changelog-v8.xml::create-external-id-to-state-party-view::R3.Corda: Index state_pk_hash_idx created
?[m?[37m[INFO] 11:12:18,268 [Test worker] liquibase. - master.changelog.json: migration/vault-schema.changelog-v8.xml::create-external-id-to-state-party-view::R3.Corda: Table pk_hash_to_ext_id_map created
?[m?[37m[INFO] 11:12:18,268 [Test worker] liquibase. - master.changelog.json: migration/vault-schema.changelog-v8.xml::create-external-id-to-state-party-view::R3.Corda: Index pk_hash_to_xid_idx created
?[m?[37m[INFO] 11:12:18,268 [Test worker] liquibase. - master.changelog.json: migration/vault-schema.changelog-v8.xml::create-external-id-to-state-party-view::R3.Corda: View v_pkey_hash_ex_id_map created
?[m?[37m[INFO] 11:12:18,268 [Test worker] liquibase. - master.changelog.json: migration/vault-schema.changelog-v8.xml::create-external-id-to-state-party-view::R3.Corda: ChangeSet migration/vault-schema.changelog-v8.xml::create-external-id-to-state-party-view::R3.Corda ran successfully in 1ms
?[m?[37m[INFO] 11:12:18,269 [Test worker] liquibase. - master.changelog.json: migration/node-info.changelog-init.xml::1511451595465-4::R3.Corda: Table node_link_nodeinfo_party created
?[m?[37m[INFO] 11:12:18,269 [Test worker] liquibase. - master.changelog.json: migration/node-info.changelog-init.xml::1511451595465-4::R3.Corda: ChangeSet migration/node-info.changelog-init.xml::1511451595465-4::R3.Corda ran successfully in 0ms
?[m?[37m[INFO] 11:12:18,269 [Test worker] liquibase. - master.changelog.json: migration/node-info.changelog-init.xml::1511451595465-10::R3.Corda: Table node_info_hosts created
?[m?[37m[INFO] 11:12:18,269 [Test worker] liquibase. - master.changelog.json: migration/node-info.changelog-init.xml::1511451595465-10::R3.Corda: ChangeSet migration/node-info.changelog-init.xml::1511451595465-10::R3.Corda ran successfully in 0ms
?[m?[37m[INFO] 11:12:18,270 [Test worker] liquibase. - master.changelog.json: migration/node-info.changelog-init.xml::1511451595465-11::R3.Corda: Table node_info_party_cert created
?[m?[37m[INFO] 11:12:18,270 [Test worker] liquibase. - master.changelog.json: migration/node-info.changelog-init.xml::1511451595465-11::R3.Corda: ChangeSet migration/node-info.changelog-init.xml::1511451595465-11::R3.Corda ran successfully in 0ms
?[m?[37m[INFO] 11:12:18,271 [Test worker] liquibase. - master.changelog.json: migration/node-info.changelog-init.xml::1511451595465-12::R3.Corda: Table node_infos created
?[m?[37m[INFO] 11:12:18,271 [Test worker] liquibase. - master.changelog.json: migration/node-info.changelog-init.xml::1511451595465-12::R3.Corda: ChangeSet migration/node-info.changelog-init.xml::1511451595465-12::R3.Corda ran successfully in 0ms
?[m?[37m[INFO] 11:12:18,272 [Test worker] liquibase. - master.changelog.json: migration/node-info.changelog-init.xml::1511451595465-35::R3.Corda: Primary key added to node_info_hosts (host, port)
?[m?[37m[INFO] 11:12:18,272 [Test worker] liquibase. - master.changelog.json: migration/node-info.changelog-init.xml::1511451595465-35::R3.Corda: ChangeSet migration/node-info.changelog-init.xml::1511451595465-35::R3.Corda ran successfully in 1ms
?[m?[37m[INFO] 11:12:18,272 [Test worker] liquibase. - master.changelog.json: migration/node-info.changelog-init.xml::1511451595465-36::R3.Corda: Primary key added to node_info_party_cert (party_name)
?[m?[37m[INFO] 11:12:18,272 [Test worker] liquibase. - master.changelog.json: migration/node-info.changelog-init.xml::1511451595465-36::R3.Corda: ChangeSet migration/node-info.changelog-init.xml::1511451595465-36::R3.Corda ran successfully in 0ms
?[m?[37m[INFO] 11:12:18,273 [Test worker] liquibase. - master.changelog.json: migration/node-info.changelog-init.xml::1511451595465-37::R3.Corda: Primary key added to node_infos (node_info_id)
?[m?[37m[INFO] 11:12:18,273 [Test worker] liquibase. - master.changelog.json: migration/node-info.changelog-init.xml::1511451595465-37::R3.Corda: ChangeSet migration/node-info.changelog-init.xml::1511451595465-37::R3.Corda ran successfully in 0ms
?[m?[37m[INFO] 11:12:18,274 [Test worker] liquibase. - master.changelog.json: migration/node-info.changelog-init.xml::1511451595465-62::R3.Corda: Foreign key constraint added to node_link_nodeinfo_party (node_info_id)
?[m?[37m[INFO] 11:12:18,274 [Test worker] liquibase. - master.changelog.json: migration/node-info.changelog-init.xml::1511451595465-62::R3.Corda: ChangeSet migration/node-info.changelog-init.xml::1511451595465-62::R3.Corda ran successfully in 1ms
?[m?[37m[INFO] 11:12:18,275 [Test worker] liquibase. - master.changelog.json: migration/node-info.changelog-init.xml::1511451595465-63::R3.Corda: Foreign key constraint added to node_info_hosts (node_info_id)
?[m?[37m[INFO] 11:12:18,275 [Test worker] liquibase. - master.changelog.json: migration/node-info.changelog-init.xml::1511451595465-63::R3.Corda: ChangeSet migration/node-info.changelog-init.xml::1511451595465-63::R3.Corda ran successfully in 1ms
?[m?[37m[INFO] 11:12:18,276 [Test worker] liquibase. - master.changelog.json: migration/node-info.changelog-init.xml::remove_host_port_pk::R3.Corda: Data deleted from node_infos
?[m?[37m[INFO] 11:12:18,276 [Test worker] liquibase. - master.changelog.json: migration/node-info.changelog-init.xml::remove_host_port_pk::R3.Corda: Data deleted from node_link_nodeinfo_party
?[m?[37m[INFO] 11:12:18,276 [Test worker] liquibase. - master.changelog.json: migration/node-info.changelog-init.xml::remove_host_port_pk::R3.Corda: Data deleted from node_info_hosts
?[m?[37m[INFO] 11:12:18,276 [Test worker] liquibase. - master.changelog.json: migration/node-info.changelog-init.xml::remove_host_port_pk::R3.Corda: Data deleted from node_info_party_cert
?[m?[37m[INFO] 11:12:18,276 [Test worker] liquibase. - master.changelog.json: migration/node-info.changelog-init.xml::remove_host_port_pk::R3.Corda: Primary key dropped from node_info_hosts
?[m?[37m[INFO] 11:12:18,277 [Test worker] liquibase. - master.changelog.json: migration/node-info.changelog-init.xml::remove_host_port_pk::R3.Corda: Columns hosts_id(INT) added to node_info_hosts
?[m?[37m[INFO] 11:12:18,277 [Test worker] liquibase. - master.changelog.json: migration/node-info.changelog-init.xml::remove_host_port_pk::R3.Corda: Primary key added to node_info_hosts (hosts_id)
?[m?[37m[INFO] 11:12:18,277 [Test worker] liquibase. - master.changelog.json: migration/node-info.changelog-init.xml::remove_host_port_pk::R3.Corda: ChangeSet migration/node-info.changelog-init.xml::remove_host_port_pk::R3.Corda ran successfully in 1ms
?[m?[37m[INFO] 11:12:18,278 [Test worker] liquibase. - master.changelog.json: migration/node-info.changelog-v1.xml::key/value node properties table::R3.Corda: Table node_properties created
?[m?[37m[INFO] 11:12:18,278 [Test worker] liquibase. - master.changelog.json: migration/node-info.changelog-v1.xml::key/value node properties table::R3.Corda: ChangeSet migration/node-info.changelog-v1.xml::key/value node properties table::R3.Corda ran successfully in 1ms
?[m?[37m[INFO] 11:12:18,278 [Test worker] liquibase. - master.changelog.json: migration/node-info.changelog-v2.xml::1525962920::R3.Corda: Null constraint has been added to node_infos.node_info_hash
?[m?[37m[INFO] 11:12:18,278 [Test worker] liquibase. - master.changelog.json: migration/node-info.changelog-v2.xml::1525962920::R3.Corda: Null constraint has been added to node_infos.platform_version
?[m?[37m[INFO] 11:12:18,278 [Test worker] liquibase. - master.changelog.json: migration/node-info.changelog-v2.xml::1525962920::R3.Corda: Null constraint has been added to node_infos.serial
?[m?[37m[INFO] 11:12:18,279 [Test worker] liquibase. - master.changelog.json: migration/node-info.changelog-v2.xml::1525962920::R3.Corda: Null constraint dropped from node_info_hosts.host
?[m?[37m[INFO] 11:12:18,279 [Test worker] liquibase. - master.changelog.json: migration/node-info.changelog-v2.xml::1525962920::R3.Corda: Null constraint dropped from node_info_hosts.port
?[m?[37m[INFO] 11:12:18,279 [Test worker] liquibase. - master.changelog.json: migration/node-info.changelog-v2.xml::1525962920::R3.Corda: Null constraint has been added to node_info_party_cert.owning_key_hash
?[m?[37m[INFO] 11:12:18,279 [Test worker] liquibase. - master.changelog.json: migration/node-info.changelog-v2.xml::1525962920::R3.Corda: Null constraint has been added to node_info_party_cert.party_cert_binary
?[m?[37m[INFO] 11:12:18,279 [Test worker] liquibase. - master.changelog.json: migration/node-info.changelog-v2.xml::1525962920::R3.Corda: ChangeSet migration/node-info.changelog-v2.xml::1525962920::R3.Corda ran successfully in 1ms
?[m?[37m[INFO] 11:12:18,280 [Test worker] liquibase. - master.changelog.json: migration/node-info.changelog-v3.xml::column_host_name::R3.Corda: Column node_info_hosts.host renamed to host_name
?[m?[37m[INFO] 11:12:18,280 [Test worker] liquibase. - master.changelog.json: migration/node-info.changelog-v3.xml::column_host_name::R3.Corda: ChangeSet migration/node-info.changelog-v3.xml::column_host_name::R3.Corda ran successfully in 1ms
?[m?[37m[INFO] 11:12:18,280 [Test worker] liquibase. - master.changelog.json: migration/node-services.changelog-init.xml::1511451595465-5::R3.Corda: Table node_attachments created
?[m?[37m[INFO] 11:12:18,280 [Test worker] liquibase. - master.changelog.json: migration/node-services.changelog-init.xml::1511451595465-5::R3.Corda: ChangeSet migration/node-services.changelog-init.xml::1511451595465-5::R3.Corda ran successfully in 0ms
?[m?[37m[INFO] 11:12:18,281 [Test worker] liquibase. - master.changelog.json: migration/node-services.changelog-init.xml::1511451595465-7::R3.Corda: Table node_checkpoints created
?[m?[37m[INFO] 11:12:18,281 [Test worker] liquibase. - master.changelog.json: migration/node-services.changelog-init.xml::1511451595465-7::R3.Corda: ChangeSet migration/node-services.changelog-init.xml::1511451595465-7::R3.Corda ran successfully in 0ms
?[m?[37m[INFO] 11:12:18,282 [Test worker] liquibase. - master.changelog.json: migration/node-services.changelog-init.xml::1511451595465-8::R3.Corda: Table node_contract_upgrades created
?[m?[37m[INFO] 11:12:18,282 [Test worker] liquibase. - master.changelog.json: migration/node-services.changelog-init.xml::1511451595465-8::R3.Corda: ChangeSet migration/node-services.changelog-init.xml::1511451595465-8::R3.Corda ran successfully in 1ms
?[m?[37m[INFO] 11:12:18,282 [Test worker] liquibase. - master.changelog.json: migration/node-services.changelog-init.xml::1511451595465-9::R3.Corda: Table node_identities created
?[m?[37m[INFO] 11:12:18,282 [Test worker] liquibase. - master.changelog.json: migration/node-services.changelog-init.xml::1511451595465-9::R3.Corda: ChangeSet migration/node-services.changelog-init.xml::1511451595465-9::R3.Corda ran successfully in 0ms
?[m?[37m[INFO] 11:12:18,283 [Test worker] liquibase. - master.changelog.json: migration/node-services.changelog-init.xml::1511451595465-13::R3.Corda: Table node_message_ids created
?[m?[37m[INFO] 11:12:18,283 [Test worker] liquibase. - master.changelog.json: migration/node-services.changelog-init.xml::1511451595465-13::R3.Corda: ChangeSet migration/node-services.changelog-init.xml::1511451595465-13::R3.Corda ran successfully in 0ms
?[m?[37m[INFO] 11:12:18,284 [Test worker] liquibase. - master.changelog.json: migration/node-services.changelog-init.xml::1511451595465-14::R3.Corda: Table node_message_retry created
?[m?[37m[INFO] 11:12:18,284 [Test worker] liquibase. - master.changelog.json: migration/node-services.changelog-init.xml::1511451595465-14::R3.Corda: ChangeSet migration/node-services.changelog-init.xml::1511451595465-14::R3.Corda ran successfully in 0ms
?[m?[37m[INFO] 11:12:18,284 [Test worker] liquibase. - master.changelog.json: migration/node-services.changelog-init.xml::1511451595465-15::R3.Corda: Table node_named_identities created
?[m?[37m[INFO] 11:12:18,284 [Test worker] liquibase. - master.changelog.json: migration/node-services.changelog-init.xml::1511451595465-15::R3.Corda: ChangeSet migration/node-services.changelog-init.xml::1511451595465-15::R3.Corda ran successfully in 0ms
?[m?[37m[INFO] 11:12:18,285 [Test worker] liquibase. - master.changelog.json: migration/node-services.changelog-init.xml::1511451595465-17::R3.Corda: Table node_our_key_pairs created
?[m?[37m[INFO] 11:12:18,285 [Test worker] liquibase. - master.changelog.json: migration/node-services.changelog-init.xml::1511451595465-17::R3.Corda: ChangeSet migration/node-services.changelog-init.xml::1511451595465-17::R3.Corda ran successfully in 0ms
?[m?[37m[INFO] 11:12:18,286 [Test worker] liquibase. - master.changelog.json: migration/node-services.changelog-init.xml::1511451595465-19::R3.Corda: Table node_scheduled_states created
?[m?[37m[INFO] 11:12:18,286 [Test worker] liquibase. - master.changelog.json: migration/node-services.changelog-init.xml::1511451595465-19::R3.Corda: ChangeSet migration/node-services.changelog-init.xml::1511451595465-19::R3.Corda ran successfully in 0ms
?[m?[37m[INFO] 11:12:18,287 [Test worker] liquibase. - master.changelog.json: migration/node-services.changelog-init.xml::1511451595465-20::R3.Corda: Table node_transaction_mappings created
?[m?[37m[INFO] 11:12:18,287 [Test worker] liquibase. - master.changelog.json: migration/node-services.changelog-init.xml::1511451595465-20::R3.Corda: ChangeSet migration/node-services.changelog-init.xml::1511451595465-20::R3.Corda ran successfully in 0ms
?[m?[37m[INFO] 11:12:18,288 [Test worker] liquibase. - master.changelog.json: migration/node-services.changelog-init.xml::1511451595465-21::R3.Corda: Table node_transactions created
?[m?[37m[INFO] 11:12:18,288 [Test worker] liquibase. - master.changelog.json: migration/node-services.changelog-init.xml::1511451595465-21::R3.Corda: ChangeSet migration/node-services.changelog-init.xml::1511451595465-21::R3.Corda ran successfully in 0ms
?[m?[37m[INFO] 11:12:18,289 [Test worker] liquibase. - master.changelog.json: migration/node-services.changelog-init.xml::1511451595465-30::R3.Corda: Primary key added to node_attachments (att_id)
?[m?[37m[INFO] 11:12:18,289 [Test worker] liquibase. - master.changelog.json: migration/node-services.changelog-init.xml::1511451595465-30::R3.Corda: ChangeSet migration/node-services.changelog-init.xml::1511451595465-30::R3.Corda ran successfully in 0ms
?[m?[37m[INFO] 11:12:18,290 [Test worker] liquibase. - master.changelog.json: migration/node-services.changelog-init.xml::1511451595465-32::R3.Corda: Primary key added to node_checkpoints (checkpoint_id)
?[m?[37m[INFO] 11:12:18,290 [Test worker] liquibase. - master.changelog.json: migration/node-services.changelog-init.xml::1511451595465-32::R3.Corda: ChangeSet migration/node-services.changelog-init.xml::1511451595465-32::R3.Corda ran successfully in 0ms
?[m?[37m[INFO] 11:12:18,291 [Test worker] liquibase. - master.changelog.json: migration/node-services.changelog-init.xml::1511451595465-33::R3.Corda: Primary key added to node_contract_upgrades (state_ref)
?[m?[37m[INFO] 11:12:18,291 [Test worker] liquibase. - master.changelog.json: migration/node-services.changelog-init.xml::1511451595465-33::R3.Corda: ChangeSet migration/node-services.changelog-init.xml::1511451595465-33::R3.Corda ran successfully in 0ms
?[m?[37m[INFO] 11:12:18,292 [Test worker] liquibase. - master.changelog.json: migration/node-services.changelog-init.xml::1511451595465-34::R3.Corda: Primary key added to node_identities (pk_hash)
?[m?[37m[INFO] 11:12:18,292 [Test worker] liquibase. - master.changelog.json: migration/node-services.changelog-init.xml::1511451595465-34::R3.Corda: ChangeSet migration/node-services.changelog-init.xml::1511451595465-34::R3.Corda ran successfully in 0ms
?[m?[37m[INFO] 11:12:18,293 [Test worker] liquibase. - master.changelog.json: migration/node-services.changelog-init.xml::1511451595465-38::R3.Corda: Primary key added to node_message_ids (message_id)
?[m?[37m[INFO] 11:12:18,293 [Test worker] liquibase. - master.changelog.json: migration/node-services.changelog-init.xml::1511451595465-38::R3.Corda: ChangeSet migration/node-services.changelog-init.xml::1511451595465-38::R3.Corda ran successfully in 1ms
?[m?[37m[INFO] 11:12:18,293 [Test worker] liquibase. - master.changelog.json: migration/node-services.changelog-init.xml::1511451595465-39::R3.Corda: Primary key added to node_message_retry (message_id)
?[m?[37m[INFO] 11:12:18,293 [Test worker] liquibase. - master.changelog.json: migration/node-services.changelog-init.xml::1511451595465-39::R3.Corda: ChangeSet migration/node-services.changelog-init.xml::1511451595465-39::R3.Corda ran successfully in 0ms
?[m?[37m[INFO] 11:12:18,294 [Test worker] liquibase. - master.changelog.json: migration/node-services.changelog-init.xml::1511451595465-40::R3.Corda: Primary key added to node_named_identities (name)
?[m?[37m[INFO] 11:12:18,294 [Test worker] liquibase. - master.changelog.json: migration/node-services.changelog-init.xml::1511451595465-40::R3.Corda: ChangeSet migration/node-services.changelog-init.xml::1511451595465-40::R3.Corda ran successfully in 0ms
?[m?[37m[INFO] 11:12:18,295 [Test worker] liquibase. - master.changelog.json: migration/node-services.changelog-init.xml::1511451595465-42::R3.Corda: Primary key added to node_our_key_pairs (public_key_hash)
?[m?[37m[INFO] 11:12:18,295 [Test worker] liquibase. - master.changelog.json: migration/node-services.changelog-init.xml::1511451595465-42::R3.Corda: ChangeSet migration/node-services.changelog-init.xml::1511451595465-42::R3.Corda ran successfully in 0ms
?[m?[37m[INFO] 11:12:18,295 [Test worker] liquibase. - master.changelog.json: migration/node-services.changelog-init.xml::1511451595465-44::R3.Corda: Primary key added to node_scheduled_states (output_index, transaction_id)
?[m?[37m[INFO] 11:12:18,295 [Test worker] liquibase. - master.changelog.json: migration/node-services.changelog-init.xml::1511451595465-44::R3.Corda: ChangeSet migration/node-services.changelog-init.xml::1511451595465-44::R3.Corda ran successfully in 0ms
?[m?[37m[INFO] 11:12:18,296 [Test worker] liquibase. - master.changelog.json: migration/node-services.changelog-init.xml::1511451595465-45::R3.Corda: Primary key added to node_transaction_mappings (tx_id)
?[m?[37m[INFO] 11:12:18,296 [Test worker] liquibase. - master.changelog.json: migration/node-services.changelog-init.xml::1511451595465-45::R3.Corda: ChangeSet migration/node-services.changelog-init.xml::1511451595465-45::R3.Corda ran successfully in 0ms
?[m?[37m[INFO] 11:12:18,297 [Test worker] liquibase. - master.changelog.json: migration/node-services.changelog-init.xml::1511451595465-46::R3.Corda: Primary key added to node_transactions (tx_id)
?[m?[37m[INFO] 11:12:18,297 [Test worker] liquibase. - master.changelog.json: migration/node-services.changelog-init.xml::1511451595465-46::R3.Corda: ChangeSet migration/node-services.changelog-init.xml::1511451595465-46::R3.Corda ran successfully in 0ms
?[m?[37m[INFO] 11:12:18,298 [Test worker] liquibase. - master.changelog.json: migration/node-services.changelog-init.xml::1511451595465-61::R3.Corda: Foreign key constraint added to node_link_nodeinfo_party (party_name)
?[m?[37m[INFO] 11:12:18,298 [Test worker] liquibase. - master.changelog.json: migration/node-services.changelog-init.xml::1511451595465-61::R3.Corda: ChangeSet migration/node-services.changelog-init.xml::1511451595465-61::R3.Corda ran successfully in 1ms
?[m?[37m[INFO] 11:12:18,299 [Test worker] liquibase. - master.changelog.json: migration/node-services.changelog-init.xml::add index att_id::R3.Corda: Index att_id_idx created
?[m?[37m[INFO] 11:12:18,299 [Test worker] liquibase. - master.changelog.json: migration/node-services.changelog-init.xml::add index att_id::R3.Corda: ChangeSet migration/node-services.changelog-init.xml::add index att_id::R3.Corda ran successfully in 1ms
?[m?[37m[INFO] 11:12:18,299 [Test worker] liquibase. - master.changelog.json: migration/node-services.changelog-init.xml::add_contract_attachment::R3.Corda: Table node_attchments_contracts created
?[m?[37m[INFO] 11:12:18,300 [Test worker] liquibase. - master.changelog.json: migration/node-services.changelog-init.xml::add_contract_attachment::R3.Corda: Foreign key constraint added to node_attchments_contracts (att_id)
?[m?[37m[INFO] 11:12:18,300 [Test worker] liquibase. - master.changelog.json: migration/node-services.changelog-init.xml::add_contract_attachment::R3.Corda: Data deleted from node_attachments
?[m?[37m[INFO] 11:12:18,300 [Test worker] liquibase. - master.changelog.json: migration/node-services.changelog-init.xml::add_contract_attachment::R3.Corda: ChangeSet migration/node-services.changelog-init.xml::add_contract_attachment::R3.Corda ran successfully in 1ms
?[m?[37m[INFO] 11:12:18,301 [Test worker] liquibase. - master.changelog.json: migration/node-services.changelog-init.xml::add_dedup_columns::R3.Corda: Columns sender(NVARCHAR(64)),sequence_number(BIGINT) added to node_message_ids
?[m?[37m[INFO] 11:12:18,301 [Test worker] liquibase. - master.changelog.json: migration/node-services.changelog-init.xml::add_dedup_columns::R3.Corda: ChangeSet migration/node-services.changelog-init.xml::add_dedup_columns::R3.Corda ran successfully in 1ms
?[m?[37m[INFO] 11:12:18,302 [Test worker] liquibase. - master.changelog.json: migration/node-core.changelog-v4.xml::attchments_rename::R3.Corda: Table node_attchments_contracts renamed to node_attachments_contracts
?[m?[37m[INFO] 11:12:18,302 [Test worker] liquibase. - master.changelog.json: migration/node-core.changelog-v4.xml::attchments_rename::R3.Corda: ChangeSet migration/node-core.changelog-v4.xml::attchments_rename::R3.Corda ran successfully in 0ms
?[m?[37m[INFO] 11:12:18,303 [Test worker] liquibase. - master.changelog.json: migration/node-core.changelog-v4.xml::nullability::R3.Corda: Null constraint has been added to node_identities.identity_value
?[m?[37m[INFO] 11:12:18,303 [Test worker] liquibase. - master.changelog.json: migration/node-core.changelog-v4.xml::nullability::R3.Corda: Null constraint has been added to node_attachments.content
?[m?[37m[INFO] 11:12:18,303 [Test worker] liquibase. - master.changelog.json: migration/node-core.changelog-v4.xml::nullability::R3.Corda: Null constraint has been added to node_attachments_contracts.contract_class_name
?[m?[37m[INFO] 11:12:18,303 [Test worker] liquibase. - master.changelog.json: migration/node-core.changelog-v4.xml::nullability::R3.Corda: Null constraint has been added to node_checkpoints.checkpoint_value
?[m?[37m[INFO] 11:12:18,303 [Test worker] liquibase. - master.changelog.json: migration/node-core.changelog-v4.xml::nullability::R3.Corda: Null constraint has been added to node_contract_upgrades.contract_class_name
?[m?[37m[INFO] 11:12:18,303 [Test worker] liquibase. - master.changelog.json: migration/node-core.changelog-v4.xml::nullability::R3.Corda: Null constraint has been added to node_message_ids.insertion_time
?[m?[37m[INFO] 11:12:18,303 [Test worker] liquibase. - master.changelog.json: migration/node-core.changelog-v4.xml::nullability::R3.Corda: Null constraint has been added to node_message_retry.message
?[m?[37m[INFO] 11:12:18,304 [Test worker] liquibase. - master.changelog.json: migration/node-core.changelog-v4.xml::nullability::R3.Corda: Null constraint has been added to node_message_retry.recipients
?[m?[37m[INFO] 11:12:18,304 [Test worker] liquibase. - master.changelog.json: migration/node-core.changelog-v4.xml::nullability::R3.Corda: Null constraint has been added to node_named_identities.pk_hash
?[m?[37m[INFO] 11:12:18,304 [Test worker] liquibase. - master.changelog.json: migration/node-core.changelog-v4.xml::nullability::R3.Corda: Null constraint has been added to node_our_key_pairs.private_key
?[m?[37m[INFO] 11:12:18,304 [Test worker] liquibase. - master.changelog.json: migration/node-core.changelog-v4.xml::nullability::R3.Corda: Null constraint has been added to node_our_key_pairs.public_key
?[m?[37m[INFO] 11:12:18,304 [Test worker] liquibase. - master.changelog.json: migration/node-core.changelog-v4.xml::nullability::R3.Corda: Null constraint has been added to node_transaction_mappings.state_machine_run_id
?[m?[37m[INFO] 11:12:18,304 [Test worker] liquibase. - master.changelog.json: migration/node-core.changelog-v4.xml::nullability::R3.Corda: Null constraint has been added to node_transactions.transaction_value
?[m?[37m[INFO] 11:12:18,304 [Test worker] liquibase. - master.changelog.json: migration/node-core.changelog-v4.xml::nullability::R3.Corda: ChangeSet migration/node-core.changelog-v4.xml::nullability::R3.Corda ran successfully in 1ms
?[m?[37m[INFO] 11:12:18,305 [Test worker] liquibase. - master.changelog.json: migration/node-core.changelog-v5.xml::remove_unused_node_message_retry::R3.Corda: Table node_message_retry dropped
?[m?[37m[INFO] 11:12:18,305 [Test worker] liquibase. - master.changelog.json: migration/node-core.changelog-v5.xml::remove_unused_node_message_retry::R3.Corda: ChangeSet migration/node-core.changelog-v5.xml::remove_unused_node_message_retry::R3.Corda ran successfully in 0ms
?[m?[37m[INFO] 11:12:18,314 [Test worker] liquibase. - master.changelog.json: migration/node-core.changelog-v8.xml::conditional_attchments_rename::R3.Corda: Marking ChangeSet: migration/node-core.changelog-v8.xml::conditional_attchments_rename::R3.Corda ran despite precondition failure due to onFail='MARK_RAN': 
          master.changelog.json : Table PUBLIC.NODE_ATTCHMENTS_CONTRACTS does not exist

?[m?[37m[INFO] 11:12:18,320 [Test worker] liquibase. - master.changelog.json: migration/node-core.changelog-v8.xml::conditional_attchments_contracts::R3.Corda: Marking ChangeSet: migration/node-core.changelog-v8.xml::conditional_attchments_contracts::R3.Corda ran despite precondition failure due to onFail='MARK_RAN': 
          master.changelog.json : Table PUBLIC.NODE_ATTACHMENTS_CONTRACT_CLASS_NAME does not exist

?[m?[37m[INFO] 11:12:18,320 [Test worker] liquibase. - master.changelog.json: migration/node-core.changelog-v8.xml::add_signers::R3.Corda: Table node_attachments_signers created
?[m?[37m[INFO] 11:12:18,321 [Test worker] liquibase. - master.changelog.json: migration/node-core.changelog-v8.xml::add_signers::R3.Corda: Foreign key constraint added to node_attachments_signers (att_id)
?[m?[37m[INFO] 11:12:18,321 [Test worker] liquibase. - master.changelog.json: migration/node-core.changelog-v8.xml::add_signers::R3.Corda: ChangeSet migration/node-core.changelog-v8.xml::add_signers::R3.Corda ran successfully in 1ms
?[m?[37m[INFO] 11:12:18,322 [Test worker] liquibase. - master.changelog.json: migration/node-core.changelog-tx-mapping.xml::add_tx_mapping_column::R3.Corda: Columns state_machine_run_id(NVARCHAR(36)) added to node_transactions
?[m?[37m[INFO] 11:12:18,322 [Test worker] liquibase. - master.changelog.json: migration/node-core.changelog-tx-mapping.xml::add_tx_mapping_column::R3.Corda: Custom SQL executed
?[m?[37m[INFO] 11:12:18,322 [Test worker] liquibase. - master.changelog.json: migration/node-core.changelog-tx-mapping.xml::add_tx_mapping_column::R3.Corda: Table node_transaction_mappings dropped
?[m?[37m[INFO] 11:12:18,322 [Test worker] liquibase. - master.changelog.json: migration/node-core.changelog-tx-mapping.xml::add_tx_mapping_column::R3.Corda: ChangeSet migration/node-core.changelog-tx-mapping.xml::add_tx_mapping_column::R3.Corda ran successfully in 1ms
?[m?[37m[INFO] 11:12:18,323 [Test worker] liquibase. - master.changelog.json: migration/node-services.changelog-init.xml::add_network_parameters_storage::R3.Corda: Table node_network_parameters created
?[m?[37m[INFO] 11:12:18,323 [Test worker] liquibase. - master.changelog.json: migration/node-services.changelog-init.xml::add_network_parameters_storage::R3.Corda: ChangeSet migration/node-services.changelog-init.xml::add_network_parameters_storage::R3.Corda ran successfully in 0ms
?[m?[37m[INFO] 11:12:18,324 [Test worker] liquibase. - master.changelog.json: migration/node-services.changelog-init.xml::network_parameters_pk::R3.Corda: Primary key added to node_network_parameters (hash)
?[m?[37m[INFO] 11:12:18,324 [Test worker] liquibase. - master.changelog.json: migration/node-services.changelog-init.xml::network_parameters_pk::R3.Corda: ChangeSet migration/node-services.changelog-init.xml::network_parameters_pk::R3.Corda ran successfully in 0ms
?[m?[37m[INFO] 11:12:18,326 [Test worker] liquibase. - master.changelog.json: migration/node-services.changelog-init.xml::add_version_column::R3.Corda: Columns version(INT) added to node_attachments
?[m?[37m[INFO] 11:12:18,326 [Test worker] liquibase. - master.changelog.json: migration/node-services.changelog-init.xml::add_version_column::R3.Corda: Custom SQL executed
?[m?[37m[INFO] 11:12:18,326 [Test worker] liquibase. - master.changelog.json: migration/node-services.changelog-init.xml::add_version_column::R3.Corda: Null constraint has been added to node_attachments.version
?[m?[37m[INFO] 11:12:18,326 [Test worker] liquibase. - master.changelog.json: migration/node-services.changelog-init.xml::add_version_column::R3.Corda: ChangeSet migration/node-services.changelog-init.xml::add_version_column::R3.Corda ran successfully in 1ms
?[m?[37m[INFO] 11:12:18,327 [Test worker] persistence.AttachmentVersionNumberMigration. - Start executing...
?[m?[37m[INFO] 11:12:18,328 [Test worker] persistence.AttachmentVersionNumberMigration. - Attachment version creation from whitelisted JARs using network parameters from build/mock-network/20190407-151217.054/nodes/2/network-parameters, whitelistedContractImplementations: {}.
?[m?[37m[INFO] 11:12:18,328 [Test worker] persistence.AttachmentVersionNumberMigration. - Attachment version creation from whitelisted JARs skipped, no attachments not found.
?[m?[37m[INFO] 11:12:18,328 [Test worker] liquibase. - master.changelog.json: migration/node-services.changelog-init.xml::update-version-of-whitelisted-jars::R3.Corda: null
?[m?[37m[INFO] 11:12:18,328 [Test worker] liquibase. - master.changelog.json: migration/node-services.changelog-init.xml::update-version-of-whitelisted-jars::R3.Corda: ChangeSet migration/node-services.changelog-init.xml::update-version-of-whitelisted-jars::R3.Corda ran successfully in 1ms
?[m?[37m[INFO] 11:12:18,328 [Test worker] migration.VaultStateMigration. - Migrating vault state data to V4 tables
?[m?[37m[INFO] 11:12:18,329 [Test worker] persistence.HibernateConfiguration. - Init HibernateConfiguration for schemas: [VaultMigrationSchemaV1(name=net.corda.node.migration.VaultMigrationSchema, version=1), VaultSchemaV1(name=net.corda.node.services.vault.VaultSchema, version=1)]
?[m?[37m[INFO] 11:12:18,329 [Test worker] persistence.HibernateConfiguration. - Creating session factory for schemas: [VaultMigrationSchemaV1(name=net.corda.node.migration.VaultMigrationSchema, version=1), VaultSchemaV1(name=net.corda.node.services.vault.VaultSchema, version=1)]
?[m?[37m[INFO] 11:12:18,333 [Test worker] internal.ConnectionProviderInitiator. - HHH000130: Instantiating explicit connection provider: net.corda.nodeapi.internal.persistence.HibernateConfiguration$NodeDatabaseConnectionProvider
?[m?[37m[INFO] 11:12:18,333 [Test worker] dialect.Dialect. - HHH000400: Using dialect: org.hibernate.dialect.H2Dialect
?[m?[37m[INFO] 11:12:18,335 [Test worker] type.BasicTypeRegistry. - HHH000270: Type registration [materialized_blob] overrides previous : org.hibernate.type.MaterializedBlobType@13ae4c5f
?[m?[37m[INFO] 11:12:18,351 [Test worker] connections.access. - HHH10001501: Connection obtained from JdbcConnectionAccess [org.hibernate.engine.jdbc.env.internal.JdbcEnvironmentInitiator$ConnectionProviderJdbcConnectionAccess@1bcb2304] for (non-JTA) DDL execution was not in auto-commit mode; the Connection 'local transaction' will be committed and the Connection will be set into auto-commit mode.
?[m?[37m[INFO] 11:12:18,367 [Test worker] persistence.HibernateConfiguration. - Created session factory for schemas: [VaultMigrationSchemaV1(name=net.corda.node.migration.VaultMigrationSchema, version=1), VaultSchemaV1(name=net.corda.node.services.vault.VaultSchema, version=1)]
?[m?[37m[INFO] 11:12:18,368 [Test worker] internal.QueryTranslatorFactoryInitiator. - HHH000397: Using ASTQueryTranslatorFactory
?[m?[37m[INFO] 11:12:18,371 [Test worker] migration.VaultStateMigration. - Finished performing vault state data migration for 0 states
?[m?[37m[INFO] 11:12:18,371 [Test worker] liquibase. - master.changelog.json: migration/vault-schema.changelog-v9.xml::update-vault-states::R3.Corda: null
?[m?[37m[INFO] 11:12:18,371 [Test worker] liquibase. - master.changelog.json: migration/vault-schema.changelog-v9.xml::update-vault-states::R3.Corda: ChangeSet migration/vault-schema.changelog-v9.xml::update-vault-states::R3.Corda ran successfully in 43ms
?[m?[37m[INFO] 11:12:18,372 [Test worker] liquibase. - Successfully released change log lock
?[m?[37m[INFO] 11:12:18,372 [Test worker] internal.InternalMockNetwork$MockNode. - Connected to H2 database.
?[m?[37m[INFO] 11:12:18,372 [Test worker] internal.InternalMockNetwork$MockNode. - identity-private-key not found in key store, generating fresh key!
?[m?[37m[INFO] 11:12:18,383 [Test worker] persistence.HibernateConfiguration. - Init HibernateConfiguration for schemas: [CommonSchemaV1(name=net.corda.core.schemas.CommonSchema, version=1), VaultSchemaV1(name=net.corda.node.services.vault.VaultSchema, version=1), NodeInfoSchemaV1(name=net.corda.node.internal.schemas.NodeInfoSchema, version=1), NodeCoreV1(name=net.corda.node.services.schema.NodeSchemaService$NodeCore, version=1), FNOLSchemaV1(name=com.example.schema.FNOLSchema, version=1), IOUSchemaV1(name=com.example.schema.IOUSchema, version=1)]
?[m?[37m[INFO] 11:12:18,383 [Test worker] persistence.HibernateConfiguration. - Creating session factory for schemas: [CommonSchemaV1(name=net.corda.core.schemas.CommonSchema, version=1), VaultSchemaV1(name=net.corda.node.services.vault.VaultSchema, version=1), NodeInfoSchemaV1(name=net.corda.node.internal.schemas.NodeInfoSchema, version=1), NodeCoreV1(name=net.corda.node.services.schema.NodeSchemaService$NodeCore, version=1), FNOLSchemaV1(name=com.example.schema.FNOLSchema, version=1), IOUSchemaV1(name=com.example.schema.IOUSchema, version=1)]
?[m?[37m[INFO] 11:12:18,385 [Test worker] internal.ConnectionProviderInitiator. - HHH000130: Instantiating explicit connection provider: net.corda.nodeapi.internal.persistence.HibernateConfiguration$NodeDatabaseConnectionProvider
?[m?[37m[INFO] 11:12:18,386 [Test worker] dialect.Dialect. - HHH000400: Using dialect: org.hibernate.dialect.H2Dialect
?[m?[37m[INFO] 11:12:18,387 [Test worker] type.BasicTypeRegistry. - HHH000270: Type registration [materialized_blob] overrides previous : org.hibernate.type.MaterializedBlobType@13ae4c5f
?[m?[37m[INFO] 11:12:18,414 [Test worker] connections.access. - HHH10001501: Connection obtained from JdbcConnectionAccess [org.hibernate.engine.jdbc.env.internal.JdbcEnvironmentInitiator$ConnectionProviderJdbcConnectionAccess@2ebac254] for (non-JTA) DDL execution was not in auto-commit mode; the Connection 'local transaction' will be committed and the Connection will be set into auto-commit mode.
?[m?[37m[INFO] 11:12:18,441 [Test worker] persistence.HibernateConfiguration. - Created session factory for schemas: [CommonSchemaV1(name=net.corda.core.schemas.CommonSchema, version=1), VaultSchemaV1(name=net.corda.node.services.vault.VaultSchema, version=1), NodeInfoSchemaV1(name=net.corda.node.internal.schemas.NodeInfoSchema, version=1), NodeCoreV1(name=net.corda.node.services.schema.NodeSchemaService$NodeCore, version=1), FNOLSchemaV1(name=com.example.schema.FNOLSchema, version=1), IOUSchemaV1(name=com.example.schema.IOUSchema, version=1)]
?[m?[37m[INFO] 11:12:18,442 [Test worker] internal.QueryTranslatorFactoryInitiator. - HHH000397: Using ASTQueryTranslatorFactory
?[m?[37m[INFO] 11:12:18,444 [Test worker] internal.InternalMockNetwork$MockNode. - Node-info has changed so submitting update. Old node-info was null
?[m?[37m[INFO] 11:12:18,444 [Test worker] network.PersistentNetworkMapCache. - Adding node with info: NodeInfo(addresses=[mock.node:1000], legalIdentitiesAndCerts=[O=Mock Company 2, L=London, C=GB], platformVersion=4, serial=1554649938444)
?[m?[37m[INFO] 11:12:18,444 [Test worker] network.PersistentNetworkMapCache. - No previous node found
?[m?[37m[INFO] 11:12:18,447 [Test worker] internal.InternalMockNetwork$MockNode. - New node-info: NodeInfo(addresses=[mock.node:1000], legalIdentitiesAndCerts=[O=Mock Company 2, L=London, C=GB], platformVersion=4, serial=1554649938444)
?[m?[37m[INFO] 11:12:18,451 [Test worker] network.NetworkMapUpdater. - Auto-accept enabled for network parameter changes which modify only: [epoch, modifiedTime, packageOwnership, whitelistedContractImplementations]
?[m?[37m[INFO] 11:12:18,453 [MockNode-18-2] network.PersistentNetworkMapCache. - Adding node with info: NodeInfo(addresses=[mock.node:1000], legalIdentitiesAndCerts=[O=Mock Company 2, L=London, C=GB], platformVersion=4, serial=1554649938444)
?[m?[37m[INFO] 11:12:18,456 [MockNode-18-2] network.PersistentNetworkMapCache. - Previous node was identical to incoming one - doing nothing
?[m?[37m[INFO] 11:12:18,469 [Test worker] ClassloaderUtils. - Contracts loading for '/var/folders/5q/xy985yhj7rg30rc4c_z3gd4m0000gn/T/attachment7711471160584043602.jar' took 13 msec
?[m?[37m[INFO] 11:12:18,478 [Test worker] persistence.NodeAttachmentService. - Stored new attachment: id=B0DC6BB384D1A6B002EFC0F67EDD756DE1A1E8883DAE28EEB966064A6EF48F64 uploader=app filename=null
?[m?[37m[INFO] 11:12:18,481 [Test worker] statemachine.SingleThreadedStateMachineManager. - Node ready, info: NodeInfo(addresses=[mock.node:1000], legalIdentitiesAndCerts=[O=Mock Company 2, L=London, C=GB], platformVersion=4, serial=1554649938444)
?[m?[37m[INFO] 11:12:18,483 [Test worker] network.PersistentNetworkMapCache. - Adding node with info: NodeInfo(addresses=[mock.node:1000], legalIdentitiesAndCerts=[O=Notary Service, L=Zurich, C=CH], platformVersion=4, serial=1554649937521)
?[m?[37m[INFO] 11:12:18,483 [Test worker] network.PersistentNetworkMapCache. - No previous node found
?[m?[37m[INFO] 11:12:18,488 [Test worker] network.PersistentNetworkMapCache. - Adding node with info: NodeInfo(addresses=[mock.node:1000], legalIdentitiesAndCerts=[O=Mock Company 2, L=London, C=GB], platformVersion=4, serial=1554649938444)
?[m?[37m[INFO] 11:12:18,488 [Test worker] network.PersistentNetworkMapCache. - No previous node found
?[m?[37m[INFO] 11:12:18,493 [Test worker] network.PersistentNetworkMapCache. - Adding node with info: NodeInfo(addresses=[mock.node:1000], legalIdentitiesAndCerts=[O=Mock Company 1, L=London, C=GB], platformVersion=4, serial=1554649938009)
?[m?[37m[INFO] 11:12:18,493 [Test worker] network.PersistentNetworkMapCache. - No previous node found
?[m?[37m[INFO] 11:12:18,497 [Test worker] network.PersistentNetworkMapCache. - Adding node with info: NodeInfo(addresses=[mock.node:1000], legalIdentitiesAndCerts=[O=Mock Company 2, L=London, C=GB], platformVersion=4, serial=1554649938444)
?[m?[37m[INFO] 11:12:18,497 [Test worker] network.PersistentNetworkMapCache. - No previous node found
?[m?[37m[INFO] 11:12:18,502 [Test worker] network.PersistentNetworkMapCache. - Adding node with info: NodeInfo(addresses=[mock.node:1000], legalIdentitiesAndCerts=[O=Mock Company 2, L=London, C=GB], platformVersion=4, serial=1554649938444)
?[m?[37m[INFO] 11:12:18,502 [Test worker] network.PersistentNetworkMapCache. - Previous node was identical to incoming one - doing nothing
?[m?[37m[INFO] 11:12:18,502 [Test worker] network.PersistentNetworkMapCache. - Adding node with info: NodeInfo(addresses=[mock.node:1000], legalIdentitiesAndCerts=[O=Mock Company 2, L=London, C=GB], platformVersion=4, serial=1554649938444)
?[m?[37m[INFO] 11:12:18,502 [Test worker] network.PersistentNetworkMapCache. - Previous node was identical to incoming one - doing nothing
?[m?[31m[WARN] 11:12:18,502 [Test worker] internal.NodeFlowManager. - Multiple flows are registered for InitiatingFlow: class com.example.flow.ExampleFlow$Initiator, currently using: class com.example.flow.ExampleFlow$Acceptor
?[m?[37m[INFO] 11:12:18,502 [Test worker] internal.NodeFlowManager. - Registered com.example.flow.ExampleFlow$Initiator to initiate com.example.flow.ExampleFlow$Acceptor (version 1)
?[m?[31m[WARN] 11:12:18,502 [Test worker] internal.NodeFlowManager. - Multiple flows are registered for InitiatingFlow: class com.example.flow.ExampleFlow$Initiator, currently using: class com.example.flow.ExampleFlow$Acceptor
?[m?[37m[INFO] 11:12:18,502 [Test worker] internal.NodeFlowManager. - Registered com.example.flow.ExampleFlow$Initiator to initiate com.example.flow.ExampleFlow$Acceptor (version 1)
?[m?[31m[WARN] 11:12:19,237 [Mock network] corda.flow. - ProgressTracker has not been started {actor_id=Only For Testing, actor_owning_identity=O=Mock Company 1, L=London, C=GB, actor_store_id=TEST, fiber-id=10000010, flow-id=3e96c650-ef68-45ff-be12-a830f7d1ac9e, invocation_id=3a61c815-44f6-43a3-b536-ec3469ea3b7b, invocation_timestamp=2019-04-07T15:12:18.503Z, origin=Only For Testing, session_id=3a61c815-44f6-43a3-b536-ec3469ea3b7b, session_timestamp=2019-04-07T15:12:18.503Z, thread-id=1492}
?[m?[37m[INFO] 11:12:19,264 [Mock network] corda.flow. - Received transaction acknowledgement request from party O=Mock Company 1, L=London, C=GB. {fiber-id=10000011, flow-id=546490c1-558d-404b-b334-8d35a895c97e, invocation_id=2f1b4212-6310-4851-8c03-2d82caa31314, invocation_timestamp=2019-04-07T15:12:19.255Z, origin=O=Mock Company 1, L=London, C=GB, session_id=2f1b4212-6310-4851-8c03-2d82caa31314, session_timestamp=2019-04-07T15:12:19.255Z, thread-id=1492, tx_id=F6F82314A0321DDEB7EE658D044C42197232AF141F7CCFDD10117326C31F6A2C}
?[m?[31m[WARN] 11:12:19,264 [Mock network] corda.flow. - ProgressTracker has not been started {fiber-id=10000011, flow-id=546490c1-558d-404b-b334-8d35a895c97e, invocation_id=2f1b4212-6310-4851-8c03-2d82caa31314, invocation_timestamp=2019-04-07T15:12:19.255Z, origin=O=Mock Company 1, L=London, C=GB, session_id=2f1b4212-6310-4851-8c03-2d82caa31314, session_timestamp=2019-04-07T15:12:19.255Z, thread-id=1492, tx_id=F6F82314A0321DDEB7EE658D044C42197232AF141F7CCFDD10117326C31F6A2C}
?[m?[37m[INFO] 11:12:19,270 [Mock network] corda.flow. - Transaction dependencies resolution completed. {fiber-id=10000011, flow-id=546490c1-558d-404b-b334-8d35a895c97e, invocation_id=2f1b4212-6310-4851-8c03-2d82caa31314, invocation_timestamp=2019-04-07T15:12:19.255Z, origin=O=Mock Company 1, L=London, C=GB, session_id=2f1b4212-6310-4851-8c03-2d82caa31314, session_timestamp=2019-04-07T15:12:19.255Z, thread-id=1492, tx_id=F6F82314A0321DDEB7EE658D044C42197232AF141F7CCFDD10117326C31F6A2C}
?[m?[31m[WARN] 11:12:19,295 [Mock network] corda.flow. - ProgressTracker has not been started {fiber-id=10000011, flow-id=546490c1-558d-404b-b334-8d35a895c97e, invocation_id=2f1b4212-6310-4851-8c03-2d82caa31314, invocation_timestamp=2019-04-07T15:12:19.255Z, origin=O=Mock Company 1, L=London, C=GB, session_id=2f1b4212-6310-4851-8c03-2d82caa31314, session_timestamp=2019-04-07T15:12:19.255Z, thread-id=1492, tx_id=F6F82314A0321DDEB7EE658D044C42197232AF141F7CCFDD10117326C31F6A2C}
?[m?[37m[INFO] 11:12:19,303 [Mock network] corda.flow. - No need to notarise this transaction. {actor_id=Only For Testing, actor_owning_identity=O=Mock Company 1, L=London, C=GB, actor_store_id=TEST, fiber-id=10000010, flow-id=3e96c650-ef68-45ff-be12-a830f7d1ac9e, invocation_id=3a61c815-44f6-43a3-b536-ec3469ea3b7b, invocation_timestamp=2019-04-07T15:12:18.503Z, origin=Only For Testing, session_id=3a61c815-44f6-43a3-b536-ec3469ea3b7b, session_timestamp=2019-04-07T15:12:18.503Z, thread-id=1492, tx_id=F6F82314A0321DDEB7EE658D044C42197232AF141F7CCFDD10117326C31F6A2C}
?[m?[37m[INFO] 11:12:19,303 [Mock network] corda.flow. - Recording transaction locally. {actor_id=Only For Testing, actor_owning_identity=O=Mock Company 1, L=London, C=GB, actor_store_id=TEST, fiber-id=10000010, flow-id=3e96c650-ef68-45ff-be12-a830f7d1ac9e, invocation_id=3a61c815-44f6-43a3-b536-ec3469ea3b7b, invocation_timestamp=2019-04-07T15:12:18.503Z, origin=Only For Testing, session_id=3a61c815-44f6-43a3-b536-ec3469ea3b7b, session_timestamp=2019-04-07T15:12:18.503Z, thread-id=1492, tx_id=F6F82314A0321DDEB7EE658D044C42197232AF141F7CCFDD10117326C31F6A2C}
?[m?[37m[INFO] 11:12:19,310 [Mock network] corda.flow. - Recorded transaction locally successfully. {actor_id=Only For Testing, actor_owning_identity=O=Mock Company 1, L=London, C=GB, actor_store_id=TEST, fiber-id=10000010, flow-id=3e96c650-ef68-45ff-be12-a830f7d1ac9e, invocation_id=3a61c815-44f6-43a3-b536-ec3469ea3b7b, invocation_timestamp=2019-04-07T15:12:18.503Z, origin=Only For Testing, session_id=3a61c815-44f6-43a3-b536-ec3469ea3b7b, session_timestamp=2019-04-07T15:12:18.503Z, thread-id=1492, tx_id=F6F82314A0321DDEB7EE658D044C42197232AF141F7CCFDD10117326C31F6A2C}
?[m?[37m[INFO] 11:12:19,317 [Mock network] corda.flow. - Received transaction acknowledgement request from party O=Mock Company 1, L=London, C=GB. {fiber-id=10000011, flow-id=546490c1-558d-404b-b334-8d35a895c97e, invocation_id=2f1b4212-6310-4851-8c03-2d82caa31314, invocation_timestamp=2019-04-07T15:12:19.255Z, origin=O=Mock Company 1, L=London, C=GB, session_id=2f1b4212-6310-4851-8c03-2d82caa31314, session_timestamp=2019-04-07T15:12:19.255Z, thread-id=1492, tx_id=F6F82314A0321DDEB7EE658D044C42197232AF141F7CCFDD10117326C31F6A2C}
?[m?[31m[WARN] 11:12:19,317 [Mock network] corda.flow. - ProgressTracker has not been started {fiber-id=10000011, flow-id=546490c1-558d-404b-b334-8d35a895c97e, invocation_id=2f1b4212-6310-4851-8c03-2d82caa31314, invocation_timestamp=2019-04-07T15:12:19.255Z, origin=O=Mock Company 1, L=London, C=GB, session_id=2f1b4212-6310-4851-8c03-2d82caa31314, session_timestamp=2019-04-07T15:12:19.255Z, thread-id=1492, tx_id=F6F82314A0321DDEB7EE658D044C42197232AF141F7CCFDD10117326C31F6A2C}
?[m?[37m[INFO] 11:12:19,321 [Mock network] corda.flow. - Transaction dependencies resolution completed. {fiber-id=10000011, flow-id=546490c1-558d-404b-b334-8d35a895c97e, invocation_id=2f1b4212-6310-4851-8c03-2d82caa31314, invocation_timestamp=2019-04-07T15:12:19.255Z, origin=O=Mock Company 1, L=London, C=GB, session_id=2f1b4212-6310-4851-8c03-2d82caa31314, session_timestamp=2019-04-07T15:12:19.255Z, thread-id=1492, tx_id=F6F82314A0321DDEB7EE658D044C42197232AF141F7CCFDD10117326C31F6A2C}
?[m?[37m[INFO] 11:12:19,324 [Mock network] corda.flow. - Successfully received fully signed tx. Sending it to the vault for processing. {fiber-id=10000011, flow-id=546490c1-558d-404b-b334-8d35a895c97e, invocation_id=2f1b4212-6310-4851-8c03-2d82caa31314, invocation_timestamp=2019-04-07T15:12:19.255Z, origin=O=Mock Company 1, L=London, C=GB, session_id=2f1b4212-6310-4851-8c03-2d82caa31314, session_timestamp=2019-04-07T15:12:19.255Z, thread-id=1492, tx_id=F6F82314A0321DDEB7EE658D044C42197232AF141F7CCFDD10117326C31F6A2C}
?[m?[37m[INFO] 11:12:19,327 [Mock network] corda.flow. - Successfully recorded received transaction locally. {fiber-id=10000011, flow-id=546490c1-558d-404b-b334-8d35a895c97e, invocation_id=2f1b4212-6310-4851-8c03-2d82caa31314, invocation_timestamp=2019-04-07T15:12:19.255Z, origin=O=Mock Company 1, L=London, C=GB, session_id=2f1b4212-6310-4851-8c03-2d82caa31314, session_timestamp=2019-04-07T15:12:19.255Z, thread-id=1492, tx_id=F6F82314A0321DDEB7EE658D044C42197232AF141F7CCFDD10117326C31F6A2C}
?[m?[37m[INFO] 11:12:19,333 [Mock network] corda.flow. - Party O=Mock Company 2, L=London, C=GB received the transaction. {actor_id=Only For Testing, actor_owning_identity=O=Mock Company 1, L=London, C=GB, actor_store_id=TEST, fiber-id=10000010, flow-id=3e96c650-ef68-45ff-be12-a830f7d1ac9e, invocation_id=3a61c815-44f6-43a3-b536-ec3469ea3b7b, invocation_timestamp=2019-04-07T15:12:18.503Z, origin=Only For Testing, session_id=3a61c815-44f6-43a3-b536-ec3469ea3b7b, session_timestamp=2019-04-07T15:12:18.503Z, thread-id=1492, tx_id=F6F82314A0321DDEB7EE658D044C42197232AF141F7CCFDD10117326C31F6A2C}
?[m?[37m[INFO] 11:12:19,333 [Mock network] corda.flow. - All parties received the transaction successfully. {actor_id=Only For Testing, actor_owning_identity=O=Mock Company 1, L=London, C=GB, actor_store_id=TEST, fiber-id=10000010, flow-id=3e96c650-ef68-45ff-be12-a830f7d1ac9e, invocation_id=3a61c815-44f6-43a3-b536-ec3469ea3b7b, invocation_timestamp=2019-04-07T15:12:18.503Z, origin=Only For Testing, session_id=3a61c815-44f6-43a3-b536-ec3469ea3b7b, session_timestamp=2019-04-07T15:12:18.503Z, thread-id=1492, tx_id=F6F82314A0321DDEB7EE658D044C42197232AF141F7CCFDD10117326C31F6A2C}
?[m?[37m[INFO] 11:12:19,383 [Test worker] pool.HikariPool. - HikariPool-16 - Close initiated...
?[m?[37m[INFO] 11:12:19,384 [Test worker] pool.HikariPool. - HikariPool-16 - Closed.
?[m?[37m[INFO] 11:12:19,384 [Test worker] pool.HikariPool. - HikariPool-17 - Close initiated...
?[m?[37m[INFO] 11:12:19,386 [Test worker] pool.HikariPool. - HikariPool-17 - Closed.
?[m?[37m[INFO] 11:12:19,386 [Test worker] pool.HikariPool. - HikariPool-18 - Close initiated...
?[m]]></system-out>
  <system-err><![CDATA[]]></system-err>
</testsuite>
